<?xml version="1.0" encoding="UTF-8"?>
<!-- Generated by org.testng.reporters.JUnitReportReporter -->
<testsuite skipped="0" hostname="ASUS" name="com.bank.testsuite.BankTest" tests="5" failures="0" timestamp="2022-12-13T19:38:31 GMT" time="41.778" errors="3">
  <testcase name="customerShouldLoginAndLogoutSuccessfully" time="9.317" classname="com.bank.testsuite.BankTest">
    <error type="java.lang.StackOverflowError">
      <![CDATA[java.lang.StackOverflowError
at java.util.regex.Pattern$CharProperty.match(Pattern.java:3776)
at java.util.regex.Pattern$GroupHead.match(Pattern.java:4658)
at java.util.regex.Pattern$Branch.match(Pattern.java:4602)
at java.util.regex.Pattern$Branch.match(Pattern.java:4602)
at java.util.regex.Pattern$Branch.match(Pattern.java:4602)
at java.util.regex.Pattern$BranchConn.match(Pattern.java:4568)
at java.util.regex.Pattern$GroupTail.match(Pattern.java:4717)
at java.util.regex.Pattern$Curly.match0(Pattern.java:4279)
at java.util.regex.Pattern$Curly.match(Pattern.java:4234)
at java.util.regex.Pattern$GroupHead.match(Pattern.java:4658)
at java.util.regex.Pattern$Branch.match(Pattern.java:4604)
at java.util.regex.Pattern$Branch.match(Pattern.java:4602)
at java.util.regex.Pattern$BmpCharProperty.match(Pattern.java:3798)
at java.util.regex.Pattern$Start.match(Pattern.java:3461)
at java.util.regex.Matcher.search(Matcher.java:1248)
at java.util.regex.Matcher.find(Matcher.java:664)
at java.util.Formatter.parse(Formatter.java:2549)
at java.util.Formatter.format(Formatter.java:2501)
at java.util.Formatter.format(Formatter.java:2455)
at java.lang.String.format(String.java:2940)
at org.openqa.selenium.remote.RemoteWebElement.toString(RemoteWebElement.java:410)
at sun.reflect.GeneratedMethodAccessor1.invoke(Unknown Source)
at sun.reflect.DelegatingMethodAccessorImpl.invoke(DelegatingMethodAccessorImpl.java:43)
at java.lang.reflect.Method.invoke(Method.java:498)
at org.openqa.selenium.support.pagefactory.internal.LocatingElementHandler.invoke(LocatingElementHandler.java:52)
at com.sun.proxy.$Proxy15.toString(Unknown Source)
at java.lang.String.valueOf(String.java:2994)
at java.lang.StringBuilder.append(StringBuilder.java:131)
at com.bank.pages.CustomerLoginPage.verifyLogoutTab(CustomerLoginPage.java:52)
at com.bank.pages.CustomerLoginPage.verifyLogoutTab(CustomerLoginPage.java:53)
at com.bank.pages.CustomerLoginPage.verifyLogoutTab(CustomerLoginPage.java:53)
at com.bank.pages.CustomerLoginPage.verifyLogoutTab(CustomerLoginPage.java:53)
at com.bank.pages.CustomerLoginPage.verifyLogoutTab(CustomerLoginPage.java:53)
at com.bank.pages.CustomerLoginPage.verifyLogoutTab(CustomerLoginPage.java:53)
at com.bank.pages.CustomerLoginPage.verifyLogoutTab(CustomerLoginPage.java:53)
at com.bank.pages.CustomerLoginPage.verifyLogoutTab(CustomerLoginPage.java:53)
at com.bank.pages.CustomerLoginPage.verifyLogoutTab(CustomerLoginPage.java:53)
at com.bank.pages.CustomerLoginPage.verifyLogoutTab(CustomerLoginPage.java:53)
at com.bank.pages.CustomerLoginPage.verifyLogoutTab(CustomerLoginPage.java:53)
at com.bank.pages.CustomerLoginPage.verifyLogoutTab(CustomerLoginPage.java:53)
at com.bank.pages.CustomerLoginPage.verifyLogoutTab(CustomerLoginPage.java:53)
at com.bank.pages.CustomerLoginPage.verifyLogoutTab(CustomerLoginPage.java:53)
at com.bank.pages.CustomerLoginPage.verifyLogoutTab(CustomerLoginPage.java:53)
at com.bank.pages.CustomerLoginPage.verifyLogoutTab(CustomerLoginPage.java:53)
at com.bank.pages.CustomerLoginPage.verifyLogoutTab(CustomerLoginPage.java:53)
at com.bank.pages.CustomerLoginPage.verifyLogoutTab(CustomerLoginPage.java:53)
at com.bank.pages.CustomerLoginPage.verifyLogoutTab(CustomerLoginPage.java:53)
at com.bank.pages.CustomerLoginPage.verifyLogoutTab(CustomerLoginPage.java:53)
at com.bank.pages.CustomerLoginPage.verifyLogoutTab(CustomerLoginPage.java:53)
at com.bank.pages.CustomerLoginPage.verifyLogoutTab(CustomerLoginPage.java:53)
at com.bank.pages.CustomerLoginPage.verifyLogoutTab(CustomerLoginPage.java:53)
at com.bank.pages.CustomerLoginPage.verifyLogoutTab(CustomerLoginPage.java:53)
at com.bank.pages.CustomerLoginPage.verifyLogoutTab(CustomerLoginPage.java:53)
at com.bank.pages.CustomerLoginPage.verifyLogoutTab(CustomerLoginPage.java:53)
at com.bank.pages.CustomerLoginPage.verifyLogoutTab(CustomerLoginPage.java:53)
at com.bank.pages.CustomerLoginPage.verifyLogoutTab(CustomerLoginPage.java:53)
at com.bank.pages.CustomerLoginPage.verifyLogoutTab(CustomerLoginPage.java:53)
at com.bank.pages.CustomerLoginPage.verifyLogoutTab(CustomerLoginPage.java:53)
at com.bank.pages.CustomerLoginPage.verifyLogoutTab(CustomerLoginPage.java:53)
at com.bank.pages.CustomerLoginPage.verifyLogoutTab(CustomerLoginPage.java:53)
at com.bank.pages.CustomerLoginPage.verifyLogoutTab(CustomerLoginPage.java:53)
at com.bank.pages.CustomerLoginPage.verifyLogoutTab(CustomerLoginPage.java:53)
at com.bank.pages.CustomerLoginPage.verifyLogoutTab(CustomerLoginPage.java:53)
at com.bank.pages.CustomerLoginPage.verifyLogoutTab(CustomerLoginPage.java:53)
at com.bank.pages.CustomerLoginPage.verifyLogoutTab(CustomerLoginPage.java:53)
at com.bank.pages.CustomerLoginPage.verifyLogoutTab(CustomerLoginPage.java:53)
at com.bank.pages.CustomerLoginPage.verifyLogoutTab(CustomerLoginPage.java:53)
at com.bank.pages.CustomerLoginPage.verifyLogoutTab(CustomerLoginPage.java:53)
at com.bank.pages.CustomerLoginPage.verifyLogoutTab(CustomerLoginPage.java:53)
at com.bank.pages.CustomerLoginPage.verifyLogoutTab(CustomerLoginPage.java:53)
at com.bank.pages.CustomerLoginPage.verifyLogoutTab(CustomerLoginPage.java:53)
at com.bank.pages.CustomerLoginPage.verifyLogoutTab(CustomerLoginPage.java:53)
at com.bank.pages.CustomerLoginPage.verifyLogoutTab(CustomerLoginPage.java:53)
at com.bank.pages.CustomerLoginPage.verifyLogoutTab(CustomerLoginPage.java:53)
at com.bank.pages.CustomerLoginPage.verifyLogoutTab(CustomerLoginPage.java:53)
at com.bank.pages.CustomerLoginPage.verifyLogoutTab(CustomerLoginPage.java:53)
at com.bank.pages.CustomerLoginPage.verifyLogoutTab(CustomerLoginPage.java:53)
at com.bank.pages.CustomerLoginPage.verifyLogoutTab(CustomerLoginPage.java:53)
at com.bank.pages.CustomerLoginPage.verifyLogoutTab(CustomerLoginPage.java:53)
at com.bank.pages.CustomerLoginPage.verifyLogoutTab(CustomerLoginPage.java:53)
at com.bank.pages.CustomerLoginPage.verifyLogoutTab(CustomerLoginPage.java:53)
at com.bank.pages.CustomerLoginPage.verifyLogoutTab(CustomerLoginPage.java:53)
at com.bank.pages.CustomerLoginPage.verifyLogoutTab(CustomerLoginPage.java:53)
at com.bank.pages.CustomerLoginPage.verifyLogoutTab(CustomerLoginPage.java:53)
at com.bank.pages.CustomerLoginPage.verifyLogoutTab(CustomerLoginPage.java:53)
at com.bank.pages.CustomerLoginPage.verifyLogoutTab(CustomerLoginPage.java:53)
at com.bank.pages.CustomerLoginPage.verifyLogoutTab(CustomerLoginPage.java:53)
at com.bank.pages.CustomerLoginPage.verifyLogoutTab(CustomerLoginPage.java:53)
at com.bank.pages.CustomerLoginPage.verifyLogoutTab(CustomerLoginPage.java:53)
at com.bank.pages.CustomerLoginPage.verifyLogoutTab(CustomerLoginPage.java:53)
at com.bank.pages.CustomerLoginPage.verifyLogoutTab(CustomerLoginPage.java:53)
at com.bank.pages.CustomerLoginPage.verifyLogoutTab(CustomerLoginPage.java:53)
at com.bank.pages.CustomerLoginPage.verifyLogoutTab(CustomerLoginPage.java:53)
at com.bank.pages.CustomerLoginPage.verifyLogoutTab(CustomerLoginPage.java:53)
at com.bank.pages.CustomerLoginPage.verifyLogoutTab(CustomerLoginPage.java:53)
at com.bank.pages.CustomerLoginPage.verifyLogoutTab(CustomerLoginPage.java:53)
at com.bank.pages.CustomerLoginPage.verifyLogoutTab(CustomerLoginPage.java:53)
at com.bank.pages.CustomerLoginPage.verifyLogoutTab(CustomerLoginPage.java:53)
at com.bank.pages.CustomerLoginPage.verifyLogoutTab(CustomerLoginPage.java:53)
at com.bank.pages.CustomerLoginPage.verifyLogoutTab(CustomerLoginPage.java:53)
at com.bank.pages.CustomerLoginPage.verifyLogoutTab(CustomerLoginPage.java:53)
at com.bank.pages.CustomerLoginPage.verifyLogoutTab(CustomerLoginPage.java:53)
at com.bank.pages.CustomerLoginPage.verifyLogoutTab(CustomerLoginPage.java:53)
at com.bank.pages.CustomerLoginPage.verifyLogoutTab(CustomerLoginPage.java:53)
at com.bank.pages.CustomerLoginPage.verifyLogoutTab(CustomerLoginPage.java:53)
at com.bank.pages.CustomerLoginPage.verifyLogoutTab(CustomerLoginPage.java:53)
at com.bank.pages.CustomerLoginPage.verifyLogoutTab(CustomerLoginPage.java:53)
at com.bank.pages.CustomerLoginPage.verifyLogoutTab(CustomerLoginPage.java:53)
at com.bank.pages.CustomerLoginPage.verifyLogoutTab(CustomerLoginPage.java:53)
at com.bank.pages.CustomerLoginPage.verifyLogoutTab(CustomerLoginPage.java:53)
at com.bank.pages.CustomerLoginPage.verifyLogoutTab(CustomerLoginPage.java:53)
at com.bank.pages.CustomerLoginPage.verifyLogoutTab(CustomerLoginPage.java:53)
at com.bank.pages.CustomerLoginPage.verifyLogoutTab(CustomerLoginPage.java:53)
at com.bank.pages.CustomerLoginPage.verifyLogoutTab(CustomerLoginPage.java:53)
at com.bank.pages.CustomerLoginPage.verifyLogoutTab(CustomerLoginPage.java:53)
at com.bank.pages.CustomerLoginPage.verifyLogoutTab(CustomerLoginPage.java:53)
at com.bank.pages.CustomerLoginPage.verifyLogoutTab(CustomerLoginPage.java:53)
at com.bank.pages.CustomerLoginPage.verifyLogoutTab(CustomerLoginPage.java:53)
at com.bank.pages.CustomerLoginPage.verifyLogoutTab(CustomerLoginPage.java:53)
at com.bank.pages.CustomerLoginPage.verifyLogoutTab(CustomerLoginPage.java:53)
at com.bank.pages.CustomerLoginPage.verifyLogoutTab(CustomerLoginPage.java:53)
at com.bank.pages.CustomerLoginPage.verifyLogoutTab(CustomerLoginPage.java:53)
at com.bank.pages.CustomerLoginPage.verifyLogoutTab(CustomerLoginPage.java:53)
at com.bank.pages.CustomerLoginPage.verifyLogoutTab(CustomerLoginPage.java:53)
at com.bank.pages.CustomerLoginPage.verifyLogoutTab(CustomerLoginPage.java:53)
at com.bank.pages.CustomerLoginPage.verifyLogoutTab(CustomerLoginPage.java:53)
at com.bank.pages.CustomerLoginPage.verifyLogoutTab(CustomerLoginPage.java:53)
at com.bank.pages.CustomerLoginPage.verifyLogoutTab(CustomerLoginPage.java:53)
at com.bank.pages.CustomerLoginPage.verifyLogoutTab(CustomerLoginPage.java:53)
at com.bank.pages.CustomerLoginPage.verifyLogoutTab(CustomerLoginPage.java:53)
at com.bank.pages.CustomerLoginPage.verifyLogoutTab(CustomerLoginPage.java:53)
at com.bank.pages.CustomerLoginPage.verifyLogoutTab(CustomerLoginPage.java:53)
at com.bank.pages.CustomerLoginPage.verifyLogoutTab(CustomerLoginPage.java:53)
at com.bank.pages.CustomerLoginPage.verifyLogoutTab(CustomerLoginPage.java:53)
at com.bank.pages.CustomerLoginPage.verifyLogoutTab(CustomerLoginPage.java:53)
at com.bank.pages.CustomerLoginPage.verifyLogoutTab(CustomerLoginPage.java:53)
at com.bank.pages.CustomerLoginPage.verifyLogoutTab(CustomerLoginPage.java:53)
at com.bank.pages.CustomerLoginPage.verifyLogoutTab(CustomerLoginPage.java:53)
at com.bank.pages.CustomerLoginPage.verifyLogoutTab(CustomerLoginPage.java:53)
at com.bank.pages.CustomerLoginPage.verifyLogoutTab(CustomerLoginPage.java:53)
at com.bank.pages.CustomerLoginPage.verifyLogoutTab(CustomerLoginPage.java:53)
at com.bank.pages.CustomerLoginPage.verifyLogoutTab(CustomerLoginPage.java:53)
at com.bank.pages.CustomerLoginPage.verifyLogoutTab(CustomerLoginPage.java:53)
at com.bank.pages.CustomerLoginPage.verifyLogoutTab(CustomerLoginPage.java:53)
at com.bank.pages.CustomerLoginPage.verifyLogoutTab(CustomerLoginPage.java:53)
at com.bank.pages.CustomerLoginPage.verifyLogoutTab(CustomerLoginPage.java:53)
at com.bank.pages.CustomerLoginPage.verifyLogoutTab(CustomerLoginPage.java:53)
at com.bank.pages.CustomerLoginPage.verifyLogoutTab(CustomerLoginPage.java:53)
at com.bank.pages.CustomerLoginPage.verifyLogoutTab(CustomerLoginPage.java:53)
at com.bank.pages.CustomerLoginPage.verifyLogoutTab(CustomerLoginPage.java:53)
at com.bank.pages.CustomerLoginPage.verifyLogoutTab(CustomerLoginPage.java:53)
at com.bank.pages.CustomerLoginPage.verifyLogoutTab(CustomerLoginPage.java:53)
at com.bank.pages.CustomerLoginPage.verifyLogoutTab(CustomerLoginPage.java:53)
at com.bank.pages.CustomerLoginPage.verifyLogoutTab(CustomerLoginPage.java:53)
at com.bank.pages.CustomerLoginPage.verifyLogoutTab(CustomerLoginPage.java:53)
at com.bank.pages.CustomerLoginPage.verifyLogoutTab(CustomerLoginPage.java:53)
at com.bank.pages.CustomerLoginPage.verifyLogoutTab(CustomerLoginPage.java:53)
at com.bank.pages.CustomerLoginPage.verifyLogoutTab(CustomerLoginPage.java:53)
at com.bank.pages.CustomerLoginPage.verifyLogoutTab(CustomerLoginPage.java:53)
at com.bank.pages.CustomerLoginPage.verifyLogoutTab(CustomerLoginPage.java:53)
at com.bank.pages.CustomerLoginPage.verifyLogoutTab(CustomerLoginPage.java:53)
at com.bank.pages.CustomerLoginPage.verifyLogoutTab(CustomerLoginPage.java:53)
at com.bank.pages.CustomerLoginPage.verifyLogoutTab(CustomerLoginPage.java:53)
at com.bank.pages.CustomerLoginPage.verifyLogoutTab(CustomerLoginPage.java:53)
at com.bank.pages.CustomerLoginPage.verifyLogoutTab(CustomerLoginPage.java:53)
at com.bank.pages.CustomerLoginPage.verifyLogoutTab(CustomerLoginPage.java:53)
at com.bank.pages.CustomerLoginPage.verifyLogoutTab(CustomerLoginPage.java:53)
at com.bank.pages.CustomerLoginPage.verifyLogoutTab(CustomerLoginPage.java:53)
at com.bank.pages.CustomerLoginPage.verifyLogoutTab(CustomerLoginPage.java:53)
at com.bank.pages.CustomerLoginPage.verifyLogoutTab(CustomerLoginPage.java:53)
at com.bank.pages.CustomerLoginPage.verifyLogoutTab(CustomerLoginPage.java:53)
at com.bank.pages.CustomerLoginPage.verifyLogoutTab(CustomerLoginPage.java:53)
at com.bank.pages.CustomerLoginPage.verifyLogoutTab(CustomerLoginPage.java:53)
at com.bank.pages.CustomerLoginPage.verifyLogoutTab(CustomerLoginPage.java:53)
at com.bank.pages.CustomerLoginPage.verifyLogoutTab(CustomerLoginPage.java:53)
at com.bank.pages.CustomerLoginPage.verifyLogoutTab(CustomerLoginPage.java:53)
at com.bank.pages.CustomerLoginPage.verifyLogoutTab(CustomerLoginPage.java:53)
at com.bank.pages.CustomerLoginPage.verifyLogoutTab(CustomerLoginPage.java:53)
at com.bank.pages.CustomerLoginPage.verifyLogoutTab(CustomerLoginPage.java:53)
at com.bank.pages.CustomerLoginPage.verifyLogoutTab(CustomerLoginPage.java:53)
at com.bank.pages.CustomerLoginPage.verifyLogoutTab(CustomerLoginPage.java:53)
at com.bank.pages.CustomerLoginPage.verifyLogoutTab(CustomerLoginPage.java:53)
at com.bank.pages.CustomerLoginPage.verifyLogoutTab(CustomerLoginPage.java:53)
at com.bank.pages.CustomerLoginPage.verifyLogoutTab(CustomerLoginPage.java:53)
at com.bank.pages.CustomerLoginPage.verifyLogoutTab(CustomerLoginPage.java:53)
at com.bank.pages.CustomerLoginPage.verifyLogoutTab(CustomerLoginPage.java:53)
at com.bank.pages.CustomerLoginPage.verifyLogoutTab(CustomerLoginPage.java:53)
at com.bank.pages.CustomerLoginPage.verifyLogoutTab(CustomerLoginPage.java:53)
at com.bank.pages.CustomerLoginPage.verifyLogoutTab(CustomerLoginPage.java:53)
at com.bank.pages.CustomerLoginPage.verifyLogoutTab(CustomerLoginPage.java:53)
at com.bank.pages.CustomerLoginPage.verifyLogoutTab(CustomerLoginPage.java:53)
at com.bank.pages.CustomerLoginPage.verifyLogoutTab(CustomerLoginPage.java:53)
at com.bank.pages.CustomerLoginPage.verifyLogoutTab(CustomerLoginPage.java:53)
at com.bank.pages.CustomerLoginPage.verifyLogoutTab(CustomerLoginPage.java:53)
at com.bank.pages.CustomerLoginPage.verifyLogoutTab(CustomerLoginPage.java:53)
at com.bank.pages.CustomerLoginPage.verifyLogoutTab(CustomerLoginPage.java:53)
at com.bank.pages.CustomerLoginPage.verifyLogoutTab(CustomerLoginPage.java:53)
at com.bank.pages.CustomerLoginPage.verifyLogoutTab(CustomerLoginPage.java:53)
at com.bank.pages.CustomerLoginPage.verifyLogoutTab(CustomerLoginPage.java:53)
at com.bank.pages.CustomerLoginPage.verifyLogoutTab(CustomerLoginPage.java:53)
at com.bank.pages.CustomerLoginPage.verifyLogoutTab(CustomerLoginPage.java:53)
at com.bank.pages.CustomerLoginPage.verifyLogoutTab(CustomerLoginPage.java:53)
at com.bank.pages.CustomerLoginPage.verifyLogoutTab(CustomerLoginPage.java:53)
at com.bank.pages.CustomerLoginPage.verifyLogoutTab(CustomerLoginPage.java:53)
at com.bank.pages.CustomerLoginPage.verifyLogoutTab(CustomerLoginPage.java:53)
at com.bank.pages.CustomerLoginPage.verifyLogoutTab(CustomerLoginPage.java:53)
at com.bank.pages.CustomerLoginPage.verifyLogoutTab(CustomerLoginPage.java:53)
at com.bank.pages.CustomerLoginPage.verifyLogoutTab(CustomerLoginPage.java:53)
at com.bank.pages.CustomerLoginPage.verifyLogoutTab(CustomerLoginPage.java:53)
at com.bank.pages.CustomerLoginPage.verifyLogoutTab(CustomerLoginPage.java:53)
at com.bank.pages.CustomerLoginPage.verifyLogoutTab(CustomerLoginPage.java:53)
at com.bank.pages.CustomerLoginPage.verifyLogoutTab(CustomerLoginPage.java:53)
at com.bank.pages.CustomerLoginPage.verifyLogoutTab(CustomerLoginPage.java:53)
at com.bank.pages.CustomerLoginPage.verifyLogoutTab(CustomerLoginPage.java:53)
at com.bank.pages.CustomerLoginPage.verifyLogoutTab(CustomerLoginPage.java:53)
at com.bank.pages.CustomerLoginPage.verifyLogoutTab(CustomerLoginPage.java:53)
at com.bank.pages.CustomerLoginPage.verifyLogoutTab(CustomerLoginPage.java:53)
at com.bank.pages.CustomerLoginPage.verifyLogoutTab(CustomerLoginPage.java:53)
at com.bank.pages.CustomerLoginPage.verifyLogoutTab(CustomerLoginPage.java:53)
at com.bank.pages.CustomerLoginPage.verifyLogoutTab(CustomerLoginPage.java:53)
at com.bank.pages.CustomerLoginPage.verifyLogoutTab(CustomerLoginPage.java:53)
at com.bank.pages.CustomerLoginPage.verifyLogoutTab(CustomerLoginPage.java:53)
at com.bank.pages.CustomerLoginPage.verifyLogoutTab(CustomerLoginPage.java:53)
at com.bank.pages.CustomerLoginPage.verifyLogoutTab(CustomerLoginPage.java:53)
at com.bank.pages.CustomerLoginPage.verifyLogoutTab(CustomerLoginPage.java:53)
at com.bank.pages.CustomerLoginPage.verifyLogoutTab(CustomerLoginPage.java:53)
at com.bank.pages.CustomerLoginPage.verifyLogoutTab(CustomerLoginPage.java:53)
at com.bank.pages.CustomerLoginPage.verifyLogoutTab(CustomerLoginPage.java:53)
at com.bank.pages.CustomerLoginPage.verifyLogoutTab(CustomerLoginPage.java:53)
at com.bank.pages.CustomerLoginPage.verifyLogoutTab(CustomerLoginPage.java:53)
at com.bank.pages.CustomerLoginPage.verifyLogoutTab(CustomerLoginPage.java:53)
at com.bank.pages.CustomerLoginPage.verifyLogoutTab(CustomerLoginPage.java:53)
at com.bank.pages.CustomerLoginPage.verifyLogoutTab(CustomerLoginPage.java:53)
at com.bank.pages.CustomerLoginPage.verifyLogoutTab(CustomerLoginPage.java:53)
at com.bank.pages.CustomerLoginPage.verifyLogoutTab(CustomerLoginPage.java:53)
at com.bank.pages.CustomerLoginPage.verifyLogoutTab(CustomerLoginPage.java:53)
at com.bank.pages.CustomerLoginPage.verifyLogoutTab(CustomerLoginPage.java:53)
at com.bank.pages.CustomerLoginPage.verifyLogoutTab(CustomerLoginPage.java:53)
at com.bank.pages.CustomerLoginPage.verifyLogoutTab(CustomerLoginPage.java:53)
at com.bank.pages.CustomerLoginPage.verifyLogoutTab(CustomerLoginPage.java:53)
at com.bank.pages.CustomerLoginPage.verifyLogoutTab(CustomerLoginPage.java:53)
at com.bank.pages.CustomerLoginPage.verifyLogoutTab(CustomerLoginPage.java:53)
at com.bank.pages.CustomerLoginPage.verifyLogoutTab(CustomerLoginPage.java:53)
at com.bank.pages.CustomerLoginPage.verifyLogoutTab(CustomerLoginPage.java:53)
at com.bank.pages.CustomerLoginPage.verifyLogoutTab(CustomerLoginPage.java:53)
at com.bank.pages.CustomerLoginPage.verifyLogoutTab(CustomerLoginPage.java:53)
at com.bank.pages.CustomerLoginPage.verifyLogoutTab(CustomerLoginPage.java:53)
at com.bank.pages.CustomerLoginPage.verifyLogoutTab(CustomerLoginPage.java:53)
at com.bank.pages.CustomerLoginPage.verifyLogoutTab(CustomerLoginPage.java:53)
at com.bank.pages.CustomerLoginPage.verifyLogoutTab(CustomerLoginPage.java:53)
at com.bank.pages.CustomerLoginPage.verifyLogoutTab(CustomerLoginPage.java:53)
at com.bank.pages.CustomerLoginPage.verifyLogoutTab(CustomerLoginPage.java:53)
at com.bank.pages.CustomerLoginPage.verifyLogoutTab(CustomerLoginPage.java:53)
at com.bank.pages.CustomerLoginPage.verifyLogoutTab(CustomerLoginPage.java:53)
at com.bank.pages.CustomerLoginPage.verifyLogoutTab(CustomerLoginPage.java:53)
at com.bank.pages.CustomerLoginPage.verifyLogoutTab(CustomerLoginPage.java:53)
at com.bank.pages.CustomerLoginPage.verifyLogoutTab(CustomerLoginPage.java:53)
at com.bank.pages.CustomerLoginPage.verifyLogoutTab(CustomerLoginPage.java:53)
at com.bank.pages.CustomerLoginPage.verifyLogoutTab(CustomerLoginPage.java:53)
at com.bank.pages.CustomerLoginPage.verifyLogoutTab(CustomerLoginPage.java:53)
at com.bank.pages.CustomerLoginPage.verifyLogoutTab(CustomerLoginPage.java:53)
at com.bank.pages.CustomerLoginPage.verifyLogoutTab(CustomerLoginPage.java:53)
at com.bank.pages.CustomerLoginPage.verifyLogoutTab(CustomerLoginPage.java:53)
at com.bank.pages.CustomerLoginPage.verifyLogoutTab(CustomerLoginPage.java:53)
at com.bank.pages.CustomerLoginPage.verifyLogoutTab(CustomerLoginPage.java:53)
at com.bank.pages.CustomerLoginPage.verifyLogoutTab(CustomerLoginPage.java:53)
at com.bank.pages.CustomerLoginPage.verifyLogoutTab(CustomerLoginPage.java:53)
at com.bank.pages.CustomerLoginPage.verifyLogoutTab(CustomerLoginPage.java:53)
at com.bank.pages.CustomerLoginPage.verifyLogoutTab(CustomerLoginPage.java:53)
at com.bank.pages.CustomerLoginPage.verifyLogoutTab(CustomerLoginPage.java:53)
at com.bank.pages.CustomerLoginPage.verifyLogoutTab(CustomerLoginPage.java:53)
at com.bank.pages.CustomerLoginPage.verifyLogoutTab(CustomerLoginPage.java:53)
at com.bank.pages.CustomerLoginPage.verifyLogoutTab(CustomerLoginPage.java:53)
at com.bank.pages.CustomerLoginPage.verifyLogoutTab(CustomerLoginPage.java:53)
at com.bank.pages.CustomerLoginPage.verifyLogoutTab(CustomerLoginPage.java:53)
at com.bank.pages.CustomerLoginPage.verifyLogoutTab(CustomerLoginPage.java:53)
at com.bank.pages.CustomerLoginPage.verifyLogoutTab(CustomerLoginPage.java:53)
at com.bank.pages.CustomerLoginPage.verifyLogoutTab(CustomerLoginPage.java:53)
at com.bank.pages.CustomerLoginPage.verifyLogoutTab(CustomerLoginPage.java:53)
at com.bank.pages.CustomerLoginPage.verifyLogoutTab(CustomerLoginPage.java:53)
at com.bank.pages.CustomerLoginPage.verifyLogoutTab(CustomerLoginPage.java:53)
at com.bank.pages.CustomerLoginPage.verifyLogoutTab(CustomerLoginPage.java:53)
at com.bank.pages.CustomerLoginPage.verifyLogoutTab(CustomerLoginPage.java:53)
at com.bank.pages.CustomerLoginPage.verifyLogoutTab(CustomerLoginPage.java:53)
at com.bank.pages.CustomerLoginPage.verifyLogoutTab(CustomerLoginPage.java:53)
at com.bank.pages.CustomerLoginPage.verifyLogoutTab(CustomerLoginPage.java:53)
at com.bank.pages.CustomerLoginPage.verifyLogoutTab(CustomerLoginPage.java:53)
at com.bank.pages.CustomerLoginPage.verifyLogoutTab(CustomerLoginPage.java:53)
at com.bank.pages.CustomerLoginPage.verifyLogoutTab(CustomerLoginPage.java:53)
at com.bank.pages.CustomerLoginPage.verifyLogoutTab(CustomerLoginPage.java:53)
at com.bank.pages.CustomerLoginPage.verifyLogoutTab(CustomerLoginPage.java:53)
at com.bank.pages.CustomerLoginPage.verifyLogoutTab(CustomerLoginPage.java:53)
at com.bank.pages.CustomerLoginPage.verifyLogoutTab(CustomerLoginPage.java:53)
at com.bank.pages.CustomerLoginPage.verifyLogoutTab(CustomerLoginPage.java:53)
at com.bank.pages.CustomerLoginPage.verifyLogoutTab(CustomerLoginPage.java:53)
at com.bank.pages.CustomerLoginPage.verifyLogoutTab(CustomerLoginPage.java:53)
at com.bank.pages.CustomerLoginPage.verifyLogoutTab(CustomerLoginPage.java:53)
at com.bank.pages.CustomerLoginPage.verifyLogoutTab(CustomerLoginPage.java:53)
at com.bank.pages.CustomerLoginPage.verifyLogoutTab(CustomerLoginPage.java:53)
at com.bank.pages.CustomerLoginPage.verifyLogoutTab(CustomerLoginPage.java:53)
at com.bank.pages.CustomerLoginPage.verifyLogoutTab(CustomerLoginPage.java:53)
at com.bank.pages.CustomerLoginPage.verifyLogoutTab(CustomerLoginPage.java:53)
at com.bank.pages.CustomerLoginPage.verifyLogoutTab(CustomerLoginPage.java:53)
at com.bank.pages.CustomerLoginPage.verifyLogoutTab(CustomerLoginPage.java:53)
at com.bank.pages.CustomerLoginPage.verifyLogoutTab(CustomerLoginPage.java:53)
at com.bank.pages.CustomerLoginPage.verifyLogoutTab(CustomerLoginPage.java:53)
at com.bank.pages.CustomerLoginPage.verifyLogoutTab(CustomerLoginPage.java:53)
at com.bank.pages.CustomerLoginPage.verifyLogoutTab(CustomerLoginPage.java:53)
at com.bank.pages.CustomerLoginPage.verifyLogoutTab(CustomerLoginPage.java:53)
at com.bank.pages.CustomerLoginPage.verifyLogoutTab(CustomerLoginPage.java:53)
at com.bank.pages.CustomerLoginPage.verifyLogoutTab(CustomerLoginPage.java:53)
at com.bank.pages.CustomerLoginPage.verifyLogoutTab(CustomerLoginPage.java:53)
at com.bank.pages.CustomerLoginPage.verifyLogoutTab(CustomerLoginPage.java:53)
at com.bank.pages.CustomerLoginPage.verifyLogoutTab(CustomerLoginPage.java:53)
at com.bank.pages.CustomerLoginPage.verifyLogoutTab(CustomerLoginPage.java:53)
at com.bank.pages.CustomerLoginPage.verifyLogoutTab(CustomerLoginPage.java:53)
at com.bank.pages.CustomerLoginPage.verifyLogoutTab(CustomerLoginPage.java:53)
at com.bank.pages.CustomerLoginPage.verifyLogoutTab(CustomerLoginPage.java:53)
at com.bank.pages.CustomerLoginPage.verifyLogoutTab(CustomerLoginPage.java:53)
at com.bank.pages.CustomerLoginPage.verifyLogoutTab(CustomerLoginPage.java:53)
at com.bank.pages.CustomerLoginPage.verifyLogoutTab(CustomerLoginPage.java:53)
at com.bank.pages.CustomerLoginPage.verifyLogoutTab(CustomerLoginPage.java:53)
at com.bank.pages.CustomerLoginPage.verifyLogoutTab(CustomerLoginPage.java:53)
at com.bank.pages.CustomerLoginPage.verifyLogoutTab(CustomerLoginPage.java:53)
at com.bank.pages.CustomerLoginPage.verifyLogoutTab(CustomerLoginPage.java:53)
at com.bank.pages.CustomerLoginPage.verifyLogoutTab(CustomerLoginPage.java:53)
at com.bank.pages.CustomerLoginPage.verifyLogoutTab(CustomerLoginPage.java:53)
at com.bank.pages.CustomerLoginPage.verifyLogoutTab(CustomerLoginPage.java:53)
at com.bank.pages.CustomerLoginPage.verifyLogoutTab(CustomerLoginPage.java:53)
at com.bank.pages.CustomerLoginPage.verifyLogoutTab(CustomerLoginPage.java:53)
at com.bank.pages.CustomerLoginPage.verifyLogoutTab(CustomerLoginPage.java:53)
at com.bank.pages.CustomerLoginPage.verifyLogoutTab(CustomerLoginPage.java:53)
at com.bank.pages.CustomerLoginPage.verifyLogoutTab(CustomerLoginPage.java:53)
at com.bank.pages.CustomerLoginPage.verifyLogoutTab(CustomerLoginPage.java:53)
at com.bank.pages.CustomerLoginPage.verifyLogoutTab(CustomerLoginPage.java:53)
at com.bank.pages.CustomerLoginPage.verifyLogoutTab(CustomerLoginPage.java:53)
at com.bank.pages.CustomerLoginPage.verifyLogoutTab(CustomerLoginPage.java:53)
at com.bank.pages.CustomerLoginPage.verifyLogoutTab(CustomerLoginPage.java:53)
at com.bank.pages.CustomerLoginPage.verifyLogoutTab(CustomerLoginPage.java:53)
at com.bank.pages.CustomerLoginPage.verifyLogoutTab(CustomerLoginPage.java:53)
at com.bank.pages.CustomerLoginPage.verifyLogoutTab(CustomerLoginPage.java:53)
at com.bank.pages.CustomerLoginPage.verifyLogoutTab(CustomerLoginPage.java:53)
at com.bank.pages.CustomerLoginPage.verifyLogoutTab(CustomerLoginPage.java:53)
at com.bank.pages.CustomerLoginPage.verifyLogoutTab(CustomerLoginPage.java:53)
at com.bank.pages.CustomerLoginPage.verifyLogoutTab(CustomerLoginPage.java:53)
at com.bank.pages.CustomerLoginPage.verifyLogoutTab(CustomerLoginPage.java:53)
at com.bank.pages.CustomerLoginPage.verifyLogoutTab(CustomerLoginPage.java:53)
at com.bank.pages.CustomerLoginPage.verifyLogoutTab(CustomerLoginPage.java:53)
at com.bank.pages.CustomerLoginPage.verifyLogoutTab(CustomerLoginPage.java:53)
at com.bank.pages.CustomerLoginPage.verifyLogoutTab(CustomerLoginPage.java:53)
at com.bank.pages.CustomerLoginPage.verifyLogoutTab(CustomerLoginPage.java:53)
at com.bank.pages.CustomerLoginPage.verifyLogoutTab(CustomerLoginPage.java:53)
at com.bank.pages.CustomerLoginPage.verifyLogoutTab(CustomerLoginPage.java:53)
at com.bank.pages.CustomerLoginPage.verifyLogoutTab(CustomerLoginPage.java:53)
at com.bank.pages.CustomerLoginPage.verifyLogoutTab(CustomerLoginPage.java:53)
at com.bank.pages.CustomerLoginPage.verifyLogoutTab(CustomerLoginPage.java:53)
at com.bank.pages.CustomerLoginPage.verifyLogoutTab(CustomerLoginPage.java:53)
at com.bank.pages.CustomerLoginPage.verifyLogoutTab(CustomerLoginPage.java:53)
at com.bank.pages.CustomerLoginPage.verifyLogoutTab(CustomerLoginPage.java:53)
at com.bank.pages.CustomerLoginPage.verifyLogoutTab(CustomerLoginPage.java:53)
at com.bank.pages.CustomerLoginPage.verifyLogoutTab(CustomerLoginPage.java:53)
at com.bank.pages.CustomerLoginPage.verifyLogoutTab(CustomerLoginPage.java:53)
at com.bank.pages.CustomerLoginPage.verifyLogoutTab(CustomerLoginPage.java:53)
at com.bank.pages.CustomerLoginPage.verifyLogoutTab(CustomerLoginPage.java:53)
at com.bank.pages.CustomerLoginPage.verifyLogoutTab(CustomerLoginPage.java:53)
at com.bank.pages.CustomerLoginPage.verifyLogoutTab(CustomerLoginPage.java:53)
at com.bank.pages.CustomerLoginPage.verifyLogoutTab(CustomerLoginPage.java:53)
at com.bank.pages.CustomerLoginPage.verifyLogoutTab(CustomerLoginPage.java:53)
at com.bank.pages.CustomerLoginPage.verifyLogoutTab(CustomerLoginPage.java:53)
at com.bank.pages.CustomerLoginPage.verifyLogoutTab(CustomerLoginPage.java:53)
at com.bank.pages.CustomerLoginPage.verifyLogoutTab(CustomerLoginPage.java:53)
at com.bank.pages.CustomerLoginPage.verifyLogoutTab(CustomerLoginPage.java:53)
at com.bank.pages.CustomerLoginPage.verifyLogoutTab(CustomerLoginPage.java:53)
at com.bank.pages.CustomerLoginPage.verifyLogoutTab(CustomerLoginPage.java:53)
at com.bank.pages.CustomerLoginPage.verifyLogoutTab(CustomerLoginPage.java:53)
at com.bank.pages.CustomerLoginPage.verifyLogoutTab(CustomerLoginPage.java:53)
at com.bank.pages.CustomerLoginPage.verifyLogoutTab(CustomerLoginPage.java:53)
at com.bank.pages.CustomerLoginPage.verifyLogoutTab(CustomerLoginPage.java:53)
at com.bank.pages.CustomerLoginPage.verifyLogoutTab(CustomerLoginPage.java:53)
at com.bank.pages.CustomerLoginPage.verifyLogoutTab(CustomerLoginPage.java:53)
at com.bank.pages.CustomerLoginPage.verifyLogoutTab(CustomerLoginPage.java:53)
at com.bank.pages.CustomerLoginPage.verifyLogoutTab(CustomerLoginPage.java:53)
at com.bank.pages.CustomerLoginPage.verifyLogoutTab(CustomerLoginPage.java:53)
at com.bank.pages.CustomerLoginPage.verifyLogoutTab(CustomerLoginPage.java:53)
at com.bank.pages.CustomerLoginPage.verifyLogoutTab(CustomerLoginPage.java:53)
at com.bank.pages.CustomerLoginPage.verifyLogoutTab(CustomerLoginPage.java:53)
at com.bank.pages.CustomerLoginPage.verifyLogoutTab(CustomerLoginPage.java:53)
at com.bank.pages.CustomerLoginPage.verifyLogoutTab(CustomerLoginPage.java:53)
at com.bank.pages.CustomerLoginPage.verifyLogoutTab(CustomerLoginPage.java:53)
at com.bank.pages.CustomerLoginPage.verifyLogoutTab(CustomerLoginPage.java:53)
at com.bank.pages.CustomerLoginPage.verifyLogoutTab(CustomerLoginPage.java:53)
at com.bank.pages.CustomerLoginPage.verifyLogoutTab(CustomerLoginPage.java:53)
at com.bank.pages.CustomerLoginPage.verifyLogoutTab(CustomerLoginPage.java:53)
at com.bank.pages.CustomerLoginPage.verifyLogoutTab(CustomerLoginPage.java:53)
at com.bank.pages.CustomerLoginPage.verifyLogoutTab(CustomerLoginPage.java:53)
at com.bank.pages.CustomerLoginPage.verifyLogoutTab(CustomerLoginPage.java:53)
at com.bank.pages.CustomerLoginPage.verifyLogoutTab(CustomerLoginPage.java:53)
at com.bank.pages.CustomerLoginPage.verifyLogoutTab(CustomerLoginPage.java:53)
at com.bank.pages.CustomerLoginPage.verifyLogoutTab(CustomerLoginPage.java:53)
at com.bank.pages.CustomerLoginPage.verifyLogoutTab(CustomerLoginPage.java:53)
at com.bank.pages.CustomerLoginPage.verifyLogoutTab(CustomerLoginPage.java:53)
at com.bank.pages.CustomerLoginPage.verifyLogoutTab(CustomerLoginPage.java:53)
at com.bank.pages.CustomerLoginPage.verifyLogoutTab(CustomerLoginPage.java:53)
at com.bank.pages.CustomerLoginPage.verifyLogoutTab(CustomerLoginPage.java:53)
at com.bank.pages.CustomerLoginPage.verifyLogoutTab(CustomerLoginPage.java:53)
at com.bank.pages.CustomerLoginPage.verifyLogoutTab(CustomerLoginPage.java:53)
at com.bank.pages.CustomerLoginPage.verifyLogoutTab(CustomerLoginPage.java:53)
at com.bank.pages.CustomerLoginPage.verifyLogoutTab(CustomerLoginPage.java:53)
at com.bank.pages.CustomerLoginPage.verifyLogoutTab(CustomerLoginPage.java:53)
at com.bank.pages.CustomerLoginPage.verifyLogoutTab(CustomerLoginPage.java:53)
at com.bank.pages.CustomerLoginPage.verifyLogoutTab(CustomerLoginPage.java:53)
at com.bank.pages.CustomerLoginPage.verifyLogoutTab(CustomerLoginPage.java:53)
at com.bank.pages.CustomerLoginPage.verifyLogoutTab(CustomerLoginPage.java:53)
at com.bank.pages.CustomerLoginPage.verifyLogoutTab(CustomerLoginPage.java:53)
at com.bank.pages.CustomerLoginPage.verifyLogoutTab(CustomerLoginPage.java:53)
at com.bank.pages.CustomerLoginPage.verifyLogoutTab(CustomerLoginPage.java:53)
at com.bank.pages.CustomerLoginPage.verifyLogoutTab(CustomerLoginPage.java:53)
at com.bank.pages.CustomerLoginPage.verifyLogoutTab(CustomerLoginPage.java:53)
at com.bank.pages.CustomerLoginPage.verifyLogoutTab(CustomerLoginPage.java:53)
at com.bank.pages.CustomerLoginPage.verifyLogoutTab(CustomerLoginPage.java:53)
at com.bank.pages.CustomerLoginPage.verifyLogoutTab(CustomerLoginPage.java:53)
at com.bank.pages.CustomerLoginPage.verifyLogoutTab(CustomerLoginPage.java:53)
at com.bank.pages.CustomerLoginPage.verifyLogoutTab(CustomerLoginPage.java:53)
at com.bank.pages.CustomerLoginPage.verifyLogoutTab(CustomerLoginPage.java:53)
at com.bank.pages.CustomerLoginPage.verifyLogoutTab(CustomerLoginPage.java:53)
at com.bank.pages.CustomerLoginPage.verifyLogoutTab(CustomerLoginPage.java:53)
at com.bank.pages.CustomerLoginPage.verifyLogoutTab(CustomerLoginPage.java:53)
at com.bank.pages.CustomerLoginPage.verifyLogoutTab(CustomerLoginPage.java:53)
at com.bank.pages.CustomerLoginPage.verifyLogoutTab(CustomerLoginPage.java:53)
at com.bank.pages.CustomerLoginPage.verifyLogoutTab(CustomerLoginPage.java:53)
at com.bank.pages.CustomerLoginPage.verifyLogoutTab(CustomerLoginPage.java:53)
at com.bank.pages.CustomerLoginPage.verifyLogoutTab(CustomerLoginPage.java:53)
at com.bank.pages.CustomerLoginPage.verifyLogoutTab(CustomerLoginPage.java:53)
at com.bank.pages.CustomerLoginPage.verifyLogoutTab(CustomerLoginPage.java:53)
at com.bank.pages.CustomerLoginPage.verifyLogoutTab(CustomerLoginPage.java:53)
at com.bank.pages.CustomerLoginPage.verifyLogoutTab(CustomerLoginPage.java:53)
at com.bank.pages.CustomerLoginPage.verifyLogoutTab(CustomerLoginPage.java:53)
at com.bank.pages.CustomerLoginPage.verifyLogoutTab(CustomerLoginPage.java:53)
at com.bank.pages.CustomerLoginPage.verifyLogoutTab(CustomerLoginPage.java:53)
at com.bank.pages.CustomerLoginPage.verifyLogoutTab(CustomerLoginPage.java:53)
at com.bank.pages.CustomerLoginPage.verifyLogoutTab(CustomerLoginPage.java:53)
at com.bank.pages.CustomerLoginPage.verifyLogoutTab(CustomerLoginPage.java:53)
at com.bank.pages.CustomerLoginPage.verifyLogoutTab(CustomerLoginPage.java:53)
at com.bank.pages.CustomerLoginPage.verifyLogoutTab(CustomerLoginPage.java:53)
at com.bank.pages.CustomerLoginPage.verifyLogoutTab(CustomerLoginPage.java:53)
at com.bank.pages.CustomerLoginPage.verifyLogoutTab(CustomerLoginPage.java:53)
at com.bank.pages.CustomerLoginPage.verifyLogoutTab(CustomerLoginPage.java:53)
at com.bank.pages.CustomerLoginPage.verifyLogoutTab(CustomerLoginPage.java:53)
at com.bank.pages.CustomerLoginPage.verifyLogoutTab(CustomerLoginPage.java:53)
at com.bank.pages.CustomerLoginPage.verifyLogoutTab(CustomerLoginPage.java:53)
at com.bank.pages.CustomerLoginPage.verifyLogoutTab(CustomerLoginPage.java:53)
at com.bank.pages.CustomerLoginPage.verifyLogoutTab(CustomerLoginPage.java:53)
at com.bank.pages.CustomerLoginPage.verifyLogoutTab(CustomerLoginPage.java:53)
at com.bank.pages.CustomerLoginPage.verifyLogoutTab(CustomerLoginPage.java:53)
at com.bank.pages.CustomerLoginPage.verifyLogoutTab(CustomerLoginPage.java:53)
at com.bank.pages.CustomerLoginPage.verifyLogoutTab(CustomerLoginPage.java:53)
at com.bank.pages.CustomerLoginPage.verifyLogoutTab(CustomerLoginPage.java:53)
at com.bank.pages.CustomerLoginPage.verifyLogoutTab(CustomerLoginPage.java:53)
at com.bank.pages.CustomerLoginPage.verifyLogoutTab(CustomerLoginPage.java:53)
at com.bank.pages.CustomerLoginPage.verifyLogoutTab(CustomerLoginPage.java:53)
at com.bank.pages.CustomerLoginPage.verifyLogoutTab(CustomerLoginPage.java:53)
at com.bank.pages.CustomerLoginPage.verifyLogoutTab(CustomerLoginPage.java:53)
at com.bank.pages.CustomerLoginPage.verifyLogoutTab(CustomerLoginPage.java:53)
at com.bank.pages.CustomerLoginPage.verifyLogoutTab(CustomerLoginPage.java:53)
at com.bank.pages.CustomerLoginPage.verifyLogoutTab(CustomerLoginPage.java:53)
at com.bank.pages.CustomerLoginPage.verifyLogoutTab(CustomerLoginPage.java:53)
at com.bank.pages.CustomerLoginPage.verifyLogoutTab(CustomerLoginPage.java:53)
at com.bank.pages.CustomerLoginPage.verifyLogoutTab(CustomerLoginPage.java:53)
at com.bank.pages.CustomerLoginPage.verifyLogoutTab(CustomerLoginPage.java:53)
at com.bank.pages.CustomerLoginPage.verifyLogoutTab(CustomerLoginPage.java:53)
at com.bank.pages.CustomerLoginPage.verifyLogoutTab(CustomerLoginPage.java:53)
at com.bank.pages.CustomerLoginPage.verifyLogoutTab(CustomerLoginPage.java:53)
at com.bank.pages.CustomerLoginPage.verifyLogoutTab(CustomerLoginPage.java:53)
at com.bank.pages.CustomerLoginPage.verifyLogoutTab(CustomerLoginPage.java:53)
at com.bank.pages.CustomerLoginPage.verifyLogoutTab(CustomerLoginPage.java:53)
at com.bank.pages.CustomerLoginPage.verifyLogoutTab(CustomerLoginPage.java:53)
at com.bank.pages.CustomerLoginPage.verifyLogoutTab(CustomerLoginPage.java:53)
at com.bank.pages.CustomerLoginPage.verifyLogoutTab(CustomerLoginPage.java:53)
at com.bank.pages.CustomerLoginPage.verifyLogoutTab(CustomerLoginPage.java:53)
at com.bank.pages.CustomerLoginPage.verifyLogoutTab(CustomerLoginPage.java:53)
at com.bank.pages.CustomerLoginPage.verifyLogoutTab(CustomerLoginPage.java:53)
at com.bank.pages.CustomerLoginPage.verifyLogoutTab(CustomerLoginPage.java:53)
at com.bank.pages.CustomerLoginPage.verifyLogoutTab(CustomerLoginPage.java:53)
at com.bank.pages.CustomerLoginPage.verifyLogoutTab(CustomerLoginPage.java:53)
at com.bank.pages.CustomerLoginPage.verifyLogoutTab(CustomerLoginPage.java:53)
at com.bank.pages.CustomerLoginPage.verifyLogoutTab(CustomerLoginPage.java:53)
at com.bank.pages.CustomerLoginPage.verifyLogoutTab(CustomerLoginPage.java:53)
at com.bank.pages.CustomerLoginPage.verifyLogoutTab(CustomerLoginPage.java:53)
at com.bank.pages.CustomerLoginPage.verifyLogoutTab(CustomerLoginPage.java:53)
at com.bank.pages.CustomerLoginPage.verifyLogoutTab(CustomerLoginPage.java:53)
at com.bank.pages.CustomerLoginPage.verifyLogoutTab(CustomerLoginPage.java:53)
at com.bank.pages.CustomerLoginPage.verifyLogoutTab(CustomerLoginPage.java:53)
at com.bank.pages.CustomerLoginPage.verifyLogoutTab(CustomerLoginPage.java:53)
at com.bank.pages.CustomerLoginPage.verifyLogoutTab(CustomerLoginPage.java:53)
at com.bank.pages.CustomerLoginPage.verifyLogoutTab(CustomerLoginPage.java:53)
at com.bank.pages.CustomerLoginPage.verifyLogoutTab(CustomerLoginPage.java:53)
at com.bank.pages.CustomerLoginPage.verifyLogoutTab(CustomerLoginPage.java:53)
at com.bank.pages.CustomerLoginPage.verifyLogoutTab(CustomerLoginPage.java:53)
at com.bank.pages.CustomerLoginPage.verifyLogoutTab(CustomerLoginPage.java:53)
at com.bank.pages.CustomerLoginPage.verifyLogoutTab(CustomerLoginPage.java:53)
at com.bank.pages.CustomerLoginPage.verifyLogoutTab(CustomerLoginPage.java:53)
at com.bank.pages.CustomerLoginPage.verifyLogoutTab(CustomerLoginPage.java:53)
at com.bank.pages.CustomerLoginPage.verifyLogoutTab(CustomerLoginPage.java:53)
at com.bank.pages.CustomerLoginPage.verifyLogoutTab(CustomerLoginPage.java:53)
at com.bank.pages.CustomerLoginPage.verifyLogoutTab(CustomerLoginPage.java:53)
at com.bank.pages.CustomerLoginPage.verifyLogoutTab(CustomerLoginPage.java:53)
at com.bank.pages.CustomerLoginPage.verifyLogoutTab(CustomerLoginPage.java:53)
at com.bank.pages.CustomerLoginPage.verifyLogoutTab(CustomerLoginPage.java:53)
at com.bank.pages.CustomerLoginPage.verifyLogoutTab(CustomerLoginPage.java:53)
at com.bank.pages.CustomerLoginPage.verifyLogoutTab(CustomerLoginPage.java:53)
at com.bank.pages.CustomerLoginPage.verifyLogoutTab(CustomerLoginPage.java:53)
at com.bank.pages.CustomerLoginPage.verifyLogoutTab(CustomerLoginPage.java:53)
at com.bank.pages.CustomerLoginPage.verifyLogoutTab(CustomerLoginPage.java:53)
at com.bank.pages.CustomerLoginPage.verifyLogoutTab(CustomerLoginPage.java:53)
at com.bank.pages.CustomerLoginPage.verifyLogoutTab(CustomerLoginPage.java:53)
at com.bank.pages.CustomerLoginPage.verifyLogoutTab(CustomerLoginPage.java:53)
at com.bank.pages.CustomerLoginPage.verifyLogoutTab(CustomerLoginPage.java:53)
at com.bank.pages.CustomerLoginPage.verifyLogoutTab(CustomerLoginPage.java:53)
at com.bank.pages.CustomerLoginPage.verifyLogoutTab(CustomerLoginPage.java:53)
at com.bank.pages.CustomerLoginPage.verifyLogoutTab(CustomerLoginPage.java:53)
at com.bank.pages.CustomerLoginPage.verifyLogoutTab(CustomerLoginPage.java:53)
at com.bank.pages.CustomerLoginPage.verifyLogoutTab(CustomerLoginPage.java:53)
at com.bank.pages.CustomerLoginPage.verifyLogoutTab(CustomerLoginPage.java:53)
at com.bank.pages.CustomerLoginPage.verifyLogoutTab(CustomerLoginPage.java:53)
at com.bank.pages.CustomerLoginPage.verifyLogoutTab(CustomerLoginPage.java:53)
at com.bank.pages.CustomerLoginPage.verifyLogoutTab(CustomerLoginPage.java:53)
at com.bank.pages.CustomerLoginPage.verifyLogoutTab(CustomerLoginPage.java:53)
at com.bank.pages.CustomerLoginPage.verifyLogoutTab(CustomerLoginPage.java:53)
at com.bank.pages.CustomerLoginPage.verifyLogoutTab(CustomerLoginPage.java:53)
at com.bank.pages.CustomerLoginPage.verifyLogoutTab(CustomerLoginPage.java:53)
at com.bank.pages.CustomerLoginPage.verifyLogoutTab(CustomerLoginPage.java:53)
at com.bank.pages.CustomerLoginPage.verifyLogoutTab(CustomerLoginPage.java:53)
at com.bank.pages.CustomerLoginPage.verifyLogoutTab(CustomerLoginPage.java:53)
at com.bank.pages.CustomerLoginPage.verifyLogoutTab(CustomerLoginPage.java:53)
at com.bank.pages.CustomerLoginPage.verifyLogoutTab(CustomerLoginPage.java:53)
at com.bank.pages.CustomerLoginPage.verifyLogoutTab(CustomerLoginPage.java:53)
at com.bank.pages.CustomerLoginPage.verifyLogoutTab(CustomerLoginPage.java:53)
at com.bank.pages.CustomerLoginPage.verifyLogoutTab(CustomerLoginPage.java:53)
at com.bank.pages.CustomerLoginPage.verifyLogoutTab(CustomerLoginPage.java:53)
at com.bank.pages.CustomerLoginPage.verifyLogoutTab(CustomerLoginPage.java:53)
at com.bank.pages.CustomerLoginPage.verifyLogoutTab(CustomerLoginPage.java:53)
at com.bank.pages.CustomerLoginPage.verifyLogoutTab(CustomerLoginPage.java:53)
at com.bank.pages.CustomerLoginPage.verifyLogoutTab(CustomerLoginPage.java:53)
at com.bank.pages.CustomerLoginPage.verifyLogoutTab(CustomerLoginPage.java:53)
at com.bank.pages.CustomerLoginPage.verifyLogoutTab(CustomerLoginPage.java:53)
at com.bank.pages.CustomerLoginPage.verifyLogoutTab(CustomerLoginPage.java:53)
at com.bank.pages.CustomerLoginPage.verifyLogoutTab(CustomerLoginPage.java:53)
at com.bank.pages.CustomerLoginPage.verifyLogoutTab(CustomerLoginPage.java:53)
at com.bank.pages.CustomerLoginPage.verifyLogoutTab(CustomerLoginPage.java:53)
at com.bank.pages.CustomerLoginPage.verifyLogoutTab(CustomerLoginPage.java:53)
at com.bank.pages.CustomerLoginPage.verifyLogoutTab(CustomerLoginPage.java:53)
at com.bank.pages.CustomerLoginPage.verifyLogoutTab(CustomerLoginPage.java:53)
at com.bank.pages.CustomerLoginPage.verifyLogoutTab(CustomerLoginPage.java:53)
at com.bank.pages.CustomerLoginPage.verifyLogoutTab(CustomerLoginPage.java:53)
at com.bank.pages.CustomerLoginPage.verifyLogoutTab(CustomerLoginPage.java:53)
at com.bank.pages.CustomerLoginPage.verifyLogoutTab(CustomerLoginPage.java:53)
at com.bank.pages.CustomerLoginPage.verifyLogoutTab(CustomerLoginPage.java:53)
at com.bank.pages.CustomerLoginPage.verifyLogoutTab(CustomerLoginPage.java:53)
at com.bank.pages.CustomerLoginPage.verifyLogoutTab(CustomerLoginPage.java:53)
at com.bank.pages.CustomerLoginPage.verifyLogoutTab(CustomerLoginPage.java:53)
at com.bank.pages.CustomerLoginPage.verifyLogoutTab(CustomerLoginPage.java:53)
at com.bank.pages.CustomerLoginPage.verifyLogoutTab(CustomerLoginPage.java:53)
at com.bank.pages.CustomerLoginPage.verifyLogoutTab(CustomerLoginPage.java:53)
at com.bank.pages.CustomerLoginPage.verifyLogoutTab(CustomerLoginPage.java:53)
at com.bank.pages.CustomerLoginPage.verifyLogoutTab(CustomerLoginPage.java:53)
at com.bank.pages.CustomerLoginPage.verifyLogoutTab(CustomerLoginPage.java:53)
at com.bank.pages.CustomerLoginPage.verifyLogoutTab(CustomerLoginPage.java:53)
at com.bank.pages.CustomerLoginPage.verifyLogoutTab(CustomerLoginPage.java:53)
at com.bank.pages.CustomerLoginPage.verifyLogoutTab(CustomerLoginPage.java:53)
at com.bank.pages.CustomerLoginPage.verifyLogoutTab(CustomerLoginPage.java:53)
at com.bank.pages.CustomerLoginPage.verifyLogoutTab(CustomerLoginPage.java:53)
at com.bank.pages.CustomerLoginPage.verifyLogoutTab(CustomerLoginPage.java:53)
at com.bank.pages.CustomerLoginPage.verifyLogoutTab(CustomerLoginPage.java:53)
at com.bank.pages.CustomerLoginPage.verifyLogoutTab(CustomerLoginPage.java:53)
at com.bank.pages.CustomerLoginPage.verifyLogoutTab(CustomerLoginPage.java:53)
at com.bank.pages.CustomerLoginPage.verifyLogoutTab(CustomerLoginPage.java:53)
at com.bank.pages.CustomerLoginPage.verifyLogoutTab(CustomerLoginPage.java:53)
at com.bank.pages.CustomerLoginPage.verifyLogoutTab(CustomerLoginPage.java:53)
at com.bank.pages.CustomerLoginPage.verifyLogoutTab(CustomerLoginPage.java:53)
at com.bank.pages.CustomerLoginPage.verifyLogoutTab(CustomerLoginPage.java:53)
at com.bank.pages.CustomerLoginPage.verifyLogoutTab(CustomerLoginPage.java:53)
at com.bank.pages.CustomerLoginPage.verifyLogoutTab(CustomerLoginPage.java:53)
at com.bank.pages.CustomerLoginPage.verifyLogoutTab(CustomerLoginPage.java:53)
at com.bank.pages.CustomerLoginPage.verifyLogoutTab(CustomerLoginPage.java:53)
at com.bank.pages.CustomerLoginPage.verifyLogoutTab(CustomerLoginPage.java:53)
at com.bank.pages.CustomerLoginPage.verifyLogoutTab(CustomerLoginPage.java:53)
at com.bank.pages.CustomerLoginPage.verifyLogoutTab(CustomerLoginPage.java:53)
at com.bank.pages.CustomerLoginPage.verifyLogoutTab(CustomerLoginPage.java:53)
at com.bank.pages.CustomerLoginPage.verifyLogoutTab(CustomerLoginPage.java:53)
at com.bank.pages.CustomerLoginPage.verifyLogoutTab(CustomerLoginPage.java:53)
at com.bank.pages.CustomerLoginPage.verifyLogoutTab(CustomerLoginPage.java:53)
at com.bank.pages.CustomerLoginPage.verifyLogoutTab(CustomerLoginPage.java:53)
at com.bank.pages.CustomerLoginPage.verifyLogoutTab(CustomerLoginPage.java:53)
at com.bank.pages.CustomerLoginPage.verifyLogoutTab(CustomerLoginPage.java:53)
at com.bank.pages.CustomerLoginPage.verifyLogoutTab(CustomerLoginPage.java:53)
at com.bank.pages.CustomerLoginPage.verifyLogoutTab(CustomerLoginPage.java:53)
at com.bank.pages.CustomerLoginPage.verifyLogoutTab(CustomerLoginPage.java:53)
at com.bank.pages.CustomerLoginPage.verifyLogoutTab(CustomerLoginPage.java:53)
at com.bank.pages.CustomerLoginPage.verifyLogoutTab(CustomerLoginPage.java:53)
at com.bank.pages.CustomerLoginPage.verifyLogoutTab(CustomerLoginPage.java:53)
at com.bank.pages.CustomerLoginPage.verifyLogoutTab(CustomerLoginPage.java:53)
at com.bank.pages.CustomerLoginPage.verifyLogoutTab(CustomerLoginPage.java:53)
at com.bank.pages.CustomerLoginPage.verifyLogoutTab(CustomerLoginPage.java:53)
at com.bank.pages.CustomerLoginPage.verifyLogoutTab(CustomerLoginPage.java:53)
at com.bank.pages.CustomerLoginPage.verifyLogoutTab(CustomerLoginPage.java:53)
at com.bank.pages.CustomerLoginPage.verifyLogoutTab(CustomerLoginPage.java:53)
at com.bank.pages.CustomerLoginPage.verifyLogoutTab(CustomerLoginPage.java:53)
at com.bank.pages.CustomerLoginPage.verifyLogoutTab(CustomerLoginPage.java:53)
at com.bank.pages.CustomerLoginPage.verifyLogoutTab(CustomerLoginPage.java:53)
at com.bank.pages.CustomerLoginPage.verifyLogoutTab(CustomerLoginPage.java:53)
at com.bank.pages.CustomerLoginPage.verifyLogoutTab(CustomerLoginPage.java:53)
at com.bank.pages.CustomerLoginPage.verifyLogoutTab(CustomerLoginPage.java:53)
at com.bank.pages.CustomerLoginPage.verifyLogoutTab(CustomerLoginPage.java:53)
at com.bank.pages.CustomerLoginPage.verifyLogoutTab(CustomerLoginPage.java:53)
at com.bank.pages.CustomerLoginPage.verifyLogoutTab(CustomerLoginPage.java:53)
at com.bank.pages.CustomerLoginPage.verifyLogoutTab(CustomerLoginPage.java:53)
at com.bank.pages.CustomerLoginPage.verifyLogoutTab(CustomerLoginPage.java:53)
at com.bank.pages.CustomerLoginPage.verifyLogoutTab(CustomerLoginPage.java:53)
at com.bank.pages.CustomerLoginPage.verifyLogoutTab(CustomerLoginPage.java:53)
at com.bank.pages.CustomerLoginPage.verifyLogoutTab(CustomerLoginPage.java:53)
at com.bank.pages.CustomerLoginPage.verifyLogoutTab(CustomerLoginPage.java:53)
at com.bank.pages.CustomerLoginPage.verifyLogoutTab(CustomerLoginPage.java:53)
at com.bank.pages.CustomerLoginPage.verifyLogoutTab(CustomerLoginPage.java:53)
at com.bank.pages.CustomerLoginPage.verifyLogoutTab(CustomerLoginPage.java:53)
at com.bank.pages.CustomerLoginPage.verifyLogoutTab(CustomerLoginPage.java:53)
at com.bank.pages.CustomerLoginPage.verifyLogoutTab(CustomerLoginPage.java:53)
at com.bank.pages.CustomerLoginPage.verifyLogoutTab(CustomerLoginPage.java:53)
at com.bank.pages.CustomerLoginPage.verifyLogoutTab(CustomerLoginPage.java:53)
at com.bank.pages.CustomerLoginPage.verifyLogoutTab(CustomerLoginPage.java:53)
at com.bank.pages.CustomerLoginPage.verifyLogoutTab(CustomerLoginPage.java:53)
at com.bank.pages.CustomerLoginPage.verifyLogoutTab(CustomerLoginPage.java:53)
at com.bank.pages.CustomerLoginPage.verifyLogoutTab(CustomerLoginPage.java:53)
at com.bank.pages.CustomerLoginPage.verifyLogoutTab(CustomerLoginPage.java:53)
at com.bank.pages.CustomerLoginPage.verifyLogoutTab(CustomerLoginPage.java:53)
at com.bank.pages.CustomerLoginPage.verifyLogoutTab(CustomerLoginPage.java:53)
at com.bank.pages.CustomerLoginPage.verifyLogoutTab(CustomerLoginPage.java:53)
at com.bank.pages.CustomerLoginPage.verifyLogoutTab(CustomerLoginPage.java:53)
at com.bank.pages.CustomerLoginPage.verifyLogoutTab(CustomerLoginPage.java:53)
at com.bank.pages.CustomerLoginPage.verifyLogoutTab(CustomerLoginPage.java:53)
at com.bank.pages.CustomerLoginPage.verifyLogoutTab(CustomerLoginPage.java:53)
at com.bank.pages.CustomerLoginPage.verifyLogoutTab(CustomerLoginPage.java:53)
at com.bank.pages.CustomerLoginPage.verifyLogoutTab(CustomerLoginPage.java:53)
at com.bank.pages.CustomerLoginPage.verifyLogoutTab(CustomerLoginPage.java:53)
at com.bank.pages.CustomerLoginPage.verifyLogoutTab(CustomerLoginPage.java:53)
at com.bank.pages.CustomerLoginPage.verifyLogoutTab(CustomerLoginPage.java:53)
at com.bank.pages.CustomerLoginPage.verifyLogoutTab(CustomerLoginPage.java:53)
at com.bank.pages.CustomerLoginPage.verifyLogoutTab(CustomerLoginPage.java:53)
at com.bank.pages.CustomerLoginPage.verifyLogoutTab(CustomerLoginPage.java:53)
at com.bank.pages.CustomerLoginPage.verifyLogoutTab(CustomerLoginPage.java:53)
at com.bank.pages.CustomerLoginPage.verifyLogoutTab(CustomerLoginPage.java:53)
at com.bank.pages.CustomerLoginPage.verifyLogoutTab(CustomerLoginPage.java:53)
at com.bank.pages.CustomerLoginPage.verifyLogoutTab(CustomerLoginPage.java:53)
at com.bank.pages.CustomerLoginPage.verifyLogoutTab(CustomerLoginPage.java:53)
at com.bank.pages.CustomerLoginPage.verifyLogoutTab(CustomerLoginPage.java:53)
at com.bank.pages.CustomerLoginPage.verifyLogoutTab(CustomerLoginPage.java:53)
at com.bank.pages.CustomerLoginPage.verifyLogoutTab(CustomerLoginPage.java:53)
at com.bank.pages.CustomerLoginPage.verifyLogoutTab(CustomerLoginPage.java:53)
at com.bank.pages.CustomerLoginPage.verifyLogoutTab(CustomerLoginPage.java:53)
at com.bank.pages.CustomerLoginPage.verifyLogoutTab(CustomerLoginPage.java:53)
at com.bank.pages.CustomerLoginPage.verifyLogoutTab(CustomerLoginPage.java:53)
at com.bank.pages.CustomerLoginPage.verifyLogoutTab(CustomerLoginPage.java:53)
at com.bank.pages.CustomerLoginPage.verifyLogoutTab(CustomerLoginPage.java:53)
at com.bank.pages.CustomerLoginPage.verifyLogoutTab(CustomerLoginPage.java:53)
at com.bank.pages.CustomerLoginPage.verifyLogoutTab(CustomerLoginPage.java:53)
at com.bank.pages.CustomerLoginPage.verifyLogoutTab(CustomerLoginPage.java:53)
at com.bank.pages.CustomerLoginPage.verifyLogoutTab(CustomerLoginPage.java:53)
at com.bank.pages.CustomerLoginPage.verifyLogoutTab(CustomerLoginPage.java:53)
at com.bank.pages.CustomerLoginPage.verifyLogoutTab(CustomerLoginPage.java:53)
at com.bank.pages.CustomerLoginPage.verifyLogoutTab(CustomerLoginPage.java:53)
at com.bank.pages.CustomerLoginPage.verifyLogoutTab(CustomerLoginPage.java:53)
at com.bank.pages.CustomerLoginPage.verifyLogoutTab(CustomerLoginPage.java:53)
at com.bank.pages.CustomerLoginPage.verifyLogoutTab(CustomerLoginPage.java:53)
at com.bank.pages.CustomerLoginPage.verifyLogoutTab(CustomerLoginPage.java:53)
at com.bank.pages.CustomerLoginPage.verifyLogoutTab(CustomerLoginPage.java:53)
at com.bank.pages.CustomerLoginPage.verifyLogoutTab(CustomerLoginPage.java:53)
at com.bank.pages.CustomerLoginPage.verifyLogoutTab(CustomerLoginPage.java:53)
at com.bank.pages.CustomerLoginPage.verifyLogoutTab(CustomerLoginPage.java:53)
at com.bank.pages.CustomerLoginPage.verifyLogoutTab(CustomerLoginPage.java:53)
at com.bank.pages.CustomerLoginPage.verifyLogoutTab(CustomerLoginPage.java:53)
at com.bank.pages.CustomerLoginPage.verifyLogoutTab(CustomerLoginPage.java:53)
at com.bank.pages.CustomerLoginPage.verifyLogoutTab(CustomerLoginPage.java:53)
at com.bank.pages.CustomerLoginPage.verifyLogoutTab(CustomerLoginPage.java:53)
at com.bank.pages.CustomerLoginPage.verifyLogoutTab(CustomerLoginPage.java:53)
at com.bank.pages.CustomerLoginPage.verifyLogoutTab(CustomerLoginPage.java:53)
at com.bank.pages.CustomerLoginPage.verifyLogoutTab(CustomerLoginPage.java:53)
at com.bank.pages.CustomerLoginPage.verifyLogoutTab(CustomerLoginPage.java:53)
at com.bank.pages.CustomerLoginPage.verifyLogoutTab(CustomerLoginPage.java:53)
at com.bank.pages.CustomerLoginPage.verifyLogoutTab(CustomerLoginPage.java:53)
at com.bank.pages.CustomerLoginPage.verifyLogoutTab(CustomerLoginPage.java:53)
at com.bank.pages.CustomerLoginPage.verifyLogoutTab(CustomerLoginPage.java:53)
at com.bank.pages.CustomerLoginPage.verifyLogoutTab(CustomerLoginPage.java:53)
at com.bank.pages.CustomerLoginPage.verifyLogoutTab(CustomerLoginPage.java:53)
at com.bank.pages.CustomerLoginPage.verifyLogoutTab(CustomerLoginPage.java:53)
at com.bank.pages.CustomerLoginPage.verifyLogoutTab(CustomerLoginPage.java:53)
at com.bank.pages.CustomerLoginPage.verifyLogoutTab(CustomerLoginPage.java:53)
at com.bank.pages.CustomerLoginPage.verifyLogoutTab(CustomerLoginPage.java:53)
at com.bank.pages.CustomerLoginPage.verifyLogoutTab(CustomerLoginPage.java:53)
at com.bank.pages.CustomerLoginPage.verifyLogoutTab(CustomerLoginPage.java:53)
at com.bank.pages.CustomerLoginPage.verifyLogoutTab(CustomerLoginPage.java:53)
at com.bank.pages.CustomerLoginPage.verifyLogoutTab(CustomerLoginPage.java:53)
at com.bank.pages.CustomerLoginPage.verifyLogoutTab(CustomerLoginPage.java:53)
at com.bank.pages.CustomerLoginPage.verifyLogoutTab(CustomerLoginPage.java:53)
at com.bank.pages.CustomerLoginPage.verifyLogoutTab(CustomerLoginPage.java:53)
at com.bank.pages.CustomerLoginPage.verifyLogoutTab(CustomerLoginPage.java:53)
at com.bank.pages.CustomerLoginPage.verifyLogoutTab(CustomerLoginPage.java:53)
at com.bank.pages.CustomerLoginPage.verifyLogoutTab(CustomerLoginPage.java:53)
at com.bank.pages.CustomerLoginPage.verifyLogoutTab(CustomerLoginPage.java:53)
at com.bank.pages.CustomerLoginPage.verifyLogoutTab(CustomerLoginPage.java:53)
at com.bank.pages.CustomerLoginPage.verifyLogoutTab(CustomerLoginPage.java:53)
at com.bank.pages.CustomerLoginPage.verifyLogoutTab(CustomerLoginPage.java:53)
at com.bank.pages.CustomerLoginPage.verifyLogoutTab(CustomerLoginPage.java:53)
at com.bank.pages.CustomerLoginPage.verifyLogoutTab(CustomerLoginPage.java:53)
at com.bank.pages.CustomerLoginPage.verifyLogoutTab(CustomerLoginPage.java:53)
at com.bank.pages.CustomerLoginPage.verifyLogoutTab(CustomerLoginPage.java:53)
at com.bank.pages.CustomerLoginPage.verifyLogoutTab(CustomerLoginPage.java:53)
at com.bank.pages.CustomerLoginPage.verifyLogoutTab(CustomerLoginPage.java:53)
at com.bank.pages.CustomerLoginPage.verifyLogoutTab(CustomerLoginPage.java:53)
at com.bank.pages.CustomerLoginPage.verifyLogoutTab(CustomerLoginPage.java:53)
at com.bank.pages.CustomerLoginPage.verifyLogoutTab(CustomerLoginPage.java:53)
at com.bank.pages.CustomerLoginPage.verifyLogoutTab(CustomerLoginPage.java:53)
at com.bank.pages.CustomerLoginPage.verifyLogoutTab(CustomerLoginPage.java:53)
at com.bank.pages.CustomerLoginPage.verifyLogoutTab(CustomerLoginPage.java:53)
at com.bank.pages.CustomerLoginPage.verifyLogoutTab(CustomerLoginPage.java:53)
at com.bank.pages.CustomerLoginPage.verifyLogoutTab(CustomerLoginPage.java:53)
at com.bank.pages.CustomerLoginPage.verifyLogoutTab(CustomerLoginPage.java:53)
at com.bank.pages.CustomerLoginPage.verifyLogoutTab(CustomerLoginPage.java:53)
at com.bank.pages.CustomerLoginPage.verifyLogoutTab(CustomerLoginPage.java:53)
at com.bank.pages.CustomerLoginPage.verifyLogoutTab(CustomerLoginPage.java:53)
at com.bank.pages.CustomerLoginPage.verifyLogoutTab(CustomerLoginPage.java:53)
at com.bank.pages.CustomerLoginPage.verifyLogoutTab(CustomerLoginPage.java:53)
at com.bank.pages.CustomerLoginPage.verifyLogoutTab(CustomerLoginPage.java:53)
at com.bank.pages.CustomerLoginPage.verifyLogoutTab(CustomerLoginPage.java:53)
at com.bank.pages.CustomerLoginPage.verifyLogoutTab(CustomerLoginPage.java:53)
at com.bank.pages.CustomerLoginPage.verifyLogoutTab(CustomerLoginPage.java:53)
at com.bank.pages.CustomerLoginPage.verifyLogoutTab(CustomerLoginPage.java:53)
at com.bank.pages.CustomerLoginPage.verifyLogoutTab(CustomerLoginPage.java:53)
at com.bank.pages.CustomerLoginPage.verifyLogoutTab(CustomerLoginPage.java:53)
at com.bank.pages.CustomerLoginPage.verifyLogoutTab(CustomerLoginPage.java:53)
at com.bank.pages.CustomerLoginPage.verifyLogoutTab(CustomerLoginPage.java:53)
at com.bank.pages.CustomerLoginPage.verifyLogoutTab(CustomerLoginPage.java:53)
at com.bank.pages.CustomerLoginPage.verifyLogoutTab(CustomerLoginPage.java:53)
at com.bank.pages.CustomerLoginPage.verifyLogoutTab(CustomerLoginPage.java:53)
at com.bank.pages.CustomerLoginPage.verifyLogoutTab(CustomerLoginPage.java:53)
at com.bank.pages.CustomerLoginPage.verifyLogoutTab(CustomerLoginPage.java:53)
at com.bank.pages.CustomerLoginPage.verifyLogoutTab(CustomerLoginPage.java:53)
at com.bank.pages.CustomerLoginPage.verifyLogoutTab(CustomerLoginPage.java:53)
at com.bank.pages.CustomerLoginPage.verifyLogoutTab(CustomerLoginPage.java:53)
at com.bank.pages.CustomerLoginPage.verifyLogoutTab(CustomerLoginPage.java:53)
at com.bank.pages.CustomerLoginPage.verifyLogoutTab(CustomerLoginPage.java:53)
at com.bank.pages.CustomerLoginPage.verifyLogoutTab(CustomerLoginPage.java:53)
at com.bank.pages.CustomerLoginPage.verifyLogoutTab(CustomerLoginPage.java:53)
at com.bank.pages.CustomerLoginPage.verifyLogoutTab(CustomerLoginPage.java:53)
at com.bank.pages.CustomerLoginPage.verifyLogoutTab(CustomerLoginPage.java:53)
at com.bank.pages.CustomerLoginPage.verifyLogoutTab(CustomerLoginPage.java:53)
at com.bank.pages.CustomerLoginPage.verifyLogoutTab(CustomerLoginPage.java:53)
at com.bank.pages.CustomerLoginPage.verifyLogoutTab(CustomerLoginPage.java:53)
at com.bank.pages.CustomerLoginPage.verifyLogoutTab(CustomerLoginPage.java:53)
at com.bank.pages.CustomerLoginPage.verifyLogoutTab(CustomerLoginPage.java:53)
at com.bank.pages.CustomerLoginPage.verifyLogoutTab(CustomerLoginPage.java:53)
at com.bank.pages.CustomerLoginPage.verifyLogoutTab(CustomerLoginPage.java:53)
at com.bank.pages.CustomerLoginPage.verifyLogoutTab(CustomerLoginPage.java:53)
at com.bank.pages.CustomerLoginPage.verifyLogoutTab(CustomerLoginPage.java:53)
at com.bank.pages.CustomerLoginPage.verifyLogoutTab(CustomerLoginPage.java:53)
at com.bank.pages.CustomerLoginPage.verifyLogoutTab(CustomerLoginPage.java:53)
at com.bank.pages.CustomerLoginPage.verifyLogoutTab(CustomerLoginPage.java:53)
at com.bank.pages.CustomerLoginPage.verifyLogoutTab(CustomerLoginPage.java:53)
at com.bank.pages.CustomerLoginPage.verifyLogoutTab(CustomerLoginPage.java:53)
at com.bank.pages.CustomerLoginPage.verifyLogoutTab(CustomerLoginPage.java:53)
at com.bank.pages.CustomerLoginPage.verifyLogoutTab(CustomerLoginPage.java:53)
at com.bank.pages.CustomerLoginPage.verifyLogoutTab(CustomerLoginPage.java:53)
at com.bank.pages.CustomerLoginPage.verifyLogoutTab(CustomerLoginPage.java:53)
at com.bank.pages.CustomerLoginPage.verifyLogoutTab(CustomerLoginPage.java:53)
at com.bank.pages.CustomerLoginPage.verifyLogoutTab(CustomerLoginPage.java:53)
at com.bank.pages.CustomerLoginPage.verifyLogoutTab(CustomerLoginPage.java:53)
at com.bank.pages.CustomerLoginPage.verifyLogoutTab(CustomerLoginPage.java:53)
at com.bank.pages.CustomerLoginPage.verifyLogoutTab(CustomerLoginPage.java:53)
at com.bank.pages.CustomerLoginPage.verifyLogoutTab(CustomerLoginPage.java:53)
at com.bank.pages.CustomerLoginPage.verifyLogoutTab(CustomerLoginPage.java:53)
at com.bank.pages.CustomerLoginPage.verifyLogoutTab(CustomerLoginPage.java:53)
at com.bank.pages.CustomerLoginPage.verifyLogoutTab(CustomerLoginPage.java:53)
at com.bank.pages.CustomerLoginPage.verifyLogoutTab(CustomerLoginPage.java:53)
at com.bank.pages.CustomerLoginPage.verifyLogoutTab(CustomerLoginPage.java:53)
at com.bank.pages.CustomerLoginPage.verifyLogoutTab(CustomerLoginPage.java:53)
at com.bank.pages.CustomerLoginPage.verifyLogoutTab(CustomerLoginPage.java:53)
at com.bank.pages.CustomerLoginPage.verifyLogoutTab(CustomerLoginPage.java:53)
at com.bank.pages.CustomerLoginPage.verifyLogoutTab(CustomerLoginPage.java:53)
at com.bank.pages.CustomerLoginPage.verifyLogoutTab(CustomerLoginPage.java:53)
at com.bank.pages.CustomerLoginPage.verifyLogoutTab(CustomerLoginPage.java:53)
at com.bank.pages.CustomerLoginPage.verifyLogoutTab(CustomerLoginPage.java:53)
at com.bank.pages.CustomerLoginPage.verifyLogoutTab(CustomerLoginPage.java:53)
at com.bank.pages.CustomerLoginPage.verifyLogoutTab(CustomerLoginPage.java:53)
at com.bank.pages.CustomerLoginPage.verifyLogoutTab(CustomerLoginPage.java:53)
at com.bank.pages.CustomerLoginPage.verifyLogoutTab(CustomerLoginPage.java:53)
at com.bank.pages.CustomerLoginPage.verifyLogoutTab(CustomerLoginPage.java:53)
at com.bank.pages.CustomerLoginPage.verifyLogoutTab(CustomerLoginPage.java:53)
at com.bank.pages.CustomerLoginPage.verifyLogoutTab(CustomerLoginPage.java:53)
at com.bank.pages.CustomerLoginPage.verifyLogoutTab(CustomerLoginPage.java:53)
at com.bank.pages.CustomerLoginPage.verifyLogoutTab(CustomerLoginPage.java:53)
at com.bank.pages.CustomerLoginPage.verifyLogoutTab(CustomerLoginPage.java:53)
at com.bank.pages.CustomerLoginPage.verifyLogoutTab(CustomerLoginPage.java:53)
at com.bank.pages.CustomerLoginPage.verifyLogoutTab(CustomerLoginPage.java:53)
at com.bank.pages.CustomerLoginPage.verifyLogoutTab(CustomerLoginPage.java:53)
at com.bank.pages.CustomerLoginPage.verifyLogoutTab(CustomerLoginPage.java:53)
at com.bank.pages.CustomerLoginPage.verifyLogoutTab(CustomerLoginPage.java:53)
at com.bank.pages.CustomerLoginPage.verifyLogoutTab(CustomerLoginPage.java:53)
at com.bank.pages.CustomerLoginPage.verifyLogoutTab(CustomerLoginPage.java:53)
at com.bank.pages.CustomerLoginPage.verifyLogoutTab(CustomerLoginPage.java:53)
at com.bank.pages.CustomerLoginPage.verifyLogoutTab(CustomerLoginPage.java:53)
at com.bank.pages.CustomerLoginPage.verifyLogoutTab(CustomerLoginPage.java:53)
at com.bank.pages.CustomerLoginPage.verifyLogoutTab(CustomerLoginPage.java:53)
at com.bank.pages.CustomerLoginPage.verifyLogoutTab(CustomerLoginPage.java:53)
at com.bank.pages.CustomerLoginPage.verifyLogoutTab(CustomerLoginPage.java:53)
at com.bank.pages.CustomerLoginPage.verifyLogoutTab(CustomerLoginPage.java:53)
at com.bank.pages.CustomerLoginPage.verifyLogoutTab(CustomerLoginPage.java:53)
at com.bank.pages.CustomerLoginPage.verifyLogoutTab(CustomerLoginPage.java:53)
at com.bank.pages.CustomerLoginPage.verifyLogoutTab(CustomerLoginPage.java:53)
at com.bank.pages.CustomerLoginPage.verifyLogoutTab(CustomerLoginPage.java:53)
at com.bank.pages.CustomerLoginPage.verifyLogoutTab(CustomerLoginPage.java:53)
at com.bank.pages.CustomerLoginPage.verifyLogoutTab(CustomerLoginPage.java:53)
at com.bank.pages.CustomerLoginPage.verifyLogoutTab(CustomerLoginPage.java:53)
at com.bank.pages.CustomerLoginPage.verifyLogoutTab(CustomerLoginPage.java:53)
at com.bank.pages.CustomerLoginPage.verifyLogoutTab(CustomerLoginPage.java:53)
at com.bank.pages.CustomerLoginPage.verifyLogoutTab(CustomerLoginPage.java:53)
at com.bank.pages.CustomerLoginPage.verifyLogoutTab(CustomerLoginPage.java:53)
at com.bank.pages.CustomerLoginPage.verifyLogoutTab(CustomerLoginPage.java:53)
at com.bank.pages.CustomerLoginPage.verifyLogoutTab(CustomerLoginPage.java:53)
at com.bank.pages.CustomerLoginPage.verifyLogoutTab(CustomerLoginPage.java:53)
at com.bank.pages.CustomerLoginPage.verifyLogoutTab(CustomerLoginPage.java:53)
at com.bank.pages.CustomerLoginPage.verifyLogoutTab(CustomerLoginPage.java:53)
at com.bank.pages.CustomerLoginPage.verifyLogoutTab(CustomerLoginPage.java:53)
at com.bank.pages.CustomerLoginPage.verifyLogoutTab(CustomerLoginPage.java:53)
at com.bank.pages.CustomerLoginPage.verifyLogoutTab(CustomerLoginPage.java:53)
at com.bank.pages.CustomerLoginPage.verifyLogoutTab(CustomerLoginPage.java:53)
at com.bank.pages.CustomerLoginPage.verifyLogoutTab(CustomerLoginPage.java:53)
at com.bank.pages.CustomerLoginPage.verifyLogoutTab(CustomerLoginPage.java:53)
at com.bank.pages.CustomerLoginPage.verifyLogoutTab(CustomerLoginPage.java:53)
at com.bank.pages.CustomerLoginPage.verifyLogoutTab(CustomerLoginPage.java:53)
at com.bank.pages.CustomerLoginPage.verifyLogoutTab(CustomerLoginPage.java:53)
at com.bank.pages.CustomerLoginPage.verifyLogoutTab(CustomerLoginPage.java:53)
at com.bank.pages.CustomerLoginPage.verifyLogoutTab(CustomerLoginPage.java:53)
at com.bank.pages.CustomerLoginPage.verifyLogoutTab(CustomerLoginPage.java:53)
at com.bank.pages.CustomerLoginPage.verifyLogoutTab(CustomerLoginPage.java:53)
at com.bank.pages.CustomerLoginPage.verifyLogoutTab(CustomerLoginPage.java:53)
at com.bank.pages.CustomerLoginPage.verifyLogoutTab(CustomerLoginPage.java:53)
at com.bank.pages.CustomerLoginPage.verifyLogoutTab(CustomerLoginPage.java:53)
at com.bank.pages.CustomerLoginPage.verifyLogoutTab(CustomerLoginPage.java:53)
at com.bank.pages.CustomerLoginPage.verifyLogoutTab(CustomerLoginPage.java:53)
at com.bank.pages.CustomerLoginPage.verifyLogoutTab(CustomerLoginPage.java:53)
at com.bank.pages.CustomerLoginPage.verifyLogoutTab(CustomerLoginPage.java:53)
at com.bank.pages.CustomerLoginPage.verifyLogoutTab(CustomerLoginPage.java:53)
at com.bank.pages.CustomerLoginPage.verifyLogoutTab(CustomerLoginPage.java:53)
at com.bank.pages.CustomerLoginPage.verifyLogoutTab(CustomerLoginPage.java:53)
at com.bank.pages.CustomerLoginPage.verifyLogoutTab(CustomerLoginPage.java:53)
at com.bank.pages.CustomerLoginPage.verifyLogoutTab(CustomerLoginPage.java:53)
at com.bank.pages.CustomerLoginPage.verifyLogoutTab(CustomerLoginPage.java:53)
at com.bank.pages.CustomerLoginPage.verifyLogoutTab(CustomerLoginPage.java:53)
at com.bank.pages.CustomerLoginPage.verifyLogoutTab(CustomerLoginPage.java:53)
at com.bank.pages.CustomerLoginPage.verifyLogoutTab(CustomerLoginPage.java:53)
at com.bank.pages.CustomerLoginPage.verifyLogoutTab(CustomerLoginPage.java:53)
at com.bank.pages.CustomerLoginPage.verifyLogoutTab(CustomerLoginPage.java:53)
at com.bank.pages.CustomerLoginPage.verifyLogoutTab(CustomerLoginPage.java:53)
at com.bank.pages.CustomerLoginPage.verifyLogoutTab(CustomerLoginPage.java:53)
at com.bank.pages.CustomerLoginPage.verifyLogoutTab(CustomerLoginPage.java:53)
at com.bank.pages.CustomerLoginPage.verifyLogoutTab(CustomerLoginPage.java:53)
at com.bank.pages.CustomerLoginPage.verifyLogoutTab(CustomerLoginPage.java:53)
at com.bank.pages.CustomerLoginPage.verifyLogoutTab(CustomerLoginPage.java:53)
at com.bank.pages.CustomerLoginPage.verifyLogoutTab(CustomerLoginPage.java:53)
at com.bank.pages.CustomerLoginPage.verifyLogoutTab(CustomerLoginPage.java:53)
at com.bank.pages.CustomerLoginPage.verifyLogoutTab(CustomerLoginPage.java:53)
at com.bank.pages.CustomerLoginPage.verifyLogoutTab(CustomerLoginPage.java:53)
at com.bank.pages.CustomerLoginPage.verifyLogoutTab(CustomerLoginPage.java:53)
at com.bank.pages.CustomerLoginPage.verifyLogoutTab(CustomerLoginPage.java:53)
at com.bank.pages.CustomerLoginPage.verifyLogoutTab(CustomerLoginPage.java:53)
at com.bank.pages.CustomerLoginPage.verifyLogoutTab(CustomerLoginPage.java:53)
at com.bank.pages.CustomerLoginPage.verifyLogoutTab(CustomerLoginPage.java:53)
at com.bank.pages.CustomerLoginPage.verifyLogoutTab(CustomerLoginPage.java:53)
at com.bank.pages.CustomerLoginPage.verifyLogoutTab(CustomerLoginPage.java:53)
at com.bank.pages.CustomerLoginPage.verifyLogoutTab(CustomerLoginPage.java:53)
at com.bank.pages.CustomerLoginPage.verifyLogoutTab(CustomerLoginPage.java:53)
at com.bank.pages.CustomerLoginPage.verifyLogoutTab(CustomerLoginPage.java:53)
at com.bank.pages.CustomerLoginPage.verifyLogoutTab(CustomerLoginPage.java:53)
at com.bank.pages.CustomerLoginPage.verifyLogoutTab(CustomerLoginPage.java:53)
at com.bank.pages.CustomerLoginPage.verifyLogoutTab(CustomerLoginPage.java:53)
at com.bank.pages.CustomerLoginPage.verifyLogoutTab(CustomerLoginPage.java:53)
at com.bank.pages.CustomerLoginPage.verifyLogoutTab(CustomerLoginPage.java:53)
at com.bank.pages.CustomerLoginPage.verifyLogoutTab(CustomerLoginPage.java:53)
at com.bank.pages.CustomerLoginPage.verifyLogoutTab(CustomerLoginPage.java:53)
at com.bank.pages.CustomerLoginPage.verifyLogoutTab(CustomerLoginPage.java:53)
at com.bank.pages.CustomerLoginPage.verifyLogoutTab(CustomerLoginPage.java:53)
at com.bank.pages.CustomerLoginPage.verifyLogoutTab(CustomerLoginPage.java:53)
at com.bank.pages.CustomerLoginPage.verifyLogoutTab(CustomerLoginPage.java:53)
at com.bank.pages.CustomerLoginPage.verifyLogoutTab(CustomerLoginPage.java:53)
at com.bank.pages.CustomerLoginPage.verifyLogoutTab(CustomerLoginPage.java:53)
at com.bank.pages.CustomerLoginPage.verifyLogoutTab(CustomerLoginPage.java:53)
at com.bank.pages.CustomerLoginPage.verifyLogoutTab(CustomerLoginPage.java:53)
at com.bank.pages.CustomerLoginPage.verifyLogoutTab(CustomerLoginPage.java:53)
at com.bank.pages.CustomerLoginPage.verifyLogoutTab(CustomerLoginPage.java:53)
at com.bank.pages.CustomerLoginPage.verifyLogoutTab(CustomerLoginPage.java:53)
at com.bank.pages.CustomerLoginPage.verifyLogoutTab(CustomerLoginPage.java:53)
at com.bank.pages.CustomerLoginPage.verifyLogoutTab(CustomerLoginPage.java:53)
at com.bank.pages.CustomerLoginPage.verifyLogoutTab(CustomerLoginPage.java:53)
at com.bank.pages.CustomerLoginPage.verifyLogoutTab(CustomerLoginPage.java:53)
at com.bank.pages.CustomerLoginPage.verifyLogoutTab(CustomerLoginPage.java:53)
at com.bank.pages.CustomerLoginPage.verifyLogoutTab(CustomerLoginPage.java:53)
at com.bank.pages.CustomerLoginPage.verifyLogoutTab(CustomerLoginPage.java:53)
at com.bank.pages.CustomerLoginPage.verifyLogoutTab(CustomerLoginPage.java:53)
at com.bank.pages.CustomerLoginPage.verifyLogoutTab(CustomerLoginPage.java:53)
at com.bank.pages.CustomerLoginPage.verifyLogoutTab(CustomerLoginPage.java:53)
at com.bank.pages.CustomerLoginPage.verifyLogoutTab(CustomerLoginPage.java:53)
at com.bank.pages.CustomerLoginPage.verifyLogoutTab(CustomerLoginPage.java:53)
at com.bank.pages.CustomerLoginPage.verifyLogoutTab(CustomerLoginPage.java:53)
at com.bank.pages.CustomerLoginPage.verifyLogoutTab(CustomerLoginPage.java:53)
at com.bank.pages.CustomerLoginPage.verifyLogoutTab(CustomerLoginPage.java:53)
at com.bank.pages.CustomerLoginPage.verifyLogoutTab(CustomerLoginPage.java:53)
at com.bank.pages.CustomerLoginPage.verifyLogoutTab(CustomerLoginPage.java:53)
at com.bank.pages.CustomerLoginPage.verifyLogoutTab(CustomerLoginPage.java:53)
at com.bank.pages.CustomerLoginPage.verifyLogoutTab(CustomerLoginPage.java:53)
at com.bank.pages.CustomerLoginPage.verifyLogoutTab(CustomerLoginPage.java:53)
at com.bank.pages.CustomerLoginPage.verifyLogoutTab(CustomerLoginPage.java:53)
at com.bank.pages.CustomerLoginPage.verifyLogoutTab(CustomerLoginPage.java:53)
at com.bank.pages.CustomerLoginPage.verifyLogoutTab(CustomerLoginPage.java:53)
at com.bank.pages.CustomerLoginPage.verifyLogoutTab(CustomerLoginPage.java:53)
at com.bank.pages.CustomerLoginPage.verifyLogoutTab(CustomerLoginPage.java:53)
at com.bank.pages.CustomerLoginPage.verifyLogoutTab(CustomerLoginPage.java:53)
at com.bank.pages.CustomerLoginPage.verifyLogoutTab(CustomerLoginPage.java:53)
at com.bank.pages.CustomerLoginPage.verifyLogoutTab(CustomerLoginPage.java:53)
at com.bank.pages.CustomerLoginPage.verifyLogoutTab(CustomerLoginPage.java:53)
at com.bank.pages.CustomerLoginPage.verifyLogoutTab(CustomerLoginPage.java:53)
at com.bank.pages.CustomerLoginPage.verifyLogoutTab(CustomerLoginPage.java:53)
at com.bank.pages.CustomerLoginPage.verifyLogoutTab(CustomerLoginPage.java:53)
at com.bank.pages.CustomerLoginPage.verifyLogoutTab(CustomerLoginPage.java:53)
at com.bank.pages.CustomerLoginPage.verifyLogoutTab(CustomerLoginPage.java:53)
at com.bank.pages.CustomerLoginPage.verifyLogoutTab(CustomerLoginPage.java:53)
at com.bank.pages.CustomerLoginPage.verifyLogoutTab(CustomerLoginPage.java:53)
at com.bank.pages.CustomerLoginPage.verifyLogoutTab(CustomerLoginPage.java:53)
at com.bank.pages.CustomerLoginPage.verifyLogoutTab(CustomerLoginPage.java:53)
at com.bank.pages.CustomerLoginPage.verifyLogoutTab(CustomerLoginPage.java:53)
at com.bank.pages.CustomerLoginPage.verifyLogoutTab(CustomerLoginPage.java:53)
at com.bank.pages.CustomerLoginPage.verifyLogoutTab(CustomerLoginPage.java:53)
at com.bank.pages.CustomerLoginPage.verifyLogoutTab(CustomerLoginPage.java:53)
at com.bank.pages.CustomerLoginPage.verifyLogoutTab(CustomerLoginPage.java:53)
at com.bank.pages.CustomerLoginPage.verifyLogoutTab(CustomerLoginPage.java:53)
at com.bank.pages.CustomerLoginPage.verifyLogoutTab(CustomerLoginPage.java:53)
at com.bank.pages.CustomerLoginPage.verifyLogoutTab(CustomerLoginPage.java:53)
at com.bank.pages.CustomerLoginPage.verifyLogoutTab(CustomerLoginPage.java:53)
at com.bank.pages.CustomerLoginPage.verifyLogoutTab(CustomerLoginPage.java:53)
at com.bank.pages.CustomerLoginPage.verifyLogoutTab(CustomerLoginPage.java:53)
at com.bank.pages.CustomerLoginPage.verifyLogoutTab(CustomerLoginPage.java:53)
at com.bank.pages.CustomerLoginPage.verifyLogoutTab(CustomerLoginPage.java:53)
at com.bank.pages.CustomerLoginPage.verifyLogoutTab(CustomerLoginPage.java:53)
at com.bank.pages.CustomerLoginPage.verifyLogoutTab(CustomerLoginPage.java:53)
at com.bank.pages.CustomerLoginPage.verifyLogoutTab(CustomerLoginPage.java:53)
at com.bank.pages.CustomerLoginPage.verifyLogoutTab(CustomerLoginPage.java:53)
at com.bank.pages.CustomerLoginPage.verifyLogoutTab(CustomerLoginPage.java:53)
at com.bank.pages.CustomerLoginPage.verifyLogoutTab(CustomerLoginPage.java:53)
at com.bank.pages.CustomerLoginPage.verifyLogoutTab(CustomerLoginPage.java:53)
at com.bank.pages.CustomerLoginPage.verifyLogoutTab(CustomerLoginPage.java:53)
at com.bank.pages.CustomerLoginPage.verifyLogoutTab(CustomerLoginPage.java:53)
at com.bank.pages.CustomerLoginPage.verifyLogoutTab(CustomerLoginPage.java:53)
at com.bank.pages.CustomerLoginPage.verifyLogoutTab(CustomerLoginPage.java:53)
at com.bank.pages.CustomerLoginPage.verifyLogoutTab(CustomerLoginPage.java:53)
at com.bank.pages.CustomerLoginPage.verifyLogoutTab(CustomerLoginPage.java:53)
at com.bank.pages.CustomerLoginPage.verifyLogoutTab(CustomerLoginPage.java:53)
at com.bank.pages.CustomerLoginPage.verifyLogoutTab(CustomerLoginPage.java:53)
at com.bank.pages.CustomerLoginPage.verifyLogoutTab(CustomerLoginPage.java:53)
at com.bank.pages.CustomerLoginPage.verifyLogoutTab(CustomerLoginPage.java:53)
at com.bank.pages.CustomerLoginPage.verifyLogoutTab(CustomerLoginPage.java:53)
at com.bank.pages.CustomerLoginPage.verifyLogoutTab(CustomerLoginPage.java:53)
at com.bank.pages.CustomerLoginPage.verifyLogoutTab(CustomerLoginPage.java:53)
at com.bank.pages.CustomerLoginPage.verifyLogoutTab(CustomerLoginPage.java:53)
at com.bank.pages.CustomerLoginPage.verifyLogoutTab(CustomerLoginPage.java:53)
at com.bank.pages.CustomerLoginPage.verifyLogoutTab(CustomerLoginPage.java:53)
at com.bank.pages.CustomerLoginPage.verifyLogoutTab(CustomerLoginPage.java:53)
at com.bank.pages.CustomerLoginPage.verifyLogoutTab(CustomerLoginPage.java:53)
at com.bank.pages.CustomerLoginPage.verifyLogoutTab(CustomerLoginPage.java:53)
at com.bank.pages.CustomerLoginPage.verifyLogoutTab(CustomerLoginPage.java:53)
at com.bank.pages.CustomerLoginPage.verifyLogoutTab(CustomerLoginPage.java:53)
at com.bank.pages.CustomerLoginPage.verifyLogoutTab(CustomerLoginPage.java:53)
at com.bank.pages.CustomerLoginPage.verifyLogoutTab(CustomerLoginPage.java:53)
at com.bank.pages.CustomerLoginPage.verifyLogoutTab(CustomerLoginPage.java:53)
at com.bank.pages.CustomerLoginPage.verifyLogoutTab(CustomerLoginPage.java:53)
at com.bank.pages.CustomerLoginPage.verifyLogoutTab(CustomerLoginPage.java:53)
at com.bank.pages.CustomerLoginPage.verifyLogoutTab(CustomerLoginPage.java:53)
at com.bank.pages.CustomerLoginPage.verifyLogoutTab(CustomerLoginPage.java:53)
at com.bank.pages.CustomerLoginPage.verifyLogoutTab(CustomerLoginPage.java:53)
at com.bank.pages.CustomerLoginPage.verifyLogoutTab(CustomerLoginPage.java:53)
at com.bank.pages.CustomerLoginPage.verifyLogoutTab(CustomerLoginPage.java:53)
at com.bank.pages.CustomerLoginPage.verifyLogoutTab(CustomerLoginPage.java:53)
at com.bank.pages.CustomerLoginPage.verifyLogoutTab(CustomerLoginPage.java:53)
at com.bank.pages.CustomerLoginPage.verifyLogoutTab(CustomerLoginPage.java:53)
at com.bank.pages.CustomerLoginPage.verifyLogoutTab(CustomerLoginPage.java:53)
at com.bank.pages.CustomerLoginPage.verifyLogoutTab(CustomerLoginPage.java:53)
at com.bank.pages.CustomerLoginPage.verifyLogoutTab(CustomerLoginPage.java:53)
at com.bank.pages.CustomerLoginPage.verifyLogoutTab(CustomerLoginPage.java:53)
at com.bank.pages.CustomerLoginPage.verifyLogoutTab(CustomerLoginPage.java:53)
at com.bank.pages.CustomerLoginPage.verifyLogoutTab(CustomerLoginPage.java:53)
at com.bank.pages.CustomerLoginPage.verifyLogoutTab(CustomerLoginPage.java:53)
at com.bank.pages.CustomerLoginPage.verifyLogoutTab(CustomerLoginPage.java:53)
at com.bank.pages.CustomerLoginPage.verifyLogoutTab(CustomerLoginPage.java:53)
at com.bank.pages.CustomerLoginPage.verifyLogoutTab(CustomerLoginPage.java:53)
at com.bank.pages.CustomerLoginPage.verifyLogoutTab(CustomerLoginPage.java:53)
at com.bank.pages.CustomerLoginPage.verifyLogoutTab(CustomerLoginPage.java:53)
at com.bank.pages.CustomerLoginPage.verifyLogoutTab(CustomerLoginPage.java:53)
at com.bank.pages.CustomerLoginPage.verifyLogoutTab(CustomerLoginPage.java:53)
at com.bank.pages.CustomerLoginPage.verifyLogoutTab(CustomerLoginPage.java:53)
at com.bank.pages.CustomerLoginPage.verifyLogoutTab(CustomerLoginPage.java:53)
at com.bank.pages.CustomerLoginPage.verifyLogoutTab(CustomerLoginPage.java:53)
at com.bank.pages.CustomerLoginPage.verifyLogoutTab(CustomerLoginPage.java:53)
at com.bank.pages.CustomerLoginPage.verifyLogoutTab(CustomerLoginPage.java:53)
at com.bank.pages.CustomerLoginPage.verifyLogoutTab(CustomerLoginPage.java:53)
at com.bank.pages.CustomerLoginPage.verifyLogoutTab(CustomerLoginPage.java:53)
at com.bank.pages.CustomerLoginPage.verifyLogoutTab(CustomerLoginPage.java:53)
at com.bank.pages.CustomerLoginPage.verifyLogoutTab(CustomerLoginPage.java:53)
at com.bank.pages.CustomerLoginPage.verifyLogoutTab(CustomerLoginPage.java:53)
at com.bank.pages.CustomerLoginPage.verifyLogoutTab(CustomerLoginPage.java:53)
at com.bank.pages.CustomerLoginPage.verifyLogoutTab(CustomerLoginPage.java:53)
at com.bank.pages.CustomerLoginPage.verifyLogoutTab(CustomerLoginPage.java:53)
at com.bank.pages.CustomerLoginPage.verifyLogoutTab(CustomerLoginPage.java:53)
at com.bank.pages.CustomerLoginPage.verifyLogoutTab(CustomerLoginPage.java:53)
at com.bank.pages.CustomerLoginPage.verifyLogoutTab(CustomerLoginPage.java:53)
at com.bank.pages.CustomerLoginPage.verifyLogoutTab(CustomerLoginPage.java:53)
at com.bank.pages.CustomerLoginPage.verifyLogoutTab(CustomerLoginPage.java:53)
at com.bank.pages.CustomerLoginPage.verifyLogoutTab(CustomerLoginPage.java:53)
at com.bank.pages.CustomerLoginPage.verifyLogoutTab(CustomerLoginPage.java:53)
]]>
    </error>
  </testcase> <!-- customerShouldLoginAndLogoutSuccessfully -->
  <system-out>
    <![CDATA[click on customer login[[ChromeDriver: chrome on WINDOWS (1779389475f5b1b6a39a0869e4513b02)] -> xpath: //button[normalize-space()='Customer Login']]
click on customer login[[ChromeDriver: chrome on WINDOWS (1779389475f5b1b6a39a0869e4513b02)] -> xpath: //button[normalize-space()='Customer Login']]
user should click on name[[ChromeDriver: chrome on WINDOWS (1779389475f5b1b6a39a0869e4513b02)] -> xpath: //select[@id='userSelect']]
user should click [[ChromeDriver: chrome on WINDOWS (1779389475f5b1b6a39a0869e4513b02)] -> xpath: //button[contains(text(),'Login')]]
verify tab[[ChromeDriver: chrome on WINDOWS (1779389475f5b1b6a39a0869e4513b02)] -> xpath: //button[contains(text(),'Logout')]]
verify tab[[ChromeDriver: chrome on WINDOWS (1779389475f5b1b6a39a0869e4513b02)] -> xpath: //button[contains(text(),'Logout')]]
verify tab[[ChromeDriver: chrome on WINDOWS (1779389475f5b1b6a39a0869e4513b02)] -> xpath: //button[contains(text(),'Logout')]]
verify tab[[ChromeDriver: chrome on WINDOWS (1779389475f5b1b6a39a0869e4513b02)] -> xpath: //button[contains(text(),'Logout')]]
verify tab[[ChromeDriver: chrome on WINDOWS (1779389475f5b1b6a39a0869e4513b02)] -> xpath: //button[contains(text(),'Logout')]]
verify tab[[ChromeDriver: chrome on WINDOWS (1779389475f5b1b6a39a0869e4513b02)] -> xpath: //button[contains(text(),'Logout')]]
verify tab[[ChromeDriver: chrome on WINDOWS (1779389475f5b1b6a39a0869e4513b02)] -> xpath: //button[contains(text(),'Logout')]]
verify tab[[ChromeDriver: chrome on WINDOWS (1779389475f5b1b6a39a0869e4513b02)] -> xpath: //button[contains(text(),'Logout')]]
verify tab[[ChromeDriver: chrome on WINDOWS (1779389475f5b1b6a39a0869e4513b02)] -> xpath: //button[contains(text(),'Logout')]]
verify tab[[ChromeDriver: chrome on WINDOWS (1779389475f5b1b6a39a0869e4513b02)] -> xpath: //button[contains(text(),'Logout')]]
verify tab[[ChromeDriver: chrome on WINDOWS (1779389475f5b1b6a39a0869e4513b02)] -> xpath: //button[contains(text(),'Logout')]]
verify tab[[ChromeDriver: chrome on WINDOWS (1779389475f5b1b6a39a0869e4513b02)] -> xpath: //button[contains(text(),'Logout')]]
verify tab[[ChromeDriver: chrome on WINDOWS (1779389475f5b1b6a39a0869e4513b02)] -> xpath: //button[contains(text(),'Logout')]]
verify tab[[ChromeDriver: chrome on WINDOWS (1779389475f5b1b6a39a0869e4513b02)] -> xpath: //button[contains(text(),'Logout')]]
verify tab[[ChromeDriver: chrome on WINDOWS (1779389475f5b1b6a39a0869e4513b02)] -> xpath: //button[contains(text(),'Logout')]]
verify tab[[ChromeDriver: chrome on WINDOWS (1779389475f5b1b6a39a0869e4513b02)] -> xpath: //button[contains(text(),'Logout')]]
verify tab[[ChromeDriver: chrome on WINDOWS (1779389475f5b1b6a39a0869e4513b02)] -> xpath: //button[contains(text(),'Logout')]]
verify tab[[ChromeDriver: chrome on WINDOWS (1779389475f5b1b6a39a0869e4513b02)] -> xpath: //button[contains(text(),'Logout')]]
verify tab[[ChromeDriver: chrome on WINDOWS (1779389475f5b1b6a39a0869e4513b02)] -> xpath: //button[contains(text(),'Logout')]]
verify tab[[ChromeDriver: chrome on WINDOWS (1779389475f5b1b6a39a0869e4513b02)] -> xpath: //button[contains(text(),'Logout')]]
verify tab[[ChromeDriver: chrome on WINDOWS (1779389475f5b1b6a39a0869e4513b02)] -> xpath: //button[contains(text(),'Logout')]]
verify tab[[ChromeDriver: chrome on WINDOWS (1779389475f5b1b6a39a0869e4513b02)] -> xpath: //button[contains(text(),'Logout')]]
verify tab[[ChromeDriver: chrome on WINDOWS (1779389475f5b1b6a39a0869e4513b02)] -> xpath: //button[contains(text(),'Logout')]]
verify tab[[ChromeDriver: chrome on WINDOWS (1779389475f5b1b6a39a0869e4513b02)] -> xpath: //button[contains(text(),'Logout')]]
verify tab[[ChromeDriver: chrome on WINDOWS (1779389475f5b1b6a39a0869e4513b02)] -> xpath: //button[contains(text(),'Logout')]]
verify tab[[ChromeDriver: chrome on WINDOWS (1779389475f5b1b6a39a0869e4513b02)] -> xpath: //button[contains(text(),'Logout')]]
verify tab[[ChromeDriver: chrome on WINDOWS (1779389475f5b1b6a39a0869e4513b02)] -> xpath: //button[contains(text(),'Logout')]]
verify tab[[ChromeDriver: chrome on WINDOWS (1779389475f5b1b6a39a0869e4513b02)] -> xpath: //button[contains(text(),'Logout')]]
verify tab[[ChromeDriver: chrome on WINDOWS (1779389475f5b1b6a39a0869e4513b02)] -> xpath: //button[contains(text(),'Logout')]]
verify tab[[ChromeDriver: chrome on WINDOWS (1779389475f5b1b6a39a0869e4513b02)] -> xpath: //button[contains(text(),'Logout')]]
verify tab[[ChromeDriver: chrome on WINDOWS (1779389475f5b1b6a39a0869e4513b02)] -> xpath: //button[contains(text(),'Logout')]]
verify tab[[ChromeDriver: chrome on WINDOWS (1779389475f5b1b6a39a0869e4513b02)] -> xpath: //button[contains(text(),'Logout')]]
verify tab[[ChromeDriver: chrome on WINDOWS (1779389475f5b1b6a39a0869e4513b02)] -> xpath: //button[contains(text(),'Logout')]]
verify tab[[ChromeDriver: chrome on WINDOWS (1779389475f5b1b6a39a0869e4513b02)] -> xpath: //button[contains(text(),'Logout')]]
verify tab[[ChromeDriver: chrome on WINDOWS (1779389475f5b1b6a39a0869e4513b02)] -> xpath: //button[contains(text(),'Logout')]]
verify tab[[ChromeDriver: chrome on WINDOWS (1779389475f5b1b6a39a0869e4513b02)] -> xpath: //button[contains(text(),'Logout')]]
verify tab[[ChromeDriver: chrome on WINDOWS (1779389475f5b1b6a39a0869e4513b02)] -> xpath: //button[contains(text(),'Logout')]]
verify tab[[ChromeDriver: chrome on WINDOWS (1779389475f5b1b6a39a0869e4513b02)] -> xpath: //button[contains(text(),'Logout')]]
verify tab[[ChromeDriver: chrome on WINDOWS (1779389475f5b1b6a39a0869e4513b02)] -> xpath: //button[contains(text(),'Logout')]]
verify tab[[ChromeDriver: chrome on WINDOWS (1779389475f5b1b6a39a0869e4513b02)] -> xpath: //button[contains(text(),'Logout')]]
verify tab[[ChromeDriver: chrome on WINDOWS (1779389475f5b1b6a39a0869e4513b02)] -> xpath: //button[contains(text(),'Logout')]]
verify tab[[ChromeDriver: chrome on WINDOWS (1779389475f5b1b6a39a0869e4513b02)] -> xpath: //button[contains(text(),'Logout')]]
verify tab[[ChromeDriver: chrome on WINDOWS (1779389475f5b1b6a39a0869e4513b02)] -> xpath: //button[contains(text(),'Logout')]]
verify tab[[ChromeDriver: chrome on WINDOWS (1779389475f5b1b6a39a0869e4513b02)] -> xpath: //button[contains(text(),'Logout')]]
verify tab[[ChromeDriver: chrome on WINDOWS (1779389475f5b1b6a39a0869e4513b02)] -> xpath: //button[contains(text(),'Logout')]]
verify tab[[ChromeDriver: chrome on WINDOWS (1779389475f5b1b6a39a0869e4513b02)] -> xpath: //button[contains(text(),'Logout')]]
verify tab[[ChromeDriver: chrome on WINDOWS (1779389475f5b1b6a39a0869e4513b02)] -> xpath: //button[contains(text(),'Logout')]]
verify tab[[ChromeDriver: chrome on WINDOWS (1779389475f5b1b6a39a0869e4513b02)] -> xpath: //button[contains(text(),'Logout')]]
verify tab[[ChromeDriver: chrome on WINDOWS (1779389475f5b1b6a39a0869e4513b02)] -> xpath: //button[contains(text(),'Logout')]]
verify tab[[ChromeDriver: chrome on WINDOWS (1779389475f5b1b6a39a0869e4513b02)] -> xpath: //button[contains(text(),'Logout')]]
verify tab[[ChromeDriver: chrome on WINDOWS (1779389475f5b1b6a39a0869e4513b02)] -> xpath: //button[contains(text(),'Logout')]]
verify tab[[ChromeDriver: chrome on WINDOWS (1779389475f5b1b6a39a0869e4513b02)] -> xpath: //button[contains(text(),'Logout')]]
verify tab[[ChromeDriver: chrome on WINDOWS (1779389475f5b1b6a39a0869e4513b02)] -> xpath: //button[contains(text(),'Logout')]]
verify tab[[ChromeDriver: chrome on WINDOWS (1779389475f5b1b6a39a0869e4513b02)] -> xpath: //button[contains(text(),'Logout')]]
verify tab[[ChromeDriver: chrome on WINDOWS (1779389475f5b1b6a39a0869e4513b02)] -> xpath: //button[contains(text(),'Logout')]]
verify tab[[ChromeDriver: chrome on WINDOWS (1779389475f5b1b6a39a0869e4513b02)] -> xpath: //button[contains(text(),'Logout')]]
verify tab[[ChromeDriver: chrome on WINDOWS (1779389475f5b1b6a39a0869e4513b02)] -> xpath: //button[contains(text(),'Logout')]]
verify tab[[ChromeDriver: chrome on WINDOWS (1779389475f5b1b6a39a0869e4513b02)] -> xpath: //button[contains(text(),'Logout')]]
verify tab[[ChromeDriver: chrome on WINDOWS (1779389475f5b1b6a39a0869e4513b02)] -> xpath: //button[contains(text(),'Logout')]]
verify tab[[ChromeDriver: chrome on WINDOWS (1779389475f5b1b6a39a0869e4513b02)] -> xpath: //button[contains(text(),'Logout')]]
verify tab[[ChromeDriver: chrome on WINDOWS (1779389475f5b1b6a39a0869e4513b02)] -> xpath: //button[contains(text(),'Logout')]]
verify tab[[ChromeDriver: chrome on WINDOWS (1779389475f5b1b6a39a0869e4513b02)] -> xpath: //button[contains(text(),'Logout')]]
verify tab[[ChromeDriver: chrome on WINDOWS (1779389475f5b1b6a39a0869e4513b02)] -> xpath: //button[contains(text(),'Logout')]]
verify tab[[ChromeDriver: chrome on WINDOWS (1779389475f5b1b6a39a0869e4513b02)] -> xpath: //button[contains(text(),'Logout')]]
verify tab[[ChromeDriver: chrome on WINDOWS (1779389475f5b1b6a39a0869e4513b02)] -> xpath: //button[contains(text(),'Logout')]]
verify tab[[ChromeDriver: chrome on WINDOWS (1779389475f5b1b6a39a0869e4513b02)] -> xpath: //button[contains(text(),'Logout')]]
verify tab[[ChromeDriver: chrome on WINDOWS (1779389475f5b1b6a39a0869e4513b02)] -> xpath: //button[contains(text(),'Logout')]]
verify tab[[ChromeDriver: chrome on WINDOWS (1779389475f5b1b6a39a0869e4513b02)] -> xpath: //button[contains(text(),'Logout')]]
verify tab[[ChromeDriver: chrome on WINDOWS (1779389475f5b1b6a39a0869e4513b02)] -> xpath: //button[contains(text(),'Logout')]]
verify tab[[ChromeDriver: chrome on WINDOWS (1779389475f5b1b6a39a0869e4513b02)] -> xpath: //button[contains(text(),'Logout')]]
verify tab[[ChromeDriver: chrome on WINDOWS (1779389475f5b1b6a39a0869e4513b02)] -> xpath: //button[contains(text(),'Logout')]]
verify tab[[ChromeDriver: chrome on WINDOWS (1779389475f5b1b6a39a0869e4513b02)] -> xpath: //button[contains(text(),'Logout')]]
verify tab[[ChromeDriver: chrome on WINDOWS (1779389475f5b1b6a39a0869e4513b02)] -> xpath: //button[contains(text(),'Logout')]]
verify tab[[ChromeDriver: chrome on WINDOWS (1779389475f5b1b6a39a0869e4513b02)] -> xpath: //button[contains(text(),'Logout')]]
verify tab[[ChromeDriver: chrome on WINDOWS (1779389475f5b1b6a39a0869e4513b02)] -> xpath: //button[contains(text(),'Logout')]]
verify tab[[ChromeDriver: chrome on WINDOWS (1779389475f5b1b6a39a0869e4513b02)] -> xpath: //button[contains(text(),'Logout')]]
verify tab[[ChromeDriver: chrome on WINDOWS (1779389475f5b1b6a39a0869e4513b02)] -> xpath: //button[contains(text(),'Logout')]]
verify tab[[ChromeDriver: chrome on WINDOWS (1779389475f5b1b6a39a0869e4513b02)] -> xpath: //button[contains(text(),'Logout')]]
verify tab[[ChromeDriver: chrome on WINDOWS (1779389475f5b1b6a39a0869e4513b02)] -> xpath: //button[contains(text(),'Logout')]]
verify tab[[ChromeDriver: chrome on WINDOWS (1779389475f5b1b6a39a0869e4513b02)] -> xpath: //button[contains(text(),'Logout')]]
verify tab[[ChromeDriver: chrome on WINDOWS (1779389475f5b1b6a39a0869e4513b02)] -> xpath: //button[contains(text(),'Logout')]]
verify tab[[ChromeDriver: chrome on WINDOWS (1779389475f5b1b6a39a0869e4513b02)] -> xpath: //button[contains(text(),'Logout')]]
verify tab[[ChromeDriver: chrome on WINDOWS (1779389475f5b1b6a39a0869e4513b02)] -> xpath: //button[contains(text(),'Logout')]]
verify tab[[ChromeDriver: chrome on WINDOWS (1779389475f5b1b6a39a0869e4513b02)] -> xpath: //button[contains(text(),'Logout')]]
verify tab[[ChromeDriver: chrome on WINDOWS (1779389475f5b1b6a39a0869e4513b02)] -> xpath: //button[contains(text(),'Logout')]]
verify tab[[ChromeDriver: chrome on WINDOWS (1779389475f5b1b6a39a0869e4513b02)] -> xpath: //button[contains(text(),'Logout')]]
verify tab[[ChromeDriver: chrome on WINDOWS (1779389475f5b1b6a39a0869e4513b02)] -> xpath: //button[contains(text(),'Logout')]]
verify tab[[ChromeDriver: chrome on WINDOWS (1779389475f5b1b6a39a0869e4513b02)] -> xpath: //button[contains(text(),'Logout')]]
verify tab[[ChromeDriver: chrome on WINDOWS (1779389475f5b1b6a39a0869e4513b02)] -> xpath: //button[contains(text(),'Logout')]]
verify tab[[ChromeDriver: chrome on WINDOWS (1779389475f5b1b6a39a0869e4513b02)] -> xpath: //button[contains(text(),'Logout')]]
verify tab[[ChromeDriver: chrome on WINDOWS (1779389475f5b1b6a39a0869e4513b02)] -> xpath: //button[contains(text(),'Logout')]]
verify tab[[ChromeDriver: chrome on WINDOWS (1779389475f5b1b6a39a0869e4513b02)] -> xpath: //button[contains(text(),'Logout')]]
verify tab[[ChromeDriver: chrome on WINDOWS (1779389475f5b1b6a39a0869e4513b02)] -> xpath: //button[contains(text(),'Logout')]]
verify tab[[ChromeDriver: chrome on WINDOWS (1779389475f5b1b6a39a0869e4513b02)] -> xpath: //button[contains(text(),'Logout')]]
verify tab[[ChromeDriver: chrome on WINDOWS (1779389475f5b1b6a39a0869e4513b02)] -> xpath: //button[contains(text(),'Logout')]]
verify tab[[ChromeDriver: chrome on WINDOWS (1779389475f5b1b6a39a0869e4513b02)] -> xpath: //button[contains(text(),'Logout')]]
verify tab[[ChromeDriver: chrome on WINDOWS (1779389475f5b1b6a39a0869e4513b02)] -> xpath: //button[contains(text(),'Logout')]]
verify tab[[ChromeDriver: chrome on WINDOWS (1779389475f5b1b6a39a0869e4513b02)] -> xpath: //button[contains(text(),'Logout')]]
verify tab[[ChromeDriver: chrome on WINDOWS (1779389475f5b1b6a39a0869e4513b02)] -> xpath: //button[contains(text(),'Logout')]]
verify tab[[ChromeDriver: chrome on WINDOWS (1779389475f5b1b6a39a0869e4513b02)] -> xpath: //button[contains(text(),'Logout')]]
verify tab[[ChromeDriver: chrome on WINDOWS (1779389475f5b1b6a39a0869e4513b02)] -> xpath: //button[contains(text(),'Logout')]]
verify tab[[ChromeDriver: chrome on WINDOWS (1779389475f5b1b6a39a0869e4513b02)] -> xpath: //button[contains(text(),'Logout')]]
verify tab[[ChromeDriver: chrome on WINDOWS (1779389475f5b1b6a39a0869e4513b02)] -> xpath: //button[contains(text(),'Logout')]]
verify tab[[ChromeDriver: chrome on WINDOWS (1779389475f5b1b6a39a0869e4513b02)] -> xpath: //button[contains(text(),'Logout')]]
verify tab[[ChromeDriver: chrome on WINDOWS (1779389475f5b1b6a39a0869e4513b02)] -> xpath: //button[contains(text(),'Logout')]]
verify tab[[ChromeDriver: chrome on WINDOWS (1779389475f5b1b6a39a0869e4513b02)] -> xpath: //button[contains(text(),'Logout')]]
verify tab[[ChromeDriver: chrome on WINDOWS (1779389475f5b1b6a39a0869e4513b02)] -> xpath: //button[contains(text(),'Logout')]]
verify tab[[ChromeDriver: chrome on WINDOWS (1779389475f5b1b6a39a0869e4513b02)] -> xpath: //button[contains(text(),'Logout')]]
verify tab[[ChromeDriver: chrome on WINDOWS (1779389475f5b1b6a39a0869e4513b02)] -> xpath: //button[contains(text(),'Logout')]]
verify tab[[ChromeDriver: chrome on WINDOWS (1779389475f5b1b6a39a0869e4513b02)] -> xpath: //button[contains(text(),'Logout')]]
verify tab[[ChromeDriver: chrome on WINDOWS (1779389475f5b1b6a39a0869e4513b02)] -> xpath: //button[contains(text(),'Logout')]]
verify tab[[ChromeDriver: chrome on WINDOWS (1779389475f5b1b6a39a0869e4513b02)] -> xpath: //button[contains(text(),'Logout')]]
verify tab[[ChromeDriver: chrome on WINDOWS (1779389475f5b1b6a39a0869e4513b02)] -> xpath: //button[contains(text(),'Logout')]]
verify tab[[ChromeDriver: chrome on WINDOWS (1779389475f5b1b6a39a0869e4513b02)] -> xpath: //button[contains(text(),'Logout')]]
verify tab[[ChromeDriver: chrome on WINDOWS (1779389475f5b1b6a39a0869e4513b02)] -> xpath: //button[contains(text(),'Logout')]]
verify tab[[ChromeDriver: chrome on WINDOWS (1779389475f5b1b6a39a0869e4513b02)] -> xpath: //button[contains(text(),'Logout')]]
verify tab[[ChromeDriver: chrome on WINDOWS (1779389475f5b1b6a39a0869e4513b02)] -> xpath: //button[contains(text(),'Logout')]]
verify tab[[ChromeDriver: chrome on WINDOWS (1779389475f5b1b6a39a0869e4513b02)] -> xpath: //button[contains(text(),'Logout')]]
verify tab[[ChromeDriver: chrome on WINDOWS (1779389475f5b1b6a39a0869e4513b02)] -> xpath: //button[contains(text(),'Logout')]]
verify tab[[ChromeDriver: chrome on WINDOWS (1779389475f5b1b6a39a0869e4513b02)] -> xpath: //button[contains(text(),'Logout')]]
verify tab[[ChromeDriver: chrome on WINDOWS (1779389475f5b1b6a39a0869e4513b02)] -> xpath: //button[contains(text(),'Logout')]]
verify tab[[ChromeDriver: chrome on WINDOWS (1779389475f5b1b6a39a0869e4513b02)] -> xpath: //button[contains(text(),'Logout')]]
verify tab[[ChromeDriver: chrome on WINDOWS (1779389475f5b1b6a39a0869e4513b02)] -> xpath: //button[contains(text(),'Logout')]]
verify tab[[ChromeDriver: chrome on WINDOWS (1779389475f5b1b6a39a0869e4513b02)] -> xpath: //button[contains(text(),'Logout')]]
verify tab[[ChromeDriver: chrome on WINDOWS (1779389475f5b1b6a39a0869e4513b02)] -> xpath: //button[contains(text(),'Logout')]]
verify tab[[ChromeDriver: chrome on WINDOWS (1779389475f5b1b6a39a0869e4513b02)] -> xpath: //button[contains(text(),'Logout')]]
verify tab[[ChromeDriver: chrome on WINDOWS (1779389475f5b1b6a39a0869e4513b02)] -> xpath: //button[contains(text(),'Logout')]]
verify tab[[ChromeDriver: chrome on WINDOWS (1779389475f5b1b6a39a0869e4513b02)] -> xpath: //button[contains(text(),'Logout')]]
verify tab[[ChromeDriver: chrome on WINDOWS (1779389475f5b1b6a39a0869e4513b02)] -> xpath: //button[contains(text(),'Logout')]]
verify tab[[ChromeDriver: chrome on WINDOWS (1779389475f5b1b6a39a0869e4513b02)] -> xpath: //button[contains(text(),'Logout')]]
verify tab[[ChromeDriver: chrome on WINDOWS (1779389475f5b1b6a39a0869e4513b02)] -> xpath: //button[contains(text(),'Logout')]]
verify tab[[ChromeDriver: chrome on WINDOWS (1779389475f5b1b6a39a0869e4513b02)] -> xpath: //button[contains(text(),'Logout')]]
verify tab[[ChromeDriver: chrome on WINDOWS (1779389475f5b1b6a39a0869e4513b02)] -> xpath: //button[contains(text(),'Logout')]]
verify tab[[ChromeDriver: chrome on WINDOWS (1779389475f5b1b6a39a0869e4513b02)] -> xpath: //button[contains(text(),'Logout')]]
verify tab[[ChromeDriver: chrome on WINDOWS (1779389475f5b1b6a39a0869e4513b02)] -> xpath: //button[contains(text(),'Logout')]]
verify tab[[ChromeDriver: chrome on WINDOWS (1779389475f5b1b6a39a0869e4513b02)] -> xpath: //button[contains(text(),'Logout')]]
verify tab[[ChromeDriver: chrome on WINDOWS (1779389475f5b1b6a39a0869e4513b02)] -> xpath: //button[contains(text(),'Logout')]]
verify tab[[ChromeDriver: chrome on WINDOWS (1779389475f5b1b6a39a0869e4513b02)] -> xpath: //button[contains(text(),'Logout')]]
verify tab[[ChromeDriver: chrome on WINDOWS (1779389475f5b1b6a39a0869e4513b02)] -> xpath: //button[contains(text(),'Logout')]]
verify tab[[ChromeDriver: chrome on WINDOWS (1779389475f5b1b6a39a0869e4513b02)] -> xpath: //button[contains(text(),'Logout')]]
verify tab[[ChromeDriver: chrome on WINDOWS (1779389475f5b1b6a39a0869e4513b02)] -> xpath: //button[contains(text(),'Logout')]]
verify tab[[ChromeDriver: chrome on WINDOWS (1779389475f5b1b6a39a0869e4513b02)] -> xpath: //button[contains(text(),'Logout')]]
verify tab[[ChromeDriver: chrome on WINDOWS (1779389475f5b1b6a39a0869e4513b02)] -> xpath: //button[contains(text(),'Logout')]]
verify tab[[ChromeDriver: chrome on WINDOWS (1779389475f5b1b6a39a0869e4513b02)] -> xpath: //button[contains(text(),'Logout')]]
verify tab[[ChromeDriver: chrome on WINDOWS (1779389475f5b1b6a39a0869e4513b02)] -> xpath: //button[contains(text(),'Logout')]]
verify tab[[ChromeDriver: chrome on WINDOWS (1779389475f5b1b6a39a0869e4513b02)] -> xpath: //button[contains(text(),'Logout')]]
verify tab[[ChromeDriver: chrome on WINDOWS (1779389475f5b1b6a39a0869e4513b02)] -> xpath: //button[contains(text(),'Logout')]]
verify tab[[ChromeDriver: chrome on WINDOWS (1779389475f5b1b6a39a0869e4513b02)] -> xpath: //button[contains(text(),'Logout')]]
verify tab[[ChromeDriver: chrome on WINDOWS (1779389475f5b1b6a39a0869e4513b02)] -> xpath: //button[contains(text(),'Logout')]]
verify tab[[ChromeDriver: chrome on WINDOWS (1779389475f5b1b6a39a0869e4513b02)] -> xpath: //button[contains(text(),'Logout')]]
verify tab[[ChromeDriver: chrome on WINDOWS (1779389475f5b1b6a39a0869e4513b02)] -> xpath: //button[contains(text(),'Logout')]]
verify tab[[ChromeDriver: chrome on WINDOWS (1779389475f5b1b6a39a0869e4513b02)] -> xpath: //button[contains(text(),'Logout')]]
verify tab[[ChromeDriver: chrome on WINDOWS (1779389475f5b1b6a39a0869e4513b02)] -> xpath: //button[contains(text(),'Logout')]]
verify tab[[ChromeDriver: chrome on WINDOWS (1779389475f5b1b6a39a0869e4513b02)] -> xpath: //button[contains(text(),'Logout')]]
verify tab[[ChromeDriver: chrome on WINDOWS (1779389475f5b1b6a39a0869e4513b02)] -> xpath: //button[contains(text(),'Logout')]]
verify tab[[ChromeDriver: chrome on WINDOWS (1779389475f5b1b6a39a0869e4513b02)] -> xpath: //button[contains(text(),'Logout')]]
verify tab[[ChromeDriver: chrome on WINDOWS (1779389475f5b1b6a39a0869e4513b02)] -> xpath: //button[contains(text(),'Logout')]]
verify tab[[ChromeDriver: chrome on WINDOWS (1779389475f5b1b6a39a0869e4513b02)] -> xpath: //button[contains(text(),'Logout')]]
verify tab[[ChromeDriver: chrome on WINDOWS (1779389475f5b1b6a39a0869e4513b02)] -> xpath: //button[contains(text(),'Logout')]]
verify tab[[ChromeDriver: chrome on WINDOWS (1779389475f5b1b6a39a0869e4513b02)] -> xpath: //button[contains(text(),'Logout')]]
verify tab[[ChromeDriver: chrome on WINDOWS (1779389475f5b1b6a39a0869e4513b02)] -> xpath: //button[contains(text(),'Logout')]]
verify tab[[ChromeDriver: chrome on WINDOWS (1779389475f5b1b6a39a0869e4513b02)] -> xpath: //button[contains(text(),'Logout')]]
verify tab[[ChromeDriver: chrome on WINDOWS (1779389475f5b1b6a39a0869e4513b02)] -> xpath: //button[contains(text(),'Logout')]]
verify tab[[ChromeDriver: chrome on WINDOWS (1779389475f5b1b6a39a0869e4513b02)] -> xpath: //button[contains(text(),'Logout')]]
verify tab[[ChromeDriver: chrome on WINDOWS (1779389475f5b1b6a39a0869e4513b02)] -> xpath: //button[contains(text(),'Logout')]]
verify tab[[ChromeDriver: chrome on WINDOWS (1779389475f5b1b6a39a0869e4513b02)] -> xpath: //button[contains(text(),'Logout')]]
verify tab[[ChromeDriver: chrome on WINDOWS (1779389475f5b1b6a39a0869e4513b02)] -> xpath: //button[contains(text(),'Logout')]]
verify tab[[ChromeDriver: chrome on WINDOWS (1779389475f5b1b6a39a0869e4513b02)] -> xpath: //button[contains(text(),'Logout')]]
verify tab[[ChromeDriver: chrome on WINDOWS (1779389475f5b1b6a39a0869e4513b02)] -> xpath: //button[contains(text(),'Logout')]]
verify tab[[ChromeDriver: chrome on WINDOWS (1779389475f5b1b6a39a0869e4513b02)] -> xpath: //button[contains(text(),'Logout')]]
verify tab[[ChromeDriver: chrome on WINDOWS (1779389475f5b1b6a39a0869e4513b02)] -> xpath: //button[contains(text(),'Logout')]]
verify tab[[ChromeDriver: chrome on WINDOWS (1779389475f5b1b6a39a0869e4513b02)] -> xpath: //button[contains(text(),'Logout')]]
verify tab[[ChromeDriver: chrome on WINDOWS (1779389475f5b1b6a39a0869e4513b02)] -> xpath: //button[contains(text(),'Logout')]]
verify tab[[ChromeDriver: chrome on WINDOWS (1779389475f5b1b6a39a0869e4513b02)] -> xpath: //button[contains(text(),'Logout')]]
verify tab[[ChromeDriver: chrome on WINDOWS (1779389475f5b1b6a39a0869e4513b02)] -> xpath: //button[contains(text(),'Logout')]]
verify tab[[ChromeDriver: chrome on WINDOWS (1779389475f5b1b6a39a0869e4513b02)] -> xpath: //button[contains(text(),'Logout')]]
verify tab[[ChromeDriver: chrome on WINDOWS (1779389475f5b1b6a39a0869e4513b02)] -> xpath: //button[contains(text(),'Logout')]]
verify tab[[ChromeDriver: chrome on WINDOWS (1779389475f5b1b6a39a0869e4513b02)] -> xpath: //button[contains(text(),'Logout')]]
verify tab[[ChromeDriver: chrome on WINDOWS (1779389475f5b1b6a39a0869e4513b02)] -> xpath: //button[contains(text(),'Logout')]]
verify tab[[ChromeDriver: chrome on WINDOWS (1779389475f5b1b6a39a0869e4513b02)] -> xpath: //button[contains(text(),'Logout')]]
verify tab[[ChromeDriver: chrome on WINDOWS (1779389475f5b1b6a39a0869e4513b02)] -> xpath: //button[contains(text(),'Logout')]]
verify tab[[ChromeDriver: chrome on WINDOWS (1779389475f5b1b6a39a0869e4513b02)] -> xpath: //button[contains(text(),'Logout')]]
verify tab[[ChromeDriver: chrome on WINDOWS (1779389475f5b1b6a39a0869e4513b02)] -> xpath: //button[contains(text(),'Logout')]]
verify tab[[ChromeDriver: chrome on WINDOWS (1779389475f5b1b6a39a0869e4513b02)] -> xpath: //button[contains(text(),'Logout')]]
verify tab[[ChromeDriver: chrome on WINDOWS (1779389475f5b1b6a39a0869e4513b02)] -> xpath: //button[contains(text(),'Logout')]]
verify tab[[ChromeDriver: chrome on WINDOWS (1779389475f5b1b6a39a0869e4513b02)] -> xpath: //button[contains(text(),'Logout')]]
verify tab[[ChromeDriver: chrome on WINDOWS (1779389475f5b1b6a39a0869e4513b02)] -> xpath: //button[contains(text(),'Logout')]]
verify tab[[ChromeDriver: chrome on WINDOWS (1779389475f5b1b6a39a0869e4513b02)] -> xpath: //button[contains(text(),'Logout')]]
verify tab[[ChromeDriver: chrome on WINDOWS (1779389475f5b1b6a39a0869e4513b02)] -> xpath: //button[contains(text(),'Logout')]]
verify tab[[ChromeDriver: chrome on WINDOWS (1779389475f5b1b6a39a0869e4513b02)] -> xpath: //button[contains(text(),'Logout')]]
verify tab[[ChromeDriver: chrome on WINDOWS (1779389475f5b1b6a39a0869e4513b02)] -> xpath: //button[contains(text(),'Logout')]]
verify tab[[ChromeDriver: chrome on WINDOWS (1779389475f5b1b6a39a0869e4513b02)] -> xpath: //button[contains(text(),'Logout')]]
verify tab[[ChromeDriver: chrome on WINDOWS (1779389475f5b1b6a39a0869e4513b02)] -> xpath: //button[contains(text(),'Logout')]]
verify tab[[ChromeDriver: chrome on WINDOWS (1779389475f5b1b6a39a0869e4513b02)] -> xpath: //button[contains(text(),'Logout')]]
verify tab[[ChromeDriver: chrome on WINDOWS (1779389475f5b1b6a39a0869e4513b02)] -> xpath: //button[contains(text(),'Logout')]]
verify tab[[ChromeDriver: chrome on WINDOWS (1779389475f5b1b6a39a0869e4513b02)] -> xpath: //button[contains(text(),'Logout')]]
verify tab[[ChromeDriver: chrome on WINDOWS (1779389475f5b1b6a39a0869e4513b02)] -> xpath: //button[contains(text(),'Logout')]]
verify tab[[ChromeDriver: chrome on WINDOWS (1779389475f5b1b6a39a0869e4513b02)] -> xpath: //button[contains(text(),'Logout')]]
verify tab[[ChromeDriver: chrome on WINDOWS (1779389475f5b1b6a39a0869e4513b02)] -> xpath: //button[contains(text(),'Logout')]]
verify tab[[ChromeDriver: chrome on WINDOWS (1779389475f5b1b6a39a0869e4513b02)] -> xpath: //button[contains(text(),'Logout')]]
verify tab[[ChromeDriver: chrome on WINDOWS (1779389475f5b1b6a39a0869e4513b02)] -> xpath: //button[contains(text(),'Logout')]]
verify tab[[ChromeDriver: chrome on WINDOWS (1779389475f5b1b6a39a0869e4513b02)] -> xpath: //button[contains(text(),'Logout')]]
verify tab[[ChromeDriver: chrome on WINDOWS (1779389475f5b1b6a39a0869e4513b02)] -> xpath: //button[contains(text(),'Logout')]]
verify tab[[ChromeDriver: chrome on WINDOWS (1779389475f5b1b6a39a0869e4513b02)] -> xpath: //button[contains(text(),'Logout')]]
verify tab[[ChromeDriver: chrome on WINDOWS (1779389475f5b1b6a39a0869e4513b02)] -> xpath: //button[contains(text(),'Logout')]]
verify tab[[ChromeDriver: chrome on WINDOWS (1779389475f5b1b6a39a0869e4513b02)] -> xpath: //button[contains(text(),'Logout')]]
verify tab[[ChromeDriver: chrome on WINDOWS (1779389475f5b1b6a39a0869e4513b02)] -> xpath: //button[contains(text(),'Logout')]]
verify tab[[ChromeDriver: chrome on WINDOWS (1779389475f5b1b6a39a0869e4513b02)] -> xpath: //button[contains(text(),'Logout')]]
verify tab[[ChromeDriver: chrome on WINDOWS (1779389475f5b1b6a39a0869e4513b02)] -> xpath: //button[contains(text(),'Logout')]]
verify tab[[ChromeDriver: chrome on WINDOWS (1779389475f5b1b6a39a0869e4513b02)] -> xpath: //button[contains(text(),'Logout')]]
verify tab[[ChromeDriver: chrome on WINDOWS (1779389475f5b1b6a39a0869e4513b02)] -> xpath: //button[contains(text(),'Logout')]]
verify tab[[ChromeDriver: chrome on WINDOWS (1779389475f5b1b6a39a0869e4513b02)] -> xpath: //button[contains(text(),'Logout')]]
verify tab[[ChromeDriver: chrome on WINDOWS (1779389475f5b1b6a39a0869e4513b02)] -> xpath: //button[contains(text(),'Logout')]]
verify tab[[ChromeDriver: chrome on WINDOWS (1779389475f5b1b6a39a0869e4513b02)] -> xpath: //button[contains(text(),'Logout')]]
verify tab[[ChromeDriver: chrome on WINDOWS (1779389475f5b1b6a39a0869e4513b02)] -> xpath: //button[contains(text(),'Logout')]]
verify tab[[ChromeDriver: chrome on WINDOWS (1779389475f5b1b6a39a0869e4513b02)] -> xpath: //button[contains(text(),'Logout')]]
verify tab[[ChromeDriver: chrome on WINDOWS (1779389475f5b1b6a39a0869e4513b02)] -> xpath: //button[contains(text(),'Logout')]]
verify tab[[ChromeDriver: chrome on WINDOWS (1779389475f5b1b6a39a0869e4513b02)] -> xpath: //button[contains(text(),'Logout')]]
verify tab[[ChromeDriver: chrome on WINDOWS (1779389475f5b1b6a39a0869e4513b02)] -> xpath: //button[contains(text(),'Logout')]]
verify tab[[ChromeDriver: chrome on WINDOWS (1779389475f5b1b6a39a0869e4513b02)] -> xpath: //button[contains(text(),'Logout')]]
verify tab[[ChromeDriver: chrome on WINDOWS (1779389475f5b1b6a39a0869e4513b02)] -> xpath: //button[contains(text(),'Logout')]]
verify tab[[ChromeDriver: chrome on WINDOWS (1779389475f5b1b6a39a0869e4513b02)] -> xpath: //button[contains(text(),'Logout')]]
verify tab[[ChromeDriver: chrome on WINDOWS (1779389475f5b1b6a39a0869e4513b02)] -> xpath: //button[contains(text(),'Logout')]]
verify tab[[ChromeDriver: chrome on WINDOWS (1779389475f5b1b6a39a0869e4513b02)] -> xpath: //button[contains(text(),'Logout')]]
verify tab[[ChromeDriver: chrome on WINDOWS (1779389475f5b1b6a39a0869e4513b02)] -> xpath: //button[contains(text(),'Logout')]]
verify tab[[ChromeDriver: chrome on WINDOWS (1779389475f5b1b6a39a0869e4513b02)] -> xpath: //button[contains(text(),'Logout')]]
verify tab[[ChromeDriver: chrome on WINDOWS (1779389475f5b1b6a39a0869e4513b02)] -> xpath: //button[contains(text(),'Logout')]]
verify tab[[ChromeDriver: chrome on WINDOWS (1779389475f5b1b6a39a0869e4513b02)] -> xpath: //button[contains(text(),'Logout')]]
verify tab[[ChromeDriver: chrome on WINDOWS (1779389475f5b1b6a39a0869e4513b02)] -> xpath: //button[contains(text(),'Logout')]]
verify tab[[ChromeDriver: chrome on WINDOWS (1779389475f5b1b6a39a0869e4513b02)] -> xpath: //button[contains(text(),'Logout')]]
verify tab[[ChromeDriver: chrome on WINDOWS (1779389475f5b1b6a39a0869e4513b02)] -> xpath: //button[contains(text(),'Logout')]]
verify tab[[ChromeDriver: chrome on WINDOWS (1779389475f5b1b6a39a0869e4513b02)] -> xpath: //button[contains(text(),'Logout')]]
verify tab[[ChromeDriver: chrome on WINDOWS (1779389475f5b1b6a39a0869e4513b02)] -> xpath: //button[contains(text(),'Logout')]]
verify tab[[ChromeDriver: chrome on WINDOWS (1779389475f5b1b6a39a0869e4513b02)] -> xpath: //button[contains(text(),'Logout')]]
verify tab[[ChromeDriver: chrome on WINDOWS (1779389475f5b1b6a39a0869e4513b02)] -> xpath: //button[contains(text(),'Logout')]]
verify tab[[ChromeDriver: chrome on WINDOWS (1779389475f5b1b6a39a0869e4513b02)] -> xpath: //button[contains(text(),'Logout')]]
verify tab[[ChromeDriver: chrome on WINDOWS (1779389475f5b1b6a39a0869e4513b02)] -> xpath: //button[contains(text(),'Logout')]]
verify tab[[ChromeDriver: chrome on WINDOWS (1779389475f5b1b6a39a0869e4513b02)] -> xpath: //button[contains(text(),'Logout')]]
verify tab[[ChromeDriver: chrome on WINDOWS (1779389475f5b1b6a39a0869e4513b02)] -> xpath: //button[contains(text(),'Logout')]]
verify tab[[ChromeDriver: chrome on WINDOWS (1779389475f5b1b6a39a0869e4513b02)] -> xpath: //button[contains(text(),'Logout')]]
verify tab[[ChromeDriver: chrome on WINDOWS (1779389475f5b1b6a39a0869e4513b02)] -> xpath: //button[contains(text(),'Logout')]]
verify tab[[ChromeDriver: chrome on WINDOWS (1779389475f5b1b6a39a0869e4513b02)] -> xpath: //button[contains(text(),'Logout')]]
verify tab[[ChromeDriver: chrome on WINDOWS (1779389475f5b1b6a39a0869e4513b02)] -> xpath: //button[contains(text(),'Logout')]]
verify tab[[ChromeDriver: chrome on WINDOWS (1779389475f5b1b6a39a0869e4513b02)] -> xpath: //button[contains(text(),'Logout')]]
verify tab[[ChromeDriver: chrome on WINDOWS (1779389475f5b1b6a39a0869e4513b02)] -> xpath: //button[contains(text(),'Logout')]]
verify tab[[ChromeDriver: chrome on WINDOWS (1779389475f5b1b6a39a0869e4513b02)] -> xpath: //button[contains(text(),'Logout')]]
verify tab[[ChromeDriver: chrome on WINDOWS (1779389475f5b1b6a39a0869e4513b02)] -> xpath: //button[contains(text(),'Logout')]]
verify tab[[ChromeDriver: chrome on WINDOWS (1779389475f5b1b6a39a0869e4513b02)] -> xpath: //button[contains(text(),'Logout')]]
verify tab[[ChromeDriver: chrome on WINDOWS (1779389475f5b1b6a39a0869e4513b02)] -> xpath: //button[contains(text(),'Logout')]]
verify tab[[ChromeDriver: chrome on WINDOWS (1779389475f5b1b6a39a0869e4513b02)] -> xpath: //button[contains(text(),'Logout')]]
verify tab[[ChromeDriver: chrome on WINDOWS (1779389475f5b1b6a39a0869e4513b02)] -> xpath: //button[contains(text(),'Logout')]]
verify tab[[ChromeDriver: chrome on WINDOWS (1779389475f5b1b6a39a0869e4513b02)] -> xpath: //button[contains(text(),'Logout')]]
verify tab[[ChromeDriver: chrome on WINDOWS (1779389475f5b1b6a39a0869e4513b02)] -> xpath: //button[contains(text(),'Logout')]]
verify tab[[ChromeDriver: chrome on WINDOWS (1779389475f5b1b6a39a0869e4513b02)] -> xpath: //button[contains(text(),'Logout')]]
verify tab[[ChromeDriver: chrome on WINDOWS (1779389475f5b1b6a39a0869e4513b02)] -> xpath: //button[contains(text(),'Logout')]]
verify tab[[ChromeDriver: chrome on WINDOWS (1779389475f5b1b6a39a0869e4513b02)] -> xpath: //button[contains(text(),'Logout')]]
verify tab[[ChromeDriver: chrome on WINDOWS (1779389475f5b1b6a39a0869e4513b02)] -> xpath: //button[contains(text(),'Logout')]]
verify tab[[ChromeDriver: chrome on WINDOWS (1779389475f5b1b6a39a0869e4513b02)] -> xpath: //button[contains(text(),'Logout')]]
verify tab[[ChromeDriver: chrome on WINDOWS (1779389475f5b1b6a39a0869e4513b02)] -> xpath: //button[contains(text(),'Logout')]]
verify tab[[ChromeDriver: chrome on WINDOWS (1779389475f5b1b6a39a0869e4513b02)] -> xpath: //button[contains(text(),'Logout')]]
verify tab[[ChromeDriver: chrome on WINDOWS (1779389475f5b1b6a39a0869e4513b02)] -> xpath: //button[contains(text(),'Logout')]]
verify tab[[ChromeDriver: chrome on WINDOWS (1779389475f5b1b6a39a0869e4513b02)] -> xpath: //button[contains(text(),'Logout')]]
verify tab[[ChromeDriver: chrome on WINDOWS (1779389475f5b1b6a39a0869e4513b02)] -> xpath: //button[contains(text(),'Logout')]]
verify tab[[ChromeDriver: chrome on WINDOWS (1779389475f5b1b6a39a0869e4513b02)] -> xpath: //button[contains(text(),'Logout')]]
verify tab[[ChromeDriver: chrome on WINDOWS (1779389475f5b1b6a39a0869e4513b02)] -> xpath: //button[contains(text(),'Logout')]]
verify tab[[ChromeDriver: chrome on WINDOWS (1779389475f5b1b6a39a0869e4513b02)] -> xpath: //button[contains(text(),'Logout')]]
verify tab[[ChromeDriver: chrome on WINDOWS (1779389475f5b1b6a39a0869e4513b02)] -> xpath: //button[contains(text(),'Logout')]]
verify tab[[ChromeDriver: chrome on WINDOWS (1779389475f5b1b6a39a0869e4513b02)] -> xpath: //button[contains(text(),'Logout')]]
verify tab[[ChromeDriver: chrome on WINDOWS (1779389475f5b1b6a39a0869e4513b02)] -> xpath: //button[contains(text(),'Logout')]]
verify tab[[ChromeDriver: chrome on WINDOWS (1779389475f5b1b6a39a0869e4513b02)] -> xpath: //button[contains(text(),'Logout')]]
verify tab[[ChromeDriver: chrome on WINDOWS (1779389475f5b1b6a39a0869e4513b02)] -> xpath: //button[contains(text(),'Logout')]]
verify tab[[ChromeDriver: chrome on WINDOWS (1779389475f5b1b6a39a0869e4513b02)] -> xpath: //button[contains(text(),'Logout')]]
verify tab[[ChromeDriver: chrome on WINDOWS (1779389475f5b1b6a39a0869e4513b02)] -> xpath: //button[contains(text(),'Logout')]]
verify tab[[ChromeDriver: chrome on WINDOWS (1779389475f5b1b6a39a0869e4513b02)] -> xpath: //button[contains(text(),'Logout')]]
verify tab[[ChromeDriver: chrome on WINDOWS (1779389475f5b1b6a39a0869e4513b02)] -> xpath: //button[contains(text(),'Logout')]]
verify tab[[ChromeDriver: chrome on WINDOWS (1779389475f5b1b6a39a0869e4513b02)] -> xpath: //button[contains(text(),'Logout')]]
verify tab[[ChromeDriver: chrome on WINDOWS (1779389475f5b1b6a39a0869e4513b02)] -> xpath: //button[contains(text(),'Logout')]]
verify tab[[ChromeDriver: chrome on WINDOWS (1779389475f5b1b6a39a0869e4513b02)] -> xpath: //button[contains(text(),'Logout')]]
verify tab[[ChromeDriver: chrome on WINDOWS (1779389475f5b1b6a39a0869e4513b02)] -> xpath: //button[contains(text(),'Logout')]]
verify tab[[ChromeDriver: chrome on WINDOWS (1779389475f5b1b6a39a0869e4513b02)] -> xpath: //button[contains(text(),'Logout')]]
verify tab[[ChromeDriver: chrome on WINDOWS (1779389475f5b1b6a39a0869e4513b02)] -> xpath: //button[contains(text(),'Logout')]]
verify tab[[ChromeDriver: chrome on WINDOWS (1779389475f5b1b6a39a0869e4513b02)] -> xpath: //button[contains(text(),'Logout')]]
verify tab[[ChromeDriver: chrome on WINDOWS (1779389475f5b1b6a39a0869e4513b02)] -> xpath: //button[contains(text(),'Logout')]]
verify tab[[ChromeDriver: chrome on WINDOWS (1779389475f5b1b6a39a0869e4513b02)] -> xpath: //button[contains(text(),'Logout')]]
verify tab[[ChromeDriver: chrome on WINDOWS (1779389475f5b1b6a39a0869e4513b02)] -> xpath: //button[contains(text(),'Logout')]]
verify tab[[ChromeDriver: chrome on WINDOWS (1779389475f5b1b6a39a0869e4513b02)] -> xpath: //button[contains(text(),'Logout')]]
verify tab[[ChromeDriver: chrome on WINDOWS (1779389475f5b1b6a39a0869e4513b02)] -> xpath: //button[contains(text(),'Logout')]]
verify tab[[ChromeDriver: chrome on WINDOWS (1779389475f5b1b6a39a0869e4513b02)] -> xpath: //button[contains(text(),'Logout')]]
verify tab[[ChromeDriver: chrome on WINDOWS (1779389475f5b1b6a39a0869e4513b02)] -> xpath: //button[contains(text(),'Logout')]]
verify tab[[ChromeDriver: chrome on WINDOWS (1779389475f5b1b6a39a0869e4513b02)] -> xpath: //button[contains(text(),'Logout')]]
verify tab[[ChromeDriver: chrome on WINDOWS (1779389475f5b1b6a39a0869e4513b02)] -> xpath: //button[contains(text(),'Logout')]]
verify tab[[ChromeDriver: chrome on WINDOWS (1779389475f5b1b6a39a0869e4513b02)] -> xpath: //button[contains(text(),'Logout')]]
verify tab[[ChromeDriver: chrome on WINDOWS (1779389475f5b1b6a39a0869e4513b02)] -> xpath: //button[contains(text(),'Logout')]]
verify tab[[ChromeDriver: chrome on WINDOWS (1779389475f5b1b6a39a0869e4513b02)] -> xpath: //button[contains(text(),'Logout')]]
verify tab[[ChromeDriver: chrome on WINDOWS (1779389475f5b1b6a39a0869e4513b02)] -> xpath: //button[contains(text(),'Logout')]]
verify tab[[ChromeDriver: chrome on WINDOWS (1779389475f5b1b6a39a0869e4513b02)] -> xpath: //button[contains(text(),'Logout')]]
verify tab[[ChromeDriver: chrome on WINDOWS (1779389475f5b1b6a39a0869e4513b02)] -> xpath: //button[contains(text(),'Logout')]]
verify tab[[ChromeDriver: chrome on WINDOWS (1779389475f5b1b6a39a0869e4513b02)] -> xpath: //button[contains(text(),'Logout')]]
verify tab[[ChromeDriver: chrome on WINDOWS (1779389475f5b1b6a39a0869e4513b02)] -> xpath: //button[contains(text(),'Logout')]]
verify tab[[ChromeDriver: chrome on WINDOWS (1779389475f5b1b6a39a0869e4513b02)] -> xpath: //button[contains(text(),'Logout')]]
verify tab[[ChromeDriver: chrome on WINDOWS (1779389475f5b1b6a39a0869e4513b02)] -> xpath: //button[contains(text(),'Logout')]]
verify tab[[ChromeDriver: chrome on WINDOWS (1779389475f5b1b6a39a0869e4513b02)] -> xpath: //button[contains(text(),'Logout')]]
verify tab[[ChromeDriver: chrome on WINDOWS (1779389475f5b1b6a39a0869e4513b02)] -> xpath: //button[contains(text(),'Logout')]]
verify tab[[ChromeDriver: chrome on WINDOWS (1779389475f5b1b6a39a0869e4513b02)] -> xpath: //button[contains(text(),'Logout')]]
verify tab[[ChromeDriver: chrome on WINDOWS (1779389475f5b1b6a39a0869e4513b02)] -> xpath: //button[contains(text(),'Logout')]]
verify tab[[ChromeDriver: chrome on WINDOWS (1779389475f5b1b6a39a0869e4513b02)] -> xpath: //button[contains(text(),'Logout')]]
verify tab[[ChromeDriver: chrome on WINDOWS (1779389475f5b1b6a39a0869e4513b02)] -> xpath: //button[contains(text(),'Logout')]]
verify tab[[ChromeDriver: chrome on WINDOWS (1779389475f5b1b6a39a0869e4513b02)] -> xpath: //button[contains(text(),'Logout')]]
verify tab[[ChromeDriver: chrome on WINDOWS (1779389475f5b1b6a39a0869e4513b02)] -> xpath: //button[contains(text(),'Logout')]]
verify tab[[ChromeDriver: chrome on WINDOWS (1779389475f5b1b6a39a0869e4513b02)] -> xpath: //button[contains(text(),'Logout')]]
verify tab[[ChromeDriver: chrome on WINDOWS (1779389475f5b1b6a39a0869e4513b02)] -> xpath: //button[contains(text(),'Logout')]]
verify tab[[ChromeDriver: chrome on WINDOWS (1779389475f5b1b6a39a0869e4513b02)] -> xpath: //button[contains(text(),'Logout')]]
verify tab[[ChromeDriver: chrome on WINDOWS (1779389475f5b1b6a39a0869e4513b02)] -> xpath: //button[contains(text(),'Logout')]]
verify tab[[ChromeDriver: chrome on WINDOWS (1779389475f5b1b6a39a0869e4513b02)] -> xpath: //button[contains(text(),'Logout')]]
verify tab[[ChromeDriver: chrome on WINDOWS (1779389475f5b1b6a39a0869e4513b02)] -> xpath: //button[contains(text(),'Logout')]]
verify tab[[ChromeDriver: chrome on WINDOWS (1779389475f5b1b6a39a0869e4513b02)] -> xpath: //button[contains(text(),'Logout')]]
verify tab[[ChromeDriver: chrome on WINDOWS (1779389475f5b1b6a39a0869e4513b02)] -> xpath: //button[contains(text(),'Logout')]]
verify tab[[ChromeDriver: chrome on WINDOWS (1779389475f5b1b6a39a0869e4513b02)] -> xpath: //button[contains(text(),'Logout')]]
verify tab[[ChromeDriver: chrome on WINDOWS (1779389475f5b1b6a39a0869e4513b02)] -> xpath: //button[contains(text(),'Logout')]]
verify tab[[ChromeDriver: chrome on WINDOWS (1779389475f5b1b6a39a0869e4513b02)] -> xpath: //button[contains(text(),'Logout')]]
verify tab[[ChromeDriver: chrome on WINDOWS (1779389475f5b1b6a39a0869e4513b02)] -> xpath: //button[contains(text(),'Logout')]]
verify tab[[ChromeDriver: chrome on WINDOWS (1779389475f5b1b6a39a0869e4513b02)] -> xpath: //button[contains(text(),'Logout')]]
verify tab[[ChromeDriver: chrome on WINDOWS (1779389475f5b1b6a39a0869e4513b02)] -> xpath: //button[contains(text(),'Logout')]]
verify tab[[ChromeDriver: chrome on WINDOWS (1779389475f5b1b6a39a0869e4513b02)] -> xpath: //button[contains(text(),'Logout')]]
verify tab[[ChromeDriver: chrome on WINDOWS (1779389475f5b1b6a39a0869e4513b02)] -> xpath: //button[contains(text(),'Logout')]]
verify tab[[ChromeDriver: chrome on WINDOWS (1779389475f5b1b6a39a0869e4513b02)] -> xpath: //button[contains(text(),'Logout')]]
verify tab[[ChromeDriver: chrome on WINDOWS (1779389475f5b1b6a39a0869e4513b02)] -> xpath: //button[contains(text(),'Logout')]]
verify tab[[ChromeDriver: chrome on WINDOWS (1779389475f5b1b6a39a0869e4513b02)] -> xpath: //button[contains(text(),'Logout')]]
verify tab[[ChromeDriver: chrome on WINDOWS (1779389475f5b1b6a39a0869e4513b02)] -> xpath: //button[contains(text(),'Logout')]]
verify tab[[ChromeDriver: chrome on WINDOWS (1779389475f5b1b6a39a0869e4513b02)] -> xpath: //button[contains(text(),'Logout')]]
verify tab[[ChromeDriver: chrome on WINDOWS (1779389475f5b1b6a39a0869e4513b02)] -> xpath: //button[contains(text(),'Logout')]]
verify tab[[ChromeDriver: chrome on WINDOWS (1779389475f5b1b6a39a0869e4513b02)] -> xpath: //button[contains(text(),'Logout')]]
verify tab[[ChromeDriver: chrome on WINDOWS (1779389475f5b1b6a39a0869e4513b02)] -> xpath: //button[contains(text(),'Logout')]]
verify tab[[ChromeDriver: chrome on WINDOWS (1779389475f5b1b6a39a0869e4513b02)] -> xpath: //button[contains(text(),'Logout')]]
verify tab[[ChromeDriver: chrome on WINDOWS (1779389475f5b1b6a39a0869e4513b02)] -> xpath: //button[contains(text(),'Logout')]]
verify tab[[ChromeDriver: chrome on WINDOWS (1779389475f5b1b6a39a0869e4513b02)] -> xpath: //button[contains(text(),'Logout')]]
verify tab[[ChromeDriver: chrome on WINDOWS (1779389475f5b1b6a39a0869e4513b02)] -> xpath: //button[contains(text(),'Logout')]]
verify tab[[ChromeDriver: chrome on WINDOWS (1779389475f5b1b6a39a0869e4513b02)] -> xpath: //button[contains(text(),'Logout')]]
verify tab[[ChromeDriver: chrome on WINDOWS (1779389475f5b1b6a39a0869e4513b02)] -> xpath: //button[contains(text(),'Logout')]]
verify tab[[ChromeDriver: chrome on WINDOWS (1779389475f5b1b6a39a0869e4513b02)] -> xpath: //button[contains(text(),'Logout')]]
verify tab[[ChromeDriver: chrome on WINDOWS (1779389475f5b1b6a39a0869e4513b02)] -> xpath: //button[contains(text(),'Logout')]]
verify tab[[ChromeDriver: chrome on WINDOWS (1779389475f5b1b6a39a0869e4513b02)] -> xpath: //button[contains(text(),'Logout')]]
verify tab[[ChromeDriver: chrome on WINDOWS (1779389475f5b1b6a39a0869e4513b02)] -> xpath: //button[contains(text(),'Logout')]]
verify tab[[ChromeDriver: chrome on WINDOWS (1779389475f5b1b6a39a0869e4513b02)] -> xpath: //button[contains(text(),'Logout')]]
verify tab[[ChromeDriver: chrome on WINDOWS (1779389475f5b1b6a39a0869e4513b02)] -> xpath: //button[contains(text(),'Logout')]]
verify tab[[ChromeDriver: chrome on WINDOWS (1779389475f5b1b6a39a0869e4513b02)] -> xpath: //button[contains(text(),'Logout')]]
verify tab[[ChromeDriver: chrome on WINDOWS (1779389475f5b1b6a39a0869e4513b02)] -> xpath: //button[contains(text(),'Logout')]]
verify tab[[ChromeDriver: chrome on WINDOWS (1779389475f5b1b6a39a0869e4513b02)] -> xpath: //button[contains(text(),'Logout')]]
verify tab[[ChromeDriver: chrome on WINDOWS (1779389475f5b1b6a39a0869e4513b02)] -> xpath: //button[contains(text(),'Logout')]]
verify tab[[ChromeDriver: chrome on WINDOWS (1779389475f5b1b6a39a0869e4513b02)] -> xpath: //button[contains(text(),'Logout')]]
verify tab[[ChromeDriver: chrome on WINDOWS (1779389475f5b1b6a39a0869e4513b02)] -> xpath: //button[contains(text(),'Logout')]]
verify tab[[ChromeDriver: chrome on WINDOWS (1779389475f5b1b6a39a0869e4513b02)] -> xpath: //button[contains(text(),'Logout')]]
verify tab[[ChromeDriver: chrome on WINDOWS (1779389475f5b1b6a39a0869e4513b02)] -> xpath: //button[contains(text(),'Logout')]]
verify tab[[ChromeDriver: chrome on WINDOWS (1779389475f5b1b6a39a0869e4513b02)] -> xpath: //button[contains(text(),'Logout')]]
verify tab[[ChromeDriver: chrome on WINDOWS (1779389475f5b1b6a39a0869e4513b02)] -> xpath: //button[contains(text(),'Logout')]]
verify tab[[ChromeDriver: chrome on WINDOWS (1779389475f5b1b6a39a0869e4513b02)] -> xpath: //button[contains(text(),'Logout')]]
verify tab[[ChromeDriver: chrome on WINDOWS (1779389475f5b1b6a39a0869e4513b02)] -> xpath: //button[contains(text(),'Logout')]]
verify tab[[ChromeDriver: chrome on WINDOWS (1779389475f5b1b6a39a0869e4513b02)] -> xpath: //button[contains(text(),'Logout')]]
verify tab[[ChromeDriver: chrome on WINDOWS (1779389475f5b1b6a39a0869e4513b02)] -> xpath: //button[contains(text(),'Logout')]]
verify tab[[ChromeDriver: chrome on WINDOWS (1779389475f5b1b6a39a0869e4513b02)] -> xpath: //button[contains(text(),'Logout')]]
verify tab[[ChromeDriver: chrome on WINDOWS (1779389475f5b1b6a39a0869e4513b02)] -> xpath: //button[contains(text(),'Logout')]]
verify tab[[ChromeDriver: chrome on WINDOWS (1779389475f5b1b6a39a0869e4513b02)] -> xpath: //button[contains(text(),'Logout')]]
verify tab[[ChromeDriver: chrome on WINDOWS (1779389475f5b1b6a39a0869e4513b02)] -> xpath: //button[contains(text(),'Logout')]]
verify tab[[ChromeDriver: chrome on WINDOWS (1779389475f5b1b6a39a0869e4513b02)] -> xpath: //button[contains(text(),'Logout')]]
verify tab[[ChromeDriver: chrome on WINDOWS (1779389475f5b1b6a39a0869e4513b02)] -> xpath: //button[contains(text(),'Logout')]]
verify tab[[ChromeDriver: chrome on WINDOWS (1779389475f5b1b6a39a0869e4513b02)] -> xpath: //button[contains(text(),'Logout')]]
verify tab[[ChromeDriver: chrome on WINDOWS (1779389475f5b1b6a39a0869e4513b02)] -> xpath: //button[contains(text(),'Logout')]]
verify tab[[ChromeDriver: chrome on WINDOWS (1779389475f5b1b6a39a0869e4513b02)] -> xpath: //button[contains(text(),'Logout')]]
verify tab[[ChromeDriver: chrome on WINDOWS (1779389475f5b1b6a39a0869e4513b02)] -> xpath: //button[contains(text(),'Logout')]]
verify tab[[ChromeDriver: chrome on WINDOWS (1779389475f5b1b6a39a0869e4513b02)] -> xpath: //button[contains(text(),'Logout')]]
verify tab[[ChromeDriver: chrome on WINDOWS (1779389475f5b1b6a39a0869e4513b02)] -> xpath: //button[contains(text(),'Logout')]]
verify tab[[ChromeDriver: chrome on WINDOWS (1779389475f5b1b6a39a0869e4513b02)] -> xpath: //button[contains(text(),'Logout')]]
verify tab[[ChromeDriver: chrome on WINDOWS (1779389475f5b1b6a39a0869e4513b02)] -> xpath: //button[contains(text(),'Logout')]]
verify tab[[ChromeDriver: chrome on WINDOWS (1779389475f5b1b6a39a0869e4513b02)] -> xpath: //button[contains(text(),'Logout')]]
verify tab[[ChromeDriver: chrome on WINDOWS (1779389475f5b1b6a39a0869e4513b02)] -> xpath: //button[contains(text(),'Logout')]]
verify tab[[ChromeDriver: chrome on WINDOWS (1779389475f5b1b6a39a0869e4513b02)] -> xpath: //button[contains(text(),'Logout')]]
verify tab[[ChromeDriver: chrome on WINDOWS (1779389475f5b1b6a39a0869e4513b02)] -> xpath: //button[contains(text(),'Logout')]]
verify tab[[ChromeDriver: chrome on WINDOWS (1779389475f5b1b6a39a0869e4513b02)] -> xpath: //button[contains(text(),'Logout')]]
verify tab[[ChromeDriver: chrome on WINDOWS (1779389475f5b1b6a39a0869e4513b02)] -> xpath: //button[contains(text(),'Logout')]]
verify tab[[ChromeDriver: chrome on WINDOWS (1779389475f5b1b6a39a0869e4513b02)] -> xpath: //button[contains(text(),'Logout')]]
verify tab[[ChromeDriver: chrome on WINDOWS (1779389475f5b1b6a39a0869e4513b02)] -> xpath: //button[contains(text(),'Logout')]]
verify tab[[ChromeDriver: chrome on WINDOWS (1779389475f5b1b6a39a0869e4513b02)] -> xpath: //button[contains(text(),'Logout')]]
verify tab[[ChromeDriver: chrome on WINDOWS (1779389475f5b1b6a39a0869e4513b02)] -> xpath: //button[contains(text(),'Logout')]]
verify tab[[ChromeDriver: chrome on WINDOWS (1779389475f5b1b6a39a0869e4513b02)] -> xpath: //button[contains(text(),'Logout')]]
verify tab[[ChromeDriver: chrome on WINDOWS (1779389475f5b1b6a39a0869e4513b02)] -> xpath: //button[contains(text(),'Logout')]]
verify tab[[ChromeDriver: chrome on WINDOWS (1779389475f5b1b6a39a0869e4513b02)] -> xpath: //button[contains(text(),'Logout')]]
verify tab[[ChromeDriver: chrome on WINDOWS (1779389475f5b1b6a39a0869e4513b02)] -> xpath: //button[contains(text(),'Logout')]]
verify tab[[ChromeDriver: chrome on WINDOWS (1779389475f5b1b6a39a0869e4513b02)] -> xpath: //button[contains(text(),'Logout')]]
verify tab[[ChromeDriver: chrome on WINDOWS (1779389475f5b1b6a39a0869e4513b02)] -> xpath: //button[contains(text(),'Logout')]]
verify tab[[ChromeDriver: chrome on WINDOWS (1779389475f5b1b6a39a0869e4513b02)] -> xpath: //button[contains(text(),'Logout')]]
verify tab[[ChromeDriver: chrome on WINDOWS (1779389475f5b1b6a39a0869e4513b02)] -> xpath: //button[contains(text(),'Logout')]]
verify tab[[ChromeDriver: chrome on WINDOWS (1779389475f5b1b6a39a0869e4513b02)] -> xpath: //button[contains(text(),'Logout')]]
verify tab[[ChromeDriver: chrome on WINDOWS (1779389475f5b1b6a39a0869e4513b02)] -> xpath: //button[contains(text(),'Logout')]]
verify tab[[ChromeDriver: chrome on WINDOWS (1779389475f5b1b6a39a0869e4513b02)] -> xpath: //button[contains(text(),'Logout')]]
verify tab[[ChromeDriver: chrome on WINDOWS (1779389475f5b1b6a39a0869e4513b02)] -> xpath: //button[contains(text(),'Logout')]]
verify tab[[ChromeDriver: chrome on WINDOWS (1779389475f5b1b6a39a0869e4513b02)] -> xpath: //button[contains(text(),'Logout')]]
verify tab[[ChromeDriver: chrome on WINDOWS (1779389475f5b1b6a39a0869e4513b02)] -> xpath: //button[contains(text(),'Logout')]]
verify tab[[ChromeDriver: chrome on WINDOWS (1779389475f5b1b6a39a0869e4513b02)] -> xpath: //button[contains(text(),'Logout')]]
verify tab[[ChromeDriver: chrome on WINDOWS (1779389475f5b1b6a39a0869e4513b02)] -> xpath: //button[contains(text(),'Logout')]]
verify tab[[ChromeDriver: chrome on WINDOWS (1779389475f5b1b6a39a0869e4513b02)] -> xpath: //button[contains(text(),'Logout')]]
verify tab[[ChromeDriver: chrome on WINDOWS (1779389475f5b1b6a39a0869e4513b02)] -> xpath: //button[contains(text(),'Logout')]]
verify tab[[ChromeDriver: chrome on WINDOWS (1779389475f5b1b6a39a0869e4513b02)] -> xpath: //button[contains(text(),'Logout')]]
verify tab[[ChromeDriver: chrome on WINDOWS (1779389475f5b1b6a39a0869e4513b02)] -> xpath: //button[contains(text(),'Logout')]]
verify tab[[ChromeDriver: chrome on WINDOWS (1779389475f5b1b6a39a0869e4513b02)] -> xpath: //button[contains(text(),'Logout')]]
verify tab[[ChromeDriver: chrome on WINDOWS (1779389475f5b1b6a39a0869e4513b02)] -> xpath: //button[contains(text(),'Logout')]]
verify tab[[ChromeDriver: chrome on WINDOWS (1779389475f5b1b6a39a0869e4513b02)] -> xpath: //button[contains(text(),'Logout')]]
verify tab[[ChromeDriver: chrome on WINDOWS (1779389475f5b1b6a39a0869e4513b02)] -> xpath: //button[contains(text(),'Logout')]]
verify tab[[ChromeDriver: chrome on WINDOWS (1779389475f5b1b6a39a0869e4513b02)] -> xpath: //button[contains(text(),'Logout')]]
verify tab[[ChromeDriver: chrome on WINDOWS (1779389475f5b1b6a39a0869e4513b02)] -> xpath: //button[contains(text(),'Logout')]]
verify tab[[ChromeDriver: chrome on WINDOWS (1779389475f5b1b6a39a0869e4513b02)] -> xpath: //button[contains(text(),'Logout')]]
verify tab[[ChromeDriver: chrome on WINDOWS (1779389475f5b1b6a39a0869e4513b02)] -> xpath: //button[contains(text(),'Logout')]]
verify tab[[ChromeDriver: chrome on WINDOWS (1779389475f5b1b6a39a0869e4513b02)] -> xpath: //button[contains(text(),'Logout')]]
verify tab[[ChromeDriver: chrome on WINDOWS (1779389475f5b1b6a39a0869e4513b02)] -> xpath: //button[contains(text(),'Logout')]]
verify tab[[ChromeDriver: chrome on WINDOWS (1779389475f5b1b6a39a0869e4513b02)] -> xpath: //button[contains(text(),'Logout')]]
verify tab[[ChromeDriver: chrome on WINDOWS (1779389475f5b1b6a39a0869e4513b02)] -> xpath: //button[contains(text(),'Logout')]]
verify tab[[ChromeDriver: chrome on WINDOWS (1779389475f5b1b6a39a0869e4513b02)] -> xpath: //button[contains(text(),'Logout')]]
verify tab[[ChromeDriver: chrome on WINDOWS (1779389475f5b1b6a39a0869e4513b02)] -> xpath: //button[contains(text(),'Logout')]]
verify tab[[ChromeDriver: chrome on WINDOWS (1779389475f5b1b6a39a0869e4513b02)] -> xpath: //button[contains(text(),'Logout')]]
verify tab[[ChromeDriver: chrome on WINDOWS (1779389475f5b1b6a39a0869e4513b02)] -> xpath: //button[contains(text(),'Logout')]]
verify tab[[ChromeDriver: chrome on WINDOWS (1779389475f5b1b6a39a0869e4513b02)] -> xpath: //button[contains(text(),'Logout')]]
verify tab[[ChromeDriver: chrome on WINDOWS (1779389475f5b1b6a39a0869e4513b02)] -> xpath: //button[contains(text(),'Logout')]]
verify tab[[ChromeDriver: chrome on WINDOWS (1779389475f5b1b6a39a0869e4513b02)] -> xpath: //button[contains(text(),'Logout')]]
verify tab[[ChromeDriver: chrome on WINDOWS (1779389475f5b1b6a39a0869e4513b02)] -> xpath: //button[contains(text(),'Logout')]]
verify tab[[ChromeDriver: chrome on WINDOWS (1779389475f5b1b6a39a0869e4513b02)] -> xpath: //button[contains(text(),'Logout')]]
verify tab[[ChromeDriver: chrome on WINDOWS (1779389475f5b1b6a39a0869e4513b02)] -> xpath: //button[contains(text(),'Logout')]]
verify tab[[ChromeDriver: chrome on WINDOWS (1779389475f5b1b6a39a0869e4513b02)] -> xpath: //button[contains(text(),'Logout')]]
verify tab[[ChromeDriver: chrome on WINDOWS (1779389475f5b1b6a39a0869e4513b02)] -> xpath: //button[contains(text(),'Logout')]]
verify tab[[ChromeDriver: chrome on WINDOWS (1779389475f5b1b6a39a0869e4513b02)] -> xpath: //button[contains(text(),'Logout')]]
verify tab[[ChromeDriver: chrome on WINDOWS (1779389475f5b1b6a39a0869e4513b02)] -> xpath: //button[contains(text(),'Logout')]]
verify tab[[ChromeDriver: chrome on WINDOWS (1779389475f5b1b6a39a0869e4513b02)] -> xpath: //button[contains(text(),'Logout')]]
verify tab[[ChromeDriver: chrome on WINDOWS (1779389475f5b1b6a39a0869e4513b02)] -> xpath: //button[contains(text(),'Logout')]]
verify tab[[ChromeDriver: chrome on WINDOWS (1779389475f5b1b6a39a0869e4513b02)] -> xpath: //button[contains(text(),'Logout')]]
verify tab[[ChromeDriver: chrome on WINDOWS (1779389475f5b1b6a39a0869e4513b02)] -> xpath: //button[contains(text(),'Logout')]]
verify tab[[ChromeDriver: chrome on WINDOWS (1779389475f5b1b6a39a0869e4513b02)] -> xpath: //button[contains(text(),'Logout')]]
verify tab[[ChromeDriver: chrome on WINDOWS (1779389475f5b1b6a39a0869e4513b02)] -> xpath: //button[contains(text(),'Logout')]]
verify tab[[ChromeDriver: chrome on WINDOWS (1779389475f5b1b6a39a0869e4513b02)] -> xpath: //button[contains(text(),'Logout')]]
verify tab[[ChromeDriver: chrome on WINDOWS (1779389475f5b1b6a39a0869e4513b02)] -> xpath: //button[contains(text(),'Logout')]]
verify tab[[ChromeDriver: chrome on WINDOWS (1779389475f5b1b6a39a0869e4513b02)] -> xpath: //button[contains(text(),'Logout')]]
verify tab[[ChromeDriver: chrome on WINDOWS (1779389475f5b1b6a39a0869e4513b02)] -> xpath: //button[contains(text(),'Logout')]]
verify tab[[ChromeDriver: chrome on WINDOWS (1779389475f5b1b6a39a0869e4513b02)] -> xpath: //button[contains(text(),'Logout')]]
verify tab[[ChromeDriver: chrome on WINDOWS (1779389475f5b1b6a39a0869e4513b02)] -> xpath: //button[contains(text(),'Logout')]]
verify tab[[ChromeDriver: chrome on WINDOWS (1779389475f5b1b6a39a0869e4513b02)] -> xpath: //button[contains(text(),'Logout')]]
verify tab[[ChromeDriver: chrome on WINDOWS (1779389475f5b1b6a39a0869e4513b02)] -> xpath: //button[contains(text(),'Logout')]]
verify tab[[ChromeDriver: chrome on WINDOWS (1779389475f5b1b6a39a0869e4513b02)] -> xpath: //button[contains(text(),'Logout')]]
verify tab[[ChromeDriver: chrome on WINDOWS (1779389475f5b1b6a39a0869e4513b02)] -> xpath: //button[contains(text(),'Logout')]]
verify tab[[ChromeDriver: chrome on WINDOWS (1779389475f5b1b6a39a0869e4513b02)] -> xpath: //button[contains(text(),'Logout')]]
verify tab[[ChromeDriver: chrome on WINDOWS (1779389475f5b1b6a39a0869e4513b02)] -> xpath: //button[contains(text(),'Logout')]]
verify tab[[ChromeDriver: chrome on WINDOWS (1779389475f5b1b6a39a0869e4513b02)] -> xpath: //button[contains(text(),'Logout')]]
verify tab[[ChromeDriver: chrome on WINDOWS (1779389475f5b1b6a39a0869e4513b02)] -> xpath: //button[contains(text(),'Logout')]]
verify tab[[ChromeDriver: chrome on WINDOWS (1779389475f5b1b6a39a0869e4513b02)] -> xpath: //button[contains(text(),'Logout')]]
verify tab[[ChromeDriver: chrome on WINDOWS (1779389475f5b1b6a39a0869e4513b02)] -> xpath: //button[contains(text(),'Logout')]]
verify tab[[ChromeDriver: chrome on WINDOWS (1779389475f5b1b6a39a0869e4513b02)] -> xpath: //button[contains(text(),'Logout')]]
verify tab[[ChromeDriver: chrome on WINDOWS (1779389475f5b1b6a39a0869e4513b02)] -> xpath: //button[contains(text(),'Logout')]]
verify tab[[ChromeDriver: chrome on WINDOWS (1779389475f5b1b6a39a0869e4513b02)] -> xpath: //button[contains(text(),'Logout')]]
verify tab[[ChromeDriver: chrome on WINDOWS (1779389475f5b1b6a39a0869e4513b02)] -> xpath: //button[contains(text(),'Logout')]]
verify tab[[ChromeDriver: chrome on WINDOWS (1779389475f5b1b6a39a0869e4513b02)] -> xpath: //button[contains(text(),'Logout')]]
verify tab[[ChromeDriver: chrome on WINDOWS (1779389475f5b1b6a39a0869e4513b02)] -> xpath: //button[contains(text(),'Logout')]]
verify tab[[ChromeDriver: chrome on WINDOWS (1779389475f5b1b6a39a0869e4513b02)] -> xpath: //button[contains(text(),'Logout')]]
verify tab[[ChromeDriver: chrome on WINDOWS (1779389475f5b1b6a39a0869e4513b02)] -> xpath: //button[contains(text(),'Logout')]]
verify tab[[ChromeDriver: chrome on WINDOWS (1779389475f5b1b6a39a0869e4513b02)] -> xpath: //button[contains(text(),'Logout')]]
verify tab[[ChromeDriver: chrome on WINDOWS (1779389475f5b1b6a39a0869e4513b02)] -> xpath: //button[contains(text(),'Logout')]]
verify tab[[ChromeDriver: chrome on WINDOWS (1779389475f5b1b6a39a0869e4513b02)] -> xpath: //button[contains(text(),'Logout')]]
verify tab[[ChromeDriver: chrome on WINDOWS (1779389475f5b1b6a39a0869e4513b02)] -> xpath: //button[contains(text(),'Logout')]]
verify tab[[ChromeDriver: chrome on WINDOWS (1779389475f5b1b6a39a0869e4513b02)] -> xpath: //button[contains(text(),'Logout')]]
verify tab[[ChromeDriver: chrome on WINDOWS (1779389475f5b1b6a39a0869e4513b02)] -> xpath: //button[contains(text(),'Logout')]]
verify tab[[ChromeDriver: chrome on WINDOWS (1779389475f5b1b6a39a0869e4513b02)] -> xpath: //button[contains(text(),'Logout')]]
verify tab[[ChromeDriver: chrome on WINDOWS (1779389475f5b1b6a39a0869e4513b02)] -> xpath: //button[contains(text(),'Logout')]]
verify tab[[ChromeDriver: chrome on WINDOWS (1779389475f5b1b6a39a0869e4513b02)] -> xpath: //button[contains(text(),'Logout')]]
verify tab[[ChromeDriver: chrome on WINDOWS (1779389475f5b1b6a39a0869e4513b02)] -> xpath: //button[contains(text(),'Logout')]]
verify tab[[ChromeDriver: chrome on WINDOWS (1779389475f5b1b6a39a0869e4513b02)] -> xpath: //button[contains(text(),'Logout')]]
verify tab[[ChromeDriver: chrome on WINDOWS (1779389475f5b1b6a39a0869e4513b02)] -> xpath: //button[contains(text(),'Logout')]]
verify tab[[ChromeDriver: chrome on WINDOWS (1779389475f5b1b6a39a0869e4513b02)] -> xpath: //button[contains(text(),'Logout')]]
verify tab[[ChromeDriver: chrome on WINDOWS (1779389475f5b1b6a39a0869e4513b02)] -> xpath: //button[contains(text(),'Logout')]]
verify tab[[ChromeDriver: chrome on WINDOWS (1779389475f5b1b6a39a0869e4513b02)] -> xpath: //button[contains(text(),'Logout')]]
verify tab[[ChromeDriver: chrome on WINDOWS (1779389475f5b1b6a39a0869e4513b02)] -> xpath: //button[contains(text(),'Logout')]]
verify tab[[ChromeDriver: chrome on WINDOWS (1779389475f5b1b6a39a0869e4513b02)] -> xpath: //button[contains(text(),'Logout')]]
verify tab[[ChromeDriver: chrome on WINDOWS (1779389475f5b1b6a39a0869e4513b02)] -> xpath: //button[contains(text(),'Logout')]]
verify tab[[ChromeDriver: chrome on WINDOWS (1779389475f5b1b6a39a0869e4513b02)] -> xpath: //button[contains(text(),'Logout')]]
verify tab[[ChromeDriver: chrome on WINDOWS (1779389475f5b1b6a39a0869e4513b02)] -> xpath: //button[contains(text(),'Logout')]]
verify tab[[ChromeDriver: chrome on WINDOWS (1779389475f5b1b6a39a0869e4513b02)] -> xpath: //button[contains(text(),'Logout')]]
verify tab[[ChromeDriver: chrome on WINDOWS (1779389475f5b1b6a39a0869e4513b02)] -> xpath: //button[contains(text(),'Logout')]]
verify tab[[ChromeDriver: chrome on WINDOWS (1779389475f5b1b6a39a0869e4513b02)] -> xpath: //button[contains(text(),'Logout')]]
verify tab[[ChromeDriver: chrome on WINDOWS (1779389475f5b1b6a39a0869e4513b02)] -> xpath: //button[contains(text(),'Logout')]]
verify tab[[ChromeDriver: chrome on WINDOWS (1779389475f5b1b6a39a0869e4513b02)] -> xpath: //button[contains(text(),'Logout')]]
verify tab[[ChromeDriver: chrome on WINDOWS (1779389475f5b1b6a39a0869e4513b02)] -> xpath: //button[contains(text(),'Logout')]]
verify tab[[ChromeDriver: chrome on WINDOWS (1779389475f5b1b6a39a0869e4513b02)] -> xpath: //button[contains(text(),'Logout')]]
verify tab[[ChromeDriver: chrome on WINDOWS (1779389475f5b1b6a39a0869e4513b02)] -> xpath: //button[contains(text(),'Logout')]]
verify tab[[ChromeDriver: chrome on WINDOWS (1779389475f5b1b6a39a0869e4513b02)] -> xpath: //button[contains(text(),'Logout')]]
verify tab[[ChromeDriver: chrome on WINDOWS (1779389475f5b1b6a39a0869e4513b02)] -> xpath: //button[contains(text(),'Logout')]]
verify tab[[ChromeDriver: chrome on WINDOWS (1779389475f5b1b6a39a0869e4513b02)] -> xpath: //button[contains(text(),'Logout')]]
verify tab[[ChromeDriver: chrome on WINDOWS (1779389475f5b1b6a39a0869e4513b02)] -> xpath: //button[contains(text(),'Logout')]]
verify tab[[ChromeDriver: chrome on WINDOWS (1779389475f5b1b6a39a0869e4513b02)] -> xpath: //button[contains(text(),'Logout')]]
verify tab[[ChromeDriver: chrome on WINDOWS (1779389475f5b1b6a39a0869e4513b02)] -> xpath: //button[contains(text(),'Logout')]]
verify tab[[ChromeDriver: chrome on WINDOWS (1779389475f5b1b6a39a0869e4513b02)] -> xpath: //button[contains(text(),'Logout')]]
verify tab[[ChromeDriver: chrome on WINDOWS (1779389475f5b1b6a39a0869e4513b02)] -> xpath: //button[contains(text(),'Logout')]]
verify tab[[ChromeDriver: chrome on WINDOWS (1779389475f5b1b6a39a0869e4513b02)] -> xpath: //button[contains(text(),'Logout')]]
verify tab[[ChromeDriver: chrome on WINDOWS (1779389475f5b1b6a39a0869e4513b02)] -> xpath: //button[contains(text(),'Logout')]]
verify tab[[ChromeDriver: chrome on WINDOWS (1779389475f5b1b6a39a0869e4513b02)] -> xpath: //button[contains(text(),'Logout')]]
verify tab[[ChromeDriver: chrome on WINDOWS (1779389475f5b1b6a39a0869e4513b02)] -> xpath: //button[contains(text(),'Logout')]]
verify tab[[ChromeDriver: chrome on WINDOWS (1779389475f5b1b6a39a0869e4513b02)] -> xpath: //button[contains(text(),'Logout')]]
verify tab[[ChromeDriver: chrome on WINDOWS (1779389475f5b1b6a39a0869e4513b02)] -> xpath: //button[contains(text(),'Logout')]]
verify tab[[ChromeDriver: chrome on WINDOWS (1779389475f5b1b6a39a0869e4513b02)] -> xpath: //button[contains(text(),'Logout')]]
verify tab[[ChromeDriver: chrome on WINDOWS (1779389475f5b1b6a39a0869e4513b02)] -> xpath: //button[contains(text(),'Logout')]]
verify tab[[ChromeDriver: chrome on WINDOWS (1779389475f5b1b6a39a0869e4513b02)] -> xpath: //button[contains(text(),'Logout')]]
verify tab[[ChromeDriver: chrome on WINDOWS (1779389475f5b1b6a39a0869e4513b02)] -> xpath: //button[contains(text(),'Logout')]]
verify tab[[ChromeDriver: chrome on WINDOWS (1779389475f5b1b6a39a0869e4513b02)] -> xpath: //button[contains(text(),'Logout')]]
verify tab[[ChromeDriver: chrome on WINDOWS (1779389475f5b1b6a39a0869e4513b02)] -> xpath: //button[contains(text(),'Logout')]]
verify tab[[ChromeDriver: chrome on WINDOWS (1779389475f5b1b6a39a0869e4513b02)] -> xpath: //button[contains(text(),'Logout')]]
verify tab[[ChromeDriver: chrome on WINDOWS (1779389475f5b1b6a39a0869e4513b02)] -> xpath: //button[contains(text(),'Logout')]]
verify tab[[ChromeDriver: chrome on WINDOWS (1779389475f5b1b6a39a0869e4513b02)] -> xpath: //button[contains(text(),'Logout')]]
verify tab[[ChromeDriver: chrome on WINDOWS (1779389475f5b1b6a39a0869e4513b02)] -> xpath: //button[contains(text(),'Logout')]]
verify tab[[ChromeDriver: chrome on WINDOWS (1779389475f5b1b6a39a0869e4513b02)] -> xpath: //button[contains(text(),'Logout')]]
verify tab[[ChromeDriver: chrome on WINDOWS (1779389475f5b1b6a39a0869e4513b02)] -> xpath: //button[contains(text(),'Logout')]]
verify tab[[ChromeDriver: chrome on WINDOWS (1779389475f5b1b6a39a0869e4513b02)] -> xpath: //button[contains(text(),'Logout')]]
verify tab[[ChromeDriver: chrome on WINDOWS (1779389475f5b1b6a39a0869e4513b02)] -> xpath: //button[contains(text(),'Logout')]]
verify tab[[ChromeDriver: chrome on WINDOWS (1779389475f5b1b6a39a0869e4513b02)] -> xpath: //button[contains(text(),'Logout')]]
verify tab[[ChromeDriver: chrome on WINDOWS (1779389475f5b1b6a39a0869e4513b02)] -> xpath: //button[contains(text(),'Logout')]]
verify tab[[ChromeDriver: chrome on WINDOWS (1779389475f5b1b6a39a0869e4513b02)] -> xpath: //button[contains(text(),'Logout')]]
verify tab[[ChromeDriver: chrome on WINDOWS (1779389475f5b1b6a39a0869e4513b02)] -> xpath: //button[contains(text(),'Logout')]]
verify tab[[ChromeDriver: chrome on WINDOWS (1779389475f5b1b6a39a0869e4513b02)] -> xpath: //button[contains(text(),'Logout')]]
verify tab[[ChromeDriver: chrome on WINDOWS (1779389475f5b1b6a39a0869e4513b02)] -> xpath: //button[contains(text(),'Logout')]]
verify tab[[ChromeDriver: chrome on WINDOWS (1779389475f5b1b6a39a0869e4513b02)] -> xpath: //button[contains(text(),'Logout')]]
verify tab[[ChromeDriver: chrome on WINDOWS (1779389475f5b1b6a39a0869e4513b02)] -> xpath: //button[contains(text(),'Logout')]]
verify tab[[ChromeDriver: chrome on WINDOWS (1779389475f5b1b6a39a0869e4513b02)] -> xpath: //button[contains(text(),'Logout')]]
verify tab[[ChromeDriver: chrome on WINDOWS (1779389475f5b1b6a39a0869e4513b02)] -> xpath: //button[contains(text(),'Logout')]]
verify tab[[ChromeDriver: chrome on WINDOWS (1779389475f5b1b6a39a0869e4513b02)] -> xpath: //button[contains(text(),'Logout')]]
verify tab[[ChromeDriver: chrome on WINDOWS (1779389475f5b1b6a39a0869e4513b02)] -> xpath: //button[contains(text(),'Logout')]]
verify tab[[ChromeDriver: chrome on WINDOWS (1779389475f5b1b6a39a0869e4513b02)] -> xpath: //button[contains(text(),'Logout')]]
verify tab[[ChromeDriver: chrome on WINDOWS (1779389475f5b1b6a39a0869e4513b02)] -> xpath: //button[contains(text(),'Logout')]]
verify tab[[ChromeDriver: chrome on WINDOWS (1779389475f5b1b6a39a0869e4513b02)] -> xpath: //button[contains(text(),'Logout')]]
verify tab[[ChromeDriver: chrome on WINDOWS (1779389475f5b1b6a39a0869e4513b02)] -> xpath: //button[contains(text(),'Logout')]]
verify tab[[ChromeDriver: chrome on WINDOWS (1779389475f5b1b6a39a0869e4513b02)] -> xpath: //button[contains(text(),'Logout')]]
verify tab[[ChromeDriver: chrome on WINDOWS (1779389475f5b1b6a39a0869e4513b02)] -> xpath: //button[contains(text(),'Logout')]]
verify tab[[ChromeDriver: chrome on WINDOWS (1779389475f5b1b6a39a0869e4513b02)] -> xpath: //button[contains(text(),'Logout')]]
verify tab[[ChromeDriver: chrome on WINDOWS (1779389475f5b1b6a39a0869e4513b02)] -> xpath: //button[contains(text(),'Logout')]]
verify tab[[ChromeDriver: chrome on WINDOWS (1779389475f5b1b6a39a0869e4513b02)] -> xpath: //button[contains(text(),'Logout')]]
verify tab[[ChromeDriver: chrome on WINDOWS (1779389475f5b1b6a39a0869e4513b02)] -> xpath: //button[contains(text(),'Logout')]]
verify tab[[ChromeDriver: chrome on WINDOWS (1779389475f5b1b6a39a0869e4513b02)] -> xpath: //button[contains(text(),'Logout')]]
verify tab[[ChromeDriver: chrome on WINDOWS (1779389475f5b1b6a39a0869e4513b02)] -> xpath: //button[contains(text(),'Logout')]]
verify tab[[ChromeDriver: chrome on WINDOWS (1779389475f5b1b6a39a0869e4513b02)] -> xpath: //button[contains(text(),'Logout')]]
verify tab[[ChromeDriver: chrome on WINDOWS (1779389475f5b1b6a39a0869e4513b02)] -> xpath: //button[contains(text(),'Logout')]]
verify tab[[ChromeDriver: chrome on WINDOWS (1779389475f5b1b6a39a0869e4513b02)] -> xpath: //button[contains(text(),'Logout')]]
verify tab[[ChromeDriver: chrome on WINDOWS (1779389475f5b1b6a39a0869e4513b02)] -> xpath: //button[contains(text(),'Logout')]]
verify tab[[ChromeDriver: chrome on WINDOWS (1779389475f5b1b6a39a0869e4513b02)] -> xpath: //button[contains(text(),'Logout')]]
verify tab[[ChromeDriver: chrome on WINDOWS (1779389475f5b1b6a39a0869e4513b02)] -> xpath: //button[contains(text(),'Logout')]]
verify tab[[ChromeDriver: chrome on WINDOWS (1779389475f5b1b6a39a0869e4513b02)] -> xpath: //button[contains(text(),'Logout')]]
verify tab[[ChromeDriver: chrome on WINDOWS (1779389475f5b1b6a39a0869e4513b02)] -> xpath: //button[contains(text(),'Logout')]]
verify tab[[ChromeDriver: chrome on WINDOWS (1779389475f5b1b6a39a0869e4513b02)] -> xpath: //button[contains(text(),'Logout')]]
verify tab[[ChromeDriver: chrome on WINDOWS (1779389475f5b1b6a39a0869e4513b02)] -> xpath: //button[contains(text(),'Logout')]]
verify tab[[ChromeDriver: chrome on WINDOWS (1779389475f5b1b6a39a0869e4513b02)] -> xpath: //button[contains(text(),'Logout')]]
verify tab[[ChromeDriver: chrome on WINDOWS (1779389475f5b1b6a39a0869e4513b02)] -> xpath: //button[contains(text(),'Logout')]]
verify tab[[ChromeDriver: chrome on WINDOWS (1779389475f5b1b6a39a0869e4513b02)] -> xpath: //button[contains(text(),'Logout')]]
verify tab[[ChromeDriver: chrome on WINDOWS (1779389475f5b1b6a39a0869e4513b02)] -> xpath: //button[contains(text(),'Logout')]]
verify tab[[ChromeDriver: chrome on WINDOWS (1779389475f5b1b6a39a0869e4513b02)] -> xpath: //button[contains(text(),'Logout')]]
verify tab[[ChromeDriver: chrome on WINDOWS (1779389475f5b1b6a39a0869e4513b02)] -> xpath: //button[contains(text(),'Logout')]]
verify tab[[ChromeDriver: chrome on WINDOWS (1779389475f5b1b6a39a0869e4513b02)] -> xpath: //button[contains(text(),'Logout')]]
verify tab[[ChromeDriver: chrome on WINDOWS (1779389475f5b1b6a39a0869e4513b02)] -> xpath: //button[contains(text(),'Logout')]]
verify tab[[ChromeDriver: chrome on WINDOWS (1779389475f5b1b6a39a0869e4513b02)] -> xpath: //button[contains(text(),'Logout')]]
verify tab[[ChromeDriver: chrome on WINDOWS (1779389475f5b1b6a39a0869e4513b02)] -> xpath: //button[contains(text(),'Logout')]]
verify tab[[ChromeDriver: chrome on WINDOWS (1779389475f5b1b6a39a0869e4513b02)] -> xpath: //button[contains(text(),'Logout')]]
verify tab[[ChromeDriver: chrome on WINDOWS (1779389475f5b1b6a39a0869e4513b02)] -> xpath: //button[contains(text(),'Logout')]]
verify tab[[ChromeDriver: chrome on WINDOWS (1779389475f5b1b6a39a0869e4513b02)] -> xpath: //button[contains(text(),'Logout')]]
verify tab[[ChromeDriver: chrome on WINDOWS (1779389475f5b1b6a39a0869e4513b02)] -> xpath: //button[contains(text(),'Logout')]]
verify tab[[ChromeDriver: chrome on WINDOWS (1779389475f5b1b6a39a0869e4513b02)] -> xpath: //button[contains(text(),'Logout')]]
verify tab[[ChromeDriver: chrome on WINDOWS (1779389475f5b1b6a39a0869e4513b02)] -> xpath: //button[contains(text(),'Logout')]]
verify tab[[ChromeDriver: chrome on WINDOWS (1779389475f5b1b6a39a0869e4513b02)] -> xpath: //button[contains(text(),'Logout')]]
verify tab[[ChromeDriver: chrome on WINDOWS (1779389475f5b1b6a39a0869e4513b02)] -> xpath: //button[contains(text(),'Logout')]]
verify tab[[ChromeDriver: chrome on WINDOWS (1779389475f5b1b6a39a0869e4513b02)] -> xpath: //button[contains(text(),'Logout')]]
verify tab[[ChromeDriver: chrome on WINDOWS (1779389475f5b1b6a39a0869e4513b02)] -> xpath: //button[contains(text(),'Logout')]]
verify tab[[ChromeDriver: chrome on WINDOWS (1779389475f5b1b6a39a0869e4513b02)] -> xpath: //button[contains(text(),'Logout')]]
verify tab[[ChromeDriver: chrome on WINDOWS (1779389475f5b1b6a39a0869e4513b02)] -> xpath: //button[contains(text(),'Logout')]]
verify tab[[ChromeDriver: chrome on WINDOWS (1779389475f5b1b6a39a0869e4513b02)] -> xpath: //button[contains(text(),'Logout')]]
verify tab[[ChromeDriver: chrome on WINDOWS (1779389475f5b1b6a39a0869e4513b02)] -> xpath: //button[contains(text(),'Logout')]]
verify tab[[ChromeDriver: chrome on WINDOWS (1779389475f5b1b6a39a0869e4513b02)] -> xpath: //button[contains(text(),'Logout')]]
verify tab[[ChromeDriver: chrome on WINDOWS (1779389475f5b1b6a39a0869e4513b02)] -> xpath: //button[contains(text(),'Logout')]]
verify tab[[ChromeDriver: chrome on WINDOWS (1779389475f5b1b6a39a0869e4513b02)] -> xpath: //button[contains(text(),'Logout')]]
verify tab[[ChromeDriver: chrome on WINDOWS (1779389475f5b1b6a39a0869e4513b02)] -> xpath: //button[contains(text(),'Logout')]]
verify tab[[ChromeDriver: chrome on WINDOWS (1779389475f5b1b6a39a0869e4513b02)] -> xpath: //button[contains(text(),'Logout')]]
verify tab[[ChromeDriver: chrome on WINDOWS (1779389475f5b1b6a39a0869e4513b02)] -> xpath: //button[contains(text(),'Logout')]]
verify tab[[ChromeDriver: chrome on WINDOWS (1779389475f5b1b6a39a0869e4513b02)] -> xpath: //button[contains(text(),'Logout')]]
verify tab[[ChromeDriver: chrome on WINDOWS (1779389475f5b1b6a39a0869e4513b02)] -> xpath: //button[contains(text(),'Logout')]]
verify tab[[ChromeDriver: chrome on WINDOWS (1779389475f5b1b6a39a0869e4513b02)] -> xpath: //button[contains(text(),'Logout')]]
verify tab[[ChromeDriver: chrome on WINDOWS (1779389475f5b1b6a39a0869e4513b02)] -> xpath: //button[contains(text(),'Logout')]]
verify tab[[ChromeDriver: chrome on WINDOWS (1779389475f5b1b6a39a0869e4513b02)] -> xpath: //button[contains(text(),'Logout')]]
verify tab[[ChromeDriver: chrome on WINDOWS (1779389475f5b1b6a39a0869e4513b02)] -> xpath: //button[contains(text(),'Logout')]]
verify tab[[ChromeDriver: chrome on WINDOWS (1779389475f5b1b6a39a0869e4513b02)] -> xpath: //button[contains(text(),'Logout')]]
verify tab[[ChromeDriver: chrome on WINDOWS (1779389475f5b1b6a39a0869e4513b02)] -> xpath: //button[contains(text(),'Logout')]]
verify tab[[ChromeDriver: chrome on WINDOWS (1779389475f5b1b6a39a0869e4513b02)] -> xpath: //button[contains(text(),'Logout')]]
verify tab[[ChromeDriver: chrome on WINDOWS (1779389475f5b1b6a39a0869e4513b02)] -> xpath: //button[contains(text(),'Logout')]]
verify tab[[ChromeDriver: chrome on WINDOWS (1779389475f5b1b6a39a0869e4513b02)] -> xpath: //button[contains(text(),'Logout')]]
verify tab[[ChromeDriver: chrome on WINDOWS (1779389475f5b1b6a39a0869e4513b02)] -> xpath: //button[contains(text(),'Logout')]]
verify tab[[ChromeDriver: chrome on WINDOWS (1779389475f5b1b6a39a0869e4513b02)] -> xpath: //button[contains(text(),'Logout')]]
verify tab[[ChromeDriver: chrome on WINDOWS (1779389475f5b1b6a39a0869e4513b02)] -> xpath: //button[contains(text(),'Logout')]]
verify tab[[ChromeDriver: chrome on WINDOWS (1779389475f5b1b6a39a0869e4513b02)] -> xpath: //button[contains(text(),'Logout')]]
verify tab[[ChromeDriver: chrome on WINDOWS (1779389475f5b1b6a39a0869e4513b02)] -> xpath: //button[contains(text(),'Logout')]]
verify tab[[ChromeDriver: chrome on WINDOWS (1779389475f5b1b6a39a0869e4513b02)] -> xpath: //button[contains(text(),'Logout')]]
verify tab[[ChromeDriver: chrome on WINDOWS (1779389475f5b1b6a39a0869e4513b02)] -> xpath: //button[contains(text(),'Logout')]]
verify tab[[ChromeDriver: chrome on WINDOWS (1779389475f5b1b6a39a0869e4513b02)] -> xpath: //button[contains(text(),'Logout')]]
verify tab[[ChromeDriver: chrome on WINDOWS (1779389475f5b1b6a39a0869e4513b02)] -> xpath: //button[contains(text(),'Logout')]]
verify tab[[ChromeDriver: chrome on WINDOWS (1779389475f5b1b6a39a0869e4513b02)] -> xpath: //button[contains(text(),'Logout')]]
verify tab[[ChromeDriver: chrome on WINDOWS (1779389475f5b1b6a39a0869e4513b02)] -> xpath: //button[contains(text(),'Logout')]]
verify tab[[ChromeDriver: chrome on WINDOWS (1779389475f5b1b6a39a0869e4513b02)] -> xpath: //button[contains(text(),'Logout')]]
verify tab[[ChromeDriver: chrome on WINDOWS (1779389475f5b1b6a39a0869e4513b02)] -> xpath: //button[contains(text(),'Logout')]]
verify tab[[ChromeDriver: chrome on WINDOWS (1779389475f5b1b6a39a0869e4513b02)] -> xpath: //button[contains(text(),'Logout')]]
verify tab[[ChromeDriver: chrome on WINDOWS (1779389475f5b1b6a39a0869e4513b02)] -> xpath: //button[contains(text(),'Logout')]]
verify tab[[ChromeDriver: chrome on WINDOWS (1779389475f5b1b6a39a0869e4513b02)] -> xpath: //button[contains(text(),'Logout')]]
verify tab[[ChromeDriver: chrome on WINDOWS (1779389475f5b1b6a39a0869e4513b02)] -> xpath: //button[contains(text(),'Logout')]]
verify tab[[ChromeDriver: chrome on WINDOWS (1779389475f5b1b6a39a0869e4513b02)] -> xpath: //button[contains(text(),'Logout')]]
verify tab[[ChromeDriver: chrome on WINDOWS (1779389475f5b1b6a39a0869e4513b02)] -> xpath: //button[contains(text(),'Logout')]]
verify tab[[ChromeDriver: chrome on WINDOWS (1779389475f5b1b6a39a0869e4513b02)] -> xpath: //button[contains(text(),'Logout')]]
verify tab[[ChromeDriver: chrome on WINDOWS (1779389475f5b1b6a39a0869e4513b02)] -> xpath: //button[contains(text(),'Logout')]]
verify tab[[ChromeDriver: chrome on WINDOWS (1779389475f5b1b6a39a0869e4513b02)] -> xpath: //button[contains(text(),'Logout')]]
verify tab[[ChromeDriver: chrome on WINDOWS (1779389475f5b1b6a39a0869e4513b02)] -> xpath: //button[contains(text(),'Logout')]]
verify tab[[ChromeDriver: chrome on WINDOWS (1779389475f5b1b6a39a0869e4513b02)] -> xpath: //button[contains(text(),'Logout')]]
verify tab[[ChromeDriver: chrome on WINDOWS (1779389475f5b1b6a39a0869e4513b02)] -> xpath: //button[contains(text(),'Logout')]]
verify tab[[ChromeDriver: chrome on WINDOWS (1779389475f5b1b6a39a0869e4513b02)] -> xpath: //button[contains(text(),'Logout')]]
verify tab[[ChromeDriver: chrome on WINDOWS (1779389475f5b1b6a39a0869e4513b02)] -> xpath: //button[contains(text(),'Logout')]]
verify tab[[ChromeDriver: chrome on WINDOWS (1779389475f5b1b6a39a0869e4513b02)] -> xpath: //button[contains(text(),'Logout')]]
verify tab[[ChromeDriver: chrome on WINDOWS (1779389475f5b1b6a39a0869e4513b02)] -> xpath: //button[contains(text(),'Logout')]]
verify tab[[ChromeDriver: chrome on WINDOWS (1779389475f5b1b6a39a0869e4513b02)] -> xpath: //button[contains(text(),'Logout')]]
verify tab[[ChromeDriver: chrome on WINDOWS (1779389475f5b1b6a39a0869e4513b02)] -> xpath: //button[contains(text(),'Logout')]]
verify tab[[ChromeDriver: chrome on WINDOWS (1779389475f5b1b6a39a0869e4513b02)] -> xpath: //button[contains(text(),'Logout')]]
verify tab[[ChromeDriver: chrome on WINDOWS (1779389475f5b1b6a39a0869e4513b02)] -> xpath: //button[contains(text(),'Logout')]]
verify tab[[ChromeDriver: chrome on WINDOWS (1779389475f5b1b6a39a0869e4513b02)] -> xpath: //button[contains(text(),'Logout')]]
verify tab[[ChromeDriver: chrome on WINDOWS (1779389475f5b1b6a39a0869e4513b02)] -> xpath: //button[contains(text(),'Logout')]]
verify tab[[ChromeDriver: chrome on WINDOWS (1779389475f5b1b6a39a0869e4513b02)] -> xpath: //button[contains(text(),'Logout')]]
verify tab[[ChromeDriver: chrome on WINDOWS (1779389475f5b1b6a39a0869e4513b02)] -> xpath: //button[contains(text(),'Logout')]]
verify tab[[ChromeDriver: chrome on WINDOWS (1779389475f5b1b6a39a0869e4513b02)] -> xpath: //button[contains(text(),'Logout')]]
verify tab[[ChromeDriver: chrome on WINDOWS (1779389475f5b1b6a39a0869e4513b02)] -> xpath: //button[contains(text(),'Logout')]]
verify tab[[ChromeDriver: chrome on WINDOWS (1779389475f5b1b6a39a0869e4513b02)] -> xpath: //button[contains(text(),'Logout')]]
verify tab[[ChromeDriver: chrome on WINDOWS (1779389475f5b1b6a39a0869e4513b02)] -> xpath: //button[contains(text(),'Logout')]]
verify tab[[ChromeDriver: chrome on WINDOWS (1779389475f5b1b6a39a0869e4513b02)] -> xpath: //button[contains(text(),'Logout')]]
verify tab[[ChromeDriver: chrome on WINDOWS (1779389475f5b1b6a39a0869e4513b02)] -> xpath: //button[contains(text(),'Logout')]]
verify tab[[ChromeDriver: chrome on WINDOWS (1779389475f5b1b6a39a0869e4513b02)] -> xpath: //button[contains(text(),'Logout')]]
verify tab[[ChromeDriver: chrome on WINDOWS (1779389475f5b1b6a39a0869e4513b02)] -> xpath: //button[contains(text(),'Logout')]]
verify tab[[ChromeDriver: chrome on WINDOWS (1779389475f5b1b6a39a0869e4513b02)] -> xpath: //button[contains(text(),'Logout')]]
verify tab[[ChromeDriver: chrome on WINDOWS (1779389475f5b1b6a39a0869e4513b02)] -> xpath: //button[contains(text(),'Logout')]]
verify tab[[ChromeDriver: chrome on WINDOWS (1779389475f5b1b6a39a0869e4513b02)] -> xpath: //button[contains(text(),'Logout')]]
verify tab[[ChromeDriver: chrome on WINDOWS (1779389475f5b1b6a39a0869e4513b02)] -> xpath: //button[contains(text(),'Logout')]]
verify tab[[ChromeDriver: chrome on WINDOWS (1779389475f5b1b6a39a0869e4513b02)] -> xpath: //button[contains(text(),'Logout')]]
verify tab[[ChromeDriver: chrome on WINDOWS (1779389475f5b1b6a39a0869e4513b02)] -> xpath: //button[contains(text(),'Logout')]]
verify tab[[ChromeDriver: chrome on WINDOWS (1779389475f5b1b6a39a0869e4513b02)] -> xpath: //button[contains(text(),'Logout')]]
verify tab[[ChromeDriver: chrome on WINDOWS (1779389475f5b1b6a39a0869e4513b02)] -> xpath: //button[contains(text(),'Logout')]]
verify tab[[ChromeDriver: chrome on WINDOWS (1779389475f5b1b6a39a0869e4513b02)] -> xpath: //button[contains(text(),'Logout')]]
verify tab[[ChromeDriver: chrome on WINDOWS (1779389475f5b1b6a39a0869e4513b02)] -> xpath: //button[contains(text(),'Logout')]]
verify tab[[ChromeDriver: chrome on WINDOWS (1779389475f5b1b6a39a0869e4513b02)] -> xpath: //button[contains(text(),'Logout')]]
verify tab[[ChromeDriver: chrome on WINDOWS (1779389475f5b1b6a39a0869e4513b02)] -> xpath: //button[contains(text(),'Logout')]]
verify tab[[ChromeDriver: chrome on WINDOWS (1779389475f5b1b6a39a0869e4513b02)] -> xpath: //button[contains(text(),'Logout')]]
verify tab[[ChromeDriver: chrome on WINDOWS (1779389475f5b1b6a39a0869e4513b02)] -> xpath: //button[contains(text(),'Logout')]]
verify tab[[ChromeDriver: chrome on WINDOWS (1779389475f5b1b6a39a0869e4513b02)] -> xpath: //button[contains(text(),'Logout')]]
verify tab[[ChromeDriver: chrome on WINDOWS (1779389475f5b1b6a39a0869e4513b02)] -> xpath: //button[contains(text(),'Logout')]]
verify tab[[ChromeDriver: chrome on WINDOWS (1779389475f5b1b6a39a0869e4513b02)] -> xpath: //button[contains(text(),'Logout')]]
verify tab[[ChromeDriver: chrome on WINDOWS (1779389475f5b1b6a39a0869e4513b02)] -> xpath: //button[contains(text(),'Logout')]]
verify tab[[ChromeDriver: chrome on WINDOWS (1779389475f5b1b6a39a0869e4513b02)] -> xpath: //button[contains(text(),'Logout')]]
verify tab[[ChromeDriver: chrome on WINDOWS (1779389475f5b1b6a39a0869e4513b02)] -> xpath: //button[contains(text(),'Logout')]]
verify tab[[ChromeDriver: chrome on WINDOWS (1779389475f5b1b6a39a0869e4513b02)] -> xpath: //button[contains(text(),'Logout')]]
verify tab[[ChromeDriver: chrome on WINDOWS (1779389475f5b1b6a39a0869e4513b02)] -> xpath: //button[contains(text(),'Logout')]]
verify tab[[ChromeDriver: chrome on WINDOWS (1779389475f5b1b6a39a0869e4513b02)] -> xpath: //button[contains(text(),'Logout')]]
verify tab[[ChromeDriver: chrome on WINDOWS (1779389475f5b1b6a39a0869e4513b02)] -> xpath: //button[contains(text(),'Logout')]]
verify tab[[ChromeDriver: chrome on WINDOWS (1779389475f5b1b6a39a0869e4513b02)] -> xpath: //button[contains(text(),'Logout')]]
verify tab[[ChromeDriver: chrome on WINDOWS (1779389475f5b1b6a39a0869e4513b02)] -> xpath: //button[contains(text(),'Logout')]]
verify tab[[ChromeDriver: chrome on WINDOWS (1779389475f5b1b6a39a0869e4513b02)] -> xpath: //button[contains(text(),'Logout')]]
verify tab[[ChromeDriver: chrome on WINDOWS (1779389475f5b1b6a39a0869e4513b02)] -> xpath: //button[contains(text(),'Logout')]]
verify tab[[ChromeDriver: chrome on WINDOWS (1779389475f5b1b6a39a0869e4513b02)] -> xpath: //button[contains(text(),'Logout')]]
verify tab[[ChromeDriver: chrome on WINDOWS (1779389475f5b1b6a39a0869e4513b02)] -> xpath: //button[contains(text(),'Logout')]]
verify tab[[ChromeDriver: chrome on WINDOWS (1779389475f5b1b6a39a0869e4513b02)] -> xpath: //button[contains(text(),'Logout')]]
verify tab[[ChromeDriver: chrome on WINDOWS (1779389475f5b1b6a39a0869e4513b02)] -> xpath: //button[contains(text(),'Logout')]]
verify tab[[ChromeDriver: chrome on WINDOWS (1779389475f5b1b6a39a0869e4513b02)] -> xpath: //button[contains(text(),'Logout')]]
verify tab[[ChromeDriver: chrome on WINDOWS (1779389475f5b1b6a39a0869e4513b02)] -> xpath: //button[contains(text(),'Logout')]]
verify tab[[ChromeDriver: chrome on WINDOWS (1779389475f5b1b6a39a0869e4513b02)] -> xpath: //button[contains(text(),'Logout')]]
verify tab[[ChromeDriver: chrome on WINDOWS (1779389475f5b1b6a39a0869e4513b02)] -> xpath: //button[contains(text(),'Logout')]]
verify tab[[ChromeDriver: chrome on WINDOWS (1779389475f5b1b6a39a0869e4513b02)] -> xpath: //button[contains(text(),'Logout')]]
verify tab[[ChromeDriver: chrome on WINDOWS (1779389475f5b1b6a39a0869e4513b02)] -> xpath: //button[contains(text(),'Logout')]]
verify tab[[ChromeDriver: chrome on WINDOWS (1779389475f5b1b6a39a0869e4513b02)] -> xpath: //button[contains(text(),'Logout')]]
verify tab[[ChromeDriver: chrome on WINDOWS (1779389475f5b1b6a39a0869e4513b02)] -> xpath: //button[contains(text(),'Logout')]]
verify tab[[ChromeDriver: chrome on WINDOWS (1779389475f5b1b6a39a0869e4513b02)] -> xpath: //button[contains(text(),'Logout')]]
verify tab[[ChromeDriver: chrome on WINDOWS (1779389475f5b1b6a39a0869e4513b02)] -> xpath: //button[contains(text(),'Logout')]]
verify tab[[ChromeDriver: chrome on WINDOWS (1779389475f5b1b6a39a0869e4513b02)] -> xpath: //button[contains(text(),'Logout')]]
verify tab[[ChromeDriver: chrome on WINDOWS (1779389475f5b1b6a39a0869e4513b02)] -> xpath: //button[contains(text(),'Logout')]]
verify tab[[ChromeDriver: chrome on WINDOWS (1779389475f5b1b6a39a0869e4513b02)] -> xpath: //button[contains(text(),'Logout')]]
verify tab[[ChromeDriver: chrome on WINDOWS (1779389475f5b1b6a39a0869e4513b02)] -> xpath: //button[contains(text(),'Logout')]]
verify tab[[ChromeDriver: chrome on WINDOWS (1779389475f5b1b6a39a0869e4513b02)] -> xpath: //button[contains(text(),'Logout')]]
verify tab[[ChromeDriver: chrome on WINDOWS (1779389475f5b1b6a39a0869e4513b02)] -> xpath: //button[contains(text(),'Logout')]]
verify tab[[ChromeDriver: chrome on WINDOWS (1779389475f5b1b6a39a0869e4513b02)] -> xpath: //button[contains(text(),'Logout')]]
verify tab[[ChromeDriver: chrome on WINDOWS (1779389475f5b1b6a39a0869e4513b02)] -> xpath: //button[contains(text(),'Logout')]]
verify tab[[ChromeDriver: chrome on WINDOWS (1779389475f5b1b6a39a0869e4513b02)] -> xpath: //button[contains(text(),'Logout')]]
verify tab[[ChromeDriver: chrome on WINDOWS (1779389475f5b1b6a39a0869e4513b02)] -> xpath: //button[contains(text(),'Logout')]]
verify tab[[ChromeDriver: chrome on WINDOWS (1779389475f5b1b6a39a0869e4513b02)] -> xpath: //button[contains(text(),'Logout')]]
verify tab[[ChromeDriver: chrome on WINDOWS (1779389475f5b1b6a39a0869e4513b02)] -> xpath: //button[contains(text(),'Logout')]]
verify tab[[ChromeDriver: chrome on WINDOWS (1779389475f5b1b6a39a0869e4513b02)] -> xpath: //button[contains(text(),'Logout')]]
verify tab[[ChromeDriver: chrome on WINDOWS (1779389475f5b1b6a39a0869e4513b02)] -> xpath: //button[contains(text(),'Logout')]]
verify tab[[ChromeDriver: chrome on WINDOWS (1779389475f5b1b6a39a0869e4513b02)] -> xpath: //button[contains(text(),'Logout')]]
verify tab[[ChromeDriver: chrome on WINDOWS (1779389475f5b1b6a39a0869e4513b02)] -> xpath: //button[contains(text(),'Logout')]]
verify tab[[ChromeDriver: chrome on WINDOWS (1779389475f5b1b6a39a0869e4513b02)] -> xpath: //button[contains(text(),'Logout')]]
verify tab[[ChromeDriver: chrome on WINDOWS (1779389475f5b1b6a39a0869e4513b02)] -> xpath: //button[contains(text(),'Logout')]]
verify tab[[ChromeDriver: chrome on WINDOWS (1779389475f5b1b6a39a0869e4513b02)] -> xpath: //button[contains(text(),'Logout')]]
verify tab[[ChromeDriver: chrome on WINDOWS (1779389475f5b1b6a39a0869e4513b02)] -> xpath: //button[contains(text(),'Logout')]]
verify tab[[ChromeDriver: chrome on WINDOWS (1779389475f5b1b6a39a0869e4513b02)] -> xpath: //button[contains(text(),'Logout')]]
verify tab[[ChromeDriver: chrome on WINDOWS (1779389475f5b1b6a39a0869e4513b02)] -> xpath: //button[contains(text(),'Logout')]]
verify tab[[ChromeDriver: chrome on WINDOWS (1779389475f5b1b6a39a0869e4513b02)] -> xpath: //button[contains(text(),'Logout')]]
verify tab[[ChromeDriver: chrome on WINDOWS (1779389475f5b1b6a39a0869e4513b02)] -> xpath: //button[contains(text(),'Logout')]]
verify tab[[ChromeDriver: chrome on WINDOWS (1779389475f5b1b6a39a0869e4513b02)] -> xpath: //button[contains(text(),'Logout')]]
verify tab[[ChromeDriver: chrome on WINDOWS (1779389475f5b1b6a39a0869e4513b02)] -> xpath: //button[contains(text(),'Logout')]]
verify tab[[ChromeDriver: chrome on WINDOWS (1779389475f5b1b6a39a0869e4513b02)] -> xpath: //button[contains(text(),'Logout')]]
verify tab[[ChromeDriver: chrome on WINDOWS (1779389475f5b1b6a39a0869e4513b02)] -> xpath: //button[contains(text(),'Logout')]]
verify tab[[ChromeDriver: chrome on WINDOWS (1779389475f5b1b6a39a0869e4513b02)] -> xpath: //button[contains(text(),'Logout')]]
verify tab[[ChromeDriver: chrome on WINDOWS (1779389475f5b1b6a39a0869e4513b02)] -> xpath: //button[contains(text(),'Logout')]]
verify tab[[ChromeDriver: chrome on WINDOWS (1779389475f5b1b6a39a0869e4513b02)] -> xpath: //button[contains(text(),'Logout')]]
verify tab[[ChromeDriver: chrome on WINDOWS (1779389475f5b1b6a39a0869e4513b02)] -> xpath: //button[contains(text(),'Logout')]]
verify tab[[ChromeDriver: chrome on WINDOWS (1779389475f5b1b6a39a0869e4513b02)] -> xpath: //button[contains(text(),'Logout')]]
verify tab[[ChromeDriver: chrome on WINDOWS (1779389475f5b1b6a39a0869e4513b02)] -> xpath: //button[contains(text(),'Logout')]]
verify tab[[ChromeDriver: chrome on WINDOWS (1779389475f5b1b6a39a0869e4513b02)] -> xpath: //button[contains(text(),'Logout')]]
verify tab[[ChromeDriver: chrome on WINDOWS (1779389475f5b1b6a39a0869e4513b02)] -> xpath: //button[contains(text(),'Logout')]]
verify tab[[ChromeDriver: chrome on WINDOWS (1779389475f5b1b6a39a0869e4513b02)] -> xpath: //button[contains(text(),'Logout')]]
verify tab[[ChromeDriver: chrome on WINDOWS (1779389475f5b1b6a39a0869e4513b02)] -> xpath: //button[contains(text(),'Logout')]]
verify tab[[ChromeDriver: chrome on WINDOWS (1779389475f5b1b6a39a0869e4513b02)] -> xpath: //button[contains(text(),'Logout')]]
verify tab[[ChromeDriver: chrome on WINDOWS (1779389475f5b1b6a39a0869e4513b02)] -> xpath: //button[contains(text(),'Logout')]]
verify tab[[ChromeDriver: chrome on WINDOWS (1779389475f5b1b6a39a0869e4513b02)] -> xpath: //button[contains(text(),'Logout')]]
verify tab[[ChromeDriver: chrome on WINDOWS (1779389475f5b1b6a39a0869e4513b02)] -> xpath: //button[contains(text(),'Logout')]]
verify tab[[ChromeDriver: chrome on WINDOWS (1779389475f5b1b6a39a0869e4513b02)] -> xpath: //button[contains(text(),'Logout')]]
verify tab[[ChromeDriver: chrome on WINDOWS (1779389475f5b1b6a39a0869e4513b02)] -> xpath: //button[contains(text(),'Logout')]]
verify tab[[ChromeDriver: chrome on WINDOWS (1779389475f5b1b6a39a0869e4513b02)] -> xpath: //button[contains(text(),'Logout')]]
verify tab[[ChromeDriver: chrome on WINDOWS (1779389475f5b1b6a39a0869e4513b02)] -> xpath: //button[contains(text(),'Logout')]]
verify tab[[ChromeDriver: chrome on WINDOWS (1779389475f5b1b6a39a0869e4513b02)] -> xpath: //button[contains(text(),'Logout')]]
verify tab[[ChromeDriver: chrome on WINDOWS (1779389475f5b1b6a39a0869e4513b02)] -> xpath: //button[contains(text(),'Logout')]]
verify tab[[ChromeDriver: chrome on WINDOWS (1779389475f5b1b6a39a0869e4513b02)] -> xpath: //button[contains(text(),'Logout')]]
verify tab[[ChromeDriver: chrome on WINDOWS (1779389475f5b1b6a39a0869e4513b02)] -> xpath: //button[contains(text(),'Logout')]]
verify tab[[ChromeDriver: chrome on WINDOWS (1779389475f5b1b6a39a0869e4513b02)] -> xpath: //button[contains(text(),'Logout')]]
verify tab[[ChromeDriver: chrome on WINDOWS (1779389475f5b1b6a39a0869e4513b02)] -> xpath: //button[contains(text(),'Logout')]]
verify tab[[ChromeDriver: chrome on WINDOWS (1779389475f5b1b6a39a0869e4513b02)] -> xpath: //button[contains(text(),'Logout')]]
verify tab[[ChromeDriver: chrome on WINDOWS (1779389475f5b1b6a39a0869e4513b02)] -> xpath: //button[contains(text(),'Logout')]]
verify tab[[ChromeDriver: chrome on WINDOWS (1779389475f5b1b6a39a0869e4513b02)] -> xpath: //button[contains(text(),'Logout')]]
verify tab[[ChromeDriver: chrome on WINDOWS (1779389475f5b1b6a39a0869e4513b02)] -> xpath: //button[contains(text(),'Logout')]]
verify tab[[ChromeDriver: chrome on WINDOWS (1779389475f5b1b6a39a0869e4513b02)] -> xpath: //button[contains(text(),'Logout')]]
verify tab[[ChromeDriver: chrome on WINDOWS (1779389475f5b1b6a39a0869e4513b02)] -> xpath: //button[contains(text(),'Logout')]]
verify tab[[ChromeDriver: chrome on WINDOWS (1779389475f5b1b6a39a0869e4513b02)] -> xpath: //button[contains(text(),'Logout')]]
verify tab[[ChromeDriver: chrome on WINDOWS (1779389475f5b1b6a39a0869e4513b02)] -> xpath: //button[contains(text(),'Logout')]]
verify tab[[ChromeDriver: chrome on WINDOWS (1779389475f5b1b6a39a0869e4513b02)] -> xpath: //button[contains(text(),'Logout')]]
verify tab[[ChromeDriver: chrome on WINDOWS (1779389475f5b1b6a39a0869e4513b02)] -> xpath: //button[contains(text(),'Logout')]]
verify tab[[ChromeDriver: chrome on WINDOWS (1779389475f5b1b6a39a0869e4513b02)] -> xpath: //button[contains(text(),'Logout')]]
verify tab[[ChromeDriver: chrome on WINDOWS (1779389475f5b1b6a39a0869e4513b02)] -> xpath: //button[contains(text(),'Logout')]]
verify tab[[ChromeDriver: chrome on WINDOWS (1779389475f5b1b6a39a0869e4513b02)] -> xpath: //button[contains(text(),'Logout')]]
verify tab[[ChromeDriver: chrome on WINDOWS (1779389475f5b1b6a39a0869e4513b02)] -> xpath: //button[contains(text(),'Logout')]]
verify tab[[ChromeDriver: chrome on WINDOWS (1779389475f5b1b6a39a0869e4513b02)] -> xpath: //button[contains(text(),'Logout')]]
verify tab[[ChromeDriver: chrome on WINDOWS (1779389475f5b1b6a39a0869e4513b02)] -> xpath: //button[contains(text(),'Logout')]]
verify tab[[ChromeDriver: chrome on WINDOWS (1779389475f5b1b6a39a0869e4513b02)] -> xpath: //button[contains(text(),'Logout')]]
verify tab[[ChromeDriver: chrome on WINDOWS (1779389475f5b1b6a39a0869e4513b02)] -> xpath: //button[contains(text(),'Logout')]]
verify tab[[ChromeDriver: chrome on WINDOWS (1779389475f5b1b6a39a0869e4513b02)] -> xpath: //button[contains(text(),'Logout')]]
verify tab[[ChromeDriver: chrome on WINDOWS (1779389475f5b1b6a39a0869e4513b02)] -> xpath: //button[contains(text(),'Logout')]]
verify tab[[ChromeDriver: chrome on WINDOWS (1779389475f5b1b6a39a0869e4513b02)] -> xpath: //button[contains(text(),'Logout')]]
verify tab[[ChromeDriver: chrome on WINDOWS (1779389475f5b1b6a39a0869e4513b02)] -> xpath: //button[contains(text(),'Logout')]]
verify tab[[ChromeDriver: chrome on WINDOWS (1779389475f5b1b6a39a0869e4513b02)] -> xpath: //button[contains(text(),'Logout')]]
verify tab[[ChromeDriver: chrome on WINDOWS (1779389475f5b1b6a39a0869e4513b02)] -> xpath: //button[contains(text(),'Logout')]]
verify tab[[ChromeDriver: chrome on WINDOWS (1779389475f5b1b6a39a0869e4513b02)] -> xpath: //button[contains(text(),'Logout')]]
verify tab[[ChromeDriver: chrome on WINDOWS (1779389475f5b1b6a39a0869e4513b02)] -> xpath: //button[contains(text(),'Logout')]]
verify tab[[ChromeDriver: chrome on WINDOWS (1779389475f5b1b6a39a0869e4513b02)] -> xpath: //button[contains(text(),'Logout')]]
verify tab[[ChromeDriver: chrome on WINDOWS (1779389475f5b1b6a39a0869e4513b02)] -> xpath: //button[contains(text(),'Logout')]]
verify tab[[ChromeDriver: chrome on WINDOWS (1779389475f5b1b6a39a0869e4513b02)] -> xpath: //button[contains(text(),'Logout')]]
verify tab[[ChromeDriver: chrome on WINDOWS (1779389475f5b1b6a39a0869e4513b02)] -> xpath: //button[contains(text(),'Logout')]]
verify tab[[ChromeDriver: chrome on WINDOWS (1779389475f5b1b6a39a0869e4513b02)] -> xpath: //button[contains(text(),'Logout')]]
verify tab[[ChromeDriver: chrome on WINDOWS (1779389475f5b1b6a39a0869e4513b02)] -> xpath: //button[contains(text(),'Logout')]]
verify tab[[ChromeDriver: chrome on WINDOWS (1779389475f5b1b6a39a0869e4513b02)] -> xpath: //button[contains(text(),'Logout')]]
verify tab[[ChromeDriver: chrome on WINDOWS (1779389475f5b1b6a39a0869e4513b02)] -> xpath: //button[contains(text(),'Logout')]]
verify tab[[ChromeDriver: chrome on WINDOWS (1779389475f5b1b6a39a0869e4513b02)] -> xpath: //button[contains(text(),'Logout')]]
verify tab[[ChromeDriver: chrome on WINDOWS (1779389475f5b1b6a39a0869e4513b02)] -> xpath: //button[contains(text(),'Logout')]]
verify tab[[ChromeDriver: chrome on WINDOWS (1779389475f5b1b6a39a0869e4513b02)] -> xpath: //button[contains(text(),'Logout')]]
verify tab[[ChromeDriver: chrome on WINDOWS (1779389475f5b1b6a39a0869e4513b02)] -> xpath: //button[contains(text(),'Logout')]]
verify tab[[ChromeDriver: chrome on WINDOWS (1779389475f5b1b6a39a0869e4513b02)] -> xpath: //button[contains(text(),'Logout')]]
verify tab[[ChromeDriver: chrome on WINDOWS (1779389475f5b1b6a39a0869e4513b02)] -> xpath: //button[contains(text(),'Logout')]]
verify tab[[ChromeDriver: chrome on WINDOWS (1779389475f5b1b6a39a0869e4513b02)] -> xpath: //button[contains(text(),'Logout')]]
verify tab[[ChromeDriver: chrome on WINDOWS (1779389475f5b1b6a39a0869e4513b02)] -> xpath: //button[contains(text(),'Logout')]]
verify tab[[ChromeDriver: chrome on WINDOWS (1779389475f5b1b6a39a0869e4513b02)] -> xpath: //button[contains(text(),'Logout')]]
verify tab[[ChromeDriver: chrome on WINDOWS (1779389475f5b1b6a39a0869e4513b02)] -> xpath: //button[contains(text(),'Logout')]]
verify tab[[ChromeDriver: chrome on WINDOWS (1779389475f5b1b6a39a0869e4513b02)] -> xpath: //button[contains(text(),'Logout')]]
verify tab[[ChromeDriver: chrome on WINDOWS (1779389475f5b1b6a39a0869e4513b02)] -> xpath: //button[contains(text(),'Logout')]]
verify tab[[ChromeDriver: chrome on WINDOWS (1779389475f5b1b6a39a0869e4513b02)] -> xpath: //button[contains(text(),'Logout')]]
verify tab[[ChromeDriver: chrome on WINDOWS (1779389475f5b1b6a39a0869e4513b02)] -> xpath: //button[contains(text(),'Logout')]]
verify tab[[ChromeDriver: chrome on WINDOWS (1779389475f5b1b6a39a0869e4513b02)] -> xpath: //button[contains(text(),'Logout')]]
verify tab[[ChromeDriver: chrome on WINDOWS (1779389475f5b1b6a39a0869e4513b02)] -> xpath: //button[contains(text(),'Logout')]]
verify tab[[ChromeDriver: chrome on WINDOWS (1779389475f5b1b6a39a0869e4513b02)] -> xpath: //button[contains(text(),'Logout')]]
verify tab[[ChromeDriver: chrome on WINDOWS (1779389475f5b1b6a39a0869e4513b02)] -> xpath: //button[contains(text(),'Logout')]]
verify tab[[ChromeDriver: chrome on WINDOWS (1779389475f5b1b6a39a0869e4513b02)] -> xpath: //button[contains(text(),'Logout')]]
verify tab[[ChromeDriver: chrome on WINDOWS (1779389475f5b1b6a39a0869e4513b02)] -> xpath: //button[contains(text(),'Logout')]]
verify tab[[ChromeDriver: chrome on WINDOWS (1779389475f5b1b6a39a0869e4513b02)] -> xpath: //button[contains(text(),'Logout')]]
verify tab[[ChromeDriver: chrome on WINDOWS (1779389475f5b1b6a39a0869e4513b02)] -> xpath: //button[contains(text(),'Logout')]]
verify tab[[ChromeDriver: chrome on WINDOWS (1779389475f5b1b6a39a0869e4513b02)] -> xpath: //button[contains(text(),'Logout')]]
verify tab[[ChromeDriver: chrome on WINDOWS (1779389475f5b1b6a39a0869e4513b02)] -> xpath: //button[contains(text(),'Logout')]]
verify tab[[ChromeDriver: chrome on WINDOWS (1779389475f5b1b6a39a0869e4513b02)] -> xpath: //button[contains(text(),'Logout')]]
verify tab[[ChromeDriver: chrome on WINDOWS (1779389475f5b1b6a39a0869e4513b02)] -> xpath: //button[contains(text(),'Logout')]]
verify tab[[ChromeDriver: chrome on WINDOWS (1779389475f5b1b6a39a0869e4513b02)] -> xpath: //button[contains(text(),'Logout')]]
verify tab[[ChromeDriver: chrome on WINDOWS (1779389475f5b1b6a39a0869e4513b02)] -> xpath: //button[contains(text(),'Logout')]]
verify tab[[ChromeDriver: chrome on WINDOWS (1779389475f5b1b6a39a0869e4513b02)] -> xpath: //button[contains(text(),'Logout')]]
verify tab[[ChromeDriver: chrome on WINDOWS (1779389475f5b1b6a39a0869e4513b02)] -> xpath: //button[contains(text(),'Logout')]]
verify tab[[ChromeDriver: chrome on WINDOWS (1779389475f5b1b6a39a0869e4513b02)] -> xpath: //button[contains(text(),'Logout')]]
verify tab[[ChromeDriver: chrome on WINDOWS (1779389475f5b1b6a39a0869e4513b02)] -> xpath: //button[contains(text(),'Logout')]]
verify tab[[ChromeDriver: chrome on WINDOWS (1779389475f5b1b6a39a0869e4513b02)] -> xpath: //button[contains(text(),'Logout')]]
verify tab[[ChromeDriver: chrome on WINDOWS (1779389475f5b1b6a39a0869e4513b02)] -> xpath: //button[contains(text(),'Logout')]]
verify tab[[ChromeDriver: chrome on WINDOWS (1779389475f5b1b6a39a0869e4513b02)] -> xpath: //button[contains(text(),'Logout')]]
verify tab[[ChromeDriver: chrome on WINDOWS (1779389475f5b1b6a39a0869e4513b02)] -> xpath: //button[contains(text(),'Logout')]]
verify tab[[ChromeDriver: chrome on WINDOWS (1779389475f5b1b6a39a0869e4513b02)] -> xpath: //button[contains(text(),'Logout')]]
verify tab[[ChromeDriver: chrome on WINDOWS (1779389475f5b1b6a39a0869e4513b02)] -> xpath: //button[contains(text(),'Logout')]]
verify tab[[ChromeDriver: chrome on WINDOWS (1779389475f5b1b6a39a0869e4513b02)] -> xpath: //button[contains(text(),'Logout')]]
verify tab[[ChromeDriver: chrome on WINDOWS (1779389475f5b1b6a39a0869e4513b02)] -> xpath: //button[contains(text(),'Logout')]]
verify tab[[ChromeDriver: chrome on WINDOWS (1779389475f5b1b6a39a0869e4513b02)] -> xpath: //button[contains(text(),'Logout')]]
verify tab[[ChromeDriver: chrome on WINDOWS (1779389475f5b1b6a39a0869e4513b02)] -> xpath: //button[contains(text(),'Logout')]]
verify tab[[ChromeDriver: chrome on WINDOWS (1779389475f5b1b6a39a0869e4513b02)] -> xpath: //button[contains(text(),'Logout')]]
verify tab[[ChromeDriver: chrome on WINDOWS (1779389475f5b1b6a39a0869e4513b02)] -> xpath: //button[contains(text(),'Logout')]]
verify tab[[ChromeDriver: chrome on WINDOWS (1779389475f5b1b6a39a0869e4513b02)] -> xpath: //button[contains(text(),'Logout')]]
verify tab[[ChromeDriver: chrome on WINDOWS (1779389475f5b1b6a39a0869e4513b02)] -> xpath: //button[contains(text(),'Logout')]]
verify tab[[ChromeDriver: chrome on WINDOWS (1779389475f5b1b6a39a0869e4513b02)] -> xpath: //button[contains(text(),'Logout')]]
verify tab[[ChromeDriver: chrome on WINDOWS (1779389475f5b1b6a39a0869e4513b02)] -> xpath: //button[contains(text(),'Logout')]]
verify tab[[ChromeDriver: chrome on WINDOWS (1779389475f5b1b6a39a0869e4513b02)] -> xpath: //button[contains(text(),'Logout')]]
verify tab[[ChromeDriver: chrome on WINDOWS (1779389475f5b1b6a39a0869e4513b02)] -> xpath: //button[contains(text(),'Logout')]]
verify tab[[ChromeDriver: chrome on WINDOWS (1779389475f5b1b6a39a0869e4513b02)] -> xpath: //button[contains(text(),'Logout')]]
verify tab[[ChromeDriver: chrome on WINDOWS (1779389475f5b1b6a39a0869e4513b02)] -> xpath: //button[contains(text(),'Logout')]]
verify tab[[ChromeDriver: chrome on WINDOWS (1779389475f5b1b6a39a0869e4513b02)] -> xpath: //button[contains(text(),'Logout')]]
verify tab[[ChromeDriver: chrome on WINDOWS (1779389475f5b1b6a39a0869e4513b02)] -> xpath: //button[contains(text(),'Logout')]]
verify tab[[ChromeDriver: chrome on WINDOWS (1779389475f5b1b6a39a0869e4513b02)] -> xpath: //button[contains(text(),'Logout')]]
verify tab[[ChromeDriver: chrome on WINDOWS (1779389475f5b1b6a39a0869e4513b02)] -> xpath: //button[contains(text(),'Logout')]]
verify tab[[ChromeDriver: chrome on WINDOWS (1779389475f5b1b6a39a0869e4513b02)] -> xpath: //button[contains(text(),'Logout')]]
verify tab[[ChromeDriver: chrome on WINDOWS (1779389475f5b1b6a39a0869e4513b02)] -> xpath: //button[contains(text(),'Logout')]]
verify tab[[ChromeDriver: chrome on WINDOWS (1779389475f5b1b6a39a0869e4513b02)] -> xpath: //button[contains(text(),'Logout')]]
verify tab[[ChromeDriver: chrome on WINDOWS (1779389475f5b1b6a39a0869e4513b02)] -> xpath: //button[contains(text(),'Logout')]]
verify tab[[ChromeDriver: chrome on WINDOWS (1779389475f5b1b6a39a0869e4513b02)] -> xpath: //button[contains(text(),'Logout')]]
verify tab[[ChromeDriver: chrome on WINDOWS (1779389475f5b1b6a39a0869e4513b02)] -> xpath: //button[contains(text(),'Logout')]]
verify tab[[ChromeDriver: chrome on WINDOWS (1779389475f5b1b6a39a0869e4513b02)] -> xpath: //button[contains(text(),'Logout')]]
verify tab[[ChromeDriver: chrome on WINDOWS (1779389475f5b1b6a39a0869e4513b02)] -> xpath: //button[contains(text(),'Logout')]]
verify tab[[ChromeDriver: chrome on WINDOWS (1779389475f5b1b6a39a0869e4513b02)] -> xpath: //button[contains(text(),'Logout')]]
verify tab[[ChromeDriver: chrome on WINDOWS (1779389475f5b1b6a39a0869e4513b02)] -> xpath: //button[contains(text(),'Logout')]]
verify tab[[ChromeDriver: chrome on WINDOWS (1779389475f5b1b6a39a0869e4513b02)] -> xpath: //button[contains(text(),'Logout')]]
verify tab[[ChromeDriver: chrome on WINDOWS (1779389475f5b1b6a39a0869e4513b02)] -> xpath: //button[contains(text(),'Logout')]]
verify tab[[ChromeDriver: chrome on WINDOWS (1779389475f5b1b6a39a0869e4513b02)] -> xpath: //button[contains(text(),'Logout')]]
verify tab[[ChromeDriver: chrome on WINDOWS (1779389475f5b1b6a39a0869e4513b02)] -> xpath: //button[contains(text(),'Logout')]]
verify tab[[ChromeDriver: chrome on WINDOWS (1779389475f5b1b6a39a0869e4513b02)] -> xpath: //button[contains(text(),'Logout')]]
verify tab[[ChromeDriver: chrome on WINDOWS (1779389475f5b1b6a39a0869e4513b02)] -> xpath: //button[contains(text(),'Logout')]]
verify tab[[ChromeDriver: chrome on WINDOWS (1779389475f5b1b6a39a0869e4513b02)] -> xpath: //button[contains(text(),'Logout')]]
verify tab[[ChromeDriver: chrome on WINDOWS (1779389475f5b1b6a39a0869e4513b02)] -> xpath: //button[contains(text(),'Logout')]]
verify tab[[ChromeDriver: chrome on WINDOWS (1779389475f5b1b6a39a0869e4513b02)] -> xpath: //button[contains(text(),'Logout')]]
verify tab[[ChromeDriver: chrome on WINDOWS (1779389475f5b1b6a39a0869e4513b02)] -> xpath: //button[contains(text(),'Logout')]]
verify tab[[ChromeDriver: chrome on WINDOWS (1779389475f5b1b6a39a0869e4513b02)] -> xpath: //button[contains(text(),'Logout')]]
verify tab[[ChromeDriver: chrome on WINDOWS (1779389475f5b1b6a39a0869e4513b02)] -> xpath: //button[contains(text(),'Logout')]]
verify tab[[ChromeDriver: chrome on WINDOWS (1779389475f5b1b6a39a0869e4513b02)] -> xpath: //button[contains(text(),'Logout')]]
verify tab[[ChromeDriver: chrome on WINDOWS (1779389475f5b1b6a39a0869e4513b02)] -> xpath: //button[contains(text(),'Logout')]]
verify tab[[ChromeDriver: chrome on WINDOWS (1779389475f5b1b6a39a0869e4513b02)] -> xpath: //button[contains(text(),'Logout')]]
verify tab[[ChromeDriver: chrome on WINDOWS (1779389475f5b1b6a39a0869e4513b02)] -> xpath: //button[contains(text(),'Logout')]]
verify tab[[ChromeDriver: chrome on WINDOWS (1779389475f5b1b6a39a0869e4513b02)] -> xpath: //button[contains(text(),'Logout')]]
verify tab[[ChromeDriver: chrome on WINDOWS (1779389475f5b1b6a39a0869e4513b02)] -> xpath: //button[contains(text(),'Logout')]]
verify tab[[ChromeDriver: chrome on WINDOWS (1779389475f5b1b6a39a0869e4513b02)] -> xpath: //button[contains(text(),'Logout')]]
verify tab[[ChromeDriver: chrome on WINDOWS (1779389475f5b1b6a39a0869e4513b02)] -> xpath: //button[contains(text(),'Logout')]]
verify tab[[ChromeDriver: chrome on WINDOWS (1779389475f5b1b6a39a0869e4513b02)] -> xpath: //button[contains(text(),'Logout')]]
verify tab[[ChromeDriver: chrome on WINDOWS (1779389475f5b1b6a39a0869e4513b02)] -> xpath: //button[contains(text(),'Logout')]]
verify tab[[ChromeDriver: chrome on WINDOWS (1779389475f5b1b6a39a0869e4513b02)] -> xpath: //button[contains(text(),'Logout')]]
verify tab[[ChromeDriver: chrome on WINDOWS (1779389475f5b1b6a39a0869e4513b02)] -> xpath: //button[contains(text(),'Logout')]]
verify tab[[ChromeDriver: chrome on WINDOWS (1779389475f5b1b6a39a0869e4513b02)] -> xpath: //button[contains(text(),'Logout')]]
verify tab[[ChromeDriver: chrome on WINDOWS (1779389475f5b1b6a39a0869e4513b02)] -> xpath: //button[contains(text(),'Logout')]]
verify tab[[ChromeDriver: chrome on WINDOWS (1779389475f5b1b6a39a0869e4513b02)] -> xpath: //button[contains(text(),'Logout')]]
verify tab[[ChromeDriver: chrome on WINDOWS (1779389475f5b1b6a39a0869e4513b02)] -> xpath: //button[contains(text(),'Logout')]]
verify tab[[ChromeDriver: chrome on WINDOWS (1779389475f5b1b6a39a0869e4513b02)] -> xpath: //button[contains(text(),'Logout')]]
verify tab[[ChromeDriver: chrome on WINDOWS (1779389475f5b1b6a39a0869e4513b02)] -> xpath: //button[contains(text(),'Logout')]]
verify tab[[ChromeDriver: chrome on WINDOWS (1779389475f5b1b6a39a0869e4513b02)] -> xpath: //button[contains(text(),'Logout')]]
verify tab[[ChromeDriver: chrome on WINDOWS (1779389475f5b1b6a39a0869e4513b02)] -> xpath: //button[contains(text(),'Logout')]]
verify tab[[ChromeDriver: chrome on WINDOWS (1779389475f5b1b6a39a0869e4513b02)] -> xpath: //button[contains(text(),'Logout')]]
verify tab[[ChromeDriver: chrome on WINDOWS (1779389475f5b1b6a39a0869e4513b02)] -> xpath: //button[contains(text(),'Logout')]]
verify tab[[ChromeDriver: chrome on WINDOWS (1779389475f5b1b6a39a0869e4513b02)] -> xpath: //button[contains(text(),'Logout')]]
verify tab[[ChromeDriver: chrome on WINDOWS (1779389475f5b1b6a39a0869e4513b02)] -> xpath: //button[contains(text(),'Logout')]]
verify tab[[ChromeDriver: chrome on WINDOWS (1779389475f5b1b6a39a0869e4513b02)] -> xpath: //button[contains(text(),'Logout')]]
verify tab[[ChromeDriver: chrome on WINDOWS (1779389475f5b1b6a39a0869e4513b02)] -> xpath: //button[contains(text(),'Logout')]]
verify tab[[ChromeDriver: chrome on WINDOWS (1779389475f5b1b6a39a0869e4513b02)] -> xpath: //button[contains(text(),'Logout')]]
verify tab[[ChromeDriver: chrome on WINDOWS (1779389475f5b1b6a39a0869e4513b02)] -> xpath: //button[contains(text(),'Logout')]]
verify tab[[ChromeDriver: chrome on WINDOWS (1779389475f5b1b6a39a0869e4513b02)] -> xpath: //button[contains(text(),'Logout')]]
verify tab[[ChromeDriver: chrome on WINDOWS (1779389475f5b1b6a39a0869e4513b02)] -> xpath: //button[contains(text(),'Logout')]]
verify tab[[ChromeDriver: chrome on WINDOWS (1779389475f5b1b6a39a0869e4513b02)] -> xpath: //button[contains(text(),'Logout')]]
verify tab[[ChromeDriver: chrome on WINDOWS (1779389475f5b1b6a39a0869e4513b02)] -> xpath: //button[contains(text(),'Logout')]]
verify tab[[ChromeDriver: chrome on WINDOWS (1779389475f5b1b6a39a0869e4513b02)] -> xpath: //button[contains(text(),'Logout')]]
verify tab[[ChromeDriver: chrome on WINDOWS (1779389475f5b1b6a39a0869e4513b02)] -> xpath: //button[contains(text(),'Logout')]]
verify tab[[ChromeDriver: chrome on WINDOWS (1779389475f5b1b6a39a0869e4513b02)] -> xpath: //button[contains(text(),'Logout')]]
verify tab[[ChromeDriver: chrome on WINDOWS (1779389475f5b1b6a39a0869e4513b02)] -> xpath: //button[contains(text(),'Logout')]]
verify tab[[ChromeDriver: chrome on WINDOWS (1779389475f5b1b6a39a0869e4513b02)] -> xpath: //button[contains(text(),'Logout')]]
verify tab[[ChromeDriver: chrome on WINDOWS (1779389475f5b1b6a39a0869e4513b02)] -> xpath: //button[contains(text(),'Logout')]]
verify tab[[ChromeDriver: chrome on WINDOWS (1779389475f5b1b6a39a0869e4513b02)] -> xpath: //button[contains(text(),'Logout')]]
verify tab[[ChromeDriver: chrome on WINDOWS (1779389475f5b1b6a39a0869e4513b02)] -> xpath: //button[contains(text(),'Logout')]]
verify tab[[ChromeDriver: chrome on WINDOWS (1779389475f5b1b6a39a0869e4513b02)] -> xpath: //button[contains(text(),'Logout')]]
verify tab[[ChromeDriver: chrome on WINDOWS (1779389475f5b1b6a39a0869e4513b02)] -> xpath: //button[contains(text(),'Logout')]]
verify tab[[ChromeDriver: chrome on WINDOWS (1779389475f5b1b6a39a0869e4513b02)] -> xpath: //button[contains(text(),'Logout')]]
verify tab[[ChromeDriver: chrome on WINDOWS (1779389475f5b1b6a39a0869e4513b02)] -> xpath: //button[contains(text(),'Logout')]]
verify tab[[ChromeDriver: chrome on WINDOWS (1779389475f5b1b6a39a0869e4513b02)] -> xpath: //button[contains(text(),'Logout')]]
verify tab[[ChromeDriver: chrome on WINDOWS (1779389475f5b1b6a39a0869e4513b02)] -> xpath: //button[contains(text(),'Logout')]]
verify tab[[ChromeDriver: chrome on WINDOWS (1779389475f5b1b6a39a0869e4513b02)] -> xpath: //button[contains(text(),'Logout')]]
verify tab[[ChromeDriver: chrome on WINDOWS (1779389475f5b1b6a39a0869e4513b02)] -> xpath: //button[contains(text(),'Logout')]]
verify tab[[ChromeDriver: chrome on WINDOWS (1779389475f5b1b6a39a0869e4513b02)] -> xpath: //button[contains(text(),'Logout')]]
verify tab[[ChromeDriver: chrome on WINDOWS (1779389475f5b1b6a39a0869e4513b02)] -> xpath: //button[contains(text(),'Logout')]]
verify tab[[ChromeDriver: chrome on WINDOWS (1779389475f5b1b6a39a0869e4513b02)] -> xpath: //button[contains(text(),'Logout')]]
verify tab[[ChromeDriver: chrome on WINDOWS (1779389475f5b1b6a39a0869e4513b02)] -> xpath: //button[contains(text(),'Logout')]]
verify tab[[ChromeDriver: chrome on WINDOWS (1779389475f5b1b6a39a0869e4513b02)] -> xpath: //button[contains(text(),'Logout')]]
verify tab[[ChromeDriver: chrome on WINDOWS (1779389475f5b1b6a39a0869e4513b02)] -> xpath: //button[contains(text(),'Logout')]]
verify tab[[ChromeDriver: chrome on WINDOWS (1779389475f5b1b6a39a0869e4513b02)] -> xpath: //button[contains(text(),'Logout')]]
verify tab[[ChromeDriver: chrome on WINDOWS (1779389475f5b1b6a39a0869e4513b02)] -> xpath: //button[contains(text(),'Logout')]]
verify tab[[ChromeDriver: chrome on WINDOWS (1779389475f5b1b6a39a0869e4513b02)] -> xpath: //button[contains(text(),'Logout')]]
verify tab[[ChromeDriver: chrome on WINDOWS (1779389475f5b1b6a39a0869e4513b02)] -> xpath: //button[contains(text(),'Logout')]]
verify tab[[ChromeDriver: chrome on WINDOWS (1779389475f5b1b6a39a0869e4513b02)] -> xpath: //button[contains(text(),'Logout')]]
verify tab[[ChromeDriver: chrome on WINDOWS (1779389475f5b1b6a39a0869e4513b02)] -> xpath: //button[contains(text(),'Logout')]]
verify tab[[ChromeDriver: chrome on WINDOWS (1779389475f5b1b6a39a0869e4513b02)] -> xpath: //button[contains(text(),'Logout')]]
verify tab[[ChromeDriver: chrome on WINDOWS (1779389475f5b1b6a39a0869e4513b02)] -> xpath: //button[contains(text(),'Logout')]]
verify tab[[ChromeDriver: chrome on WINDOWS (1779389475f5b1b6a39a0869e4513b02)] -> xpath: //button[contains(text(),'Logout')]]
verify tab[[ChromeDriver: chrome on WINDOWS (1779389475f5b1b6a39a0869e4513b02)] -> xpath: //button[contains(text(),'Logout')]]
verify tab[[ChromeDriver: chrome on WINDOWS (1779389475f5b1b6a39a0869e4513b02)] -> xpath: //button[contains(text(),'Logout')]]
verify tab[[ChromeDriver: chrome on WINDOWS (1779389475f5b1b6a39a0869e4513b02)] -> xpath: //button[contains(text(),'Logout')]]
verify tab[[ChromeDriver: chrome on WINDOWS (1779389475f5b1b6a39a0869e4513b02)] -> xpath: //button[contains(text(),'Logout')]]
verify tab[[ChromeDriver: chrome on WINDOWS (1779389475f5b1b6a39a0869e4513b02)] -> xpath: //button[contains(text(),'Logout')]]
verify tab[[ChromeDriver: chrome on WINDOWS (1779389475f5b1b6a39a0869e4513b02)] -> xpath: //button[contains(text(),'Logout')]]
verify tab[[ChromeDriver: chrome on WINDOWS (1779389475f5b1b6a39a0869e4513b02)] -> xpath: //button[contains(text(),'Logout')]]
verify tab[[ChromeDriver: chrome on WINDOWS (1779389475f5b1b6a39a0869e4513b02)] -> xpath: //button[contains(text(),'Logout')]]
verify tab[[ChromeDriver: chrome on WINDOWS (1779389475f5b1b6a39a0869e4513b02)] -> xpath: //button[contains(text(),'Logout')]]
verify tab[[ChromeDriver: chrome on WINDOWS (1779389475f5b1b6a39a0869e4513b02)] -> xpath: //button[contains(text(),'Logout')]]
verify tab[[ChromeDriver: chrome on WINDOWS (1779389475f5b1b6a39a0869e4513b02)] -> xpath: //button[contains(text(),'Logout')]]
verify tab[[ChromeDriver: chrome on WINDOWS (1779389475f5b1b6a39a0869e4513b02)] -> xpath: //button[contains(text(),'Logout')]]
verify tab[[ChromeDriver: chrome on WINDOWS (1779389475f5b1b6a39a0869e4513b02)] -> xpath: //button[contains(text(),'Logout')]]
verify tab[[ChromeDriver: chrome on WINDOWS (1779389475f5b1b6a39a0869e4513b02)] -> xpath: //button[contains(text(),'Logout')]]
verify tab[[ChromeDriver: chrome on WINDOWS (1779389475f5b1b6a39a0869e4513b02)] -> xpath: //button[contains(text(),'Logout')]]
verify tab[[ChromeDriver: chrome on WINDOWS (1779389475f5b1b6a39a0869e4513b02)] -> xpath: //button[contains(text(),'Logout')]]
verify tab[[ChromeDriver: chrome on WINDOWS (1779389475f5b1b6a39a0869e4513b02)] -> xpath: //button[contains(text(),'Logout')]]
verify tab[[ChromeDriver: chrome on WINDOWS (1779389475f5b1b6a39a0869e4513b02)] -> xpath: //button[contains(text(),'Logout')]]
verify tab[[ChromeDriver: chrome on WINDOWS (1779389475f5b1b6a39a0869e4513b02)] -> xpath: //button[contains(text(),'Logout')]]
verify tab[[ChromeDriver: chrome on WINDOWS (1779389475f5b1b6a39a0869e4513b02)] -> xpath: //button[contains(text(),'Logout')]]
verify tab[[ChromeDriver: chrome on WINDOWS (1779389475f5b1b6a39a0869e4513b02)] -> xpath: //button[contains(text(),'Logout')]]
verify tab[[ChromeDriver: chrome on WINDOWS (1779389475f5b1b6a39a0869e4513b02)] -> xpath: //button[contains(text(),'Logout')]]
verify tab[[ChromeDriver: chrome on WINDOWS (1779389475f5b1b6a39a0869e4513b02)] -> xpath: //button[contains(text(),'Logout')]]
verify tab[[ChromeDriver: chrome on WINDOWS (1779389475f5b1b6a39a0869e4513b02)] -> xpath: //button[contains(text(),'Logout')]]
verify tab[[ChromeDriver: chrome on WINDOWS (1779389475f5b1b6a39a0869e4513b02)] -> xpath: //button[contains(text(),'Logout')]]
verify tab[[ChromeDriver: chrome on WINDOWS (1779389475f5b1b6a39a0869e4513b02)] -> xpath: //button[contains(text(),'Logout')]]
verify tab[[ChromeDriver: chrome on WINDOWS (1779389475f5b1b6a39a0869e4513b02)] -> xpath: //button[contains(text(),'Logout')]]
verify tab[[ChromeDriver: chrome on WINDOWS (1779389475f5b1b6a39a0869e4513b02)] -> xpath: //button[contains(text(),'Logout')]]
verify tab[[ChromeDriver: chrome on WINDOWS (1779389475f5b1b6a39a0869e4513b02)] -> xpath: //button[contains(text(),'Logout')]]
verify tab[[ChromeDriver: chrome on WINDOWS (1779389475f5b1b6a39a0869e4513b02)] -> xpath: //button[contains(text(),'Logout')]]
verify tab[[ChromeDriver: chrome on WINDOWS (1779389475f5b1b6a39a0869e4513b02)] -> xpath: //button[contains(text(),'Logout')]]
verify tab[[ChromeDriver: chrome on WINDOWS (1779389475f5b1b6a39a0869e4513b02)] -> xpath: //button[contains(text(),'Logout')]]
verify tab[[ChromeDriver: chrome on WINDOWS (1779389475f5b1b6a39a0869e4513b02)] -> xpath: //button[contains(text(),'Logout')]]
verify tab[[ChromeDriver: chrome on WINDOWS (1779389475f5b1b6a39a0869e4513b02)] -> xpath: //button[contains(text(),'Logout')]]
verify tab[[ChromeDriver: chrome on WINDOWS (1779389475f5b1b6a39a0869e4513b02)] -> xpath: //button[contains(text(),'Logout')]]
verify tab[[ChromeDriver: chrome on WINDOWS (1779389475f5b1b6a39a0869e4513b02)] -> xpath: //button[contains(text(),'Logout')]]
verify tab[[ChromeDriver: chrome on WINDOWS (1779389475f5b1b6a39a0869e4513b02)] -> xpath: //button[contains(text(),'Logout')]]
verify tab[[ChromeDriver: chrome on WINDOWS (1779389475f5b1b6a39a0869e4513b02)] -> xpath: //button[contains(text(),'Logout')]]
verify tab[[ChromeDriver: chrome on WINDOWS (1779389475f5b1b6a39a0869e4513b02)] -> xpath: //button[contains(text(),'Logout')]]
verify tab[[ChromeDriver: chrome on WINDOWS (1779389475f5b1b6a39a0869e4513b02)] -> xpath: //button[contains(text(),'Logout')]]
verify tab[[ChromeDriver: chrome on WINDOWS (1779389475f5b1b6a39a0869e4513b02)] -> xpath: //button[contains(text(),'Logout')]]
verify tab[[ChromeDriver: chrome on WINDOWS (1779389475f5b1b6a39a0869e4513b02)] -> xpath: //button[contains(text(),'Logout')]]
verify tab[[ChromeDriver: chrome on WINDOWS (1779389475f5b1b6a39a0869e4513b02)] -> xpath: //button[contains(text(),'Logout')]]
verify tab[[ChromeDriver: chrome on WINDOWS (1779389475f5b1b6a39a0869e4513b02)] -> xpath: //button[contains(text(),'Logout')]]
verify tab[[ChromeDriver: chrome on WINDOWS (1779389475f5b1b6a39a0869e4513b02)] -> xpath: //button[contains(text(),'Logout')]]
verify tab[[ChromeDriver: chrome on WINDOWS (1779389475f5b1b6a39a0869e4513b02)] -> xpath: //button[contains(text(),'Logout')]]
verify tab[[ChromeDriver: chrome on WINDOWS (1779389475f5b1b6a39a0869e4513b02)] -> xpath: //button[contains(text(),'Logout')]]
verify tab[[ChromeDriver: chrome on WINDOWS (1779389475f5b1b6a39a0869e4513b02)] -> xpath: //button[contains(text(),'Logout')]]
verify tab[[ChromeDriver: chrome on WINDOWS (1779389475f5b1b6a39a0869e4513b02)] -> xpath: //button[contains(text(),'Logout')]]
verify tab[[ChromeDriver: chrome on WINDOWS (1779389475f5b1b6a39a0869e4513b02)] -> xpath: //button[contains(text(),'Logout')]]
verify tab[[ChromeDriver: chrome on WINDOWS (1779389475f5b1b6a39a0869e4513b02)] -> xpath: //button[contains(text(),'Logout')]]
verify tab[[ChromeDriver: chrome on WINDOWS (1779389475f5b1b6a39a0869e4513b02)] -> xpath: //button[contains(text(),'Logout')]]
verify tab[[ChromeDriver: chrome on WINDOWS (1779389475f5b1b6a39a0869e4513b02)] -> xpath: //button[contains(text(),'Logout')]]
verify tab[[ChromeDriver: chrome on WINDOWS (1779389475f5b1b6a39a0869e4513b02)] -> xpath: //button[contains(text(),'Logout')]]
verify tab[[ChromeDriver: chrome on WINDOWS (1779389475f5b1b6a39a0869e4513b02)] -> xpath: //button[contains(text(),'Logout')]]
verify tab[[ChromeDriver: chrome on WINDOWS (1779389475f5b1b6a39a0869e4513b02)] -> xpath: //button[contains(text(),'Logout')]]
verify tab[[ChromeDriver: chrome on WINDOWS (1779389475f5b1b6a39a0869e4513b02)] -> xpath: //button[contains(text(),'Logout')]]
verify tab[[ChromeDriver: chrome on WINDOWS (1779389475f5b1b6a39a0869e4513b02)] -> xpath: //button[contains(text(),'Logout')]]
verify tab[[ChromeDriver: chrome on WINDOWS (1779389475f5b1b6a39a0869e4513b02)] -> xpath: //button[contains(text(),'Logout')]]
verify tab[[ChromeDriver: chrome on WINDOWS (1779389475f5b1b6a39a0869e4513b02)] -> xpath: //button[contains(text(),'Logout')]]
verify tab[[ChromeDriver: chrome on WINDOWS (1779389475f5b1b6a39a0869e4513b02)] -> xpath: //button[contains(text(),'Logout')]]
verify tab[[ChromeDriver: chrome on WINDOWS (1779389475f5b1b6a39a0869e4513b02)] -> xpath: //button[contains(text(),'Logout')]]
verify tab[[ChromeDriver: chrome on WINDOWS (1779389475f5b1b6a39a0869e4513b02)] -> xpath: //button[contains(text(),'Logout')]]
verify tab[[ChromeDriver: chrome on WINDOWS (1779389475f5b1b6a39a0869e4513b02)] -> xpath: //button[contains(text(),'Logout')]]
verify tab[[ChromeDriver: chrome on WINDOWS (1779389475f5b1b6a39a0869e4513b02)] -> xpath: //button[contains(text(),'Logout')]]
verify tab[[ChromeDriver: chrome on WINDOWS (1779389475f5b1b6a39a0869e4513b02)] -> xpath: //button[contains(text(),'Logout')]]
verify tab[[ChromeDriver: chrome on WINDOWS (1779389475f5b1b6a39a0869e4513b02)] -> xpath: //button[contains(text(),'Logout')]]
verify tab[[ChromeDriver: chrome on WINDOWS (1779389475f5b1b6a39a0869e4513b02)] -> xpath: //button[contains(text(),'Logout')]]
verify tab[[ChromeDriver: chrome on WINDOWS (1779389475f5b1b6a39a0869e4513b02)] -> xpath: //button[contains(text(),'Logout')]]
verify tab[[ChromeDriver: chrome on WINDOWS (1779389475f5b1b6a39a0869e4513b02)] -> xpath: //button[contains(text(),'Logout')]]
verify tab[[ChromeDriver: chrome on WINDOWS (1779389475f5b1b6a39a0869e4513b02)] -> xpath: //button[contains(text(),'Logout')]]
verify tab[[ChromeDriver: chrome on WINDOWS (1779389475f5b1b6a39a0869e4513b02)] -> xpath: //button[contains(text(),'Logout')]]
verify tab[[ChromeDriver: chrome on WINDOWS (1779389475f5b1b6a39a0869e4513b02)] -> xpath: //button[contains(text(),'Logout')]]
verify tab[[ChromeDriver: chrome on WINDOWS (1779389475f5b1b6a39a0869e4513b02)] -> xpath: //button[contains(text(),'Logout')]]
verify tab[[ChromeDriver: chrome on WINDOWS (1779389475f5b1b6a39a0869e4513b02)] -> xpath: //button[contains(text(),'Logout')]]
verify tab[[ChromeDriver: chrome on WINDOWS (1779389475f5b1b6a39a0869e4513b02)] -> xpath: //button[contains(text(),'Logout')]]
verify tab[[ChromeDriver: chrome on WINDOWS (1779389475f5b1b6a39a0869e4513b02)] -> xpath: //button[contains(text(),'Logout')]]
verify tab[[ChromeDriver: chrome on WINDOWS (1779389475f5b1b6a39a0869e4513b02)] -> xpath: //button[contains(text(),'Logout')]]
verify tab[[ChromeDriver: chrome on WINDOWS (1779389475f5b1b6a39a0869e4513b02)] -> xpath: //button[contains(text(),'Logout')]]
verify tab[[ChromeDriver: chrome on WINDOWS (1779389475f5b1b6a39a0869e4513b02)] -> xpath: //button[contains(text(),'Logout')]]
verify tab[[ChromeDriver: chrome on WINDOWS (1779389475f5b1b6a39a0869e4513b02)] -> xpath: //button[contains(text(),'Logout')]]
verify tab[[ChromeDriver: chrome on WINDOWS (1779389475f5b1b6a39a0869e4513b02)] -> xpath: //button[contains(text(),'Logout')]]
verify tab[[ChromeDriver: chrome on WINDOWS (1779389475f5b1b6a39a0869e4513b02)] -> xpath: //button[contains(text(),'Logout')]]
verify tab[[ChromeDriver: chrome on WINDOWS (1779389475f5b1b6a39a0869e4513b02)] -> xpath: //button[contains(text(),'Logout')]]
verify tab[[ChromeDriver: chrome on WINDOWS (1779389475f5b1b6a39a0869e4513b02)] -> xpath: //button[contains(text(),'Logout')]]
verify tab[[ChromeDriver: chrome on WINDOWS (1779389475f5b1b6a39a0869e4513b02)] -> xpath: //button[contains(text(),'Logout')]]
verify tab[[ChromeDriver: chrome on WINDOWS (1779389475f5b1b6a39a0869e4513b02)] -> xpath: //button[contains(text(),'Logout')]]
verify tab[[ChromeDriver: chrome on WINDOWS (1779389475f5b1b6a39a0869e4513b02)] -> xpath: //button[contains(text(),'Logout')]]
verify tab[[ChromeDriver: chrome on WINDOWS (1779389475f5b1b6a39a0869e4513b02)] -> xpath: //button[contains(text(),'Logout')]]
verify tab[[ChromeDriver: chrome on WINDOWS (1779389475f5b1b6a39a0869e4513b02)] -> xpath: //button[contains(text(),'Logout')]]
verify tab[[ChromeDriver: chrome on WINDOWS (1779389475f5b1b6a39a0869e4513b02)] -> xpath: //button[contains(text(),'Logout')]]
verify tab[[ChromeDriver: chrome on WINDOWS (1779389475f5b1b6a39a0869e4513b02)] -> xpath: //button[contains(text(),'Logout')]]
verify tab[[ChromeDriver: chrome on WINDOWS (1779389475f5b1b6a39a0869e4513b02)] -> xpath: //button[contains(text(),'Logout')]]
verify tab[[ChromeDriver: chrome on WINDOWS (1779389475f5b1b6a39a0869e4513b02)] -> xpath: //button[contains(text(),'Logout')]]
verify tab[[ChromeDriver: chrome on WINDOWS (1779389475f5b1b6a39a0869e4513b02)] -> xpath: //button[contains(text(),'Logout')]]
verify tab[[ChromeDriver: chrome on WINDOWS (1779389475f5b1b6a39a0869e4513b02)] -> xpath: //button[contains(text(),'Logout')]]
verify tab[[ChromeDriver: chrome on WINDOWS (1779389475f5b1b6a39a0869e4513b02)] -> xpath: //button[contains(text(),'Logout')]]
verify tab[[ChromeDriver: chrome on WINDOWS (1779389475f5b1b6a39a0869e4513b02)] -> xpath: //button[contains(text(),'Logout')]]
verify tab[[ChromeDriver: chrome on WINDOWS (1779389475f5b1b6a39a0869e4513b02)] -> xpath: //button[contains(text(),'Logout')]]
verify tab[[ChromeDriver: chrome on WINDOWS (1779389475f5b1b6a39a0869e4513b02)] -> xpath: //button[contains(text(),'Logout')]]
verify tab[[ChromeDriver: chrome on WINDOWS (1779389475f5b1b6a39a0869e4513b02)] -> xpath: //button[contains(text(),'Logout')]]
verify tab[[ChromeDriver: chrome on WINDOWS (1779389475f5b1b6a39a0869e4513b02)] -> xpath: //button[contains(text(),'Logout')]]
verify tab[[ChromeDriver: chrome on WINDOWS (1779389475f5b1b6a39a0869e4513b02)] -> xpath: //button[contains(text(),'Logout')]]
verify tab[[ChromeDriver: chrome on WINDOWS (1779389475f5b1b6a39a0869e4513b02)] -> xpath: //button[contains(text(),'Logout')]]
verify tab[[ChromeDriver: chrome on WINDOWS (1779389475f5b1b6a39a0869e4513b02)] -> xpath: //button[contains(text(),'Logout')]]
verify tab[[ChromeDriver: chrome on WINDOWS (1779389475f5b1b6a39a0869e4513b02)] -> xpath: //button[contains(text(),'Logout')]]
verify tab[[ChromeDriver: chrome on WINDOWS (1779389475f5b1b6a39a0869e4513b02)] -> xpath: //button[contains(text(),'Logout')]]
verify tab[[ChromeDriver: chrome on WINDOWS (1779389475f5b1b6a39a0869e4513b02)] -> xpath: //button[contains(text(),'Logout')]]
verify tab[[ChromeDriver: chrome on WINDOWS (1779389475f5b1b6a39a0869e4513b02)] -> xpath: //button[contains(text(),'Logout')]]
verify tab[[ChromeDriver: chrome on WINDOWS (1779389475f5b1b6a39a0869e4513b02)] -> xpath: //button[contains(text(),'Logout')]]
verify tab[[ChromeDriver: chrome on WINDOWS (1779389475f5b1b6a39a0869e4513b02)] -> xpath: //button[contains(text(),'Logout')]]
verify tab[[ChromeDriver: chrome on WINDOWS (1779389475f5b1b6a39a0869e4513b02)] -> xpath: //button[contains(text(),'Logout')]]
verify tab[[ChromeDriver: chrome on WINDOWS (1779389475f5b1b6a39a0869e4513b02)] -> xpath: //button[contains(text(),'Logout')]]
verify tab[[ChromeDriver: chrome on WINDOWS (1779389475f5b1b6a39a0869e4513b02)] -> xpath: //button[contains(text(),'Logout')]]
verify tab[[ChromeDriver: chrome on WINDOWS (1779389475f5b1b6a39a0869e4513b02)] -> xpath: //button[contains(text(),'Logout')]]
verify tab[[ChromeDriver: chrome on WINDOWS (1779389475f5b1b6a39a0869e4513b02)] -> xpath: //button[contains(text(),'Logout')]]
verify tab[[ChromeDriver: chrome on WINDOWS (1779389475f5b1b6a39a0869e4513b02)] -> xpath: //button[contains(text(),'Logout')]]
verify tab[[ChromeDriver: chrome on WINDOWS (1779389475f5b1b6a39a0869e4513b02)] -> xpath: //button[contains(text(),'Logout')]]
verify tab[[ChromeDriver: chrome on WINDOWS (1779389475f5b1b6a39a0869e4513b02)] -> xpath: //button[contains(text(),'Logout')]]
verify tab[[ChromeDriver: chrome on WINDOWS (1779389475f5b1b6a39a0869e4513b02)] -> xpath: //button[contains(text(),'Logout')]]
verify tab[[ChromeDriver: chrome on WINDOWS (1779389475f5b1b6a39a0869e4513b02)] -> xpath: //button[contains(text(),'Logout')]]
verify tab[[ChromeDriver: chrome on WINDOWS (1779389475f5b1b6a39a0869e4513b02)] -> xpath: //button[contains(text(),'Logout')]]
verify tab[[ChromeDriver: chrome on WINDOWS (1779389475f5b1b6a39a0869e4513b02)] -> xpath: //button[contains(text(),'Logout')]]
verify tab[[ChromeDriver: chrome on WINDOWS (1779389475f5b1b6a39a0869e4513b02)] -> xpath: //button[contains(text(),'Logout')]]
verify tab[[ChromeDriver: chrome on WINDOWS (1779389475f5b1b6a39a0869e4513b02)] -> xpath: //button[contains(text(),'Logout')]]
verify tab[[ChromeDriver: chrome on WINDOWS (1779389475f5b1b6a39a0869e4513b02)] -> xpath: //button[contains(text(),'Logout')]]
verify tab[[ChromeDriver: chrome on WINDOWS (1779389475f5b1b6a39a0869e4513b02)] -> xpath: //button[contains(text(),'Logout')]]
verify tab[[ChromeDriver: chrome on WINDOWS (1779389475f5b1b6a39a0869e4513b02)] -> xpath: //button[contains(text(),'Logout')]]
verify tab[[ChromeDriver: chrome on WINDOWS (1779389475f5b1b6a39a0869e4513b02)] -> xpath: //button[contains(text(),'Logout')]]
verify tab[[ChromeDriver: chrome on WINDOWS (1779389475f5b1b6a39a0869e4513b02)] -> xpath: //button[contains(text(),'Logout')]]
verify tab[[ChromeDriver: chrome on WINDOWS (1779389475f5b1b6a39a0869e4513b02)] -> xpath: //button[contains(text(),'Logout')]]
verify tab[[ChromeDriver: chrome on WINDOWS (1779389475f5b1b6a39a0869e4513b02)] -> xpath: //button[contains(text(),'Logout')]]
verify tab[[ChromeDriver: chrome on WINDOWS (1779389475f5b1b6a39a0869e4513b02)] -> xpath: //button[contains(text(),'Logout')]]
verify tab[[ChromeDriver: chrome on WINDOWS (1779389475f5b1b6a39a0869e4513b02)] -> xpath: //button[contains(text(),'Logout')]]
verify tab[[ChromeDriver: chrome on WINDOWS (1779389475f5b1b6a39a0869e4513b02)] -> xpath: //button[contains(text(),'Logout')]]
verify tab[[ChromeDriver: chrome on WINDOWS (1779389475f5b1b6a39a0869e4513b02)] -> xpath: //button[contains(text(),'Logout')]]
verify tab[[ChromeDriver: chrome on WINDOWS (1779389475f5b1b6a39a0869e4513b02)] -> xpath: //button[contains(text(),'Logout')]]
verify tab[[ChromeDriver: chrome on WINDOWS (1779389475f5b1b6a39a0869e4513b02)] -> xpath: //button[contains(text(),'Logout')]]
verify tab[[ChromeDriver: chrome on WINDOWS (1779389475f5b1b6a39a0869e4513b02)] -> xpath: //button[contains(text(),'Logout')]]
verify tab[[ChromeDriver: chrome on WINDOWS (1779389475f5b1b6a39a0869e4513b02)] -> xpath: //button[contains(text(),'Logout')]]
verify tab[[ChromeDriver: chrome on WINDOWS (1779389475f5b1b6a39a0869e4513b02)] -> xpath: //button[contains(text(),'Logout')]]
verify tab[[ChromeDriver: chrome on WINDOWS (1779389475f5b1b6a39a0869e4513b02)] -> xpath: //button[contains(text(),'Logout')]]
verify tab[[ChromeDriver: chrome on WINDOWS (1779389475f5b1b6a39a0869e4513b02)] -> xpath: //button[contains(text(),'Logout')]]
verify tab[[ChromeDriver: chrome on WINDOWS (1779389475f5b1b6a39a0869e4513b02)] -> xpath: //button[contains(text(),'Logout')]]
verify tab[[ChromeDriver: chrome on WINDOWS (1779389475f5b1b6a39a0869e4513b02)] -> xpath: //button[contains(text(),'Logout')]]
verify tab[[ChromeDriver: chrome on WINDOWS (1779389475f5b1b6a39a0869e4513b02)] -> xpath: //button[contains(text(),'Logout')]]
verify tab[[ChromeDriver: chrome on WINDOWS (1779389475f5b1b6a39a0869e4513b02)] -> xpath: //button[contains(text(),'Logout')]]
verify tab[[ChromeDriver: chrome on WINDOWS (1779389475f5b1b6a39a0869e4513b02)] -> xpath: //button[contains(text(),'Logout')]]
verify tab[[ChromeDriver: chrome on WINDOWS (1779389475f5b1b6a39a0869e4513b02)] -> xpath: //button[contains(text(),'Logout')]]
verify tab[[ChromeDriver: chrome on WINDOWS (1779389475f5b1b6a39a0869e4513b02)] -> xpath: //button[contains(text(),'Logout')]]
verify tab[[ChromeDriver: chrome on WINDOWS (1779389475f5b1b6a39a0869e4513b02)] -> xpath: //button[contains(text(),'Logout')]]
verify tab[[ChromeDriver: chrome on WINDOWS (1779389475f5b1b6a39a0869e4513b02)] -> xpath: //button[contains(text(),'Logout')]]
verify tab[[ChromeDriver: chrome on WINDOWS (1779389475f5b1b6a39a0869e4513b02)] -> xpath: //button[contains(text(),'Logout')]]
verify tab[[ChromeDriver: chrome on WINDOWS (1779389475f5b1b6a39a0869e4513b02)] -> xpath: //button[contains(text(),'Logout')]]
verify tab[[ChromeDriver: chrome on WINDOWS (1779389475f5b1b6a39a0869e4513b02)] -> xpath: //button[contains(text(),'Logout')]]
verify tab[[ChromeDriver: chrome on WINDOWS (1779389475f5b1b6a39a0869e4513b02)] -> xpath: //button[contains(text(),'Logout')]]
verify tab[[ChromeDriver: chrome on WINDOWS (1779389475f5b1b6a39a0869e4513b02)] -> xpath: //button[contains(text(),'Logout')]]
verify tab[[ChromeDriver: chrome on WINDOWS (1779389475f5b1b6a39a0869e4513b02)] -> xpath: //button[contains(text(),'Logout')]]
verify tab[[ChromeDriver: chrome on WINDOWS (1779389475f5b1b6a39a0869e4513b02)] -> xpath: //button[contains(text(),'Logout')]]
verify tab[[ChromeDriver: chrome on WINDOWS (1779389475f5b1b6a39a0869e4513b02)] -> xpath: //button[contains(text(),'Logout')]]
verify tab[[ChromeDriver: chrome on WINDOWS (1779389475f5b1b6a39a0869e4513b02)] -> xpath: //button[contains(text(),'Logout')]]
verify tab[[ChromeDriver: chrome on WINDOWS (1779389475f5b1b6a39a0869e4513b02)] -> xpath: //button[contains(text(),'Logout')]]
verify tab[[ChromeDriver: chrome on WINDOWS (1779389475f5b1b6a39a0869e4513b02)] -> xpath: //button[contains(text(),'Logout')]]
verify tab[[ChromeDriver: chrome on WINDOWS (1779389475f5b1b6a39a0869e4513b02)] -> xpath: //button[contains(text(),'Logout')]]
verify tab[[ChromeDriver: chrome on WINDOWS (1779389475f5b1b6a39a0869e4513b02)] -> xpath: //button[contains(text(),'Logout')]]
verify tab[[ChromeDriver: chrome on WINDOWS (1779389475f5b1b6a39a0869e4513b02)] -> xpath: //button[contains(text(),'Logout')]]
verify tab[[ChromeDriver: chrome on WINDOWS (1779389475f5b1b6a39a0869e4513b02)] -> xpath: //button[contains(text(),'Logout')]]
verify tab[[ChromeDriver: chrome on WINDOWS (1779389475f5b1b6a39a0869e4513b02)] -> xpath: //button[contains(text(),'Logout')]]
verify tab[[ChromeDriver: chrome on WINDOWS (1779389475f5b1b6a39a0869e4513b02)] -> xpath: //button[contains(text(),'Logout')]]
verify tab[[ChromeDriver: chrome on WINDOWS (1779389475f5b1b6a39a0869e4513b02)] -> xpath: //button[contains(text(),'Logout')]]
verify tab[[ChromeDriver: chrome on WINDOWS (1779389475f5b1b6a39a0869e4513b02)] -> xpath: //button[contains(text(),'Logout')]]
verify tab[[ChromeDriver: chrome on WINDOWS (1779389475f5b1b6a39a0869e4513b02)] -> xpath: //button[contains(text(),'Logout')]]
verify tab[[ChromeDriver: chrome on WINDOWS (1779389475f5b1b6a39a0869e4513b02)] -> xpath: //button[contains(text(),'Logout')]]
verify tab[[ChromeDriver: chrome on WINDOWS (1779389475f5b1b6a39a0869e4513b02)] -> xpath: //button[contains(text(),'Logout')]]
verify tab[[ChromeDriver: chrome on WINDOWS (1779389475f5b1b6a39a0869e4513b02)] -> xpath: //button[contains(text(),'Logout')]]
verify tab[[ChromeDriver: chrome on WINDOWS (1779389475f5b1b6a39a0869e4513b02)] -> xpath: //button[contains(text(),'Logout')]]
verify tab[[ChromeDriver: chrome on WINDOWS (1779389475f5b1b6a39a0869e4513b02)] -> xpath: //button[contains(text(),'Logout')]]
verify tab[[ChromeDriver: chrome on WINDOWS (1779389475f5b1b6a39a0869e4513b02)] -> xpath: //button[contains(text(),'Logout')]]
verify tab[[ChromeDriver: chrome on WINDOWS (1779389475f5b1b6a39a0869e4513b02)] -> xpath: //button[contains(text(),'Logout')]]
verify tab[[ChromeDriver: chrome on WINDOWS (1779389475f5b1b6a39a0869e4513b02)] -> xpath: //button[contains(text(),'Logout')]]
verify tab[[ChromeDriver: chrome on WINDOWS (1779389475f5b1b6a39a0869e4513b02)] -> xpath: //button[contains(text(),'Logout')]]
verify tab[[ChromeDriver: chrome on WINDOWS (1779389475f5b1b6a39a0869e4513b02)] -> xpath: //button[contains(text(),'Logout')]]
verify tab[[ChromeDriver: chrome on WINDOWS (1779389475f5b1b6a39a0869e4513b02)] -> xpath: //button[contains(text(),'Logout')]]
verify tab[[ChromeDriver: chrome on WINDOWS (1779389475f5b1b6a39a0869e4513b02)] -> xpath: //button[contains(text(),'Logout')]]
verify tab[[ChromeDriver: chrome on WINDOWS (1779389475f5b1b6a39a0869e4513b02)] -> xpath: //button[contains(text(),'Logout')]]
verify tab[[ChromeDriver: chrome on WINDOWS (1779389475f5b1b6a39a0869e4513b02)] -> xpath: //button[contains(text(),'Logout')]]
verify tab[[ChromeDriver: chrome on WINDOWS (1779389475f5b1b6a39a0869e4513b02)] -> xpath: //button[contains(text(),'Logout')]]
verify tab[[ChromeDriver: chrome on WINDOWS (1779389475f5b1b6a39a0869e4513b02)] -> xpath: //button[contains(text(),'Logout')]]
verify tab[[ChromeDriver: chrome on WINDOWS (1779389475f5b1b6a39a0869e4513b02)] -> xpath: //button[contains(text(),'Logout')]]
verify tab[[ChromeDriver: chrome on WINDOWS (1779389475f5b1b6a39a0869e4513b02)] -> xpath: //button[contains(text(),'Logout')]]
verify tab[[ChromeDriver: chrome on WINDOWS (1779389475f5b1b6a39a0869e4513b02)] -> xpath: //button[contains(text(),'Logout')]]
verify tab[[ChromeDriver: chrome on WINDOWS (1779389475f5b1b6a39a0869e4513b02)] -> xpath: //button[contains(text(),'Logout')]]
verify tab[[ChromeDriver: chrome on WINDOWS (1779389475f5b1b6a39a0869e4513b02)] -> xpath: //button[contains(text(),'Logout')]]
verify tab[[ChromeDriver: chrome on WINDOWS (1779389475f5b1b6a39a0869e4513b02)] -> xpath: //button[contains(text(),'Logout')]]
verify tab[[ChromeDriver: chrome on WINDOWS (1779389475f5b1b6a39a0869e4513b02)] -> xpath: //button[contains(text(),'Logout')]]
verify tab[[ChromeDriver: chrome on WINDOWS (1779389475f5b1b6a39a0869e4513b02)] -> xpath: //button[contains(text(),'Logout')]]
verify tab[[ChromeDriver: chrome on WINDOWS (1779389475f5b1b6a39a0869e4513b02)] -> xpath: //button[contains(text(),'Logout')]]
verify tab[[ChromeDriver: chrome on WINDOWS (1779389475f5b1b6a39a0869e4513b02)] -> xpath: //button[contains(text(),'Logout')]]
verify tab[[ChromeDriver: chrome on WINDOWS (1779389475f5b1b6a39a0869e4513b02)] -> xpath: //button[contains(text(),'Logout')]]
verify tab[[ChromeDriver: chrome on WINDOWS (1779389475f5b1b6a39a0869e4513b02)] -> xpath: //button[contains(text(),'Logout')]]
verify tab[[ChromeDriver: chrome on WINDOWS (1779389475f5b1b6a39a0869e4513b02)] -> xpath: //button[contains(text(),'Logout')]]
verify tab[[ChromeDriver: chrome on WINDOWS (1779389475f5b1b6a39a0869e4513b02)] -> xpath: //button[contains(text(),'Logout')]]
verify tab[[ChromeDriver: chrome on WINDOWS (1779389475f5b1b6a39a0869e4513b02)] -> xpath: //button[contains(text(),'Logout')]]
verify tab[[ChromeDriver: chrome on WINDOWS (1779389475f5b1b6a39a0869e4513b02)] -> xpath: //button[contains(text(),'Logout')]]
verify tab[[ChromeDriver: chrome on WINDOWS (1779389475f5b1b6a39a0869e4513b02)] -> xpath: //button[contains(text(),'Logout')]]
verify tab[[ChromeDriver: chrome on WINDOWS (1779389475f5b1b6a39a0869e4513b02)] -> xpath: //button[contains(text(),'Logout')]]
verify tab[[ChromeDriver: chrome on WINDOWS (1779389475f5b1b6a39a0869e4513b02)] -> xpath: //button[contains(text(),'Logout')]]
verify tab[[ChromeDriver: chrome on WINDOWS (1779389475f5b1b6a39a0869e4513b02)] -> xpath: //button[contains(text(),'Logout')]]
verify tab[[ChromeDriver: chrome on WINDOWS (1779389475f5b1b6a39a0869e4513b02)] -> xpath: //button[contains(text(),'Logout')]]
verify tab[[ChromeDriver: chrome on WINDOWS (1779389475f5b1b6a39a0869e4513b02)] -> xpath: //button[contains(text(),'Logout')]]
verify tab[[ChromeDriver: chrome on WINDOWS (1779389475f5b1b6a39a0869e4513b02)] -> xpath: //button[contains(text(),'Logout')]]
verify tab[[ChromeDriver: chrome on WINDOWS (1779389475f5b1b6a39a0869e4513b02)] -> xpath: //button[contains(text(),'Logout')]]
verify tab[[ChromeDriver: chrome on WINDOWS (1779389475f5b1b6a39a0869e4513b02)] -> xpath: //button[contains(text(),'Logout')]]
verify tab[[ChromeDriver: chrome on WINDOWS (1779389475f5b1b6a39a0869e4513b02)] -> xpath: //button[contains(text(),'Logout')]]
verify tab[[ChromeDriver: chrome on WINDOWS (1779389475f5b1b6a39a0869e4513b02)] -> xpath: //button[contains(text(),'Logout')]]
verify tab[[ChromeDriver: chrome on WINDOWS (1779389475f5b1b6a39a0869e4513b02)] -> xpath: //button[contains(text(),'Logout')]]
verify tab[[ChromeDriver: chrome on WINDOWS (1779389475f5b1b6a39a0869e4513b02)] -> xpath: //button[contains(text(),'Logout')]]
verify tab[[ChromeDriver: chrome on WINDOWS (1779389475f5b1b6a39a0869e4513b02)] -> xpath: //button[contains(text(),'Logout')]]
verify tab[[ChromeDriver: chrome on WINDOWS (1779389475f5b1b6a39a0869e4513b02)] -> xpath: //button[contains(text(),'Logout')]]
verify tab[[ChromeDriver: chrome on WINDOWS (1779389475f5b1b6a39a0869e4513b02)] -> xpath: //button[contains(text(),'Logout')]]
verify tab[[ChromeDriver: chrome on WINDOWS (1779389475f5b1b6a39a0869e4513b02)] -> xpath: //button[contains(text(),'Logout')]]
verify tab[[ChromeDriver: chrome on WINDOWS (1779389475f5b1b6a39a0869e4513b02)] -> xpath: //button[contains(text(),'Logout')]]
verify tab[[ChromeDriver: chrome on WINDOWS (1779389475f5b1b6a39a0869e4513b02)] -> xpath: //button[contains(text(),'Logout')]]
verify tab[[ChromeDriver: chrome on WINDOWS (1779389475f5b1b6a39a0869e4513b02)] -> xpath: //button[contains(text(),'Logout')]]
verify tab[[ChromeDriver: chrome on WINDOWS (1779389475f5b1b6a39a0869e4513b02)] -> xpath: //button[contains(text(),'Logout')]]
verify tab[[ChromeDriver: chrome on WINDOWS (1779389475f5b1b6a39a0869e4513b02)] -> xpath: //button[contains(text(),'Logout')]]
verify tab[[ChromeDriver: chrome on WINDOWS (1779389475f5b1b6a39a0869e4513b02)] -> xpath: //button[contains(text(),'Logout')]]
verify tab[[ChromeDriver: chrome on WINDOWS (1779389475f5b1b6a39a0869e4513b02)] -> xpath: //button[contains(text(),'Logout')]]
verify tab[[ChromeDriver: chrome on WINDOWS (1779389475f5b1b6a39a0869e4513b02)] -> xpath: //button[contains(text(),'Logout')]]
verify tab[[ChromeDriver: chrome on WINDOWS (1779389475f5b1b6a39a0869e4513b02)] -> xpath: //button[contains(text(),'Logout')]]
verify tab[[ChromeDriver: chrome on WINDOWS (1779389475f5b1b6a39a0869e4513b02)] -> xpath: //button[contains(text(),'Logout')]]
verify tab[[ChromeDriver: chrome on WINDOWS (1779389475f5b1b6a39a0869e4513b02)] -> xpath: //button[contains(text(),'Logout')]]
verify tab[[ChromeDriver: chrome on WINDOWS (1779389475f5b1b6a39a0869e4513b02)] -> xpath: //button[contains(text(),'Logout')]]
verify tab[[ChromeDriver: chrome on WINDOWS (1779389475f5b1b6a39a0869e4513b02)] -> xpath: //button[contains(text(),'Logout')]]
verify tab[[ChromeDriver: chrome on WINDOWS (1779389475f5b1b6a39a0869e4513b02)] -> xpath: //button[contains(text(),'Logout')]]
verify tab[[ChromeDriver: chrome on WINDOWS (1779389475f5b1b6a39a0869e4513b02)] -> xpath: //button[contains(text(),'Logout')]]
verify tab[[ChromeDriver: chrome on WINDOWS (1779389475f5b1b6a39a0869e4513b02)] -> xpath: //button[contains(text(),'Logout')]]
verify tab[[ChromeDriver: chrome on WINDOWS (1779389475f5b1b6a39a0869e4513b02)] -> xpath: //button[contains(text(),'Logout')]]
verify tab[[ChromeDriver: chrome on WINDOWS (1779389475f5b1b6a39a0869e4513b02)] -> xpath: //button[contains(text(),'Logout')]]
verify tab[[ChromeDriver: chrome on WINDOWS (1779389475f5b1b6a39a0869e4513b02)] -> xpath: //button[contains(text(),'Logout')]]
verify tab[[ChromeDriver: chrome on WINDOWS (1779389475f5b1b6a39a0869e4513b02)] -> xpath: //button[contains(text(),'Logout')]]
verify tab[[ChromeDriver: chrome on WINDOWS (1779389475f5b1b6a39a0869e4513b02)] -> xpath: //button[contains(text(),'Logout')]]
verify tab[[ChromeDriver: chrome on WINDOWS (1779389475f5b1b6a39a0869e4513b02)] -> xpath: //button[contains(text(),'Logout')]]
verify tab[[ChromeDriver: chrome on WINDOWS (1779389475f5b1b6a39a0869e4513b02)] -> xpath: //button[contains(text(),'Logout')]]
verify tab[[ChromeDriver: chrome on WINDOWS (1779389475f5b1b6a39a0869e4513b02)] -> xpath: //button[contains(text(),'Logout')]]
verify tab[[ChromeDriver: chrome on WINDOWS (1779389475f5b1b6a39a0869e4513b02)] -> xpath: //button[contains(text(),'Logout')]]
verify tab[[ChromeDriver: chrome on WINDOWS (1779389475f5b1b6a39a0869e4513b02)] -> xpath: //button[contains(text(),'Logout')]]
verify tab[[ChromeDriver: chrome on WINDOWS (1779389475f5b1b6a39a0869e4513b02)] -> xpath: //button[contains(text(),'Logout')]]
verify tab[[ChromeDriver: chrome on WINDOWS (1779389475f5b1b6a39a0869e4513b02)] -> xpath: //button[contains(text(),'Logout')]]
verify tab[[ChromeDriver: chrome on WINDOWS (1779389475f5b1b6a39a0869e4513b02)] -> xpath: //button[contains(text(),'Logout')]]
verify tab[[ChromeDriver: chrome on WINDOWS (1779389475f5b1b6a39a0869e4513b02)] -> xpath: //button[contains(text(),'Logout')]]
verify tab[[ChromeDriver: chrome on WINDOWS (1779389475f5b1b6a39a0869e4513b02)] -> xpath: //button[contains(text(),'Logout')]]
verify tab[[ChromeDriver: chrome on WINDOWS (1779389475f5b1b6a39a0869e4513b02)] -> xpath: //button[contains(text(),'Logout')]]
verify tab[[ChromeDriver: chrome on WINDOWS (1779389475f5b1b6a39a0869e4513b02)] -> xpath: //button[contains(text(),'Logout')]]
verify tab[[ChromeDriver: chrome on WINDOWS (1779389475f5b1b6a39a0869e4513b02)] -> xpath: //button[contains(text(),'Logout')]]
verify tab[[ChromeDriver: chrome on WINDOWS (1779389475f5b1b6a39a0869e4513b02)] -> xpath: //button[contains(text(),'Logout')]]
verify tab[[ChromeDriver: chrome on WINDOWS (1779389475f5b1b6a39a0869e4513b02)] -> xpath: //button[contains(text(),'Logout')]]
verify tab[[ChromeDriver: chrome on WINDOWS (1779389475f5b1b6a39a0869e4513b02)] -> xpath: //button[contains(text(),'Logout')]]
verify tab[[ChromeDriver: chrome on WINDOWS (1779389475f5b1b6a39a0869e4513b02)] -> xpath: //button[contains(text(),'Logout')]]
verify tab[[ChromeDriver: chrome on WINDOWS (1779389475f5b1b6a39a0869e4513b02)] -> xpath: //button[contains(text(),'Logout')]]
verify tab[[ChromeDriver: chrome on WINDOWS (1779389475f5b1b6a39a0869e4513b02)] -> xpath: //button[contains(text(),'Logout')]]
verify tab[[ChromeDriver: chrome on WINDOWS (1779389475f5b1b6a39a0869e4513b02)] -> xpath: //button[contains(text(),'Logout')]]
verify tab[[ChromeDriver: chrome on WINDOWS (1779389475f5b1b6a39a0869e4513b02)] -> xpath: //button[contains(text(),'Logout')]]
verify tab[[ChromeDriver: chrome on WINDOWS (1779389475f5b1b6a39a0869e4513b02)] -> xpath: //button[contains(text(),'Logout')]]
verify tab[[ChromeDriver: chrome on WINDOWS (1779389475f5b1b6a39a0869e4513b02)] -> xpath: //button[contains(text(),'Logout')]]
verify tab[[ChromeDriver: chrome on WINDOWS (1779389475f5b1b6a39a0869e4513b02)] -> xpath: //button[contains(text(),'Logout')]]
verify tab[[ChromeDriver: chrome on WINDOWS (1779389475f5b1b6a39a0869e4513b02)] -> xpath: //button[contains(text(),'Logout')]]
verify tab[[ChromeDriver: chrome on WINDOWS (1779389475f5b1b6a39a0869e4513b02)] -> xpath: //button[contains(text(),'Logout')]]
verify tab[[ChromeDriver: chrome on WINDOWS (1779389475f5b1b6a39a0869e4513b02)] -> xpath: //button[contains(text(),'Logout')]]
verify tab[[ChromeDriver: chrome on WINDOWS (1779389475f5b1b6a39a0869e4513b02)] -> xpath: //button[contains(text(),'Logout')]]
verify tab[[ChromeDriver: chrome on WINDOWS (1779389475f5b1b6a39a0869e4513b02)] -> xpath: //button[contains(text(),'Logout')]]
verify tab[[ChromeDriver: chrome on WINDOWS (1779389475f5b1b6a39a0869e4513b02)] -> xpath: //button[contains(text(),'Logout')]]
verify tab[[ChromeDriver: chrome on WINDOWS (1779389475f5b1b6a39a0869e4513b02)] -> xpath: //button[contains(text(),'Logout')]]
verify tab[[ChromeDriver: chrome on WINDOWS (1779389475f5b1b6a39a0869e4513b02)] -> xpath: //button[contains(text(),'Logout')]]
verify tab[[ChromeDriver: chrome on WINDOWS (1779389475f5b1b6a39a0869e4513b02)] -> xpath: //button[contains(text(),'Logout')]]
verify tab[[ChromeDriver: chrome on WINDOWS (1779389475f5b1b6a39a0869e4513b02)] -> xpath: //button[contains(text(),'Logout')]]
verify tab[[ChromeDriver: chrome on WINDOWS (1779389475f5b1b6a39a0869e4513b02)] -> xpath: //button[contains(text(),'Logout')]]
verify tab[[ChromeDriver: chrome on WINDOWS (1779389475f5b1b6a39a0869e4513b02)] -> xpath: //button[contains(text(),'Logout')]]
verify tab[[ChromeDriver: chrome on WINDOWS (1779389475f5b1b6a39a0869e4513b02)] -> xpath: //button[contains(text(),'Logout')]]
verify tab[[ChromeDriver: chrome on WINDOWS (1779389475f5b1b6a39a0869e4513b02)] -> xpath: //button[contains(text(),'Logout')]]
verify tab[[ChromeDriver: chrome on WINDOWS (1779389475f5b1b6a39a0869e4513b02)] -> xpath: //button[contains(text(),'Logout')]]
verify tab[[ChromeDriver: chrome on WINDOWS (1779389475f5b1b6a39a0869e4513b02)] -> xpath: //button[contains(text(),'Logout')]]
verify tab[[ChromeDriver: chrome on WINDOWS (1779389475f5b1b6a39a0869e4513b02)] -> xpath: //button[contains(text(),'Logout')]]
verify tab[[ChromeDriver: chrome on WINDOWS (1779389475f5b1b6a39a0869e4513b02)] -> xpath: //button[contains(text(),'Logout')]]
verify tab[[ChromeDriver: chrome on WINDOWS (1779389475f5b1b6a39a0869e4513b02)] -> xpath: //button[contains(text(),'Logout')]]
verify tab[[ChromeDriver: chrome on WINDOWS (1779389475f5b1b6a39a0869e4513b02)] -> xpath: //button[contains(text(),'Logout')]]
verify tab[[ChromeDriver: chrome on WINDOWS (1779389475f5b1b6a39a0869e4513b02)] -> xpath: //button[contains(text(),'Logout')]]
verify tab[[ChromeDriver: chrome on WINDOWS (1779389475f5b1b6a39a0869e4513b02)] -> xpath: //button[contains(text(),'Logout')]]
verify tab[[ChromeDriver: chrome on WINDOWS (1779389475f5b1b6a39a0869e4513b02)] -> xpath: //button[contains(text(),'Logout')]]
verify tab[[ChromeDriver: chrome on WINDOWS (1779389475f5b1b6a39a0869e4513b02)] -> xpath: //button[contains(text(),'Logout')]]
verify tab[[ChromeDriver: chrome on WINDOWS (1779389475f5b1b6a39a0869e4513b02)] -> xpath: //button[contains(text(),'Logout')]]
verify tab[[ChromeDriver: chrome on WINDOWS (1779389475f5b1b6a39a0869e4513b02)] -> xpath: //button[contains(text(),'Logout')]]
verify tab[[ChromeDriver: chrome on WINDOWS (1779389475f5b1b6a39a0869e4513b02)] -> xpath: //button[contains(text(),'Logout')]]
verify tab[[ChromeDriver: chrome on WINDOWS (1779389475f5b1b6a39a0869e4513b02)] -> xpath: //button[contains(text(),'Logout')]]
verify tab[[ChromeDriver: chrome on WINDOWS (1779389475f5b1b6a39a0869e4513b02)] -> xpath: //button[contains(text(),'Logout')]]
verify tab[[ChromeDriver: chrome on WINDOWS (1779389475f5b1b6a39a0869e4513b02)] -> xpath: //button[contains(text(),'Logout')]]
verify tab[[ChromeDriver: chrome on WINDOWS (1779389475f5b1b6a39a0869e4513b02)] -> xpath: //button[contains(text(),'Logout')]]
verify tab[[ChromeDriver: chrome on WINDOWS (1779389475f5b1b6a39a0869e4513b02)] -> xpath: //button[contains(text(),'Logout')]]
verify tab[[ChromeDriver: chrome on WINDOWS (1779389475f5b1b6a39a0869e4513b02)] -> xpath: //button[contains(text(),'Logout')]]
verify tab[[ChromeDriver: chrome on WINDOWS (1779389475f5b1b6a39a0869e4513b02)] -> xpath: //button[contains(text(),'Logout')]]
verify tab[[ChromeDriver: chrome on WINDOWS (1779389475f5b1b6a39a0869e4513b02)] -> xpath: //button[contains(text(),'Logout')]]
verify tab[[ChromeDriver: chrome on WINDOWS (1779389475f5b1b6a39a0869e4513b02)] -> xpath: //button[contains(text(),'Logout')]]
verify tab[[ChromeDriver: chrome on WINDOWS (1779389475f5b1b6a39a0869e4513b02)] -> xpath: //button[contains(text(),'Logout')]]
verify tab[[ChromeDriver: chrome on WINDOWS (1779389475f5b1b6a39a0869e4513b02)] -> xpath: //button[contains(text(),'Logout')]]
verify tab[[ChromeDriver: chrome on WINDOWS (1779389475f5b1b6a39a0869e4513b02)] -> xpath: //button[contains(text(),'Logout')]]
verify tab[[ChromeDriver: chrome on WINDOWS (1779389475f5b1b6a39a0869e4513b02)] -> xpath: //button[contains(text(),'Logout')]]
verify tab[[ChromeDriver: chrome on WINDOWS (1779389475f5b1b6a39a0869e4513b02)] -> xpath: //button[contains(text(),'Logout')]]
verify tab[[ChromeDriver: chrome on WINDOWS (1779389475f5b1b6a39a0869e4513b02)] -> xpath: //button[contains(text(),'Logout')]]
verify tab[[ChromeDriver: chrome on WINDOWS (1779389475f5b1b6a39a0869e4513b02)] -> xpath: //button[contains(text(),'Logout')]]
verify tab[[ChromeDriver: chrome on WINDOWS (1779389475f5b1b6a39a0869e4513b02)] -> xpath: //button[contains(text(),'Logout')]]
verify tab[[ChromeDriver: chrome on WINDOWS (1779389475f5b1b6a39a0869e4513b02)] -> xpath: //button[contains(text(),'Logout')]]
verify tab[[ChromeDriver: chrome on WINDOWS (1779389475f5b1b6a39a0869e4513b02)] -> xpath: //button[contains(text(),'Logout')]]
verify tab[[ChromeDriver: chrome on WINDOWS (1779389475f5b1b6a39a0869e4513b02)] -> xpath: //button[contains(text(),'Logout')]]
verify tab[[ChromeDriver: chrome on WINDOWS (1779389475f5b1b6a39a0869e4513b02)] -> xpath: //button[contains(text(),'Logout')]]
verify tab[[ChromeDriver: chrome on WINDOWS (1779389475f5b1b6a39a0869e4513b02)] -> xpath: //button[contains(text(),'Logout')]]
verify tab[[ChromeDriver: chrome on WINDOWS (1779389475f5b1b6a39a0869e4513b02)] -> xpath: //button[contains(text(),'Logout')]]
verify tab[[ChromeDriver: chrome on WINDOWS (1779389475f5b1b6a39a0869e4513b02)] -> xpath: //button[contains(text(),'Logout')]]
verify tab[[ChromeDriver: chrome on WINDOWS (1779389475f5b1b6a39a0869e4513b02)] -> xpath: //button[contains(text(),'Logout')]]
verify tab[[ChromeDriver: chrome on WINDOWS (1779389475f5b1b6a39a0869e4513b02)] -> xpath: //button[contains(text(),'Logout')]]
verify tab[[ChromeDriver: chrome on WINDOWS (1779389475f5b1b6a39a0869e4513b02)] -> xpath: //button[contains(text(),'Logout')]]
verify tab[[ChromeDriver: chrome on WINDOWS (1779389475f5b1b6a39a0869e4513b02)] -> xpath: //button[contains(text(),'Logout')]]
verify tab[[ChromeDriver: chrome on WINDOWS (1779389475f5b1b6a39a0869e4513b02)] -> xpath: //button[contains(text(),'Logout')]]
verify tab[[ChromeDriver: chrome on WINDOWS (1779389475f5b1b6a39a0869e4513b02)] -> xpath: //button[contains(text(),'Logout')]]
verify tab[[ChromeDriver: chrome on WINDOWS (1779389475f5b1b6a39a0869e4513b02)] -> xpath: //button[contains(text(),'Logout')]]
verify tab[[ChromeDriver: chrome on WINDOWS (1779389475f5b1b6a39a0869e4513b02)] -> xpath: //button[contains(text(),'Logout')]]
verify tab[[ChromeDriver: chrome on WINDOWS (1779389475f5b1b6a39a0869e4513b02)] -> xpath: //button[contains(text(),'Logout')]]
verify tab[[ChromeDriver: chrome on WINDOWS (1779389475f5b1b6a39a0869e4513b02)] -> xpath: //button[contains(text(),'Logout')]]
verify tab[[ChromeDriver: chrome on WINDOWS (1779389475f5b1b6a39a0869e4513b02)] -> xpath: //button[contains(text(),'Logout')]]
verify tab[[ChromeDriver: chrome on WINDOWS (1779389475f5b1b6a39a0869e4513b02)] -> xpath: //button[contains(text(),'Logout')]]
verify tab[[ChromeDriver: chrome on WINDOWS (1779389475f5b1b6a39a0869e4513b02)] -> xpath: //button[contains(text(),'Logout')]]
verify tab[[ChromeDriver: chrome on WINDOWS (1779389475f5b1b6a39a0869e4513b02)] -> xpath: //button[contains(text(),'Logout')]]
verify tab[[ChromeDriver: chrome on WINDOWS (1779389475f5b1b6a39a0869e4513b02)] -> xpath: //button[contains(text(),'Logout')]]
verify tab[[ChromeDriver: chrome on WINDOWS (1779389475f5b1b6a39a0869e4513b02)] -> xpath: //button[contains(text(),'Logout')]]
verify tab[[ChromeDriver: chrome on WINDOWS (1779389475f5b1b6a39a0869e4513b02)] -> xpath: //button[contains(text(),'Logout')]]
verify tab[[ChromeDriver: chrome on WINDOWS (1779389475f5b1b6a39a0869e4513b02)] -> xpath: //button[contains(text(),'Logout')]]
verify tab[[ChromeDriver: chrome on WINDOWS (1779389475f5b1b6a39a0869e4513b02)] -> xpath: //button[contains(text(),'Logout')]]
verify tab[[ChromeDriver: chrome on WINDOWS (1779389475f5b1b6a39a0869e4513b02)] -> xpath: //button[contains(text(),'Logout')]]
verify tab[[ChromeDriver: chrome on WINDOWS (1779389475f5b1b6a39a0869e4513b02)] -> xpath: //button[contains(text(),'Logout')]]
verify tab[[ChromeDriver: chrome on WINDOWS (1779389475f5b1b6a39a0869e4513b02)] -> xpath: //button[contains(text(),'Logout')]]
verify tab[[ChromeDriver: chrome on WINDOWS (1779389475f5b1b6a39a0869e4513b02)] -> xpath: //button[contains(text(),'Logout')]]
verify tab[[ChromeDriver: chrome on WINDOWS (1779389475f5b1b6a39a0869e4513b02)] -> xpath: //button[contains(text(),'Logout')]]
verify tab[[ChromeDriver: chrome on WINDOWS (1779389475f5b1b6a39a0869e4513b02)] -> xpath: //button[contains(text(),'Logout')]]
verify tab[[ChromeDriver: chrome on WINDOWS (1779389475f5b1b6a39a0869e4513b02)] -> xpath: //button[contains(text(),'Logout')]]
verify tab[[ChromeDriver: chrome on WINDOWS (1779389475f5b1b6a39a0869e4513b02)] -> xpath: //button[contains(text(),'Logout')]]
verify tab[[ChromeDriver: chrome on WINDOWS (1779389475f5b1b6a39a0869e4513b02)] -> xpath: //button[contains(text(),'Logout')]]
verify tab[[ChromeDriver: chrome on WINDOWS (1779389475f5b1b6a39a0869e4513b02)] -> xpath: //button[contains(text(),'Logout')]]
verify tab[[ChromeDriver: chrome on WINDOWS (1779389475f5b1b6a39a0869e4513b02)] -> xpath: //button[contains(text(),'Logout')]]
verify tab[[ChromeDriver: chrome on WINDOWS (1779389475f5b1b6a39a0869e4513b02)] -> xpath: //button[contains(text(),'Logout')]]
verify tab[[ChromeDriver: chrome on WINDOWS (1779389475f5b1b6a39a0869e4513b02)] -> xpath: //button[contains(text(),'Logout')]]
verify tab[[ChromeDriver: chrome on WINDOWS (1779389475f5b1b6a39a0869e4513b02)] -> xpath: //button[contains(text(),'Logout')]]
verify tab[[ChromeDriver: chrome on WINDOWS (1779389475f5b1b6a39a0869e4513b02)] -> xpath: //button[contains(text(),'Logout')]]
verify tab[[ChromeDriver: chrome on WINDOWS (1779389475f5b1b6a39a0869e4513b02)] -> xpath: //button[contains(text(),'Logout')]]
verify tab[[ChromeDriver: chrome on WINDOWS (1779389475f5b1b6a39a0869e4513b02)] -> xpath: //button[contains(text(),'Logout')]]
verify tab[[ChromeDriver: chrome on WINDOWS (1779389475f5b1b6a39a0869e4513b02)] -> xpath: //button[contains(text(),'Logout')]]
verify tab[[ChromeDriver: chrome on WINDOWS (1779389475f5b1b6a39a0869e4513b02)] -> xpath: //button[contains(text(),'Logout')]]
verify tab[[ChromeDriver: chrome on WINDOWS (1779389475f5b1b6a39a0869e4513b02)] -> xpath: //button[contains(text(),'Logout')]]
verify tab[[ChromeDriver: chrome on WINDOWS (1779389475f5b1b6a39a0869e4513b02)] -> xpath: //button[contains(text(),'Logout')]]
verify tab[[ChromeDriver: chrome on WINDOWS (1779389475f5b1b6a39a0869e4513b02)] -> xpath: //button[contains(text(),'Logout')]]
verify tab[[ChromeDriver: chrome on WINDOWS (1779389475f5b1b6a39a0869e4513b02)] -> xpath: //button[contains(text(),'Logout')]]
verify tab[[ChromeDriver: chrome on WINDOWS (1779389475f5b1b6a39a0869e4513b02)] -> xpath: //button[contains(text(),'Logout')]]
verify tab[[ChromeDriver: chrome on WINDOWS (1779389475f5b1b6a39a0869e4513b02)] -> xpath: //button[contains(text(),'Logout')]]
verify tab[[ChromeDriver: chrome on WINDOWS (1779389475f5b1b6a39a0869e4513b02)] -> xpath: //button[contains(text(),'Logout')]]
verify tab[[ChromeDriver: chrome on WINDOWS (1779389475f5b1b6a39a0869e4513b02)] -> xpath: //button[contains(text(),'Logout')]]
verify tab[[ChromeDriver: chrome on WINDOWS (1779389475f5b1b6a39a0869e4513b02)] -> xpath: //button[contains(text(),'Logout')]]
verify tab[[ChromeDriver: chrome on WINDOWS (1779389475f5b1b6a39a0869e4513b02)] -> xpath: //button[contains(text(),'Logout')]]
verify tab[[ChromeDriver: chrome on WINDOWS (1779389475f5b1b6a39a0869e4513b02)] -> xpath: //button[contains(text(),'Logout')]]
verify tab[[ChromeDriver: chrome on WINDOWS (1779389475f5b1b6a39a0869e4513b02)] -> xpath: //button[contains(text(),'Logout')]]
verify tab[[ChromeDriver: chrome on WINDOWS (1779389475f5b1b6a39a0869e4513b02)] -> xpath: //button[contains(text(),'Logout')]]
verify tab[[ChromeDriver: chrome on WINDOWS (1779389475f5b1b6a39a0869e4513b02)] -> xpath: //button[contains(text(),'Logout')]]
verify tab[[ChromeDriver: chrome on WINDOWS (1779389475f5b1b6a39a0869e4513b02)] -> xpath: //button[contains(text(),'Logout')]]
verify tab[[ChromeDriver: chrome on WINDOWS (1779389475f5b1b6a39a0869e4513b02)] -> xpath: //button[contains(text(),'Logout')]]
verify tab[[ChromeDriver: chrome on WINDOWS (1779389475f5b1b6a39a0869e4513b02)] -> xpath: //button[contains(text(),'Logout')]]
verify tab[[ChromeDriver: chrome on WINDOWS (1779389475f5b1b6a39a0869e4513b02)] -> xpath: //button[contains(text(),'Logout')]]
verify tab[[ChromeDriver: chrome on WINDOWS (1779389475f5b1b6a39a0869e4513b02)] -> xpath: //button[contains(text(),'Logout')]]
verify tab[[ChromeDriver: chrome on WINDOWS (1779389475f5b1b6a39a0869e4513b02)] -> xpath: //button[contains(text(),'Logout')]]
verify tab[[ChromeDriver: chrome on WINDOWS (1779389475f5b1b6a39a0869e4513b02)] -> xpath: //button[contains(text(),'Logout')]]
verify tab[[ChromeDriver: chrome on WINDOWS (1779389475f5b1b6a39a0869e4513b02)] -> xpath: //button[contains(text(),'Logout')]]
verify tab[[ChromeDriver: chrome on WINDOWS (1779389475f5b1b6a39a0869e4513b02)] -> xpath: //button[contains(text(),'Logout')]]
verify tab[[ChromeDriver: chrome on WINDOWS (1779389475f5b1b6a39a0869e4513b02)] -> xpath: //button[contains(text(),'Logout')]]
verify tab[[ChromeDriver: chrome on WINDOWS (1779389475f5b1b6a39a0869e4513b02)] -> xpath: //button[contains(text(),'Logout')]]
verify tab[[ChromeDriver: chrome on WINDOWS (1779389475f5b1b6a39a0869e4513b02)] -> xpath: //button[contains(text(),'Logout')]]
verify tab[[ChromeDriver: chrome on WINDOWS (1779389475f5b1b6a39a0869e4513b02)] -> xpath: //button[contains(text(),'Logout')]]
verify tab[[ChromeDriver: chrome on WINDOWS (1779389475f5b1b6a39a0869e4513b02)] -> xpath: //button[contains(text(),'Logout')]]
verify tab[[ChromeDriver: chrome on WINDOWS (1779389475f5b1b6a39a0869e4513b02)] -> xpath: //button[contains(text(),'Logout')]]
verify tab[[ChromeDriver: chrome on WINDOWS (1779389475f5b1b6a39a0869e4513b02)] -> xpath: //button[contains(text(),'Logout')]]
verify tab[[ChromeDriver: chrome on WINDOWS (1779389475f5b1b6a39a0869e4513b02)] -> xpath: //button[contains(text(),'Logout')]]
verify tab[[ChromeDriver: chrome on WINDOWS (1779389475f5b1b6a39a0869e4513b02)] -> xpath: //button[contains(text(),'Logout')]]
verify tab[[ChromeDriver: chrome on WINDOWS (1779389475f5b1b6a39a0869e4513b02)] -> xpath: //button[contains(text(),'Logout')]]
verify tab[[ChromeDriver: chrome on WINDOWS (1779389475f5b1b6a39a0869e4513b02)] -> xpath: //button[contains(text(),'Logout')]]
verify tab[[ChromeDriver: chrome on WINDOWS (1779389475f5b1b6a39a0869e4513b02)] -> xpath: //button[contains(text(),'Logout')]]
verify tab[[ChromeDriver: chrome on WINDOWS (1779389475f5b1b6a39a0869e4513b02)] -> xpath: //button[contains(text(),'Logout')]]
verify tab[[ChromeDriver: chrome on WINDOWS (1779389475f5b1b6a39a0869e4513b02)] -> xpath: //button[contains(text(),'Logout')]]
verify tab[[ChromeDriver: chrome on WINDOWS (1779389475f5b1b6a39a0869e4513b02)] -> xpath: //button[contains(text(),'Logout')]]
verify tab[[ChromeDriver: chrome on WINDOWS (1779389475f5b1b6a39a0869e4513b02)] -> xpath: //button[contains(text(),'Logout')]]
verify tab[[ChromeDriver: chrome on WINDOWS (1779389475f5b1b6a39a0869e4513b02)] -> xpath: //button[contains(text(),'Logout')]]
verify tab[[ChromeDriver: chrome on WINDOWS (1779389475f5b1b6a39a0869e4513b02)] -> xpath: //button[contains(text(),'Logout')]]
verify tab[[ChromeDriver: chrome on WINDOWS (1779389475f5b1b6a39a0869e4513b02)] -> xpath: //button[contains(text(),'Logout')]]
verify tab[[ChromeDriver: chrome on WINDOWS (1779389475f5b1b6a39a0869e4513b02)] -> xpath: //button[contains(text(),'Logout')]]
verify tab[[ChromeDriver: chrome on WINDOWS (1779389475f5b1b6a39a0869e4513b02)] -> xpath: //button[contains(text(),'Logout')]]
verify tab[[ChromeDriver: chrome on WINDOWS (1779389475f5b1b6a39a0869e4513b02)] -> xpath: //button[contains(text(),'Logout')]]
verify tab[[ChromeDriver: chrome on WINDOWS (1779389475f5b1b6a39a0869e4513b02)] -> xpath: //button[contains(text(),'Logout')]]
verify tab[[ChromeDriver: chrome on WINDOWS (1779389475f5b1b6a39a0869e4513b02)] -> xpath: //button[contains(text(),'Logout')]]
verify tab[[ChromeDriver: chrome on WINDOWS (1779389475f5b1b6a39a0869e4513b02)] -> xpath: //button[contains(text(),'Logout')]]
verify tab[[ChromeDriver: chrome on WINDOWS (1779389475f5b1b6a39a0869e4513b02)] -> xpath: //button[contains(text(),'Logout')]]
verify tab[[ChromeDriver: chrome on WINDOWS (1779389475f5b1b6a39a0869e4513b02)] -> xpath: //button[contains(text(),'Logout')]]
verify tab[[ChromeDriver: chrome on WINDOWS (1779389475f5b1b6a39a0869e4513b02)] -> xpath: //button[contains(text(),'Logout')]]
verify tab[[ChromeDriver: chrome on WINDOWS (1779389475f5b1b6a39a0869e4513b02)] -> xpath: //button[contains(text(),'Logout')]]
verify tab[[ChromeDriver: chrome on WINDOWS (1779389475f5b1b6a39a0869e4513b02)] -> xpath: //button[contains(text(),'Logout')]]
verify tab[[ChromeDriver: chrome on WINDOWS (1779389475f5b1b6a39a0869e4513b02)] -> xpath: //button[contains(text(),'Logout')]]
verify tab[[ChromeDriver: chrome on WINDOWS (1779389475f5b1b6a39a0869e4513b02)] -> xpath: //button[contains(text(),'Logout')]]
verify tab[[ChromeDriver: chrome on WINDOWS (1779389475f5b1b6a39a0869e4513b02)] -> xpath: //button[contains(text(),'Logout')]]
verify tab[[ChromeDriver: chrome on WINDOWS (1779389475f5b1b6a39a0869e4513b02)] -> xpath: //button[contains(text(),'Logout')]]
verify tab[[ChromeDriver: chrome on WINDOWS (1779389475f5b1b6a39a0869e4513b02)] -> xpath: //button[contains(text(),'Logout')]]
verify tab[[ChromeDriver: chrome on WINDOWS (1779389475f5b1b6a39a0869e4513b02)] -> xpath: //button[contains(text(),'Logout')]]
verify tab[[ChromeDriver: chrome on WINDOWS (1779389475f5b1b6a39a0869e4513b02)] -> xpath: //button[contains(text(),'Logout')]]
verify tab[[ChromeDriver: chrome on WINDOWS (1779389475f5b1b6a39a0869e4513b02)] -> xpath: //button[contains(text(),'Logout')]]
verify tab[[ChromeDriver: chrome on WINDOWS (1779389475f5b1b6a39a0869e4513b02)] -> xpath: //button[contains(text(),'Logout')]]
verify tab[[ChromeDriver: chrome on WINDOWS (1779389475f5b1b6a39a0869e4513b02)] -> xpath: //button[contains(text(),'Logout')]]
verify tab[[ChromeDriver: chrome on WINDOWS (1779389475f5b1b6a39a0869e4513b02)] -> xpath: //button[contains(text(),'Logout')]]
verify tab[[ChromeDriver: chrome on WINDOWS (1779389475f5b1b6a39a0869e4513b02)] -> xpath: //button[contains(text(),'Logout')]]
verify tab[[ChromeDriver: chrome on WINDOWS (1779389475f5b1b6a39a0869e4513b02)] -> xpath: //button[contains(text(),'Logout')]]
verify tab[[ChromeDriver: chrome on WINDOWS (1779389475f5b1b6a39a0869e4513b02)] -> xpath: //button[contains(text(),'Logout')]]
verify tab[[ChromeDriver: chrome on WINDOWS (1779389475f5b1b6a39a0869e4513b02)] -> xpath: //button[contains(text(),'Logout')]]
verify tab[[ChromeDriver: chrome on WINDOWS (1779389475f5b1b6a39a0869e4513b02)] -> xpath: //button[contains(text(),'Logout')]]
verify tab[[ChromeDriver: chrome on WINDOWS (1779389475f5b1b6a39a0869e4513b02)] -> xpath: //button[contains(text(),'Logout')]]
verify tab[[ChromeDriver: chrome on WINDOWS (1779389475f5b1b6a39a0869e4513b02)] -> xpath: //button[contains(text(),'Logout')]]
verify tab[[ChromeDriver: chrome on WINDOWS (1779389475f5b1b6a39a0869e4513b02)] -> xpath: //button[contains(text(),'Logout')]]
verify tab[[ChromeDriver: chrome on WINDOWS (1779389475f5b1b6a39a0869e4513b02)] -> xpath: //button[contains(text(),'Logout')]]
verify tab[[ChromeDriver: chrome on WINDOWS (1779389475f5b1b6a39a0869e4513b02)] -> xpath: //button[contains(text(),'Logout')]]
verify tab[[ChromeDriver: chrome on WINDOWS (1779389475f5b1b6a39a0869e4513b02)] -> xpath: //button[contains(text(),'Logout')]]
verify tab[[ChromeDriver: chrome on WINDOWS (1779389475f5b1b6a39a0869e4513b02)] -> xpath: //button[contains(text(),'Logout')]]
verify tab[[ChromeDriver: chrome on WINDOWS (1779389475f5b1b6a39a0869e4513b02)] -> xpath: //button[contains(text(),'Logout')]]
verify tab[[ChromeDriver: chrome on WINDOWS (1779389475f5b1b6a39a0869e4513b02)] -> xpath: //button[contains(text(),'Logout')]]
verify tab[[ChromeDriver: chrome on WINDOWS (1779389475f5b1b6a39a0869e4513b02)] -> xpath: //button[contains(text(),'Logout')]]
verify tab[[ChromeDriver: chrome on WINDOWS (1779389475f5b1b6a39a0869e4513b02)] -> xpath: //button[contains(text(),'Logout')]]
verify tab[[ChromeDriver: chrome on WINDOWS (1779389475f5b1b6a39a0869e4513b02)] -> xpath: //button[contains(text(),'Logout')]]
verify tab[[ChromeDriver: chrome on WINDOWS (1779389475f5b1b6a39a0869e4513b02)] -> xpath: //button[contains(text(),'Logout')]]
verify tab[[ChromeDriver: chrome on WINDOWS (1779389475f5b1b6a39a0869e4513b02)] -> xpath: //button[contains(text(),'Logout')]]
verify tab[[ChromeDriver: chrome on WINDOWS (1779389475f5b1b6a39a0869e4513b02)] -> xpath: //button[contains(text(),'Logout')]]
verify tab[[ChromeDriver: chrome on WINDOWS (1779389475f5b1b6a39a0869e4513b02)] -> xpath: //button[contains(text(),'Logout')]]
verify tab[[ChromeDriver: chrome on WINDOWS (1779389475f5b1b6a39a0869e4513b02)] -> xpath: //button[contains(text(),'Logout')]]
verify tab[[ChromeDriver: chrome on WINDOWS (1779389475f5b1b6a39a0869e4513b02)] -> xpath: //button[contains(text(),'Logout')]]
verify tab[[ChromeDriver: chrome on WINDOWS (1779389475f5b1b6a39a0869e4513b02)] -> xpath: //button[contains(text(),'Logout')]]
verify tab[[ChromeDriver: chrome on WINDOWS (1779389475f5b1b6a39a0869e4513b02)] -> xpath: //button[contains(text(),'Logout')]]
verify tab[[ChromeDriver: chrome on WINDOWS (1779389475f5b1b6a39a0869e4513b02)] -> xpath: //button[contains(text(),'Logout')]]
verify tab[[ChromeDriver: chrome on WINDOWS (1779389475f5b1b6a39a0869e4513b02)] -> xpath: //button[contains(text(),'Logout')]]
verify tab[[ChromeDriver: chrome on WINDOWS (1779389475f5b1b6a39a0869e4513b02)] -> xpath: //button[contains(text(),'Logout')]]
verify tab[[ChromeDriver: chrome on WINDOWS (1779389475f5b1b6a39a0869e4513b02)] -> xpath: //button[contains(text(),'Logout')]]
verify tab[[ChromeDriver: chrome on WINDOWS (1779389475f5b1b6a39a0869e4513b02)] -> xpath: //button[contains(text(),'Logout')]]
verify tab[[ChromeDriver: chrome on WINDOWS (1779389475f5b1b6a39a0869e4513b02)] -> xpath: //button[contains(text(),'Logout')]]
verify tab[[ChromeDriver: chrome on WINDOWS (1779389475f5b1b6a39a0869e4513b02)] -> xpath: //button[contains(text(),'Logout')]]
verify tab[[ChromeDriver: chrome on WINDOWS (1779389475f5b1b6a39a0869e4513b02)] -> xpath: //button[contains(text(),'Logout')]]
verify tab[[ChromeDriver: chrome on WINDOWS (1779389475f5b1b6a39a0869e4513b02)] -> xpath: //button[contains(text(),'Logout')]]
verify tab[[ChromeDriver: chrome on WINDOWS (1779389475f5b1b6a39a0869e4513b02)] -> xpath: //button[contains(text(),'Logout')]]
verify tab[[ChromeDriver: chrome on WINDOWS (1779389475f5b1b6a39a0869e4513b02)] -> xpath: //button[contains(text(),'Logout')]]
verify tab[[ChromeDriver: chrome on WINDOWS (1779389475f5b1b6a39a0869e4513b02)] -> xpath: //button[contains(text(),'Logout')]]
verify tab[[ChromeDriver: chrome on WINDOWS (1779389475f5b1b6a39a0869e4513b02)] -> xpath: //button[contains(text(),'Logout')]]
verify tab[[ChromeDriver: chrome on WINDOWS (1779389475f5b1b6a39a0869e4513b02)] -> xpath: //button[contains(text(),'Logout')]]
verify tab[[ChromeDriver: chrome on WINDOWS (1779389475f5b1b6a39a0869e4513b02)] -> xpath: //button[contains(text(),'Logout')]]
verify tab[[ChromeDriver: chrome on WINDOWS (1779389475f5b1b6a39a0869e4513b02)] -> xpath: //button[contains(text(),'Logout')]]
verify tab[[ChromeDriver: chrome on WINDOWS (1779389475f5b1b6a39a0869e4513b02)] -> xpath: //button[contains(text(),'Logout')]]
verify tab[[ChromeDriver: chrome on WINDOWS (1779389475f5b1b6a39a0869e4513b02)] -> xpath: //button[contains(text(),'Logout')]]
verify tab[[ChromeDriver: chrome on WINDOWS (1779389475f5b1b6a39a0869e4513b02)] -> xpath: //button[contains(text(),'Logout')]]
verify tab[[ChromeDriver: chrome on WINDOWS (1779389475f5b1b6a39a0869e4513b02)] -> xpath: //button[contains(text(),'Logout')]]
verify tab[[ChromeDriver: chrome on WINDOWS (1779389475f5b1b6a39a0869e4513b02)] -> xpath: //button[contains(text(),'Logout')]]
verify tab[[ChromeDriver: chrome on WINDOWS (1779389475f5b1b6a39a0869e4513b02)] -> xpath: //button[contains(text(),'Logout')]]
verify tab[[ChromeDriver: chrome on WINDOWS (1779389475f5b1b6a39a0869e4513b02)] -> xpath: //button[contains(text(),'Logout')]]
verify tab[[ChromeDriver: chrome on WINDOWS (1779389475f5b1b6a39a0869e4513b02)] -> xpath: //button[contains(text(),'Logout')]]
verify tab[[ChromeDriver: chrome on WINDOWS (1779389475f5b1b6a39a0869e4513b02)] -> xpath: //button[contains(text(),'Logout')]]
verify tab[[ChromeDriver: chrome on WINDOWS (1779389475f5b1b6a39a0869e4513b02)] -> xpath: //button[contains(text(),'Logout')]]
verify tab[[ChromeDriver: chrome on WINDOWS (1779389475f5b1b6a39a0869e4513b02)] -> xpath: //button[contains(text(),'Logout')]]
verify tab[[ChromeDriver: chrome on WINDOWS (1779389475f5b1b6a39a0869e4513b02)] -> xpath: //button[contains(text(),'Logout')]]
verify tab[[ChromeDriver: chrome on WINDOWS (1779389475f5b1b6a39a0869e4513b02)] -> xpath: //button[contains(text(),'Logout')]]
verify tab[[ChromeDriver: chrome on WINDOWS (1779389475f5b1b6a39a0869e4513b02)] -> xpath: //button[contains(text(),'Logout')]]
verify tab[[ChromeDriver: chrome on WINDOWS (1779389475f5b1b6a39a0869e4513b02)] -> xpath: //button[contains(text(),'Logout')]]
verify tab[[ChromeDriver: chrome on WINDOWS (1779389475f5b1b6a39a0869e4513b02)] -> xpath: //button[contains(text(),'Logout')]]
verify tab[[ChromeDriver: chrome on WINDOWS (1779389475f5b1b6a39a0869e4513b02)] -> xpath: //button[contains(text(),'Logout')]]
verify tab[[ChromeDriver: chrome on WINDOWS (1779389475f5b1b6a39a0869e4513b02)] -> xpath: //button[contains(text(),'Logout')]]
verify tab[[ChromeDriver: chrome on WINDOWS (1779389475f5b1b6a39a0869e4513b02)] -> xpath: //button[contains(text(),'Logout')]]
verify tab[[ChromeDriver: chrome on WINDOWS (1779389475f5b1b6a39a0869e4513b02)] -> xpath: //button[contains(text(),'Logout')]]
verify tab[[ChromeDriver: chrome on WINDOWS (1779389475f5b1b6a39a0869e4513b02)] -> xpath: //button[contains(text(),'Logout')]]
verify tab[[ChromeDriver: chrome on WINDOWS (1779389475f5b1b6a39a0869e4513b02)] -> xpath: //button[contains(text(),'Logout')]]
verify tab[[ChromeDriver: chrome on WINDOWS (1779389475f5b1b6a39a0869e4513b02)] -> xpath: //button[contains(text(),'Logout')]]
verify tab[[ChromeDriver: chrome on WINDOWS (1779389475f5b1b6a39a0869e4513b02)] -> xpath: //button[contains(text(),'Logout')]]
verify tab[[ChromeDriver: chrome on WINDOWS (1779389475f5b1b6a39a0869e4513b02)] -> xpath: //button[contains(text(),'Logout')]]
verify tab[[ChromeDriver: chrome on WINDOWS (1779389475f5b1b6a39a0869e4513b02)] -> xpath: //button[contains(text(),'Logout')]]
verify tab[[ChromeDriver: chrome on WINDOWS (1779389475f5b1b6a39a0869e4513b02)] -> xpath: //button[contains(text(),'Logout')]]
verify tab[[ChromeDriver: chrome on WINDOWS (1779389475f5b1b6a39a0869e4513b02)] -> xpath: //button[contains(text(),'Logout')]]
verify tab[[ChromeDriver: chrome on WINDOWS (1779389475f5b1b6a39a0869e4513b02)] -> xpath: //button[contains(text(),'Logout')]]
verify tab[[ChromeDriver: chrome on WINDOWS (1779389475f5b1b6a39a0869e4513b02)] -> xpath: //button[contains(text(),'Logout')]]
verify tab[[ChromeDriver: chrome on WINDOWS (1779389475f5b1b6a39a0869e4513b02)] -> xpath: //button[contains(text(),'Logout')]]
verify tab[[ChromeDriver: chrome on WINDOWS (1779389475f5b1b6a39a0869e4513b02)] -> xpath: //button[contains(text(),'Logout')]]
verify tab[[ChromeDriver: chrome on WINDOWS (1779389475f5b1b6a39a0869e4513b02)] -> xpath: //button[contains(text(),'Logout')]]
verify tab[[ChromeDriver: chrome on WINDOWS (1779389475f5b1b6a39a0869e4513b02)] -> xpath: //button[contains(text(),'Logout')]]
verify tab[[ChromeDriver: chrome on WINDOWS (1779389475f5b1b6a39a0869e4513b02)] -> xpath: //button[contains(text(),'Logout')]]
verify tab[[ChromeDriver: chrome on WINDOWS (1779389475f5b1b6a39a0869e4513b02)] -> xpath: //button[contains(text(),'Logout')]]
verify tab[[ChromeDriver: chrome on WINDOWS (1779389475f5b1b6a39a0869e4513b02)] -> xpath: //button[contains(text(),'Logout')]]
verify tab[[ChromeDriver: chrome on WINDOWS (1779389475f5b1b6a39a0869e4513b02)] -> xpath: //button[contains(text(),'Logout')]]
verify tab[[ChromeDriver: chrome on WINDOWS (1779389475f5b1b6a39a0869e4513b02)] -> xpath: //button[contains(text(),'Logout')]]
verify tab[[ChromeDriver: chrome on WINDOWS (1779389475f5b1b6a39a0869e4513b02)] -> xpath: //button[contains(text(),'Logout')]]
verify tab[[ChromeDriver: chrome on WINDOWS (1779389475f5b1b6a39a0869e4513b02)] -> xpath: //button[contains(text(),'Logout')]]
verify tab[[ChromeDriver: chrome on WINDOWS (1779389475f5b1b6a39a0869e4513b02)] -> xpath: //button[contains(text(),'Logout')]]
verify tab[[ChromeDriver: chrome on WINDOWS (1779389475f5b1b6a39a0869e4513b02)] -> xpath: //button[contains(text(),'Logout')]]
verify tab[[ChromeDriver: chrome on WINDOWS (1779389475f5b1b6a39a0869e4513b02)] -> xpath: //button[contains(text(),'Logout')]]
verify tab[[ChromeDriver: chrome on WINDOWS (1779389475f5b1b6a39a0869e4513b02)] -> xpath: //button[contains(text(),'Logout')]]
verify tab[[ChromeDriver: chrome on WINDOWS (1779389475f5b1b6a39a0869e4513b02)] -> xpath: //button[contains(text(),'Logout')]]
verify tab[[ChromeDriver: chrome on WINDOWS (1779389475f5b1b6a39a0869e4513b02)] -> xpath: //button[contains(text(),'Logout')]]
verify tab[[ChromeDriver: chrome on WINDOWS (1779389475f5b1b6a39a0869e4513b02)] -> xpath: //button[contains(text(),'Logout')]]
verify tab[[ChromeDriver: chrome on WINDOWS (1779389475f5b1b6a39a0869e4513b02)] -> xpath: //button[contains(text(),'Logout')]]
verify tab[[ChromeDriver: chrome on WINDOWS (1779389475f5b1b6a39a0869e4513b02)] -> xpath: //button[contains(text(),'Logout')]]
verify tab[[ChromeDriver: chrome on WINDOWS (1779389475f5b1b6a39a0869e4513b02)] -> xpath: //button[contains(text(),'Logout')]]
verify tab[[ChromeDriver: chrome on WINDOWS (1779389475f5b1b6a39a0869e4513b02)] -> xpath: //button[contains(text(),'Logout')]]
verify tab[[ChromeDriver: chrome on WINDOWS (1779389475f5b1b6a39a0869e4513b02)] -> xpath: //button[contains(text(),'Logout')]]
verify tab[[ChromeDriver: chrome on WINDOWS (1779389475f5b1b6a39a0869e4513b02)] -> xpath: //button[contains(text(),'Logout')]]
verify tab[[ChromeDriver: chrome on WINDOWS (1779389475f5b1b6a39a0869e4513b02)] -> xpath: //button[contains(text(),'Logout')]]
verify tab[[ChromeDriver: chrome on WINDOWS (1779389475f5b1b6a39a0869e4513b02)] -> xpath: //button[contains(text(),'Logout')]]
verify tab[[ChromeDriver: chrome on WINDOWS (1779389475f5b1b6a39a0869e4513b02)] -> xpath: //button[contains(text(),'Logout')]]
verify tab[[ChromeDriver: chrome on WINDOWS (1779389475f5b1b6a39a0869e4513b02)] -> xpath: //button[contains(text(),'Logout')]]
verify tab[[ChromeDriver: chrome on WINDOWS (1779389475f5b1b6a39a0869e4513b02)] -> xpath: //button[contains(text(),'Logout')]]
verify tab[[ChromeDriver: chrome on WINDOWS (1779389475f5b1b6a39a0869e4513b02)] -> xpath: //button[contains(text(),'Logout')]]
verify tab[[ChromeDriver: chrome on WINDOWS (1779389475f5b1b6a39a0869e4513b02)] -> xpath: //button[contains(text(),'Logout')]]
verify tab[[ChromeDriver: chrome on WINDOWS (1779389475f5b1b6a39a0869e4513b02)] -> xpath: //button[contains(text(),'Logout')]]
verify tab[[ChromeDriver: chrome on WINDOWS (1779389475f5b1b6a39a0869e4513b02)] -> xpath: //button[contains(text(),'Logout')]]
verify tab[[ChromeDriver: chrome on WINDOWS (1779389475f5b1b6a39a0869e4513b02)] -> xpath: //button[contains(text(),'Logout')]]
verify tab[[ChromeDriver: chrome on WINDOWS (1779389475f5b1b6a39a0869e4513b02)] -> xpath: //button[contains(text(),'Logout')]]
verify tab[[ChromeDriver: chrome on WINDOWS (1779389475f5b1b6a39a0869e4513b02)] -> xpath: //button[contains(text(),'Logout')]]
verify tab[[ChromeDriver: chrome on WINDOWS (1779389475f5b1b6a39a0869e4513b02)] -> xpath: //button[contains(text(),'Logout')]]
verify tab[[ChromeDriver: chrome on WINDOWS (1779389475f5b1b6a39a0869e4513b02)] -> xpath: //button[contains(text(),'Logout')]]
verify tab[[ChromeDriver: chrome on WINDOWS (1779389475f5b1b6a39a0869e4513b02)] -> xpath: //button[contains(text(),'Logout')]]
verify tab[[ChromeDriver: chrome on WINDOWS (1779389475f5b1b6a39a0869e4513b02)] -> xpath: //button[contains(text(),'Logout')]]
verify tab[[ChromeDriver: chrome on WINDOWS (1779389475f5b1b6a39a0869e4513b02)] -> xpath: //button[contains(text(),'Logout')]]
verify tab[[ChromeDriver: chrome on WINDOWS (1779389475f5b1b6a39a0869e4513b02)] -> xpath: //button[contains(text(),'Logout')]]
verify tab[[ChromeDriver: chrome on WINDOWS (1779389475f5b1b6a39a0869e4513b02)] -> xpath: //button[contains(text(),'Logout')]]
verify tab[[ChromeDriver: chrome on WINDOWS (1779389475f5b1b6a39a0869e4513b02)] -> xpath: //button[contains(text(),'Logout')]]
verify tab[[ChromeDriver: chrome on WINDOWS (1779389475f5b1b6a39a0869e4513b02)] -> xpath: //button[contains(text(),'Logout')]]
verify tab[[ChromeDriver: chrome on WINDOWS (1779389475f5b1b6a39a0869e4513b02)] -> xpath: //button[contains(text(),'Logout')]]
verify tab[[ChromeDriver: chrome on WINDOWS (1779389475f5b1b6a39a0869e4513b02)] -> xpath: //button[contains(text(),'Logout')]]
verify tab[[ChromeDriver: chrome on WINDOWS (1779389475f5b1b6a39a0869e4513b02)] -> xpath: //button[contains(text(),'Logout')]]
verify tab[[ChromeDriver: chrome on WINDOWS (1779389475f5b1b6a39a0869e4513b02)] -> xpath: //button[contains(text(),'Logout')]]
verify tab[[ChromeDriver: chrome on WINDOWS (1779389475f5b1b6a39a0869e4513b02)] -> xpath: //button[contains(text(),'Logout')]]
verify tab[[ChromeDriver: chrome on WINDOWS (1779389475f5b1b6a39a0869e4513b02)] -> xpath: //button[contains(text(),'Logout')]]
verify tab[[ChromeDriver: chrome on WINDOWS (1779389475f5b1b6a39a0869e4513b02)] -> xpath: //button[contains(text(),'Logout')]]
verify tab[[ChromeDriver: chrome on WINDOWS (1779389475f5b1b6a39a0869e4513b02)] -> xpath: //button[contains(text(),'Logout')]]
verify tab[[ChromeDriver: chrome on WINDOWS (1779389475f5b1b6a39a0869e4513b02)] -> xpath: //button[contains(text(),'Logout')]]
verify tab[[ChromeDriver: chrome on WINDOWS (1779389475f5b1b6a39a0869e4513b02)] -> xpath: //button[contains(text(),'Logout')]]
verify tab[[ChromeDriver: chrome on WINDOWS (1779389475f5b1b6a39a0869e4513b02)] -> xpath: //button[contains(text(),'Logout')]]
verify tab[[ChromeDriver: chrome on WINDOWS (1779389475f5b1b6a39a0869e4513b02)] -> xpath: //button[contains(text(),'Logout')]]
verify tab[[ChromeDriver: chrome on WINDOWS (1779389475f5b1b6a39a0869e4513b02)] -> xpath: //button[contains(text(),'Logout')]]
verify tab[[ChromeDriver: chrome on WINDOWS (1779389475f5b1b6a39a0869e4513b02)] -> xpath: //button[contains(text(),'Logout')]]
verify tab[[ChromeDriver: chrome on WINDOWS (1779389475f5b1b6a39a0869e4513b02)] -> xpath: //button[contains(text(),'Logout')]]
verify tab[[ChromeDriver: chrome on WINDOWS (1779389475f5b1b6a39a0869e4513b02)] -> xpath: //button[contains(text(),'Logout')]]
verify tab[[ChromeDriver: chrome on WINDOWS (1779389475f5b1b6a39a0869e4513b02)] -> xpath: //button[contains(text(),'Logout')]]
verify tab[[ChromeDriver: chrome on WINDOWS (1779389475f5b1b6a39a0869e4513b02)] -> xpath: //button[contains(text(),'Logout')]]
verify tab[[ChromeDriver: chrome on WINDOWS (1779389475f5b1b6a39a0869e4513b02)] -> xpath: //button[contains(text(),'Logout')]]
verify tab[[ChromeDriver: chrome on WINDOWS (1779389475f5b1b6a39a0869e4513b02)] -> xpath: //button[contains(text(),'Logout')]]
verify tab[[ChromeDriver: chrome on WINDOWS (1779389475f5b1b6a39a0869e4513b02)] -> xpath: //button[contains(text(),'Logout')]]
verify tab[[ChromeDriver: chrome on WINDOWS (1779389475f5b1b6a39a0869e4513b02)] -> xpath: //button[contains(text(),'Logout')]]
verify tab[[ChromeDriver: chrome on WINDOWS (1779389475f5b1b6a39a0869e4513b02)] -> xpath: //button[contains(text(),'Logout')]]
verify tab[[ChromeDriver: chrome on WINDOWS (1779389475f5b1b6a39a0869e4513b02)] -> xpath: //button[contains(text(),'Logout')]]
verify tab[[ChromeDriver: chrome on WINDOWS (1779389475f5b1b6a39a0869e4513b02)] -> xpath: //button[contains(text(),'Logout')]]
verify tab[[ChromeDriver: chrome on WINDOWS (1779389475f5b1b6a39a0869e4513b02)] -> xpath: //button[contains(text(),'Logout')]]
verify tab[[ChromeDriver: chrome on WINDOWS (1779389475f5b1b6a39a0869e4513b02)] -> xpath: //button[contains(text(),'Logout')]]
verify tab[[ChromeDriver: chrome on WINDOWS (1779389475f5b1b6a39a0869e4513b02)] -> xpath: //button[contains(text(),'Logout')]]
verify tab[[ChromeDriver: chrome on WINDOWS (1779389475f5b1b6a39a0869e4513b02)] -> xpath: //button[contains(text(),'Logout')]]
verify tab[[ChromeDriver: chrome on WINDOWS (1779389475f5b1b6a39a0869e4513b02)] -> xpath: //button[contains(text(),'Logout')]]
verify tab[[ChromeDriver: chrome on WINDOWS (1779389475f5b1b6a39a0869e4513b02)] -> xpath: //button[contains(text(),'Logout')]]
verify tab[[ChromeDriver: chrome on WINDOWS (1779389475f5b1b6a39a0869e4513b02)] -> xpath: //button[contains(text(),'Logout')]]
verify tab[[ChromeDriver: chrome on WINDOWS (1779389475f5b1b6a39a0869e4513b02)] -> xpath: //button[contains(text(),'Logout')]]
verify tab[[ChromeDriver: chrome on WINDOWS (1779389475f5b1b6a39a0869e4513b02)] -> xpath: //button[contains(text(),'Logout')]]
verify tab[[ChromeDriver: chrome on WINDOWS (1779389475f5b1b6a39a0869e4513b02)] -> xpath: //button[contains(text(),'Logout')]]
verify tab[[ChromeDriver: chrome on WINDOWS (1779389475f5b1b6a39a0869e4513b02)] -> xpath: //button[contains(text(),'Logout')]]
verify tab[[ChromeDriver: chrome on WINDOWS (1779389475f5b1b6a39a0869e4513b02)] -> xpath: //button[contains(text(),'Logout')]]
verify tab[[ChromeDriver: chrome on WINDOWS (1779389475f5b1b6a39a0869e4513b02)] -> xpath: //button[contains(text(),'Logout')]]
verify tab[[ChromeDriver: chrome on WINDOWS (1779389475f5b1b6a39a0869e4513b02)] -> xpath: //button[contains(text(),'Logout')]]
verify tab[[ChromeDriver: chrome on WINDOWS (1779389475f5b1b6a39a0869e4513b02)] -> xpath: //button[contains(text(),'Logout')]]
verify tab[[ChromeDriver: chrome on WINDOWS (1779389475f5b1b6a39a0869e4513b02)] -> xpath: //button[contains(text(),'Logout')]]
verify tab[[ChromeDriver: chrome on WINDOWS (1779389475f5b1b6a39a0869e4513b02)] -> xpath: //button[contains(text(),'Logout')]]
verify tab[[ChromeDriver: chrome on WINDOWS (1779389475f5b1b6a39a0869e4513b02)] -> xpath: //button[contains(text(),'Logout')]]
verify tab[[ChromeDriver: chrome on WINDOWS (1779389475f5b1b6a39a0869e4513b02)] -> xpath: //button[contains(text(),'Logout')]]
verify tab[[ChromeDriver: chrome on WINDOWS (1779389475f5b1b6a39a0869e4513b02)] -> xpath: //button[contains(text(),'Logout')]]
verify tab[[ChromeDriver: chrome on WINDOWS (1779389475f5b1b6a39a0869e4513b02)] -> xpath: //button[contains(text(),'Logout')]]
verify tab[[ChromeDriver: chrome on WINDOWS (1779389475f5b1b6a39a0869e4513b02)] -> xpath: //button[contains(text(),'Logout')]]
verify tab[[ChromeDriver: chrome on WINDOWS (1779389475f5b1b6a39a0869e4513b02)] -> xpath: //button[contains(text(),'Logout')]]
verify tab[[ChromeDriver: chrome on WINDOWS (1779389475f5b1b6a39a0869e4513b02)] -> xpath: //button[contains(text(),'Logout')]]
verify tab[[ChromeDriver: chrome on WINDOWS (1779389475f5b1b6a39a0869e4513b02)] -> xpath: //button[contains(text(),'Logout')]]
verify tab[[ChromeDriver: chrome on WINDOWS (1779389475f5b1b6a39a0869e4513b02)] -> xpath: //button[contains(text(),'Logout')]]
verify tab[[ChromeDriver: chrome on WINDOWS (1779389475f5b1b6a39a0869e4513b02)] -> xpath: //button[contains(text(),'Logout')]]
verify tab[[ChromeDriver: chrome on WINDOWS (1779389475f5b1b6a39a0869e4513b02)] -> xpath: //button[contains(text(),'Logout')]]
verify tab[[ChromeDriver: chrome on WINDOWS (1779389475f5b1b6a39a0869e4513b02)] -> xpath: //button[contains(text(),'Logout')]]
verify tab[[ChromeDriver: chrome on WINDOWS (1779389475f5b1b6a39a0869e4513b02)] -> xpath: //button[contains(text(),'Logout')]]
verify tab[[ChromeDriver: chrome on WINDOWS (1779389475f5b1b6a39a0869e4513b02)] -> xpath: //button[contains(text(),'Logout')]]
verify tab[[ChromeDriver: chrome on WINDOWS (1779389475f5b1b6a39a0869e4513b02)] -> xpath: //button[contains(text(),'Logout')]]
verify tab[[ChromeDriver: chrome on WINDOWS (1779389475f5b1b6a39a0869e4513b02)] -> xpath: //button[contains(text(),'Logout')]]
verify tab[[ChromeDriver: chrome on WINDOWS (1779389475f5b1b6a39a0869e4513b02)] -> xpath: //button[contains(text(),'Logout')]]
verify tab[[ChromeDriver: chrome on WINDOWS (1779389475f5b1b6a39a0869e4513b02)] -> xpath: //button[contains(text(),'Logout')]]
verify tab[[ChromeDriver: chrome on WINDOWS (1779389475f5b1b6a39a0869e4513b02)] -> xpath: //button[contains(text(),'Logout')]]
verify tab[[ChromeDriver: chrome on WINDOWS (1779389475f5b1b6a39a0869e4513b02)] -> xpath: //button[contains(text(),'Logout')]]
verify tab[[ChromeDriver: chrome on WINDOWS (1779389475f5b1b6a39a0869e4513b02)] -> xpath: //button[contains(text(),'Logout')]]
verify tab[[ChromeDriver: chrome on WINDOWS (1779389475f5b1b6a39a0869e4513b02)] -> xpath: //button[contains(text(),'Logout')]]
verify tab[[ChromeDriver: chrome on WINDOWS (1779389475f5b1b6a39a0869e4513b02)] -> xpath: //button[contains(text(),'Logout')]]
verify tab[[ChromeDriver: chrome on WINDOWS (1779389475f5b1b6a39a0869e4513b02)] -> xpath: //button[contains(text(),'Logout')]]
verify tab[[ChromeDriver: chrome on WINDOWS (1779389475f5b1b6a39a0869e4513b02)] -> xpath: //button[contains(text(),'Logout')]]
verify tab[[ChromeDriver: chrome on WINDOWS (1779389475f5b1b6a39a0869e4513b02)] -> xpath: //button[contains(text(),'Logout')]]
verify tab[[ChromeDriver: chrome on WINDOWS (1779389475f5b1b6a39a0869e4513b02)] -> xpath: //button[contains(text(),'Logout')]]
verify tab[[ChromeDriver: chrome on WINDOWS (1779389475f5b1b6a39a0869e4513b02)] -> xpath: //button[contains(text(),'Logout')]]
verify tab[[ChromeDriver: chrome on WINDOWS (1779389475f5b1b6a39a0869e4513b02)] -> xpath: //button[contains(text(),'Logout')]]
verify tab[[ChromeDriver: chrome on WINDOWS (1779389475f5b1b6a39a0869e4513b02)] -> xpath: //button[contains(text(),'Logout')]]
verify tab[[ChromeDriver: chrome on WINDOWS (1779389475f5b1b6a39a0869e4513b02)] -> xpath: //button[contains(text(),'Logout')]]
verify tab[[ChromeDriver: chrome on WINDOWS (1779389475f5b1b6a39a0869e4513b02)] -> xpath: //button[contains(text(),'Logout')]]
verify tab[[ChromeDriver: chrome on WINDOWS (1779389475f5b1b6a39a0869e4513b02)] -> xpath: //button[contains(text(),'Logout')]]
verify tab[[ChromeDriver: chrome on WINDOWS (1779389475f5b1b6a39a0869e4513b02)] -> xpath: //button[contains(text(),'Logout')]]
verify tab[[ChromeDriver: chrome on WINDOWS (1779389475f5b1b6a39a0869e4513b02)] -> xpath: //button[contains(text(),'Logout')]]
verify tab[[ChromeDriver: chrome on WINDOWS (1779389475f5b1b6a39a0869e4513b02)] -> xpath: //button[contains(text(),'Logout')]]
verify tab[[ChromeDriver: chrome on WINDOWS (1779389475f5b1b6a39a0869e4513b02)] -> xpath: //button[contains(text(),'Logout')]]
verify tab[[ChromeDriver: chrome on WINDOWS (1779389475f5b1b6a39a0869e4513b02)] -> xpath: //button[contains(text(),'Logout')]]
verify tab[[ChromeDriver: chrome on WINDOWS (1779389475f5b1b6a39a0869e4513b02)] -> xpath: //button[contains(text(),'Logout')]]
verify tab[[ChromeDriver: chrome on WINDOWS (1779389475f5b1b6a39a0869e4513b02)] -> xpath: //button[contains(text(),'Logout')]]
verify tab[[ChromeDriver: chrome on WINDOWS (1779389475f5b1b6a39a0869e4513b02)] -> xpath: //button[contains(text(),'Logout')]]
verify tab[[ChromeDriver: chrome on WINDOWS (1779389475f5b1b6a39a0869e4513b02)] -> xpath: //button[contains(text(),'Logout')]]
verify tab[[ChromeDriver: chrome on WINDOWS (1779389475f5b1b6a39a0869e4513b02)] -> xpath: //button[contains(text(),'Logout')]]
verify tab[[ChromeDriver: chrome on WINDOWS (1779389475f5b1b6a39a0869e4513b02)] -> xpath: //button[contains(text(),'Logout')]]
verify tab[[ChromeDriver: chrome on WINDOWS (1779389475f5b1b6a39a0869e4513b02)] -> xpath: //button[contains(text(),'Logout')]]
verify tab[[ChromeDriver: chrome on WINDOWS (1779389475f5b1b6a39a0869e4513b02)] -> xpath: //button[contains(text(),'Logout')]]
verify tab[[ChromeDriver: chrome on WINDOWS (1779389475f5b1b6a39a0869e4513b02)] -> xpath: //button[contains(text(),'Logout')]]
verify tab[[ChromeDriver: chrome on WINDOWS (1779389475f5b1b6a39a0869e4513b02)] -> xpath: //button[contains(text(),'Logout')]]
verify tab[[ChromeDriver: chrome on WINDOWS (1779389475f5b1b6a39a0869e4513b02)] -> xpath: //button[contains(text(),'Logout')]]
verify tab[[ChromeDriver: chrome on WINDOWS (1779389475f5b1b6a39a0869e4513b02)] -> xpath: //button[contains(text(),'Logout')]]
verify tab[[ChromeDriver: chrome on WINDOWS (1779389475f5b1b6a39a0869e4513b02)] -> xpath: //button[contains(text(),'Logout')]]
verify tab[[ChromeDriver: chrome on WINDOWS (1779389475f5b1b6a39a0869e4513b02)] -> xpath: //button[contains(text(),'Logout')]]
verify tab[[ChromeDriver: chrome on WINDOWS (1779389475f5b1b6a39a0869e4513b02)] -> xpath: //button[contains(text(),'Logout')]]
verify tab[[ChromeDriver: chrome on WINDOWS (1779389475f5b1b6a39a0869e4513b02)] -> xpath: //button[contains(text(),'Logout')]]
verify tab[[ChromeDriver: chrome on WINDOWS (1779389475f5b1b6a39a0869e4513b02)] -> xpath: //button[contains(text(),'Logout')]]
verify tab[[ChromeDriver: chrome on WINDOWS (1779389475f5b1b6a39a0869e4513b02)] -> xpath: //button[contains(text(),'Logout')]]
verify tab[[ChromeDriver: chrome on WINDOWS (1779389475f5b1b6a39a0869e4513b02)] -> xpath: //button[contains(text(),'Logout')]]
verify tab[[ChromeDriver: chrome on WINDOWS (1779389475f5b1b6a39a0869e4513b02)] -> xpath: //button[contains(text(),'Logout')]]
verify tab[[ChromeDriver: chrome on WINDOWS (1779389475f5b1b6a39a0869e4513b02)] -> xpath: //button[contains(text(),'Logout')]]
verify tab[[ChromeDriver: chrome on WINDOWS (1779389475f5b1b6a39a0869e4513b02)] -> xpath: //button[contains(text(),'Logout')]]
verify tab[[ChromeDriver: chrome on WINDOWS (1779389475f5b1b6a39a0869e4513b02)] -> xpath: //button[contains(text(),'Logout')]]
verify tab[[ChromeDriver: chrome on WINDOWS (1779389475f5b1b6a39a0869e4513b02)] -> xpath: //button[contains(text(),'Logout')]]
verify tab[[ChromeDriver: chrome on WINDOWS (1779389475f5b1b6a39a0869e4513b02)] -> xpath: //button[contains(text(),'Logout')]]
verify tab[[ChromeDriver: chrome on WINDOWS (1779389475f5b1b6a39a0869e4513b02)] -> xpath: //button[contains(text(),'Logout')]]
verify tab[[ChromeDriver: chrome on WINDOWS (1779389475f5b1b6a39a0869e4513b02)] -> xpath: //button[contains(text(),'Logout')]]
verify tab[[ChromeDriver: chrome on WINDOWS (1779389475f5b1b6a39a0869e4513b02)] -> xpath: //button[contains(text(),'Logout')]]
verify tab[[ChromeDriver: chrome on WINDOWS (1779389475f5b1b6a39a0869e4513b02)] -> xpath: //button[contains(text(),'Logout')]]
verify tab[[ChromeDriver: chrome on WINDOWS (1779389475f5b1b6a39a0869e4513b02)] -> xpath: //button[contains(text(),'Logout')]]
verify tab[[ChromeDriver: chrome on WINDOWS (1779389475f5b1b6a39a0869e4513b02)] -> xpath: //button[contains(text(),'Logout')]]
verify tab[[ChromeDriver: chrome on WINDOWS (1779389475f5b1b6a39a0869e4513b02)] -> xpath: //button[contains(text(),'Logout')]]
verify tab[[ChromeDriver: chrome on WINDOWS (1779389475f5b1b6a39a0869e4513b02)] -> xpath: //button[contains(text(),'Logout')]]
verify tab[[ChromeDriver: chrome on WINDOWS (1779389475f5b1b6a39a0869e4513b02)] -> xpath: //button[contains(text(),'Logout')]]
verify tab[[ChromeDriver: chrome on WINDOWS (1779389475f5b1b6a39a0869e4513b02)] -> xpath: //button[contains(text(),'Logout')]]
verify tab[[ChromeDriver: chrome on WINDOWS (1779389475f5b1b6a39a0869e4513b02)] -> xpath: //button[contains(text(),'Logout')]]
verify tab[[ChromeDriver: chrome on WINDOWS (1779389475f5b1b6a39a0869e4513b02)] -> xpath: //button[contains(text(),'Logout')]]
verify tab[[ChromeDriver: chrome on WINDOWS (1779389475f5b1b6a39a0869e4513b02)] -> xpath: //button[contains(text(),'Logout')]]
verify tab[[ChromeDriver: chrome on WINDOWS (1779389475f5b1b6a39a0869e4513b02)] -> xpath: //button[contains(text(),'Logout')]]
verify tab[[ChromeDriver: chrome on WINDOWS (1779389475f5b1b6a39a0869e4513b02)] -> xpath: //button[contains(text(),'Logout')]]
verify tab[[ChromeDriver: chrome on WINDOWS (1779389475f5b1b6a39a0869e4513b02)] -> xpath: //button[contains(text(),'Logout')]]
verify tab[[ChromeDriver: chrome on WINDOWS (1779389475f5b1b6a39a0869e4513b02)] -> xpath: //button[contains(text(),'Logout')]]
verify tab[[ChromeDriver: chrome on WINDOWS (1779389475f5b1b6a39a0869e4513b02)] -> xpath: //button[contains(text(),'Logout')]]
verify tab[[ChromeDriver: chrome on WINDOWS (1779389475f5b1b6a39a0869e4513b02)] -> xpath: //button[contains(text(),'Logout')]]
verify tab[[ChromeDriver: chrome on WINDOWS (1779389475f5b1b6a39a0869e4513b02)] -> xpath: //button[contains(text(),'Logout')]]
verify tab[[ChromeDriver: chrome on WINDOWS (1779389475f5b1b6a39a0869e4513b02)] -> xpath: //button[contains(text(),'Logout')]]
verify tab[[ChromeDriver: chrome on WINDOWS (1779389475f5b1b6a39a0869e4513b02)] -> xpath: //button[contains(text(),'Logout')]]
verify tab[[ChromeDriver: chrome on WINDOWS (1779389475f5b1b6a39a0869e4513b02)] -> xpath: //button[contains(text(),'Logout')]]
verify tab[[ChromeDriver: chrome on WINDOWS (1779389475f5b1b6a39a0869e4513b02)] -> xpath: //button[contains(text(),'Logout')]]
verify tab[[ChromeDriver: chrome on WINDOWS (1779389475f5b1b6a39a0869e4513b02)] -> xpath: //button[contains(text(),'Logout')]]
verify tab[[ChromeDriver: chrome on WINDOWS (1779389475f5b1b6a39a0869e4513b02)] -> xpath: //button[contains(text(),'Logout')]]
verify tab[[ChromeDriver: chrome on WINDOWS (1779389475f5b1b6a39a0869e4513b02)] -> xpath: //button[contains(text(),'Logout')]]
verify tab[[ChromeDriver: chrome on WINDOWS (1779389475f5b1b6a39a0869e4513b02)] -> xpath: //button[contains(text(),'Logout')]]
verify tab[[ChromeDriver: chrome on WINDOWS (1779389475f5b1b6a39a0869e4513b02)] -> xpath: //button[contains(text(),'Logout')]]
verify tab[[ChromeDriver: chrome on WINDOWS (1779389475f5b1b6a39a0869e4513b02)] -> xpath: //button[contains(text(),'Logout')]]
verify tab[[ChromeDriver: chrome on WINDOWS (1779389475f5b1b6a39a0869e4513b02)] -> xpath: //button[contains(text(),'Logout')]]
verify tab[[ChromeDriver: chrome on WINDOWS (1779389475f5b1b6a39a0869e4513b02)] -> xpath: //button[contains(text(),'Logout')]]
verify tab[[ChromeDriver: chrome on WINDOWS (1779389475f5b1b6a39a0869e4513b02)] -> xpath: //button[contains(text(),'Logout')]]
verify tab[[ChromeDriver: chrome on WINDOWS (1779389475f5b1b6a39a0869e4513b02)] -> xpath: //button[contains(text(),'Logout')]]
verify tab[[ChromeDriver: chrome on WINDOWS (1779389475f5b1b6a39a0869e4513b02)] -> xpath: //button[contains(text(),'Logout')]]
verify tab[[ChromeDriver: chrome on WINDOWS (1779389475f5b1b6a39a0869e4513b02)] -> xpath: //button[contains(text(),'Logout')]]
verify tab[[ChromeDriver: chrome on WINDOWS (1779389475f5b1b6a39a0869e4513b02)] -> xpath: //button[contains(text(),'Logout')]]
verify tab[[ChromeDriver: chrome on WINDOWS (1779389475f5b1b6a39a0869e4513b02)] -> xpath: //button[contains(text(),'Logout')]]
verify tab[[ChromeDriver: chrome on WINDOWS (1779389475f5b1b6a39a0869e4513b02)] -> xpath: //button[contains(text(),'Logout')]]
verify tab[[ChromeDriver: chrome on WINDOWS (1779389475f5b1b6a39a0869e4513b02)] -> xpath: //button[contains(text(),'Logout')]]
verify tab[[ChromeDriver: chrome on WINDOWS (1779389475f5b1b6a39a0869e4513b02)] -> xpath: //button[contains(text(),'Logout')]]
verify tab[[ChromeDriver: chrome on WINDOWS (1779389475f5b1b6a39a0869e4513b02)] -> xpath: //button[contains(text(),'Logout')]]
verify tab[[ChromeDriver: chrome on WINDOWS (1779389475f5b1b6a39a0869e4513b02)] -> xpath: //button[contains(text(),'Logout')]]
verify tab[[ChromeDriver: chrome on WINDOWS (1779389475f5b1b6a39a0869e4513b02)] -> xpath: //button[contains(text(),'Logout')]]
verify tab[[ChromeDriver: chrome on WINDOWS (1779389475f5b1b6a39a0869e4513b02)] -> xpath: //button[contains(text(),'Logout')]]
verify tab[[ChromeDriver: chrome on WINDOWS (1779389475f5b1b6a39a0869e4513b02)] -> xpath: //button[contains(text(),'Logout')]]
verify tab[[ChromeDriver: chrome on WINDOWS (1779389475f5b1b6a39a0869e4513b02)] -> xpath: //button[contains(text(),'Logout')]]
verify tab[[ChromeDriver: chrome on WINDOWS (1779389475f5b1b6a39a0869e4513b02)] -> xpath: //button[contains(text(),'Logout')]]
verify tab[[ChromeDriver: chrome on WINDOWS (1779389475f5b1b6a39a0869e4513b02)] -> xpath: //button[contains(text(),'Logout')]]
verify tab[[ChromeDriver: chrome on WINDOWS (1779389475f5b1b6a39a0869e4513b02)] -> xpath: //button[contains(text(),'Logout')]]
verify tab[[ChromeDriver: chrome on WINDOWS (1779389475f5b1b6a39a0869e4513b02)] -> xpath: //button[contains(text(),'Logout')]]
verify tab[[ChromeDriver: chrome on WINDOWS (1779389475f5b1b6a39a0869e4513b02)] -> xpath: //button[contains(text(),'Logout')]]
verify tab[[ChromeDriver: chrome on WINDOWS (1779389475f5b1b6a39a0869e4513b02)] -> xpath: //button[contains(text(),'Logout')]]
verify tab[[ChromeDriver: chrome on WINDOWS (1779389475f5b1b6a39a0869e4513b02)] -> xpath: //button[contains(text(),'Logout')]]
verify tab[[ChromeDriver: chrome on WINDOWS (1779389475f5b1b6a39a0869e4513b02)] -> xpath: //button[contains(text(),'Logout')]]
verify tab[[ChromeDriver: chrome on WINDOWS (1779389475f5b1b6a39a0869e4513b02)] -> xpath: //button[contains(text(),'Logout')]]
verify tab[[ChromeDriver: chrome on WINDOWS (1779389475f5b1b6a39a0869e4513b02)] -> xpath: //button[contains(text(),'Logout')]]
verify tab[[ChromeDriver: chrome on WINDOWS (1779389475f5b1b6a39a0869e4513b02)] -> xpath: //button[contains(text(),'Logout')]]
verify tab[[ChromeDriver: chrome on WINDOWS (1779389475f5b1b6a39a0869e4513b02)] -> xpath: //button[contains(text(),'Logout')]]
verify tab[[ChromeDriver: chrome on WINDOWS (1779389475f5b1b6a39a0869e4513b02)] -> xpath: //button[contains(text(),'Logout')]]
verify tab[[ChromeDriver: chrome on WINDOWS (1779389475f5b1b6a39a0869e4513b02)] -> xpath: //button[contains(text(),'Logout')]]
verify tab[[ChromeDriver: chrome on WINDOWS (1779389475f5b1b6a39a0869e4513b02)] -> xpath: //button[contains(text(),'Logout')]]
verify tab[[ChromeDriver: chrome on WINDOWS (1779389475f5b1b6a39a0869e4513b02)] -> xpath: //button[contains(text(),'Logout')]]
verify tab[[ChromeDriver: chrome on WINDOWS (1779389475f5b1b6a39a0869e4513b02)] -> xpath: //button[contains(text(),'Logout')]]
verify tab[[ChromeDriver: chrome on WINDOWS (1779389475f5b1b6a39a0869e4513b02)] -> xpath: //button[contains(text(),'Logout')]]
verify tab[[ChromeDriver: chrome on WINDOWS (1779389475f5b1b6a39a0869e4513b02)] -> xpath: //button[contains(text(),'Logout')]]
verify tab[[ChromeDriver: chrome on WINDOWS (1779389475f5b1b6a39a0869e4513b02)] -> xpath: //button[contains(text(),'Logout')]]
verify tab[[ChromeDriver: chrome on WINDOWS (1779389475f5b1b6a39a0869e4513b02)] -> xpath: //button[contains(text(),'Logout')]]
verify tab[[ChromeDriver: chrome on WINDOWS (1779389475f5b1b6a39a0869e4513b02)] -> xpath: //button[contains(text(),'Logout')]]
verify tab[[ChromeDriver: chrome on WINDOWS (1779389475f5b1b6a39a0869e4513b02)] -> xpath: //button[contains(text(),'Logout')]]
verify tab[[ChromeDriver: chrome on WINDOWS (1779389475f5b1b6a39a0869e4513b02)] -> xpath: //button[contains(text(),'Logout')]]
verify tab[[ChromeDriver: chrome on WINDOWS (1779389475f5b1b6a39a0869e4513b02)] -> xpath: //button[contains(text(),'Logout')]]
verify tab[[ChromeDriver: chrome on WINDOWS (1779389475f5b1b6a39a0869e4513b02)] -> xpath: //button[contains(text(),'Logout')]]
verify tab[[ChromeDriver: chrome on WINDOWS (1779389475f5b1b6a39a0869e4513b02)] -> xpath: //button[contains(text(),'Logout')]]
verify tab[[ChromeDriver: chrome on WINDOWS (1779389475f5b1b6a39a0869e4513b02)] -> xpath: //button[contains(text(),'Logout')]]
verify tab[[ChromeDriver: chrome on WINDOWS (1779389475f5b1b6a39a0869e4513b02)] -> xpath: //button[contains(text(),'Logout')]]
verify tab[[ChromeDriver: chrome on WINDOWS (1779389475f5b1b6a39a0869e4513b02)] -> xpath: //button[contains(text(),'Logout')]]
verify tab[[ChromeDriver: chrome on WINDOWS (1779389475f5b1b6a39a0869e4513b02)] -> xpath: //button[contains(text(),'Logout')]]
verify tab[[ChromeDriver: chrome on WINDOWS (1779389475f5b1b6a39a0869e4513b02)] -> xpath: //button[contains(text(),'Logout')]]
verify tab[[ChromeDriver: chrome on WINDOWS (1779389475f5b1b6a39a0869e4513b02)] -> xpath: //button[contains(text(),'Logout')]]
verify tab[[ChromeDriver: chrome on WINDOWS (1779389475f5b1b6a39a0869e4513b02)] -> xpath: //button[contains(text(),'Logout')]]
verify tab[[ChromeDriver: chrome on WINDOWS (1779389475f5b1b6a39a0869e4513b02)] -> xpath: //button[contains(text(),'Logout')]]
verify tab[[ChromeDriver: chrome on WINDOWS (1779389475f5b1b6a39a0869e4513b02)] -> xpath: //button[contains(text(),'Logout')]]
verify tab[[ChromeDriver: chrome on WINDOWS (1779389475f5b1b6a39a0869e4513b02)] -> xpath: //button[contains(text(),'Logout')]]
verify tab[[ChromeDriver: chrome on WINDOWS (1779389475f5b1b6a39a0869e4513b02)] -> xpath: //button[contains(text(),'Logout')]]
verify tab[[ChromeDriver: chrome on WINDOWS (1779389475f5b1b6a39a0869e4513b02)] -> xpath: //button[contains(text(),'Logout')]]
verify tab[[ChromeDriver: chrome on WINDOWS (1779389475f5b1b6a39a0869e4513b02)] -> xpath: //button[contains(text(),'Logout')]]
verify tab[[ChromeDriver: chrome on WINDOWS (1779389475f5b1b6a39a0869e4513b02)] -> xpath: //button[contains(text(),'Logout')]]
verify tab[[ChromeDriver: chrome on WINDOWS (1779389475f5b1b6a39a0869e4513b02)] -> xpath: //button[contains(text(),'Logout')]]
verify tab[[ChromeDriver: chrome on WINDOWS (1779389475f5b1b6a39a0869e4513b02)] -> xpath: //button[contains(text(),'Logout')]]
verify tab[[ChromeDriver: chrome on WINDOWS (1779389475f5b1b6a39a0869e4513b02)] -> xpath: //button[contains(text(),'Logout')]]
verify tab[[ChromeDriver: chrome on WINDOWS (1779389475f5b1b6a39a0869e4513b02)] -> xpath: //button[contains(text(),'Logout')]]
verify tab[[ChromeDriver: chrome on WINDOWS (1779389475f5b1b6a39a0869e4513b02)] -> xpath: //button[contains(text(),'Logout')]]
verify tab[[ChromeDriver: chrome on WINDOWS (1779389475f5b1b6a39a0869e4513b02)] -> xpath: //button[contains(text(),'Logout')]]
verify tab[[ChromeDriver: chrome on WINDOWS (1779389475f5b1b6a39a0869e4513b02)] -> xpath: //button[contains(text(),'Logout')]]
verify tab[[ChromeDriver: chrome on WINDOWS (1779389475f5b1b6a39a0869e4513b02)] -> xpath: //button[contains(text(),'Logout')]]
verify tab[[ChromeDriver: chrome on WINDOWS (1779389475f5b1b6a39a0869e4513b02)] -> xpath: //button[contains(text(),'Logout')]]
verify tab[[ChromeDriver: chrome on WINDOWS (1779389475f5b1b6a39a0869e4513b02)] -> xpath: //button[contains(text(),'Logout')]]
verify tab[[ChromeDriver: chrome on WINDOWS (1779389475f5b1b6a39a0869e4513b02)] -> xpath: //button[contains(text(),'Logout')]]
verify tab[[ChromeDriver: chrome on WINDOWS (1779389475f5b1b6a39a0869e4513b02)] -> xpath: //button[contains(text(),'Logout')]]
verify tab[[ChromeDriver: chrome on WINDOWS (1779389475f5b1b6a39a0869e4513b02)] -> xpath: //button[contains(text(),'Logout')]]
verify tab[[ChromeDriver: chrome on WINDOWS (1779389475f5b1b6a39a0869e4513b02)] -> xpath: //button[contains(text(),'Logout')]]
verify tab[[ChromeDriver: chrome on WINDOWS (1779389475f5b1b6a39a0869e4513b02)] -> xpath: //button[contains(text(),'Logout')]]
verify tab[[ChromeDriver: chrome on WINDOWS (1779389475f5b1b6a39a0869e4513b02)] -> xpath: //button[contains(text(),'Logout')]]
verify tab[[ChromeDriver: chrome on WINDOWS (1779389475f5b1b6a39a0869e4513b02)] -> xpath: //button[contains(text(),'Logout')]]
verify tab[[ChromeDriver: chrome on WINDOWS (1779389475f5b1b6a39a0869e4513b02)] -> xpath: //button[contains(text(),'Logout')]]
verify tab[[ChromeDriver: chrome on WINDOWS (1779389475f5b1b6a39a0869e4513b02)] -> xpath: //button[contains(text(),'Logout')]]
verify tab[[ChromeDriver: chrome on WINDOWS (1779389475f5b1b6a39a0869e4513b02)] -> xpath: //button[contains(text(),'Logout')]]
verify tab[[ChromeDriver: chrome on WINDOWS (1779389475f5b1b6a39a0869e4513b02)] -> xpath: //button[contains(text(),'Logout')]]
verify tab[[ChromeDriver: chrome on WINDOWS (1779389475f5b1b6a39a0869e4513b02)] -> xpath: //button[contains(text(),'Logout')]]
verify tab[[ChromeDriver: chrome on WINDOWS (1779389475f5b1b6a39a0869e4513b02)] -> xpath: //button[contains(text(),'Logout')]]
verify tab[[ChromeDriver: chrome on WINDOWS (1779389475f5b1b6a39a0869e4513b02)] -> xpath: //button[contains(text(),'Logout')]]
verify tab[[ChromeDriver: chrome on WINDOWS (1779389475f5b1b6a39a0869e4513b02)] -> xpath: //button[contains(text(),'Logout')]]
verify tab[[ChromeDriver: chrome on WINDOWS (1779389475f5b1b6a39a0869e4513b02)] -> xpath: //button[contains(text(),'Logout')]]
verify tab[[ChromeDriver: chrome on WINDOWS (1779389475f5b1b6a39a0869e4513b02)] -> xpath: //button[contains(text(),'Logout')]]
verify tab[[ChromeDriver: chrome on WINDOWS (1779389475f5b1b6a39a0869e4513b02)] -> xpath: //button[contains(text(),'Logout')]]
verify tab[[ChromeDriver: chrome on WINDOWS (1779389475f5b1b6a39a0869e4513b02)] -> xpath: //button[contains(text(),'Logout')]]
verify tab[[ChromeDriver: chrome on WINDOWS (1779389475f5b1b6a39a0869e4513b02)] -> xpath: //button[contains(text(),'Logout')]]
verify tab[[ChromeDriver: chrome on WINDOWS (1779389475f5b1b6a39a0869e4513b02)] -> xpath: //button[contains(text(),'Logout')]]
verify tab[[ChromeDriver: chrome on WINDOWS (1779389475f5b1b6a39a0869e4513b02)] -> xpath: //button[contains(text(),'Logout')]]
verify tab[[ChromeDriver: chrome on WINDOWS (1779389475f5b1b6a39a0869e4513b02)] -> xpath: //button[contains(text(),'Logout')]]
verify tab[[ChromeDriver: chrome on WINDOWS (1779389475f5b1b6a39a0869e4513b02)] -> xpath: //button[contains(text(),'Logout')]]
verify tab[[ChromeDriver: chrome on WINDOWS (1779389475f5b1b6a39a0869e4513b02)] -> xpath: //button[contains(text(),'Logout')]]
verify tab[[ChromeDriver: chrome on WINDOWS (1779389475f5b1b6a39a0869e4513b02)] -> xpath: //button[contains(text(),'Logout')]]
verify tab[[ChromeDriver: chrome on WINDOWS (1779389475f5b1b6a39a0869e4513b02)] -> xpath: //button[contains(text(),'Logout')]]
verify tab[[ChromeDriver: chrome on WINDOWS (1779389475f5b1b6a39a0869e4513b02)] -> xpath: //button[contains(text(),'Logout')]]
verify tab[[ChromeDriver: chrome on WINDOWS (1779389475f5b1b6a39a0869e4513b02)] -> xpath: //button[contains(text(),'Logout')]]
verify tab[[ChromeDriver: chrome on WINDOWS (1779389475f5b1b6a39a0869e4513b02)] -> xpath: //button[contains(text(),'Logout')]]
verify tab[[ChromeDriver: chrome on WINDOWS (1779389475f5b1b6a39a0869e4513b02)] -> xpath: //button[contains(text(),'Logout')]]
verify tab[[ChromeDriver: chrome on WINDOWS (1779389475f5b1b6a39a0869e4513b02)] -> xpath: //button[contains(text(),'Logout')]]
verify tab[[ChromeDriver: chrome on WINDOWS (1779389475f5b1b6a39a0869e4513b02)] -> xpath: //button[contains(text(),'Logout')]]
verify tab[[ChromeDriver: chrome on WINDOWS (1779389475f5b1b6a39a0869e4513b02)] -> xpath: //button[contains(text(),'Logout')]]
verify tab[[ChromeDriver: chrome on WINDOWS (1779389475f5b1b6a39a0869e4513b02)] -> xpath: //button[contains(text(),'Logout')]]
verify tab[[ChromeDriver: chrome on WINDOWS (1779389475f5b1b6a39a0869e4513b02)] -> xpath: //button[contains(text(),'Logout')]]
verify tab[[ChromeDriver: chrome on WINDOWS (1779389475f5b1b6a39a0869e4513b02)] -> xpath: //button[contains(text(),'Logout')]]
verify tab[[ChromeDriver: chrome on WINDOWS (1779389475f5b1b6a39a0869e4513b02)] -> xpath: //button[contains(text(),'Logout')]]
verify tab[[ChromeDriver: chrome on WINDOWS (1779389475f5b1b6a39a0869e4513b02)] -> xpath: //button[contains(text(),'Logout')]]
verify tab[[ChromeDriver: chrome on WINDOWS (1779389475f5b1b6a39a0869e4513b02)] -> xpath: //button[contains(text(),'Logout')]]
verify tab[[ChromeDriver: chrome on WINDOWS (1779389475f5b1b6a39a0869e4513b02)] -> xpath: //button[contains(text(),'Logout')]]
verify tab[[ChromeDriver: chrome on WINDOWS (1779389475f5b1b6a39a0869e4513b02)] -> xpath: //button[contains(text(),'Logout')]]
verify tab[[ChromeDriver: chrome on WINDOWS (1779389475f5b1b6a39a0869e4513b02)] -> xpath: //button[contains(text(),'Logout')]]
verify tab[[ChromeDriver: chrome on WINDOWS (1779389475f5b1b6a39a0869e4513b02)] -> xpath: //button[contains(text(),'Logout')]]
verify tab[[ChromeDriver: chrome on WINDOWS (1779389475f5b1b6a39a0869e4513b02)] -> xpath: //button[contains(text(),'Logout')]]
verify tab[[ChromeDriver: chrome on WINDOWS (1779389475f5b1b6a39a0869e4513b02)] -> xpath: //button[contains(text(),'Logout')]]
verify tab[[ChromeDriver: chrome on WINDOWS (1779389475f5b1b6a39a0869e4513b02)] -> xpath: //button[contains(text(),'Logout')]]
verify tab[[ChromeDriver: chrome on WINDOWS (1779389475f5b1b6a39a0869e4513b02)] -> xpath: //button[contains(text(),'Logout')]]
verify tab[[ChromeDriver: chrome on WINDOWS (1779389475f5b1b6a39a0869e4513b02)] -> xpath: //button[contains(text(),'Logout')]]
verify tab[[ChromeDriver: chrome on WINDOWS (1779389475f5b1b6a39a0869e4513b02)] -> xpath: //button[contains(text(),'Logout')]]
verify tab[[ChromeDriver: chrome on WINDOWS (1779389475f5b1b6a39a0869e4513b02)] -> xpath: //button[contains(text(),'Logout')]]
verify tab[[ChromeDriver: chrome on WINDOWS (1779389475f5b1b6a39a0869e4513b02)] -> xpath: //button[contains(text(),'Logout')]]
verify tab[[ChromeDriver: chrome on WINDOWS (1779389475f5b1b6a39a0869e4513b02)] -> xpath: //button[contains(text(),'Logout')]]
verify tab[[ChromeDriver: chrome on WINDOWS (1779389475f5b1b6a39a0869e4513b02)] -> xpath: //button[contains(text(),'Logout')]]
verify tab[[ChromeDriver: chrome on WINDOWS (1779389475f5b1b6a39a0869e4513b02)] -> xpath: //button[contains(text(),'Logout')]]
verify tab[[ChromeDriver: chrome on WINDOWS (1779389475f5b1b6a39a0869e4513b02)] -> xpath: //button[contains(text(),'Logout')]]
verify tab[[ChromeDriver: chrome on WINDOWS (1779389475f5b1b6a39a0869e4513b02)] -> xpath: //button[contains(text(),'Logout')]]
verify tab[[ChromeDriver: chrome on WINDOWS (1779389475f5b1b6a39a0869e4513b02)] -> xpath: //button[contains(text(),'Logout')]]
verify tab[[ChromeDriver: chrome on WINDOWS (1779389475f5b1b6a39a0869e4513b02)] -> xpath: //button[contains(text(),'Logout')]]
verify tab[[ChromeDriver: chrome on WINDOWS (1779389475f5b1b6a39a0869e4513b02)] -> xpath: //button[contains(text(),'Logout')]]
verify tab[[ChromeDriver: chrome on WINDOWS (1779389475f5b1b6a39a0869e4513b02)] -> xpath: //button[contains(text(),'Logout')]]
verify tab[[ChromeDriver: chrome on WINDOWS (1779389475f5b1b6a39a0869e4513b02)] -> xpath: //button[contains(text(),'Logout')]]
verify tab[[ChromeDriver: chrome on WINDOWS (1779389475f5b1b6a39a0869e4513b02)] -> xpath: //button[contains(text(),'Logout')]]
verify tab[[ChromeDriver: chrome on WINDOWS (1779389475f5b1b6a39a0869e4513b02)] -> xpath: //button[contains(text(),'Logout')]]
verify tab[[ChromeDriver: chrome on WINDOWS (1779389475f5b1b6a39a0869e4513b02)] -> xpath: //button[contains(text(),'Logout')]]
verify tab[[ChromeDriver: chrome on WINDOWS (1779389475f5b1b6a39a0869e4513b02)] -> xpath: //button[contains(text(),'Logout')]]
verify tab[[ChromeDriver: chrome on WINDOWS (1779389475f5b1b6a39a0869e4513b02)] -> xpath: //button[contains(text(),'Logout')]]
verify tab[[ChromeDriver: chrome on WINDOWS (1779389475f5b1b6a39a0869e4513b02)] -> xpath: //button[contains(text(),'Logout')]]
verify tab[[ChromeDriver: chrome on WINDOWS (1779389475f5b1b6a39a0869e4513b02)] -> xpath: //button[contains(text(),'Logout')]]
verify tab[[ChromeDriver: chrome on WINDOWS (1779389475f5b1b6a39a0869e4513b02)] -> xpath: //button[contains(text(),'Logout')]]
verify tab[[ChromeDriver: chrome on WINDOWS (1779389475f5b1b6a39a0869e4513b02)] -> xpath: //button[contains(text(),'Logout')]]
verify tab[[ChromeDriver: chrome on WINDOWS (1779389475f5b1b6a39a0869e4513b02)] -> xpath: //button[contains(text(),'Logout')]]
verify tab[[ChromeDriver: chrome on WINDOWS (1779389475f5b1b6a39a0869e4513b02)] -> xpath: //button[contains(text(),'Logout')]]
verify tab[[ChromeDriver: chrome on WINDOWS (1779389475f5b1b6a39a0869e4513b02)] -> xpath: //button[contains(text(),'Logout')]]
verify tab[[ChromeDriver: chrome on WINDOWS (1779389475f5b1b6a39a0869e4513b02)] -> xpath: //button[contains(text(),'Logout')]]
verify tab[[ChromeDriver: chrome on WINDOWS (1779389475f5b1b6a39a0869e4513b02)] -> xpath: //button[contains(text(),'Logout')]]
verify tab[[ChromeDriver: chrome on WINDOWS (1779389475f5b1b6a39a0869e4513b02)] -> xpath: //button[contains(text(),'Logout')]]
verify tab[[ChromeDriver: chrome on WINDOWS (1779389475f5b1b6a39a0869e4513b02)] -> xpath: //button[contains(text(),'Logout')]]
verify tab[[ChromeDriver: chrome on WINDOWS (1779389475f5b1b6a39a0869e4513b02)] -> xpath: //button[contains(text(),'Logout')]]
verify tab[[ChromeDriver: chrome on WINDOWS (1779389475f5b1b6a39a0869e4513b02)] -> xpath: //button[contains(text(),'Logout')]]
verify tab[[ChromeDriver: chrome on WINDOWS (1779389475f5b1b6a39a0869e4513b02)] -> xpath: //button[contains(text(),'Logout')]]
verify tab[[ChromeDriver: chrome on WINDOWS (1779389475f5b1b6a39a0869e4513b02)] -> xpath: //button[contains(text(),'Logout')]]
verify tab[[ChromeDriver: chrome on WINDOWS (1779389475f5b1b6a39a0869e4513b02)] -> xpath: //button[contains(text(),'Logout')]]
verify tab[[ChromeDriver: chrome on WINDOWS (1779389475f5b1b6a39a0869e4513b02)] -> xpath: //button[contains(text(),'Logout')]]
verify tab[[ChromeDriver: chrome on WINDOWS (1779389475f5b1b6a39a0869e4513b02)] -> xpath: //button[contains(text(),'Logout')]]
verify tab[[ChromeDriver: chrome on WINDOWS (1779389475f5b1b6a39a0869e4513b02)] -> xpath: //button[contains(text(),'Logout')]]
verify tab[[ChromeDriver: chrome on WINDOWS (1779389475f5b1b6a39a0869e4513b02)] -> xpath: //button[contains(text(),'Logout')]]
verify tab[[ChromeDriver: chrome on WINDOWS (1779389475f5b1b6a39a0869e4513b02)] -> xpath: //button[contains(text(),'Logout')]]
verify tab[[ChromeDriver: chrome on WINDOWS (1779389475f5b1b6a39a0869e4513b02)] -> xpath: //button[contains(text(),'Logout')]]
verify tab[[ChromeDriver: chrome on WINDOWS (1779389475f5b1b6a39a0869e4513b02)] -> xpath: //button[contains(text(),'Logout')]]
verify tab[[ChromeDriver: chrome on WINDOWS (1779389475f5b1b6a39a0869e4513b02)] -> xpath: //button[contains(text(),'Logout')]]
verify tab[[ChromeDriver: chrome on WINDOWS (1779389475f5b1b6a39a0869e4513b02)] -> xpath: //button[contains(text(),'Logout')]]
verify tab[[ChromeDriver: chrome on WINDOWS (1779389475f5b1b6a39a0869e4513b02)] -> xpath: //button[contains(text(),'Logout')]]
verify tab[[ChromeDriver: chrome on WINDOWS (1779389475f5b1b6a39a0869e4513b02)] -> xpath: //button[contains(text(),'Logout')]]
verify tab[[ChromeDriver: chrome on WINDOWS (1779389475f5b1b6a39a0869e4513b02)] -> xpath: //button[contains(text(),'Logout')]]
verify tab[[ChromeDriver: chrome on WINDOWS (1779389475f5b1b6a39a0869e4513b02)] -> xpath: //button[contains(text(),'Logout')]]
verify tab[[ChromeDriver: chrome on WINDOWS (1779389475f5b1b6a39a0869e4513b02)] -> xpath: //button[contains(text(),'Logout')]]
verify tab[[ChromeDriver: chrome on WINDOWS (1779389475f5b1b6a39a0869e4513b02)] -> xpath: //button[contains(text(),'Logout')]]
verify tab[[ChromeDriver: chrome on WINDOWS (1779389475f5b1b6a39a0869e4513b02)] -> xpath: //button[contains(text(),'Logout')]]
verify tab[[ChromeDriver: chrome on WINDOWS (1779389475f5b1b6a39a0869e4513b02)] -> xpath: //button[contains(text(),'Logout')]]
verify tab[[ChromeDriver: chrome on WINDOWS (1779389475f5b1b6a39a0869e4513b02)] -> xpath: //button[contains(text(),'Logout')]]
verify tab[[ChromeDriver: chrome on WINDOWS (1779389475f5b1b6a39a0869e4513b02)] -> xpath: //button[contains(text(),'Logout')]]
verify tab[[ChromeDriver: chrome on WINDOWS (1779389475f5b1b6a39a0869e4513b02)] -> xpath: //button[contains(text(),'Logout')]]
verify tab[[ChromeDriver: chrome on WINDOWS (1779389475f5b1b6a39a0869e4513b02)] -> xpath: //button[contains(text(),'Logout')]]
verify tab[[ChromeDriver: chrome on WINDOWS (1779389475f5b1b6a39a0869e4513b02)] -> xpath: //button[contains(text(),'Logout')]]
verify tab[[ChromeDriver: chrome on WINDOWS (1779389475f5b1b6a39a0869e4513b02)] -> xpath: //button[contains(text(),'Logout')]]
verify tab[[ChromeDriver: chrome on WINDOWS (1779389475f5b1b6a39a0869e4513b02)] -> xpath: //button[contains(text(),'Logout')]]
verify tab[[ChromeDriver: chrome on WINDOWS (1779389475f5b1b6a39a0869e4513b02)] -> xpath: //button[contains(text(),'Logout')]]
verify tab[[ChromeDriver: chrome on WINDOWS (1779389475f5b1b6a39a0869e4513b02)] -> xpath: //button[contains(text(),'Logout')]]
verify tab[[ChromeDriver: chrome on WINDOWS (1779389475f5b1b6a39a0869e4513b02)] -> xpath: //button[contains(text(),'Logout')]]
verify tab[[ChromeDriver: chrome on WINDOWS (1779389475f5b1b6a39a0869e4513b02)] -> xpath: //button[contains(text(),'Logout')]]
verify tab[[ChromeDriver: chrome on WINDOWS (1779389475f5b1b6a39a0869e4513b02)] -> xpath: //button[contains(text(),'Logout')]]
verify tab[[ChromeDriver: chrome on WINDOWS (1779389475f5b1b6a39a0869e4513b02)] -> xpath: //button[contains(text(),'Logout')]]
verify tab[[ChromeDriver: chrome on WINDOWS (1779389475f5b1b6a39a0869e4513b02)] -> xpath: //button[contains(text(),'Logout')]]
verify tab[[ChromeDriver: chrome on WINDOWS (1779389475f5b1b6a39a0869e4513b02)] -> xpath: //button[contains(text(),'Logout')]]
verify tab[[ChromeDriver: chrome on WINDOWS (1779389475f5b1b6a39a0869e4513b02)] -> xpath: //button[contains(text(),'Logout')]]
verify tab[[ChromeDriver: chrome on WINDOWS (1779389475f5b1b6a39a0869e4513b02)] -> xpath: //button[contains(text(),'Logout')]]
verify tab[[ChromeDriver: chrome on WINDOWS (1779389475f5b1b6a39a0869e4513b02)] -> xpath: //button[contains(text(),'Logout')]]
verify tab[[ChromeDriver: chrome on WINDOWS (1779389475f5b1b6a39a0869e4513b02)] -> xpath: //button[contains(text(),'Logout')]]
verify tab[[ChromeDriver: chrome on WINDOWS (1779389475f5b1b6a39a0869e4513b02)] -> xpath: //button[contains(text(),'Logout')]]
verify tab[[ChromeDriver: chrome on WINDOWS (1779389475f5b1b6a39a0869e4513b02)] -> xpath: //button[contains(text(),'Logout')]]
verify tab[[ChromeDriver: chrome on WINDOWS (1779389475f5b1b6a39a0869e4513b02)] -> xpath: //button[contains(text(),'Logout')]]
verify tab[[ChromeDriver: chrome on WINDOWS (1779389475f5b1b6a39a0869e4513b02)] -> xpath: //button[contains(text(),'Logout')]]
verify tab[[ChromeDriver: chrome on WINDOWS (1779389475f5b1b6a39a0869e4513b02)] -> xpath: //button[contains(text(),'Logout')]]
verify tab[[ChromeDriver: chrome on WINDOWS (1779389475f5b1b6a39a0869e4513b02)] -> xpath: //button[contains(text(),'Logout')]]
verify tab[[ChromeDriver: chrome on WINDOWS (1779389475f5b1b6a39a0869e4513b02)] -> xpath: //button[contains(text(),'Logout')]]
verify tab[[ChromeDriver: chrome on WINDOWS (1779389475f5b1b6a39a0869e4513b02)] -> xpath: //button[contains(text(),'Logout')]]
verify tab[[ChromeDriver: chrome on WINDOWS (1779389475f5b1b6a39a0869e4513b02)] -> xpath: //button[contains(text(),'Logout')]]
verify tab[[ChromeDriver: chrome on WINDOWS (1779389475f5b1b6a39a0869e4513b02)] -> xpath: //button[contains(text(),'Logout')]]
verify tab[[ChromeDriver: chrome on WINDOWS (1779389475f5b1b6a39a0869e4513b02)] -> xpath: //button[contains(text(),'Logout')]]
verify tab[[ChromeDriver: chrome on WINDOWS (1779389475f5b1b6a39a0869e4513b02)] -> xpath: //button[contains(text(),'Logout')]]
verify tab[[ChromeDriver: chrome on WINDOWS (1779389475f5b1b6a39a0869e4513b02)] -> xpath: //button[contains(text(),'Logout')]]
verify tab[[ChromeDriver: chrome on WINDOWS (1779389475f5b1b6a39a0869e4513b02)] -> xpath: //button[contains(text(),'Logout')]]
verify tab[[ChromeDriver: chrome on WINDOWS (1779389475f5b1b6a39a0869e4513b02)] -> xpath: //button[contains(text(),'Logout')]]
verify tab[[ChromeDriver: chrome on WINDOWS (1779389475f5b1b6a39a0869e4513b02)] -> xpath: //button[contains(text(),'Logout')]]
verify tab[[ChromeDriver: chrome on WINDOWS (1779389475f5b1b6a39a0869e4513b02)] -> xpath: //button[contains(text(),'Logout')]]
verify tab[[ChromeDriver: chrome on WINDOWS (1779389475f5b1b6a39a0869e4513b02)] -> xpath: //button[contains(text(),'Logout')]]
verify tab[[ChromeDriver: chrome on WINDOWS (1779389475f5b1b6a39a0869e4513b02)] -> xpath: //button[contains(text(),'Logout')]]
verify tab[[ChromeDriver: chrome on WINDOWS (1779389475f5b1b6a39a0869e4513b02)] -> xpath: //button[contains(text(),'Logout')]]
verify tab[[ChromeDriver: chrome on WINDOWS (1779389475f5b1b6a39a0869e4513b02)] -> xpath: //button[contains(text(),'Logout')]]
verify tab[[ChromeDriver: chrome on WINDOWS (1779389475f5b1b6a39a0869e4513b02)] -> xpath: //button[contains(text(),'Logout')]]
verify tab[[ChromeDriver: chrome on WINDOWS (1779389475f5b1b6a39a0869e4513b02)] -> xpath: //button[contains(text(),'Logout')]]
verify tab[[ChromeDriver: chrome on WINDOWS (1779389475f5b1b6a39a0869e4513b02)] -> xpath: //button[contains(text(),'Logout')]]
verify tab[[ChromeDriver: chrome on WINDOWS (1779389475f5b1b6a39a0869e4513b02)] -> xpath: //button[contains(text(),'Logout')]]
verify tab[[ChromeDriver: chrome on WINDOWS (1779389475f5b1b6a39a0869e4513b02)] -> xpath: //button[contains(text(),'Logout')]]
verify tab[[ChromeDriver: chrome on WINDOWS (1779389475f5b1b6a39a0869e4513b02)] -> xpath: //button[contains(text(),'Logout')]]
verify tab[[ChromeDriver: chrome on WINDOWS (1779389475f5b1b6a39a0869e4513b02)] -> xpath: //button[contains(text(),'Logout')]]
verify tab[[ChromeDriver: chrome on WINDOWS (1779389475f5b1b6a39a0869e4513b02)] -> xpath: //button[contains(text(),'Logout')]]
verify tab[[ChromeDriver: chrome on WINDOWS (1779389475f5b1b6a39a0869e4513b02)] -> xpath: //button[contains(text(),'Logout')]]
verify tab[[ChromeDriver: chrome on WINDOWS (1779389475f5b1b6a39a0869e4513b02)] -> xpath: //button[contains(text(),'Logout')]]
verify tab[[ChromeDriver: chrome on WINDOWS (1779389475f5b1b6a39a0869e4513b02)] -> xpath: //button[contains(text(),'Logout')]]
verify tab[[ChromeDriver: chrome on WINDOWS (1779389475f5b1b6a39a0869e4513b02)] -> xpath: //button[contains(text(),'Logout')]]
verify tab[[ChromeDriver: chrome on WINDOWS (1779389475f5b1b6a39a0869e4513b02)] -> xpath: //button[contains(text(),'Logout')]]
verify tab[[ChromeDriver: chrome on WINDOWS (1779389475f5b1b6a39a0869e4513b02)] -> xpath: //button[contains(text(),'Logout')]]
verify tab[[ChromeDriver: chrome on WINDOWS (1779389475f5b1b6a39a0869e4513b02)] -> xpath: //button[contains(text(),'Logout')]]
verify tab[[ChromeDriver: chrome on WINDOWS (1779389475f5b1b6a39a0869e4513b02)] -> xpath: //button[contains(text(),'Logout')]]
verify tab[[ChromeDriver: chrome on WINDOWS (1779389475f5b1b6a39a0869e4513b02)] -> xpath: //button[contains(text(),'Logout')]]
verify tab[[ChromeDriver: chrome on WINDOWS (1779389475f5b1b6a39a0869e4513b02)] -> xpath: //button[contains(text(),'Logout')]]
verify tab[[ChromeDriver: chrome on WINDOWS (1779389475f5b1b6a39a0869e4513b02)] -> xpath: //button[contains(text(),'Logout')]]
verify tab[[ChromeDriver: chrome on WINDOWS (1779389475f5b1b6a39a0869e4513b02)] -> xpath: //button[contains(text(),'Logout')]]
verify tab[[ChromeDriver: chrome on WINDOWS (1779389475f5b1b6a39a0869e4513b02)] -> xpath: //button[contains(text(),'Logout')]]
verify tab[[ChromeDriver: chrome on WINDOWS (1779389475f5b1b6a39a0869e4513b02)] -> xpath: //button[contains(text(),'Logout')]]
verify tab[[ChromeDriver: chrome on WINDOWS (1779389475f5b1b6a39a0869e4513b02)] -> xpath: //button[contains(text(),'Logout')]]
verify tab[[ChromeDriver: chrome on WINDOWS (1779389475f5b1b6a39a0869e4513b02)] -> xpath: //button[contains(text(),'Logout')]]
verify tab[[ChromeDriver: chrome on WINDOWS (1779389475f5b1b6a39a0869e4513b02)] -> xpath: //button[contains(text(),'Logout')]]
verify tab[[ChromeDriver: chrome on WINDOWS (1779389475f5b1b6a39a0869e4513b02)] -> xpath: //button[contains(text(),'Logout')]]
verify tab[[ChromeDriver: chrome on WINDOWS (1779389475f5b1b6a39a0869e4513b02)] -> xpath: //button[contains(text(),'Logout')]]
verify tab[[ChromeDriver: chrome on WINDOWS (1779389475f5b1b6a39a0869e4513b02)] -> xpath: //button[contains(text(),'Logout')]]
verify tab[[ChromeDriver: chrome on WINDOWS (1779389475f5b1b6a39a0869e4513b02)] -> xpath: //button[contains(text(),'Logout')]]
verify tab[[ChromeDriver: chrome on WINDOWS (1779389475f5b1b6a39a0869e4513b02)] -> xpath: //button[contains(text(),'Logout')]]
verify tab[[ChromeDriver: chrome on WINDOWS (1779389475f5b1b6a39a0869e4513b02)] -> xpath: //button[contains(text(),'Logout')]]
verify tab[[ChromeDriver: chrome on WINDOWS (1779389475f5b1b6a39a0869e4513b02)] -> xpath: //button[contains(text(),'Logout')]]
verify tab[[ChromeDriver: chrome on WINDOWS (1779389475f5b1b6a39a0869e4513b02)] -> xpath: //button[contains(text(),'Logout')]]
verify tab[[ChromeDriver: chrome on WINDOWS (1779389475f5b1b6a39a0869e4513b02)] -> xpath: //button[contains(text(),'Logout')]]
verify tab[[ChromeDriver: chrome on WINDOWS (1779389475f5b1b6a39a0869e4513b02)] -> xpath: //button[contains(text(),'Logout')]]
verify tab[[ChromeDriver: chrome on WINDOWS (1779389475f5b1b6a39a0869e4513b02)] -> xpath: //button[contains(text(),'Logout')]]
verify tab[[ChromeDriver: chrome on WINDOWS (1779389475f5b1b6a39a0869e4513b02)] -> xpath: //button[contains(text(),'Logout')]]
verify tab[[ChromeDriver: chrome on WINDOWS (1779389475f5b1b6a39a0869e4513b02)] -> xpath: //button[contains(text(),'Logout')]]
verify tab[[ChromeDriver: chrome on WINDOWS (1779389475f5b1b6a39a0869e4513b02)] -> xpath: //button[contains(text(),'Logout')]]
verify tab[[ChromeDriver: chrome on WINDOWS (1779389475f5b1b6a39a0869e4513b02)] -> xpath: //button[contains(text(),'Logout')]]
verify tab[[ChromeDriver: chrome on WINDOWS (1779389475f5b1b6a39a0869e4513b02)] -> xpath: //button[contains(text(),'Logout')]]
verify tab[[ChromeDriver: chrome on WINDOWS (1779389475f5b1b6a39a0869e4513b02)] -> xpath: //button[contains(text(),'Logout')]]
verify tab[[ChromeDriver: chrome on WINDOWS (1779389475f5b1b6a39a0869e4513b02)] -> xpath: //button[contains(text(),'Logout')]]
verify tab[[ChromeDriver: chrome on WINDOWS (1779389475f5b1b6a39a0869e4513b02)] -> xpath: //button[contains(text(),'Logout')]]
verify tab[[ChromeDriver: chrome on WINDOWS (1779389475f5b1b6a39a0869e4513b02)] -> xpath: //button[contains(text(),'Logout')]]
verify tab[[ChromeDriver: chrome on WINDOWS (1779389475f5b1b6a39a0869e4513b02)] -> xpath: //button[contains(text(),'Logout')]]
verify tab[[ChromeDriver: chrome on WINDOWS (1779389475f5b1b6a39a0869e4513b02)] -> xpath: //button[contains(text(),'Logout')]]
verify tab[[ChromeDriver: chrome on WINDOWS (1779389475f5b1b6a39a0869e4513b02)] -> xpath: //button[contains(text(),'Logout')]]
verify tab[[ChromeDriver: chrome on WINDOWS (1779389475f5b1b6a39a0869e4513b02)] -> xpath: //button[contains(text(),'Logout')]]
verify tab[[ChromeDriver: chrome on WINDOWS (1779389475f5b1b6a39a0869e4513b02)] -> xpath: //button[contains(text(),'Logout')]]
verify tab[[ChromeDriver: chrome on WINDOWS (1779389475f5b1b6a39a0869e4513b02)] -> xpath: //button[contains(text(),'Logout')]]
verify tab[[ChromeDriver: chrome on WINDOWS (1779389475f5b1b6a39a0869e4513b02)] -> xpath: //button[contains(text(),'Logout')]]
verify tab[[ChromeDriver: chrome on WINDOWS (1779389475f5b1b6a39a0869e4513b02)] -> xpath: //button[contains(text(),'Logout')]]
verify tab[[ChromeDriver: chrome on WINDOWS (1779389475f5b1b6a39a0869e4513b02)] -> xpath: //button[contains(text(),'Logout')]]
verify tab[[ChromeDriver: chrome on WINDOWS (1779389475f5b1b6a39a0869e4513b02)] -> xpath: //button[contains(text(),'Logout')]]
verify tab[[ChromeDriver: chrome on WINDOWS (1779389475f5b1b6a39a0869e4513b02)] -> xpath: //button[contains(text(),'Logout')]]
verify tab[[ChromeDriver: chrome on WINDOWS (1779389475f5b1b6a39a0869e4513b02)] -> xpath: //button[contains(text(),'Logout')]]
verify tab[[ChromeDriver: chrome on WINDOWS (1779389475f5b1b6a39a0869e4513b02)] -> xpath: //button[contains(text(),'Logout')]]
verify tab[[ChromeDriver: chrome on WINDOWS (1779389475f5b1b6a39a0869e4513b02)] -> xpath: //button[contains(text(),'Logout')]]
verify tab[[ChromeDriver: chrome on WINDOWS (1779389475f5b1b6a39a0869e4513b02)] -> xpath: //button[contains(text(),'Logout')]]
verify tab[[ChromeDriver: chrome on WINDOWS (1779389475f5b1b6a39a0869e4513b02)] -> xpath: //button[contains(text(),'Logout')]]
verify tab[[ChromeDriver: chrome on WINDOWS (1779389475f5b1b6a39a0869e4513b02)] -> xpath: //button[contains(text(),'Logout')]]
verify tab[[ChromeDriver: chrome on WINDOWS (1779389475f5b1b6a39a0869e4513b02)] -> xpath: //button[contains(text(),'Logout')]]
verify tab[[ChromeDriver: chrome on WINDOWS (1779389475f5b1b6a39a0869e4513b02)] -> xpath: //button[contains(text(),'Logout')]]
verify tab[[ChromeDriver: chrome on WINDOWS (1779389475f5b1b6a39a0869e4513b02)] -> xpath: //button[contains(text(),'Logout')]]
verify tab[[ChromeDriver: chrome on WINDOWS (1779389475f5b1b6a39a0869e4513b02)] -> xpath: //button[contains(text(),'Logout')]]
verify tab[[ChromeDriver: chrome on WINDOWS (1779389475f5b1b6a39a0869e4513b02)] -> xpath: //button[contains(text(),'Logout')]]
verify tab[[ChromeDriver: chrome on WINDOWS (1779389475f5b1b6a39a0869e4513b02)] -> xpath: //button[contains(text(),'Logout')]]
verify tab[[ChromeDriver: chrome on WINDOWS (1779389475f5b1b6a39a0869e4513b02)] -> xpath: //button[contains(text(),'Logout')]]
verify tab[[ChromeDriver: chrome on WINDOWS (1779389475f5b1b6a39a0869e4513b02)] -> xpath: //button[contains(text(),'Logout')]]
verify tab[[ChromeDriver: chrome on WINDOWS (1779389475f5b1b6a39a0869e4513b02)] -> xpath: //button[contains(text(),'Logout')]]
verify tab[[ChromeDriver: chrome on WINDOWS (1779389475f5b1b6a39a0869e4513b02)] -> xpath: //button[contains(text(),'Logout')]]
verify tab[[ChromeDriver: chrome on WINDOWS (1779389475f5b1b6a39a0869e4513b02)] -> xpath: //button[contains(text(),'Logout')]]
verify tab[[ChromeDriver: chrome on WINDOWS (1779389475f5b1b6a39a0869e4513b02)] -> xpath: //button[contains(text(),'Logout')]]
verify tab[[ChromeDriver: chrome on WINDOWS (1779389475f5b1b6a39a0869e4513b02)] -> xpath: //button[contains(text(),'Logout')]]
verify tab[[ChromeDriver: chrome on WINDOWS (1779389475f5b1b6a39a0869e4513b02)] -> xpath: //button[contains(text(),'Logout')]]
verify tab[[ChromeDriver: chrome on WINDOWS (1779389475f5b1b6a39a0869e4513b02)] -> xpath: //button[contains(text(),'Logout')]]
verify tab[[ChromeDriver: chrome on WINDOWS (1779389475f5b1b6a39a0869e4513b02)] -> xpath: //button[contains(text(),'Logout')]]
verify tab[[ChromeDriver: chrome on WINDOWS (1779389475f5b1b6a39a0869e4513b02)] -> xpath: //button[contains(text(),'Logout')]]
verify tab[[ChromeDriver: chrome on WINDOWS (1779389475f5b1b6a39a0869e4513b02)] -> xpath: //button[contains(text(),'Logout')]]
verify tab[[ChromeDriver: chrome on WINDOWS (1779389475f5b1b6a39a0869e4513b02)] -> xpath: //button[contains(text(),'Logout')]]
verify tab[[ChromeDriver: chrome on WINDOWS (1779389475f5b1b6a39a0869e4513b02)] -> xpath: //button[contains(text(),'Logout')]]
verify tab[[ChromeDriver: chrome on WINDOWS (1779389475f5b1b6a39a0869e4513b02)] -> xpath: //button[contains(text(),'Logout')]]
verify tab[[ChromeDriver: chrome on WINDOWS (1779389475f5b1b6a39a0869e4513b02)] -> xpath: //button[contains(text(),'Logout')]]
verify tab[[ChromeDriver: chrome on WINDOWS (1779389475f5b1b6a39a0869e4513b02)] -> xpath: //button[contains(text(),'Logout')]]
verify tab[[ChromeDriver: chrome on WINDOWS (1779389475f5b1b6a39a0869e4513b02)] -> xpath: //button[contains(text(),'Logout')]]
verify tab[[ChromeDriver: chrome on WINDOWS (1779389475f5b1b6a39a0869e4513b02)] -> xpath: //button[contains(text(),'Logout')]]
verify tab[[ChromeDriver: chrome on WINDOWS (1779389475f5b1b6a39a0869e4513b02)] -> xpath: //button[contains(text(),'Logout')]]
verify tab[[ChromeDriver: chrome on WINDOWS (1779389475f5b1b6a39a0869e4513b02)] -> xpath: //button[contains(text(),'Logout')]]
verify tab[[ChromeDriver: chrome on WINDOWS (1779389475f5b1b6a39a0869e4513b02)] -> xpath: //button[contains(text(),'Logout')]]
verify tab[[ChromeDriver: chrome on WINDOWS (1779389475f5b1b6a39a0869e4513b02)] -> xpath: //button[contains(text(),'Logout')]]
verify tab[[ChromeDriver: chrome on WINDOWS (1779389475f5b1b6a39a0869e4513b02)] -> xpath: //button[contains(text(),'Logout')]]
verify tab[[ChromeDriver: chrome on WINDOWS (1779389475f5b1b6a39a0869e4513b02)] -> xpath: //button[contains(text(),'Logout')]]
verify tab[[ChromeDriver: chrome on WINDOWS (1779389475f5b1b6a39a0869e4513b02)] -> xpath: //button[contains(text(),'Logout')]]
verify tab[[ChromeDriver: chrome on WINDOWS (1779389475f5b1b6a39a0869e4513b02)] -> xpath: //button[contains(text(),'Logout')]]
verify tab[[ChromeDriver: chrome on WINDOWS (1779389475f5b1b6a39a0869e4513b02)] -> xpath: //button[contains(text(),'Logout')]]
verify tab[[ChromeDriver: chrome on WINDOWS (1779389475f5b1b6a39a0869e4513b02)] -> xpath: //button[contains(text(),'Logout')]]
verify tab[[ChromeDriver: chrome on WINDOWS (1779389475f5b1b6a39a0869e4513b02)] -> xpath: //button[contains(text(),'Logout')]]
verify tab[[ChromeDriver: chrome on WINDOWS (1779389475f5b1b6a39a0869e4513b02)] -> xpath: //button[contains(text(),'Logout')]]
verify tab[[ChromeDriver: chrome on WINDOWS (1779389475f5b1b6a39a0869e4513b02)] -> xpath: //button[contains(text(),'Logout')]]
verify tab[[ChromeDriver: chrome on WINDOWS (1779389475f5b1b6a39a0869e4513b02)] -> xpath: //button[contains(text(),'Logout')]]
verify tab[[ChromeDriver: chrome on WINDOWS (1779389475f5b1b6a39a0869e4513b02)] -> xpath: //button[contains(text(),'Logout')]]
verify tab[[ChromeDriver: chrome on WINDOWS (1779389475f5b1b6a39a0869e4513b02)] -> xpath: //button[contains(text(),'Logout')]]
verify tab[[ChromeDriver: chrome on WINDOWS (1779389475f5b1b6a39a0869e4513b02)] -> xpath: //button[contains(text(),'Logout')]]
verify tab[[ChromeDriver: chrome on WINDOWS (1779389475f5b1b6a39a0869e4513b02)] -> xpath: //button[contains(text(),'Logout')]]
verify tab[[ChromeDriver: chrome on WINDOWS (1779389475f5b1b6a39a0869e4513b02)] -> xpath: //button[contains(text(),'Logout')]]
verify tab[[ChromeDriver: chrome on WINDOWS (1779389475f5b1b6a39a0869e4513b02)] -> xpath: //button[contains(text(),'Logout')]]
verify tab[[ChromeDriver: chrome on WINDOWS (1779389475f5b1b6a39a0869e4513b02)] -> xpath: //button[contains(text(),'Logout')]]
verify tab[[ChromeDriver: chrome on WINDOWS (1779389475f5b1b6a39a0869e4513b02)] -> xpath: //button[contains(text(),'Logout')]]
verify tab[[ChromeDriver: chrome on WINDOWS (1779389475f5b1b6a39a0869e4513b02)] -> xpath: //button[contains(text(),'Logout')]]
verify tab[[ChromeDriver: chrome on WINDOWS (1779389475f5b1b6a39a0869e4513b02)] -> xpath: //button[contains(text(),'Logout')]]
verify tab[[ChromeDriver: chrome on WINDOWS (1779389475f5b1b6a39a0869e4513b02)] -> xpath: //button[contains(text(),'Logout')]]
verify tab[[ChromeDriver: chrome on WINDOWS (1779389475f5b1b6a39a0869e4513b02)] -> xpath: //button[contains(text(),'Logout')]]
verify tab[[ChromeDriver: chrome on WINDOWS (1779389475f5b1b6a39a0869e4513b02)] -> xpath: //button[contains(text(),'Logout')]]
verify tab[[ChromeDriver: chrome on WINDOWS (1779389475f5b1b6a39a0869e4513b02)] -> xpath: //button[contains(text(),'Logout')]]
verify tab[[ChromeDriver: chrome on WINDOWS (1779389475f5b1b6a39a0869e4513b02)] -> xpath: //button[contains(text(),'Logout')]]
verify tab[[ChromeDriver: chrome on WINDOWS (1779389475f5b1b6a39a0869e4513b02)] -> xpath: //button[contains(text(),'Logout')]]
verify tab[[ChromeDriver: chrome on WINDOWS (1779389475f5b1b6a39a0869e4513b02)] -> xpath: //button[contains(text(),'Logout')]]
verify tab[[ChromeDriver: chrome on WINDOWS (1779389475f5b1b6a39a0869e4513b02)] -> xpath: //button[contains(text(),'Logout')]]
verify tab[[ChromeDriver: chrome on WINDOWS (1779389475f5b1b6a39a0869e4513b02)] -> xpath: //button[contains(text(),'Logout')]]
verify tab[[ChromeDriver: chrome on WINDOWS (1779389475f5b1b6a39a0869e4513b02)] -> xpath: //button[contains(text(),'Logout')]]
verify tab[[ChromeDriver: chrome on WINDOWS (1779389475f5b1b6a39a0869e4513b02)] -> xpath: //button[contains(text(),'Logout')]]
verify tab[[ChromeDriver: chrome on WINDOWS (1779389475f5b1b6a39a0869e4513b02)] -> xpath: //button[contains(text(),'Logout')]]
verify tab[[ChromeDriver: chrome on WINDOWS (1779389475f5b1b6a39a0869e4513b02)] -> xpath: //button[contains(text(),'Logout')]]
verify tab[[ChromeDriver: chrome on WINDOWS (1779389475f5b1b6a39a0869e4513b02)] -> xpath: //button[contains(text(),'Logout')]]
verify tab[[ChromeDriver: chrome on WINDOWS (1779389475f5b1b6a39a0869e4513b02)] -> xpath: //button[contains(text(),'Logout')]]
verify tab[[ChromeDriver: chrome on WINDOWS (1779389475f5b1b6a39a0869e4513b02)] -> xpath: //button[contains(text(),'Logout')]]
verify tab[[ChromeDriver: chrome on WINDOWS (1779389475f5b1b6a39a0869e4513b02)] -> xpath: //button[contains(text(),'Logout')]]
verify tab[[ChromeDriver: chrome on WINDOWS (1779389475f5b1b6a39a0869e4513b02)] -> xpath: //button[contains(text(),'Logout')]]
verify tab[[ChromeDriver: chrome on WINDOWS (1779389475f5b1b6a39a0869e4513b02)] -> xpath: //button[contains(text(),'Logout')]]
verify tab[[ChromeDriver: chrome on WINDOWS (1779389475f5b1b6a39a0869e4513b02)] -> xpath: //button[contains(text(),'Logout')]]
verify tab[[ChromeDriver: chrome on WINDOWS (1779389475f5b1b6a39a0869e4513b02)] -> xpath: //button[contains(text(),'Logout')]]
verify tab[[ChromeDriver: chrome on WINDOWS (1779389475f5b1b6a39a0869e4513b02)] -> xpath: //button[contains(text(),'Logout')]]
verify tab[[ChromeDriver: chrome on WINDOWS (1779389475f5b1b6a39a0869e4513b02)] -> xpath: //button[contains(text(),'Logout')]]
verify tab[[ChromeDriver: chrome on WINDOWS (1779389475f5b1b6a39a0869e4513b02)] -> xpath: //button[contains(text(),'Logout')]]
verify tab[[ChromeDriver: chrome on WINDOWS (1779389475f5b1b6a39a0869e4513b02)] -> xpath: //button[contains(text(),'Logout')]]
verify tab[[ChromeDriver: chrome on WINDOWS (1779389475f5b1b6a39a0869e4513b02)] -> xpath: //button[contains(text(),'Logout')]]
verify tab[[ChromeDriver: chrome on WINDOWS (1779389475f5b1b6a39a0869e4513b02)] -> xpath: //button[contains(text(),'Logout')]]
verify tab[[ChromeDriver: chrome on WINDOWS (1779389475f5b1b6a39a0869e4513b02)] -> xpath: //button[contains(text(),'Logout')]]
verify tab[[ChromeDriver: chrome on WINDOWS (1779389475f5b1b6a39a0869e4513b02)] -> xpath: //button[contains(text(),'Logout')]]
verify tab[[ChromeDriver: chrome on WINDOWS (1779389475f5b1b6a39a0869e4513b02)] -> xpath: //button[contains(text(),'Logout')]]
verify tab[[ChromeDriver: chrome on WINDOWS (1779389475f5b1b6a39a0869e4513b02)] -> xpath: //button[contains(text(),'Logout')]]
verify tab[[ChromeDriver: chrome on WINDOWS (1779389475f5b1b6a39a0869e4513b02)] -> xpath: //button[contains(text(),'Logout')]]
verify tab[[ChromeDriver: chrome on WINDOWS (1779389475f5b1b6a39a0869e4513b02)] -> xpath: //button[contains(text(),'Logout')]]
verify tab[[ChromeDriver: chrome on WINDOWS (1779389475f5b1b6a39a0869e4513b02)] -> xpath: //button[contains(text(),'Logout')]]
verify tab[[ChromeDriver: chrome on WINDOWS (1779389475f5b1b6a39a0869e4513b02)] -> xpath: //button[contains(text(),'Logout')]]
verify tab[[ChromeDriver: chrome on WINDOWS (1779389475f5b1b6a39a0869e4513b02)] -> xpath: //button[contains(text(),'Logout')]]
verify tab[[ChromeDriver: chrome on WINDOWS (1779389475f5b1b6a39a0869e4513b02)] -> xpath: //button[contains(text(),'Logout')]]
verify tab[[ChromeDriver: chrome on WINDOWS (1779389475f5b1b6a39a0869e4513b02)] -> xpath: //button[contains(text(),'Logout')]]
verify tab[[ChromeDriver: chrome on WINDOWS (1779389475f5b1b6a39a0869e4513b02)] -> xpath: //button[contains(text(),'Logout')]]
verify tab[[ChromeDriver: chrome on WINDOWS (1779389475f5b1b6a39a0869e4513b02)] -> xpath: //button[contains(text(),'Logout')]]
verify tab[[ChromeDriver: chrome on WINDOWS (1779389475f5b1b6a39a0869e4513b02)] -> xpath: //button[contains(text(),'Logout')]]
verify tab[[ChromeDriver: chrome on WINDOWS (1779389475f5b1b6a39a0869e4513b02)] -> xpath: //button[contains(text(),'Logout')]]
verify tab[[ChromeDriver: chrome on WINDOWS (1779389475f5b1b6a39a0869e4513b02)] -> xpath: //button[contains(text(),'Logout')]]
verify tab[[ChromeDriver: chrome on WINDOWS (1779389475f5b1b6a39a0869e4513b02)] -> xpath: //button[contains(text(),'Logout')]]
verify tab[[ChromeDriver: chrome on WINDOWS (1779389475f5b1b6a39a0869e4513b02)] -> xpath: //button[contains(text(),'Logout')]]
verify tab[[ChromeDriver: chrome on WINDOWS (1779389475f5b1b6a39a0869e4513b02)] -> xpath: //button[contains(text(),'Logout')]]
verify tab[[ChromeDriver: chrome on WINDOWS (1779389475f5b1b6a39a0869e4513b02)] -> xpath: //button[contains(text(),'Logout')]]
verify tab[[ChromeDriver: chrome on WINDOWS (1779389475f5b1b6a39a0869e4513b02)] -> xpath: //button[contains(text(),'Logout')]]
verify tab[[ChromeDriver: chrome on WINDOWS (1779389475f5b1b6a39a0869e4513b02)] -> xpath: //button[contains(text(),'Logout')]]
verify tab[[ChromeDriver: chrome on WINDOWS (1779389475f5b1b6a39a0869e4513b02)] -> xpath: //button[contains(text(),'Logout')]]
verify tab[[ChromeDriver: chrome on WINDOWS (1779389475f5b1b6a39a0869e4513b02)] -> xpath: //button[contains(text(),'Logout')]]
verify tab[[ChromeDriver: chrome on WINDOWS (1779389475f5b1b6a39a0869e4513b02)] -> xpath: //button[contains(text(),'Logout')]]
verify tab[[ChromeDriver: chrome on WINDOWS (1779389475f5b1b6a39a0869e4513b02)] -> xpath: //button[contains(text(),'Logout')]]
verify tab[[ChromeDriver: chrome on WINDOWS (1779389475f5b1b6a39a0869e4513b02)] -> xpath: //button[contains(text(),'Logout')]]
verify tab[[ChromeDriver: chrome on WINDOWS (1779389475f5b1b6a39a0869e4513b02)] -> xpath: //button[contains(text(),'Logout')]]
verify tab[[ChromeDriver: chrome on WINDOWS (1779389475f5b1b6a39a0869e4513b02)] -> xpath: //button[contains(text(),'Logout')]]
verify tab[[ChromeDriver: chrome on WINDOWS (1779389475f5b1b6a39a0869e4513b02)] -> xpath: //button[contains(text(),'Logout')]]
verify tab[[ChromeDriver: chrome on WINDOWS (1779389475f5b1b6a39a0869e4513b02)] -> xpath: //button[contains(text(),'Logout')]]
verify tab[[ChromeDriver: chrome on WINDOWS (1779389475f5b1b6a39a0869e4513b02)] -> xpath: //button[contains(text(),'Logout')]]
verify tab[[ChromeDriver: chrome on WINDOWS (1779389475f5b1b6a39a0869e4513b02)] -> xpath: //button[contains(text(),'Logout')]]
verify tab[[ChromeDriver: chrome on WINDOWS (1779389475f5b1b6a39a0869e4513b02)] -> xpath: //button[contains(text(),'Logout')]]
verify tab[[ChromeDriver: chrome on WINDOWS (1779389475f5b1b6a39a0869e4513b02)] -> xpath: //button[contains(text(),'Logout')]]
verify tab[[ChromeDriver: chrome on WINDOWS (1779389475f5b1b6a39a0869e4513b02)] -> xpath: //button[contains(text(),'Logout')]]
verify tab[[ChromeDriver: chrome on WINDOWS (1779389475f5b1b6a39a0869e4513b02)] -> xpath: //button[contains(text(),'Logout')]]
verify tab[[ChromeDriver: chrome on WINDOWS (1779389475f5b1b6a39a0869e4513b02)] -> xpath: //button[contains(text(),'Logout')]]
verify tab[[ChromeDriver: chrome on WINDOWS (1779389475f5b1b6a39a0869e4513b02)] -> xpath: //button[contains(text(),'Logout')]]
verify tab[[ChromeDriver: chrome on WINDOWS (1779389475f5b1b6a39a0869e4513b02)] -> xpath: //button[contains(text(),'Logout')]]
verify tab[[ChromeDriver: chrome on WINDOWS (1779389475f5b1b6a39a0869e4513b02)] -> xpath: //button[contains(text(),'Logout')]]
verify tab[[ChromeDriver: chrome on WINDOWS (1779389475f5b1b6a39a0869e4513b02)] -> xpath: //button[contains(text(),'Logout')]]
verify tab[[ChromeDriver: chrome on WINDOWS (1779389475f5b1b6a39a0869e4513b02)] -> xpath: //button[contains(text(),'Logout')]]
verify tab[[ChromeDriver: chrome on WINDOWS (1779389475f5b1b6a39a0869e4513b02)] -> xpath: //button[contains(text(),'Logout')]]
verify tab[[ChromeDriver: chrome on WINDOWS (1779389475f5b1b6a39a0869e4513b02)] -> xpath: //button[contains(text(),'Logout')]]
verify tab[[ChromeDriver: chrome on WINDOWS (1779389475f5b1b6a39a0869e4513b02)] -> xpath: //button[contains(text(),'Logout')]]
verify tab[[ChromeDriver: chrome on WINDOWS (1779389475f5b1b6a39a0869e4513b02)] -> xpath: //button[contains(text(),'Logout')]]
verify tab[[ChromeDriver: chrome on WINDOWS (1779389475f5b1b6a39a0869e4513b02)] -> xpath: //button[contains(text(),'Logout')]]
verify tab[[ChromeDriver: chrome on WINDOWS (1779389475f5b1b6a39a0869e4513b02)] -> xpath: //button[contains(text(),'Logout')]]
verify tab[[ChromeDriver: chrome on WINDOWS (1779389475f5b1b6a39a0869e4513b02)] -> xpath: //button[contains(text(),'Logout')]]
verify tab[[ChromeDriver: chrome on WINDOWS (1779389475f5b1b6a39a0869e4513b02)] -> xpath: //button[contains(text(),'Logout')]]
verify tab[[ChromeDriver: chrome on WINDOWS (1779389475f5b1b6a39a0869e4513b02)] -> xpath: //button[contains(text(),'Logout')]]
verify tab[[ChromeDriver: chrome on WINDOWS (1779389475f5b1b6a39a0869e4513b02)] -> xpath: //button[contains(text(),'Logout')]]
verify tab[[ChromeDriver: chrome on WINDOWS (1779389475f5b1b6a39a0869e4513b02)] -> xpath: //button[contains(text(),'Logout')]]
verify tab[[ChromeDriver: chrome on WINDOWS (1779389475f5b1b6a39a0869e4513b02)] -> xpath: //button[contains(text(),'Logout')]]
verify tab[[ChromeDriver: chrome on WINDOWS (1779389475f5b1b6a39a0869e4513b02)] -> xpath: //button[contains(text(),'Logout')]]
verify tab[[ChromeDriver: chrome on WINDOWS (1779389475f5b1b6a39a0869e4513b02)] -> xpath: //button[contains(text(),'Logout')]]
verify tab[[ChromeDriver: chrome on WINDOWS (1779389475f5b1b6a39a0869e4513b02)] -> xpath: //button[contains(text(),'Logout')]]
verify tab[[ChromeDriver: chrome on WINDOWS (1779389475f5b1b6a39a0869e4513b02)] -> xpath: //button[contains(text(),'Logout')]]
verify tab[[ChromeDriver: chrome on WINDOWS (1779389475f5b1b6a39a0869e4513b02)] -> xpath: //button[contains(text(),'Logout')]]
verify tab[[ChromeDriver: chrome on WINDOWS (1779389475f5b1b6a39a0869e4513b02)] -> xpath: //button[contains(text(),'Logout')]]
verify tab[[ChromeDriver: chrome on WINDOWS (1779389475f5b1b6a39a0869e4513b02)] -> xpath: //button[contains(text(),'Logout')]]
verify tab[[ChromeDriver: chrome on WINDOWS (1779389475f5b1b6a39a0869e4513b02)] -> xpath: //button[contains(text(),'Logout')]]
verify tab[[ChromeDriver: chrome on WINDOWS (1779389475f5b1b6a39a0869e4513b02)] -> xpath: //button[contains(text(),'Logout')]]
verify tab[[ChromeDriver: chrome on WINDOWS (1779389475f5b1b6a39a0869e4513b02)] -> xpath: //button[contains(text(),'Logout')]]
verify tab[[ChromeDriver: chrome on WINDOWS (1779389475f5b1b6a39a0869e4513b02)] -> xpath: //button[contains(text(),'Logout')]]
verify tab[[ChromeDriver: chrome on WINDOWS (1779389475f5b1b6a39a0869e4513b02)] -> xpath: //button[contains(text(),'Logout')]]
verify tab[[ChromeDriver: chrome on WINDOWS (1779389475f5b1b6a39a0869e4513b02)] -> xpath: //button[contains(text(),'Logout')]]
verify tab[[ChromeDriver: chrome on WINDOWS (1779389475f5b1b6a39a0869e4513b02)] -> xpath: //button[contains(text(),'Logout')]]
verify tab[[ChromeDriver: chrome on WINDOWS (1779389475f5b1b6a39a0869e4513b02)] -> xpath: //button[contains(text(),'Logout')]]
verify tab[[ChromeDriver: chrome on WINDOWS (1779389475f5b1b6a39a0869e4513b02)] -> xpath: //button[contains(text(),'Logout')]]
verify tab[[ChromeDriver: chrome on WINDOWS (1779389475f5b1b6a39a0869e4513b02)] -> xpath: //button[contains(text(),'Logout')]]
verify tab[[ChromeDriver: chrome on WINDOWS (1779389475f5b1b6a39a0869e4513b02)] -> xpath: //button[contains(text(),'Logout')]]
verify tab[[ChromeDriver: chrome on WINDOWS (1779389475f5b1b6a39a0869e4513b02)] -> xpath: //button[contains(text(),'Logout')]]
verify tab[[ChromeDriver: chrome on WINDOWS (1779389475f5b1b6a39a0869e4513b02)] -> xpath: //button[contains(text(),'Logout')]]
verify tab[[ChromeDriver: chrome on WINDOWS (1779389475f5b1b6a39a0869e4513b02)] -> xpath: //button[contains(text(),'Logout')]]
verify tab[[ChromeDriver: chrome on WINDOWS (1779389475f5b1b6a39a0869e4513b02)] -> xpath: //button[contains(text(),'Logout')]]
verify tab[[ChromeDriver: chrome on WINDOWS (1779389475f5b1b6a39a0869e4513b02)] -> xpath: //button[contains(text(),'Logout')]]
verify tab[[ChromeDriver: chrome on WINDOWS (1779389475f5b1b6a39a0869e4513b02)] -> xpath: //button[contains(text(),'Logout')]]
verify tab[[ChromeDriver: chrome on WINDOWS (1779389475f5b1b6a39a0869e4513b02)] -> xpath: //button[contains(text(),'Logout')]]
verify tab[[ChromeDriver: chrome on WINDOWS (1779389475f5b1b6a39a0869e4513b02)] -> xpath: //button[contains(text(),'Logout')]]
verify tab[[ChromeDriver: chrome on WINDOWS (1779389475f5b1b6a39a0869e4513b02)] -> xpath: //button[contains(text(),'Logout')]]
verify tab[[ChromeDriver: chrome on WINDOWS (1779389475f5b1b6a39a0869e4513b02)] -> xpath: //button[contains(text(),'Logout')]]
verify tab[[ChromeDriver: chrome on WINDOWS (1779389475f5b1b6a39a0869e4513b02)] -> xpath: //button[contains(text(),'Logout')]]
verify tab[[ChromeDriver: chrome on WINDOWS (1779389475f5b1b6a39a0869e4513b02)] -> xpath: //button[contains(text(),'Logout')]]
verify tab[[ChromeDriver: chrome on WINDOWS (1779389475f5b1b6a39a0869e4513b02)] -> xpath: //button[contains(text(),'Logout')]]
verify tab[[ChromeDriver: chrome on WINDOWS (1779389475f5b1b6a39a0869e4513b02)] -> xpath: //button[contains(text(),'Logout')]]
verify tab[[ChromeDriver: chrome on WINDOWS (1779389475f5b1b6a39a0869e4513b02)] -> xpath: //button[contains(text(),'Logout')]]
verify tab[[ChromeDriver: chrome on WINDOWS (1779389475f5b1b6a39a0869e4513b02)] -> xpath: //button[contains(text(),'Logout')]]
verify tab[[ChromeDriver: chrome on WINDOWS (1779389475f5b1b6a39a0869e4513b02)] -> xpath: //button[contains(text(),'Logout')]]
verify tab[[ChromeDriver: chrome on WINDOWS (1779389475f5b1b6a39a0869e4513b02)] -> xpath: //button[contains(text(),'Logout')]]
verify tab[[ChromeDriver: chrome on WINDOWS (1779389475f5b1b6a39a0869e4513b02)] -> xpath: //button[contains(text(),'Logout')]]
verify tab[[ChromeDriver: chrome on WINDOWS (1779389475f5b1b6a39a0869e4513b02)] -> xpath: //button[contains(text(),'Logout')]]
verify tab[[ChromeDriver: chrome on WINDOWS (1779389475f5b1b6a39a0869e4513b02)] -> xpath: //button[contains(text(),'Logout')]]
verify tab[[ChromeDriver: chrome on WINDOWS (1779389475f5b1b6a39a0869e4513b02)] -> xpath: //button[contains(text(),'Logout')]]
verify tab[[ChromeDriver: chrome on WINDOWS (1779389475f5b1b6a39a0869e4513b02)] -> xpath: //button[contains(text(),'Logout')]]
verify tab[[ChromeDriver: chrome on WINDOWS (1779389475f5b1b6a39a0869e4513b02)] -> xpath: //button[contains(text(),'Logout')]]
verify tab[[ChromeDriver: chrome on WINDOWS (1779389475f5b1b6a39a0869e4513b02)] -> xpath: //button[contains(text(),'Logout')]]
verify tab[[ChromeDriver: chrome on WINDOWS (1779389475f5b1b6a39a0869e4513b02)] -> xpath: //button[contains(text(),'Logout')]]
verify tab[[ChromeDriver: chrome on WINDOWS (1779389475f5b1b6a39a0869e4513b02)] -> xpath: //button[contains(text(),'Logout')]]
verify tab[[ChromeDriver: chrome on WINDOWS (1779389475f5b1b6a39a0869e4513b02)] -> xpath: //button[contains(text(),'Logout')]]
verify tab[[ChromeDriver: chrome on WINDOWS (1779389475f5b1b6a39a0869e4513b02)] -> xpath: //button[contains(text(),'Logout')]]
verify tab[[ChromeDriver: chrome on WINDOWS (1779389475f5b1b6a39a0869e4513b02)] -> xpath: //button[contains(text(),'Logout')]]
verify tab[[ChromeDriver: chrome on WINDOWS (1779389475f5b1b6a39a0869e4513b02)] -> xpath: //button[contains(text(),'Logout')]]
verify tab[[ChromeDriver: chrome on WINDOWS (1779389475f5b1b6a39a0869e4513b02)] -> xpath: //button[contains(text(),'Logout')]]
verify tab[[ChromeDriver: chrome on WINDOWS (1779389475f5b1b6a39a0869e4513b02)] -> xpath: //button[contains(text(),'Logout')]]
verify tab[[ChromeDriver: chrome on WINDOWS (1779389475f5b1b6a39a0869e4513b02)] -> xpath: //button[contains(text(),'Logout')]]
verify tab[[ChromeDriver: chrome on WINDOWS (1779389475f5b1b6a39a0869e4513b02)] -> xpath: //button[contains(text(),'Logout')]]
verify tab[[ChromeDriver: chrome on WINDOWS (1779389475f5b1b6a39a0869e4513b02)] -> xpath: //button[contains(text(),'Logout')]]
verify tab[[ChromeDriver: chrome on WINDOWS (1779389475f5b1b6a39a0869e4513b02)] -> xpath: //button[contains(text(),'Logout')]]
verify tab[[ChromeDriver: chrome on WINDOWS (1779389475f5b1b6a39a0869e4513b02)] -> xpath: //button[contains(text(),'Logout')]]
verify tab[[ChromeDriver: chrome on WINDOWS (1779389475f5b1b6a39a0869e4513b02)] -> xpath: //button[contains(text(),'Logout')]]
verify tab[[ChromeDriver: chrome on WINDOWS (1779389475f5b1b6a39a0869e4513b02)] -> xpath: //button[contains(text(),'Logout')]]
verify tab[[ChromeDriver: chrome on WINDOWS (1779389475f5b1b6a39a0869e4513b02)] -> xpath: //button[contains(text(),'Logout')]]
verify tab[[ChromeDriver: chrome on WINDOWS (1779389475f5b1b6a39a0869e4513b02)] -> xpath: //button[contains(text(),'Logout')]]
verify tab[[ChromeDriver: chrome on WINDOWS (1779389475f5b1b6a39a0869e4513b02)] -> xpath: //button[contains(text(),'Logout')]]
verify tab[[ChromeDriver: chrome on WINDOWS (1779389475f5b1b6a39a0869e4513b02)] -> xpath: //button[contains(text(),'Logout')]]
verify tab[[ChromeDriver: chrome on WINDOWS (1779389475f5b1b6a39a0869e4513b02)] -> xpath: //button[contains(text(),'Logout')]]
verify tab[[ChromeDriver: chrome on WINDOWS (1779389475f5b1b6a39a0869e4513b02)] -> xpath: //button[contains(text(),'Logout')]]
verify tab[[ChromeDriver: chrome on WINDOWS (1779389475f5b1b6a39a0869e4513b02)] -> xpath: //button[contains(text(),'Logout')]]
verify tab[[ChromeDriver: chrome on WINDOWS (1779389475f5b1b6a39a0869e4513b02)] -> xpath: //button[contains(text(),'Logout')]]
verify tab[[ChromeDriver: chrome on WINDOWS (1779389475f5b1b6a39a0869e4513b02)] -> xpath: //button[contains(text(),'Logout')]]
verify tab[[ChromeDriver: chrome on WINDOWS (1779389475f5b1b6a39a0869e4513b02)] -> xpath: //button[contains(text(),'Logout')]]
verify tab[[ChromeDriver: chrome on WINDOWS (1779389475f5b1b6a39a0869e4513b02)] -> xpath: //button[contains(text(),'Logout')]]
verify tab[[ChromeDriver: chrome on WINDOWS (1779389475f5b1b6a39a0869e4513b02)] -> xpath: //button[contains(text(),'Logout')]]
verify tab[[ChromeDriver: chrome on WINDOWS (1779389475f5b1b6a39a0869e4513b02)] -> xpath: //button[contains(text(),'Logout')]]
verify tab[[ChromeDriver: chrome on WINDOWS (1779389475f5b1b6a39a0869e4513b02)] -> xpath: //button[contains(text(),'Logout')]]
verify tab[[ChromeDriver: chrome on WINDOWS (1779389475f5b1b6a39a0869e4513b02)] -> xpath: //button[contains(text(),'Logout')]]
verify tab[[ChromeDriver: chrome on WINDOWS (1779389475f5b1b6a39a0869e4513b02)] -> xpath: //button[contains(text(),'Logout')]]
verify tab[[ChromeDriver: chrome on WINDOWS (1779389475f5b1b6a39a0869e4513b02)] -> xpath: //button[contains(text(),'Logout')]]
verify tab[[ChromeDriver: chrome on WINDOWS (1779389475f5b1b6a39a0869e4513b02)] -> xpath: //button[contains(text(),'Logout')]]
verify tab[[ChromeDriver: chrome on WINDOWS (1779389475f5b1b6a39a0869e4513b02)] -> xpath: //button[contains(text(),'Logout')]]
verify tab[[ChromeDriver: chrome on WINDOWS (1779389475f5b1b6a39a0869e4513b02)] -> xpath: //button[contains(text(),'Logout')]]
verify tab[[ChromeDriver: chrome on WINDOWS (1779389475f5b1b6a39a0869e4513b02)] -> xpath: //button[contains(text(),'Logout')]]
verify tab[[ChromeDriver: chrome on WINDOWS (1779389475f5b1b6a39a0869e4513b02)] -> xpath: //button[contains(text(),'Logout')]]
verify tab[[ChromeDriver: chrome on WINDOWS (1779389475f5b1b6a39a0869e4513b02)] -> xpath: //button[contains(text(),'Logout')]]
verify tab[[ChromeDriver: chrome on WINDOWS (1779389475f5b1b6a39a0869e4513b02)] -> xpath: //button[contains(text(),'Logout')]]
verify tab[[ChromeDriver: chrome on WINDOWS (1779389475f5b1b6a39a0869e4513b02)] -> xpath: //button[contains(text(),'Logout')]]
verify tab[[ChromeDriver: chrome on WINDOWS (1779389475f5b1b6a39a0869e4513b02)] -> xpath: //button[contains(text(),'Logout')]]
verify tab[[ChromeDriver: chrome on WINDOWS (1779389475f5b1b6a39a0869e4513b02)] -> xpath: //button[contains(text(),'Logout')]]
verify tab[[ChromeDriver: chrome on WINDOWS (1779389475f5b1b6a39a0869e4513b02)] -> xpath: //button[contains(text(),'Logout')]]
verify tab[[ChromeDriver: chrome on WINDOWS (1779389475f5b1b6a39a0869e4513b02)] -> xpath: //button[contains(text(),'Logout')]]
verify tab[[ChromeDriver: chrome on WINDOWS (1779389475f5b1b6a39a0869e4513b02)] -> xpath: //button[contains(text(),'Logout')]]
verify tab[[ChromeDriver: chrome on WINDOWS (1779389475f5b1b6a39a0869e4513b02)] -> xpath: //button[contains(text(),'Logout')]]
verify tab[[ChromeDriver: chrome on WINDOWS (1779389475f5b1b6a39a0869e4513b02)] -> xpath: //button[contains(text(),'Logout')]]
verify tab[[ChromeDriver: chrome on WINDOWS (1779389475f5b1b6a39a0869e4513b02)] -> xpath: //button[contains(text(),'Logout')]]
verify tab[[ChromeDriver: chrome on WINDOWS (1779389475f5b1b6a39a0869e4513b02)] -> xpath: //button[contains(text(),'Logout')]]
verify tab[[ChromeDriver: chrome on WINDOWS (1779389475f5b1b6a39a0869e4513b02)] -> xpath: //button[contains(text(),'Logout')]]
verify tab[[ChromeDriver: chrome on WINDOWS (1779389475f5b1b6a39a0869e4513b02)] -> xpath: //button[contains(text(),'Logout')]]
verify tab[[ChromeDriver: chrome on WINDOWS (1779389475f5b1b6a39a0869e4513b02)] -> xpath: //button[contains(text(),'Logout')]]
verify tab[[ChromeDriver: chrome on WINDOWS (1779389475f5b1b6a39a0869e4513b02)] -> xpath: //button[contains(text(),'Logout')]]
verify tab[[ChromeDriver: chrome on WINDOWS (1779389475f5b1b6a39a0869e4513b02)] -> xpath: //button[contains(text(),'Logout')]]
verify tab[[ChromeDriver: chrome on WINDOWS (1779389475f5b1b6a39a0869e4513b02)] -> xpath: //button[contains(text(),'Logout')]]
verify tab[[ChromeDriver: chrome on WINDOWS (1779389475f5b1b6a39a0869e4513b02)] -> xpath: //button[contains(text(),'Logout')]]
verify tab[[ChromeDriver: chrome on WINDOWS (1779389475f5b1b6a39a0869e4513b02)] -> xpath: //button[contains(text(),'Logout')]]
verify tab[[ChromeDriver: chrome on WINDOWS (1779389475f5b1b6a39a0869e4513b02)] -> xpath: //button[contains(text(),'Logout')]]
verify tab[[ChromeDriver: chrome on WINDOWS (1779389475f5b1b6a39a0869e4513b02)] -> xpath: //button[contains(text(),'Logout')]]
verify tab[[ChromeDriver: chrome on WINDOWS (1779389475f5b1b6a39a0869e4513b02)] -> xpath: //button[contains(text(),'Logout')]]
verify tab[[ChromeDriver: chrome on WINDOWS (1779389475f5b1b6a39a0869e4513b02)] -> xpath: //button[contains(text(),'Logout')]]
verify tab[[ChromeDriver: chrome on WINDOWS (1779389475f5b1b6a39a0869e4513b02)] -> xpath: //button[contains(text(),'Logout')]]
verify tab[[ChromeDriver: chrome on WINDOWS (1779389475f5b1b6a39a0869e4513b02)] -> xpath: //button[contains(text(),'Logout')]]
verify tab[[ChromeDriver: chrome on WINDOWS (1779389475f5b1b6a39a0869e4513b02)] -> xpath: //button[contains(text(),'Logout')]]
verify tab[[ChromeDriver: chrome on WINDOWS (1779389475f5b1b6a39a0869e4513b02)] -> xpath: //button[contains(text(),'Logout')]]
verify tab[[ChromeDriver: chrome on WINDOWS (1779389475f5b1b6a39a0869e4513b02)] -> xpath: //button[contains(text(),'Logout')]]
verify tab[[ChromeDriver: chrome on WINDOWS (1779389475f5b1b6a39a0869e4513b02)] -> xpath: //button[contains(text(),'Logout')]]
verify tab[[ChromeDriver: chrome on WINDOWS (1779389475f5b1b6a39a0869e4513b02)] -> xpath: //button[contains(text(),'Logout')]]
verify tab[[ChromeDriver: chrome on WINDOWS (1779389475f5b1b6a39a0869e4513b02)] -> xpath: //button[contains(text(),'Logout')]]
verify tab[[ChromeDriver: chrome on WINDOWS (1779389475f5b1b6a39a0869e4513b02)] -> xpath: //button[contains(text(),'Logout')]]
verify tab[[ChromeDriver: chrome on WINDOWS (1779389475f5b1b6a39a0869e4513b02)] -> xpath: //button[contains(text(),'Logout')]]
verify tab[[ChromeDriver: chrome on WINDOWS (1779389475f5b1b6a39a0869e4513b02)] -> xpath: //button[contains(text(),'Logout')]]
verify tab[[ChromeDriver: chrome on WINDOWS (1779389475f5b1b6a39a0869e4513b02)] -> xpath: //button[contains(text(),'Logout')]]
verify tab[[ChromeDriver: chrome on WINDOWS (1779389475f5b1b6a39a0869e4513b02)] -> xpath: //button[contains(text(),'Logout')]]
verify tab[[ChromeDriver: chrome on WINDOWS (1779389475f5b1b6a39a0869e4513b02)] -> xpath: //button[contains(text(),'Logout')]]
verify tab[[ChromeDriver: chrome on WINDOWS (1779389475f5b1b6a39a0869e4513b02)] -> xpath: //button[contains(text(),'Logout')]]
verify tab[[ChromeDriver: chrome on WINDOWS (1779389475f5b1b6a39a0869e4513b02)] -> xpath: //button[contains(text(),'Logout')]]
verify tab[[ChromeDriver: chrome on WINDOWS (1779389475f5b1b6a39a0869e4513b02)] -> xpath: //button[contains(text(),'Logout')]]
verify tab[[ChromeDriver: chrome on WINDOWS (1779389475f5b1b6a39a0869e4513b02)] -> xpath: //button[contains(text(),'Logout')]]
verify tab[[ChromeDriver: chrome on WINDOWS (1779389475f5b1b6a39a0869e4513b02)] -> xpath: //button[contains(text(),'Logout')]]
verify tab[[ChromeDriver: chrome on WINDOWS (1779389475f5b1b6a39a0869e4513b02)] -> xpath: //button[contains(text(),'Logout')]]
verify tab[[ChromeDriver: chrome on WINDOWS (1779389475f5b1b6a39a0869e4513b02)] -> xpath: //button[contains(text(),'Logout')]]
verify tab[[ChromeDriver: chrome on WINDOWS (1779389475f5b1b6a39a0869e4513b02)] -> xpath: //button[contains(text(),'Logout')]]
verify tab[[ChromeDriver: chrome on WINDOWS (1779389475f5b1b6a39a0869e4513b02)] -> xpath: //button[contains(text(),'Logout')]]
verify tab[[ChromeDriver: chrome on WINDOWS (1779389475f5b1b6a39a0869e4513b02)] -> xpath: //button[contains(text(),'Logout')]]
verify tab[[ChromeDriver: chrome on WINDOWS (1779389475f5b1b6a39a0869e4513b02)] -> xpath: //button[contains(text(),'Logout')]]
verify tab[[ChromeDriver: chrome on WINDOWS (1779389475f5b1b6a39a0869e4513b02)] -> xpath: //button[contains(text(),'Logout')]]
verify tab[[ChromeDriver: chrome on WINDOWS (1779389475f5b1b6a39a0869e4513b02)] -> xpath: //button[contains(text(),'Logout')]]
verify tab[[ChromeDriver: chrome on WINDOWS (1779389475f5b1b6a39a0869e4513b02)] -> xpath: //button[contains(text(),'Logout')]]
verify tab[[ChromeDriver: chrome on WINDOWS (1779389475f5b1b6a39a0869e4513b02)] -> xpath: //button[contains(text(),'Logout')]]
verify tab[[ChromeDriver: chrome on WINDOWS (1779389475f5b1b6a39a0869e4513b02)] -> xpath: //button[contains(text(),'Logout')]]
verify tab[[ChromeDriver: chrome on WINDOWS (1779389475f5b1b6a39a0869e4513b02)] -> xpath: //button[contains(text(),'Logout')]]
verify tab[[ChromeDriver: chrome on WINDOWS (1779389475f5b1b6a39a0869e4513b02)] -> xpath: //button[contains(text(),'Logout')]]
verify tab[[ChromeDriver: chrome on WINDOWS (1779389475f5b1b6a39a0869e4513b02)] -> xpath: //button[contains(text(),'Logout')]]
verify tab[[ChromeDriver: chrome on WINDOWS (1779389475f5b1b6a39a0869e4513b02)] -> xpath: //button[contains(text(),'Logout')]]
verify tab[[ChromeDriver: chrome on WINDOWS (1779389475f5b1b6a39a0869e4513b02)] -> xpath: //button[contains(text(),'Logout')]]
verify tab[[ChromeDriver: chrome on WINDOWS (1779389475f5b1b6a39a0869e4513b02)] -> xpath: //button[contains(text(),'Logout')]]
verify tab[[ChromeDriver: chrome on WINDOWS (1779389475f5b1b6a39a0869e4513b02)] -> xpath: //button[contains(text(),'Logout')]]
verify tab[[ChromeDriver: chrome on WINDOWS (1779389475f5b1b6a39a0869e4513b02)] -> xpath: //button[contains(text(),'Logout')]]
verify tab[[ChromeDriver: chrome on WINDOWS (1779389475f5b1b6a39a0869e4513b02)] -> xpath: //button[contains(text(),'Logout')]]
verify tab[[ChromeDriver: chrome on WINDOWS (1779389475f5b1b6a39a0869e4513b02)] -> xpath: //button[contains(text(),'Logout')]]
verify tab[[ChromeDriver: chrome on WINDOWS (1779389475f5b1b6a39a0869e4513b02)] -> xpath: //button[contains(text(),'Logout')]]
verify tab[[ChromeDriver: chrome on WINDOWS (1779389475f5b1b6a39a0869e4513b02)] -> xpath: //button[contains(text(),'Logout')]]
verify tab[[ChromeDriver: chrome on WINDOWS (1779389475f5b1b6a39a0869e4513b02)] -> xpath: //button[contains(text(),'Logout')]]
verify tab[[ChromeDriver: chrome on WINDOWS (1779389475f5b1b6a39a0869e4513b02)] -> xpath: //button[contains(text(),'Logout')]]
verify tab[[ChromeDriver: chrome on WINDOWS (1779389475f5b1b6a39a0869e4513b02)] -> xpath: //button[contains(text(),'Logout')]]
verify tab[[ChromeDriver: chrome on WINDOWS (1779389475f5b1b6a39a0869e4513b02)] -> xpath: //button[contains(text(),'Logout')]]
verify tab[[ChromeDriver: chrome on WINDOWS (1779389475f5b1b6a39a0869e4513b02)] -> xpath: //button[contains(text(),'Logout')]]
verify tab[[ChromeDriver: chrome on WINDOWS (1779389475f5b1b6a39a0869e4513b02)] -> xpath: //button[contains(text(),'Logout')]]
verify tab[[ChromeDriver: chrome on WINDOWS (1779389475f5b1b6a39a0869e4513b02)] -> xpath: //button[contains(text(),'Logout')]]
verify tab[[ChromeDriver: chrome on WINDOWS (1779389475f5b1b6a39a0869e4513b02)] -> xpath: //button[contains(text(),'Logout')]]
verify tab[[ChromeDriver: chrome on WINDOWS (1779389475f5b1b6a39a0869e4513b02)] -> xpath: //button[contains(text(),'Logout')]]
verify tab[[ChromeDriver: chrome on WINDOWS (1779389475f5b1b6a39a0869e4513b02)] -> xpath: //button[contains(text(),'Logout')]]
verify tab[[ChromeDriver: chrome on WINDOWS (1779389475f5b1b6a39a0869e4513b02)] -> xpath: //button[contains(text(),'Logout')]]
verify tab[[ChromeDriver: chrome on WINDOWS (1779389475f5b1b6a39a0869e4513b02)] -> xpath: //button[contains(text(),'Logout')]]
verify tab[[ChromeDriver: chrome on WINDOWS (1779389475f5b1b6a39a0869e4513b02)] -> xpath: //button[contains(text(),'Logout')]]
verify tab[[ChromeDriver: chrome on WINDOWS (1779389475f5b1b6a39a0869e4513b02)] -> xpath: //button[contains(text(),'Logout')]]
verify tab[[ChromeDriver: chrome on WINDOWS (1779389475f5b1b6a39a0869e4513b02)] -> xpath: //button[contains(text(),'Logout')]]
verify tab[[ChromeDriver: chrome on WINDOWS (1779389475f5b1b6a39a0869e4513b02)] -> xpath: //button[contains(text(),'Logout')]]
verify tab[[ChromeDriver: chrome on WINDOWS (1779389475f5b1b6a39a0869e4513b02)] -> xpath: //button[contains(text(),'Logout')]]
verify tab[[ChromeDriver: chrome on WINDOWS (1779389475f5b1b6a39a0869e4513b02)] -> xpath: //button[contains(text(),'Logout')]]
verify tab[[ChromeDriver: chrome on WINDOWS (1779389475f5b1b6a39a0869e4513b02)] -> xpath: //button[contains(text(),'Logout')]]
verify tab[[ChromeDriver: chrome on WINDOWS (1779389475f5b1b6a39a0869e4513b02)] -> xpath: //button[contains(text(),'Logout')]]
verify tab[[ChromeDriver: chrome on WINDOWS (1779389475f5b1b6a39a0869e4513b02)] -> xpath: //button[contains(text(),'Logout')]]
verify tab[[ChromeDriver: chrome on WINDOWS (1779389475f5b1b6a39a0869e4513b02)] -> xpath: //button[contains(text(),'Logout')]]
verify tab[[ChromeDriver: chrome on WINDOWS (1779389475f5b1b6a39a0869e4513b02)] -> xpath: //button[contains(text(),'Logout')]]
verify tab[[ChromeDriver: chrome on WINDOWS (1779389475f5b1b6a39a0869e4513b02)] -> xpath: //button[contains(text(),'Logout')]]
verify tab[[ChromeDriver: chrome on WINDOWS (1779389475f5b1b6a39a0869e4513b02)] -> xpath: //button[contains(text(),'Logout')]]
verify tab[[ChromeDriver: chrome on WINDOWS (1779389475f5b1b6a39a0869e4513b02)] -> xpath: //button[contains(text(),'Logout')]]
verify tab[[ChromeDriver: chrome on WINDOWS (1779389475f5b1b6a39a0869e4513b02)] -> xpath: //button[contains(text(),'Logout')]]
verify tab[[ChromeDriver: chrome on WINDOWS (1779389475f5b1b6a39a0869e4513b02)] -> xpath: //button[contains(text(),'Logout')]]
verify tab[[ChromeDriver: chrome on WINDOWS (1779389475f5b1b6a39a0869e4513b02)] -> xpath: //button[contains(text(),'Logout')]]
verify tab[[ChromeDriver: chrome on WINDOWS (1779389475f5b1b6a39a0869e4513b02)] -> xpath: //button[contains(text(),'Logout')]]
verify tab[[ChromeDriver: chrome on WINDOWS (1779389475f5b1b6a39a0869e4513b02)] -> xpath: //button[contains(text(),'Logout')]]
verify tab[[ChromeDriver: chrome on WINDOWS (1779389475f5b1b6a39a0869e4513b02)] -> xpath: //button[contains(text(),'Logout')]]
verify tab[[ChromeDriver: chrome on WINDOWS (1779389475f5b1b6a39a0869e4513b02)] -> xpath: //button[contains(text(),'Logout')]]
verify tab[[ChromeDriver: chrome on WINDOWS (1779389475f5b1b6a39a0869e4513b02)] -> xpath: //button[contains(text(),'Logout')]]
verify tab[[ChromeDriver: chrome on WINDOWS (1779389475f5b1b6a39a0869e4513b02)] -> xpath: //button[contains(text(),'Logout')]]
verify tab[[ChromeDriver: chrome on WINDOWS (1779389475f5b1b6a39a0869e4513b02)] -> xpath: //button[contains(text(),'Logout')]]
verify tab[[ChromeDriver: chrome on WINDOWS (1779389475f5b1b6a39a0869e4513b02)] -> xpath: //button[contains(text(),'Logout')]]
verify tab[[ChromeDriver: chrome on WINDOWS (1779389475f5b1b6a39a0869e4513b02)] -> xpath: //button[contains(text(),'Logout')]]
verify tab[[ChromeDriver: chrome on WINDOWS (1779389475f5b1b6a39a0869e4513b02)] -> xpath: //button[contains(text(),'Logout')]]
verify tab[[ChromeDriver: chrome on WINDOWS (1779389475f5b1b6a39a0869e4513b02)] -> xpath: //button[contains(text(),'Logout')]]
verify tab[[ChromeDriver: chrome on WINDOWS (1779389475f5b1b6a39a0869e4513b02)] -> xpath: //button[contains(text(),'Logout')]]
verify tab[[ChromeDriver: chrome on WINDOWS (1779389475f5b1b6a39a0869e4513b02)] -> xpath: //button[contains(text(),'Logout')]]
verify tab[[ChromeDriver: chrome on WINDOWS (1779389475f5b1b6a39a0869e4513b02)] -> xpath: //button[contains(text(),'Logout')]]
verify tab[[ChromeDriver: chrome on WINDOWS (1779389475f5b1b6a39a0869e4513b02)] -> xpath: //button[contains(text(),'Logout')]]
verify tab[[ChromeDriver: chrome on WINDOWS (1779389475f5b1b6a39a0869e4513b02)] -> xpath: //button[contains(text(),'Logout')]]
verify tab[[ChromeDriver: chrome on WINDOWS (1779389475f5b1b6a39a0869e4513b02)] -> xpath: //button[contains(text(),'Logout')]]
verify tab[[ChromeDriver: chrome on WINDOWS (1779389475f5b1b6a39a0869e4513b02)] -> xpath: //button[contains(text(),'Logout')]]
verify tab[[ChromeDriver: chrome on WINDOWS (1779389475f5b1b6a39a0869e4513b02)] -> xpath: //button[contains(text(),'Logout')]]
verify tab[[ChromeDriver: chrome on WINDOWS (1779389475f5b1b6a39a0869e4513b02)] -> xpath: //button[contains(text(),'Logout')]]
verify tab[[ChromeDriver: chrome on WINDOWS (1779389475f5b1b6a39a0869e4513b02)] -> xpath: //button[contains(text(),'Logout')]]
verify tab[[ChromeDriver: chrome on WINDOWS (1779389475f5b1b6a39a0869e4513b02)] -> xpath: //button[contains(text(),'Logout')]]
verify tab[[ChromeDriver: chrome on WINDOWS (1779389475f5b1b6a39a0869e4513b02)] -> xpath: //button[contains(text(),'Logout')]]
verify tab[[ChromeDriver: chrome on WINDOWS (1779389475f5b1b6a39a0869e4513b02)] -> xpath: //button[contains(text(),'Logout')]]
verify tab[[ChromeDriver: chrome on WINDOWS (1779389475f5b1b6a39a0869e4513b02)] -> xpath: //button[contains(text(),'Logout')]]
verify tab[[ChromeDriver: chrome on WINDOWS (1779389475f5b1b6a39a0869e4513b02)] -> xpath: //button[contains(text(),'Logout')]]
verify tab[[ChromeDriver: chrome on WINDOWS (1779389475f5b1b6a39a0869e4513b02)] -> xpath: //button[contains(text(),'Logout')]]
verify tab[[ChromeDriver: chrome on WINDOWS (1779389475f5b1b6a39a0869e4513b02)] -> xpath: //button[contains(text(),'Logout')]]
verify tab[[ChromeDriver: chrome on WINDOWS (1779389475f5b1b6a39a0869e4513b02)] -> xpath: //button[contains(text(),'Logout')]]
verify tab[[ChromeDriver: chrome on WINDOWS (1779389475f5b1b6a39a0869e4513b02)] -> xpath: //button[contains(text(),'Logout')]]
verify tab[[ChromeDriver: chrome on WINDOWS (1779389475f5b1b6a39a0869e4513b02)] -> xpath: //button[contains(text(),'Logout')]]
verify tab[[ChromeDriver: chrome on WINDOWS (1779389475f5b1b6a39a0869e4513b02)] -> xpath: //button[contains(text(),'Logout')]]
verify tab[[ChromeDriver: chrome on WINDOWS (1779389475f5b1b6a39a0869e4513b02)] -> xpath: //button[contains(text(),'Logout')]]
verify tab[[ChromeDriver: chrome on WINDOWS (1779389475f5b1b6a39a0869e4513b02)] -> xpath: //button[contains(text(),'Logout')]]
verify tab[[ChromeDriver: chrome on WINDOWS (1779389475f5b1b6a39a0869e4513b02)] -> xpath: //button[contains(text(),'Logout')]]
verify tab[[ChromeDriver: chrome on WINDOWS (1779389475f5b1b6a39a0869e4513b02)] -> xpath: //button[contains(text(),'Logout')]]
verify tab[[ChromeDriver: chrome on WINDOWS (1779389475f5b1b6a39a0869e4513b02)] -> xpath: //button[contains(text(),'Logout')]]
verify tab[[ChromeDriver: chrome on WINDOWS (1779389475f5b1b6a39a0869e4513b02)] -> xpath: //button[contains(text(),'Logout')]]
verify tab[[ChromeDriver: chrome on WINDOWS (1779389475f5b1b6a39a0869e4513b02)] -> xpath: //button[contains(text(),'Logout')]]
verify tab[[ChromeDriver: chrome on WINDOWS (1779389475f5b1b6a39a0869e4513b02)] -> xpath: //button[contains(text(),'Logout')]]
verify tab[[ChromeDriver: chrome on WINDOWS (1779389475f5b1b6a39a0869e4513b02)] -> xpath: //button[contains(text(),'Logout')]]
verify tab[[ChromeDriver: chrome on WINDOWS (1779389475f5b1b6a39a0869e4513b02)] -> xpath: //button[contains(text(),'Logout')]]
verify tab[[ChromeDriver: chrome on WINDOWS (1779389475f5b1b6a39a0869e4513b02)] -> xpath: //button[contains(text(),'Logout')]]
verify tab[[ChromeDriver: chrome on WINDOWS (1779389475f5b1b6a39a0869e4513b02)] -> xpath: //button[contains(text(),'Logout')]]
verify tab[[ChromeDriver: chrome on WINDOWS (1779389475f5b1b6a39a0869e4513b02)] -> xpath: //button[contains(text(),'Logout')]]
verify tab[[ChromeDriver: chrome on WINDOWS (1779389475f5b1b6a39a0869e4513b02)] -> xpath: //button[contains(text(),'Logout')]]
verify tab[[ChromeDriver: chrome on WINDOWS (1779389475f5b1b6a39a0869e4513b02)] -> xpath: //button[contains(text(),'Logout')]]
verify tab[[ChromeDriver: chrome on WINDOWS (1779389475f5b1b6a39a0869e4513b02)] -> xpath: //button[contains(text(),'Logout')]]
verify tab[[ChromeDriver: chrome on WINDOWS (1779389475f5b1b6a39a0869e4513b02)] -> xpath: //button[contains(text(),'Logout')]]
verify tab[[ChromeDriver: chrome on WINDOWS (1779389475f5b1b6a39a0869e4513b02)] -> xpath: //button[contains(text(),'Logout')]]
verify tab[[ChromeDriver: chrome on WINDOWS (1779389475f5b1b6a39a0869e4513b02)] -> xpath: //button[contains(text(),'Logout')]]
verify tab[[ChromeDriver: chrome on WINDOWS (1779389475f5b1b6a39a0869e4513b02)] -> xpath: //button[contains(text(),'Logout')]]
verify tab[[ChromeDriver: chrome on WINDOWS (1779389475f5b1b6a39a0869e4513b02)] -> xpath: //button[contains(text(),'Logout')]]
verify tab[[ChromeDriver: chrome on WINDOWS (1779389475f5b1b6a39a0869e4513b02)] -> xpath: //button[contains(text(),'Logout')]]
verify tab[[ChromeDriver: chrome on WINDOWS (1779389475f5b1b6a39a0869e4513b02)] -> xpath: //button[contains(text(),'Logout')]]
verify tab[[ChromeDriver: chrome on WINDOWS (1779389475f5b1b6a39a0869e4513b02)] -> xpath: //button[contains(text(),'Logout')]]
verify tab[[ChromeDriver: chrome on WINDOWS (1779389475f5b1b6a39a0869e4513b02)] -> xpath: //button[contains(text(),'Logout')]]
verify tab[[ChromeDriver: chrome on WINDOWS (1779389475f5b1b6a39a0869e4513b02)] -> xpath: //button[contains(text(),'Logout')]]
verify tab[[ChromeDriver: chrome on WINDOWS (1779389475f5b1b6a39a0869e4513b02)] -> xpath: //button[contains(text(),'Logout')]]
verify tab[[ChromeDriver: chrome on WINDOWS (1779389475f5b1b6a39a0869e4513b02)] -> xpath: //button[contains(text(),'Logout')]]
verify tab[[ChromeDriver: chrome on WINDOWS (1779389475f5b1b6a39a0869e4513b02)] -> xpath: //button[contains(text(),'Logout')]]
verify tab[[ChromeDriver: chrome on WINDOWS (1779389475f5b1b6a39a0869e4513b02)] -> xpath: //button[contains(text(),'Logout')]]
verify tab[[ChromeDriver: chrome on WINDOWS (1779389475f5b1b6a39a0869e4513b02)] -> xpath: //button[contains(text(),'Logout')]]
verify tab[[ChromeDriver: chrome on WINDOWS (1779389475f5b1b6a39a0869e4513b02)] -> xpath: //button[contains(text(),'Logout')]]
verify tab[[ChromeDriver: chrome on WINDOWS (1779389475f5b1b6a39a0869e4513b02)] -> xpath: //button[contains(text(),'Logout')]]
verify tab[[ChromeDriver: chrome on WINDOWS (1779389475f5b1b6a39a0869e4513b02)] -> xpath: //button[contains(text(),'Logout')]]
verify tab[[ChromeDriver: chrome on WINDOWS (1779389475f5b1b6a39a0869e4513b02)] -> xpath: //button[contains(text(),'Logout')]]
verify tab[[ChromeDriver: chrome on WINDOWS (1779389475f5b1b6a39a0869e4513b02)] -> xpath: //button[contains(text(),'Logout')]]
verify tab[[ChromeDriver: chrome on WINDOWS (1779389475f5b1b6a39a0869e4513b02)] -> xpath: //button[contains(text(),'Logout')]]
verify tab[[ChromeDriver: chrome on WINDOWS (1779389475f5b1b6a39a0869e4513b02)] -> xpath: //button[contains(text(),'Logout')]]
verify tab[[ChromeDriver: chrome on WINDOWS (1779389475f5b1b6a39a0869e4513b02)] -> xpath: //button[contains(text(),'Logout')]]
verify tab[[ChromeDriver: chrome on WINDOWS (1779389475f5b1b6a39a0869e4513b02)] -> xpath: //button[contains(text(),'Logout')]]
verify tab[[ChromeDriver: chrome on WINDOWS (1779389475f5b1b6a39a0869e4513b02)] -> xpath: //button[contains(text(),'Logout')]]
verify tab[[ChromeDriver: chrome on WINDOWS (1779389475f5b1b6a39a0869e4513b02)] -> xpath: //button[contains(text(),'Logout')]]
verify tab[[ChromeDriver: chrome on WINDOWS (1779389475f5b1b6a39a0869e4513b02)] -> xpath: //button[contains(text(),'Logout')]]
verify tab[[ChromeDriver: chrome on WINDOWS (1779389475f5b1b6a39a0869e4513b02)] -> xpath: //button[contains(text(),'Logout')]]
verify tab[[ChromeDriver: chrome on WINDOWS (1779389475f5b1b6a39a0869e4513b02)] -> xpath: //button[contains(text(),'Logout')]]
verify tab[[ChromeDriver: chrome on WINDOWS (1779389475f5b1b6a39a0869e4513b02)] -> xpath: //button[contains(text(),'Logout')]]
verify tab[[ChromeDriver: chrome on WINDOWS (1779389475f5b1b6a39a0869e4513b02)] -> xpath: //button[contains(text(),'Logout')]]
verify tab[[ChromeDriver: chrome on WINDOWS (1779389475f5b1b6a39a0869e4513b02)] -> xpath: //button[contains(text(),'Logout')]]
verify tab[[ChromeDriver: chrome on WINDOWS (1779389475f5b1b6a39a0869e4513b02)] -> xpath: //button[contains(text(),'Logout')]]
verify tab[[ChromeDriver: chrome on WINDOWS (1779389475f5b1b6a39a0869e4513b02)] -> xpath: //button[contains(text(),'Logout')]]
verify tab[[ChromeDriver: chrome on WINDOWS (1779389475f5b1b6a39a0869e4513b02)] -> xpath: //button[contains(text(),'Logout')]]
verify tab[[ChromeDriver: chrome on WINDOWS (1779389475f5b1b6a39a0869e4513b02)] -> xpath: //button[contains(text(),'Logout')]]
verify tab[[ChromeDriver: chrome on WINDOWS (1779389475f5b1b6a39a0869e4513b02)] -> xpath: //button[contains(text(),'Logout')]]
verify tab[[ChromeDriver: chrome on WINDOWS (1779389475f5b1b6a39a0869e4513b02)] -> xpath: //button[contains(text(),'Logout')]]
verify tab[[ChromeDriver: chrome on WINDOWS (1779389475f5b1b6a39a0869e4513b02)] -> xpath: //button[contains(text(),'Logout')]]
verify tab[[ChromeDriver: chrome on WINDOWS (1779389475f5b1b6a39a0869e4513b02)] -> xpath: //button[contains(text(),'Logout')]]
verify tab[[ChromeDriver: chrome on WINDOWS (1779389475f5b1b6a39a0869e4513b02)] -> xpath: //button[contains(text(),'Logout')]]
verify tab[[ChromeDriver: chrome on WINDOWS (1779389475f5b1b6a39a0869e4513b02)] -> xpath: //button[contains(text(),'Logout')]]
verify tab[[ChromeDriver: chrome on WINDOWS (1779389475f5b1b6a39a0869e4513b02)] -> xpath: //button[contains(text(),'Logout')]]
verify tab[[ChromeDriver: chrome on WINDOWS (1779389475f5b1b6a39a0869e4513b02)] -> xpath: //button[contains(text(),'Logout')]]
verify tab[[ChromeDriver: chrome on WINDOWS (1779389475f5b1b6a39a0869e4513b02)] -> xpath: //button[contains(text(),'Logout')]]
verify tab[[ChromeDriver: chrome on WINDOWS (1779389475f5b1b6a39a0869e4513b02)] -> xpath: //button[contains(text(),'Logout')]]
verify tab[[ChromeDriver: chrome on WINDOWS (1779389475f5b1b6a39a0869e4513b02)] -> xpath: //button[contains(text(),'Logout')]]
verify tab[[ChromeDriver: chrome on WINDOWS (1779389475f5b1b6a39a0869e4513b02)] -> xpath: //button[contains(text(),'Logout')]]
verify tab[[ChromeDriver: chrome on WINDOWS (1779389475f5b1b6a39a0869e4513b02)] -> xpath: //button[contains(text(),'Logout')]]
verify tab[[ChromeDriver: chrome on WINDOWS (1779389475f5b1b6a39a0869e4513b02)] -> xpath: //button[contains(text(),'Logout')]]
verify tab[[ChromeDriver: chrome on WINDOWS (1779389475f5b1b6a39a0869e4513b02)] -> xpath: //button[contains(text(),'Logout')]]
verify tab[[ChromeDriver: chrome on WINDOWS (1779389475f5b1b6a39a0869e4513b02)] -> xpath: //button[contains(text(),'Logout')]]
verify tab[[ChromeDriver: chrome on WINDOWS (1779389475f5b1b6a39a0869e4513b02)] -> xpath: //button[contains(text(),'Logout')]]
verify tab[[ChromeDriver: chrome on WINDOWS (1779389475f5b1b6a39a0869e4513b02)] -> xpath: //button[contains(text(),'Logout')]]
verify tab[[ChromeDriver: chrome on WINDOWS (1779389475f5b1b6a39a0869e4513b02)] -> xpath: //button[contains(text(),'Logout')]]
verify tab[[ChromeDriver: chrome on WINDOWS (1779389475f5b1b6a39a0869e4513b02)] -> xpath: //button[contains(text(),'Logout')]]
verify tab[[ChromeDriver: chrome on WINDOWS (1779389475f5b1b6a39a0869e4513b02)] -> xpath: //button[contains(text(),'Logout')]]
verify tab[[ChromeDriver: chrome on WINDOWS (1779389475f5b1b6a39a0869e4513b02)] -> xpath: //button[contains(text(),'Logout')]]
verify tab[[ChromeDriver: chrome on WINDOWS (1779389475f5b1b6a39a0869e4513b02)] -> xpath: //button[contains(text(),'Logout')]]
verify tab[[ChromeDriver: chrome on WINDOWS (1779389475f5b1b6a39a0869e4513b02)] -> xpath: //button[contains(text(),'Logout')]]
verify tab[[ChromeDriver: chrome on WINDOWS (1779389475f5b1b6a39a0869e4513b02)] -> xpath: //button[contains(text(),'Logout')]]
verify tab[[ChromeDriver: chrome on WINDOWS (1779389475f5b1b6a39a0869e4513b02)] -> xpath: //button[contains(text(),'Logout')]]
verify tab[[ChromeDriver: chrome on WINDOWS (1779389475f5b1b6a39a0869e4513b02)] -> xpath: //button[contains(text(),'Logout')]]
verify tab[[ChromeDriver: chrome on WINDOWS (1779389475f5b1b6a39a0869e4513b02)] -> xpath: //button[contains(text(),'Logout')]]
verify tab[[ChromeDriver: chrome on WINDOWS (1779389475f5b1b6a39a0869e4513b02)] -> xpath: //button[contains(text(),'Logout')]]
verify tab[[ChromeDriver: chrome on WINDOWS (1779389475f5b1b6a39a0869e4513b02)] -> xpath: //button[contains(text(),'Logout')]]
verify tab[[ChromeDriver: chrome on WINDOWS (1779389475f5b1b6a39a0869e4513b02)] -> xpath: //button[contains(text(),'Logout')]]
verify tab[[ChromeDriver: chrome on WINDOWS (1779389475f5b1b6a39a0869e4513b02)] -> xpath: //button[contains(text(),'Logout')]]
verify tab[[ChromeDriver: chrome on WINDOWS (1779389475f5b1b6a39a0869e4513b02)] -> xpath: //button[contains(text(),'Logout')]]
verify tab[[ChromeDriver: chrome on WINDOWS (1779389475f5b1b6a39a0869e4513b02)] -> xpath: //button[contains(text(),'Logout')]]
verify tab[[ChromeDriver: chrome on WINDOWS (1779389475f5b1b6a39a0869e4513b02)] -> xpath: //button[contains(text(),'Logout')]]
verify tab[[ChromeDriver: chrome on WINDOWS (1779389475f5b1b6a39a0869e4513b02)] -> xpath: //button[contains(text(),'Logout')]]
verify tab[[ChromeDriver: chrome on WINDOWS (1779389475f5b1b6a39a0869e4513b02)] -> xpath: //button[contains(text(),'Logout')]]
verify tab[[ChromeDriver: chrome on WINDOWS (1779389475f5b1b6a39a0869e4513b02)] -> xpath: //button[contains(text(),'Logout')]]
verify tab[[ChromeDriver: chrome on WINDOWS (1779389475f5b1b6a39a0869e4513b02)] -> xpath: //button[contains(text(),'Logout')]]
verify tab[[ChromeDriver: chrome on WINDOWS (1779389475f5b1b6a39a0869e4513b02)] -> xpath: //button[contains(text(),'Logout')]]
verify tab[[ChromeDriver: chrome on WINDOWS (1779389475f5b1b6a39a0869e4513b02)] -> xpath: //button[contains(text(),'Logout')]]
verify tab[[ChromeDriver: chrome on WINDOWS (1779389475f5b1b6a39a0869e4513b02)] -> xpath: //button[contains(text(),'Logout')]]
verify tab[[ChromeDriver: chrome on WINDOWS (1779389475f5b1b6a39a0869e4513b02)] -> xpath: //button[contains(text(),'Logout')]]
verify tab[[ChromeDriver: chrome on WINDOWS (1779389475f5b1b6a39a0869e4513b02)] -> xpath: //button[contains(text(),'Logout')]]
verify tab[[ChromeDriver: chrome on WINDOWS (1779389475f5b1b6a39a0869e4513b02)] -> xpath: //button[contains(text(),'Logout')]]
verify tab[[ChromeDriver: chrome on WINDOWS (1779389475f5b1b6a39a0869e4513b02)] -> xpath: //button[contains(text(),'Logout')]]
verify tab[[ChromeDriver: chrome on WINDOWS (1779389475f5b1b6a39a0869e4513b02)] -> xpath: //button[contains(text(),'Logout')]]
verify tab[[ChromeDriver: chrome on WINDOWS (1779389475f5b1b6a39a0869e4513b02)] -> xpath: //button[contains(text(),'Logout')]]
verify tab[[ChromeDriver: chrome on WINDOWS (1779389475f5b1b6a39a0869e4513b02)] -> xpath: //button[contains(text(),'Logout')]]
verify tab[[ChromeDriver: chrome on WINDOWS (1779389475f5b1b6a39a0869e4513b02)] -> xpath: //button[contains(text(),'Logout')]]
verify tab[[ChromeDriver: chrome on WINDOWS (1779389475f5b1b6a39a0869e4513b02)] -> xpath: //button[contains(text(),'Logout')]]
verify tab[[ChromeDriver: chrome on WINDOWS (1779389475f5b1b6a39a0869e4513b02)] -> xpath: //button[contains(text(),'Logout')]]
verify tab[[ChromeDriver: chrome on WINDOWS (1779389475f5b1b6a39a0869e4513b02)] -> xpath: //button[contains(text(),'Logout')]]
verify tab[[ChromeDriver: chrome on WINDOWS (1779389475f5b1b6a39a0869e4513b02)] -> xpath: //button[contains(text(),'Logout')]]
verify tab[[ChromeDriver: chrome on WINDOWS (1779389475f5b1b6a39a0869e4513b02)] -> xpath: //button[contains(text(),'Logout')]]
verify tab[[ChromeDriver: chrome on WINDOWS (1779389475f5b1b6a39a0869e4513b02)] -> xpath: //button[contains(text(),'Logout')]]
verify tab[[ChromeDriver: chrome on WINDOWS (1779389475f5b1b6a39a0869e4513b02)] -> xpath: //button[contains(text(),'Logout')]]
verify tab[[ChromeDriver: chrome on WINDOWS (1779389475f5b1b6a39a0869e4513b02)] -> xpath: //button[contains(text(),'Logout')]]
verify tab[[ChromeDriver: chrome on WINDOWS (1779389475f5b1b6a39a0869e4513b02)] -> xpath: //button[contains(text(),'Logout')]]
verify tab[[ChromeDriver: chrome on WINDOWS (1779389475f5b1b6a39a0869e4513b02)] -> xpath: //button[contains(text(),'Logout')]]
verify tab[[ChromeDriver: chrome on WINDOWS (1779389475f5b1b6a39a0869e4513b02)] -> xpath: //button[contains(text(),'Logout')]]
verify tab[[ChromeDriver: chrome on WINDOWS (1779389475f5b1b6a39a0869e4513b02)] -> xpath: //button[contains(text(),'Logout')]]
verify tab[[ChromeDriver: chrome on WINDOWS (1779389475f5b1b6a39a0869e4513b02)] -> xpath: //button[contains(text(),'Logout')]]
verify tab[[ChromeDriver: chrome on WINDOWS (1779389475f5b1b6a39a0869e4513b02)] -> xpath: //button[contains(text(),'Logout')]]
verify tab[[ChromeDriver: chrome on WINDOWS (1779389475f5b1b6a39a0869e4513b02)] -> xpath: //button[contains(text(),'Logout')]]
verify tab[[ChromeDriver: chrome on WINDOWS (1779389475f5b1b6a39a0869e4513b02)] -> xpath: //button[contains(text(),'Logout')]]
verify tab[[ChromeDriver: chrome on WINDOWS (1779389475f5b1b6a39a0869e4513b02)] -> xpath: //button[contains(text(),'Logout')]]
verify tab[[ChromeDriver: chrome on WINDOWS (1779389475f5b1b6a39a0869e4513b02)] -> xpath: //button[contains(text(),'Logout')]]
verify tab[[ChromeDriver: chrome on WINDOWS (1779389475f5b1b6a39a0869e4513b02)] -> xpath: //button[contains(text(),'Logout')]]
verify tab[[ChromeDriver: chrome on WINDOWS (1779389475f5b1b6a39a0869e4513b02)] -> xpath: //button[contains(text(),'Logout')]]
verify tab[[ChromeDriver: chrome on WINDOWS (1779389475f5b1b6a39a0869e4513b02)] -> xpath: //button[contains(text(),'Logout')]]
verify tab[[ChromeDriver: chrome on WINDOWS (1779389475f5b1b6a39a0869e4513b02)] -> xpath: //button[contains(text(),'Logout')]]
verify tab[[ChromeDriver: chrome on WINDOWS (1779389475f5b1b6a39a0869e4513b02)] -> xpath: //button[contains(text(),'Logout')]]
verify tab[[ChromeDriver: chrome on WINDOWS (1779389475f5b1b6a39a0869e4513b02)] -> xpath: //button[contains(text(),'Logout')]]
verify tab[[ChromeDriver: chrome on WINDOWS (1779389475f5b1b6a39a0869e4513b02)] -> xpath: //button[contains(text(),'Logout')]]
verify tab[[ChromeDriver: chrome on WINDOWS (1779389475f5b1b6a39a0869e4513b02)] -> xpath: //button[contains(text(),'Logout')]]
verify tab[[ChromeDriver: chrome on WINDOWS (1779389475f5b1b6a39a0869e4513b02)] -> xpath: //button[contains(text(),'Logout')]]
verify tab[[ChromeDriver: chrome on WINDOWS (1779389475f5b1b6a39a0869e4513b02)] -> xpath: //button[contains(text(),'Logout')]]
verify tab[[ChromeDriver: chrome on WINDOWS (1779389475f5b1b6a39a0869e4513b02)] -> xpath: //button[contains(text(),'Logout')]]
verify tab[[ChromeDriver: chrome on WINDOWS (1779389475f5b1b6a39a0869e4513b02)] -> xpath: //button[contains(text(),'Logout')]]
verify tab[[ChromeDriver: chrome on WINDOWS (1779389475f5b1b6a39a0869e4513b02)] -> xpath: //button[contains(text(),'Logout')]]
verify tab[[ChromeDriver: chrome on WINDOWS (1779389475f5b1b6a39a0869e4513b02)] -> xpath: //button[contains(text(),'Logout')]]
verify tab[[ChromeDriver: chrome on WINDOWS (1779389475f5b1b6a39a0869e4513b02)] -> xpath: //button[contains(text(),'Logout')]]
verify tab[[ChromeDriver: chrome on WINDOWS (1779389475f5b1b6a39a0869e4513b02)] -> xpath: //button[contains(text(),'Logout')]]
verify tab[[ChromeDriver: chrome on WINDOWS (1779389475f5b1b6a39a0869e4513b02)] -> xpath: //button[contains(text(),'Logout')]]
verify tab[[ChromeDriver: chrome on WINDOWS (1779389475f5b1b6a39a0869e4513b02)] -> xpath: //button[contains(text(),'Logout')]]
verify tab[[ChromeDriver: chrome on WINDOWS (1779389475f5b1b6a39a0869e4513b02)] -> xpath: //button[contains(text(),'Logout')]]
verify tab[[ChromeDriver: chrome on WINDOWS (1779389475f5b1b6a39a0869e4513b02)] -> xpath: //button[contains(text(),'Logout')]]
verify tab[[ChromeDriver: chrome on WINDOWS (1779389475f5b1b6a39a0869e4513b02)] -> xpath: //button[contains(text(),'Logout')]]
verify tab[[ChromeDriver: chrome on WINDOWS (1779389475f5b1b6a39a0869e4513b02)] -> xpath: //button[contains(text(),'Logout')]]
verify tab[[ChromeDriver: chrome on WINDOWS (1779389475f5b1b6a39a0869e4513b02)] -> xpath: //button[contains(text(),'Logout')]]
verify tab[[ChromeDriver: chrome on WINDOWS (1779389475f5b1b6a39a0869e4513b02)] -> xpath: //button[contains(text(),'Logout')]]
verify tab[[ChromeDriver: chrome on WINDOWS (1779389475f5b1b6a39a0869e4513b02)] -> xpath: //button[contains(text(),'Logout')]]
verify tab[[ChromeDriver: chrome on WINDOWS (1779389475f5b1b6a39a0869e4513b02)] -> xpath: //button[contains(text(),'Logout')]]
verify tab[[ChromeDriver: chrome on WINDOWS (1779389475f5b1b6a39a0869e4513b02)] -> xpath: //button[contains(text(),'Logout')]]
verify tab[[ChromeDriver: chrome on WINDOWS (1779389475f5b1b6a39a0869e4513b02)] -> xpath: //button[contains(text(),'Logout')]]
verify tab[[ChromeDriver: chrome on WINDOWS (1779389475f5b1b6a39a0869e4513b02)] -> xpath: //button[contains(text(),'Logout')]]
verify tab[[ChromeDriver: chrome on WINDOWS (1779389475f5b1b6a39a0869e4513b02)] -> xpath: //button[contains(text(),'Logout')]]
verify tab[[ChromeDriver: chrome on WINDOWS (1779389475f5b1b6a39a0869e4513b02)] -> xpath: //button[contains(text(),'Logout')]]
verify tab[[ChromeDriver: chrome on WINDOWS (1779389475f5b1b6a39a0869e4513b02)] -> xpath: //button[contains(text(),'Logout')]]
verify tab[[ChromeDriver: chrome on WINDOWS (1779389475f5b1b6a39a0869e4513b02)] -> xpath: //button[contains(text(),'Logout')]]
verify tab[[ChromeDriver: chrome on WINDOWS (1779389475f5b1b6a39a0869e4513b02)] -> xpath: //button[contains(text(),'Logout')]]
verify tab[[ChromeDriver: chrome on WINDOWS (1779389475f5b1b6a39a0869e4513b02)] -> xpath: //button[contains(text(),'Logout')]]
verify tab[[ChromeDriver: chrome on WINDOWS (1779389475f5b1b6a39a0869e4513b02)] -> xpath: //button[contains(text(),'Logout')]]
verify tab[[ChromeDriver: chrome on WINDOWS (1779389475f5b1b6a39a0869e4513b02)] -> xpath: //button[contains(text(),'Logout')]]
verify tab[[ChromeDriver: chrome on WINDOWS (1779389475f5b1b6a39a0869e4513b02)] -> xpath: //button[contains(text(),'Logout')]]
verify tab[[ChromeDriver: chrome on WINDOWS (1779389475f5b1b6a39a0869e4513b02)] -> xpath: //button[contains(text(),'Logout')]]
verify tab[[ChromeDriver: chrome on WINDOWS (1779389475f5b1b6a39a0869e4513b02)] -> xpath: //button[contains(text(),'Logout')]]
verify tab[[ChromeDriver: chrome on WINDOWS (1779389475f5b1b6a39a0869e4513b02)] -> xpath: //button[contains(text(),'Logout')]]
verify tab[[ChromeDriver: chrome on WINDOWS (1779389475f5b1b6a39a0869e4513b02)] -> xpath: //button[contains(text(),'Logout')]]
verify tab[[ChromeDriver: chrome on WINDOWS (1779389475f5b1b6a39a0869e4513b02)] -> xpath: //button[contains(text(),'Logout')]]
verify tab[[ChromeDriver: chrome on WINDOWS (1779389475f5b1b6a39a0869e4513b02)] -> xpath: //button[contains(text(),'Logout')]]
verify tab[[ChromeDriver: chrome on WINDOWS (1779389475f5b1b6a39a0869e4513b02)] -> xpath: //button[contains(text(),'Logout')]]
verify tab[[ChromeDriver: chrome on WINDOWS (1779389475f5b1b6a39a0869e4513b02)] -> xpath: //button[contains(text(),'Logout')]]
verify tab[[ChromeDriver: chrome on WINDOWS (1779389475f5b1b6a39a0869e4513b02)] -> xpath: //button[contains(text(),'Logout')]]
verify tab[[ChromeDriver: chrome on WINDOWS (1779389475f5b1b6a39a0869e4513b02)] -> xpath: //button[contains(text(),'Logout')]]
verify tab[[ChromeDriver: chrome on WINDOWS (1779389475f5b1b6a39a0869e4513b02)] -> xpath: //button[contains(text(),'Logout')]]
verify tab[[ChromeDriver: chrome on WINDOWS (1779389475f5b1b6a39a0869e4513b02)] -> xpath: //button[contains(text(),'Logout')]]
verify tab[[ChromeDriver: chrome on WINDOWS (1779389475f5b1b6a39a0869e4513b02)] -> xpath: //button[contains(text(),'Logout')]]
verify tab[[ChromeDriver: chrome on WINDOWS (1779389475f5b1b6a39a0869e4513b02)] -> xpath: //button[contains(text(),'Logout')]]
verify tab[[ChromeDriver: chrome on WINDOWS (1779389475f5b1b6a39a0869e4513b02)] -> xpath: //button[contains(text(),'Logout')]]
verify tab[[ChromeDriver: chrome on WINDOWS (1779389475f5b1b6a39a0869e4513b02)] -> xpath: //button[contains(text(),'Logout')]]
verify tab[[ChromeDriver: chrome on WINDOWS (1779389475f5b1b6a39a0869e4513b02)] -> xpath: //button[contains(text(),'Logout')]]
verify tab[[ChromeDriver: chrome on WINDOWS (1779389475f5b1b6a39a0869e4513b02)] -> xpath: //button[contains(text(),'Logout')]]
verify tab[[ChromeDriver: chrome on WINDOWS (1779389475f5b1b6a39a0869e4513b02)] -> xpath: //button[contains(text(),'Logout')]]
verify tab[[ChromeDriver: chrome on WINDOWS (1779389475f5b1b6a39a0869e4513b02)] -> xpath: //button[contains(text(),'Logout')]]
verify tab[[ChromeDriver: chrome on WINDOWS (1779389475f5b1b6a39a0869e4513b02)] -> xpath: //button[contains(text(),'Logout')]]
verify tab[[ChromeDriver: chrome on WINDOWS (1779389475f5b1b6a39a0869e4513b02)] -> xpath: //button[contains(text(),'Logout')]]
verify tab[[ChromeDriver: chrome on WINDOWS (1779389475f5b1b6a39a0869e4513b02)] -> xpath: //button[contains(text(),'Logout')]]
verify tab[[ChromeDriver: chrome on WINDOWS (1779389475f5b1b6a39a0869e4513b02)] -> xpath: //button[contains(text(),'Logout')]]
verify tab[[ChromeDriver: chrome on WINDOWS (1779389475f5b1b6a39a0869e4513b02)] -> xpath: //button[contains(text(),'Logout')]]
verify tab[[ChromeDriver: chrome on WINDOWS (1779389475f5b1b6a39a0869e4513b02)] -> xpath: //button[contains(text(),'Logout')]]
verify tab[[ChromeDriver: chrome on WINDOWS (1779389475f5b1b6a39a0869e4513b02)] -> xpath: //button[contains(text(),'Logout')]]
verify tab[[ChromeDriver: chrome on WINDOWS (1779389475f5b1b6a39a0869e4513b02)] -> xpath: //button[contains(text(),'Logout')]]
verify tab[[ChromeDriver: chrome on WINDOWS (1779389475f5b1b6a39a0869e4513b02)] -> xpath: //button[contains(text(),'Logout')]]
verify tab[[ChromeDriver: chrome on WINDOWS (1779389475f5b1b6a39a0869e4513b02)] -> xpath: //button[contains(text(),'Logout')]]
verify tab[[ChromeDriver: chrome on WINDOWS (1779389475f5b1b6a39a0869e4513b02)] -> xpath: //button[contains(text(),'Logout')]]
verify tab[[ChromeDriver: chrome on WINDOWS (1779389475f5b1b6a39a0869e4513b02)] -> xpath: //button[contains(text(),'Logout')]]
verify tab[[ChromeDriver: chrome on WINDOWS (1779389475f5b1b6a39a0869e4513b02)] -> xpath: //button[contains(text(),'Logout')]]
verify tab[[ChromeDriver: chrome on WINDOWS (1779389475f5b1b6a39a0869e4513b02)] -> xpath: //button[contains(text(),'Logout')]]
verify tab[[ChromeDriver: chrome on WINDOWS (1779389475f5b1b6a39a0869e4513b02)] -> xpath: //button[contains(text(),'Logout')]]
verify tab[[ChromeDriver: chrome on WINDOWS (1779389475f5b1b6a39a0869e4513b02)] -> xpath: //button[contains(text(),'Logout')]]
verify tab[[ChromeDriver: chrome on WINDOWS (1779389475f5b1b6a39a0869e4513b02)] -> xpath: //button[contains(text(),'Logout')]]
verify tab[[ChromeDriver: chrome on WINDOWS (1779389475f5b1b6a39a0869e4513b02)] -> xpath: //button[contains(text(),'Logout')]]
verify tab[[ChromeDriver: chrome on WINDOWS (1779389475f5b1b6a39a0869e4513b02)] -> xpath: //button[contains(text(),'Logout')]]
verify tab[[ChromeDriver: chrome on WINDOWS (1779389475f5b1b6a39a0869e4513b02)] -> xpath: //button[contains(text(),'Logout')]]
verify tab[[ChromeDriver: chrome on WINDOWS (1779389475f5b1b6a39a0869e4513b02)] -> xpath: //button[contains(text(),'Logout')]]
verify tab[[ChromeDriver: chrome on WINDOWS (1779389475f5b1b6a39a0869e4513b02)] -> xpath: //button[contains(text(),'Logout')]]
verify tab[[ChromeDriver: chrome on WINDOWS (1779389475f5b1b6a39a0869e4513b02)] -> xpath: //button[contains(text(),'Logout')]]
verify tab[[ChromeDriver: chrome on WINDOWS (1779389475f5b1b6a39a0869e4513b02)] -> xpath: //button[contains(text(),'Logout')]]
verify tab[[ChromeDriver: chrome on WINDOWS (1779389475f5b1b6a39a0869e4513b02)] -> xpath: //button[contains(text(),'Logout')]]
verify tab[[ChromeDriver: chrome on WINDOWS (1779389475f5b1b6a39a0869e4513b02)] -> xpath: //button[contains(text(),'Logout')]]
verify tab[[ChromeDriver: chrome on WINDOWS (1779389475f5b1b6a39a0869e4513b02)] -> xpath: //button[contains(text(),'Logout')]]
verify tab[[ChromeDriver: chrome on WINDOWS (1779389475f5b1b6a39a0869e4513b02)] -> xpath: //button[contains(text(),'Logout')]]
verify tab[[ChromeDriver: chrome on WINDOWS (1779389475f5b1b6a39a0869e4513b02)] -> xpath: //button[contains(text(),'Logout')]]
verify tab[[ChromeDriver: chrome on WINDOWS (1779389475f5b1b6a39a0869e4513b02)] -> xpath: //button[contains(text(),'Logout')]]
verify tab[[ChromeDriver: chrome on WINDOWS (1779389475f5b1b6a39a0869e4513b02)] -> xpath: //button[contains(text(),'Logout')]]
verify tab[[ChromeDriver: chrome on WINDOWS (1779389475f5b1b6a39a0869e4513b02)] -> xpath: //button[contains(text(),'Logout')]]
verify tab[[ChromeDriver: chrome on WINDOWS (1779389475f5b1b6a39a0869e4513b02)] -> xpath: //button[contains(text(),'Logout')]]
verify tab[[ChromeDriver: chrome on WINDOWS (1779389475f5b1b6a39a0869e4513b02)] -> xpath: //button[contains(text(),'Logout')]]
verify tab[[ChromeDriver: chrome on WINDOWS (1779389475f5b1b6a39a0869e4513b02)] -> xpath: //button[contains(text(),'Logout')]]
verify tab[[ChromeDriver: chrome on WINDOWS (1779389475f5b1b6a39a0869e4513b02)] -> xpath: //button[contains(text(),'Logout')]]
verify tab[[ChromeDriver: chrome on WINDOWS (1779389475f5b1b6a39a0869e4513b02)] -> xpath: //button[contains(text(),'Logout')]]
verify tab[[ChromeDriver: chrome on WINDOWS (1779389475f5b1b6a39a0869e4513b02)] -> xpath: //button[contains(text(),'Logout')]]
verify tab[[ChromeDriver: chrome on WINDOWS (1779389475f5b1b6a39a0869e4513b02)] -> xpath: //button[contains(text(),'Logout')]]
verify tab[[ChromeDriver: chrome on WINDOWS (1779389475f5b1b6a39a0869e4513b02)] -> xpath: //button[contains(text(),'Logout')]]
verify tab[[ChromeDriver: chrome on WINDOWS (1779389475f5b1b6a39a0869e4513b02)] -> xpath: //button[contains(text(),'Logout')]]
verify tab[[ChromeDriver: chrome on WINDOWS (1779389475f5b1b6a39a0869e4513b02)] -> xpath: //button[contains(text(),'Logout')]]
verify tab[[ChromeDriver: chrome on WINDOWS (1779389475f5b1b6a39a0869e4513b02)] -> xpath: //button[contains(text(),'Logout')]]
verify tab[[ChromeDriver: chrome on WINDOWS (1779389475f5b1b6a39a0869e4513b02)] -> xpath: //button[contains(text(),'Logout')]]
verify tab[[ChromeDriver: chrome on WINDOWS (1779389475f5b1b6a39a0869e4513b02)] -> xpath: //button[contains(text(),'Logout')]]
verify tab[[ChromeDriver: chrome on WINDOWS (1779389475f5b1b6a39a0869e4513b02)] -> xpath: //button[contains(text(),'Logout')]]
verify tab[[ChromeDriver: chrome on WINDOWS (1779389475f5b1b6a39a0869e4513b02)] -> xpath: //button[contains(text(),'Logout')]]
verify tab[[ChromeDriver: chrome on WINDOWS (1779389475f5b1b6a39a0869e4513b02)] -> xpath: //button[contains(text(),'Logout')]]
verify tab[[ChromeDriver: chrome on WINDOWS (1779389475f5b1b6a39a0869e4513b02)] -> xpath: //button[contains(text(),'Logout')]]
verify tab[[ChromeDriver: chrome on WINDOWS (1779389475f5b1b6a39a0869e4513b02)] -> xpath: //button[contains(text(),'Logout')]]
verify tab[[ChromeDriver: chrome on WINDOWS (1779389475f5b1b6a39a0869e4513b02)] -> xpath: //button[contains(text(),'Logout')]]
verify tab[[ChromeDriver: chrome on WINDOWS (1779389475f5b1b6a39a0869e4513b02)] -> xpath: //button[contains(text(),'Logout')]]
verify tab[[ChromeDriver: chrome on WINDOWS (1779389475f5b1b6a39a0869e4513b02)] -> xpath: //button[contains(text(),'Logout')]]
verify tab[[ChromeDriver: chrome on WINDOWS (1779389475f5b1b6a39a0869e4513b02)] -> xpath: //button[contains(text(),'Logout')]]
verify tab[[ChromeDriver: chrome on WINDOWS (1779389475f5b1b6a39a0869e4513b02)] -> xpath: //button[contains(text(),'Logout')]]
verify tab[[ChromeDriver: chrome on WINDOWS (1779389475f5b1b6a39a0869e4513b02)] -> xpath: //button[contains(text(),'Logout')]]
verify tab[[ChromeDriver: chrome on WINDOWS (1779389475f5b1b6a39a0869e4513b02)] -> xpath: //button[contains(text(),'Logout')]]
verify tab[[ChromeDriver: chrome on WINDOWS (1779389475f5b1b6a39a0869e4513b02)] -> xpath: //button[contains(text(),'Logout')]]
verify tab[[ChromeDriver: chrome on WINDOWS (1779389475f5b1b6a39a0869e4513b02)] -> xpath: //button[contains(text(),'Logout')]]
verify tab[[ChromeDriver: chrome on WINDOWS (1779389475f5b1b6a39a0869e4513b02)] -> xpath: //button[contains(text(),'Logout')]]
verify tab[[ChromeDriver: chrome on WINDOWS (1779389475f5b1b6a39a0869e4513b02)] -> xpath: //button[contains(text(),'Logout')]]
verify tab[[ChromeDriver: chrome on WINDOWS (1779389475f5b1b6a39a0869e4513b02)] -> xpath: //button[contains(text(),'Logout')]]
verify tab[[ChromeDriver: chrome on WINDOWS (1779389475f5b1b6a39a0869e4513b02)] -> xpath: //button[contains(text(),'Logout')]]
verify tab[[ChromeDriver: chrome on WINDOWS (1779389475f5b1b6a39a0869e4513b02)] -> xpath: //button[contains(text(),'Logout')]]
verify tab[[ChromeDriver: chrome on WINDOWS (1779389475f5b1b6a39a0869e4513b02)] -> xpath: //button[contains(text(),'Logout')]]
verify tab[[ChromeDriver: chrome on WINDOWS (1779389475f5b1b6a39a0869e4513b02)] -> xpath: //button[contains(text(),'Logout')]]
verify tab[[ChromeDriver: chrome on WINDOWS (1779389475f5b1b6a39a0869e4513b02)] -> xpath: //button[contains(text(),'Logout')]]
verify tab[[ChromeDriver: chrome on WINDOWS (1779389475f5b1b6a39a0869e4513b02)] -> xpath: //button[contains(text(),'Logout')]]
verify tab[[ChromeDriver: chrome on WINDOWS (1779389475f5b1b6a39a0869e4513b02)] -> xpath: //button[contains(text(),'Logout')]]
verify tab[[ChromeDriver: chrome on WINDOWS (1779389475f5b1b6a39a0869e4513b02)] -> xpath: //button[contains(text(),'Logout')]]
verify tab[[ChromeDriver: chrome on WINDOWS (1779389475f5b1b6a39a0869e4513b02)] -> xpath: //button[contains(text(),'Logout')]]
verify tab[[ChromeDriver: chrome on WINDOWS (1779389475f5b1b6a39a0869e4513b02)] -> xpath: //button[contains(text(),'Logout')]]
verify tab[[ChromeDriver: chrome on WINDOWS (1779389475f5b1b6a39a0869e4513b02)] -> xpath: //button[contains(text(),'Logout')]]
verify tab[[ChromeDriver: chrome on WINDOWS (1779389475f5b1b6a39a0869e4513b02)] -> xpath: //button[contains(text(),'Logout')]]
verify tab[[ChromeDriver: chrome on WINDOWS (1779389475f5b1b6a39a0869e4513b02)] -> xpath: //button[contains(text(),'Logout')]]
verify tab[[ChromeDriver: chrome on WINDOWS (1779389475f5b1b6a39a0869e4513b02)] -> xpath: //button[contains(text(),'Logout')]]
verify tab[[ChromeDriver: chrome on WINDOWS (1779389475f5b1b6a39a0869e4513b02)] -> xpath: //button[contains(text(),'Logout')]]
verify tab[[ChromeDriver: chrome on WINDOWS (1779389475f5b1b6a39a0869e4513b02)] -> xpath: //button[contains(text(),'Logout')]]
verify tab[[ChromeDriver: chrome on WINDOWS (1779389475f5b1b6a39a0869e4513b02)] -> xpath: //button[contains(text(),'Logout')]]
verify tab[[ChromeDriver: chrome on WINDOWS (1779389475f5b1b6a39a0869e4513b02)] -> xpath: //button[contains(text(),'Logout')]]
verify tab[[ChromeDriver: chrome on WINDOWS (1779389475f5b1b6a39a0869e4513b02)] -> xpath: //button[contains(text(),'Logout')]]
verify tab[[ChromeDriver: chrome on WINDOWS (1779389475f5b1b6a39a0869e4513b02)] -> xpath: //button[contains(text(),'Logout')]]
verify tab[[ChromeDriver: chrome on WINDOWS (1779389475f5b1b6a39a0869e4513b02)] -> xpath: //button[contains(text(),'Logout')]]
verify tab[[ChromeDriver: chrome on WINDOWS (1779389475f5b1b6a39a0869e4513b02)] -> xpath: //button[contains(text(),'Logout')]]
verify tab[[ChromeDriver: chrome on WINDOWS (1779389475f5b1b6a39a0869e4513b02)] -> xpath: //button[contains(text(),'Logout')]]
verify tab[[ChromeDriver: chrome on WINDOWS (1779389475f5b1b6a39a0869e4513b02)] -> xpath: //button[contains(text(),'Logout')]]
verify tab[[ChromeDriver: chrome on WINDOWS (1779389475f5b1b6a39a0869e4513b02)] -> xpath: //button[contains(text(),'Logout')]]
verify tab[[ChromeDriver: chrome on WINDOWS (1779389475f5b1b6a39a0869e4513b02)] -> xpath: //button[contains(text(),'Logout')]]
verify tab[[ChromeDriver: chrome on WINDOWS (1779389475f5b1b6a39a0869e4513b02)] -> xpath: //button[contains(text(),'Logout')]]
verify tab[[ChromeDriver: chrome on WINDOWS (1779389475f5b1b6a39a0869e4513b02)] -> xpath: //button[contains(text(),'Logout')]]
verify tab[[ChromeDriver: chrome on WINDOWS (1779389475f5b1b6a39a0869e4513b02)] -> xpath: //button[contains(text(),'Logout')]]
verify tab[[ChromeDriver: chrome on WINDOWS (1779389475f5b1b6a39a0869e4513b02)] -> xpath: //button[contains(text(),'Logout')]]
verify tab[[ChromeDriver: chrome on WINDOWS (1779389475f5b1b6a39a0869e4513b02)] -> xpath: //button[contains(text(),'Logout')]]
verify tab[[ChromeDriver: chrome on WINDOWS (1779389475f5b1b6a39a0869e4513b02)] -> xpath: //button[contains(text(),'Logout')]]
verify tab[[ChromeDriver: chrome on WINDOWS (1779389475f5b1b6a39a0869e4513b02)] -> xpath: //button[contains(text(),'Logout')]]
verify tab[[ChromeDriver: chrome on WINDOWS (1779389475f5b1b6a39a0869e4513b02)] -> xpath: //button[contains(text(),'Logout')]]
verify tab[[ChromeDriver: chrome on WINDOWS (1779389475f5b1b6a39a0869e4513b02)] -> xpath: //button[contains(text(),'Logout')]]
verify tab[[ChromeDriver: chrome on WINDOWS (1779389475f5b1b6a39a0869e4513b02)] -> xpath: //button[contains(text(),'Logout')]]
verify tab[[ChromeDriver: chrome on WINDOWS (1779389475f5b1b6a39a0869e4513b02)] -> xpath: //button[contains(text(),'Logout')]]
verify tab[[ChromeDriver: chrome on WINDOWS (1779389475f5b1b6a39a0869e4513b02)] -> xpath: //button[contains(text(),'Logout')]]
verify tab[[ChromeDriver: chrome on WINDOWS (1779389475f5b1b6a39a0869e4513b02)] -> xpath: //button[contains(text(),'Logout')]]
verify tab[[ChromeDriver: chrome on WINDOWS (1779389475f5b1b6a39a0869e4513b02)] -> xpath: //button[contains(text(),'Logout')]]
verify tab[[ChromeDriver: chrome on WINDOWS (1779389475f5b1b6a39a0869e4513b02)] -> xpath: //button[contains(text(),'Logout')]]
verify tab[[ChromeDriver: chrome on WINDOWS (1779389475f5b1b6a39a0869e4513b02)] -> xpath: //button[contains(text(),'Logout')]]
verify tab[[ChromeDriver: chrome on WINDOWS (1779389475f5b1b6a39a0869e4513b02)] -> xpath: //button[contains(text(),'Logout')]]
verify tab[[ChromeDriver: chrome on WINDOWS (1779389475f5b1b6a39a0869e4513b02)] -> xpath: //button[contains(text(),'Logout')]]
verify tab[[ChromeDriver: chrome on WINDOWS (1779389475f5b1b6a39a0869e4513b02)] -> xpath: //button[contains(text(),'Logout')]]
verify tab[[ChromeDriver: chrome on WINDOWS (1779389475f5b1b6a39a0869e4513b02)] -> xpath: //button[contains(text(),'Logout')]]
verify tab[[ChromeDriver: chrome on WINDOWS (1779389475f5b1b6a39a0869e4513b02)] -> xpath: //button[contains(text(),'Logout')]]
verify tab[[ChromeDriver: chrome on WINDOWS (1779389475f5b1b6a39a0869e4513b02)] -> xpath: //button[contains(text(),'Logout')]]
verify tab[[ChromeDriver: chrome on WINDOWS (1779389475f5b1b6a39a0869e4513b02)] -> xpath: //button[contains(text(),'Logout')]]
verify tab[[ChromeDriver: chrome on WINDOWS (1779389475f5b1b6a39a0869e4513b02)] -> xpath: //button[contains(text(),'Logout')]]
verify tab[[ChromeDriver: chrome on WINDOWS (1779389475f5b1b6a39a0869e4513b02)] -> xpath: //button[contains(text(),'Logout')]]
verify tab[[ChromeDriver: chrome on WINDOWS (1779389475f5b1b6a39a0869e4513b02)] -> xpath: //button[contains(text(),'Logout')]]
verify tab[[ChromeDriver: chrome on WINDOWS (1779389475f5b1b6a39a0869e4513b02)] -> xpath: //button[contains(text(),'Logout')]]
verify tab[[ChromeDriver: chrome on WINDOWS (1779389475f5b1b6a39a0869e4513b02)] -> xpath: //button[contains(text(),'Logout')]]
verify tab[[ChromeDriver: chrome on WINDOWS (1779389475f5b1b6a39a0869e4513b02)] -> xpath: //button[contains(text(),'Logout')]]
verify tab[[ChromeDriver: chrome on WINDOWS (1779389475f5b1b6a39a0869e4513b02)] -> xpath: //button[contains(text(),'Logout')]]
verify tab[[ChromeDriver: chrome on WINDOWS (1779389475f5b1b6a39a0869e4513b02)] -> xpath: //button[contains(text(),'Logout')]]
verify tab[[ChromeDriver: chrome on WINDOWS (1779389475f5b1b6a39a0869e4513b02)] -> xpath: //button[contains(text(),'Logout')]]
verify tab[[ChromeDriver: chrome on WINDOWS (1779389475f5b1b6a39a0869e4513b02)] -> xpath: //button[contains(text(),'Logout')]]
verify tab[[ChromeDriver: chrome on WINDOWS (1779389475f5b1b6a39a0869e4513b02)] -> xpath: //button[contains(text(),'Logout')]]
verify tab[[ChromeDriver: chrome on WINDOWS (1779389475f5b1b6a39a0869e4513b02)] -> xpath: //button[contains(text(),'Logout')]]
verify tab[[ChromeDriver: chrome on WINDOWS (1779389475f5b1b6a39a0869e4513b02)] -> xpath: //button[contains(text(),'Logout')]]
verify tab[[ChromeDriver: chrome on WINDOWS (1779389475f5b1b6a39a0869e4513b02)] -> xpath: //button[contains(text(),'Logout')]]
verify tab[[ChromeDriver: chrome on WINDOWS (1779389475f5b1b6a39a0869e4513b02)] -> xpath: //button[contains(text(),'Logout')]]
verify tab[[ChromeDriver: chrome on WINDOWS (1779389475f5b1b6a39a0869e4513b02)] -> xpath: //button[contains(text(),'Logout')]]
verify tab[[ChromeDriver: chrome on WINDOWS (1779389475f5b1b6a39a0869e4513b02)] -> xpath: //button[contains(text(),'Logout')]]
verify tab[[ChromeDriver: chrome on WINDOWS (1779389475f5b1b6a39a0869e4513b02)] -> xpath: //button[contains(text(),'Logout')]]
verify tab[[ChromeDriver: chrome on WINDOWS (1779389475f5b1b6a39a0869e4513b02)] -> xpath: //button[contains(text(),'Logout')]]
verify tab[[ChromeDriver: chrome on WINDOWS (1779389475f5b1b6a39a0869e4513b02)] -> xpath: //button[contains(text(),'Logout')]]
verify tab[[ChromeDriver: chrome on WINDOWS (1779389475f5b1b6a39a0869e4513b02)] -> xpath: //button[contains(text(),'Logout')]]
verify tab[[ChromeDriver: chrome on WINDOWS (1779389475f5b1b6a39a0869e4513b02)] -> xpath: //button[contains(text(),'Logout')]]
verify tab[[ChromeDriver: chrome on WINDOWS (1779389475f5b1b6a39a0869e4513b02)] -> xpath: //button[contains(text(),'Logout')]]
verify tab[[ChromeDriver: chrome on WINDOWS (1779389475f5b1b6a39a0869e4513b02)] -> xpath: //button[contains(text(),'Logout')]]
verify tab[[ChromeDriver: chrome on WINDOWS (1779389475f5b1b6a39a0869e4513b02)] -> xpath: //button[contains(text(),'Logout')]]
verify tab[[ChromeDriver: chrome on WINDOWS (1779389475f5b1b6a39a0869e4513b02)] -> xpath: //button[contains(text(),'Logout')]]
verify tab[[ChromeDriver: chrome on WINDOWS (1779389475f5b1b6a39a0869e4513b02)] -> xpath: //button[contains(text(),'Logout')]]
verify tab[[ChromeDriver: chrome on WINDOWS (1779389475f5b1b6a39a0869e4513b02)] -> xpath: //button[contains(text(),'Logout')]]
verify tab[[ChromeDriver: chrome on WINDOWS (1779389475f5b1b6a39a0869e4513b02)] -> xpath: //button[contains(text(),'Logout')]]
verify tab[[ChromeDriver: chrome on WINDOWS (1779389475f5b1b6a39a0869e4513b02)] -> xpath: //button[contains(text(),'Logout')]]
verify tab[[ChromeDriver: chrome on WINDOWS (1779389475f5b1b6a39a0869e4513b02)] -> xpath: //button[contains(text(),'Logout')]]
verify tab[[ChromeDriver: chrome on WINDOWS (1779389475f5b1b6a39a0869e4513b02)] -> xpath: //button[contains(text(),'Logout')]]
verify tab[[ChromeDriver: chrome on WINDOWS (1779389475f5b1b6a39a0869e4513b02)] -> xpath: //button[contains(text(),'Logout')]]
verify tab[[ChromeDriver: chrome on WINDOWS (1779389475f5b1b6a39a0869e4513b02)] -> xpath: //button[contains(text(),'Logout')]]
verify tab[[ChromeDriver: chrome on WINDOWS (1779389475f5b1b6a39a0869e4513b02)] -> xpath: //button[contains(text(),'Logout')]]
verify tab[[ChromeDriver: chrome on WINDOWS (1779389475f5b1b6a39a0869e4513b02)] -> xpath: //button[contains(text(),'Logout')]]
verify tab[[ChromeDriver: chrome on WINDOWS (1779389475f5b1b6a39a0869e4513b02)] -> xpath: //button[contains(text(),'Logout')]]
verify tab[[ChromeDriver: chrome on WINDOWS (1779389475f5b1b6a39a0869e4513b02)] -> xpath: //button[contains(text(),'Logout')]]
verify tab[[ChromeDriver: chrome on WINDOWS (1779389475f5b1b6a39a0869e4513b02)] -> xpath: //button[contains(text(),'Logout')]]
verify tab[[ChromeDriver: chrome on WINDOWS (1779389475f5b1b6a39a0869e4513b02)] -> xpath: //button[contains(text(),'Logout')]]
verify tab[[ChromeDriver: chrome on WINDOWS (1779389475f5b1b6a39a0869e4513b02)] -> xpath: //button[contains(text(),'Logout')]]
verify tab[[ChromeDriver: chrome on WINDOWS (1779389475f5b1b6a39a0869e4513b02)] -> xpath: //button[contains(text(),'Logout')]]
verify tab[[ChromeDriver: chrome on WINDOWS (1779389475f5b1b6a39a0869e4513b02)] -> xpath: //button[contains(text(),'Logout')]]
verify tab[[ChromeDriver: chrome on WINDOWS (1779389475f5b1b6a39a0869e4513b02)] -> xpath: //button[contains(text(),'Logout')]]
verify tab[[ChromeDriver: chrome on WINDOWS (1779389475f5b1b6a39a0869e4513b02)] -> xpath: //button[contains(text(),'Logout')]]
verify tab[[ChromeDriver: chrome on WINDOWS (1779389475f5b1b6a39a0869e4513b02)] -> xpath: //button[contains(text(),'Logout')]]
verify tab[[ChromeDriver: chrome on WINDOWS (1779389475f5b1b6a39a0869e4513b02)] -> xpath: //button[contains(text(),'Logout')]]
verify tab[[ChromeDriver: chrome on WINDOWS (1779389475f5b1b6a39a0869e4513b02)] -> xpath: //button[contains(text(),'Logout')]]
verify tab[[ChromeDriver: chrome on WINDOWS (1779389475f5b1b6a39a0869e4513b02)] -> xpath: //button[contains(text(),'Logout')]]
verify tab[[ChromeDriver: chrome on WINDOWS (1779389475f5b1b6a39a0869e4513b02)] -> xpath: //button[contains(text(),'Logout')]]
verify tab[[ChromeDriver: chrome on WINDOWS (1779389475f5b1b6a39a0869e4513b02)] -> xpath: //button[contains(text(),'Logout')]]
verify tab[[ChromeDriver: chrome on WINDOWS (1779389475f5b1b6a39a0869e4513b02)] -> xpath: //button[contains(text(),'Logout')]]
verify tab[[ChromeDriver: chrome on WINDOWS (1779389475f5b1b6a39a0869e4513b02)] -> xpath: //button[contains(text(),'Logout')]]
verify tab[[ChromeDriver: chrome on WINDOWS (1779389475f5b1b6a39a0869e4513b02)] -> xpath: //button[contains(text(),'Logout')]]
verify tab[[ChromeDriver: chrome on WINDOWS (1779389475f5b1b6a39a0869e4513b02)] -> xpath: //button[contains(text(),'Logout')]]
verify tab[[ChromeDriver: chrome on WINDOWS (1779389475f5b1b6a39a0869e4513b02)] -> xpath: //button[contains(text(),'Logout')]]
verify tab[[ChromeDriver: chrome on WINDOWS (1779389475f5b1b6a39a0869e4513b02)] -> xpath: //button[contains(text(),'Logout')]]
verify tab[[ChromeDriver: chrome on WINDOWS (1779389475f5b1b6a39a0869e4513b02)] -> xpath: //button[contains(text(),'Logout')]]
verify tab[[ChromeDriver: chrome on WINDOWS (1779389475f5b1b6a39a0869e4513b02)] -> xpath: //button[contains(text(),'Logout')]]
verify tab[[ChromeDriver: chrome on WINDOWS (1779389475f5b1b6a39a0869e4513b02)] -> xpath: //button[contains(text(),'Logout')]]
verify tab[[ChromeDriver: chrome on WINDOWS (1779389475f5b1b6a39a0869e4513b02)] -> xpath: //button[contains(text(),'Logout')]]
verify tab[[ChromeDriver: chrome on WINDOWS (1779389475f5b1b6a39a0869e4513b02)] -> xpath: //button[contains(text(),'Logout')]]
verify tab[[ChromeDriver: chrome on WINDOWS (1779389475f5b1b6a39a0869e4513b02)] -> xpath: //button[contains(text(),'Logout')]]
verify tab[[ChromeDriver: chrome on WINDOWS (1779389475f5b1b6a39a0869e4513b02)] -> xpath: //button[contains(text(),'Logout')]]
verify tab[[ChromeDriver: chrome on WINDOWS (1779389475f5b1b6a39a0869e4513b02)] -> xpath: //button[contains(text(),'Logout')]]
verify tab[[ChromeDriver: chrome on WINDOWS (1779389475f5b1b6a39a0869e4513b02)] -> xpath: //button[contains(text(),'Logout')]]
verify tab[[ChromeDriver: chrome on WINDOWS (1779389475f5b1b6a39a0869e4513b02)] -> xpath: //button[contains(text(),'Logout')]]
verify tab[[ChromeDriver: chrome on WINDOWS (1779389475f5b1b6a39a0869e4513b02)] -> xpath: //button[contains(text(),'Logout')]]
verify tab[[ChromeDriver: chrome on WINDOWS (1779389475f5b1b6a39a0869e4513b02)] -> xpath: //button[contains(text(),'Logout')]]
verify tab[[ChromeDriver: chrome on WINDOWS (1779389475f5b1b6a39a0869e4513b02)] -> xpath: //button[contains(text(),'Logout')]]
verify tab[[ChromeDriver: chrome on WINDOWS (1779389475f5b1b6a39a0869e4513b02)] -> xpath: //button[contains(text(),'Logout')]]
verify tab[[ChromeDriver: chrome on WINDOWS (1779389475f5b1b6a39a0869e4513b02)] -> xpath: //button[contains(text(),'Logout')]]
verify tab[[ChromeDriver: chrome on WINDOWS (1779389475f5b1b6a39a0869e4513b02)] -> xpath: //button[contains(text(),'Logout')]]
verify tab[[ChromeDriver: chrome on WINDOWS (1779389475f5b1b6a39a0869e4513b02)] -> xpath: //button[contains(text(),'Logout')]]
verify tab[[ChromeDriver: chrome on WINDOWS (1779389475f5b1b6a39a0869e4513b02)] -> xpath: //button[contains(text(),'Logout')]]
verify tab[[ChromeDriver: chrome on WINDOWS (1779389475f5b1b6a39a0869e4513b02)] -> xpath: //button[contains(text(),'Logout')]]
verify tab[[ChromeDriver: chrome on WINDOWS (1779389475f5b1b6a39a0869e4513b02)] -> xpath: //button[contains(text(),'Logout')]]
verify tab[[ChromeDriver: chrome on WINDOWS (1779389475f5b1b6a39a0869e4513b02)] -> xpath: //button[contains(text(),'Logout')]]
verify tab[[ChromeDriver: chrome on WINDOWS (1779389475f5b1b6a39a0869e4513b02)] -> xpath: //button[contains(text(),'Logout')]]
verify tab[[ChromeDriver: chrome on WINDOWS (1779389475f5b1b6a39a0869e4513b02)] -> xpath: //button[contains(text(),'Logout')]]
verify tab[[ChromeDriver: chrome on WINDOWS (1779389475f5b1b6a39a0869e4513b02)] -> xpath: //button[contains(text(),'Logout')]]
verify tab[[ChromeDriver: chrome on WINDOWS (1779389475f5b1b6a39a0869e4513b02)] -> xpath: //button[contains(text(),'Logout')]]
verify tab[[ChromeDriver: chrome on WINDOWS (1779389475f5b1b6a39a0869e4513b02)] -> xpath: //button[contains(text(),'Logout')]]
verify tab[[ChromeDriver: chrome on WINDOWS (1779389475f5b1b6a39a0869e4513b02)] -> xpath: //button[contains(text(),'Logout')]]
verify tab[[ChromeDriver: chrome on WINDOWS (1779389475f5b1b6a39a0869e4513b02)] -> xpath: //button[contains(text(),'Logout')]]
verify tab[[ChromeDriver: chrome on WINDOWS (1779389475f5b1b6a39a0869e4513b02)] -> xpath: //button[contains(text(),'Logout')]]
verify tab[[ChromeDriver: chrome on WINDOWS (1779389475f5b1b6a39a0869e4513b02)] -> xpath: //button[contains(text(),'Logout')]]
verify tab[[ChromeDriver: chrome on WINDOWS (1779389475f5b1b6a39a0869e4513b02)] -> xpath: //button[contains(text(),'Logout')]]
verify tab[[ChromeDriver: chrome on WINDOWS (1779389475f5b1b6a39a0869e4513b02)] -> xpath: //button[contains(text(),'Logout')]]
verify tab[[ChromeDriver: chrome on WINDOWS (1779389475f5b1b6a39a0869e4513b02)] -> xpath: //button[contains(text(),'Logout')]]
verify tab[[ChromeDriver: chrome on WINDOWS (1779389475f5b1b6a39a0869e4513b02)] -> xpath: //button[contains(text(),'Logout')]]
verify tab[[ChromeDriver: chrome on WINDOWS (1779389475f5b1b6a39a0869e4513b02)] -> xpath: //button[contains(text(),'Logout')]]
verify tab[[ChromeDriver: chrome on WINDOWS (1779389475f5b1b6a39a0869e4513b02)] -> xpath: //button[contains(text(),'Logout')]]
verify tab[[ChromeDriver: chrome on WINDOWS (1779389475f5b1b6a39a0869e4513b02)] -> xpath: //button[contains(text(),'Logout')]]
verify tab[[ChromeDriver: chrome on WINDOWS (1779389475f5b1b6a39a0869e4513b02)] -> xpath: //button[contains(text(),'Logout')]]
verify tab[[ChromeDriver: chrome on WINDOWS (1779389475f5b1b6a39a0869e4513b02)] -> xpath: //button[contains(text(),'Logout')]]
verify tab[[ChromeDriver: chrome on WINDOWS (1779389475f5b1b6a39a0869e4513b02)] -> xpath: //button[contains(text(),'Logout')]]
verify tab[[ChromeDriver: chrome on WINDOWS (1779389475f5b1b6a39a0869e4513b02)] -> xpath: //button[contains(text(),'Logout')]]
verify tab[[ChromeDriver: chrome on WINDOWS (1779389475f5b1b6a39a0869e4513b02)] -> xpath: //button[contains(text(),'Logout')]]
verify tab[[ChromeDriver: chrome on WINDOWS (1779389475f5b1b6a39a0869e4513b02)] -> xpath: //button[contains(text(),'Logout')]]
verify tab[[ChromeDriver: chrome on WINDOWS (1779389475f5b1b6a39a0869e4513b02)] -> xpath: //button[contains(text(),'Logout')]]
verify tab[[ChromeDriver: chrome on WINDOWS (1779389475f5b1b6a39a0869e4513b02)] -> xpath: //button[contains(text(),'Logout')]]
verify tab[[ChromeDriver: chrome on WINDOWS (1779389475f5b1b6a39a0869e4513b02)] -> xpath: //button[contains(text(),'Logout')]]
verify tab[[ChromeDriver: chrome on WINDOWS (1779389475f5b1b6a39a0869e4513b02)] -> xpath: //button[contains(text(),'Logout')]]
verify tab[[ChromeDriver: chrome on WINDOWS (1779389475f5b1b6a39a0869e4513b02)] -> xpath: //button[contains(text(),'Logout')]]
verify tab[[ChromeDriver: chrome on WINDOWS (1779389475f5b1b6a39a0869e4513b02)] -> xpath: //button[contains(text(),'Logout')]]
verify tab[[ChromeDriver: chrome on WINDOWS (1779389475f5b1b6a39a0869e4513b02)] -> xpath: //button[contains(text(),'Logout')]]
verify tab[[ChromeDriver: chrome on WINDOWS (1779389475f5b1b6a39a0869e4513b02)] -> xpath: //button[contains(text(),'Logout')]]
verify tab[[ChromeDriver: chrome on WINDOWS (1779389475f5b1b6a39a0869e4513b02)] -> xpath: //button[contains(text(),'Logout')]]
verify tab[[ChromeDriver: chrome on WINDOWS (1779389475f5b1b6a39a0869e4513b02)] -> xpath: //button[contains(text(),'Logout')]]
verify tab[[ChromeDriver: chrome on WINDOWS (1779389475f5b1b6a39a0869e4513b02)] -> xpath: //button[contains(text(),'Logout')]]
verify tab[[ChromeDriver: chrome on WINDOWS (1779389475f5b1b6a39a0869e4513b02)] -> xpath: //button[contains(text(),'Logout')]]
verify tab[[ChromeDriver: chrome on WINDOWS (1779389475f5b1b6a39a0869e4513b02)] -> xpath: //button[contains(text(),'Logout')]]
verify tab[[ChromeDriver: chrome on WINDOWS (1779389475f5b1b6a39a0869e4513b02)] -> xpath: //button[contains(text(),'Logout')]]
verify tab[[ChromeDriver: chrome on WINDOWS (1779389475f5b1b6a39a0869e4513b02)] -> xpath: //button[contains(text(),'Logout')]]
verify tab[[ChromeDriver: chrome on WINDOWS (1779389475f5b1b6a39a0869e4513b02)] -> xpath: //button[contains(text(),'Logout')]]
verify tab[[ChromeDriver: chrome on WINDOWS (1779389475f5b1b6a39a0869e4513b02)] -> xpath: //button[contains(text(),'Logout')]]
verify tab[[ChromeDriver: chrome on WINDOWS (1779389475f5b1b6a39a0869e4513b02)] -> xpath: //button[contains(text(),'Logout')]]
verify tab[[ChromeDriver: chrome on WINDOWS (1779389475f5b1b6a39a0869e4513b02)] -> xpath: //button[contains(text(),'Logout')]]
verify tab[[ChromeDriver: chrome on WINDOWS (1779389475f5b1b6a39a0869e4513b02)] -> xpath: //button[contains(text(),'Logout')]]
verify tab[[ChromeDriver: chrome on WINDOWS (1779389475f5b1b6a39a0869e4513b02)] -> xpath: //button[contains(text(),'Logout')]]
verify tab[[ChromeDriver: chrome on WINDOWS (1779389475f5b1b6a39a0869e4513b02)] -> xpath: //button[contains(text(),'Logout')]]
verify tab[[ChromeDriver: chrome on WINDOWS (1779389475f5b1b6a39a0869e4513b02)] -> xpath: //button[contains(text(),'Logout')]]
verify tab[[ChromeDriver: chrome on WINDOWS (1779389475f5b1b6a39a0869e4513b02)] -> xpath: //button[contains(text(),'Logout')]]
verify tab[[ChromeDriver: chrome on WINDOWS (1779389475f5b1b6a39a0869e4513b02)] -> xpath: //button[contains(text(),'Logout')]]
verify tab[[ChromeDriver: chrome on WINDOWS (1779389475f5b1b6a39a0869e4513b02)] -> xpath: //button[contains(text(),'Logout')]]
verify tab[[ChromeDriver: chrome on WINDOWS (1779389475f5b1b6a39a0869e4513b02)] -> xpath: //button[contains(text(),'Logout')]]
verify tab[[ChromeDriver: chrome on WINDOWS (1779389475f5b1b6a39a0869e4513b02)] -> xpath: //button[contains(text(),'Logout')]]
verify tab[[ChromeDriver: chrome on WINDOWS (1779389475f5b1b6a39a0869e4513b02)] -> xpath: //button[contains(text(),'Logout')]]
verify tab[[ChromeDriver: chrome on WINDOWS (1779389475f5b1b6a39a0869e4513b02)] -> xpath: //button[contains(text(),'Logout')]]
verify tab[[ChromeDriver: chrome on WINDOWS (1779389475f5b1b6a39a0869e4513b02)] -> xpath: //button[contains(text(),'Logout')]]
verify tab[[ChromeDriver: chrome on WINDOWS (1779389475f5b1b6a39a0869e4513b02)] -> xpath: //button[contains(text(),'Logout')]]
verify tab[[ChromeDriver: chrome on WINDOWS (1779389475f5b1b6a39a0869e4513b02)] -> xpath: //button[contains(text(),'Logout')]]
verify tab[[ChromeDriver: chrome on WINDOWS (1779389475f5b1b6a39a0869e4513b02)] -> xpath: //button[contains(text(),'Logout')]]
verify tab[[ChromeDriver: chrome on WINDOWS (1779389475f5b1b6a39a0869e4513b02)] -> xpath: //button[contains(text(),'Logout')]]
verify tab[[ChromeDriver: chrome on WINDOWS (1779389475f5b1b6a39a0869e4513b02)] -> xpath: //button[contains(text(),'Logout')]]
verify tab[[ChromeDriver: chrome on WINDOWS (1779389475f5b1b6a39a0869e4513b02)] -> xpath: //button[contains(text(),'Logout')]]
verify tab[[ChromeDriver: chrome on WINDOWS (1779389475f5b1b6a39a0869e4513b02)] -> xpath: //button[contains(text(),'Logout')]]
verify tab[[ChromeDriver: chrome on WINDOWS (1779389475f5b1b6a39a0869e4513b02)] -> xpath: //button[contains(text(),'Logout')]]
verify tab[[ChromeDriver: chrome on WINDOWS (1779389475f5b1b6a39a0869e4513b02)] -> xpath: //button[contains(text(),'Logout')]]
verify tab[[ChromeDriver: chrome on WINDOWS (1779389475f5b1b6a39a0869e4513b02)] -> xpath: //button[contains(text(),'Logout')]]
verify tab[[ChromeDriver: chrome on WINDOWS (1779389475f5b1b6a39a0869e4513b02)] -> xpath: //button[contains(text(),'Logout')]]
verify tab[[ChromeDriver: chrome on WINDOWS (1779389475f5b1b6a39a0869e4513b02)] -> xpath: //button[contains(text(),'Logout')]]
verify tab[[ChromeDriver: chrome on WINDOWS (1779389475f5b1b6a39a0869e4513b02)] -> xpath: //button[contains(text(),'Logout')]]
verify tab[[ChromeDriver: chrome on WINDOWS (1779389475f5b1b6a39a0869e4513b02)] -> xpath: //button[contains(text(),'Logout')]]
verify tab[[ChromeDriver: chrome on WINDOWS (1779389475f5b1b6a39a0869e4513b02)] -> xpath: //button[contains(text(),'Logout')]]
verify tab[[ChromeDriver: chrome on WINDOWS (1779389475f5b1b6a39a0869e4513b02)] -> xpath: //button[contains(text(),'Logout')]]
verify tab[[ChromeDriver: chrome on WINDOWS (1779389475f5b1b6a39a0869e4513b02)] -> xpath: //button[contains(text(),'Logout')]]
verify tab[[ChromeDriver: chrome on WINDOWS (1779389475f5b1b6a39a0869e4513b02)] -> xpath: //button[contains(text(),'Logout')]]
verify tab[[ChromeDriver: chrome on WINDOWS (1779389475f5b1b6a39a0869e4513b02)] -> xpath: //button[contains(text(),'Logout')]]
verify tab[[ChromeDriver: chrome on WINDOWS (1779389475f5b1b6a39a0869e4513b02)] -> xpath: //button[contains(text(),'Logout')]]
verify tab[[ChromeDriver: chrome on WINDOWS (1779389475f5b1b6a39a0869e4513b02)] -> xpath: //button[contains(text(),'Logout')]]
verify tab[[ChromeDriver: chrome on WINDOWS (1779389475f5b1b6a39a0869e4513b02)] -> xpath: //button[contains(text(),'Logout')]]
verify tab[[ChromeDriver: chrome on WINDOWS (1779389475f5b1b6a39a0869e4513b02)] -> xpath: //button[contains(text(),'Logout')]]
verify tab[[ChromeDriver: chrome on WINDOWS (1779389475f5b1b6a39a0869e4513b02)] -> xpath: //button[contains(text(),'Logout')]]
verify tab[[ChromeDriver: chrome on WINDOWS (1779389475f5b1b6a39a0869e4513b02)] -> xpath: //button[contains(text(),'Logout')]]
verify tab[[ChromeDriver: chrome on WINDOWS (1779389475f5b1b6a39a0869e4513b02)] -> xpath: //button[contains(text(),'Logout')]]
verify tab[[ChromeDriver: chrome on WINDOWS (1779389475f5b1b6a39a0869e4513b02)] -> xpath: //button[contains(text(),'Logout')]]
verify tab[[ChromeDriver: chrome on WINDOWS (1779389475f5b1b6a39a0869e4513b02)] -> xpath: //button[contains(text(),'Logout')]]
verify tab[[ChromeDriver: chrome on WINDOWS (1779389475f5b1b6a39a0869e4513b02)] -> xpath: //button[contains(text(),'Logout')]]
verify tab[[ChromeDriver: chrome on WINDOWS (1779389475f5b1b6a39a0869e4513b02)] -> xpath: //button[contains(text(),'Logout')]]
verify tab[[ChromeDriver: chrome on WINDOWS (1779389475f5b1b6a39a0869e4513b02)] -> xpath: //button[contains(text(),'Logout')]]
verify tab[[ChromeDriver: chrome on WINDOWS (1779389475f5b1b6a39a0869e4513b02)] -> xpath: //button[contains(text(),'Logout')]]
verify tab[[ChromeDriver: chrome on WINDOWS (1779389475f5b1b6a39a0869e4513b02)] -> xpath: //button[contains(text(),'Logout')]]
verify tab[[ChromeDriver: chrome on WINDOWS (1779389475f5b1b6a39a0869e4513b02)] -> xpath: //button[contains(text(),'Logout')]]
verify tab[[ChromeDriver: chrome on WINDOWS (1779389475f5b1b6a39a0869e4513b02)] -> xpath: //button[contains(text(),'Logout')]]
verify tab[[ChromeDriver: chrome on WINDOWS (1779389475f5b1b6a39a0869e4513b02)] -> xpath: //button[contains(text(),'Logout')]]
verify tab[[ChromeDriver: chrome on WINDOWS (1779389475f5b1b6a39a0869e4513b02)] -> xpath: //button[contains(text(),'Logout')]]
verify tab[[ChromeDriver: chrome on WINDOWS (1779389475f5b1b6a39a0869e4513b02)] -> xpath: //button[contains(text(),'Logout')]]
verify tab[[ChromeDriver: chrome on WINDOWS (1779389475f5b1b6a39a0869e4513b02)] -> xpath: //button[contains(text(),'Logout')]]
verify tab[[ChromeDriver: chrome on WINDOWS (1779389475f5b1b6a39a0869e4513b02)] -> xpath: //button[contains(text(),'Logout')]]
verify tab[[ChromeDriver: chrome on WINDOWS (1779389475f5b1b6a39a0869e4513b02)] -> xpath: //button[contains(text(),'Logout')]]
verify tab[[ChromeDriver: chrome on WINDOWS (1779389475f5b1b6a39a0869e4513b02)] -> xpath: //button[contains(text(),'Logout')]]
verify tab[[ChromeDriver: chrome on WINDOWS (1779389475f5b1b6a39a0869e4513b02)] -> xpath: //button[contains(text(),'Logout')]]
verify tab[[ChromeDriver: chrome on WINDOWS (1779389475f5b1b6a39a0869e4513b02)] -> xpath: //button[contains(text(),'Logout')]]
verify tab[[ChromeDriver: chrome on WINDOWS (1779389475f5b1b6a39a0869e4513b02)] -> xpath: //button[contains(text(),'Logout')]]
verify tab[[ChromeDriver: chrome on WINDOWS (1779389475f5b1b6a39a0869e4513b02)] -> xpath: //button[contains(text(),'Logout')]]
verify tab[[ChromeDriver: chrome on WINDOWS (1779389475f5b1b6a39a0869e4513b02)] -> xpath: //button[contains(text(),'Logout')]]
verify tab[[ChromeDriver: chrome on WINDOWS (1779389475f5b1b6a39a0869e4513b02)] -> xpath: //button[contains(text(),'Logout')]]
verify tab[[ChromeDriver: chrome on WINDOWS (1779389475f5b1b6a39a0869e4513b02)] -> xpath: //button[contains(text(),'Logout')]]
verify tab[[ChromeDriver: chrome on WINDOWS (1779389475f5b1b6a39a0869e4513b02)] -> xpath: //button[contains(text(),'Logout')]]
verify tab[[ChromeDriver: chrome on WINDOWS (1779389475f5b1b6a39a0869e4513b02)] -> xpath: //button[contains(text(),'Logout')]]
verify tab[[ChromeDriver: chrome on WINDOWS (1779389475f5b1b6a39a0869e4513b02)] -> xpath: //button[contains(text(),'Logout')]]
verify tab[[ChromeDriver: chrome on WINDOWS (1779389475f5b1b6a39a0869e4513b02)] -> xpath: //button[contains(text(),'Logout')]]
verify tab[[ChromeDriver: chrome on WINDOWS (1779389475f5b1b6a39a0869e4513b02)] -> xpath: //button[contains(text(),'Logout')]]
verify tab[[ChromeDriver: chrome on WINDOWS (1779389475f5b1b6a39a0869e4513b02)] -> xpath: //button[contains(text(),'Logout')]]
verify tab[[ChromeDriver: chrome on WINDOWS (1779389475f5b1b6a39a0869e4513b02)] -> xpath: //button[contains(text(),'Logout')]]
verify tab[[ChromeDriver: chrome on WINDOWS (1779389475f5b1b6a39a0869e4513b02)] -> xpath: //button[contains(text(),'Logout')]]
verify tab[[ChromeDriver: chrome on WINDOWS (1779389475f5b1b6a39a0869e4513b02)] -> xpath: //button[contains(text(),'Logout')]]
verify tab[[ChromeDriver: chrome on WINDOWS (1779389475f5b1b6a39a0869e4513b02)] -> xpath: //button[contains(text(),'Logout')]]
verify tab[[ChromeDriver: chrome on WINDOWS (1779389475f5b1b6a39a0869e4513b02)] -> xpath: //button[contains(text(),'Logout')]]
verify tab[[ChromeDriver: chrome on WINDOWS (1779389475f5b1b6a39a0869e4513b02)] -> xpath: //button[contains(text(),'Logout')]]
verify tab[[ChromeDriver: chrome on WINDOWS (1779389475f5b1b6a39a0869e4513b02)] -> xpath: //button[contains(text(),'Logout')]]
verify tab[[ChromeDriver: chrome on WINDOWS (1779389475f5b1b6a39a0869e4513b02)] -> xpath: //button[contains(text(),'Logout')]]
verify tab[[ChromeDriver: chrome on WINDOWS (1779389475f5b1b6a39a0869e4513b02)] -> xpath: //button[contains(text(),'Logout')]]
verify tab[[ChromeDriver: chrome on WINDOWS (1779389475f5b1b6a39a0869e4513b02)] -> xpath: //button[contains(text(),'Logout')]]
verify tab[[ChromeDriver: chrome on WINDOWS (1779389475f5b1b6a39a0869e4513b02)] -> xpath: //button[contains(text(),'Logout')]]
verify tab[[ChromeDriver: chrome on WINDOWS (1779389475f5b1b6a39a0869e4513b02)] -> xpath: //button[contains(text(),'Logout')]]
verify tab[[ChromeDriver: chrome on WINDOWS (1779389475f5b1b6a39a0869e4513b02)] -> xpath: //button[contains(text(),'Logout')]]
verify tab[[ChromeDriver: chrome on WINDOWS (1779389475f5b1b6a39a0869e4513b02)] -> xpath: //button[contains(text(),'Logout')]]
verify tab[[ChromeDriver: chrome on WINDOWS (1779389475f5b1b6a39a0869e4513b02)] -> xpath: //button[contains(text(),'Logout')]]
verify tab[[ChromeDriver: chrome on WINDOWS (1779389475f5b1b6a39a0869e4513b02)] -> xpath: //button[contains(text(),'Logout')]]
verify tab[[ChromeDriver: chrome on WINDOWS (1779389475f5b1b6a39a0869e4513b02)] -> xpath: //button[contains(text(),'Logout')]]
verify tab[[ChromeDriver: chrome on WINDOWS (1779389475f5b1b6a39a0869e4513b02)] -> xpath: //button[contains(text(),'Logout')]]
verify tab[[ChromeDriver: chrome on WINDOWS (1779389475f5b1b6a39a0869e4513b02)] -> xpath: //button[contains(text(),'Logout')]]
verify tab[[ChromeDriver: chrome on WINDOWS (1779389475f5b1b6a39a0869e4513b02)] -> xpath: //button[contains(text(),'Logout')]]
verify tab[[ChromeDriver: chrome on WINDOWS (1779389475f5b1b6a39a0869e4513b02)] -> xpath: //button[contains(text(),'Logout')]]
verify tab[[ChromeDriver: chrome on WINDOWS (1779389475f5b1b6a39a0869e4513b02)] -> xpath: //button[contains(text(),'Logout')]]
verify tab[[ChromeDriver: chrome on WINDOWS (1779389475f5b1b6a39a0869e4513b02)] -> xpath: //button[contains(text(),'Logout')]]
verify tab[[ChromeDriver: chrome on WINDOWS (1779389475f5b1b6a39a0869e4513b02)] -> xpath: //button[contains(text(),'Logout')]]
verify tab[[ChromeDriver: chrome on WINDOWS (1779389475f5b1b6a39a0869e4513b02)] -> xpath: //button[contains(text(),'Logout')]]
verify tab[[ChromeDriver: chrome on WINDOWS (1779389475f5b1b6a39a0869e4513b02)] -> xpath: //button[contains(text(),'Logout')]]
verify tab[[ChromeDriver: chrome on WINDOWS (1779389475f5b1b6a39a0869e4513b02)] -> xpath: //button[contains(text(),'Logout')]]
verify tab[[ChromeDriver: chrome on WINDOWS (1779389475f5b1b6a39a0869e4513b02)] -> xpath: //button[contains(text(),'Logout')]]
verify tab[[ChromeDriver: chrome on WINDOWS (1779389475f5b1b6a39a0869e4513b02)] -> xpath: //button[contains(text(),'Logout')]]
verify tab[[ChromeDriver: chrome on WINDOWS (1779389475f5b1b6a39a0869e4513b02)] -> xpath: //button[contains(text(),'Logout')]]
verify tab[[ChromeDriver: chrome on WINDOWS (1779389475f5b1b6a39a0869e4513b02)] -> xpath: //button[contains(text(),'Logout')]]
verify tab[[ChromeDriver: chrome on WINDOWS (1779389475f5b1b6a39a0869e4513b02)] -> xpath: //button[contains(text(),'Logout')]]
verify tab[[ChromeDriver: chrome on WINDOWS (1779389475f5b1b6a39a0869e4513b02)] -> xpath: //button[contains(text(),'Logout')]]
verify tab[[ChromeDriver: chrome on WINDOWS (1779389475f5b1b6a39a0869e4513b02)] -> xpath: //button[contains(text(),'Logout')]]
verify tab[[ChromeDriver: chrome on WINDOWS (1779389475f5b1b6a39a0869e4513b02)] -> xpath: //button[contains(text(),'Logout')]]
verify tab[[ChromeDriver: chrome on WINDOWS (1779389475f5b1b6a39a0869e4513b02)] -> xpath: //button[contains(text(),'Logout')]]
verify tab[[ChromeDriver: chrome on WINDOWS (1779389475f5b1b6a39a0869e4513b02)] -> xpath: //button[contains(text(),'Logout')]]
verify tab[[ChromeDriver: chrome on WINDOWS (1779389475f5b1b6a39a0869e4513b02)] -> xpath: //button[contains(text(),'Logout')]]
verify tab[[ChromeDriver: chrome on WINDOWS (1779389475f5b1b6a39a0869e4513b02)] -> xpath: //button[contains(text(),'Logout')]]
verify tab[[ChromeDriver: chrome on WINDOWS (1779389475f5b1b6a39a0869e4513b02)] -> xpath: //button[contains(text(),'Logout')]]
verify tab[[ChromeDriver: chrome on WINDOWS (1779389475f5b1b6a39a0869e4513b02)] -> xpath: //button[contains(text(),'Logout')]]
verify tab[[ChromeDriver: chrome on WINDOWS (1779389475f5b1b6a39a0869e4513b02)] -> xpath: //button[contains(text(),'Logout')]]
verify tab[[ChromeDriver: chrome on WINDOWS (1779389475f5b1b6a39a0869e4513b02)] -> xpath: //button[contains(text(),'Logout')]]
verify tab[[ChromeDriver: chrome on WINDOWS (1779389475f5b1b6a39a0869e4513b02)] -> xpath: //button[contains(text(),'Logout')]]
verify tab[[ChromeDriver: chrome on WINDOWS (1779389475f5b1b6a39a0869e4513b02)] -> xpath: //button[contains(text(),'Logout')]]
verify tab[[ChromeDriver: chrome on WINDOWS (1779389475f5b1b6a39a0869e4513b02)] -> xpath: //button[contains(text(),'Logout')]]
verify tab[[ChromeDriver: chrome on WINDOWS (1779389475f5b1b6a39a0869e4513b02)] -> xpath: //button[contains(text(),'Logout')]]
verify tab[[ChromeDriver: chrome on WINDOWS (1779389475f5b1b6a39a0869e4513b02)] -> xpath: //button[contains(text(),'Logout')]]
verify tab[[ChromeDriver: chrome on WINDOWS (1779389475f5b1b6a39a0869e4513b02)] -> xpath: //button[contains(text(),'Logout')]]
verify tab[[ChromeDriver: chrome on WINDOWS (1779389475f5b1b6a39a0869e4513b02)] -> xpath: //button[contains(text(),'Logout')]]
verify tab[[ChromeDriver: chrome on WINDOWS (1779389475f5b1b6a39a0869e4513b02)] -> xpath: //button[contains(text(),'Logout')]]
verify tab[[ChromeDriver: chrome on WINDOWS (1779389475f5b1b6a39a0869e4513b02)] -> xpath: //button[contains(text(),'Logout')]]
verify tab[[ChromeDriver: chrome on WINDOWS (1779389475f5b1b6a39a0869e4513b02)] -> xpath: //button[contains(text(),'Logout')]]
verify tab[[ChromeDriver: chrome on WINDOWS (1779389475f5b1b6a39a0869e4513b02)] -> xpath: //button[contains(text(),'Logout')]]
verify tab[[ChromeDriver: chrome on WINDOWS (1779389475f5b1b6a39a0869e4513b02)] -> xpath: //button[contains(text(),'Logout')]]
verify tab[[ChromeDriver: chrome on WINDOWS (1779389475f5b1b6a39a0869e4513b02)] -> xpath: //button[contains(text(),'Logout')]]
verify tab[[ChromeDriver: chrome on WINDOWS (1779389475f5b1b6a39a0869e4513b02)] -> xpath: //button[contains(text(),'Logout')]]
verify tab[[ChromeDriver: chrome on WINDOWS (1779389475f5b1b6a39a0869e4513b02)] -> xpath: //button[contains(text(),'Logout')]]
verify tab[[ChromeDriver: chrome on WINDOWS (1779389475f5b1b6a39a0869e4513b02)] -> xpath: //button[contains(text(),'Logout')]]
verify tab[[ChromeDriver: chrome on WINDOWS (1779389475f5b1b6a39a0869e4513b02)] -> xpath: //button[contains(text(),'Logout')]]
verify tab[[ChromeDriver: chrome on WINDOWS (1779389475f5b1b6a39a0869e4513b02)] -> xpath: //button[contains(text(),'Logout')]]
verify tab[[ChromeDriver: chrome on WINDOWS (1779389475f5b1b6a39a0869e4513b02)] -> xpath: //button[contains(text(),'Logout')]]
verify tab[[ChromeDriver: chrome on WINDOWS (1779389475f5b1b6a39a0869e4513b02)] -> xpath: //button[contains(text(),'Logout')]]
verify tab[[ChromeDriver: chrome on WINDOWS (1779389475f5b1b6a39a0869e4513b02)] -> xpath: //button[contains(text(),'Logout')]]
verify tab[[ChromeDriver: chrome on WINDOWS (1779389475f5b1b6a39a0869e4513b02)] -> xpath: //button[contains(text(),'Logout')]]
verify tab[[ChromeDriver: chrome on WINDOWS (1779389475f5b1b6a39a0869e4513b02)] -> xpath: //button[contains(text(),'Logout')]]
verify tab[[ChromeDriver: chrome on WINDOWS (1779389475f5b1b6a39a0869e4513b02)] -> xpath: //button[contains(text(),'Logout')]]
verify tab[[ChromeDriver: chrome on WINDOWS (1779389475f5b1b6a39a0869e4513b02)] -> xpath: //button[contains(text(),'Logout')]]
verify tab[[ChromeDriver: chrome on WINDOWS (1779389475f5b1b6a39a0869e4513b02)] -> xpath: //button[contains(text(),'Logout')]]
verify tab[[ChromeDriver: chrome on WINDOWS (1779389475f5b1b6a39a0869e4513b02)] -> xpath: //button[contains(text(),'Logout')]]
verify tab[[ChromeDriver: chrome on WINDOWS (1779389475f5b1b6a39a0869e4513b02)] -> xpath: //button[contains(text(),'Logout')]]
verify tab[[ChromeDriver: chrome on WINDOWS (1779389475f5b1b6a39a0869e4513b02)] -> xpath: //button[contains(text(),'Logout')]]
verify tab[[ChromeDriver: chrome on WINDOWS (1779389475f5b1b6a39a0869e4513b02)] -> xpath: //button[contains(text(),'Logout')]]
verify tab[[ChromeDriver: chrome on WINDOWS (1779389475f5b1b6a39a0869e4513b02)] -> xpath: //button[contains(text(),'Logout')]]
verify tab[[ChromeDriver: chrome on WINDOWS (1779389475f5b1b6a39a0869e4513b02)] -> xpath: //button[contains(text(),'Logout')]]
verify tab[[ChromeDriver: chrome on WINDOWS (1779389475f5b1b6a39a0869e4513b02)] -> xpath: //button[contains(text(),'Logout')]]
verify tab[[ChromeDriver: chrome on WINDOWS (1779389475f5b1b6a39a0869e4513b02)] -> xpath: //button[contains(text(),'Logout')]]
verify tab[[ChromeDriver: chrome on WINDOWS (1779389475f5b1b6a39a0869e4513b02)] -> xpath: //button[contains(text(),'Logout')]]
verify tab[[ChromeDriver: chrome on WINDOWS (1779389475f5b1b6a39a0869e4513b02)] -> xpath: //button[contains(text(),'Logout')]]
verify tab[[ChromeDriver: chrome on WINDOWS (1779389475f5b1b6a39a0869e4513b02)] -> xpath: //button[contains(text(),'Logout')]]
verify tab[[ChromeDriver: chrome on WINDOWS (1779389475f5b1b6a39a0869e4513b02)] -> xpath: //button[contains(text(),'Logout')]]
verify tab[[ChromeDriver: chrome on WINDOWS (1779389475f5b1b6a39a0869e4513b02)] -> xpath: //button[contains(text(),'Logout')]]
verify tab[[ChromeDriver: chrome on WINDOWS (1779389475f5b1b6a39a0869e4513b02)] -> xpath: //button[contains(text(),'Logout')]]
verify tab[[ChromeDriver: chrome on WINDOWS (1779389475f5b1b6a39a0869e4513b02)] -> xpath: //button[contains(text(),'Logout')]]
verify tab[[ChromeDriver: chrome on WINDOWS (1779389475f5b1b6a39a0869e4513b02)] -> xpath: //button[contains(text(),'Logout')]]
verify tab[[ChromeDriver: chrome on WINDOWS (1779389475f5b1b6a39a0869e4513b02)] -> xpath: //button[contains(text(),'Logout')]]
verify tab[[ChromeDriver: chrome on WINDOWS (1779389475f5b1b6a39a0869e4513b02)] -> xpath: //button[contains(text(),'Logout')]]
verify tab[[ChromeDriver: chrome on WINDOWS (1779389475f5b1b6a39a0869e4513b02)] -> xpath: //button[contains(text(),'Logout')]]
verify tab[[ChromeDriver: chrome on WINDOWS (1779389475f5b1b6a39a0869e4513b02)] -> xpath: //button[contains(text(),'Logout')]]
verify tab[[ChromeDriver: chrome on WINDOWS (1779389475f5b1b6a39a0869e4513b02)] -> xpath: //button[contains(text(),'Logout')]]
verify tab[[ChromeDriver: chrome on WINDOWS (1779389475f5b1b6a39a0869e4513b02)] -> xpath: //button[contains(text(),'Logout')]]
verify tab[[ChromeDriver: chrome on WINDOWS (1779389475f5b1b6a39a0869e4513b02)] -> xpath: //button[contains(text(),'Logout')]]
verify tab[[ChromeDriver: chrome on WINDOWS (1779389475f5b1b6a39a0869e4513b02)] -> xpath: //button[contains(text(),'Logout')]]
verify tab[[ChromeDriver: chrome on WINDOWS (1779389475f5b1b6a39a0869e4513b02)] -> xpath: //button[contains(text(),'Logout')]]
verify tab[[ChromeDriver: chrome on WINDOWS (1779389475f5b1b6a39a0869e4513b02)] -> xpath: //button[contains(text(),'Logout')]]
verify tab[[ChromeDriver: chrome on WINDOWS (1779389475f5b1b6a39a0869e4513b02)] -> xpath: //button[contains(text(),'Logout')]]
verify tab[[ChromeDriver: chrome on WINDOWS (1779389475f5b1b6a39a0869e4513b02)] -> xpath: //button[contains(text(),'Logout')]]
verify tab[[ChromeDriver: chrome on WINDOWS (1779389475f5b1b6a39a0869e4513b02)] -> xpath: //button[contains(text(),'Logout')]]
verify tab[[ChromeDriver: chrome on WINDOWS (1779389475f5b1b6a39a0869e4513b02)] -> xpath: //button[contains(text(),'Logout')]]
verify tab[[ChromeDriver: chrome on WINDOWS (1779389475f5b1b6a39a0869e4513b02)] -> xpath: //button[contains(text(),'Logout')]]
verify tab[[ChromeDriver: chrome on WINDOWS (1779389475f5b1b6a39a0869e4513b02)] -> xpath: //button[contains(text(),'Logout')]]
verify tab[[ChromeDriver: chrome on WINDOWS (1779389475f5b1b6a39a0869e4513b02)] -> xpath: //button[contains(text(),'Logout')]]
verify tab[[ChromeDriver: chrome on WINDOWS (1779389475f5b1b6a39a0869e4513b02)] -> xpath: //button[contains(text(),'Logout')]]
verify tab[[ChromeDriver: chrome on WINDOWS (1779389475f5b1b6a39a0869e4513b02)] -> xpath: //button[contains(text(),'Logout')]]
verify tab[[ChromeDriver: chrome on WINDOWS (1779389475f5b1b6a39a0869e4513b02)] -> xpath: //button[contains(text(),'Logout')]]
verify tab[[ChromeDriver: chrome on WINDOWS (1779389475f5b1b6a39a0869e4513b02)] -> xpath: //button[contains(text(),'Logout')]]
verify tab[[ChromeDriver: chrome on WINDOWS (1779389475f5b1b6a39a0869e4513b02)] -> xpath: //button[contains(text(),'Logout')]]
verify tab[[ChromeDriver: chrome on WINDOWS (1779389475f5b1b6a39a0869e4513b02)] -> xpath: //button[contains(text(),'Logout')]]
verify tab[[ChromeDriver: chrome on WINDOWS (1779389475f5b1b6a39a0869e4513b02)] -> xpath: //button[contains(text(),'Logout')]]
verify tab[[ChromeDriver: chrome on WINDOWS (1779389475f5b1b6a39a0869e4513b02)] -> xpath: //button[contains(text(),'Logout')]]
verify tab[[ChromeDriver: chrome on WINDOWS (1779389475f5b1b6a39a0869e4513b02)] -> xpath: //button[contains(text(),'Logout')]]
verify tab[[ChromeDriver: chrome on WINDOWS (1779389475f5b1b6a39a0869e4513b02)] -> xpath: //button[contains(text(),'Logout')]]
verify tab[[ChromeDriver: chrome on WINDOWS (1779389475f5b1b6a39a0869e4513b02)] -> xpath: //button[contains(text(),'Logout')]]
verify tab[[ChromeDriver: chrome on WINDOWS (1779389475f5b1b6a39a0869e4513b02)] -> xpath: //button[contains(text(),'Logout')]]
verify tab[[ChromeDriver: chrome on WINDOWS (1779389475f5b1b6a39a0869e4513b02)] -> xpath: //button[contains(text(),'Logout')]]
verify tab[[ChromeDriver: chrome on WINDOWS (1779389475f5b1b6a39a0869e4513b02)] -> xpath: //button[contains(text(),'Logout')]]
verify tab[[ChromeDriver: chrome on WINDOWS (1779389475f5b1b6a39a0869e4513b02)] -> xpath: //button[contains(text(),'Logout')]]
verify tab[[ChromeDriver: chrome on WINDOWS (1779389475f5b1b6a39a0869e4513b02)] -> xpath: //button[contains(text(),'Logout')]]
verify tab[[ChromeDriver: chrome on WINDOWS (1779389475f5b1b6a39a0869e4513b02)] -> xpath: //button[contains(text(),'Logout')]]
verify tab[[ChromeDriver: chrome on WINDOWS (1779389475f5b1b6a39a0869e4513b02)] -> xpath: //button[contains(text(),'Logout')]]
verify tab[[ChromeDriver: chrome on WINDOWS (1779389475f5b1b6a39a0869e4513b02)] -> xpath: //button[contains(text(),'Logout')]]
verify tab[[ChromeDriver: chrome on WINDOWS (1779389475f5b1b6a39a0869e4513b02)] -> xpath: //button[contains(text(),'Logout')]]
verify tab[[ChromeDriver: chrome on WINDOWS (1779389475f5b1b6a39a0869e4513b02)] -> xpath: //button[contains(text(),'Logout')]]
verify tab[[ChromeDriver: chrome on WINDOWS (1779389475f5b1b6a39a0869e4513b02)] -> xpath: //button[contains(text(),'Logout')]]
verify tab[[ChromeDriver: chrome on WINDOWS (1779389475f5b1b6a39a0869e4513b02)] -> xpath: //button[contains(text(),'Logout')]]
verify tab[[ChromeDriver: chrome on WINDOWS (1779389475f5b1b6a39a0869e4513b02)] -> xpath: //button[contains(text(),'Logout')]]
verify tab[[ChromeDriver: chrome on WINDOWS (1779389475f5b1b6a39a0869e4513b02)] -> xpath: //button[contains(text(),'Logout')]]
verify tab[[ChromeDriver: chrome on WINDOWS (1779389475f5b1b6a39a0869e4513b02)] -> xpath: //button[contains(text(),'Logout')]]
verify tab[[ChromeDriver: chrome on WINDOWS (1779389475f5b1b6a39a0869e4513b02)] -> xpath: //button[contains(text(),'Logout')]]
verify tab[[ChromeDriver: chrome on WINDOWS (1779389475f5b1b6a39a0869e4513b02)] -> xpath: //button[contains(text(),'Logout')]]
verify tab[[ChromeDriver: chrome on WINDOWS (1779389475f5b1b6a39a0869e4513b02)] -> xpath: //button[contains(text(),'Logout')]]
verify tab[[ChromeDriver: chrome on WINDOWS (1779389475f5b1b6a39a0869e4513b02)] -> xpath: //button[contains(text(),'Logout')]]
verify tab[[ChromeDriver: chrome on WINDOWS (1779389475f5b1b6a39a0869e4513b02)] -> xpath: //button[contains(text(),'Logout')]]
verify tab[[ChromeDriver: chrome on WINDOWS (1779389475f5b1b6a39a0869e4513b02)] -> xpath: //button[contains(text(),'Logout')]]
verify tab[[ChromeDriver: chrome on WINDOWS (1779389475f5b1b6a39a0869e4513b02)] -> xpath: //button[contains(text(),'Logout')]]
verify tab[[ChromeDriver: chrome on WINDOWS (1779389475f5b1b6a39a0869e4513b02)] -> xpath: //button[contains(text(),'Logout')]]
verify tab[[ChromeDriver: chrome on WINDOWS (1779389475f5b1b6a39a0869e4513b02)] -> xpath: //button[contains(text(),'Logout')]]
verify tab[[ChromeDriver: chrome on WINDOWS (1779389475f5b1b6a39a0869e4513b02)] -> xpath: //button[contains(text(),'Logout')]]
verify tab[[ChromeDriver: chrome on WINDOWS (1779389475f5b1b6a39a0869e4513b02)] -> xpath: //button[contains(text(),'Logout')]]
verify tab[[ChromeDriver: chrome on WINDOWS (1779389475f5b1b6a39a0869e4513b02)] -> xpath: //button[contains(text(),'Logout')]]
verify tab[[ChromeDriver: chrome on WINDOWS (1779389475f5b1b6a39a0869e4513b02)] -> xpath: //button[contains(text(),'Logout')]]
verify tab[[ChromeDriver: chrome on WINDOWS (1779389475f5b1b6a39a0869e4513b02)] -> xpath: //button[contains(text(),'Logout')]]
verify tab[[ChromeDriver: chrome on WINDOWS (1779389475f5b1b6a39a0869e4513b02)] -> xpath: //button[contains(text(),'Logout')]]
verify tab[[ChromeDriver: chrome on WINDOWS (1779389475f5b1b6a39a0869e4513b02)] -> xpath: //button[contains(text(),'Logout')]]
verify tab[[ChromeDriver: chrome on WINDOWS (1779389475f5b1b6a39a0869e4513b02)] -> xpath: //button[contains(text(),'Logout')]]
verify tab[[ChromeDriver: chrome on WINDOWS (1779389475f5b1b6a39a0869e4513b02)] -> xpath: //button[contains(text(),'Logout')]]
verify tab[[ChromeDriver: chrome on WINDOWS (1779389475f5b1b6a39a0869e4513b02)] -> xpath: //button[contains(text(),'Logout')]]
verify tab[[ChromeDriver: chrome on WINDOWS (1779389475f5b1b6a39a0869e4513b02)] -> xpath: //button[contains(text(),'Logout')]]
verify tab[[ChromeDriver: chrome on WINDOWS (1779389475f5b1b6a39a0869e4513b02)] -> xpath: //button[contains(text(),'Logout')]]
verify tab[[ChromeDriver: chrome on WINDOWS (1779389475f5b1b6a39a0869e4513b02)] -> xpath: //button[contains(text(),'Logout')]]
verify tab[[ChromeDriver: chrome on WINDOWS (1779389475f5b1b6a39a0869e4513b02)] -> xpath: //button[contains(text(),'Logout')]]
verify tab[[ChromeDriver: chrome on WINDOWS (1779389475f5b1b6a39a0869e4513b02)] -> xpath: //button[contains(text(),'Logout')]]
verify tab[[ChromeDriver: chrome on WINDOWS (1779389475f5b1b6a39a0869e4513b02)] -> xpath: //button[contains(text(),'Logout')]]
verify tab[[ChromeDriver: chrome on WINDOWS (1779389475f5b1b6a39a0869e4513b02)] -> xpath: //button[contains(text(),'Logout')]]
verify tab[[ChromeDriver: chrome on WINDOWS (1779389475f5b1b6a39a0869e4513b02)] -> xpath: //button[contains(text(),'Logout')]]
verify tab[[ChromeDriver: chrome on WINDOWS (1779389475f5b1b6a39a0869e4513b02)] -> xpath: //button[contains(text(),'Logout')]]
verify tab[[ChromeDriver: chrome on WINDOWS (1779389475f5b1b6a39a0869e4513b02)] -> xpath: //button[contains(text(),'Logout')]]
verify tab[[ChromeDriver: chrome on WINDOWS (1779389475f5b1b6a39a0869e4513b02)] -> xpath: //button[contains(text(),'Logout')]]
verify tab[[ChromeDriver: chrome on WINDOWS (1779389475f5b1b6a39a0869e4513b02)] -> xpath: //button[contains(text(),'Logout')]]
verify tab[[ChromeDriver: chrome on WINDOWS (1779389475f5b1b6a39a0869e4513b02)] -> xpath: //button[contains(text(),'Logout')]]
verify tab[[ChromeDriver: chrome on WINDOWS (1779389475f5b1b6a39a0869e4513b02)] -> xpath: //button[contains(text(),'Logout')]]
verify tab[[ChromeDriver: chrome on WINDOWS (1779389475f5b1b6a39a0869e4513b02)] -> xpath: //button[contains(text(),'Logout')]]
verify tab[[ChromeDriver: chrome on WINDOWS (1779389475f5b1b6a39a0869e4513b02)] -> xpath: //button[contains(text(),'Logout')]]
verify tab[[ChromeDriver: chrome on WINDOWS (1779389475f5b1b6a39a0869e4513b02)] -> xpath: //button[contains(text(),'Logout')]]
verify tab[[ChromeDriver: chrome on WINDOWS (1779389475f5b1b6a39a0869e4513b02)] -> xpath: //button[contains(text(),'Logout')]]
verify tab[[ChromeDriver: chrome on WINDOWS (1779389475f5b1b6a39a0869e4513b02)] -> xpath: //button[contains(text(),'Logout')]]
verify tab[[ChromeDriver: chrome on WINDOWS (1779389475f5b1b6a39a0869e4513b02)] -> xpath: //button[contains(text(),'Logout')]]
verify tab[[ChromeDriver: chrome on WINDOWS (1779389475f5b1b6a39a0869e4513b02)] -> xpath: //button[contains(text(),'Logout')]]
verify tab[[ChromeDriver: chrome on WINDOWS (1779389475f5b1b6a39a0869e4513b02)] -> xpath: //button[contains(text(),'Logout')]]
verify tab[[ChromeDriver: chrome on WINDOWS (1779389475f5b1b6a39a0869e4513b02)] -> xpath: //button[contains(text(),'Logout')]]
verify tab[[ChromeDriver: chrome on WINDOWS (1779389475f5b1b6a39a0869e4513b02)] -> xpath: //button[contains(text(),'Logout')]]
verify tab[[ChromeDriver: chrome on WINDOWS (1779389475f5b1b6a39a0869e4513b02)] -> xpath: //button[contains(text(),'Logout')]]
verify tab[[ChromeDriver: chrome on WINDOWS (1779389475f5b1b6a39a0869e4513b02)] -> xpath: //button[contains(text(),'Logout')]]
verify tab[[ChromeDriver: chrome on WINDOWS (1779389475f5b1b6a39a0869e4513b02)] -> xpath: //button[contains(text(),'Logout')]]
verify tab[[ChromeDriver: chrome on WINDOWS (1779389475f5b1b6a39a0869e4513b02)] -> xpath: //button[contains(text(),'Logout')]]
verify tab[[ChromeDriver: chrome on WINDOWS (1779389475f5b1b6a39a0869e4513b02)] -> xpath: //button[contains(text(),'Logout')]]
verify tab[[ChromeDriver: chrome on WINDOWS (1779389475f5b1b6a39a0869e4513b02)] -> xpath: //button[contains(text(),'Logout')]]
verify tab[[ChromeDriver: chrome on WINDOWS (1779389475f5b1b6a39a0869e4513b02)] -> xpath: //button[contains(text(),'Logout')]]
verify tab[[ChromeDriver: chrome on WINDOWS (1779389475f5b1b6a39a0869e4513b02)] -> xpath: //button[contains(text(),'Logout')]]
verify tab[[ChromeDriver: chrome on WINDOWS (1779389475f5b1b6a39a0869e4513b02)] -> xpath: //button[contains(text(),'Logout')]]
verify tab[[ChromeDriver: chrome on WINDOWS (1779389475f5b1b6a39a0869e4513b02)] -> xpath: //button[contains(text(),'Logout')]]
verify tab[[ChromeDriver: chrome on WINDOWS (1779389475f5b1b6a39a0869e4513b02)] -> xpath: //button[contains(text(),'Logout')]]
verify tab[[ChromeDriver: chrome on WINDOWS (1779389475f5b1b6a39a0869e4513b02)] -> xpath: //button[contains(text(),'Logout')]]
verify tab[[ChromeDriver: chrome on WINDOWS (1779389475f5b1b6a39a0869e4513b02)] -> xpath: //button[contains(text(),'Logout')]]
verify tab[[ChromeDriver: chrome on WINDOWS (1779389475f5b1b6a39a0869e4513b02)] -> xpath: //button[contains(text(),'Logout')]]
verify tab[[ChromeDriver: chrome on WINDOWS (1779389475f5b1b6a39a0869e4513b02)] -> xpath: //button[contains(text(),'Logout')]]
verify tab[[ChromeDriver: chrome on WINDOWS (1779389475f5b1b6a39a0869e4513b02)] -> xpath: //button[contains(text(),'Logout')]]
verify tab[[ChromeDriver: chrome on WINDOWS (1779389475f5b1b6a39a0869e4513b02)] -> xpath: //button[contains(text(),'Logout')]]
verify tab[[ChromeDriver: chrome on WINDOWS (1779389475f5b1b6a39a0869e4513b02)] -> xpath: //button[contains(text(),'Logout')]]
verify tab[[ChromeDriver: chrome on WINDOWS (1779389475f5b1b6a39a0869e4513b02)] -> xpath: //button[contains(text(),'Logout')]]
verify tab[[ChromeDriver: chrome on WINDOWS (1779389475f5b1b6a39a0869e4513b02)] -> xpath: //button[contains(text(),'Logout')]]
verify tab[[ChromeDriver: chrome on WINDOWS (1779389475f5b1b6a39a0869e4513b02)] -> xpath: //button[contains(text(),'Logout')]]
verify tab[[ChromeDriver: chrome on WINDOWS (1779389475f5b1b6a39a0869e4513b02)] -> xpath: //button[contains(text(),'Logout')]]
verify tab[[ChromeDriver: chrome on WINDOWS (1779389475f5b1b6a39a0869e4513b02)] -> xpath: //button[contains(text(),'Logout')]]
verify tab[[ChromeDriver: chrome on WINDOWS (1779389475f5b1b6a39a0869e4513b02)] -> xpath: //button[contains(text(),'Logout')]]
verify tab[[ChromeDriver: chrome on WINDOWS (1779389475f5b1b6a39a0869e4513b02)] -> xpath: //button[contains(text(),'Logout')]]
verify tab[[ChromeDriver: chrome on WINDOWS (1779389475f5b1b6a39a0869e4513b02)] -> xpath: //button[contains(text(),'Logout')]]
verify tab[[ChromeDriver: chrome on WINDOWS (1779389475f5b1b6a39a0869e4513b02)] -> xpath: //button[contains(text(),'Logout')]]
verify tab[[ChromeDriver: chrome on WINDOWS (1779389475f5b1b6a39a0869e4513b02)] -> xpath: //button[contains(text(),'Logout')]]
verify tab[[ChromeDriver: chrome on WINDOWS (1779389475f5b1b6a39a0869e4513b02)] -> xpath: //button[contains(text(),'Logout')]]
verify tab[[ChromeDriver: chrome on WINDOWS (1779389475f5b1b6a39a0869e4513b02)] -> xpath: //button[contains(text(),'Logout')]]
verify tab[[ChromeDriver: chrome on WINDOWS (1779389475f5b1b6a39a0869e4513b02)] -> xpath: //button[contains(text(),'Logout')]]
verify tab[[ChromeDriver: chrome on WINDOWS (1779389475f5b1b6a39a0869e4513b02)] -> xpath: //button[contains(text(),'Logout')]]
verify tab[[ChromeDriver: chrome on WINDOWS (1779389475f5b1b6a39a0869e4513b02)] -> xpath: //button[contains(text(),'Logout')]]
verify tab[[ChromeDriver: chrome on WINDOWS (1779389475f5b1b6a39a0869e4513b02)] -> xpath: //button[contains(text(),'Logout')]]
verify tab[[ChromeDriver: chrome on WINDOWS (1779389475f5b1b6a39a0869e4513b02)] -> xpath: //button[contains(text(),'Logout')]]
verify tab[[ChromeDriver: chrome on WINDOWS (1779389475f5b1b6a39a0869e4513b02)] -> xpath: //button[contains(text(),'Logout')]]
verify tab[[ChromeDriver: chrome on WINDOWS (1779389475f5b1b6a39a0869e4513b02)] -> xpath: //button[contains(text(),'Logout')]]
verify tab[[ChromeDriver: chrome on WINDOWS (1779389475f5b1b6a39a0869e4513b02)] -> xpath: //button[contains(text(),'Logout')]]
verify tab[[ChromeDriver: chrome on WINDOWS (1779389475f5b1b6a39a0869e4513b02)] -> xpath: //button[contains(text(),'Logout')]]
verify tab[[ChromeDriver: chrome on WINDOWS (1779389475f5b1b6a39a0869e4513b02)] -> xpath: //button[contains(text(),'Logout')]]
verify tab[[ChromeDriver: chrome on WINDOWS (1779389475f5b1b6a39a0869e4513b02)] -> xpath: //button[contains(text(),'Logout')]]
verify tab[[ChromeDriver: chrome on WINDOWS (1779389475f5b1b6a39a0869e4513b02)] -> xpath: //button[contains(text(),'Logout')]]
verify tab[[ChromeDriver: chrome on WINDOWS (1779389475f5b1b6a39a0869e4513b02)] -> xpath: //button[contains(text(),'Logout')]]
verify tab[[ChromeDriver: chrome on WINDOWS (1779389475f5b1b6a39a0869e4513b02)] -> xpath: //button[contains(text(),'Logout')]]
verify tab[[ChromeDriver: chrome on WINDOWS (1779389475f5b1b6a39a0869e4513b02)] -> xpath: //button[contains(text(),'Logout')]]
verify tab[[ChromeDriver: chrome on WINDOWS (1779389475f5b1b6a39a0869e4513b02)] -> xpath: //button[contains(text(),'Logout')]]
verify tab[[ChromeDriver: chrome on WINDOWS (1779389475f5b1b6a39a0869e4513b02)] -> xpath: //button[contains(text(),'Logout')]]
verify tab[[ChromeDriver: chrome on WINDOWS (1779389475f5b1b6a39a0869e4513b02)] -> xpath: //button[contains(text(),'Logout')]]
verify tab[[ChromeDriver: chrome on WINDOWS (1779389475f5b1b6a39a0869e4513b02)] -> xpath: //button[contains(text(),'Logout')]]
verify tab[[ChromeDriver: chrome on WINDOWS (1779389475f5b1b6a39a0869e4513b02)] -> xpath: //button[contains(text(),'Logout')]]
verify tab[[ChromeDriver: chrome on WINDOWS (1779389475f5b1b6a39a0869e4513b02)] -> xpath: //button[contains(text(),'Logout')]]
verify tab[[ChromeDriver: chrome on WINDOWS (1779389475f5b1b6a39a0869e4513b02)] -> xpath: //button[contains(text(),'Logout')]]
verify tab[[ChromeDriver: chrome on WINDOWS (1779389475f5b1b6a39a0869e4513b02)] -> xpath: //button[contains(text(),'Logout')]]
verify tab[[ChromeDriver: chrome on WINDOWS (1779389475f5b1b6a39a0869e4513b02)] -> xpath: //button[contains(text(),'Logout')]]
verify tab[[ChromeDriver: chrome on WINDOWS (1779389475f5b1b6a39a0869e4513b02)] -> xpath: //button[contains(text(),'Logout')]]
verify tab[[ChromeDriver: chrome on WINDOWS (1779389475f5b1b6a39a0869e4513b02)] -> xpath: //button[contains(text(),'Logout')]]
verify tab[[ChromeDriver: chrome on WINDOWS (1779389475f5b1b6a39a0869e4513b02)] -> xpath: //button[contains(text(),'Logout')]]
verify tab[[ChromeDriver: chrome on WINDOWS (1779389475f5b1b6a39a0869e4513b02)] -> xpath: //button[contains(text(),'Logout')]]
verify tab[[ChromeDriver: chrome on WINDOWS (1779389475f5b1b6a39a0869e4513b02)] -> xpath: //button[contains(text(),'Logout')]]
verify tab[[ChromeDriver: chrome on WINDOWS (1779389475f5b1b6a39a0869e4513b02)] -> xpath: //button[contains(text(),'Logout')]]
verify tab[[ChromeDriver: chrome on WINDOWS (1779389475f5b1b6a39a0869e4513b02)] -> xpath: //button[contains(text(),'Logout')]]
verify tab[[ChromeDriver: chrome on WINDOWS (1779389475f5b1b6a39a0869e4513b02)] -> xpath: //button[contains(text(),'Logout')]]
verify tab[[ChromeDriver: chrome on WINDOWS (1779389475f5b1b6a39a0869e4513b02)] -> xpath: //button[contains(text(),'Logout')]]
verify tab[[ChromeDriver: chrome on WINDOWS (1779389475f5b1b6a39a0869e4513b02)] -> xpath: //button[contains(text(),'Logout')]]
verify tab[[ChromeDriver: chrome on WINDOWS (1779389475f5b1b6a39a0869e4513b02)] -> xpath: //button[contains(text(),'Logout')]]
verify tab[[ChromeDriver: chrome on WINDOWS (1779389475f5b1b6a39a0869e4513b02)] -> xpath: //button[contains(text(),'Logout')]]
verify tab[[ChromeDriver: chrome on WINDOWS (1779389475f5b1b6a39a0869e4513b02)] -> xpath: //button[contains(text(),'Logout')]]
verify tab[[ChromeDriver: chrome on WINDOWS (1779389475f5b1b6a39a0869e4513b02)] -> xpath: //button[contains(text(),'Logout')]]
verify tab[[ChromeDriver: chrome on WINDOWS (1779389475f5b1b6a39a0869e4513b02)] -> xpath: //button[contains(text(),'Logout')]]
verify tab[[ChromeDriver: chrome on WINDOWS (1779389475f5b1b6a39a0869e4513b02)] -> xpath: //button[contains(text(),'Logout')]]
verify tab[[ChromeDriver: chrome on WINDOWS (1779389475f5b1b6a39a0869e4513b02)] -> xpath: //button[contains(text(),'Logout')]]
verify tab[[ChromeDriver: chrome on WINDOWS (1779389475f5b1b6a39a0869e4513b02)] -> xpath: //button[contains(text(),'Logout')]]
verify tab[[ChromeDriver: chrome on WINDOWS (1779389475f5b1b6a39a0869e4513b02)] -> xpath: //button[contains(text(),'Logout')]]
verify tab[[ChromeDriver: chrome on WINDOWS (1779389475f5b1b6a39a0869e4513b02)] -> xpath: //button[contains(text(),'Logout')]]
verify tab[[ChromeDriver: chrome on WINDOWS (1779389475f5b1b6a39a0869e4513b02)] -> xpath: //button[contains(text(),'Logout')]]
verify tab[[ChromeDriver: chrome on WINDOWS (1779389475f5b1b6a39a0869e4513b02)] -> xpath: //button[contains(text(),'Logout')]]
verify tab[[ChromeDriver: chrome on WINDOWS (1779389475f5b1b6a39a0869e4513b02)] -> xpath: //button[contains(text(),'Logout')]]
verify tab[[ChromeDriver: chrome on WINDOWS (1779389475f5b1b6a39a0869e4513b02)] -> xpath: //button[contains(text(),'Logout')]]
verify tab[[ChromeDriver: chrome on WINDOWS (1779389475f5b1b6a39a0869e4513b02)] -> xpath: //button[contains(text(),'Logout')]]
verify tab[[ChromeDriver: chrome on WINDOWS (1779389475f5b1b6a39a0869e4513b02)] -> xpath: //button[contains(text(),'Logout')]]
verify tab[[ChromeDriver: chrome on WINDOWS (1779389475f5b1b6a39a0869e4513b02)] -> xpath: //button[contains(text(),'Logout')]]
verify tab[[ChromeDriver: chrome on WINDOWS (1779389475f5b1b6a39a0869e4513b02)] -> xpath: //button[contains(text(),'Logout')]]
verify tab[[ChromeDriver: chrome on WINDOWS (1779389475f5b1b6a39a0869e4513b02)] -> xpath: //button[contains(text(),'Logout')]]
verify tab[[ChromeDriver: chrome on WINDOWS (1779389475f5b1b6a39a0869e4513b02)] -> xpath: //button[contains(text(),'Logout')]]
verify tab[[ChromeDriver: chrome on WINDOWS (1779389475f5b1b6a39a0869e4513b02)] -> xpath: //button[contains(text(),'Logout')]]
verify tab[[ChromeDriver: chrome on WINDOWS (1779389475f5b1b6a39a0869e4513b02)] -> xpath: //button[contains(text(),'Logout')]]
verify tab[[ChromeDriver: chrome on WINDOWS (1779389475f5b1b6a39a0869e4513b02)] -> xpath: //button[contains(text(),'Logout')]]
verify tab[[ChromeDriver: chrome on WINDOWS (1779389475f5b1b6a39a0869e4513b02)] -> xpath: //button[contains(text(),'Logout')]]
verify tab[[ChromeDriver: chrome on WINDOWS (1779389475f5b1b6a39a0869e4513b02)] -> xpath: //button[contains(text(),'Logout')]]
verify tab[[ChromeDriver: chrome on WINDOWS (1779389475f5b1b6a39a0869e4513b02)] -> xpath: //button[contains(text(),'Logout')]]
verify tab[[ChromeDriver: chrome on WINDOWS (1779389475f5b1b6a39a0869e4513b02)] -> xpath: //button[contains(text(),'Logout')]]
verify tab[[ChromeDriver: chrome on WINDOWS (1779389475f5b1b6a39a0869e4513b02)] -> xpath: //button[contains(text(),'Logout')]]
verify tab[[ChromeDriver: chrome on WINDOWS (1779389475f5b1b6a39a0869e4513b02)] -> xpath: //button[contains(text(),'Logout')]]
verify tab[[ChromeDriver: chrome on WINDOWS (1779389475f5b1b6a39a0869e4513b02)] -> xpath: //button[contains(text(),'Logout')]]
verify tab[[ChromeDriver: chrome on WINDOWS (1779389475f5b1b6a39a0869e4513b02)] -> xpath: //button[contains(text(),'Logout')]]
verify tab[[ChromeDriver: chrome on WINDOWS (1779389475f5b1b6a39a0869e4513b02)] -> xpath: //button[contains(text(),'Logout')]]
verify tab[[ChromeDriver: chrome on WINDOWS (1779389475f5b1b6a39a0869e4513b02)] -> xpath: //button[contains(text(),'Logout')]]
verify tab[[ChromeDriver: chrome on WINDOWS (1779389475f5b1b6a39a0869e4513b02)] -> xpath: //button[contains(text(),'Logout')]]
verify tab[[ChromeDriver: chrome on WINDOWS (1779389475f5b1b6a39a0869e4513b02)] -> xpath: //button[contains(text(),'Logout')]]
verify tab[[ChromeDriver: chrome on WINDOWS (1779389475f5b1b6a39a0869e4513b02)] -> xpath: //button[contains(text(),'Logout')]]
verify tab[[ChromeDriver: chrome on WINDOWS (1779389475f5b1b6a39a0869e4513b02)] -> xpath: //button[contains(text(),'Logout')]]
verify tab[[ChromeDriver: chrome on WINDOWS (1779389475f5b1b6a39a0869e4513b02)] -> xpath: //button[contains(text(),'Logout')]]
verify tab[[ChromeDriver: chrome on WINDOWS (1779389475f5b1b6a39a0869e4513b02)] -> xpath: //button[contains(text(),'Logout')]]
verify tab[[ChromeDriver: chrome on WINDOWS (1779389475f5b1b6a39a0869e4513b02)] -> xpath: //button[contains(text(),'Logout')]]
verify tab[[ChromeDriver: chrome on WINDOWS (1779389475f5b1b6a39a0869e4513b02)] -> xpath: //button[contains(text(),'Logout')]]
verify tab[[ChromeDriver: chrome on WINDOWS (1779389475f5b1b6a39a0869e4513b02)] -> xpath: //button[contains(text(),'Logout')]]
verify tab[[ChromeDriver: chrome on WINDOWS (1779389475f5b1b6a39a0869e4513b02)] -> xpath: //button[contains(text(),'Logout')]]
verify tab[[ChromeDriver: chrome on WINDOWS (1779389475f5b1b6a39a0869e4513b02)] -> xpath: //button[contains(text(),'Logout')]]
verify tab[[ChromeDriver: chrome on WINDOWS (1779389475f5b1b6a39a0869e4513b02)] -> xpath: //button[contains(text(),'Logout')]]
verify tab[[ChromeDriver: chrome on WINDOWS (1779389475f5b1b6a39a0869e4513b02)] -> xpath: //button[contains(text(),'Logout')]]
verify tab[[ChromeDriver: chrome on WINDOWS (1779389475f5b1b6a39a0869e4513b02)] -> xpath: //button[contains(text(),'Logout')]]
verify tab[[ChromeDriver: chrome on WINDOWS (1779389475f5b1b6a39a0869e4513b02)] -> xpath: //button[contains(text(),'Logout')]]
verify tab[[ChromeDriver: chrome on WINDOWS (1779389475f5b1b6a39a0869e4513b02)] -> xpath: //button[contains(text(),'Logout')]]
verify tab[[ChromeDriver: chrome on WINDOWS (1779389475f5b1b6a39a0869e4513b02)] -> xpath: //button[contains(text(),'Logout')]]
verify tab[[ChromeDriver: chrome on WINDOWS (1779389475f5b1b6a39a0869e4513b02)] -> xpath: //button[contains(text(),'Logout')]]
verify tab[[ChromeDriver: chrome on WINDOWS (1779389475f5b1b6a39a0869e4513b02)] -> xpath: //button[contains(text(),'Logout')]]
verify tab[[ChromeDriver: chrome on WINDOWS (1779389475f5b1b6a39a0869e4513b02)] -> xpath: //button[contains(text(),'Logout')]]
verify tab[[ChromeDriver: chrome on WINDOWS (1779389475f5b1b6a39a0869e4513b02)] -> xpath: //button[contains(text(),'Logout')]]
verify tab[[ChromeDriver: chrome on WINDOWS (1779389475f5b1b6a39a0869e4513b02)] -> xpath: //button[contains(text(),'Logout')]]
verify tab[[ChromeDriver: chrome on WINDOWS (1779389475f5b1b6a39a0869e4513b02)] -> xpath: //button[contains(text(),'Logout')]]
verify tab[[ChromeDriver: chrome on WINDOWS (1779389475f5b1b6a39a0869e4513b02)] -> xpath: //button[contains(text(),'Logout')]]
verify tab[[ChromeDriver: chrome on WINDOWS (1779389475f5b1b6a39a0869e4513b02)] -> xpath: //button[contains(text(),'Logout')]]
verify tab[[ChromeDriver: chrome on WINDOWS (1779389475f5b1b6a39a0869e4513b02)] -> xpath: //button[contains(text(),'Logout')]]
verify tab[[ChromeDriver: chrome on WINDOWS (1779389475f5b1b6a39a0869e4513b02)] -> xpath: //button[contains(text(),'Logout')]]
verify tab[[ChromeDriver: chrome on WINDOWS (1779389475f5b1b6a39a0869e4513b02)] -> xpath: //button[contains(text(),'Logout')]]
verify tab[[ChromeDriver: chrome on WINDOWS (1779389475f5b1b6a39a0869e4513b02)] -> xpath: //button[contains(text(),'Logout')]]
verify tab[[ChromeDriver: chrome on WINDOWS (1779389475f5b1b6a39a0869e4513b02)] -> xpath: //button[contains(text(),'Logout')]]
verify tab[[ChromeDriver: chrome on WINDOWS (1779389475f5b1b6a39a0869e4513b02)] -> xpath: //button[contains(text(),'Logout')]]
verify tab[[ChromeDriver: chrome on WINDOWS (1779389475f5b1b6a39a0869e4513b02)] -> xpath: //button[contains(text(),'Logout')]]
verify tab[[ChromeDriver: chrome on WINDOWS (1779389475f5b1b6a39a0869e4513b02)] -> xpath: //button[contains(text(),'Logout')]]
verify tab[[ChromeDriver: chrome on WINDOWS (1779389475f5b1b6a39a0869e4513b02)] -> xpath: //button[contains(text(),'Logout')]]
verify tab[[ChromeDriver: chrome on WINDOWS (1779389475f5b1b6a39a0869e4513b02)] -> xpath: //button[contains(text(),'Logout')]]
verify tab[[ChromeDriver: chrome on WINDOWS (1779389475f5b1b6a39a0869e4513b02)] -> xpath: //button[contains(text(),'Logout')]]
verify tab[[ChromeDriver: chrome on WINDOWS (1779389475f5b1b6a39a0869e4513b02)] -> xpath: //button[contains(text(),'Logout')]]
verify tab[[ChromeDriver: chrome on WINDOWS (1779389475f5b1b6a39a0869e4513b02)] -> xpath: //button[contains(text(),'Logout')]]
verify tab[[ChromeDriver: chrome on WINDOWS (1779389475f5b1b6a39a0869e4513b02)] -> xpath: //button[contains(text(),'Logout')]]
verify tab[[ChromeDriver: chrome on WINDOWS (1779389475f5b1b6a39a0869e4513b02)] -> xpath: //button[contains(text(),'Logout')]]
verify tab[[ChromeDriver: chrome on WINDOWS (1779389475f5b1b6a39a0869e4513b02)] -> xpath: //button[contains(text(),'Logout')]]
verify tab[[ChromeDriver: chrome on WINDOWS (1779389475f5b1b6a39a0869e4513b02)] -> xpath: //button[contains(text(),'Logout')]]
verify tab[[ChromeDriver: chrome on WINDOWS (1779389475f5b1b6a39a0869e4513b02)] -> xpath: //button[contains(text(),'Logout')]]
verify tab[[ChromeDriver: chrome on WINDOWS (1779389475f5b1b6a39a0869e4513b02)] -> xpath: //button[contains(text(),'Logout')]]
verify tab[[ChromeDriver: chrome on WINDOWS (1779389475f5b1b6a39a0869e4513b02)] -> xpath: //button[contains(text(),'Logout')]]
verify tab[[ChromeDriver: chrome on WINDOWS (1779389475f5b1b6a39a0869e4513b02)] -> xpath: //button[contains(text(),'Logout')]]
verify tab[[ChromeDriver: chrome on WINDOWS (1779389475f5b1b6a39a0869e4513b02)] -> xpath: //button[contains(text(),'Logout')]]
verify tab[[ChromeDriver: chrome on WINDOWS (1779389475f5b1b6a39a0869e4513b02)] -> xpath: //button[contains(text(),'Logout')]]
verify tab[[ChromeDriver: chrome on WINDOWS (1779389475f5b1b6a39a0869e4513b02)] -> xpath: //button[contains(text(),'Logout')]]
verify tab[[ChromeDriver: chrome on WINDOWS (1779389475f5b1b6a39a0869e4513b02)] -> xpath: //button[contains(text(),'Logout')]]
verify tab[[ChromeDriver: chrome on WINDOWS (1779389475f5b1b6a39a0869e4513b02)] -> xpath: //button[contains(text(),'Logout')]]
verify tab[[ChromeDriver: chrome on WINDOWS (1779389475f5b1b6a39a0869e4513b02)] -> xpath: //button[contains(text(),'Logout')]]
verify tab[[ChromeDriver: chrome on WINDOWS (1779389475f5b1b6a39a0869e4513b02)] -> xpath: //button[contains(text(),'Logout')]]
verify tab[[ChromeDriver: chrome on WINDOWS (1779389475f5b1b6a39a0869e4513b02)] -> xpath: //button[contains(text(),'Logout')]]
verify tab[[ChromeDriver: chrome on WINDOWS (1779389475f5b1b6a39a0869e4513b02)] -> xpath: //button[contains(text(),'Logout')]]
verify tab[[ChromeDriver: chrome on WINDOWS (1779389475f5b1b6a39a0869e4513b02)] -> xpath: //button[contains(text(),'Logout')]]
verify tab[[ChromeDriver: chrome on WINDOWS (1779389475f5b1b6a39a0869e4513b02)] -> xpath: //button[contains(text(),'Logout')]]
verify tab[[ChromeDriver: chrome on WINDOWS (1779389475f5b1b6a39a0869e4513b02)] -> xpath: //button[contains(text(),'Logout')]]
verify tab[[ChromeDriver: chrome on WINDOWS (1779389475f5b1b6a39a0869e4513b02)] -> xpath: //button[contains(text(),'Logout')]]
verify tab[[ChromeDriver: chrome on WINDOWS (1779389475f5b1b6a39a0869e4513b02)] -> xpath: //button[contains(text(),'Logout')]]
verify tab[[ChromeDriver: chrome on WINDOWS (1779389475f5b1b6a39a0869e4513b02)] -> xpath: //button[contains(text(),'Logout')]]
verify tab[[ChromeDriver: chrome on WINDOWS (1779389475f5b1b6a39a0869e4513b02)] -> xpath: //button[contains(text(),'Logout')]]
verify tab[[ChromeDriver: chrome on WINDOWS (1779389475f5b1b6a39a0869e4513b02)] -> xpath: //button[contains(text(),'Logout')]]
verify tab[[ChromeDriver: chrome on WINDOWS (1779389475f5b1b6a39a0869e4513b02)] -> xpath: //button[contains(text(),'Logout')]]
verify tab[[ChromeDriver: chrome on WINDOWS (1779389475f5b1b6a39a0869e4513b02)] -> xpath: //button[contains(text(),'Logout')]]
verify tab[[ChromeDriver: chrome on WINDOWS (1779389475f5b1b6a39a0869e4513b02)] -> xpath: //button[contains(text(),'Logout')]]
verify tab[[ChromeDriver: chrome on WINDOWS (1779389475f5b1b6a39a0869e4513b02)] -> xpath: //button[contains(text(),'Logout')]]
verify tab[[ChromeDriver: chrome on WINDOWS (1779389475f5b1b6a39a0869e4513b02)] -> xpath: //button[contains(text(),'Logout')]]
verify tab[[ChromeDriver: chrome on WINDOWS (1779389475f5b1b6a39a0869e4513b02)] -> xpath: //button[contains(text(),'Logout')]]
verify tab[[ChromeDriver: chrome on WINDOWS (1779389475f5b1b6a39a0869e4513b02)] -> xpath: //button[contains(text(),'Logout')]]
verify tab[[ChromeDriver: chrome on WINDOWS (1779389475f5b1b6a39a0869e4513b02)] -> xpath: //button[contains(text(),'Logout')]]
verify tab[[ChromeDriver: chrome on WINDOWS (1779389475f5b1b6a39a0869e4513b02)] -> xpath: //button[contains(text(),'Logout')]]
verify tab[[ChromeDriver: chrome on WINDOWS (1779389475f5b1b6a39a0869e4513b02)] -> xpath: //button[contains(text(),'Logout')]]
verify tab[[ChromeDriver: chrome on WINDOWS (1779389475f5b1b6a39a0869e4513b02)] -> xpath: //button[contains(text(),'Logout')]]
verify tab[[ChromeDriver: chrome on WINDOWS (1779389475f5b1b6a39a0869e4513b02)] -> xpath: //button[contains(text(),'Logout')]]
verify tab[[ChromeDriver: chrome on WINDOWS (1779389475f5b1b6a39a0869e4513b02)] -> xpath: //button[contains(text(),'Logout')]]
verify tab[[ChromeDriver: chrome on WINDOWS (1779389475f5b1b6a39a0869e4513b02)] -> xpath: //button[contains(text(),'Logout')]]
verify tab[[ChromeDriver: chrome on WINDOWS (1779389475f5b1b6a39a0869e4513b02)] -> xpath: //button[contains(text(),'Logout')]]
verify tab[[ChromeDriver: chrome on WINDOWS (1779389475f5b1b6a39a0869e4513b02)] -> xpath: //button[contains(text(),'Logout')]]
verify tab[[ChromeDriver: chrome on WINDOWS (1779389475f5b1b6a39a0869e4513b02)] -> xpath: //button[contains(text(),'Logout')]]
verify tab[[ChromeDriver: chrome on WINDOWS (1779389475f5b1b6a39a0869e4513b02)] -> xpath: //button[contains(text(),'Logout')]]
verify tab[[ChromeDriver: chrome on WINDOWS (1779389475f5b1b6a39a0869e4513b02)] -> xpath: //button[contains(text(),'Logout')]]
verify tab[[ChromeDriver: chrome on WINDOWS (1779389475f5b1b6a39a0869e4513b02)] -> xpath: //button[contains(text(),'Logout')]]
verify tab[[ChromeDriver: chrome on WINDOWS (1779389475f5b1b6a39a0869e4513b02)] -> xpath: //button[contains(text(),'Logout')]]
verify tab[[ChromeDriver: chrome on WINDOWS (1779389475f5b1b6a39a0869e4513b02)] -> xpath: //button[contains(text(),'Logout')]]
verify tab[[ChromeDriver: chrome on WINDOWS (1779389475f5b1b6a39a0869e4513b02)] -> xpath: //button[contains(text(),'Logout')]]
verify tab[[ChromeDriver: chrome on WINDOWS (1779389475f5b1b6a39a0869e4513b02)] -> xpath: //button[contains(text(),'Logout')]]
verify tab[[ChromeDriver: chrome on WINDOWS (1779389475f5b1b6a39a0869e4513b02)] -> xpath: //button[contains(text(),'Logout')]]
verify tab[[ChromeDriver: chrome on WINDOWS (1779389475f5b1b6a39a0869e4513b02)] -> xpath: //button[contains(text(),'Logout')]]
verify tab[[ChromeDriver: chrome on WINDOWS (1779389475f5b1b6a39a0869e4513b02)] -> xpath: //button[contains(text(),'Logout')]]
verify tab[[ChromeDriver: chrome on WINDOWS (1779389475f5b1b6a39a0869e4513b02)] -> xpath: //button[contains(text(),'Logout')]]
verify tab[[ChromeDriver: chrome on WINDOWS (1779389475f5b1b6a39a0869e4513b02)] -> xpath: //button[contains(text(),'Logout')]]
verify tab[[ChromeDriver: chrome on WINDOWS (1779389475f5b1b6a39a0869e4513b02)] -> xpath: //button[contains(text(),'Logout')]]
verify tab[[ChromeDriver: chrome on WINDOWS (1779389475f5b1b6a39a0869e4513b02)] -> xpath: //button[contains(text(),'Logout')]]
verify tab[[ChromeDriver: chrome on WINDOWS (1779389475f5b1b6a39a0869e4513b02)] -> xpath: //button[contains(text(),'Logout')]]
verify tab[[ChromeDriver: chrome on WINDOWS (1779389475f5b1b6a39a0869e4513b02)] -> xpath: //button[contains(text(),'Logout')]]
verify tab[[ChromeDriver: chrome on WINDOWS (1779389475f5b1b6a39a0869e4513b02)] -> xpath: //button[contains(text(),'Logout')]]
verify tab[[ChromeDriver: chrome on WINDOWS (1779389475f5b1b6a39a0869e4513b02)] -> xpath: //button[contains(text(),'Logout')]]
verify tab[[ChromeDriver: chrome on WINDOWS (1779389475f5b1b6a39a0869e4513b02)] -> xpath: //button[contains(text(),'Logout')]]
verify tab[[ChromeDriver: chrome on WINDOWS (1779389475f5b1b6a39a0869e4513b02)] -> xpath: //button[contains(text(),'Logout')]]
verify tab[[ChromeDriver: chrome on WINDOWS (1779389475f5b1b6a39a0869e4513b02)] -> xpath: //button[contains(text(),'Logout')]]
verify tab[[ChromeDriver: chrome on WINDOWS (1779389475f5b1b6a39a0869e4513b02)] -> xpath: //button[contains(text(),'Logout')]]
verify tab[[ChromeDriver: chrome on WINDOWS (1779389475f5b1b6a39a0869e4513b02)] -> xpath: //button[contains(text(),'Logout')]]
verify tab[[ChromeDriver: chrome on WINDOWS (1779389475f5b1b6a39a0869e4513b02)] -> xpath: //button[contains(text(),'Logout')]]
verify tab[[ChromeDriver: chrome on WINDOWS (1779389475f5b1b6a39a0869e4513b02)] -> xpath: //button[contains(text(),'Logout')]]
verify tab[[ChromeDriver: chrome on WINDOWS (1779389475f5b1b6a39a0869e4513b02)] -> xpath: //button[contains(text(),'Logout')]]
verify tab[[ChromeDriver: chrome on WINDOWS (1779389475f5b1b6a39a0869e4513b02)] -> xpath: //button[contains(text(),'Logout')]]
verify tab[[ChromeDriver: chrome on WINDOWS (1779389475f5b1b6a39a0869e4513b02)] -> xpath: //button[contains(text(),'Logout')]]
verify tab[[ChromeDriver: chrome on WINDOWS (1779389475f5b1b6a39a0869e4513b02)] -> xpath: //button[contains(text(),'Logout')]]
verify tab[[ChromeDriver: chrome on WINDOWS (1779389475f5b1b6a39a0869e4513b02)] -> xpath: //button[contains(text(),'Logout')]]
verify tab[[ChromeDriver: chrome on WINDOWS (1779389475f5b1b6a39a0869e4513b02)] -> xpath: //button[contains(text(),'Logout')]]
verify tab[[ChromeDriver: chrome on WINDOWS (1779389475f5b1b6a39a0869e4513b02)] -> xpath: //button[contains(text(),'Logout')]]
verify tab[[ChromeDriver: chrome on WINDOWS (1779389475f5b1b6a39a0869e4513b02)] -> xpath: //button[contains(text(),'Logout')]]
verify tab[[ChromeDriver: chrome on WINDOWS (1779389475f5b1b6a39a0869e4513b02)] -> xpath: //button[contains(text(),'Logout')]]
verify tab[[ChromeDriver: chrome on WINDOWS (1779389475f5b1b6a39a0869e4513b02)] -> xpath: //button[contains(text(),'Logout')]]
verify tab[[ChromeDriver: chrome on WINDOWS (1779389475f5b1b6a39a0869e4513b02)] -> xpath: //button[contains(text(),'Logout')]]
verify tab[[ChromeDriver: chrome on WINDOWS (1779389475f5b1b6a39a0869e4513b02)] -> xpath: //button[contains(text(),'Logout')]]
verify tab[[ChromeDriver: chrome on WINDOWS (1779389475f5b1b6a39a0869e4513b02)] -> xpath: //button[contains(text(),'Logout')]]
verify tab[[ChromeDriver: chrome on WINDOWS (1779389475f5b1b6a39a0869e4513b02)] -> xpath: //button[contains(text(),'Logout')]]
verify tab[[ChromeDriver: chrome on WINDOWS (1779389475f5b1b6a39a0869e4513b02)] -> xpath: //button[contains(text(),'Logout')]]
verify tab[[ChromeDriver: chrome on WINDOWS (1779389475f5b1b6a39a0869e4513b02)] -> xpath: //button[contains(text(),'Logout')]]
verify tab[[ChromeDriver: chrome on WINDOWS (1779389475f5b1b6a39a0869e4513b02)] -> xpath: //button[contains(text(),'Logout')]]
verify tab[[ChromeDriver: chrome on WINDOWS (1779389475f5b1b6a39a0869e4513b02)] -> xpath: //button[contains(text(),'Logout')]]
verify tab[[ChromeDriver: chrome on WINDOWS (1779389475f5b1b6a39a0869e4513b02)] -> xpath: //button[contains(text(),'Logout')]]
verify tab[[ChromeDriver: chrome on WINDOWS (1779389475f5b1b6a39a0869e4513b02)] -> xpath: //button[contains(text(),'Logout')]]
verify tab[[ChromeDriver: chrome on WINDOWS (1779389475f5b1b6a39a0869e4513b02)] -> xpath: //button[contains(text(),'Logout')]]
verify tab[[ChromeDriver: chrome on WINDOWS (1779389475f5b1b6a39a0869e4513b02)] -> xpath: //button[contains(text(),'Logout')]]
verify tab[[ChromeDriver: chrome on WINDOWS (1779389475f5b1b6a39a0869e4513b02)] -> xpath: //button[contains(text(),'Logout')]]
verify tab[[ChromeDriver: chrome on WINDOWS (1779389475f5b1b6a39a0869e4513b02)] -> xpath: //button[contains(text(),'Logout')]]
verify tab[[ChromeDriver: chrome on WINDOWS (1779389475f5b1b6a39a0869e4513b02)] -> xpath: //button[contains(text(),'Logout')]]
verify tab[[ChromeDriver: chrome on WINDOWS (1779389475f5b1b6a39a0869e4513b02)] -> xpath: //button[contains(text(),'Logout')]]
verify tab[[ChromeDriver: chrome on WINDOWS (1779389475f5b1b6a39a0869e4513b02)] -> xpath: //button[contains(text(),'Logout')]]
verify tab[[ChromeDriver: chrome on WINDOWS (1779389475f5b1b6a39a0869e4513b02)] -> xpath: //button[contains(text(),'Logout')]]
verify tab[[ChromeDriver: chrome on WINDOWS (1779389475f5b1b6a39a0869e4513b02)] -> xpath: //button[contains(text(),'Logout')]]
verify tab[[ChromeDriver: chrome on WINDOWS (1779389475f5b1b6a39a0869e4513b02)] -> xpath: //button[contains(text(),'Logout')]]
verify tab[[ChromeDriver: chrome on WINDOWS (1779389475f5b1b6a39a0869e4513b02)] -> xpath: //button[contains(text(),'Logout')]]
verify tab[[ChromeDriver: chrome on WINDOWS (1779389475f5b1b6a39a0869e4513b02)] -> xpath: //button[contains(text(),'Logout')]]
verify tab[[ChromeDriver: chrome on WINDOWS (1779389475f5b1b6a39a0869e4513b02)] -> xpath: //button[contains(text(),'Logout')]]
verify tab[[ChromeDriver: chrome on WINDOWS (1779389475f5b1b6a39a0869e4513b02)] -> xpath: //button[contains(text(),'Logout')]]
verify tab[[ChromeDriver: chrome on WINDOWS (1779389475f5b1b6a39a0869e4513b02)] -> xpath: //button[contains(text(),'Logout')]]
verify tab[[ChromeDriver: chrome on WINDOWS (1779389475f5b1b6a39a0869e4513b02)] -> xpath: //button[contains(text(),'Logout')]]
verify tab[[ChromeDriver: chrome on WINDOWS (1779389475f5b1b6a39a0869e4513b02)] -> xpath: //button[contains(text(),'Logout')]]
verify tab[[ChromeDriver: chrome on WINDOWS (1779389475f5b1b6a39a0869e4513b02)] -> xpath: //button[contains(text(),'Logout')]]
verify tab[[ChromeDriver: chrome on WINDOWS (1779389475f5b1b6a39a0869e4513b02)] -> xpath: //button[contains(text(),'Logout')]]
verify tab[[ChromeDriver: chrome on WINDOWS (1779389475f5b1b6a39a0869e4513b02)] -> xpath: //button[contains(text(),'Logout')]]
verify tab[[ChromeDriver: chrome on WINDOWS (1779389475f5b1b6a39a0869e4513b02)] -> xpath: //button[contains(text(),'Logout')]]
verify tab[[ChromeDriver: chrome on WINDOWS (1779389475f5b1b6a39a0869e4513b02)] -> xpath: //button[contains(text(),'Logout')]]
verify tab[[ChromeDriver: chrome on WINDOWS (1779389475f5b1b6a39a0869e4513b02)] -> xpath: //button[contains(text(),'Logout')]]
verify tab[[ChromeDriver: chrome on WINDOWS (1779389475f5b1b6a39a0869e4513b02)] -> xpath: //button[contains(text(),'Logout')]]
verify tab[[ChromeDriver: chrome on WINDOWS (1779389475f5b1b6a39a0869e4513b02)] -> xpath: //button[contains(text(),'Logout')]]
verify tab[[ChromeDriver: chrome on WINDOWS (1779389475f5b1b6a39a0869e4513b02)] -> xpath: //button[contains(text(),'Logout')]]
verify tab[[ChromeDriver: chrome on WINDOWS (1779389475f5b1b6a39a0869e4513b02)] -> xpath: //button[contains(text(),'Logout')]]
verify tab[[ChromeDriver: chrome on WINDOWS (1779389475f5b1b6a39a0869e4513b02)] -> xpath: //button[contains(text(),'Logout')]]
verify tab[[ChromeDriver: chrome on WINDOWS (1779389475f5b1b6a39a0869e4513b02)] -> xpath: //button[contains(text(),'Logout')]]
verify tab[[ChromeDriver: chrome on WINDOWS (1779389475f5b1b6a39a0869e4513b02)] -> xpath: //button[contains(text(),'Logout')]]
verify tab[[ChromeDriver: chrome on WINDOWS (1779389475f5b1b6a39a0869e4513b02)] -> xpath: //button[contains(text(),'Logout')]]
verify tab[[ChromeDriver: chrome on WINDOWS (1779389475f5b1b6a39a0869e4513b02)] -> xpath: //button[contains(text(),'Logout')]]
verify tab[[ChromeDriver: chrome on WINDOWS (1779389475f5b1b6a39a0869e4513b02)] -> xpath: //button[contains(text(),'Logout')]]
verify tab[[ChromeDriver: chrome on WINDOWS (1779389475f5b1b6a39a0869e4513b02)] -> xpath: //button[contains(text(),'Logout')]]
verify tab[[ChromeDriver: chrome on WINDOWS (1779389475f5b1b6a39a0869e4513b02)] -> xpath: //button[contains(text(),'Logout')]]
verify tab[[ChromeDriver: chrome on WINDOWS (1779389475f5b1b6a39a0869e4513b02)] -> xpath: //button[contains(text(),'Logout')]]
verify tab[[ChromeDriver: chrome on WINDOWS (1779389475f5b1b6a39a0869e4513b02)] -> xpath: //button[contains(text(),'Logout')]]
verify tab[[ChromeDriver: chrome on WINDOWS (1779389475f5b1b6a39a0869e4513b02)] -> xpath: //button[contains(text(),'Logout')]]
verify tab[[ChromeDriver: chrome on WINDOWS (1779389475f5b1b6a39a0869e4513b02)] -> xpath: //button[contains(text(),'Logout')]]
verify tab[[ChromeDriver: chrome on WINDOWS (1779389475f5b1b6a39a0869e4513b02)] -> xpath: //button[contains(text(),'Logout')]]
verify tab[[ChromeDriver: chrome on WINDOWS (1779389475f5b1b6a39a0869e4513b02)] -> xpath: //button[contains(text(),'Logout')]]
verify tab[[ChromeDriver: chrome on WINDOWS (1779389475f5b1b6a39a0869e4513b02)] -> xpath: //button[contains(text(),'Logout')]]
verify tab[[ChromeDriver: chrome on WINDOWS (1779389475f5b1b6a39a0869e4513b02)] -> xpath: //button[contains(text(),'Logout')]]
verify tab[[ChromeDriver: chrome on WINDOWS (1779389475f5b1b6a39a0869e4513b02)] -> xpath: //button[contains(text(),'Logout')]]
verify tab[[ChromeDriver: chrome on WINDOWS (1779389475f5b1b6a39a0869e4513b02)] -> xpath: //button[contains(text(),'Logout')]]
verify tab[[ChromeDriver: chrome on WINDOWS (1779389475f5b1b6a39a0869e4513b02)] -> xpath: //button[contains(text(),'Logout')]]
verify tab[[ChromeDriver: chrome on WINDOWS (1779389475f5b1b6a39a0869e4513b02)] -> xpath: //button[contains(text(),'Logout')]]
verify tab[[ChromeDriver: chrome on WINDOWS (1779389475f5b1b6a39a0869e4513b02)] -> xpath: //button[contains(text(),'Logout')]]
verify tab[[ChromeDriver: chrome on WINDOWS (1779389475f5b1b6a39a0869e4513b02)] -> xpath: //button[contains(text(),'Logout')]]
verify tab[[ChromeDriver: chrome on WINDOWS (1779389475f5b1b6a39a0869e4513b02)] -> xpath: //button[contains(text(),'Logout')]]
verify tab[[ChromeDriver: chrome on WINDOWS (1779389475f5b1b6a39a0869e4513b02)] -> xpath: //button[contains(text(),'Logout')]]
verify tab[[ChromeDriver: chrome on WINDOWS (1779389475f5b1b6a39a0869e4513b02)] -> xpath: //button[contains(text(),'Logout')]]
verify tab[[ChromeDriver: chrome on WINDOWS (1779389475f5b1b6a39a0869e4513b02)] -> xpath: //button[contains(text(),'Logout')]]
verify tab[[ChromeDriver: chrome on WINDOWS (1779389475f5b1b6a39a0869e4513b02)] -> xpath: //button[contains(text(),'Logout')]]
verify tab[[ChromeDriver: chrome on WINDOWS (1779389475f5b1b6a39a0869e4513b02)] -> xpath: //button[contains(text(),'Logout')]]
verify tab[[ChromeDriver: chrome on WINDOWS (1779389475f5b1b6a39a0869e4513b02)] -> xpath: //button[contains(text(),'Logout')]]
verify tab[[ChromeDriver: chrome on WINDOWS (1779389475f5b1b6a39a0869e4513b02)] -> xpath: //button[contains(text(),'Logout')]]
verify tab[[ChromeDriver: chrome on WINDOWS (1779389475f5b1b6a39a0869e4513b02)] -> xpath: //button[contains(text(),'Logout')]]
verify tab[[ChromeDriver: chrome on WINDOWS (1779389475f5b1b6a39a0869e4513b02)] -> xpath: //button[contains(text(),'Logout')]]
verify tab[[ChromeDriver: chrome on WINDOWS (1779389475f5b1b6a39a0869e4513b02)] -> xpath: //button[contains(text(),'Logout')]]
verify tab[[ChromeDriver: chrome on WINDOWS (1779389475f5b1b6a39a0869e4513b02)] -> xpath: //button[contains(text(),'Logout')]]
verify tab[[ChromeDriver: chrome on WINDOWS (1779389475f5b1b6a39a0869e4513b02)] -> xpath: //button[contains(text(),'Logout')]]
verify tab[[ChromeDriver: chrome on WINDOWS (1779389475f5b1b6a39a0869e4513b02)] -> xpath: //button[contains(text(),'Logout')]]
verify tab[[ChromeDriver: chrome on WINDOWS (1779389475f5b1b6a39a0869e4513b02)] -> xpath: //button[contains(text(),'Logout')]]
verify tab[[ChromeDriver: chrome on WINDOWS (1779389475f5b1b6a39a0869e4513b02)] -> xpath: //button[contains(text(),'Logout')]]
verify tab[[ChromeDriver: chrome on WINDOWS (1779389475f5b1b6a39a0869e4513b02)] -> xpath: //button[contains(text(),'Logout')]]
verify tab[[ChromeDriver: chrome on WINDOWS (1779389475f5b1b6a39a0869e4513b02)] -> xpath: //button[contains(text(),'Logout')]]
verify tab[[ChromeDriver: chrome on WINDOWS (1779389475f5b1b6a39a0869e4513b02)] -> xpath: //button[contains(text(),'Logout')]]
verify tab[[ChromeDriver: chrome on WINDOWS (1779389475f5b1b6a39a0869e4513b02)] -> xpath: //button[contains(text(),'Logout')]]
verify tab[[ChromeDriver: chrome on WINDOWS (1779389475f5b1b6a39a0869e4513b02)] -> xpath: //button[contains(text(),'Logout')]]
verify tab[[ChromeDriver: chrome on WINDOWS (1779389475f5b1b6a39a0869e4513b02)] -> xpath: //button[contains(text(),'Logout')]]
verify tab[[ChromeDriver: chrome on WINDOWS (1779389475f5b1b6a39a0869e4513b02)] -> xpath: //button[contains(text(),'Logout')]]
verify tab[[ChromeDriver: chrome on WINDOWS (1779389475f5b1b6a39a0869e4513b02)] -> xpath: //button[contains(text(),'Logout')]]
verify tab[[ChromeDriver: chrome on WINDOWS (1779389475f5b1b6a39a0869e4513b02)] -> xpath: //button[contains(text(),'Logout')]]
verify tab[[ChromeDriver: chrome on WINDOWS (1779389475f5b1b6a39a0869e4513b02)] -> xpath: //button[contains(text(),'Logout')]]
verify tab[[ChromeDriver: chrome on WINDOWS (1779389475f5b1b6a39a0869e4513b02)] -> xpath: //button[contains(text(),'Logout')]]
verify tab[[ChromeDriver: chrome on WINDOWS (1779389475f5b1b6a39a0869e4513b02)] -> xpath: //button[contains(text(),'Logout')]]
verify tab[[ChromeDriver: chrome on WINDOWS (1779389475f5b1b6a39a0869e4513b02)] -> xpath: //button[contains(text(),'Logout')]]
verify tab[[ChromeDriver: chrome on WINDOWS (1779389475f5b1b6a39a0869e4513b02)] -> xpath: //button[contains(text(),'Logout')]]
verify tab[[ChromeDriver: chrome on WINDOWS (1779389475f5b1b6a39a0869e4513b02)] -> xpath: //button[contains(text(),'Logout')]]
verify tab[[ChromeDriver: chrome on WINDOWS (1779389475f5b1b6a39a0869e4513b02)] -> xpath: //button[contains(text(),'Logout')]]
verify tab[[ChromeDriver: chrome on WINDOWS (1779389475f5b1b6a39a0869e4513b02)] -> xpath: //button[contains(text(),'Logout')]]
verify tab[[ChromeDriver: chrome on WINDOWS (1779389475f5b1b6a39a0869e4513b02)] -> xpath: //button[contains(text(),'Logout')]]
verify tab[[ChromeDriver: chrome on WINDOWS (1779389475f5b1b6a39a0869e4513b02)] -> xpath: //button[contains(text(),'Logout')]]
verify tab[[ChromeDriver: chrome on WINDOWS (1779389475f5b1b6a39a0869e4513b02)] -> xpath: //button[contains(text(),'Logout')]]
verify tab[[ChromeDriver: chrome on WINDOWS (1779389475f5b1b6a39a0869e4513b02)] -> xpath: //button[contains(text(),'Logout')]]
verify tab[[ChromeDriver: chrome on WINDOWS (1779389475f5b1b6a39a0869e4513b02)] -> xpath: //button[contains(text(),'Logout')]]
verify tab[[ChromeDriver: chrome on WINDOWS (1779389475f5b1b6a39a0869e4513b02)] -> xpath: //button[contains(text(),'Logout')]]
verify tab[[ChromeDriver: chrome on WINDOWS (1779389475f5b1b6a39a0869e4513b02)] -> xpath: //button[contains(text(),'Logout')]]
verify tab[[ChromeDriver: chrome on WINDOWS (1779389475f5b1b6a39a0869e4513b02)] -> xpath: //button[contains(text(),'Logout')]]
verify tab[[ChromeDriver: chrome on WINDOWS (1779389475f5b1b6a39a0869e4513b02)] -> xpath: //button[contains(text(),'Logout')]]
verify tab[[ChromeDriver: chrome on WINDOWS (1779389475f5b1b6a39a0869e4513b02)] -> xpath: //button[contains(text(),'Logout')]]
verify tab[[ChromeDriver: chrome on WINDOWS (1779389475f5b1b6a39a0869e4513b02)] -> xpath: //button[contains(text(),'Logout')]]
verify tab[[ChromeDriver: chrome on WINDOWS (1779389475f5b1b6a39a0869e4513b02)] -> xpath: //button[contains(text(),'Logout')]]
verify tab[[ChromeDriver: chrome on WINDOWS (1779389475f5b1b6a39a0869e4513b02)] -> xpath: //button[contains(text(),'Logout')]]
verify tab[[ChromeDriver: chrome on WINDOWS (1779389475f5b1b6a39a0869e4513b02)] -> xpath: //button[contains(text(),'Logout')]]
verify tab[[ChromeDriver: chrome on WINDOWS (1779389475f5b1b6a39a0869e4513b02)] -> xpath: //button[contains(text(),'Logout')]]
verify tab[[ChromeDriver: chrome on WINDOWS (1779389475f5b1b6a39a0869e4513b02)] -> xpath: //button[contains(text(),'Logout')]]
verify tab[[ChromeDriver: chrome on WINDOWS (1779389475f5b1b6a39a0869e4513b02)] -> xpath: //button[contains(text(),'Logout')]]
verify tab[[ChromeDriver: chrome on WINDOWS (1779389475f5b1b6a39a0869e4513b02)] -> xpath: //button[contains(text(),'Logout')]]
verify tab[[ChromeDriver: chrome on WINDOWS (1779389475f5b1b6a39a0869e4513b02)] -> xpath: //button[contains(text(),'Logout')]]
verify tab[[ChromeDriver: chrome on WINDOWS (1779389475f5b1b6a39a0869e4513b02)] -> xpath: //button[contains(text(),'Logout')]]
verify tab[[ChromeDriver: chrome on WINDOWS (1779389475f5b1b6a39a0869e4513b02)] -> xpath: //button[contains(text(),'Logout')]]
verify tab[[ChromeDriver: chrome on WINDOWS (1779389475f5b1b6a39a0869e4513b02)] -> xpath: //button[contains(text(),'Logout')]]
verify tab[[ChromeDriver: chrome on WINDOWS (1779389475f5b1b6a39a0869e4513b02)] -> xpath: //button[contains(text(),'Logout')]]
verify tab[[ChromeDriver: chrome on WINDOWS (1779389475f5b1b6a39a0869e4513b02)] -> xpath: //button[contains(text(),'Logout')]]
verify tab[[ChromeDriver: chrome on WINDOWS (1779389475f5b1b6a39a0869e4513b02)] -> xpath: //button[contains(text(),'Logout')]]
verify tab[[ChromeDriver: chrome on WINDOWS (1779389475f5b1b6a39a0869e4513b02)] -> xpath: //button[contains(text(),'Logout')]]
verify tab[[ChromeDriver: chrome on WINDOWS (1779389475f5b1b6a39a0869e4513b02)] -> xpath: //button[contains(text(),'Logout')]]
verify tab[[ChromeDriver: chrome on WINDOWS (1779389475f5b1b6a39a0869e4513b02)] -> xpath: //button[contains(text(),'Logout')]]
verify tab[[ChromeDriver: chrome on WINDOWS (1779389475f5b1b6a39a0869e4513b02)] -> xpath: //button[contains(text(),'Logout')]]
verify tab[[ChromeDriver: chrome on WINDOWS (1779389475f5b1b6a39a0869e4513b02)] -> xpath: //button[contains(text(),'Logout')]]
verify tab[[ChromeDriver: chrome on WINDOWS (1779389475f5b1b6a39a0869e4513b02)] -> xpath: //button[contains(text(),'Logout')]]
verify tab[[ChromeDriver: chrome on WINDOWS (1779389475f5b1b6a39a0869e4513b02)] -> xpath: //button[contains(text(),'Logout')]]
verify tab[[ChromeDriver: chrome on WINDOWS (1779389475f5b1b6a39a0869e4513b02)] -> xpath: //button[contains(text(),'Logout')]]
verify tab[[ChromeDriver: chrome on WINDOWS (1779389475f5b1b6a39a0869e4513b02)] -> xpath: //button[contains(text(),'Logout')]]
verify tab[[ChromeDriver: chrome on WINDOWS (1779389475f5b1b6a39a0869e4513b02)] -> xpath: //button[contains(text(),'Logout')]]
verify tab[[ChromeDriver: chrome on WINDOWS (1779389475f5b1b6a39a0869e4513b02)] -> xpath: //button[contains(text(),'Logout')]]
verify tab[[ChromeDriver: chrome on WINDOWS (1779389475f5b1b6a39a0869e4513b02)] -> xpath: //button[contains(text(),'Logout')]]
verify tab[[ChromeDriver: chrome on WINDOWS (1779389475f5b1b6a39a0869e4513b02)] -> xpath: //button[contains(text(),'Logout')]]
verify tab[[ChromeDriver: chrome on WINDOWS (1779389475f5b1b6a39a0869e4513b02)] -> xpath: //button[contains(text(),'Logout')]]
verify tab[[ChromeDriver: chrome on WINDOWS (1779389475f5b1b6a39a0869e4513b02)] -> xpath: //button[contains(text(),'Logout')]]
verify tab[[ChromeDriver: chrome on WINDOWS (1779389475f5b1b6a39a0869e4513b02)] -> xpath: //button[contains(text(),'Logout')]]
verify tab[[ChromeDriver: chrome on WINDOWS (1779389475f5b1b6a39a0869e4513b02)] -> xpath: //button[contains(text(),'Logout')]]
verify tab[[ChromeDriver: chrome on WINDOWS (1779389475f5b1b6a39a0869e4513b02)] -> xpath: //button[contains(text(),'Logout')]]
verify tab[[ChromeDriver: chrome on WINDOWS (1779389475f5b1b6a39a0869e4513b02)] -> xpath: //button[contains(text(),'Logout')]]
verify tab[[ChromeDriver: chrome on WINDOWS (1779389475f5b1b6a39a0869e4513b02)] -> xpath: //button[contains(text(),'Logout')]]
verify tab[[ChromeDriver: chrome on WINDOWS (1779389475f5b1b6a39a0869e4513b02)] -> xpath: //button[contains(text(),'Logout')]]
verify tab[[ChromeDriver: chrome on WINDOWS (1779389475f5b1b6a39a0869e4513b02)] -> xpath: //button[contains(text(),'Logout')]]
verify tab[[ChromeDriver: chrome on WINDOWS (1779389475f5b1b6a39a0869e4513b02)] -> xpath: //button[contains(text(),'Logout')]]
verify tab[[ChromeDriver: chrome on WINDOWS (1779389475f5b1b6a39a0869e4513b02)] -> xpath: //button[contains(text(),'Logout')]]
verify tab[[ChromeDriver: chrome on WINDOWS (1779389475f5b1b6a39a0869e4513b02)] -> xpath: //button[contains(text(),'Logout')]]
verify tab[[ChromeDriver: chrome on WINDOWS (1779389475f5b1b6a39a0869e4513b02)] -> xpath: //button[contains(text(),'Logout')]]
verify tab[[ChromeDriver: chrome on WINDOWS (1779389475f5b1b6a39a0869e4513b02)] -> xpath: //button[contains(text(),'Logout')]]
verify tab[[ChromeDriver: chrome on WINDOWS (1779389475f5b1b6a39a0869e4513b02)] -> xpath: //button[contains(text(),'Logout')]]
verify tab[[ChromeDriver: chrome on WINDOWS (1779389475f5b1b6a39a0869e4513b02)] -> xpath: //button[contains(text(),'Logout')]]
verify tab[[ChromeDriver: chrome on WINDOWS (1779389475f5b1b6a39a0869e4513b02)] -> xpath: //button[contains(text(),'Logout')]]
verify tab[[ChromeDriver: chrome on WINDOWS (1779389475f5b1b6a39a0869e4513b02)] -> xpath: //button[contains(text(),'Logout')]]
verify tab[[ChromeDriver: chrome on WINDOWS (1779389475f5b1b6a39a0869e4513b02)] -> xpath: //button[contains(text(),'Logout')]]
verify tab[[ChromeDriver: chrome on WINDOWS (1779389475f5b1b6a39a0869e4513b02)] -> xpath: //button[contains(text(),'Logout')]]
verify tab[[ChromeDriver: chrome on WINDOWS (1779389475f5b1b6a39a0869e4513b02)] -> xpath: //button[contains(text(),'Logout')]]
verify tab[[ChromeDriver: chrome on WINDOWS (1779389475f5b1b6a39a0869e4513b02)] -> xpath: //button[contains(text(),'Logout')]]
verify tab[[ChromeDriver: chrome on WINDOWS (1779389475f5b1b6a39a0869e4513b02)] -> xpath: //button[contains(text(),'Logout')]]
verify tab[[ChromeDriver: chrome on WINDOWS (1779389475f5b1b6a39a0869e4513b02)] -> xpath: //button[contains(text(),'Logout')]]
verify tab[[ChromeDriver: chrome on WINDOWS (1779389475f5b1b6a39a0869e4513b02)] -> xpath: //button[contains(text(),'Logout')]]
verify tab[[ChromeDriver: chrome on WINDOWS (1779389475f5b1b6a39a0869e4513b02)] -> xpath: //button[contains(text(),'Logout')]]
verify tab[[ChromeDriver: chrome on WINDOWS (1779389475f5b1b6a39a0869e4513b02)] -> xpath: //button[contains(text(),'Logout')]]
verify tab[[ChromeDriver: chrome on WINDOWS (1779389475f5b1b6a39a0869e4513b02)] -> xpath: //button[contains(text(),'Logout')]]
verify tab[[ChromeDriver: chrome on WINDOWS (1779389475f5b1b6a39a0869e4513b02)] -> xpath: //button[contains(text(),'Logout')]]
verify tab[[ChromeDriver: chrome on WINDOWS (1779389475f5b1b6a39a0869e4513b02)] -> xpath: //button[contains(text(),'Logout')]]
verify tab[[ChromeDriver: chrome on WINDOWS (1779389475f5b1b6a39a0869e4513b02)] -> xpath: //button[contains(text(),'Logout')]]
verify tab[[ChromeDriver: chrome on WINDOWS (1779389475f5b1b6a39a0869e4513b02)] -> xpath: //button[contains(text(),'Logout')]]
verify tab[[ChromeDriver: chrome on WINDOWS (1779389475f5b1b6a39a0869e4513b02)] -> xpath: //button[contains(text(),'Logout')]]
verify tab[[ChromeDriver: chrome on WINDOWS (1779389475f5b1b6a39a0869e4513b02)] -> xpath: //button[contains(text(),'Logout')]]
verify tab[[ChromeDriver: chrome on WINDOWS (1779389475f5b1b6a39a0869e4513b02)] -> xpath: //button[contains(text(),'Logout')]]
verify tab[[ChromeDriver: chrome on WINDOWS (1779389475f5b1b6a39a0869e4513b02)] -> xpath: //button[contains(text(),'Logout')]]
verify tab[[ChromeDriver: chrome on WINDOWS (1779389475f5b1b6a39a0869e4513b02)] -> xpath: //button[contains(text(),'Logout')]]
verify tab[[ChromeDriver: chrome on WINDOWS (1779389475f5b1b6a39a0869e4513b02)] -> xpath: //button[contains(text(),'Logout')]]
verify tab[[ChromeDriver: chrome on WINDOWS (1779389475f5b1b6a39a0869e4513b02)] -> xpath: //button[contains(text(),'Logout')]]
verify tab[[ChromeDriver: chrome on WINDOWS (1779389475f5b1b6a39a0869e4513b02)] -> xpath: //button[contains(text(),'Logout')]]
verify tab[[ChromeDriver: chrome on WINDOWS (1779389475f5b1b6a39a0869e4513b02)] -> xpath: //button[contains(text(),'Logout')]]
verify tab[[ChromeDriver: chrome on WINDOWS (1779389475f5b1b6a39a0869e4513b02)] -> xpath: //button[contains(text(),'Logout')]]
verify tab[[ChromeDriver: chrome on WINDOWS (1779389475f5b1b6a39a0869e4513b02)] -> xpath: //button[contains(text(),'Logout')]]
verify tab[[ChromeDriver: chrome on WINDOWS (1779389475f5b1b6a39a0869e4513b02)] -> xpath: //button[contains(text(),'Logout')]]
verify tab[[ChromeDriver: chrome on WINDOWS (1779389475f5b1b6a39a0869e4513b02)] -> xpath: //button[contains(text(),'Logout')]]
verify tab[[ChromeDriver: chrome on WINDOWS (1779389475f5b1b6a39a0869e4513b02)] -> xpath: //button[contains(text(),'Logout')]]
verify tab[[ChromeDriver: chrome on WINDOWS (1779389475f5b1b6a39a0869e4513b02)] -> xpath: //button[contains(text(),'Logout')]]
verify tab[[ChromeDriver: chrome on WINDOWS (1779389475f5b1b6a39a0869e4513b02)] -> xpath: //button[contains(text(),'Logout')]]
verify tab[[ChromeDriver: chrome on WINDOWS (1779389475f5b1b6a39a0869e4513b02)] -> xpath: //button[contains(text(),'Logout')]]
verify tab[[ChromeDriver: chrome on WINDOWS (1779389475f5b1b6a39a0869e4513b02)] -> xpath: //button[contains(text(),'Logout')]]
verify tab[[ChromeDriver: chrome on WINDOWS (1779389475f5b1b6a39a0869e4513b02)] -> xpath: //button[contains(text(),'Logout')]]
verify tab[[ChromeDriver: chrome on WINDOWS (1779389475f5b1b6a39a0869e4513b02)] -> xpath: //button[contains(text(),'Logout')]]
verify tab[[ChromeDriver: chrome on WINDOWS (1779389475f5b1b6a39a0869e4513b02)] -> xpath: //button[contains(text(),'Logout')]]
verify tab[[ChromeDriver: chrome on WINDOWS (1779389475f5b1b6a39a0869e4513b02)] -> xpath: //button[contains(text(),'Logout')]]
verify tab[[ChromeDriver: chrome on WINDOWS (1779389475f5b1b6a39a0869e4513b02)] -> xpath: //button[contains(text(),'Logout')]]
verify tab[[ChromeDriver: chrome on WINDOWS (1779389475f5b1b6a39a0869e4513b02)] -> xpath: //button[contains(text(),'Logout')]]
verify tab[[ChromeDriver: chrome on WINDOWS (1779389475f5b1b6a39a0869e4513b02)] -> xpath: //button[contains(text(),'Logout')]]
verify tab[[ChromeDriver: chrome on WINDOWS (1779389475f5b1b6a39a0869e4513b02)] -> xpath: //button[contains(text(),'Logout')]]
verify tab[[ChromeDriver: chrome on WINDOWS (1779389475f5b1b6a39a0869e4513b02)] -> xpath: //button[contains(text(),'Logout')]]
verify tab[[ChromeDriver: chrome on WINDOWS (1779389475f5b1b6a39a0869e4513b02)] -> xpath: //button[contains(text(),'Logout')]]
verify tab[[ChromeDriver: chrome on WINDOWS (1779389475f5b1b6a39a0869e4513b02)] -> xpath: //button[contains(text(),'Logout')]]
verify tab[[ChromeDriver: chrome on WINDOWS (1779389475f5b1b6a39a0869e4513b02)] -> xpath: //button[contains(text(),'Logout')]]
verify tab[[ChromeDriver: chrome on WINDOWS (1779389475f5b1b6a39a0869e4513b02)] -> xpath: //button[contains(text(),'Logout')]]
verify tab[[ChromeDriver: chrome on WINDOWS (1779389475f5b1b6a39a0869e4513b02)] -> xpath: //button[contains(text(),'Logout')]]
verify tab[[ChromeDriver: chrome on WINDOWS (1779389475f5b1b6a39a0869e4513b02)] -> xpath: //button[contains(text(),'Logout')]]
verify tab[[ChromeDriver: chrome on WINDOWS (1779389475f5b1b6a39a0869e4513b02)] -> xpath: //button[contains(text(),'Logout')]]
verify tab[[ChromeDriver: chrome on WINDOWS (1779389475f5b1b6a39a0869e4513b02)] -> xpath: //button[contains(text(),'Logout')]]
verify tab[[ChromeDriver: chrome on WINDOWS (1779389475f5b1b6a39a0869e4513b02)] -> xpath: //button[contains(text(),'Logout')]]
verify tab[[ChromeDriver: chrome on WINDOWS (1779389475f5b1b6a39a0869e4513b02)] -> xpath: //button[contains(text(),'Logout')]]
verify tab[[ChromeDriver: chrome on WINDOWS (1779389475f5b1b6a39a0869e4513b02)] -> xpath: //button[contains(text(),'Logout')]]
verify tab[[ChromeDriver: chrome on WINDOWS (1779389475f5b1b6a39a0869e4513b02)] -> xpath: //button[contains(text(),'Logout')]]
verify tab[[ChromeDriver: chrome on WINDOWS (1779389475f5b1b6a39a0869e4513b02)] -> xpath: //button[contains(text(),'Logout')]]
verify tab[[ChromeDriver: chrome on WINDOWS (1779389475f5b1b6a39a0869e4513b02)] -> xpath: //button[contains(text(),'Logout')]]
verify tab[[ChromeDriver: chrome on WINDOWS (1779389475f5b1b6a39a0869e4513b02)] -> xpath: //button[contains(text(),'Logout')]]
verify tab[[ChromeDriver: chrome on WINDOWS (1779389475f5b1b6a39a0869e4513b02)] -> xpath: //button[contains(text(),'Logout')]]
verify tab[[ChromeDriver: chrome on WINDOWS (1779389475f5b1b6a39a0869e4513b02)] -> xpath: //button[contains(text(),'Logout')]]
verify tab[[ChromeDriver: chrome on WINDOWS (1779389475f5b1b6a39a0869e4513b02)] -> xpath: //button[contains(text(),'Logout')]]
verify tab[[ChromeDriver: chrome on WINDOWS (1779389475f5b1b6a39a0869e4513b02)] -> xpath: //button[contains(text(),'Logout')]]
verify tab[[ChromeDriver: chrome on WINDOWS (1779389475f5b1b6a39a0869e4513b02)] -> xpath: //button[contains(text(),'Logout')]]
verify tab[[ChromeDriver: chrome on WINDOWS (1779389475f5b1b6a39a0869e4513b02)] -> xpath: //button[contains(text(),'Logout')]]
verify tab[[ChromeDriver: chrome on WINDOWS (1779389475f5b1b6a39a0869e4513b02)] -> xpath: //button[contains(text(),'Logout')]]
verify tab[[ChromeDriver: chrome on WINDOWS (1779389475f5b1b6a39a0869e4513b02)] -> xpath: //button[contains(text(),'Logout')]]
verify tab[[ChromeDriver: chrome on WINDOWS (1779389475f5b1b6a39a0869e4513b02)] -> xpath: //button[contains(text(),'Logout')]]
verify tab[[ChromeDriver: chrome on WINDOWS (1779389475f5b1b6a39a0869e4513b02)] -> xpath: //button[contains(text(),'Logout')]]
verify tab[[ChromeDriver: chrome on WINDOWS (1779389475f5b1b6a39a0869e4513b02)] -> xpath: //button[contains(text(),'Logout')]]
verify tab[[ChromeDriver: chrome on WINDOWS (1779389475f5b1b6a39a0869e4513b02)] -> xpath: //button[contains(text(),'Logout')]]
verify tab[[ChromeDriver: chrome on WINDOWS (1779389475f5b1b6a39a0869e4513b02)] -> xpath: //button[contains(text(),'Logout')]]
verify tab[[ChromeDriver: chrome on WINDOWS (1779389475f5b1b6a39a0869e4513b02)] -> xpath: //button[contains(text(),'Logout')]]
verify tab[[ChromeDriver: chrome on WINDOWS (1779389475f5b1b6a39a0869e4513b02)] -> xpath: //button[contains(text(),'Logout')]]
verify tab[[ChromeDriver: chrome on WINDOWS (1779389475f5b1b6a39a0869e4513b02)] -> xpath: //button[contains(text(),'Logout')]]
verify tab[[ChromeDriver: chrome on WINDOWS (1779389475f5b1b6a39a0869e4513b02)] -> xpath: //button[contains(text(),'Logout')]]
verify tab[[ChromeDriver: chrome on WINDOWS (1779389475f5b1b6a39a0869e4513b02)] -> xpath: //button[contains(text(),'Logout')]]
verify tab[[ChromeDriver: chrome on WINDOWS (1779389475f5b1b6a39a0869e4513b02)] -> xpath: //button[contains(text(),'Logout')]]
verify tab[[ChromeDriver: chrome on WINDOWS (1779389475f5b1b6a39a0869e4513b02)] -> xpath: //button[contains(text(),'Logout')]]
verify tab[[ChromeDriver: chrome on WINDOWS (1779389475f5b1b6a39a0869e4513b02)] -> xpath: //button[contains(text(),'Logout')]]
verify tab[[ChromeDriver: chrome on WINDOWS (1779389475f5b1b6a39a0869e4513b02)] -> xpath: //button[contains(text(),'Logout')]]
verify tab[[ChromeDriver: chrome on WINDOWS (1779389475f5b1b6a39a0869e4513b02)] -> xpath: //button[contains(text(),'Logout')]]
verify tab[[ChromeDriver: chrome on WINDOWS (1779389475f5b1b6a39a0869e4513b02)] -> xpath: //button[contains(text(),'Logout')]]
verify tab[[ChromeDriver: chrome on WINDOWS (1779389475f5b1b6a39a0869e4513b02)] -> xpath: //button[contains(text(),'Logout')]]
verify tab[[ChromeDriver: chrome on WINDOWS (1779389475f5b1b6a39a0869e4513b02)] -> xpath: //button[contains(text(),'Logout')]]
verify tab[[ChromeDriver: chrome on WINDOWS (1779389475f5b1b6a39a0869e4513b02)] -> xpath: //button[contains(text(),'Logout')]]
verify tab[[ChromeDriver: chrome on WINDOWS (1779389475f5b1b6a39a0869e4513b02)] -> xpath: //button[contains(text(),'Logout')]]
verify tab[[ChromeDriver: chrome on WINDOWS (1779389475f5b1b6a39a0869e4513b02)] -> xpath: //button[contains(text(),'Logout')]]
verify tab[[ChromeDriver: chrome on WINDOWS (1779389475f5b1b6a39a0869e4513b02)] -> xpath: //button[contains(text(),'Logout')]]
verify tab[[ChromeDriver: chrome on WINDOWS (1779389475f5b1b6a39a0869e4513b02)] -> xpath: //button[contains(text(),'Logout')]]
verify tab[[ChromeDriver: chrome on WINDOWS (1779389475f5b1b6a39a0869e4513b02)] -> xpath: //button[contains(text(),'Logout')]]
verify tab[[ChromeDriver: chrome on WINDOWS (1779389475f5b1b6a39a0869e4513b02)] -> xpath: //button[contains(text(),'Logout')]]
verify tab[[ChromeDriver: chrome on WINDOWS (1779389475f5b1b6a39a0869e4513b02)] -> xpath: //button[contains(text(),'Logout')]]
verify tab[[ChromeDriver: chrome on WINDOWS (1779389475f5b1b6a39a0869e4513b02)] -> xpath: //button[contains(text(),'Logout')]]
verify tab[[ChromeDriver: chrome on WINDOWS (1779389475f5b1b6a39a0869e4513b02)] -> xpath: //button[contains(text(),'Logout')]]
verify tab[[ChromeDriver: chrome on WINDOWS (1779389475f5b1b6a39a0869e4513b02)] -> xpath: //button[contains(text(),'Logout')]]
verify tab[[ChromeDriver: chrome on WINDOWS (1779389475f5b1b6a39a0869e4513b02)] -> xpath: //button[contains(text(),'Logout')]]
verify tab[[ChromeDriver: chrome on WINDOWS (1779389475f5b1b6a39a0869e4513b02)] -> xpath: //button[contains(text(),'Logout')]]
verify tab[[ChromeDriver: chrome on WINDOWS (1779389475f5b1b6a39a0869e4513b02)] -> xpath: //button[contains(text(),'Logout')]]
verify tab[[ChromeDriver: chrome on WINDOWS (1779389475f5b1b6a39a0869e4513b02)] -> xpath: //button[contains(text(),'Logout')]]
verify tab[[ChromeDriver: chrome on WINDOWS (1779389475f5b1b6a39a0869e4513b02)] -> xpath: //button[contains(text(),'Logout')]]
verify tab[[ChromeDriver: chrome on WINDOWS (1779389475f5b1b6a39a0869e4513b02)] -> xpath: //button[contains(text(),'Logout')]]
verify tab[[ChromeDriver: chrome on WINDOWS (1779389475f5b1b6a39a0869e4513b02)] -> xpath: //button[contains(text(),'Logout')]]
verify tab[[ChromeDriver: chrome on WINDOWS (1779389475f5b1b6a39a0869e4513b02)] -> xpath: //button[contains(text(),'Logout')]]
verify tab[[ChromeDriver: chrome on WINDOWS (1779389475f5b1b6a39a0869e4513b02)] -> xpath: //button[contains(text(),'Logout')]]
verify tab[[ChromeDriver: chrome on WINDOWS (1779389475f5b1b6a39a0869e4513b02)] -> xpath: //button[contains(text(),'Logout')]]
verify tab[[ChromeDriver: chrome on WINDOWS (1779389475f5b1b6a39a0869e4513b02)] -> xpath: //button[contains(text(),'Logout')]]
verify tab[[ChromeDriver: chrome on WINDOWS (1779389475f5b1b6a39a0869e4513b02)] -> xpath: //button[contains(text(),'Logout')]]
verify tab[[ChromeDriver: chrome on WINDOWS (1779389475f5b1b6a39a0869e4513b02)] -> xpath: //button[contains(text(),'Logout')]]
verify tab[[ChromeDriver: chrome on WINDOWS (1779389475f5b1b6a39a0869e4513b02)] -> xpath: //button[contains(text(),'Logout')]]
verify tab[[ChromeDriver: chrome on WINDOWS (1779389475f5b1b6a39a0869e4513b02)] -> xpath: //button[contains(text(),'Logout')]]
verify tab[[ChromeDriver: chrome on WINDOWS (1779389475f5b1b6a39a0869e4513b02)] -> xpath: //button[contains(text(),'Logout')]]
verify tab[[ChromeDriver: chrome on WINDOWS (1779389475f5b1b6a39a0869e4513b02)] -> xpath: //button[contains(text(),'Logout')]]
verify tab[[ChromeDriver: chrome on WINDOWS (1779389475f5b1b6a39a0869e4513b02)] -> xpath: //button[contains(text(),'Logout')]]
verify tab[[ChromeDriver: chrome on WINDOWS (1779389475f5b1b6a39a0869e4513b02)] -> xpath: //button[contains(text(),'Logout')]]
verify tab[[ChromeDriver: chrome on WINDOWS (1779389475f5b1b6a39a0869e4513b02)] -> xpath: //button[contains(text(),'Logout')]]
verify tab[[ChromeDriver: chrome on WINDOWS (1779389475f5b1b6a39a0869e4513b02)] -> xpath: //button[contains(text(),'Logout')]]
verify tab[[ChromeDriver: chrome on WINDOWS (1779389475f5b1b6a39a0869e4513b02)] -> xpath: //button[contains(text(),'Logout')]]
verify tab[[ChromeDriver: chrome on WINDOWS (1779389475f5b1b6a39a0869e4513b02)] -> xpath: //button[contains(text(),'Logout')]]
verify tab[[ChromeDriver: chrome on WINDOWS (1779389475f5b1b6a39a0869e4513b02)] -> xpath: //button[contains(text(),'Logout')]]
verify tab[[ChromeDriver: chrome on WINDOWS (1779389475f5b1b6a39a0869e4513b02)] -> xpath: //button[contains(text(),'Logout')]]
verify tab[[ChromeDriver: chrome on WINDOWS (1779389475f5b1b6a39a0869e4513b02)] -> xpath: //button[contains(text(),'Logout')]]
verify tab[[ChromeDriver: chrome on WINDOWS (1779389475f5b1b6a39a0869e4513b02)] -> xpath: //button[contains(text(),'Logout')]]
verify tab[[ChromeDriver: chrome on WINDOWS (1779389475f5b1b6a39a0869e4513b02)] -> xpath: //button[contains(text(),'Logout')]]
verify tab[[ChromeDriver: chrome on WINDOWS (1779389475f5b1b6a39a0869e4513b02)] -> xpath: //button[contains(text(),'Logout')]]
verify tab[[ChromeDriver: chrome on WINDOWS (1779389475f5b1b6a39a0869e4513b02)] -> xpath: //button[contains(text(),'Logout')]]
verify tab[[ChromeDriver: chrome on WINDOWS (1779389475f5b1b6a39a0869e4513b02)] -> xpath: //button[contains(text(),'Logout')]]
verify tab[[ChromeDriver: chrome on WINDOWS (1779389475f5b1b6a39a0869e4513b02)] -> xpath: //button[contains(text(),'Logout')]]
verify tab[[ChromeDriver: chrome on WINDOWS (1779389475f5b1b6a39a0869e4513b02)] -> xpath: //button[contains(text(),'Logout')]]
verify tab[[ChromeDriver: chrome on WINDOWS (1779389475f5b1b6a39a0869e4513b02)] -> xpath: //button[contains(text(),'Logout')]]
verify tab[[ChromeDriver: chrome on WINDOWS (1779389475f5b1b6a39a0869e4513b02)] -> xpath: //button[contains(text(),'Logout')]]
verify tab[[ChromeDriver: chrome on WINDOWS (1779389475f5b1b6a39a0869e4513b02)] -> xpath: //button[contains(text(),'Logout')]]
verify tab[[ChromeDriver: chrome on WINDOWS (1779389475f5b1b6a39a0869e4513b02)] -> xpath: //button[contains(text(),'Logout')]]
verify tab[[ChromeDriver: chrome on WINDOWS (1779389475f5b1b6a39a0869e4513b02)] -> xpath: //button[contains(text(),'Logout')]]
verify tab[[ChromeDriver: chrome on WINDOWS (1779389475f5b1b6a39a0869e4513b02)] -> xpath: //button[contains(text(),'Logout')]]
verify tab[[ChromeDriver: chrome on WINDOWS (1779389475f5b1b6a39a0869e4513b02)] -> xpath: //button[contains(text(),'Logout')]]
verify tab[[ChromeDriver: chrome on WINDOWS (1779389475f5b1b6a39a0869e4513b02)] -> xpath: //button[contains(text(),'Logout')]]
verify tab[[ChromeDriver: chrome on WINDOWS (1779389475f5b1b6a39a0869e4513b02)] -> xpath: //button[contains(text(),'Logout')]]
verify tab[[ChromeDriver: chrome on WINDOWS (1779389475f5b1b6a39a0869e4513b02)] -> xpath: //button[contains(text(),'Logout')]]
verify tab[[ChromeDriver: chrome on WINDOWS (1779389475f5b1b6a39a0869e4513b02)] -> xpath: //button[contains(text(),'Logout')]]
verify tab[[ChromeDriver: chrome on WINDOWS (1779389475f5b1b6a39a0869e4513b02)] -> xpath: //button[contains(text(),'Logout')]]
verify tab[[ChromeDriver: chrome on WINDOWS (1779389475f5b1b6a39a0869e4513b02)] -> xpath: //button[contains(text(),'Logout')]]
verify tab[[ChromeDriver: chrome on WINDOWS (1779389475f5b1b6a39a0869e4513b02)] -> xpath: //button[contains(text(),'Logout')]]
verify tab[[ChromeDriver: chrome on WINDOWS (1779389475f5b1b6a39a0869e4513b02)] -> xpath: //button[contains(text(),'Logout')]]
verify tab[[ChromeDriver: chrome on WINDOWS (1779389475f5b1b6a39a0869e4513b02)] -> xpath: //button[contains(text(),'Logout')]]
verify tab[[ChromeDriver: chrome on WINDOWS (1779389475f5b1b6a39a0869e4513b02)] -> xpath: //button[contains(text(),'Logout')]]
verify tab[[ChromeDriver: chrome on WINDOWS (1779389475f5b1b6a39a0869e4513b02)] -> xpath: //button[contains(text(),'Logout')]]
verify tab[[ChromeDriver: chrome on WINDOWS (1779389475f5b1b6a39a0869e4513b02)] -> xpath: //button[contains(text(),'Logout')]]
verify tab[[ChromeDriver: chrome on WINDOWS (1779389475f5b1b6a39a0869e4513b02)] -> xpath: //button[contains(text(),'Logout')]]
verify tab[[ChromeDriver: chrome on WINDOWS (1779389475f5b1b6a39a0869e4513b02)] -> xpath: //button[contains(text(),'Logout')]]
verify tab[[ChromeDriver: chrome on WINDOWS (1779389475f5b1b6a39a0869e4513b02)] -> xpath: //button[contains(text(),'Logout')]]
verify tab[[ChromeDriver: chrome on WINDOWS (1779389475f5b1b6a39a0869e4513b02)] -> xpath: //button[contains(text(),'Logout')]]
verify tab[[ChromeDriver: chrome on WINDOWS (1779389475f5b1b6a39a0869e4513b02)] -> xpath: //button[contains(text(),'Logout')]]
verify tab[[ChromeDriver: chrome on WINDOWS (1779389475f5b1b6a39a0869e4513b02)] -> xpath: //button[contains(text(),'Logout')]]
verify tab[[ChromeDriver: chrome on WINDOWS (1779389475f5b1b6a39a0869e4513b02)] -> xpath: //button[contains(text(),'Logout')]]
verify tab[[ChromeDriver: chrome on WINDOWS (1779389475f5b1b6a39a0869e4513b02)] -> xpath: //button[contains(text(),'Logout')]]
verify tab[[ChromeDriver: chrome on WINDOWS (1779389475f5b1b6a39a0869e4513b02)] -> xpath: //button[contains(text(),'Logout')]]
verify tab[[ChromeDriver: chrome on WINDOWS (1779389475f5b1b6a39a0869e4513b02)] -> xpath: //button[contains(text(),'Logout')]]
verify tab[[ChromeDriver: chrome on WINDOWS (1779389475f5b1b6a39a0869e4513b02)] -> xpath: //button[contains(text(),'Logout')]]
verify tab[[ChromeDriver: chrome on WINDOWS (1779389475f5b1b6a39a0869e4513b02)] -> xpath: //button[contains(text(),'Logout')]]
verify tab[[ChromeDriver: chrome on WINDOWS (1779389475f5b1b6a39a0869e4513b02)] -> xpath: //button[contains(text(),'Logout')]]
verify tab[[ChromeDriver: chrome on WINDOWS (1779389475f5b1b6a39a0869e4513b02)] -> xpath: //button[contains(text(),'Logout')]]
verify tab[[ChromeDriver: chrome on WINDOWS (1779389475f5b1b6a39a0869e4513b02)] -> xpath: //button[contains(text(),'Logout')]]
verify tab[[ChromeDriver: chrome on WINDOWS (1779389475f5b1b6a39a0869e4513b02)] -> xpath: //button[contains(text(),'Logout')]]
verify tab[[ChromeDriver: chrome on WINDOWS (1779389475f5b1b6a39a0869e4513b02)] -> xpath: //button[contains(text(),'Logout')]]
verify tab[[ChromeDriver: chrome on WINDOWS (1779389475f5b1b6a39a0869e4513b02)] -> xpath: //button[contains(text(),'Logout')]]
verify tab[[ChromeDriver: chrome on WINDOWS (1779389475f5b1b6a39a0869e4513b02)] -> xpath: //button[contains(text(),'Logout')]]
verify tab[[ChromeDriver: chrome on WINDOWS (1779389475f5b1b6a39a0869e4513b02)] -> xpath: //button[contains(text(),'Logout')]]
verify tab[[ChromeDriver: chrome on WINDOWS (1779389475f5b1b6a39a0869e4513b02)] -> xpath: //button[contains(text(),'Logout')]]
verify tab[[ChromeDriver: chrome on WINDOWS (1779389475f5b1b6a39a0869e4513b02)] -> xpath: //button[contains(text(),'Logout')]]
verify tab[[ChromeDriver: chrome on WINDOWS (1779389475f5b1b6a39a0869e4513b02)] -> xpath: //button[contains(text(),'Logout')]]
verify tab[[ChromeDriver: chrome on WINDOWS (1779389475f5b1b6a39a0869e4513b02)] -> xpath: //button[contains(text(),'Logout')]]
verify tab[[ChromeDriver: chrome on WINDOWS (1779389475f5b1b6a39a0869e4513b02)] -> xpath: //button[contains(text(),'Logout')]]
verify tab[[ChromeDriver: chrome on WINDOWS (1779389475f5b1b6a39a0869e4513b02)] -> xpath: //button[contains(text(),'Logout')]]
verify tab[[ChromeDriver: chrome on WINDOWS (1779389475f5b1b6a39a0869e4513b02)] -> xpath: //button[contains(text(),'Logout')]]
verify tab[[ChromeDriver: chrome on WINDOWS (1779389475f5b1b6a39a0869e4513b02)] -> xpath: //button[contains(text(),'Logout')]]
verify tab[[ChromeDriver: chrome on WINDOWS (1779389475f5b1b6a39a0869e4513b02)] -> xpath: //button[contains(text(),'Logout')]]
verify tab[[ChromeDriver: chrome on WINDOWS (1779389475f5b1b6a39a0869e4513b02)] -> xpath: //button[contains(text(),'Logout')]]
verify tab[[ChromeDriver: chrome on WINDOWS (1779389475f5b1b6a39a0869e4513b02)] -> xpath: //button[contains(text(),'Logout')]]
verify tab[[ChromeDriver: chrome on WINDOWS (1779389475f5b1b6a39a0869e4513b02)] -> xpath: //button[contains(text(),'Logout')]]
verify tab[[ChromeDriver: chrome on WINDOWS (1779389475f5b1b6a39a0869e4513b02)] -> xpath: //button[contains(text(),'Logout')]]
verify tab[[ChromeDriver: chrome on WINDOWS (1779389475f5b1b6a39a0869e4513b02)] -> xpath: //button[contains(text(),'Logout')]]
verify tab[[ChromeDriver: chrome on WINDOWS (1779389475f5b1b6a39a0869e4513b02)] -> xpath: //button[contains(text(),'Logout')]]
verify tab[[ChromeDriver: chrome on WINDOWS (1779389475f5b1b6a39a0869e4513b02)] -> xpath: //button[contains(text(),'Logout')]]
verify tab[[ChromeDriver: chrome on WINDOWS (1779389475f5b1b6a39a0869e4513b02)] -> xpath: //button[contains(text(),'Logout')]]
verify tab[[ChromeDriver: chrome on WINDOWS (1779389475f5b1b6a39a0869e4513b02)] -> xpath: //button[contains(text(),'Logout')]]
verify tab[[ChromeDriver: chrome on WINDOWS (1779389475f5b1b6a39a0869e4513b02)] -> xpath: //button[contains(text(),'Logout')]]
verify tab[[ChromeDriver: chrome on WINDOWS (1779389475f5b1b6a39a0869e4513b02)] -> xpath: //button[contains(text(),'Logout')]]
verify tab[[ChromeDriver: chrome on WINDOWS (1779389475f5b1b6a39a0869e4513b02)] -> xpath: //button[contains(text(),'Logout')]]
verify tab[[ChromeDriver: chrome on WINDOWS (1779389475f5b1b6a39a0869e4513b02)] -> xpath: //button[contains(text(),'Logout')]]
verify tab[[ChromeDriver: chrome on WINDOWS (1779389475f5b1b6a39a0869e4513b02)] -> xpath: //button[contains(text(),'Logout')]]
verify tab[[ChromeDriver: chrome on WINDOWS (1779389475f5b1b6a39a0869e4513b02)] -> xpath: //button[contains(text(),'Logout')]]
verify tab[[ChromeDriver: chrome on WINDOWS (1779389475f5b1b6a39a0869e4513b02)] -> xpath: //button[contains(text(),'Logout')]]
verify tab[[ChromeDriver: chrome on WINDOWS (1779389475f5b1b6a39a0869e4513b02)] -> xpath: //button[contains(text(),'Logout')]]
verify tab[[ChromeDriver: chrome on WINDOWS (1779389475f5b1b6a39a0869e4513b02)] -> xpath: //button[contains(text(),'Logout')]]
verify tab[[ChromeDriver: chrome on WINDOWS (1779389475f5b1b6a39a0869e4513b02)] -> xpath: //button[contains(text(),'Logout')]]
verify tab[[ChromeDriver: chrome on WINDOWS (1779389475f5b1b6a39a0869e4513b02)] -> xpath: //button[contains(text(),'Logout')]]
verify tab[[ChromeDriver: chrome on WINDOWS (1779389475f5b1b6a39a0869e4513b02)] -> xpath: //button[contains(text(),'Logout')]]
verify tab[[ChromeDriver: chrome on WINDOWS (1779389475f5b1b6a39a0869e4513b02)] -> xpath: //button[contains(text(),'Logout')]]
verify tab[[ChromeDriver: chrome on WINDOWS (1779389475f5b1b6a39a0869e4513b02)] -> xpath: //button[contains(text(),'Logout')]]
verify tab[[ChromeDriver: chrome on WINDOWS (1779389475f5b1b6a39a0869e4513b02)] -> xpath: //button[contains(text(),'Logout')]]
verify tab[[ChromeDriver: chrome on WINDOWS (1779389475f5b1b6a39a0869e4513b02)] -> xpath: //button[contains(text(),'Logout')]]
verify tab[[ChromeDriver: chrome on WINDOWS (1779389475f5b1b6a39a0869e4513b02)] -> xpath: //button[contains(text(),'Logout')]]
verify tab[[ChromeDriver: chrome on WINDOWS (1779389475f5b1b6a39a0869e4513b02)] -> xpath: //button[contains(text(),'Logout')]]
verify tab[[ChromeDriver: chrome on WINDOWS (1779389475f5b1b6a39a0869e4513b02)] -> xpath: //button[contains(text(),'Logout')]]
verify tab[[ChromeDriver: chrome on WINDOWS (1779389475f5b1b6a39a0869e4513b02)] -> xpath: //button[contains(text(),'Logout')]]
verify tab[[ChromeDriver: chrome on WINDOWS (1779389475f5b1b6a39a0869e4513b02)] -> xpath: //button[contains(text(),'Logout')]]
verify tab[[ChromeDriver: chrome on WINDOWS (1779389475f5b1b6a39a0869e4513b02)] -> xpath: //button[contains(text(),'Logout')]]
verify tab[[ChromeDriver: chrome on WINDOWS (1779389475f5b1b6a39a0869e4513b02)] -> xpath: //button[contains(text(),'Logout')]]
verify tab[[ChromeDriver: chrome on WINDOWS (1779389475f5b1b6a39a0869e4513b02)] -> xpath: //button[contains(text(),'Logout')]]
verify tab[[ChromeDriver: chrome on WINDOWS (1779389475f5b1b6a39a0869e4513b02)] -> xpath: //button[contains(text(),'Logout')]]
verify tab[[ChromeDriver: chrome on WINDOWS (1779389475f5b1b6a39a0869e4513b02)] -> xpath: //button[contains(text(),'Logout')]]
verify tab[[ChromeDriver: chrome on WINDOWS (1779389475f5b1b6a39a0869e4513b02)] -> xpath: //button[contains(text(),'Logout')]]
verify tab[[ChromeDriver: chrome on WINDOWS (1779389475f5b1b6a39a0869e4513b02)] -> xpath: //button[contains(text(),'Logout')]]
verify tab[[ChromeDriver: chrome on WINDOWS (1779389475f5b1b6a39a0869e4513b02)] -> xpath: //button[contains(text(),'Logout')]]
verify tab[[ChromeDriver: chrome on WINDOWS (1779389475f5b1b6a39a0869e4513b02)] -> xpath: //button[contains(text(),'Logout')]]
verify tab[[ChromeDriver: chrome on WINDOWS (1779389475f5b1b6a39a0869e4513b02)] -> xpath: //button[contains(text(),'Logout')]]
verify tab[[ChromeDriver: chrome on WINDOWS (1779389475f5b1b6a39a0869e4513b02)] -> xpath: //button[contains(text(),'Logout')]]
verify tab[[ChromeDriver: chrome on WINDOWS (1779389475f5b1b6a39a0869e4513b02)] -> xpath: //button[contains(text(),'Logout')]]
verify tab[[ChromeDriver: chrome on WINDOWS (1779389475f5b1b6a39a0869e4513b02)] -> xpath: //button[contains(text(),'Logout')]]
verify tab[[ChromeDriver: chrome on WINDOWS (1779389475f5b1b6a39a0869e4513b02)] -> xpath: //button[contains(text(),'Logout')]]
verify tab[[ChromeDriver: chrome on WINDOWS (1779389475f5b1b6a39a0869e4513b02)] -> xpath: //button[contains(text(),'Logout')]]
verify tab[[ChromeDriver: chrome on WINDOWS (1779389475f5b1b6a39a0869e4513b02)] -> xpath: //button[contains(text(),'Logout')]]
verify tab[[ChromeDriver: chrome on WINDOWS (1779389475f5b1b6a39a0869e4513b02)] -> xpath: //button[contains(text(),'Logout')]]
verify tab[[ChromeDriver: chrome on WINDOWS (1779389475f5b1b6a39a0869e4513b02)] -> xpath: //button[contains(text(),'Logout')]]
verify tab[[ChromeDriver: chrome on WINDOWS (1779389475f5b1b6a39a0869e4513b02)] -> xpath: //button[contains(text(),'Logout')]]
verify tab[[ChromeDriver: chrome on WINDOWS (1779389475f5b1b6a39a0869e4513b02)] -> xpath: //button[contains(text(),'Logout')]]
verify tab[[ChromeDriver: chrome on WINDOWS (1779389475f5b1b6a39a0869e4513b02)] -> xpath: //button[contains(text(),'Logout')]]
verify tab[[ChromeDriver: chrome on WINDOWS (1779389475f5b1b6a39a0869e4513b02)] -> xpath: //button[contains(text(),'Logout')]]
verify tab[[ChromeDriver: chrome on WINDOWS (1779389475f5b1b6a39a0869e4513b02)] -> xpath: //button[contains(text(),'Logout')]]
verify tab[[ChromeDriver: chrome on WINDOWS (1779389475f5b1b6a39a0869e4513b02)] -> xpath: //button[contains(text(),'Logout')]]
verify tab[[ChromeDriver: chrome on WINDOWS (1779389475f5b1b6a39a0869e4513b02)] -> xpath: //button[contains(text(),'Logout')]]
verify tab[[ChromeDriver: chrome on WINDOWS (1779389475f5b1b6a39a0869e4513b02)] -> xpath: //button[contains(text(),'Logout')]]
verify tab[[ChromeDriver: chrome on WINDOWS (1779389475f5b1b6a39a0869e4513b02)] -> xpath: //button[contains(text(),'Logout')]]
verify tab[[ChromeDriver: chrome on WINDOWS (1779389475f5b1b6a39a0869e4513b02)] -> xpath: //button[contains(text(),'Logout')]]
verify tab[[ChromeDriver: chrome on WINDOWS (1779389475f5b1b6a39a0869e4513b02)] -> xpath: //button[contains(text(),'Logout')]]
verify tab[[ChromeDriver: chrome on WINDOWS (1779389475f5b1b6a39a0869e4513b02)] -> xpath: //button[contains(text(),'Logout')]]
verify tab[[ChromeDriver: chrome on WINDOWS (1779389475f5b1b6a39a0869e4513b02)] -> xpath: //button[contains(text(),'Logout')]]
verify tab[[ChromeDriver: chrome on WINDOWS (1779389475f5b1b6a39a0869e4513b02)] -> xpath: //button[contains(text(),'Logout')]]
verify tab[[ChromeDriver: chrome on WINDOWS (1779389475f5b1b6a39a0869e4513b02)] -> xpath: //button[contains(text(),'Logout')]]
verify tab[[ChromeDriver: chrome on WINDOWS (1779389475f5b1b6a39a0869e4513b02)] -> xpath: //button[contains(text(),'Logout')]]
verify tab[[ChromeDriver: chrome on WINDOWS (1779389475f5b1b6a39a0869e4513b02)] -> xpath: //button[contains(text(),'Logout')]]
verify tab[[ChromeDriver: chrome on WINDOWS (1779389475f5b1b6a39a0869e4513b02)] -> xpath: //button[contains(text(),'Logout')]]
verify tab[[ChromeDriver: chrome on WINDOWS (1779389475f5b1b6a39a0869e4513b02)] -> xpath: //button[contains(text(),'Logout')]]
verify tab[[ChromeDriver: chrome on WINDOWS (1779389475f5b1b6a39a0869e4513b02)] -> xpath: //button[contains(text(),'Logout')]]
verify tab[[ChromeDriver: chrome on WINDOWS (1779389475f5b1b6a39a0869e4513b02)] -> xpath: //button[contains(text(),'Logout')]]
verify tab[[ChromeDriver: chrome on WINDOWS (1779389475f5b1b6a39a0869e4513b02)] -> xpath: //button[contains(text(),'Logout')]]
verify tab[[ChromeDriver: chrome on WINDOWS (1779389475f5b1b6a39a0869e4513b02)] -> xpath: //button[contains(text(),'Logout')]]
verify tab[[ChromeDriver: chrome on WINDOWS (1779389475f5b1b6a39a0869e4513b02)] -> xpath: //button[contains(text(),'Logout')]]
verify tab[[ChromeDriver: chrome on WINDOWS (1779389475f5b1b6a39a0869e4513b02)] -> xpath: //button[contains(text(),'Logout')]]
verify tab[[ChromeDriver: chrome on WINDOWS (1779389475f5b1b6a39a0869e4513b02)] -> xpath: //button[contains(text(),'Logout')]]
verify tab[[ChromeDriver: chrome on WINDOWS (1779389475f5b1b6a39a0869e4513b02)] -> xpath: //button[contains(text(),'Logout')]]
verify tab[[ChromeDriver: chrome on WINDOWS (1779389475f5b1b6a39a0869e4513b02)] -> xpath: //button[contains(text(),'Logout')]]
verify tab[[ChromeDriver: chrome on WINDOWS (1779389475f5b1b6a39a0869e4513b02)] -> xpath: //button[contains(text(),'Logout')]]
verify tab[[ChromeDriver: chrome on WINDOWS (1779389475f5b1b6a39a0869e4513b02)] -> xpath: //button[contains(text(),'Logout')]]
verify tab[[ChromeDriver: chrome on WINDOWS (1779389475f5b1b6a39a0869e4513b02)] -> xpath: //button[contains(text(),'Logout')]]
verify tab[[ChromeDriver: chrome on WINDOWS (1779389475f5b1b6a39a0869e4513b02)] -> xpath: //button[contains(text(),'Logout')]]
verify tab[[ChromeDriver: chrome on WINDOWS (1779389475f5b1b6a39a0869e4513b02)] -> xpath: //button[contains(text(),'Logout')]]
verify tab[[ChromeDriver: chrome on WINDOWS (1779389475f5b1b6a39a0869e4513b02)] -> xpath: //button[contains(text(),'Logout')]]
verify tab[[ChromeDriver: chrome on WINDOWS (1779389475f5b1b6a39a0869e4513b02)] -> xpath: //button[contains(text(),'Logout')]]
verify tab[[ChromeDriver: chrome on WINDOWS (1779389475f5b1b6a39a0869e4513b02)] -> xpath: //button[contains(text(),'Logout')]]
verify tab[[ChromeDriver: chrome on WINDOWS (1779389475f5b1b6a39a0869e4513b02)] -> xpath: //button[contains(text(),'Logout')]]
verify tab[[ChromeDriver: chrome on WINDOWS (1779389475f5b1b6a39a0869e4513b02)] -> xpath: //button[contains(text(),'Logout')]]
verify tab[[ChromeDriver: chrome on WINDOWS (1779389475f5b1b6a39a0869e4513b02)] -> xpath: //button[contains(text(),'Logout')]]
verify tab[[ChromeDriver: chrome on WINDOWS (1779389475f5b1b6a39a0869e4513b02)] -> xpath: //button[contains(text(),'Logout')]]
verify tab[[ChromeDriver: chrome on WINDOWS (1779389475f5b1b6a39a0869e4513b02)] -> xpath: //button[contains(text(),'Logout')]]
verify tab[[ChromeDriver: chrome on WINDOWS (1779389475f5b1b6a39a0869e4513b02)] -> xpath: //button[contains(text(),'Logout')]]
verify tab[[ChromeDriver: chrome on WINDOWS (1779389475f5b1b6a39a0869e4513b02)] -> xpath: //button[contains(text(),'Logout')]]
verify tab[[ChromeDriver: chrome on WINDOWS (1779389475f5b1b6a39a0869e4513b02)] -> xpath: //button[contains(text(),'Logout')]]
verify tab[[ChromeDriver: chrome on WINDOWS (1779389475f5b1b6a39a0869e4513b02)] -> xpath: //button[contains(text(),'Logout')]]
verify tab[[ChromeDriver: chrome on WINDOWS (1779389475f5b1b6a39a0869e4513b02)] -> xpath: //button[contains(text(),'Logout')]]
verify tab[[ChromeDriver: chrome on WINDOWS (1779389475f5b1b6a39a0869e4513b02)] -> xpath: //button[contains(text(),'Logout')]]
verify tab[[ChromeDriver: chrome on WINDOWS (1779389475f5b1b6a39a0869e4513b02)] -> xpath: //button[contains(text(),'Logout')]]
verify tab[[ChromeDriver: chrome on WINDOWS (1779389475f5b1b6a39a0869e4513b02)] -> xpath: //button[contains(text(),'Logout')]]
verify tab[[ChromeDriver: chrome on WINDOWS (1779389475f5b1b6a39a0869e4513b02)] -> xpath: //button[contains(text(),'Logout')]]
verify tab[[ChromeDriver: chrome on WINDOWS (1779389475f5b1b6a39a0869e4513b02)] -> xpath: //button[contains(text(),'Logout')]]
verify tab[[ChromeDriver: chrome on WINDOWS (1779389475f5b1b6a39a0869e4513b02)] -> xpath: //button[contains(text(),'Logout')]]
verify tab[[ChromeDriver: chrome on WINDOWS (1779389475f5b1b6a39a0869e4513b02)] -> xpath: //button[contains(text(),'Logout')]]
verify tab[[ChromeDriver: chrome on WINDOWS (1779389475f5b1b6a39a0869e4513b02)] -> xpath: //button[contains(text(),'Logout')]]
verify tab[[ChromeDriver: chrome on WINDOWS (1779389475f5b1b6a39a0869e4513b02)] -> xpath: //button[contains(text(),'Logout')]]
verify tab[[ChromeDriver: chrome on WINDOWS (1779389475f5b1b6a39a0869e4513b02)] -> xpath: //button[contains(text(),'Logout')]]
verify tab[[ChromeDriver: chrome on WINDOWS (1779389475f5b1b6a39a0869e4513b02)] -> xpath: //button[contains(text(),'Logout')]]
verify tab[[ChromeDriver: chrome on WINDOWS (1779389475f5b1b6a39a0869e4513b02)] -> xpath: //button[contains(text(),'Logout')]]
verify tab[[ChromeDriver: chrome on WINDOWS (1779389475f5b1b6a39a0869e4513b02)] -> xpath: //button[contains(text(),'Logout')]]
verify tab[[ChromeDriver: chrome on WINDOWS (1779389475f5b1b6a39a0869e4513b02)] -> xpath: //button[contains(text(),'Logout')]]
verify tab[[ChromeDriver: chrome on WINDOWS (1779389475f5b1b6a39a0869e4513b02)] -> xpath: //button[contains(text(),'Logout')]]
verify tab[[ChromeDriver: chrome on WINDOWS (1779389475f5b1b6a39a0869e4513b02)] -> xpath: //button[contains(text(),'Logout')]]
verify tab[[ChromeDriver: chrome on WINDOWS (1779389475f5b1b6a39a0869e4513b02)] -> xpath: //button[contains(text(),'Logout')]]
verify tab[[ChromeDriver: chrome on WINDOWS (1779389475f5b1b6a39a0869e4513b02)] -> xpath: //button[contains(text(),'Logout')]]
verify tab[[ChromeDriver: chrome on WINDOWS (1779389475f5b1b6a39a0869e4513b02)] -> xpath: //button[contains(text(),'Logout')]]
verify tab[[ChromeDriver: chrome on WINDOWS (1779389475f5b1b6a39a0869e4513b02)] -> xpath: //button[contains(text(),'Logout')]]
verify tab[[ChromeDriver: chrome on WINDOWS (1779389475f5b1b6a39a0869e4513b02)] -> xpath: //button[contains(text(),'Logout')]]
verify tab[[ChromeDriver: chrome on WINDOWS (1779389475f5b1b6a39a0869e4513b02)] -> xpath: //button[contains(text(),'Logout')]]
verify tab[[ChromeDriver: chrome on WINDOWS (1779389475f5b1b6a39a0869e4513b02)] -> xpath: //button[contains(text(),'Logout')]]
verify tab[[ChromeDriver: chrome on WINDOWS (1779389475f5b1b6a39a0869e4513b02)] -> xpath: //button[contains(text(),'Logout')]]
verify tab[[ChromeDriver: chrome on WINDOWS (1779389475f5b1b6a39a0869e4513b02)] -> xpath: //button[contains(text(),'Logout')]]
verify tab[[ChromeDriver: chrome on WINDOWS (1779389475f5b1b6a39a0869e4513b02)] -> xpath: //button[contains(text(),'Logout')]]
verify tab[[ChromeDriver: chrome on WINDOWS (1779389475f5b1b6a39a0869e4513b02)] -> xpath: //button[contains(text(),'Logout')]]
verify tab[[ChromeDriver: chrome on WINDOWS (1779389475f5b1b6a39a0869e4513b02)] -> xpath: //button[contains(text(),'Logout')]]
verify tab[[ChromeDriver: chrome on WINDOWS (1779389475f5b1b6a39a0869e4513b02)] -> xpath: //button[contains(text(),'Logout')]]
verify tab[[ChromeDriver: chrome on WINDOWS (1779389475f5b1b6a39a0869e4513b02)] -> xpath: //button[contains(text(),'Logout')]]
verify tab[[ChromeDriver: chrome on WINDOWS (1779389475f5b1b6a39a0869e4513b02)] -> xpath: //button[contains(text(),'Logout')]]
verify tab[[ChromeDriver: chrome on WINDOWS (1779389475f5b1b6a39a0869e4513b02)] -> xpath: //button[contains(text(),'Logout')]]
verify tab[[ChromeDriver: chrome on WINDOWS (1779389475f5b1b6a39a0869e4513b02)] -> xpath: //button[contains(text(),'Logout')]]
verify tab[[ChromeDriver: chrome on WINDOWS (1779389475f5b1b6a39a0869e4513b02)] -> xpath: //button[contains(text(),'Logout')]]
verify tab[[ChromeDriver: chrome on WINDOWS (1779389475f5b1b6a39a0869e4513b02)] -> xpath: //button[contains(text(),'Logout')]]
verify tab[[ChromeDriver: chrome on WINDOWS (1779389475f5b1b6a39a0869e4513b02)] -> xpath: //button[contains(text(),'Logout')]]
verify tab[[ChromeDriver: chrome on WINDOWS (1779389475f5b1b6a39a0869e4513b02)] -> xpath: //button[contains(text(),'Logout')]]
verify tab[[ChromeDriver: chrome on WINDOWS (1779389475f5b1b6a39a0869e4513b02)] -> xpath: //button[contains(text(),'Logout')]]
verify tab[[ChromeDriver: chrome on WINDOWS (1779389475f5b1b6a39a0869e4513b02)] -> xpath: //button[contains(text(),'Logout')]]
verify tab[[ChromeDriver: chrome on WINDOWS (1779389475f5b1b6a39a0869e4513b02)] -> xpath: //button[contains(text(),'Logout')]]
verify tab[[ChromeDriver: chrome on WINDOWS (1779389475f5b1b6a39a0869e4513b02)] -> xpath: //button[contains(text(),'Logout')]]
verify tab[[ChromeDriver: chrome on WINDOWS (1779389475f5b1b6a39a0869e4513b02)] -> xpath: //button[contains(text(),'Logout')]]
verify tab[[ChromeDriver: chrome on WINDOWS (1779389475f5b1b6a39a0869e4513b02)] -> xpath: //button[contains(text(),'Logout')]]
verify tab[[ChromeDriver: chrome on WINDOWS (1779389475f5b1b6a39a0869e4513b02)] -> xpath: //button[contains(text(),'Logout')]]
verify tab[[ChromeDriver: chrome on WINDOWS (1779389475f5b1b6a39a0869e4513b02)] -> xpath: //button[contains(text(),'Logout')]]
verify tab[[ChromeDriver: chrome on WINDOWS (1779389475f5b1b6a39a0869e4513b02)] -> xpath: //button[contains(text(),'Logout')]]
verify tab[[ChromeDriver: chrome on WINDOWS (1779389475f5b1b6a39a0869e4513b02)] -> xpath: //button[contains(text(),'Logout')]]
verify tab[[ChromeDriver: chrome on WINDOWS (1779389475f5b1b6a39a0869e4513b02)] -> xpath: //button[contains(text(),'Logout')]]
verify tab[[ChromeDriver: chrome on WINDOWS (1779389475f5b1b6a39a0869e4513b02)] -> xpath: //button[contains(text(),'Logout')]]
verify tab[[ChromeDriver: chrome on WINDOWS (1779389475f5b1b6a39a0869e4513b02)] -> xpath: //button[contains(text(),'Logout')]]
verify tab[[ChromeDriver: chrome on WINDOWS (1779389475f5b1b6a39a0869e4513b02)] -> xpath: //button[contains(text(),'Logout')]]
verify tab[[ChromeDriver: chrome on WINDOWS (1779389475f5b1b6a39a0869e4513b02)] -> xpath: //button[contains(text(),'Logout')]]
verify tab[[ChromeDriver: chrome on WINDOWS (1779389475f5b1b6a39a0869e4513b02)] -> xpath: //button[contains(text(),'Logout')]]
verify tab[[ChromeDriver: chrome on WINDOWS (1779389475f5b1b6a39a0869e4513b02)] -> xpath: //button[contains(text(),'Logout')]]
verify tab[[ChromeDriver: chrome on WINDOWS (1779389475f5b1b6a39a0869e4513b02)] -> xpath: //button[contains(text(),'Logout')]]
verify tab[[ChromeDriver: chrome on WINDOWS (1779389475f5b1b6a39a0869e4513b02)] -> xpath: //button[contains(text(),'Logout')]]
verify tab[[ChromeDriver: chrome on WINDOWS (1779389475f5b1b6a39a0869e4513b02)] -> xpath: //button[contains(text(),'Logout')]]
verify tab[[ChromeDriver: chrome on WINDOWS (1779389475f5b1b6a39a0869e4513b02)] -> xpath: //button[contains(text(),'Logout')]]
verify tab[[ChromeDriver: chrome on WINDOWS (1779389475f5b1b6a39a0869e4513b02)] -> xpath: //button[contains(text(),'Logout')]]
verify tab[[ChromeDriver: chrome on WINDOWS (1779389475f5b1b6a39a0869e4513b02)] -> xpath: //button[contains(text(),'Logout')]]
verify tab[[ChromeDriver: chrome on WINDOWS (1779389475f5b1b6a39a0869e4513b02)] -> xpath: //button[contains(text(),'Logout')]]
verify tab[[ChromeDriver: chrome on WINDOWS (1779389475f5b1b6a39a0869e4513b02)] -> xpath: //button[contains(text(),'Logout')]]
verify tab[[ChromeDriver: chrome on WINDOWS (1779389475f5b1b6a39a0869e4513b02)] -> xpath: //button[contains(text(),'Logout')]]
verify tab[[ChromeDriver: chrome on WINDOWS (1779389475f5b1b6a39a0869e4513b02)] -> xpath: //button[contains(text(),'Logout')]]
verify tab[[ChromeDriver: chrome on WINDOWS (1779389475f5b1b6a39a0869e4513b02)] -> xpath: //button[contains(text(),'Logout')]]
verify tab[[ChromeDriver: chrome on WINDOWS (1779389475f5b1b6a39a0869e4513b02)] -> xpath: //button[contains(text(),'Logout')]]
verify tab[[ChromeDriver: chrome on WINDOWS (1779389475f5b1b6a39a0869e4513b02)] -> xpath: //button[contains(text(),'Logout')]]
verify tab[[ChromeDriver: chrome on WINDOWS (1779389475f5b1b6a39a0869e4513b02)] -> xpath: //button[contains(text(),'Logout')]]
verify tab[[ChromeDriver: chrome on WINDOWS (1779389475f5b1b6a39a0869e4513b02)] -> xpath: //button[contains(text(),'Logout')]]
verify tab[[ChromeDriver: chrome on WINDOWS (1779389475f5b1b6a39a0869e4513b02)] -> xpath: //button[contains(text(),'Logout')]]
verify tab[[ChromeDriver: chrome on WINDOWS (1779389475f5b1b6a39a0869e4513b02)] -> xpath: //button[contains(text(),'Logout')]]
verify tab[[ChromeDriver: chrome on WINDOWS (1779389475f5b1b6a39a0869e4513b02)] -> xpath: //button[contains(text(),'Logout')]]
verify tab[[ChromeDriver: chrome on WINDOWS (1779389475f5b1b6a39a0869e4513b02)] -> xpath: //button[contains(text(),'Logout')]]
verify tab[[ChromeDriver: chrome on WINDOWS (1779389475f5b1b6a39a0869e4513b02)] -> xpath: //button[contains(text(),'Logout')]]
verify tab[[ChromeDriver: chrome on WINDOWS (1779389475f5b1b6a39a0869e4513b02)] -> xpath: //button[contains(text(),'Logout')]]
verify tab[[ChromeDriver: chrome on WINDOWS (1779389475f5b1b6a39a0869e4513b02)] -> xpath: //button[contains(text(),'Logout')]]
verify tab[[ChromeDriver: chrome on WINDOWS (1779389475f5b1b6a39a0869e4513b02)] -> xpath: //button[contains(text(),'Logout')]]
verify tab[[ChromeDriver: chrome on WINDOWS (1779389475f5b1b6a39a0869e4513b02)] -> xpath: //button[contains(text(),'Logout')]]
verify tab[[ChromeDriver: chrome on WINDOWS (1779389475f5b1b6a39a0869e4513b02)] -> xpath: //button[contains(text(),'Logout')]]
verify tab[[ChromeDriver: chrome on WINDOWS (1779389475f5b1b6a39a0869e4513b02)] -> xpath: //button[contains(text(),'Logout')]]
verify tab[[ChromeDriver: chrome on WINDOWS (1779389475f5b1b6a39a0869e4513b02)] -> xpath: //button[contains(text(),'Logout')]]
verify tab[[ChromeDriver: chrome on WINDOWS (1779389475f5b1b6a39a0869e4513b02)] -> xpath: //button[contains(text(),'Logout')]]
verify tab[[ChromeDriver: chrome on WINDOWS (1779389475f5b1b6a39a0869e4513b02)] -> xpath: //button[contains(text(),'Logout')]]
verify tab[[ChromeDriver: chrome on WINDOWS (1779389475f5b1b6a39a0869e4513b02)] -> xpath: //button[contains(text(),'Logout')]]
verify tab[[ChromeDriver: chrome on WINDOWS (1779389475f5b1b6a39a0869e4513b02)] -> xpath: //button[contains(text(),'Logout')]]
verify tab[[ChromeDriver: chrome on WINDOWS (1779389475f5b1b6a39a0869e4513b02)] -> xpath: //button[contains(text(),'Logout')]]
verify tab[[ChromeDriver: chrome on WINDOWS (1779389475f5b1b6a39a0869e4513b02)] -> xpath: //button[contains(text(),'Logout')]]
verify tab[[ChromeDriver: chrome on WINDOWS (1779389475f5b1b6a39a0869e4513b02)] -> xpath: //button[contains(text(),'Logout')]]
verify tab[[ChromeDriver: chrome on WINDOWS (1779389475f5b1b6a39a0869e4513b02)] -> xpath: //button[contains(text(),'Logout')]]
verify tab[[ChromeDriver: chrome on WINDOWS (1779389475f5b1b6a39a0869e4513b02)] -> xpath: //button[contains(text(),'Logout')]]
verify tab[[ChromeDriver: chrome on WINDOWS (1779389475f5b1b6a39a0869e4513b02)] -> xpath: //button[contains(text(),'Logout')]]
verify tab[[ChromeDriver: chrome on WINDOWS (1779389475f5b1b6a39a0869e4513b02)] -> xpath: //button[contains(text(),'Logout')]]
verify tab[[ChromeDriver: chrome on WINDOWS (1779389475f5b1b6a39a0869e4513b02)] -> xpath: //button[contains(text(),'Logout')]]
verify tab[[ChromeDriver: chrome on WINDOWS (1779389475f5b1b6a39a0869e4513b02)] -> xpath: //button[contains(text(),'Logout')]]
verify tab[[ChromeDriver: chrome on WINDOWS (1779389475f5b1b6a39a0869e4513b02)] -> xpath: //button[contains(text(),'Logout')]]
verify tab[[ChromeDriver: chrome on WINDOWS (1779389475f5b1b6a39a0869e4513b02)] -> xpath: //button[contains(text(),'Logout')]]
verify tab[[ChromeDriver: chrome on WINDOWS (1779389475f5b1b6a39a0869e4513b02)] -> xpath: //button[contains(text(),'Logout')]]
verify tab[[ChromeDriver: chrome on WINDOWS (1779389475f5b1b6a39a0869e4513b02)] -> xpath: //button[contains(text(),'Logout')]]
verify tab[[ChromeDriver: chrome on WINDOWS (1779389475f5b1b6a39a0869e4513b02)] -> xpath: //button[contains(text(),'Logout')]]
verify tab[[ChromeDriver: chrome on WINDOWS (1779389475f5b1b6a39a0869e4513b02)] -> xpath: //button[contains(text(),'Logout')]]
verify tab[[ChromeDriver: chrome on WINDOWS (1779389475f5b1b6a39a0869e4513b02)] -> xpath: //button[contains(text(),'Logout')]]
verify tab[[ChromeDriver: chrome on WINDOWS (1779389475f5b1b6a39a0869e4513b02)] -> xpath: //button[contains(text(),'Logout')]]
verify tab[[ChromeDriver: chrome on WINDOWS (1779389475f5b1b6a39a0869e4513b02)] -> xpath: //button[contains(text(),'Logout')]]
verify tab[[ChromeDriver: chrome on WINDOWS (1779389475f5b1b6a39a0869e4513b02)] -> xpath: //button[contains(text(),'Logout')]]
verify tab[[ChromeDriver: chrome on WINDOWS (1779389475f5b1b6a39a0869e4513b02)] -> xpath: //button[contains(text(),'Logout')]]
verify tab[[ChromeDriver: chrome on WINDOWS (1779389475f5b1b6a39a0869e4513b02)] -> xpath: //button[contains(text(),'Logout')]]
verify tab[[ChromeDriver: chrome on WINDOWS (1779389475f5b1b6a39a0869e4513b02)] -> xpath: //button[contains(text(),'Logout')]]
verify tab[[ChromeDriver: chrome on WINDOWS (1779389475f5b1b6a39a0869e4513b02)] -> xpath: //button[contains(text(),'Logout')]]
verify tab[[ChromeDriver: chrome on WINDOWS (1779389475f5b1b6a39a0869e4513b02)] -> xpath: //button[contains(text(),'Logout')]]
verify tab[[ChromeDriver: chrome on WINDOWS (1779389475f5b1b6a39a0869e4513b02)] -> xpath: //button[contains(text(),'Logout')]]
verify tab[[ChromeDriver: chrome on WINDOWS (1779389475f5b1b6a39a0869e4513b02)] -> xpath: //button[contains(text(),'Logout')]]
verify tab[[ChromeDriver: chrome on WINDOWS (1779389475f5b1b6a39a0869e4513b02)] -> xpath: //button[contains(text(),'Logout')]]
verify tab[[ChromeDriver: chrome on WINDOWS (1779389475f5b1b6a39a0869e4513b02)] -> xpath: //button[contains(text(),'Logout')]]
verify tab[[ChromeDriver: chrome on WINDOWS (1779389475f5b1b6a39a0869e4513b02)] -> xpath: //button[contains(text(),'Logout')]]
verify tab[[ChromeDriver: chrome on WINDOWS (1779389475f5b1b6a39a0869e4513b02)] -> xpath: //button[contains(text(),'Logout')]]
verify tab[[ChromeDriver: chrome on WINDOWS (1779389475f5b1b6a39a0869e4513b02)] -> xpath: //button[contains(text(),'Logout')]]
verify tab[[ChromeDriver: chrome on WINDOWS (1779389475f5b1b6a39a0869e4513b02)] -> xpath: //button[contains(text(),'Logout')]]
verify tab[[ChromeDriver: chrome on WINDOWS (1779389475f5b1b6a39a0869e4513b02)] -> xpath: //button[contains(text(),'Logout')]]
verify tab[[ChromeDriver: chrome on WINDOWS (1779389475f5b1b6a39a0869e4513b02)] -> xpath: //button[contains(text(),'Logout')]]
verify tab[[ChromeDriver: chrome on WINDOWS (1779389475f5b1b6a39a0869e4513b02)] -> xpath: //button[contains(text(),'Logout')]]
verify tab[[ChromeDriver: chrome on WINDOWS (1779389475f5b1b6a39a0869e4513b02)] -> xpath: //button[contains(text(),'Logout')]]
verify tab[[ChromeDriver: chrome on WINDOWS (1779389475f5b1b6a39a0869e4513b02)] -> xpath: //button[contains(text(),'Logout')]]
verify tab[[ChromeDriver: chrome on WINDOWS (1779389475f5b1b6a39a0869e4513b02)] -> xpath: //button[contains(text(),'Logout')]]
verify tab[[ChromeDriver: chrome on WINDOWS (1779389475f5b1b6a39a0869e4513b02)] -> xpath: //button[contains(text(),'Logout')]]
verify tab[[ChromeDriver: chrome on WINDOWS (1779389475f5b1b6a39a0869e4513b02)] -> xpath: //button[contains(text(),'Logout')]]
verify tab[[ChromeDriver: chrome on WINDOWS (1779389475f5b1b6a39a0869e4513b02)] -> xpath: //button[contains(text(),'Logout')]]
verify tab[[ChromeDriver: chrome on WINDOWS (1779389475f5b1b6a39a0869e4513b02)] -> xpath: //button[contains(text(),'Logout')]]
verify tab[[ChromeDriver: chrome on WINDOWS (1779389475f5b1b6a39a0869e4513b02)] -> xpath: //button[contains(text(),'Logout')]]
verify tab[[ChromeDriver: chrome on WINDOWS (1779389475f5b1b6a39a0869e4513b02)] -> xpath: //button[contains(text(),'Logout')]]
verify tab[[ChromeDriver: chrome on WINDOWS (1779389475f5b1b6a39a0869e4513b02)] -> xpath: //button[contains(text(),'Logout')]]
verify tab[[ChromeDriver: chrome on WINDOWS (1779389475f5b1b6a39a0869e4513b02)] -> xpath: //button[contains(text(),'Logout')]]
verify tab[[ChromeDriver: chrome on WINDOWS (1779389475f5b1b6a39a0869e4513b02)] -> xpath: //button[contains(text(),'Logout')]]
verify tab[[ChromeDriver: chrome on WINDOWS (1779389475f5b1b6a39a0869e4513b02)] -> xpath: //button[contains(text(),'Logout')]]
verify tab[[ChromeDriver: chrome on WINDOWS (1779389475f5b1b6a39a0869e4513b02)] -> xpath: //button[contains(text(),'Logout')]]
verify tab[[ChromeDriver: chrome on WINDOWS (1779389475f5b1b6a39a0869e4513b02)] -> xpath: //button[contains(text(),'Logout')]]
verify tab[[ChromeDriver: chrome on WINDOWS (1779389475f5b1b6a39a0869e4513b02)] -> xpath: //button[contains(text(),'Logout')]]
verify tab[[ChromeDriver: chrome on WINDOWS (1779389475f5b1b6a39a0869e4513b02)] -> xpath: //button[contains(text(),'Logout')]]
verify tab[[ChromeDriver: chrome on WINDOWS (1779389475f5b1b6a39a0869e4513b02)] -> xpath: //button[contains(text(),'Logout')]]
verify tab[[ChromeDriver: chrome on WINDOWS (1779389475f5b1b6a39a0869e4513b02)] -> xpath: //button[contains(text(),'Logout')]]
verify tab[[ChromeDriver: chrome on WINDOWS (1779389475f5b1b6a39a0869e4513b02)] -> xpath: //button[contains(text(),'Logout')]]
verify tab[[ChromeDriver: chrome on WINDOWS (1779389475f5b1b6a39a0869e4513b02)] -> xpath: //button[contains(text(),'Logout')]]
verify tab[[ChromeDriver: chrome on WINDOWS (1779389475f5b1b6a39a0869e4513b02)] -> xpath: //button[contains(text(),'Logout')]]
verify tab[[ChromeDriver: chrome on WINDOWS (1779389475f5b1b6a39a0869e4513b02)] -> xpath: //button[contains(text(),'Logout')]]
verify tab[[ChromeDriver: chrome on WINDOWS (1779389475f5b1b6a39a0869e4513b02)] -> xpath: //button[contains(text(),'Logout')]]
verify tab[[ChromeDriver: chrome on WINDOWS (1779389475f5b1b6a39a0869e4513b02)] -> xpath: //button[contains(text(),'Logout')]]
verify tab[[ChromeDriver: chrome on WINDOWS (1779389475f5b1b6a39a0869e4513b02)] -> xpath: //button[contains(text(),'Logout')]]
verify tab[[ChromeDriver: chrome on WINDOWS (1779389475f5b1b6a39a0869e4513b02)] -> xpath: //button[contains(text(),'Logout')]]
verify tab[[ChromeDriver: chrome on WINDOWS (1779389475f5b1b6a39a0869e4513b02)] -> xpath: //button[contains(text(),'Logout')]]
verify tab[[ChromeDriver: chrome on WINDOWS (1779389475f5b1b6a39a0869e4513b02)] -> xpath: //button[contains(text(),'Logout')]]
verify tab[[ChromeDriver: chrome on WINDOWS (1779389475f5b1b6a39a0869e4513b02)] -> xpath: //button[contains(text(),'Logout')]]
verify tab[[ChromeDriver: chrome on WINDOWS (1779389475f5b1b6a39a0869e4513b02)] -> xpath: //button[contains(text(),'Logout')]]
verify tab[[ChromeDriver: chrome on WINDOWS (1779389475f5b1b6a39a0869e4513b02)] -> xpath: //button[contains(text(),'Logout')]]
verify tab[[ChromeDriver: chrome on WINDOWS (1779389475f5b1b6a39a0869e4513b02)] -> xpath: //button[contains(text(),'Logout')]]
verify tab[[ChromeDriver: chrome on WINDOWS (1779389475f5b1b6a39a0869e4513b02)] -> xpath: //button[contains(text(),'Logout')]]
verify tab[[ChromeDriver: chrome on WINDOWS (1779389475f5b1b6a39a0869e4513b02)] -> xpath: //button[contains(text(),'Logout')]]
verify tab[[ChromeDriver: chrome on WINDOWS (1779389475f5b1b6a39a0869e4513b02)] -> xpath: //button[contains(text(),'Logout')]]
verify tab[[ChromeDriver: chrome on WINDOWS (1779389475f5b1b6a39a0869e4513b02)] -> xpath: //button[contains(text(),'Logout')]]
verify tab[[ChromeDriver: chrome on WINDOWS (1779389475f5b1b6a39a0869e4513b02)] -> xpath: //button[contains(text(),'Logout')]]
verify tab[[ChromeDriver: chrome on WINDOWS (1779389475f5b1b6a39a0869e4513b02)] -> xpath: //button[contains(text(),'Logout')]]
verify tab[[ChromeDriver: chrome on WINDOWS (1779389475f5b1b6a39a0869e4513b02)] -> xpath: //button[contains(text(),'Logout')]]
verify tab[[ChromeDriver: chrome on WINDOWS (1779389475f5b1b6a39a0869e4513b02)] -> xpath: //button[contains(text(),'Logout')]]
verify tab[[ChromeDriver: chrome on WINDOWS (1779389475f5b1b6a39a0869e4513b02)] -> xpath: //button[contains(text(),'Logout')]]
verify tab[[ChromeDriver: chrome on WINDOWS (1779389475f5b1b6a39a0869e4513b02)] -> xpath: //button[contains(text(),'Logout')]]
verify tab[[ChromeDriver: chrome on WINDOWS (1779389475f5b1b6a39a0869e4513b02)] -> xpath: //button[contains(text(),'Logout')]]
verify tab[[ChromeDriver: chrome on WINDOWS (1779389475f5b1b6a39a0869e4513b02)] -> xpath: //button[contains(text(),'Logout')]]
verify tab[[ChromeDriver: chrome on WINDOWS (1779389475f5b1b6a39a0869e4513b02)] -> xpath: //button[contains(text(),'Logout')]]
verify tab[[ChromeDriver: chrome on WINDOWS (1779389475f5b1b6a39a0869e4513b02)] -> xpath: //button[contains(text(),'Logout')]]
verify tab[[ChromeDriver: chrome on WINDOWS (1779389475f5b1b6a39a0869e4513b02)] -> xpath: //button[contains(text(),'Logout')]]
verify tab[[ChromeDriver: chrome on WINDOWS (1779389475f5b1b6a39a0869e4513b02)] -> xpath: //button[contains(text(),'Logout')]]
verify tab[[ChromeDriver: chrome on WINDOWS (1779389475f5b1b6a39a0869e4513b02)] -> xpath: //button[contains(text(),'Logout')]]
verify tab[[ChromeDriver: chrome on WINDOWS (1779389475f5b1b6a39a0869e4513b02)] -> xpath: //button[contains(text(),'Logout')]]
verify tab[[ChromeDriver: chrome on WINDOWS (1779389475f5b1b6a39a0869e4513b02)] -> xpath: //button[contains(text(),'Logout')]]
verify tab[[ChromeDriver: chrome on WINDOWS (1779389475f5b1b6a39a0869e4513b02)] -> xpath: //button[contains(text(),'Logout')]]
verify tab[[ChromeDriver: chrome on WINDOWS (1779389475f5b1b6a39a0869e4513b02)] -> xpath: //button[contains(text(),'Logout')]]
verify tab[[ChromeDriver: chrome on WINDOWS (1779389475f5b1b6a39a0869e4513b02)] -> xpath: //button[contains(text(),'Logout')]]
verify tab[[ChromeDriver: chrome on WINDOWS (1779389475f5b1b6a39a0869e4513b02)] -> xpath: //button[contains(text(),'Logout')]]
verify tab[[ChromeDriver: chrome on WINDOWS (1779389475f5b1b6a39a0869e4513b02)] -> xpath: //button[contains(text(),'Logout')]]
verify tab[[ChromeDriver: chrome on WINDOWS (1779389475f5b1b6a39a0869e4513b02)] -> xpath: //button[contains(text(),'Logout')]]
verify tab[[ChromeDriver: chrome on WINDOWS (1779389475f5b1b6a39a0869e4513b02)] -> xpath: //button[contains(text(),'Logout')]]
verify tab[[ChromeDriver: chrome on WINDOWS (1779389475f5b1b6a39a0869e4513b02)] -> xpath: //button[contains(text(),'Logout')]]
verify tab[[ChromeDriver: chrome on WINDOWS (1779389475f5b1b6a39a0869e4513b02)] -> xpath: //button[contains(text(),'Logout')]]
verify tab[[ChromeDriver: chrome on WINDOWS (1779389475f5b1b6a39a0869e4513b02)] -> xpath: //button[contains(text(),'Logout')]]
verify tab[[ChromeDriver: chrome on WINDOWS (1779389475f5b1b6a39a0869e4513b02)] -> xpath: //button[contains(text(),'Logout')]]
verify tab[[ChromeDriver: chrome on WINDOWS (1779389475f5b1b6a39a0869e4513b02)] -> xpath: //button[contains(text(),'Logout')]]
verify tab[[ChromeDriver: chrome on WINDOWS (1779389475f5b1b6a39a0869e4513b02)] -> xpath: //button[contains(text(),'Logout')]]
verify tab[[ChromeDriver: chrome on WINDOWS (1779389475f5b1b6a39a0869e4513b02)] -> xpath: //button[contains(text(),'Logout')]]
verify tab[[ChromeDriver: chrome on WINDOWS (1779389475f5b1b6a39a0869e4513b02)] -> xpath: //button[contains(text(),'Logout')]]
verify tab[[ChromeDriver: chrome on WINDOWS (1779389475f5b1b6a39a0869e4513b02)] -> xpath: //button[contains(text(),'Logout')]]
verify tab[[ChromeDriver: chrome on WINDOWS (1779389475f5b1b6a39a0869e4513b02)] -> xpath: //button[contains(text(),'Logout')]]
verify tab[[ChromeDriver: chrome on WINDOWS (1779389475f5b1b6a39a0869e4513b02)] -> xpath: //button[contains(text(),'Logout')]]
verify tab[[ChromeDriver: chrome on WINDOWS (1779389475f5b1b6a39a0869e4513b02)] -> xpath: //button[contains(text(),'Logout')]]
verify tab[[ChromeDriver: chrome on WINDOWS (1779389475f5b1b6a39a0869e4513b02)] -> xpath: //button[contains(text(),'Logout')]]
verify tab[[ChromeDriver: chrome on WINDOWS (1779389475f5b1b6a39a0869e4513b02)] -> xpath: //button[contains(text(),'Logout')]]
verify tab[[ChromeDriver: chrome on WINDOWS (1779389475f5b1b6a39a0869e4513b02)] -> xpath: //button[contains(text(),'Logout')]]
verify tab[[ChromeDriver: chrome on WINDOWS (1779389475f5b1b6a39a0869e4513b02)] -> xpath: //button[contains(text(),'Logout')]]
verify tab[[ChromeDriver: chrome on WINDOWS (1779389475f5b1b6a39a0869e4513b02)] -> xpath: //button[contains(text(),'Logout')]]
verify tab[[ChromeDriver: chrome on WINDOWS (1779389475f5b1b6a39a0869e4513b02)] -> xpath: //button[contains(text(),'Logout')]]
verify tab[[ChromeDriver: chrome on WINDOWS (1779389475f5b1b6a39a0869e4513b02)] -> xpath: //button[contains(text(),'Logout')]]
verify tab[[ChromeDriver: chrome on WINDOWS (1779389475f5b1b6a39a0869e4513b02)] -> xpath: //button[contains(text(),'Logout')]]
verify tab[[ChromeDriver: chrome on WINDOWS (1779389475f5b1b6a39a0869e4513b02)] -> xpath: //button[contains(text(),'Logout')]]
verify tab[[ChromeDriver: chrome on WINDOWS (1779389475f5b1b6a39a0869e4513b02)] -> xpath: //button[contains(text(),'Logout')]]
verify tab[[ChromeDriver: chrome on WINDOWS (1779389475f5b1b6a39a0869e4513b02)] -> xpath: //button[contains(text(),'Logout')]]
verify tab[[ChromeDriver: chrome on WINDOWS (1779389475f5b1b6a39a0869e4513b02)] -> xpath: //button[contains(text(),'Logout')]]
verify tab[[ChromeDriver: chrome on WINDOWS (1779389475f5b1b6a39a0869e4513b02)] -> xpath: //button[contains(text(),'Logout')]]
verify tab[[ChromeDriver: chrome on WINDOWS (1779389475f5b1b6a39a0869e4513b02)] -> xpath: //button[contains(text(),'Logout')]]
verify tab[[ChromeDriver: chrome on WINDOWS (1779389475f5b1b6a39a0869e4513b02)] -> xpath: //button[contains(text(),'Logout')]]
verify tab[[ChromeDriver: chrome on WINDOWS (1779389475f5b1b6a39a0869e4513b02)] -> xpath: //button[contains(text(),'Logout')]]
verify tab[[ChromeDriver: chrome on WINDOWS (1779389475f5b1b6a39a0869e4513b02)] -> xpath: //button[contains(text(),'Logout')]]
verify tab[[ChromeDriver: chrome on WINDOWS (1779389475f5b1b6a39a0869e4513b02)] -> xpath: //button[contains(text(),'Logout')]]
verify tab[[ChromeDriver: chrome on WINDOWS (1779389475f5b1b6a39a0869e4513b02)] -> xpath: //button[contains(text(),'Logout')]]
verify tab[[ChromeDriver: chrome on WINDOWS (1779389475f5b1b6a39a0869e4513b02)] -> xpath: //button[contains(text(),'Logout')]]
verify tab[[ChromeDriver: chrome on WINDOWS (1779389475f5b1b6a39a0869e4513b02)] -> xpath: //button[contains(text(),'Logout')]]
verify tab[[ChromeDriver: chrome on WINDOWS (1779389475f5b1b6a39a0869e4513b02)] -> xpath: //button[contains(text(),'Logout')]]
verify tab[[ChromeDriver: chrome on WINDOWS (1779389475f5b1b6a39a0869e4513b02)] -> xpath: //button[contains(text(),'Logout')]]
verify tab[[ChromeDriver: chrome on WINDOWS (1779389475f5b1b6a39a0869e4513b02)] -> xpath: //button[contains(text(),'Logout')]]
verify tab[[ChromeDriver: chrome on WINDOWS (1779389475f5b1b6a39a0869e4513b02)] -> xpath: //button[contains(text(),'Logout')]]
verify tab[[ChromeDriver: chrome on WINDOWS (1779389475f5b1b6a39a0869e4513b02)] -> xpath: //button[contains(text(),'Logout')]]
verify tab[[ChromeDriver: chrome on WINDOWS (1779389475f5b1b6a39a0869e4513b02)] -> xpath: //button[contains(text(),'Logout')]]
verify tab[[ChromeDriver: chrome on WINDOWS (1779389475f5b1b6a39a0869e4513b02)] -> xpath: //button[contains(text(),'Logout')]]
verify tab[[ChromeDriver: chrome on WINDOWS (1779389475f5b1b6a39a0869e4513b02)] -> xpath: //button[contains(text(),'Logout')]]
verify tab[[ChromeDriver: chrome on WINDOWS (1779389475f5b1b6a39a0869e4513b02)] -> xpath: //button[contains(text(),'Logout')]]
verify tab[[ChromeDriver: chrome on WINDOWS (1779389475f5b1b6a39a0869e4513b02)] -> xpath: //button[contains(text(),'Logout')]]
verify tab[[ChromeDriver: chrome on WINDOWS (1779389475f5b1b6a39a0869e4513b02)] -> xpath: //button[contains(text(),'Logout')]]
verify tab[[ChromeDriver: chrome on WINDOWS (1779389475f5b1b6a39a0869e4513b02)] -> xpath: //button[contains(text(),'Logout')]]
verify tab[[ChromeDriver: chrome on WINDOWS (1779389475f5b1b6a39a0869e4513b02)] -> xpath: //button[contains(text(),'Logout')]]
verify tab[[ChromeDriver: chrome on WINDOWS (1779389475f5b1b6a39a0869e4513b02)] -> xpath: //button[contains(text(),'Logout')]]
verify tab[[ChromeDriver: chrome on WINDOWS (1779389475f5b1b6a39a0869e4513b02)] -> xpath: //button[contains(text(),'Logout')]]
verify tab[[ChromeDriver: chrome on WINDOWS (1779389475f5b1b6a39a0869e4513b02)] -> xpath: //button[contains(text(),'Logout')]]
verify tab[[ChromeDriver: chrome on WINDOWS (1779389475f5b1b6a39a0869e4513b02)] -> xpath: //button[contains(text(),'Logout')]]
verify tab[[ChromeDriver: chrome on WINDOWS (1779389475f5b1b6a39a0869e4513b02)] -> xpath: //button[contains(text(),'Logout')]]
verify tab[[ChromeDriver: chrome on WINDOWS (1779389475f5b1b6a39a0869e4513b02)] -> xpath: //button[contains(text(),'Logout')]]
verify tab[[ChromeDriver: chrome on WINDOWS (1779389475f5b1b6a39a0869e4513b02)] -> xpath: //button[contains(text(),'Logout')]]
verify tab[[ChromeDriver: chrome on WINDOWS (1779389475f5b1b6a39a0869e4513b02)] -> xpath: //button[contains(text(),'Logout')]]
verify tab[[ChromeDriver: chrome on WINDOWS (1779389475f5b1b6a39a0869e4513b02)] -> xpath: //button[contains(text(),'Logout')]]
verify tab[[ChromeDriver: chrome on WINDOWS (1779389475f5b1b6a39a0869e4513b02)] -> xpath: //button[contains(text(),'Logout')]]
verify tab[[ChromeDriver: chrome on WINDOWS (1779389475f5b1b6a39a0869e4513b02)] -> xpath: //button[contains(text(),'Logout')]]
verify tab[[ChromeDriver: chrome on WINDOWS (1779389475f5b1b6a39a0869e4513b02)] -> xpath: //button[contains(text(),'Logout')]]
verify tab[[ChromeDriver: chrome on WINDOWS (1779389475f5b1b6a39a0869e4513b02)] -> xpath: //button[contains(text(),'Logout')]]
verify tab[[ChromeDriver: chrome on WINDOWS (1779389475f5b1b6a39a0869e4513b02)] -> xpath: //button[contains(text(),'Logout')]]
verify tab[[ChromeDriver: chrome on WINDOWS (1779389475f5b1b6a39a0869e4513b02)] -> xpath: //button[contains(text(),'Logout')]]
verify tab[[ChromeDriver: chrome on WINDOWS (1779389475f5b1b6a39a0869e4513b02)] -> xpath: //button[contains(text(),'Logout')]]
verify tab[[ChromeDriver: chrome on WINDOWS (1779389475f5b1b6a39a0869e4513b02)] -> xpath: //button[contains(text(),'Logout')]]
verify tab[[ChromeDriver: chrome on WINDOWS (1779389475f5b1b6a39a0869e4513b02)] -> xpath: //button[contains(text(),'Logout')]]
verify tab[[ChromeDriver: chrome on WINDOWS (1779389475f5b1b6a39a0869e4513b02)] -> xpath: //button[contains(text(),'Logout')]]
verify tab[[ChromeDriver: chrome on WINDOWS (1779389475f5b1b6a39a0869e4513b02)] -> xpath: //button[contains(text(),'Logout')]]
verify tab[[ChromeDriver: chrome on WINDOWS (1779389475f5b1b6a39a0869e4513b02)] -> xpath: //button[contains(text(),'Logout')]]
verify tab[[ChromeDriver: chrome on WINDOWS (1779389475f5b1b6a39a0869e4513b02)] -> xpath: //button[contains(text(),'Logout')]]
verify tab[[ChromeDriver: chrome on WINDOWS (1779389475f5b1b6a39a0869e4513b02)] -> xpath: //button[contains(text(),'Logout')]]
verify tab[[ChromeDriver: chrome on WINDOWS (1779389475f5b1b6a39a0869e4513b02)] -> xpath: //button[contains(text(),'Logout')]]
verify tab[[ChromeDriver: chrome on WINDOWS (1779389475f5b1b6a39a0869e4513b02)] -> xpath: //button[contains(text(),'Logout')]]
verify tab[[ChromeDriver: chrome on WINDOWS (1779389475f5b1b6a39a0869e4513b02)] -> xpath: //button[contains(text(),'Logout')]]
verify tab[[ChromeDriver: chrome on WINDOWS (1779389475f5b1b6a39a0869e4513b02)] -> xpath: //button[contains(text(),'Logout')]]
verify tab[[ChromeDriver: chrome on WINDOWS (1779389475f5b1b6a39a0869e4513b02)] -> xpath: //button[contains(text(),'Logout')]]
verify tab[[ChromeDriver: chrome on WINDOWS (1779389475f5b1b6a39a0869e4513b02)] -> xpath: //button[contains(text(),'Logout')]]
verify tab[[ChromeDriver: chrome on WINDOWS (1779389475f5b1b6a39a0869e4513b02)] -> xpath: //button[contains(text(),'Logout')]]
verify tab[[ChromeDriver: chrome on WINDOWS (1779389475f5b1b6a39a0869e4513b02)] -> xpath: //button[contains(text(),'Logout')]]
verify tab[[ChromeDriver: chrome on WINDOWS (1779389475f5b1b6a39a0869e4513b02)] -> xpath: //button[contains(text(),'Logout')]]
verify tab[[ChromeDriver: chrome on WINDOWS (1779389475f5b1b6a39a0869e4513b02)] -> xpath: //button[contains(text(),'Logout')]]
verify tab[[ChromeDriver: chrome on WINDOWS (1779389475f5b1b6a39a0869e4513b02)] -> xpath: //button[contains(text(),'Logout')]]
verify tab[[ChromeDriver: chrome on WINDOWS (1779389475f5b1b6a39a0869e4513b02)] -> xpath: //button[contains(text(),'Logout')]]
verify tab[[ChromeDriver: chrome on WINDOWS (1779389475f5b1b6a39a0869e4513b02)] -> xpath: //button[contains(text(),'Logout')]]
verify tab[[ChromeDriver: chrome on WINDOWS (1779389475f5b1b6a39a0869e4513b02)] -> xpath: //button[contains(text(),'Logout')]]
verify tab[[ChromeDriver: chrome on WINDOWS (1779389475f5b1b6a39a0869e4513b02)] -> xpath: //button[contains(text(),'Logout')]]
verify tab[[ChromeDriver: chrome on WINDOWS (1779389475f5b1b6a39a0869e4513b02)] -> xpath: //button[contains(text(),'Logout')]]
verify tab[[ChromeDriver: chrome on WINDOWS (1779389475f5b1b6a39a0869e4513b02)] -> xpath: //button[contains(text(),'Logout')]]
verify tab[[ChromeDriver: chrome on WINDOWS (1779389475f5b1b6a39a0869e4513b02)] -> xpath: //button[contains(text(),'Logout')]]
verify tab[[ChromeDriver: chrome on WINDOWS (1779389475f5b1b6a39a0869e4513b02)] -> xpath: //button[contains(text(),'Logout')]]
verify tab[[ChromeDriver: chrome on WINDOWS (1779389475f5b1b6a39a0869e4513b02)] -> xpath: //button[contains(text(),'Logout')]]
verify tab[[ChromeDriver: chrome on WINDOWS (1779389475f5b1b6a39a0869e4513b02)] -> xpath: //button[contains(text(),'Logout')]]
verify tab[[ChromeDriver: chrome on WINDOWS (1779389475f5b1b6a39a0869e4513b02)] -> xpath: //button[contains(text(),'Logout')]]
verify tab[[ChromeDriver: chrome on WINDOWS (1779389475f5b1b6a39a0869e4513b02)] -> xpath: //button[contains(text(),'Logout')]]
verify tab[[ChromeDriver: chrome on WINDOWS (1779389475f5b1b6a39a0869e4513b02)] -> xpath: //button[contains(text(),'Logout')]]
verify tab[[ChromeDriver: chrome on WINDOWS (1779389475f5b1b6a39a0869e4513b02)] -> xpath: //button[contains(text(),'Logout')]]
verify tab[[ChromeDriver: chrome on WINDOWS (1779389475f5b1b6a39a0869e4513b02)] -> xpath: //button[contains(text(),'Logout')]]
verify tab[[ChromeDriver: chrome on WINDOWS (1779389475f5b1b6a39a0869e4513b02)] -> xpath: //button[contains(text(),'Logout')]]
verify tab[[ChromeDriver: chrome on WINDOWS (1779389475f5b1b6a39a0869e4513b02)] -> xpath: //button[contains(text(),'Logout')]]
verify tab[[ChromeDriver: chrome on WINDOWS (1779389475f5b1b6a39a0869e4513b02)] -> xpath: //button[contains(text(),'Logout')]]
verify tab[[ChromeDriver: chrome on WINDOWS (1779389475f5b1b6a39a0869e4513b02)] -> xpath: //button[contains(text(),'Logout')]]
verify tab[[ChromeDriver: chrome on WINDOWS (1779389475f5b1b6a39a0869e4513b02)] -> xpath: //button[contains(text(),'Logout')]]
verify tab[[ChromeDriver: chrome on WINDOWS (1779389475f5b1b6a39a0869e4513b02)] -> xpath: //button[contains(text(),'Logout')]]
verify tab[[ChromeDriver: chrome on WINDOWS (1779389475f5b1b6a39a0869e4513b02)] -> xpath: //button[contains(text(),'Logout')]]
verify tab[[ChromeDriver: chrome on WINDOWS (1779389475f5b1b6a39a0869e4513b02)] -> xpath: //button[contains(text(),'Logout')]]
verify tab[[ChromeDriver: chrome on WINDOWS (1779389475f5b1b6a39a0869e4513b02)] -> xpath: //button[contains(text(),'Logout')]]
verify tab[[ChromeDriver: chrome on WINDOWS (1779389475f5b1b6a39a0869e4513b02)] -> xpath: //button[contains(text(),'Logout')]]
verify tab[[ChromeDriver: chrome on WINDOWS (1779389475f5b1b6a39a0869e4513b02)] -> xpath: //button[contains(text(),'Logout')]]
verify tab[[ChromeDriver: chrome on WINDOWS (1779389475f5b1b6a39a0869e4513b02)] -> xpath: //button[contains(text(),'Logout')]]
verify tab[[ChromeDriver: chrome on WINDOWS (1779389475f5b1b6a39a0869e4513b02)] -> xpath: //button[contains(text(),'Logout')]]
verify tab[[ChromeDriver: chrome on WINDOWS (1779389475f5b1b6a39a0869e4513b02)] -> xpath: //button[contains(text(),'Logout')]]
verify tab[[ChromeDriver: chrome on WINDOWS (1779389475f5b1b6a39a0869e4513b02)] -> xpath: //button[contains(text(),'Logout')]]
verify tab[[ChromeDriver: chrome on WINDOWS (1779389475f5b1b6a39a0869e4513b02)] -> xpath: //button[contains(text(),'Logout')]]
verify tab[[ChromeDriver: chrome on WINDOWS (1779389475f5b1b6a39a0869e4513b02)] -> xpath: //button[contains(text(),'Logout')]]
verify tab[[ChromeDriver: chrome on WINDOWS (1779389475f5b1b6a39a0869e4513b02)] -> xpath: //button[contains(text(),'Logout')]]
verify tab[[ChromeDriver: chrome on WINDOWS (1779389475f5b1b6a39a0869e4513b02)] -> xpath: //button[contains(text(),'Logout')]]
verify tab[[ChromeDriver: chrome on WINDOWS (1779389475f5b1b6a39a0869e4513b02)] -> xpath: //button[contains(text(),'Logout')]]
verify tab[[ChromeDriver: chrome on WINDOWS (1779389475f5b1b6a39a0869e4513b02)] -> xpath: //button[contains(text(),'Logout')]]
verify tab[[ChromeDriver: chrome on WINDOWS (1779389475f5b1b6a39a0869e4513b02)] -> xpath: //button[contains(text(),'Logout')]]
verify tab[[ChromeDriver: chrome on WINDOWS (1779389475f5b1b6a39a0869e4513b02)] -> xpath: //button[contains(text(),'Logout')]]
verify tab[[ChromeDriver: chrome on WINDOWS (1779389475f5b1b6a39a0869e4513b02)] -> xpath: //button[contains(text(),'Logout')]]
verify tab[[ChromeDriver: chrome on WINDOWS (1779389475f5b1b6a39a0869e4513b02)] -> xpath: //button[contains(text(),'Logout')]]
verify tab[[ChromeDriver: chrome on WINDOWS (1779389475f5b1b6a39a0869e4513b02)] -> xpath: //button[contains(text(),'Logout')]]
verify tab[[ChromeDriver: chrome on WINDOWS (1779389475f5b1b6a39a0869e4513b02)] -> xpath: //button[contains(text(),'Logout')]]
verify tab[[ChromeDriver: chrome on WINDOWS (1779389475f5b1b6a39a0869e4513b02)] -> xpath: //button[contains(text(),'Logout')]]
verify tab[[ChromeDriver: chrome on WINDOWS (1779389475f5b1b6a39a0869e4513b02)] -> xpath: //button[contains(text(),'Logout')]]
verify tab[[ChromeDriver: chrome on WINDOWS (1779389475f5b1b6a39a0869e4513b02)] -> xpath: //button[contains(text(),'Logout')]]
verify tab[[ChromeDriver: chrome on WINDOWS (1779389475f5b1b6a39a0869e4513b02)] -> xpath: //button[contains(text(),'Logout')]]
verify tab[[ChromeDriver: chrome on WINDOWS (1779389475f5b1b6a39a0869e4513b02)] -> xpath: //button[contains(text(),'Logout')]]
verify tab[[ChromeDriver: chrome on WINDOWS (1779389475f5b1b6a39a0869e4513b02)] -> xpath: //button[contains(text(),'Logout')]]
verify tab[[ChromeDriver: chrome on WINDOWS (1779389475f5b1b6a39a0869e4513b02)] -> xpath: //button[contains(text(),'Logout')]]
verify tab[[ChromeDriver: chrome on WINDOWS (1779389475f5b1b6a39a0869e4513b02)] -> xpath: //button[contains(text(),'Logout')]]
verify tab[[ChromeDriver: chrome on WINDOWS (1779389475f5b1b6a39a0869e4513b02)] -> xpath: //button[contains(text(),'Logout')]]
verify tab[[ChromeDriver: chrome on WINDOWS (1779389475f5b1b6a39a0869e4513b02)] -> xpath: //button[contains(text(),'Logout')]]
verify tab[[ChromeDriver: chrome on WINDOWS (1779389475f5b1b6a39a0869e4513b02)] -> xpath: //button[contains(text(),'Logout')]]
verify tab[[ChromeDriver: chrome on WINDOWS (1779389475f5b1b6a39a0869e4513b02)] -> xpath: //button[contains(text(),'Logout')]]
verify tab[[ChromeDriver: chrome on WINDOWS (1779389475f5b1b6a39a0869e4513b02)] -> xpath: //button[contains(text(),'Logout')]]
verify tab[[ChromeDriver: chrome on WINDOWS (1779389475f5b1b6a39a0869e4513b02)] -> xpath: //button[contains(text(),'Logout')]]
verify tab[[ChromeDriver: chrome on WINDOWS (1779389475f5b1b6a39a0869e4513b02)] -> xpath: //button[contains(text(),'Logout')]]
verify tab[[ChromeDriver: chrome on WINDOWS (1779389475f5b1b6a39a0869e4513b02)] -> xpath: //button[contains(text(),'Logout')]]
verify tab[[ChromeDriver: chrome on WINDOWS (1779389475f5b1b6a39a0869e4513b02)] -> xpath: //button[contains(text(),'Logout')]]
verify tab[[ChromeDriver: chrome on WINDOWS (1779389475f5b1b6a39a0869e4513b02)] -> xpath: //button[contains(text(),'Logout')]]
verify tab[[ChromeDriver: chrome on WINDOWS (1779389475f5b1b6a39a0869e4513b02)] -> xpath: //button[contains(text(),'Logout')]]
verify tab[[ChromeDriver: chrome on WINDOWS (1779389475f5b1b6a39a0869e4513b02)] -> xpath: //button[contains(text(),'Logout')]]
verify tab[[ChromeDriver: chrome on WINDOWS (1779389475f5b1b6a39a0869e4513b02)] -> xpath: //button[contains(text(),'Logout')]]
verify tab[[ChromeDriver: chrome on WINDOWS (1779389475f5b1b6a39a0869e4513b02)] -> xpath: //button[contains(text(),'Logout')]]
verify tab[[ChromeDriver: chrome on WINDOWS (1779389475f5b1b6a39a0869e4513b02)] -> xpath: //button[contains(text(),'Logout')]]
verify tab[[ChromeDriver: chrome on WINDOWS (1779389475f5b1b6a39a0869e4513b02)] -> xpath: //button[contains(text(),'Logout')]]
verify tab[[ChromeDriver: chrome on WINDOWS (1779389475f5b1b6a39a0869e4513b02)] -> xpath: //button[contains(text(),'Logout')]]
verify tab[[ChromeDriver: chrome on WINDOWS (1779389475f5b1b6a39a0869e4513b02)] -> xpath: //button[contains(text(),'Logout')]]
verify tab[[ChromeDriver: chrome on WINDOWS (1779389475f5b1b6a39a0869e4513b02)] -> xpath: //button[contains(text(),'Logout')]]
verify tab[[ChromeDriver: chrome on WINDOWS (1779389475f5b1b6a39a0869e4513b02)] -> xpath: //button[contains(text(),'Logout')]]
verify tab[[ChromeDriver: chrome on WINDOWS (1779389475f5b1b6a39a0869e4513b02)] -> xpath: //button[contains(text(),'Logout')]]
verify tab[[ChromeDriver: chrome on WINDOWS (1779389475f5b1b6a39a0869e4513b02)] -> xpath: //button[contains(text(),'Logout')]]
verify tab[[ChromeDriver: chrome on WINDOWS (1779389475f5b1b6a39a0869e4513b02)] -> xpath: //button[contains(text(),'Logout')]]
verify tab[[ChromeDriver: chrome on WINDOWS (1779389475f5b1b6a39a0869e4513b02)] -> xpath: //button[contains(text(),'Logout')]]
verify tab[[ChromeDriver: chrome on WINDOWS (1779389475f5b1b6a39a0869e4513b02)] -> xpath: //button[contains(text(),'Logout')]]
verify tab[[ChromeDriver: chrome on WINDOWS (1779389475f5b1b6a39a0869e4513b02)] -> xpath: //button[contains(text(),'Logout')]]
verify tab[[ChromeDriver: chrome on WINDOWS (1779389475f5b1b6a39a0869e4513b02)] -> xpath: //button[contains(text(),'Logout')]]
verify tab[[ChromeDriver: chrome on WINDOWS (1779389475f5b1b6a39a0869e4513b02)] -> xpath: //button[contains(text(),'Logout')]]
verify tab[[ChromeDriver: chrome on WINDOWS (1779389475f5b1b6a39a0869e4513b02)] -> xpath: //button[contains(text(),'Logout')]]
verify tab[[ChromeDriver: chrome on WINDOWS (1779389475f5b1b6a39a0869e4513b02)] -> xpath: //button[contains(text(),'Logout')]]
verify tab[[ChromeDriver: chrome on WINDOWS (1779389475f5b1b6a39a0869e4513b02)] -> xpath: //button[contains(text(),'Logout')]]
verify tab[[ChromeDriver: chrome on WINDOWS (1779389475f5b1b6a39a0869e4513b02)] -> xpath: //button[contains(text(),'Logout')]]
verify tab[[ChromeDriver: chrome on WINDOWS (1779389475f5b1b6a39a0869e4513b02)] -> xpath: //button[contains(text(),'Logout')]]
verify tab[[ChromeDriver: chrome on WINDOWS (1779389475f5b1b6a39a0869e4513b02)] -> xpath: //button[contains(text(),'Logout')]]
verify tab[[ChromeDriver: chrome on WINDOWS (1779389475f5b1b6a39a0869e4513b02)] -> xpath: //button[contains(text(),'Logout')]]
verify tab[[ChromeDriver: chrome on WINDOWS (1779389475f5b1b6a39a0869e4513b02)] -> xpath: //button[contains(text(),'Logout')]]
verify tab[[ChromeDriver: chrome on WINDOWS (1779389475f5b1b6a39a0869e4513b02)] -> xpath: //button[contains(text(),'Logout')]]
verify tab[[ChromeDriver: chrome on WINDOWS (1779389475f5b1b6a39a0869e4513b02)] -> xpath: //button[contains(text(),'Logout')]]
verify tab[[ChromeDriver: chrome on WINDOWS (1779389475f5b1b6a39a0869e4513b02)] -> xpath: //button[contains(text(),'Logout')]]
verify tab[[ChromeDriver: chrome on WINDOWS (1779389475f5b1b6a39a0869e4513b02)] -> xpath: //button[contains(text(),'Logout')]]
verify tab[[ChromeDriver: chrome on WINDOWS (1779389475f5b1b6a39a0869e4513b02)] -> xpath: //button[contains(text(),'Logout')]]
verify tab[[ChromeDriver: chrome on WINDOWS (1779389475f5b1b6a39a0869e4513b02)] -> xpath: //button[contains(text(),'Logout')]]
verify tab[[ChromeDriver: chrome on WINDOWS (1779389475f5b1b6a39a0869e4513b02)] -> xpath: //button[contains(text(),'Logout')]]
verify tab[[ChromeDriver: chrome on WINDOWS (1779389475f5b1b6a39a0869e4513b02)] -> xpath: //button[contains(text(),'Logout')]]
verify tab[[ChromeDriver: chrome on WINDOWS (1779389475f5b1b6a39a0869e4513b02)] -> xpath: //button[contains(text(),'Logout')]]
verify tab[[ChromeDriver: chrome on WINDOWS (1779389475f5b1b6a39a0869e4513b02)] -> xpath: //button[contains(text(),'Logout')]]
verify tab[[ChromeDriver: chrome on WINDOWS (1779389475f5b1b6a39a0869e4513b02)] -> xpath: //button[contains(text(),'Logout')]]
verify tab[[ChromeDriver: chrome on WINDOWS (1779389475f5b1b6a39a0869e4513b02)] -> xpath: //button[contains(text(),'Logout')]]
verify tab[[ChromeDriver: chrome on WINDOWS (1779389475f5b1b6a39a0869e4513b02)] -> xpath: //button[contains(text(),'Logout')]]
verify tab[[ChromeDriver: chrome on WINDOWS (1779389475f5b1b6a39a0869e4513b02)] -> xpath: //button[contains(text(),'Logout')]]
verify tab[[ChromeDriver: chrome on WINDOWS (1779389475f5b1b6a39a0869e4513b02)] -> xpath: //button[contains(text(),'Logout')]]
verify tab[[ChromeDriver: chrome on WINDOWS (1779389475f5b1b6a39a0869e4513b02)] -> xpath: //button[contains(text(),'Logout')]]
verify tab[[ChromeDriver: chrome on WINDOWS (1779389475f5b1b6a39a0869e4513b02)] -> xpath: //button[contains(text(),'Logout')]]
verify tab[[ChromeDriver: chrome on WINDOWS (1779389475f5b1b6a39a0869e4513b02)] -> xpath: //button[contains(text(),'Logout')]]
verify tab[[ChromeDriver: chrome on WINDOWS (1779389475f5b1b6a39a0869e4513b02)] -> xpath: //button[contains(text(),'Logout')]]
verify tab[[ChromeDriver: chrome on WINDOWS (1779389475f5b1b6a39a0869e4513b02)] -> xpath: //button[contains(text(),'Logout')]]
verify tab[[ChromeDriver: chrome on WINDOWS (1779389475f5b1b6a39a0869e4513b02)] -> xpath: //button[contains(text(),'Logout')]]
verify tab[[ChromeDriver: chrome on WINDOWS (1779389475f5b1b6a39a0869e4513b02)] -> xpath: //button[contains(text(),'Logout')]]
verify tab[[ChromeDriver: chrome on WINDOWS (1779389475f5b1b6a39a0869e4513b02)] -> xpath: //button[contains(text(),'Logout')]]
verify tab[[ChromeDriver: chrome on WINDOWS (1779389475f5b1b6a39a0869e4513b02)] -> xpath: //button[contains(text(),'Logout')]]
verify tab[[ChromeDriver: chrome on WINDOWS (1779389475f5b1b6a39a0869e4513b02)] -> xpath: //button[contains(text(),'Logout')]]
verify tab[[ChromeDriver: chrome on WINDOWS (1779389475f5b1b6a39a0869e4513b02)] -> xpath: //button[contains(text(),'Logout')]]
verify tab[[ChromeDriver: chrome on WINDOWS (1779389475f5b1b6a39a0869e4513b02)] -> xpath: //button[contains(text(),'Logout')]]
verify tab[[ChromeDriver: chrome on WINDOWS (1779389475f5b1b6a39a0869e4513b02)] -> xpath: //button[contains(text(),'Logout')]]
verify tab[[ChromeDriver: chrome on WINDOWS (1779389475f5b1b6a39a0869e4513b02)] -> xpath: //button[contains(text(),'Logout')]]
verify tab[[ChromeDriver: chrome on WINDOWS (1779389475f5b1b6a39a0869e4513b02)] -> xpath: //button[contains(text(),'Logout')]]
verify tab[[ChromeDriver: chrome on WINDOWS (1779389475f5b1b6a39a0869e4513b02)] -> xpath: //button[contains(text(),'Logout')]]
verify tab[[ChromeDriver: chrome on WINDOWS (1779389475f5b1b6a39a0869e4513b02)] -> xpath: //button[contains(text(),'Logout')]]
verify tab[[ChromeDriver: chrome on WINDOWS (1779389475f5b1b6a39a0869e4513b02)] -> xpath: //button[contains(text(),'Logout')]]
verify tab[[ChromeDriver: chrome on WINDOWS (1779389475f5b1b6a39a0869e4513b02)] -> xpath: //button[contains(text(),'Logout')]]
verify tab[[ChromeDriver: chrome on WINDOWS (1779389475f5b1b6a39a0869e4513b02)] -> xpath: //button[contains(text(),'Logout')]]
verify tab[[ChromeDriver: chrome on WINDOWS (1779389475f5b1b6a39a0869e4513b02)] -> xpath: //button[contains(text(),'Logout')]]
verify tab[[ChromeDriver: chrome on WINDOWS (1779389475f5b1b6a39a0869e4513b02)] -> xpath: //button[contains(text(),'Logout')]]
verify tab[[ChromeDriver: chrome on WINDOWS (1779389475f5b1b6a39a0869e4513b02)] -> xpath: //button[contains(text(),'Logout')]]
verify tab[[ChromeDriver: chrome on WINDOWS (1779389475f5b1b6a39a0869e4513b02)] -> xpath: //button[contains(text(),'Logout')]]
verify tab[[ChromeDriver: chrome on WINDOWS (1779389475f5b1b6a39a0869e4513b02)] -> xpath: //button[contains(text(),'Logout')]]
verify tab[[ChromeDriver: chrome on WINDOWS (1779389475f5b1b6a39a0869e4513b02)] -> xpath: //button[contains(text(),'Logout')]]
verify tab[[ChromeDriver: chrome on WINDOWS (1779389475f5b1b6a39a0869e4513b02)] -> xpath: //button[contains(text(),'Logout')]]
verify tab[[ChromeDriver: chrome on WINDOWS (1779389475f5b1b6a39a0869e4513b02)] -> xpath: //button[contains(text(),'Logout')]]
verify tab[[ChromeDriver: chrome on WINDOWS (1779389475f5b1b6a39a0869e4513b02)] -> xpath: //button[contains(text(),'Logout')]]
verify tab[[ChromeDriver: chrome on WINDOWS (1779389475f5b1b6a39a0869e4513b02)] -> xpath: //button[contains(text(),'Logout')]]
verify tab[[ChromeDriver: chrome on WINDOWS (1779389475f5b1b6a39a0869e4513b02)] -> xpath: //button[contains(text(),'Logout')]]
verify tab[[ChromeDriver: chrome on WINDOWS (1779389475f5b1b6a39a0869e4513b02)] -> xpath: //button[contains(text(),'Logout')]]
verify tab[[ChromeDriver: chrome on WINDOWS (1779389475f5b1b6a39a0869e4513b02)] -> xpath: //button[contains(text(),'Logout')]]
verify tab[[ChromeDriver: chrome on WINDOWS (1779389475f5b1b6a39a0869e4513b02)] -> xpath: //button[contains(text(),'Logout')]]
verify tab[[ChromeDriver: chrome on WINDOWS (1779389475f5b1b6a39a0869e4513b02)] -> xpath: //button[contains(text(),'Logout')]]
verify tab[[ChromeDriver: chrome on WINDOWS (1779389475f5b1b6a39a0869e4513b02)] -> xpath: //button[contains(text(),'Logout')]]
verify tab[[ChromeDriver: chrome on WINDOWS (1779389475f5b1b6a39a0869e4513b02)] -> xpath: //button[contains(text(),'Logout')]]
verify tab[[ChromeDriver: chrome on WINDOWS (1779389475f5b1b6a39a0869e4513b02)] -> xpath: //button[contains(text(),'Logout')]]
verify tab[[ChromeDriver: chrome on WINDOWS (1779389475f5b1b6a39a0869e4513b02)] -> xpath: //button[contains(text(),'Logout')]]
verify tab[[ChromeDriver: chrome on WINDOWS (1779389475f5b1b6a39a0869e4513b02)] -> xpath: //button[contains(text(),'Logout')]]
verify tab[[ChromeDriver: chrome on WINDOWS (1779389475f5b1b6a39a0869e4513b02)] -> xpath: //button[contains(text(),'Logout')]]
verify tab[[ChromeDriver: chrome on WINDOWS (1779389475f5b1b6a39a0869e4513b02)] -> xpath: //button[contains(text(),'Logout')]]
verify tab[[ChromeDriver: chrome on WINDOWS (1779389475f5b1b6a39a0869e4513b02)] -> xpath: //button[contains(text(),'Logout')]]
verify tab[[ChromeDriver: chrome on WINDOWS (1779389475f5b1b6a39a0869e4513b02)] -> xpath: //button[contains(text(),'Logout')]]
verify tab[[ChromeDriver: chrome on WINDOWS (1779389475f5b1b6a39a0869e4513b02)] -> xpath: //button[contains(text(),'Logout')]]
verify tab[[ChromeDriver: chrome on WINDOWS (1779389475f5b1b6a39a0869e4513b02)] -> xpath: //button[contains(text(),'Logout')]]
verify tab[[ChromeDriver: chrome on WINDOWS (1779389475f5b1b6a39a0869e4513b02)] -> xpath: //button[contains(text(),'Logout')]]
verify tab[[ChromeDriver: chrome on WINDOWS (1779389475f5b1b6a39a0869e4513b02)] -> xpath: //button[contains(text(),'Logout')]]
verify tab[[ChromeDriver: chrome on WINDOWS (1779389475f5b1b6a39a0869e4513b02)] -> xpath: //button[contains(text(),'Logout')]]
verify tab[[ChromeDriver: chrome on WINDOWS (1779389475f5b1b6a39a0869e4513b02)] -> xpath: //button[contains(text(),'Logout')]]
verify tab[[ChromeDriver: chrome on WINDOWS (1779389475f5b1b6a39a0869e4513b02)] -> xpath: //button[contains(text(),'Logout')]]
verify tab[[ChromeDriver: chrome on WINDOWS (1779389475f5b1b6a39a0869e4513b02)] -> xpath: //button[contains(text(),'Logout')]]
verify tab[[ChromeDriver: chrome on WINDOWS (1779389475f5b1b6a39a0869e4513b02)] -> xpath: //button[contains(text(),'Logout')]]
verify tab[[ChromeDriver: chrome on WINDOWS (1779389475f5b1b6a39a0869e4513b02)] -> xpath: //button[contains(text(),'Logout')]]
verify tab[[ChromeDriver: chrome on WINDOWS (1779389475f5b1b6a39a0869e4513b02)] -> xpath: //button[contains(text(),'Logout')]]
verify tab[[ChromeDriver: chrome on WINDOWS (1779389475f5b1b6a39a0869e4513b02)] -> xpath: //button[contains(text(),'Logout')]]
verify tab[[ChromeDriver: chrome on WINDOWS (1779389475f5b1b6a39a0869e4513b02)] -> xpath: //button[contains(text(),'Logout')]]
verify tab[[ChromeDriver: chrome on WINDOWS (1779389475f5b1b6a39a0869e4513b02)] -> xpath: //button[contains(text(),'Logout')]]
verify tab[[ChromeDriver: chrome on WINDOWS (1779389475f5b1b6a39a0869e4513b02)] -> xpath: //button[contains(text(),'Logout')]]
verify tab[[ChromeDriver: chrome on WINDOWS (1779389475f5b1b6a39a0869e4513b02)] -> xpath: //button[contains(text(),'Logout')]]
verify tab[[ChromeDriver: chrome on WINDOWS (1779389475f5b1b6a39a0869e4513b02)] -> xpath: //button[contains(text(),'Logout')]]
verify tab[[ChromeDriver: chrome on WINDOWS (1779389475f5b1b6a39a0869e4513b02)] -> xpath: //button[contains(text(),'Logout')]]
verify tab[[ChromeDriver: chrome on WINDOWS (1779389475f5b1b6a39a0869e4513b02)] -> xpath: //button[contains(text(),'Logout')]]
verify tab[[ChromeDriver: chrome on WINDOWS (1779389475f5b1b6a39a0869e4513b02)] -> xpath: //button[contains(text(),'Logout')]]
verify tab[[ChromeDriver: chrome on WINDOWS (1779389475f5b1b6a39a0869e4513b02)] -> xpath: //button[contains(text(),'Logout')]]
verify tab[[ChromeDriver: chrome on WINDOWS (1779389475f5b1b6a39a0869e4513b02)] -> xpath: //button[contains(text(),'Logout')]]
verify tab[[ChromeDriver: chrome on WINDOWS (1779389475f5b1b6a39a0869e4513b02)] -> xpath: //button[contains(text(),'Logout')]]
verify tab[[ChromeDriver: chrome on WINDOWS (1779389475f5b1b6a39a0869e4513b02)] -> xpath: //button[contains(text(),'Logout')]]
verify tab[[ChromeDriver: chrome on WINDOWS (1779389475f5b1b6a39a0869e4513b02)] -> xpath: //button[contains(text(),'Logout')]]
verify tab[[ChromeDriver: chrome on WINDOWS (1779389475f5b1b6a39a0869e4513b02)] -> xpath: //button[contains(text(),'Logout')]]
verify tab[[ChromeDriver: chrome on WINDOWS (1779389475f5b1b6a39a0869e4513b02)] -> xpath: //button[contains(text(),'Logout')]]
verify tab[[ChromeDriver: chrome on WINDOWS (1779389475f5b1b6a39a0869e4513b02)] -> xpath: //button[contains(text(),'Logout')]]
verify tab[[ChromeDriver: chrome on WINDOWS (1779389475f5b1b6a39a0869e4513b02)] -> xpath: //button[contains(text(),'Logout')]]
verify tab[[ChromeDriver: chrome on WINDOWS (1779389475f5b1b6a39a0869e4513b02)] -> xpath: //button[contains(text(),'Logout')]]
verify tab[[ChromeDriver: chrome on WINDOWS (1779389475f5b1b6a39a0869e4513b02)] -> xpath: //button[contains(text(),'Logout')]]
verify tab[[ChromeDriver: chrome on WINDOWS (1779389475f5b1b6a39a0869e4513b02)] -> xpath: //button[contains(text(),'Logout')]]
verify tab[[ChromeDriver: chrome on WINDOWS (1779389475f5b1b6a39a0869e4513b02)] -> xpath: //button[contains(text(),'Logout')]]
verify tab[[ChromeDriver: chrome on WINDOWS (1779389475f5b1b6a39a0869e4513b02)] -> xpath: //button[contains(text(),'Logout')]]
verify tab[[ChromeDriver: chrome on WINDOWS (1779389475f5b1b6a39a0869e4513b02)] -> xpath: //button[contains(text(),'Logout')]]
verify tab[[ChromeDriver: chrome on WINDOWS (1779389475f5b1b6a39a0869e4513b02)] -> xpath: //button[contains(text(),'Logout')]]
verify tab[[ChromeDriver: chrome on WINDOWS (1779389475f5b1b6a39a0869e4513b02)] -> xpath: //button[contains(text(),'Logout')]]
verify tab[[ChromeDriver: chrome on WINDOWS (1779389475f5b1b6a39a0869e4513b02)] -> xpath: //button[contains(text(),'Logout')]]
verify tab[[ChromeDriver: chrome on WINDOWS (1779389475f5b1b6a39a0869e4513b02)] -> xpath: //button[contains(text(),'Logout')]]
verify tab[[ChromeDriver: chrome on WINDOWS (1779389475f5b1b6a39a0869e4513b02)] -> xpath: //button[contains(text(),'Logout')]]
verify tab[[ChromeDriver: chrome on WINDOWS (1779389475f5b1b6a39a0869e4513b02)] -> xpath: //button[contains(text(),'Logout')]]
verify tab[[ChromeDriver: chrome on WINDOWS (1779389475f5b1b6a39a0869e4513b02)] -> xpath: //button[contains(text(),'Logout')]]
verify tab[[ChromeDriver: chrome on WINDOWS (1779389475f5b1b6a39a0869e4513b02)] -> xpath: //button[contains(text(),'Logout')]]
verify tab[[ChromeDriver: chrome on WINDOWS (1779389475f5b1b6a39a0869e4513b02)] -> xpath: //button[contains(text(),'Logout')]]
verify tab[[ChromeDriver: chrome on WINDOWS (1779389475f5b1b6a39a0869e4513b02)] -> xpath: //button[contains(text(),'Logout')]]
verify tab[[ChromeDriver: chrome on WINDOWS (1779389475f5b1b6a39a0869e4513b02)] -> xpath: //button[contains(text(),'Logout')]]
verify tab[[ChromeDriver: chrome on WINDOWS (1779389475f5b1b6a39a0869e4513b02)] -> xpath: //button[contains(text(),'Logout')]]
verify tab[[ChromeDriver: chrome on WINDOWS (1779389475f5b1b6a39a0869e4513b02)] -> xpath: //button[contains(text(),'Logout')]]
verify tab[[ChromeDriver: chrome on WINDOWS (1779389475f5b1b6a39a0869e4513b02)] -> xpath: //button[contains(text(),'Logout')]]
verify tab[[ChromeDriver: chrome on WINDOWS (1779389475f5b1b6a39a0869e4513b02)] -> xpath: //button[contains(text(),'Logout')]]
verify tab[[ChromeDriver: chrome on WINDOWS (1779389475f5b1b6a39a0869e4513b02)] -> xpath: //button[contains(text(),'Logout')]]
verify tab[[ChromeDriver: chrome on WINDOWS (1779389475f5b1b6a39a0869e4513b02)] -> xpath: //button[contains(text(),'Logout')]]
verify tab[[ChromeDriver: chrome on WINDOWS (1779389475f5b1b6a39a0869e4513b02)] -> xpath: //button[contains(text(),'Logout')]]
verify tab[[ChromeDriver: chrome on WINDOWS (1779389475f5b1b6a39a0869e4513b02)] -> xpath: //button[contains(text(),'Logout')]]
verify tab[[ChromeDriver: chrome on WINDOWS (1779389475f5b1b6a39a0869e4513b02)] -> xpath: //button[contains(text(),'Logout')]]
verify tab[[ChromeDriver: chrome on WINDOWS (1779389475f5b1b6a39a0869e4513b02)] -> xpath: //button[contains(text(),'Logout')]]
verify tab[[ChromeDriver: chrome on WINDOWS (1779389475f5b1b6a39a0869e4513b02)] -> xpath: //button[contains(text(),'Logout')]]
verify tab[[ChromeDriver: chrome on WINDOWS (1779389475f5b1b6a39a0869e4513b02)] -> xpath: //button[contains(text(),'Logout')]]
verify tab[[ChromeDriver: chrome on WINDOWS (1779389475f5b1b6a39a0869e4513b02)] -> xpath: //button[contains(text(),'Logout')]]
verify tab[[ChromeDriver: chrome on WINDOWS (1779389475f5b1b6a39a0869e4513b02)] -> xpath: //button[contains(text(),'Logout')]]
verify tab[[ChromeDriver: chrome on WINDOWS (1779389475f5b1b6a39a0869e4513b02)] -> xpath: //button[contains(text(),'Logout')]]
verify tab[[ChromeDriver: chrome on WINDOWS (1779389475f5b1b6a39a0869e4513b02)] -> xpath: //button[contains(text(),'Logout')]]
verify tab[[ChromeDriver: chrome on WINDOWS (1779389475f5b1b6a39a0869e4513b02)] -> xpath: //button[contains(text(),'Logout')]]
verify tab[[ChromeDriver: chrome on WINDOWS (1779389475f5b1b6a39a0869e4513b02)] -> xpath: //button[contains(text(),'Logout')]]
verify tab[[ChromeDriver: chrome on WINDOWS (1779389475f5b1b6a39a0869e4513b02)] -> xpath: //button[contains(text(),'Logout')]]
verify tab[[ChromeDriver: chrome on WINDOWS (1779389475f5b1b6a39a0869e4513b02)] -> xpath: //button[contains(text(),'Logout')]]
verify tab[[ChromeDriver: chrome on WINDOWS (1779389475f5b1b6a39a0869e4513b02)] -> xpath: //button[contains(text(),'Logout')]]
verify tab[[ChromeDriver: chrome on WINDOWS (1779389475f5b1b6a39a0869e4513b02)] -> xpath: //button[contains(text(),'Logout')]]
verify tab[[ChromeDriver: chrome on WINDOWS (1779389475f5b1b6a39a0869e4513b02)] -> xpath: //button[contains(text(),'Logout')]]
verify tab[[ChromeDriver: chrome on WINDOWS (1779389475f5b1b6a39a0869e4513b02)] -> xpath: //button[contains(text(),'Logout')]]
verify tab[[ChromeDriver: chrome on WINDOWS (1779389475f5b1b6a39a0869e4513b02)] -> xpath: //button[contains(text(),'Logout')]]
verify tab[[ChromeDriver: chrome on WINDOWS (1779389475f5b1b6a39a0869e4513b02)] -> xpath: //button[contains(text(),'Logout')]]
verify tab[[ChromeDriver: chrome on WINDOWS (1779389475f5b1b6a39a0869e4513b02)] -> xpath: //button[contains(text(),'Logout')]]
verify tab[[ChromeDriver: chrome on WINDOWS (1779389475f5b1b6a39a0869e4513b02)] -> xpath: //button[contains(text(),'Logout')]]
verify tab[[ChromeDriver: chrome on WINDOWS (1779389475f5b1b6a39a0869e4513b02)] -> xpath: //button[contains(text(),'Logout')]]
verify tab[[ChromeDriver: chrome on WINDOWS (1779389475f5b1b6a39a0869e4513b02)] -> xpath: //button[contains(text(),'Logout')]]
verify tab[[ChromeDriver: chrome on WINDOWS (1779389475f5b1b6a39a0869e4513b02)] -> xpath: //button[contains(text(),'Logout')]]
verify tab[[ChromeDriver: chrome on WINDOWS (1779389475f5b1b6a39a0869e4513b02)] -> xpath: //button[contains(text(),'Logout')]]
verify tab[[ChromeDriver: chrome on WINDOWS (1779389475f5b1b6a39a0869e4513b02)] -> xpath: //button[contains(text(),'Logout')]]
verify tab[[ChromeDriver: chrome on WINDOWS (1779389475f5b1b6a39a0869e4513b02)] -> xpath: //button[contains(text(),'Logout')]]
verify tab[[ChromeDriver: chrome on WINDOWS (1779389475f5b1b6a39a0869e4513b02)] -> xpath: //button[contains(text(),'Logout')]]
verify tab[[ChromeDriver: chrome on WINDOWS (1779389475f5b1b6a39a0869e4513b02)] -> xpath: //button[contains(text(),'Logout')]]
verify tab[[ChromeDriver: chrome on WINDOWS (1779389475f5b1b6a39a0869e4513b02)] -> xpath: //button[contains(text(),'Logout')]]
verify tab[[ChromeDriver: chrome on WINDOWS (1779389475f5b1b6a39a0869e4513b02)] -> xpath: //button[contains(text(),'Logout')]]
verify tab[[ChromeDriver: chrome on WINDOWS (1779389475f5b1b6a39a0869e4513b02)] -> xpath: //button[contains(text(),'Logout')]]
verify tab[[ChromeDriver: chrome on WINDOWS (1779389475f5b1b6a39a0869e4513b02)] -> xpath: //button[contains(text(),'Logout')]]
verify tab[[ChromeDriver: chrome on WINDOWS (1779389475f5b1b6a39a0869e4513b02)] -> xpath: //button[contains(text(),'Logout')]]
verify tab[[ChromeDriver: chrome on WINDOWS (1779389475f5b1b6a39a0869e4513b02)] -> xpath: //button[contains(text(),'Logout')]]
verify tab[[ChromeDriver: chrome on WINDOWS (1779389475f5b1b6a39a0869e4513b02)] -> xpath: //button[contains(text(),'Logout')]]
verify tab[[ChromeDriver: chrome on WINDOWS (1779389475f5b1b6a39a0869e4513b02)] -> xpath: //button[contains(text(),'Logout')]]
verify tab[[ChromeDriver: chrome on WINDOWS (1779389475f5b1b6a39a0869e4513b02)] -> xpath: //button[contains(text(),'Logout')]]
verify tab[[ChromeDriver: chrome on WINDOWS (1779389475f5b1b6a39a0869e4513b02)] -> xpath: //button[contains(text(),'Logout')]]
verify tab[[ChromeDriver: chrome on WINDOWS (1779389475f5b1b6a39a0869e4513b02)] -> xpath: //button[contains(text(),'Logout')]]
verify tab[[ChromeDriver: chrome on WINDOWS (1779389475f5b1b6a39a0869e4513b02)] -> xpath: //button[contains(text(),'Logout')]]
verify tab[[ChromeDriver: chrome on WINDOWS (1779389475f5b1b6a39a0869e4513b02)] -> xpath: //button[contains(text(),'Logout')]]
verify tab[[ChromeDriver: chrome on WINDOWS (1779389475f5b1b6a39a0869e4513b02)] -> xpath: //button[contains(text(),'Logout')]]
verify tab[[ChromeDriver: chrome on WINDOWS (1779389475f5b1b6a39a0869e4513b02)] -> xpath: //button[contains(text(),'Logout')]]
verify tab[[ChromeDriver: chrome on WINDOWS (1779389475f5b1b6a39a0869e4513b02)] -> xpath: //button[contains(text(),'Logout')]]
verify tab[[ChromeDriver: chrome on WINDOWS (1779389475f5b1b6a39a0869e4513b02)] -> xpath: //button[contains(text(),'Logout')]]
verify tab[[ChromeDriver: chrome on WINDOWS (1779389475f5b1b6a39a0869e4513b02)] -> xpath: //button[contains(text(),'Logout')]]
verify tab[[ChromeDriver: chrome on WINDOWS (1779389475f5b1b6a39a0869e4513b02)] -> xpath: //button[contains(text(),'Logout')]]
verify tab[[ChromeDriver: chrome on WINDOWS (1779389475f5b1b6a39a0869e4513b02)] -> xpath: //button[contains(text(),'Logout')]]
verify tab[[ChromeDriver: chrome on WINDOWS (1779389475f5b1b6a39a0869e4513b02)] -> xpath: //button[contains(text(),'Logout')]]
verify tab[[ChromeDriver: chrome on WINDOWS (1779389475f5b1b6a39a0869e4513b02)] -> xpath: //button[contains(text(),'Logout')]]
verify tab[[ChromeDriver: chrome on WINDOWS (1779389475f5b1b6a39a0869e4513b02)] -> xpath: //button[contains(text(),'Logout')]]
verify tab[[ChromeDriver: chrome on WINDOWS (1779389475f5b1b6a39a0869e4513b02)] -> xpath: //button[contains(text(),'Logout')]]
verify tab[[ChromeDriver: chrome on WINDOWS (1779389475f5b1b6a39a0869e4513b02)] -> xpath: //button[contains(text(),'Logout')]]
verify tab[[ChromeDriver: chrome on WINDOWS (1779389475f5b1b6a39a0869e4513b02)] -> xpath: //button[contains(text(),'Logout')]]
verify tab[[ChromeDriver: chrome on WINDOWS (1779389475f5b1b6a39a0869e4513b02)] -> xpath: //button[contains(text(),'Logout')]]
verify tab[[ChromeDriver: chrome on WINDOWS (1779389475f5b1b6a39a0869e4513b02)] -> xpath: //button[contains(text(),'Logout')]]
verify tab[[ChromeDriver: chrome on WINDOWS (1779389475f5b1b6a39a0869e4513b02)] -> xpath: //button[contains(text(),'Logout')]]
verify tab[[ChromeDriver: chrome on WINDOWS (1779389475f5b1b6a39a0869e4513b02)] -> xpath: //button[contains(text(),'Logout')]]
verify tab[[ChromeDriver: chrome on WINDOWS (1779389475f5b1b6a39a0869e4513b02)] -> xpath: //button[contains(text(),'Logout')]]
verify tab[[ChromeDriver: chrome on WINDOWS (1779389475f5b1b6a39a0869e4513b02)] -> xpath: //button[contains(text(),'Logout')]]
verify tab[[ChromeDriver: chrome on WINDOWS (1779389475f5b1b6a39a0869e4513b02)] -> xpath: //button[contains(text(),'Logout')]]
verify tab[[ChromeDriver: chrome on WINDOWS (1779389475f5b1b6a39a0869e4513b02)] -> xpath: //button[contains(text(),'Logout')]]
verify tab[[ChromeDriver: chrome on WINDOWS (1779389475f5b1b6a39a0869e4513b02)] -> xpath: //button[contains(text(),'Logout')]]
verify tab[[ChromeDriver: chrome on WINDOWS (1779389475f5b1b6a39a0869e4513b02)] -> xpath: //button[contains(text(),'Logout')]]
verify tab[[ChromeDriver: chrome on WINDOWS (1779389475f5b1b6a39a0869e4513b02)] -> xpath: //button[contains(text(),'Logout')]]
verify tab[[ChromeDriver: chrome on WINDOWS (1779389475f5b1b6a39a0869e4513b02)] -> xpath: //button[contains(text(),'Logout')]]
verify tab[[ChromeDriver: chrome on WINDOWS (1779389475f5b1b6a39a0869e4513b02)] -> xpath: //button[contains(text(),'Logout')]]
verify tab[[ChromeDriver: chrome on WINDOWS (1779389475f5b1b6a39a0869e4513b02)] -> xpath: //button[contains(text(),'Logout')]]
verify tab[[ChromeDriver: chrome on WINDOWS (1779389475f5b1b6a39a0869e4513b02)] -> xpath: //button[contains(text(),'Logout')]]
verify tab[[ChromeDriver: chrome on WINDOWS (1779389475f5b1b6a39a0869e4513b02)] -> xpath: //button[contains(text(),'Logout')]]
verify tab[[ChromeDriver: chrome on WINDOWS (1779389475f5b1b6a39a0869e4513b02)] -> xpath: //button[contains(text(),'Logout')]]
verify tab[[ChromeDriver: chrome on WINDOWS (1779389475f5b1b6a39a0869e4513b02)] -> xpath: //button[contains(text(),'Logout')]]
verify tab[[ChromeDriver: chrome on WINDOWS (1779389475f5b1b6a39a0869e4513b02)] -> xpath: //button[contains(text(),'Logout')]]
verify tab[[ChromeDriver: chrome on WINDOWS (1779389475f5b1b6a39a0869e4513b02)] -> xpath: //button[contains(text(),'Logout')]]
verify tab[[ChromeDriver: chrome on WINDOWS (1779389475f5b1b6a39a0869e4513b02)] -> xpath: //button[contains(text(),'Logout')]]
verify tab[[ChromeDriver: chrome on WINDOWS (1779389475f5b1b6a39a0869e4513b02)] -> xpath: //button[contains(text(),'Logout')]]
verify tab[[ChromeDriver: chrome on WINDOWS (1779389475f5b1b6a39a0869e4513b02)] -> xpath: //button[contains(text(),'Logout')]]
verify tab[[ChromeDriver: chrome on WINDOWS (1779389475f5b1b6a39a0869e4513b02)] -> xpath: //button[contains(text(),'Logout')]]
verify tab[[ChromeDriver: chrome on WINDOWS (1779389475f5b1b6a39a0869e4513b02)] -> xpath: //button[contains(text(),'Logout')]]
verify tab[[ChromeDriver: chrome on WINDOWS (1779389475f5b1b6a39a0869e4513b02)] -> xpath: //button[contains(text(),'Logout')]]
verify tab[[ChromeDriver: chrome on WINDOWS (1779389475f5b1b6a39a0869e4513b02)] -> xpath: //button[contains(text(),'Logout')]]
verify tab[[ChromeDriver: chrome on WINDOWS (1779389475f5b1b6a39a0869e4513b02)] -> xpath: //button[contains(text(),'Logout')]]
verify tab[[ChromeDriver: chrome on WINDOWS (1779389475f5b1b6a39a0869e4513b02)] -> xpath: //button[contains(text(),'Logout')]]
verify tab[[ChromeDriver: chrome on WINDOWS (1779389475f5b1b6a39a0869e4513b02)] -> xpath: //button[contains(text(),'Logout')]]
verify tab[[ChromeDriver: chrome on WINDOWS (1779389475f5b1b6a39a0869e4513b02)] -> xpath: //button[contains(text(),'Logout')]]
verify tab[[ChromeDriver: chrome on WINDOWS (1779389475f5b1b6a39a0869e4513b02)] -> xpath: //button[contains(text(),'Logout')]]
verify tab[[ChromeDriver: chrome on WINDOWS (1779389475f5b1b6a39a0869e4513b02)] -> xpath: //button[contains(text(),'Logout')]]
verify tab[[ChromeDriver: chrome on WINDOWS (1779389475f5b1b6a39a0869e4513b02)] -> xpath: //button[contains(text(),'Logout')]]
verify tab[[ChromeDriver: chrome on WINDOWS (1779389475f5b1b6a39a0869e4513b02)] -> xpath: //button[contains(text(),'Logout')]]
verify tab[[ChromeDriver: chrome on WINDOWS (1779389475f5b1b6a39a0869e4513b02)] -> xpath: //button[contains(text(),'Logout')]]
verify tab[[ChromeDriver: chrome on WINDOWS (1779389475f5b1b6a39a0869e4513b02)] -> xpath: //button[contains(text(),'Logout')]]
verify tab[[ChromeDriver: chrome on WINDOWS (1779389475f5b1b6a39a0869e4513b02)] -> xpath: //button[contains(text(),'Logout')]]
verify tab[[ChromeDriver: chrome on WINDOWS (1779389475f5b1b6a39a0869e4513b02)] -> xpath: //button[contains(text(),'Logout')]]
verify tab[[ChromeDriver: chrome on WINDOWS (1779389475f5b1b6a39a0869e4513b02)] -> xpath: //button[contains(text(),'Logout')]]
verify tab[[ChromeDriver: chrome on WINDOWS (1779389475f5b1b6a39a0869e4513b02)] -> xpath: //button[contains(text(),'Logout')]]
verify tab[[ChromeDriver: chrome on WINDOWS (1779389475f5b1b6a39a0869e4513b02)] -> xpath: //button[contains(text(),'Logout')]]
verify tab[[ChromeDriver: chrome on WINDOWS (1779389475f5b1b6a39a0869e4513b02)] -> xpath: //button[contains(text(),'Logout')]]
verify tab[[ChromeDriver: chrome on WINDOWS (1779389475f5b1b6a39a0869e4513b02)] -> xpath: //button[contains(text(),'Logout')]]
verify tab[[ChromeDriver: chrome on WINDOWS (1779389475f5b1b6a39a0869e4513b02)] -> xpath: //button[contains(text(),'Logout')]]
verify tab[[ChromeDriver: chrome on WINDOWS (1779389475f5b1b6a39a0869e4513b02)] -> xpath: //button[contains(text(),'Logout')]]
verify tab[[ChromeDriver: chrome on WINDOWS (1779389475f5b1b6a39a0869e4513b02)] -> xpath: //button[contains(text(),'Logout')]]
verify tab[[ChromeDriver: chrome on WINDOWS (1779389475f5b1b6a39a0869e4513b02)] -> xpath: //button[contains(text(),'Logout')]]
verify tab[[ChromeDriver: chrome on WINDOWS (1779389475f5b1b6a39a0869e4513b02)] -> xpath: //button[contains(text(),'Logout')]]
verify tab[[ChromeDriver: chrome on WINDOWS (1779389475f5b1b6a39a0869e4513b02)] -> xpath: //button[contains(text(),'Logout')]]
verify tab[[ChromeDriver: chrome on WINDOWS (1779389475f5b1b6a39a0869e4513b02)] -> xpath: //button[contains(text(),'Logout')]]
verify tab[[ChromeDriver: chrome on WINDOWS (1779389475f5b1b6a39a0869e4513b02)] -> xpath: //button[contains(text(),'Logout')]]
verify tab[[ChromeDriver: chrome on WINDOWS (1779389475f5b1b6a39a0869e4513b02)] -> xpath: //button[contains(text(),'Logout')]]
verify tab[[ChromeDriver: chrome on WINDOWS (1779389475f5b1b6a39a0869e4513b02)] -> xpath: //button[contains(text(),'Logout')]]
verify tab[[ChromeDriver: chrome on WINDOWS (1779389475f5b1b6a39a0869e4513b02)] -> xpath: //button[contains(text(),'Logout')]]
verify tab[[ChromeDriver: chrome on WINDOWS (1779389475f5b1b6a39a0869e4513b02)] -> xpath: //button[contains(text(),'Logout')]]
verify tab[[ChromeDriver: chrome on WINDOWS (1779389475f5b1b6a39a0869e4513b02)] -> xpath: //button[contains(text(),'Logout')]]
verify tab[[ChromeDriver: chrome on WINDOWS (1779389475f5b1b6a39a0869e4513b02)] -> xpath: //button[contains(text(),'Logout')]]
verify tab[[ChromeDriver: chrome on WINDOWS (1779389475f5b1b6a39a0869e4513b02)] -> xpath: //button[contains(text(),'Logout')]]
verify tab[[ChromeDriver: chrome on WINDOWS (1779389475f5b1b6a39a0869e4513b02)] -> xpath: //button[contains(text(),'Logout')]]
verify tab[[ChromeDriver: chrome on WINDOWS (1779389475f5b1b6a39a0869e4513b02)] -> xpath: //button[contains(text(),'Logout')]]
verify tab[[ChromeDriver: chrome on WINDOWS (1779389475f5b1b6a39a0869e4513b02)] -> xpath: //button[contains(text(),'Logout')]]
verify tab[[ChromeDriver: chrome on WINDOWS (1779389475f5b1b6a39a0869e4513b02)] -> xpath: //button[contains(text(),'Logout')]]
verify tab[[ChromeDriver: chrome on WINDOWS (1779389475f5b1b6a39a0869e4513b02)] -> xpath: //button[contains(text(),'Logout')]]
verify tab[[ChromeDriver: chrome on WINDOWS (1779389475f5b1b6a39a0869e4513b02)] -> xpath: //button[contains(text(),'Logout')]]
verify tab[[ChromeDriver: chrome on WINDOWS (1779389475f5b1b6a39a0869e4513b02)] -> xpath: //button[contains(text(),'Logout')]]
verify tab[[ChromeDriver: chrome on WINDOWS (1779389475f5b1b6a39a0869e4513b02)] -> xpath: //button[contains(text(),'Logout')]]
verify tab[[ChromeDriver: chrome on WINDOWS (1779389475f5b1b6a39a0869e4513b02)] -> xpath: //button[contains(text(),'Logout')]]
verify tab[[ChromeDriver: chrome on WINDOWS (1779389475f5b1b6a39a0869e4513b02)] -> xpath: //button[contains(text(),'Logout')]]
verify tab[[ChromeDriver: chrome on WINDOWS (1779389475f5b1b6a39a0869e4513b02)] -> xpath: //button[contains(text(),'Logout')]]
verify tab[[ChromeDriver: chrome on WINDOWS (1779389475f5b1b6a39a0869e4513b02)] -> xpath: //button[contains(text(),'Logout')]]
verify tab[[ChromeDriver: chrome on WINDOWS (1779389475f5b1b6a39a0869e4513b02)] -> xpath: //button[contains(text(),'Logout')]]
verify tab[[ChromeDriver: chrome on WINDOWS (1779389475f5b1b6a39a0869e4513b02)] -> xpath: //button[contains(text(),'Logout')]]
verify tab[[ChromeDriver: chrome on WINDOWS (1779389475f5b1b6a39a0869e4513b02)] -> xpath: //button[contains(text(),'Logout')]]
verify tab[[ChromeDriver: chrome on WINDOWS (1779389475f5b1b6a39a0869e4513b02)] -> xpath: //button[contains(text(),'Logout')]]
verify tab[[ChromeDriver: chrome on WINDOWS (1779389475f5b1b6a39a0869e4513b02)] -> xpath: //button[contains(text(),'Logout')]]
verify tab[[ChromeDriver: chrome on WINDOWS (1779389475f5b1b6a39a0869e4513b02)] -> xpath: //button[contains(text(),'Logout')]]
verify tab[[ChromeDriver: chrome on WINDOWS (1779389475f5b1b6a39a0869e4513b02)] -> xpath: //button[contains(text(),'Logout')]]
verify tab[[ChromeDriver: chrome on WINDOWS (1779389475f5b1b6a39a0869e4513b02)] -> xpath: //button[contains(text(),'Logout')]]
verify tab[[ChromeDriver: chrome on WINDOWS (1779389475f5b1b6a39a0869e4513b02)] -> xpath: //button[contains(text(),'Logout')]]
verify tab[[ChromeDriver: chrome on WINDOWS (1779389475f5b1b6a39a0869e4513b02)] -> xpath: //button[contains(text(),'Logout')]]
verify tab[[ChromeDriver: chrome on WINDOWS (1779389475f5b1b6a39a0869e4513b02)] -> xpath: //button[contains(text(),'Logout')]]
verify tab[[ChromeDriver: chrome on WINDOWS (1779389475f5b1b6a39a0869e4513b02)] -> xpath: //button[contains(text(),'Logout')]]
verify tab[[ChromeDriver: chrome on WINDOWS (1779389475f5b1b6a39a0869e4513b02)] -> xpath: //button[contains(text(),'Logout')]]
verify tab[[ChromeDriver: chrome on WINDOWS (1779389475f5b1b6a39a0869e4513b02)] -> xpath: //button[contains(text(),'Logout')]]
verify tab[[ChromeDriver: chrome on WINDOWS (1779389475f5b1b6a39a0869e4513b02)] -> xpath: //button[contains(text(),'Logout')]]
verify tab[[ChromeDriver: chrome on WINDOWS (1779389475f5b1b6a39a0869e4513b02)] -> xpath: //button[contains(text(),'Logout')]]
verify tab[[ChromeDriver: chrome on WINDOWS (1779389475f5b1b6a39a0869e4513b02)] -> xpath: //button[contains(text(),'Logout')]]
verify tab[[ChromeDriver: chrome on WINDOWS (1779389475f5b1b6a39a0869e4513b02)] -> xpath: //button[contains(text(),'Logout')]]
verify tab[[ChromeDriver: chrome on WINDOWS (1779389475f5b1b6a39a0869e4513b02)] -> xpath: //button[contains(text(),'Logout')]]
verify tab[[ChromeDriver: chrome on WINDOWS (1779389475f5b1b6a39a0869e4513b02)] -> xpath: //button[contains(text(),'Logout')]]
verify tab[[ChromeDriver: chrome on WINDOWS (1779389475f5b1b6a39a0869e4513b02)] -> xpath: //button[contains(text(),'Logout')]]
verify tab[[ChromeDriver: chrome on WINDOWS (1779389475f5b1b6a39a0869e4513b02)] -> xpath: //button[contains(text(),'Logout')]]
verify tab[[ChromeDriver: chrome on WINDOWS (1779389475f5b1b6a39a0869e4513b02)] -> xpath: //button[contains(text(),'Logout')]]
verify tab[[ChromeDriver: chrome on WINDOWS (1779389475f5b1b6a39a0869e4513b02)] -> xpath: //button[contains(text(),'Logout')]]
verify tab[[ChromeDriver: chrome on WINDOWS (1779389475f5b1b6a39a0869e4513b02)] -> xpath: //button[contains(text(),'Logout')]]
verify tab[[ChromeDriver: chrome on WINDOWS (1779389475f5b1b6a39a0869e4513b02)] -> xpath: //button[contains(text(),'Logout')]]
verify tab[[ChromeDriver: chrome on WINDOWS (1779389475f5b1b6a39a0869e4513b02)] -> xpath: //button[contains(text(),'Logout')]]
verify tab[[ChromeDriver: chrome on WINDOWS (1779389475f5b1b6a39a0869e4513b02)] -> xpath: //button[contains(text(),'Logout')]]
verify tab[[ChromeDriver: chrome on WINDOWS (1779389475f5b1b6a39a0869e4513b02)] -> xpath: //button[contains(text(),'Logout')]]
verify tab[[ChromeDriver: chrome on WINDOWS (1779389475f5b1b6a39a0869e4513b02)] -> xpath: //button[contains(text(),'Logout')]]
verify tab[[ChromeDriver: chrome on WINDOWS (1779389475f5b1b6a39a0869e4513b02)] -> xpath: //button[contains(text(),'Logout')]]
verify tab[[ChromeDriver: chrome on WINDOWS (1779389475f5b1b6a39a0869e4513b02)] -> xpath: //button[contains(text(),'Logout')]]
verify tab[[ChromeDriver: chrome on WINDOWS (1779389475f5b1b6a39a0869e4513b02)] -> xpath: //button[contains(text(),'Logout')]]
verify tab[[ChromeDriver: chrome on WINDOWS (1779389475f5b1b6a39a0869e4513b02)] -> xpath: //button[contains(text(),'Logout')]]
verify tab[[ChromeDriver: chrome on WINDOWS (1779389475f5b1b6a39a0869e4513b02)] -> xpath: //button[contains(text(),'Logout')]]
verify tab[[ChromeDriver: chrome on WINDOWS (1779389475f5b1b6a39a0869e4513b02)] -> xpath: //button[contains(text(),'Logout')]]
verify tab[[ChromeDriver: chrome on WINDOWS (1779389475f5b1b6a39a0869e4513b02)] -> xpath: //button[contains(text(),'Logout')]]
verify tab[[ChromeDriver: chrome on WINDOWS (1779389475f5b1b6a39a0869e4513b02)] -> xpath: //button[contains(text(),'Logout')]]
verify tab[[ChromeDriver: chrome on WINDOWS (1779389475f5b1b6a39a0869e4513b02)] -> xpath: //button[contains(text(),'Logout')]]
verify tab[[ChromeDriver: chrome on WINDOWS (1779389475f5b1b6a39a0869e4513b02)] -> xpath: //button[contains(text(),'Logout')]]
verify tab[[ChromeDriver: chrome on WINDOWS (1779389475f5b1b6a39a0869e4513b02)] -> xpath: //button[contains(text(),'Logout')]]
verify tab[[ChromeDriver: chrome on WINDOWS (1779389475f5b1b6a39a0869e4513b02)] -> xpath: //button[contains(text(),'Logout')]]
verify tab[[ChromeDriver: chrome on WINDOWS (1779389475f5b1b6a39a0869e4513b02)] -> xpath: //button[contains(text(),'Logout')]]
verify tab[[ChromeDriver: chrome on WINDOWS (1779389475f5b1b6a39a0869e4513b02)] -> xpath: //button[contains(text(),'Logout')]]
verify tab[[ChromeDriver: chrome on WINDOWS (1779389475f5b1b6a39a0869e4513b02)] -> xpath: //button[contains(text(),'Logout')]]
verify tab[[ChromeDriver: chrome on WINDOWS (1779389475f5b1b6a39a0869e4513b02)] -> xpath: //button[contains(text(),'Logout')]]
verify tab[[ChromeDriver: chrome on WINDOWS (1779389475f5b1b6a39a0869e4513b02)] -> xpath: //button[contains(text(),'Logout')]]
verify tab[[ChromeDriver: chrome on WINDOWS (1779389475f5b1b6a39a0869e4513b02)] -> xpath: //button[contains(text(),'Logout')]]
verify tab[[ChromeDriver: chrome on WINDOWS (1779389475f5b1b6a39a0869e4513b02)] -> xpath: //button[contains(text(),'Logout')]]
verify tab[[ChromeDriver: chrome on WINDOWS (1779389475f5b1b6a39a0869e4513b02)] -> xpath: //button[contains(text(),'Logout')]]
verify tab[[ChromeDriver: chrome on WINDOWS (1779389475f5b1b6a39a0869e4513b02)] -> xpath: //button[contains(text(),'Logout')]]
verify tab[[ChromeDriver: chrome on WINDOWS (1779389475f5b1b6a39a0869e4513b02)] -> xpath: //button[contains(text(),'Logout')]]
verify tab[[ChromeDriver: chrome on WINDOWS (1779389475f5b1b6a39a0869e4513b02)] -> xpath: //button[contains(text(),'Logout')]]
verify tab[[ChromeDriver: chrome on WINDOWS (1779389475f5b1b6a39a0869e4513b02)] -> xpath: //button[contains(text(),'Logout')]]
verify tab[[ChromeDriver: chrome on WINDOWS (1779389475f5b1b6a39a0869e4513b02)] -> xpath: //button[contains(text(),'Logout')]]
verify tab[[ChromeDriver: chrome on WINDOWS (1779389475f5b1b6a39a0869e4513b02)] -> xpath: //button[contains(text(),'Logout')]]
verify tab[[ChromeDriver: chrome on WINDOWS (1779389475f5b1b6a39a0869e4513b02)] -> xpath: //button[contains(text(),'Logout')]]
verify tab[[ChromeDriver: chrome on WINDOWS (1779389475f5b1b6a39a0869e4513b02)] -> xpath: //button[contains(text(),'Logout')]]
verify tab[[ChromeDriver: chrome on WINDOWS (1779389475f5b1b6a39a0869e4513b02)] -> xpath: //button[contains(text(),'Logout')]]
verify tab[[ChromeDriver: chrome on WINDOWS (1779389475f5b1b6a39a0869e4513b02)] -> xpath: //button[contains(text(),'Logout')]]
verify tab[[ChromeDriver: chrome on WINDOWS (1779389475f5b1b6a39a0869e4513b02)] -> xpath: //button[contains(text(),'Logout')]]
verify tab[[ChromeDriver: chrome on WINDOWS (1779389475f5b1b6a39a0869e4513b02)] -> xpath: //button[contains(text(),'Logout')]]
verify tab[[ChromeDriver: chrome on WINDOWS (1779389475f5b1b6a39a0869e4513b02)] -> xpath: //button[contains(text(),'Logout')]]
verify tab[[ChromeDriver: chrome on WINDOWS (1779389475f5b1b6a39a0869e4513b02)] -> xpath: //button[contains(text(),'Logout')]]
verify tab[[ChromeDriver: chrome on WINDOWS (1779389475f5b1b6a39a0869e4513b02)] -> xpath: //button[contains(text(),'Logout')]]
verify tab[[ChromeDriver: chrome on WINDOWS (1779389475f5b1b6a39a0869e4513b02)] -> xpath: //button[contains(text(),'Logout')]]
verify tab[[ChromeDriver: chrome on WINDOWS (1779389475f5b1b6a39a0869e4513b02)] -> xpath: //button[contains(text(),'Logout')]]
verify tab[[ChromeDriver: chrome on WINDOWS (1779389475f5b1b6a39a0869e4513b02)] -> xpath: //button[contains(text(),'Logout')]]
verify tab[[ChromeDriver: chrome on WINDOWS (1779389475f5b1b6a39a0869e4513b02)] -> xpath: //button[contains(text(),'Logout')]]
verify tab[[ChromeDriver: chrome on WINDOWS (1779389475f5b1b6a39a0869e4513b02)] -> xpath: //button[contains(text(),'Logout')]]
verify tab[[ChromeDriver: chrome on WINDOWS (1779389475f5b1b6a39a0869e4513b02)] -> xpath: //button[contains(text(),'Logout')]]
verify tab[[ChromeDriver: chrome on WINDOWS (1779389475f5b1b6a39a0869e4513b02)] -> xpath: //button[contains(text(),'Logout')]]
verify tab[[ChromeDriver: chrome on WINDOWS (1779389475f5b1b6a39a0869e4513b02)] -> xpath: //button[contains(text(),'Logout')]]
verify tab[[ChromeDriver: chrome on WINDOWS (1779389475f5b1b6a39a0869e4513b02)] -> xpath: //button[contains(text(),'Logout')]]
verify tab[[ChromeDriver: chrome on WINDOWS (1779389475f5b1b6a39a0869e4513b02)] -> xpath: //button[contains(text(),'Logout')]]
verify tab[[ChromeDriver: chrome on WINDOWS (1779389475f5b1b6a39a0869e4513b02)] -> xpath: //button[contains(text(),'Logout')]]
verify tab[[ChromeDriver: chrome on WINDOWS (1779389475f5b1b6a39a0869e4513b02)] -> xpath: //button[contains(text(),'Logout')]]
verify tab[[ChromeDriver: chrome on WINDOWS (1779389475f5b1b6a39a0869e4513b02)] -> xpath: //button[contains(text(),'Logout')]]
verify tab[[ChromeDriver: chrome on WINDOWS (1779389475f5b1b6a39a0869e4513b02)] -> xpath: //button[contains(text(),'Logout')]]
verify tab[[ChromeDriver: chrome on WINDOWS (1779389475f5b1b6a39a0869e4513b02)] -> xpath: //button[contains(text(),'Logout')]]
verify tab[[ChromeDriver: chrome on WINDOWS (1779389475f5b1b6a39a0869e4513b02)] -> xpath: //button[contains(text(),'Logout')]]
verify tab[[ChromeDriver: chrome on WINDOWS (1779389475f5b1b6a39a0869e4513b02)] -> xpath: //button[contains(text(),'Logout')]]
verify tab[[ChromeDriver: chrome on WINDOWS (1779389475f5b1b6a39a0869e4513b02)] -> xpath: //button[contains(text(),'Logout')]]
verify tab[[ChromeDriver: chrome on WINDOWS (1779389475f5b1b6a39a0869e4513b02)] -> xpath: //button[contains(text(),'Logout')]]
verify tab[[ChromeDriver: chrome on WINDOWS (1779389475f5b1b6a39a0869e4513b02)] -> xpath: //button[contains(text(),'Logout')]]
verify tab[[ChromeDriver: chrome on WINDOWS (1779389475f5b1b6a39a0869e4513b02)] -> xpath: //button[contains(text(),'Logout')]]
verify tab[[ChromeDriver: chrome on WINDOWS (1779389475f5b1b6a39a0869e4513b02)] -> xpath: //button[contains(text(),'Logout')]]
verify tab[[ChromeDriver: chrome on WINDOWS (1779389475f5b1b6a39a0869e4513b02)] -> xpath: //button[contains(text(),'Logout')]]
verify tab[[ChromeDriver: chrome on WINDOWS (1779389475f5b1b6a39a0869e4513b02)] -> xpath: //button[contains(text(),'Logout')]]
verify tab[[ChromeDriver: chrome on WINDOWS (1779389475f5b1b6a39a0869e4513b02)] -> xpath: //button[contains(text(),'Logout')]]
verify tab[[ChromeDriver: chrome on WINDOWS (1779389475f5b1b6a39a0869e4513b02)] -> xpath: //button[contains(text(),'Logout')]]
verify tab[[ChromeDriver: chrome on WINDOWS (1779389475f5b1b6a39a0869e4513b02)] -> xpath: //button[contains(text(),'Logout')]]
verify tab[[ChromeDriver: chrome on WINDOWS (1779389475f5b1b6a39a0869e4513b02)] -> xpath: //button[contains(text(),'Logout')]]
verify tab[[ChromeDriver: chrome on WINDOWS (1779389475f5b1b6a39a0869e4513b02)] -> xpath: //button[contains(text(),'Logout')]]
verify tab[[ChromeDriver: chrome on WINDOWS (1779389475f5b1b6a39a0869e4513b02)] -> xpath: //button[contains(text(),'Logout')]]
verify tab[[ChromeDriver: chrome on WINDOWS (1779389475f5b1b6a39a0869e4513b02)] -> xpath: //button[contains(text(),'Logout')]]
verify tab[[ChromeDriver: chrome on WINDOWS (1779389475f5b1b6a39a0869e4513b02)] -> xpath: //button[contains(text(),'Logout')]]
verify tab[[ChromeDriver: chrome on WINDOWS (1779389475f5b1b6a39a0869e4513b02)] -> xpath: //button[contains(text(),'Logout')]]
verify tab[[ChromeDriver: chrome on WINDOWS (1779389475f5b1b6a39a0869e4513b02)] -> xpath: //button[contains(text(),'Logout')]]
verify tab[[ChromeDriver: chrome on WINDOWS (1779389475f5b1b6a39a0869e4513b02)] -> xpath: //button[contains(text(),'Logout')]]
verify tab[[ChromeDriver: chrome on WINDOWS (1779389475f5b1b6a39a0869e4513b02)] -> xpath: //button[contains(text(),'Logout')]]
verify tab[[ChromeDriver: chrome on WINDOWS (1779389475f5b1b6a39a0869e4513b02)] -> xpath: //button[contains(text(),'Logout')]]
verify tab[[ChromeDriver: chrome on WINDOWS (1779389475f5b1b6a39a0869e4513b02)] -> xpath: //button[contains(text(),'Logout')]]
verify tab[[ChromeDriver: chrome on WINDOWS (1779389475f5b1b6a39a0869e4513b02)] -> xpath: //button[contains(text(),'Logout')]]
verify tab[[ChromeDriver: chrome on WINDOWS (1779389475f5b1b6a39a0869e4513b02)] -> xpath: //button[contains(text(),'Logout')]]
verify tab[[ChromeDriver: chrome on WINDOWS (1779389475f5b1b6a39a0869e4513b02)] -> xpath: //button[contains(text(),'Logout')]]
verify tab[[ChromeDriver: chrome on WINDOWS (1779389475f5b1b6a39a0869e4513b02)] -> xpath: //button[contains(text(),'Logout')]]
verify tab[[ChromeDriver: chrome on WINDOWS (1779389475f5b1b6a39a0869e4513b02)] -> xpath: //button[contains(text(),'Logout')]]
verify tab[[ChromeDriver: chrome on WINDOWS (1779389475f5b1b6a39a0869e4513b02)] -> xpath: //button[contains(text(),'Logout')]]
verify tab[[ChromeDriver: chrome on WINDOWS (1779389475f5b1b6a39a0869e4513b02)] -> xpath: //button[contains(text(),'Logout')]]
verify tab[[ChromeDriver: chrome on WINDOWS (1779389475f5b1b6a39a0869e4513b02)] -> xpath: //button[contains(text(),'Logout')]]
verify tab[[ChromeDriver: chrome on WINDOWS (1779389475f5b1b6a39a0869e4513b02)] -> xpath: //button[contains(text(),'Logout')]]
verify tab[[ChromeDriver: chrome on WINDOWS (1779389475f5b1b6a39a0869e4513b02)] -> xpath: //button[contains(text(),'Logout')]]
verify tab[[ChromeDriver: chrome on WINDOWS (1779389475f5b1b6a39a0869e4513b02)] -> xpath: //button[contains(text(),'Logout')]]
verify tab[[ChromeDriver: chrome on WINDOWS (1779389475f5b1b6a39a0869e4513b02)] -> xpath: //button[contains(text(),'Logout')]]
verify tab[[ChromeDriver: chrome on WINDOWS (1779389475f5b1b6a39a0869e4513b02)] -> xpath: //button[contains(text(),'Logout')]]
verify tab[[ChromeDriver: chrome on WINDOWS (1779389475f5b1b6a39a0869e4513b02)] -> xpath: //button[contains(text(),'Logout')]]
verify tab[[ChromeDriver: chrome on WINDOWS (1779389475f5b1b6a39a0869e4513b02)] -> xpath: //button[contains(text(),'Logout')]]
verify tab[[ChromeDriver: chrome on WINDOWS (1779389475f5b1b6a39a0869e4513b02)] -> xpath: //button[contains(text(),'Logout')]]
verify tab[[ChromeDriver: chrome on WINDOWS (1779389475f5b1b6a39a0869e4513b02)] -> xpath: //button[contains(text(),'Logout')]]
verify tab[[ChromeDriver: chrome on WINDOWS (1779389475f5b1b6a39a0869e4513b02)] -> xpath: //button[contains(text(),'Logout')]]
verify tab[[ChromeDriver: chrome on WINDOWS (1779389475f5b1b6a39a0869e4513b02)] -> xpath: //button[contains(text(),'Logout')]]
verify tab[[ChromeDriver: chrome on WINDOWS (1779389475f5b1b6a39a0869e4513b02)] -> xpath: //button[contains(text(),'Logout')]]
verify tab[[ChromeDriver: chrome on WINDOWS (1779389475f5b1b6a39a0869e4513b02)] -> xpath: //button[contains(text(),'Logout')]]
verify tab[[ChromeDriver: chrome on WINDOWS (1779389475f5b1b6a39a0869e4513b02)] -> xpath: //button[contains(text(),'Logout')]]
verify tab[[ChromeDriver: chrome on WINDOWS (1779389475f5b1b6a39a0869e4513b02)] -> xpath: //button[contains(text(),'Logout')]]
verify tab[[ChromeDriver: chrome on WINDOWS (1779389475f5b1b6a39a0869e4513b02)] -> xpath: //button[contains(text(),'Logout')]]
verify tab[[ChromeDriver: chrome on WINDOWS (1779389475f5b1b6a39a0869e4513b02)] -> xpath: //button[contains(text(),'Logout')]]
verify tab[[ChromeDriver: chrome on WINDOWS (1779389475f5b1b6a39a0869e4513b02)] -> xpath: //button[contains(text(),'Logout')]]
verify tab[[ChromeDriver: chrome on WINDOWS (1779389475f5b1b6a39a0869e4513b02)] -> xpath: //button[contains(text(),'Logout')]]
verify tab[[ChromeDriver: chrome on WINDOWS (1779389475f5b1b6a39a0869e4513b02)] -> xpath: //button[contains(text(),'Logout')]]
verify tab[[ChromeDriver: chrome on WINDOWS (1779389475f5b1b6a39a0869e4513b02)] -> xpath: //button[contains(text(),'Logout')]]
verify tab[[ChromeDriver: chrome on WINDOWS (1779389475f5b1b6a39a0869e4513b02)] -> xpath: //button[contains(text(),'Logout')]]
verify tab[[ChromeDriver: chrome on WINDOWS (1779389475f5b1b6a39a0869e4513b02)] -> xpath: //button[contains(text(),'Logout')]]
verify tab[[ChromeDriver: chrome on WINDOWS (1779389475f5b1b6a39a0869e4513b02)] -> xpath: //button[contains(text(),'Logout')]]
verify tab[[ChromeDriver: chrome on WINDOWS (1779389475f5b1b6a39a0869e4513b02)] -> xpath: //button[contains(text(),'Logout')]]
verify tab[[ChromeDriver: chrome on WINDOWS (1779389475f5b1b6a39a0869e4513b02)] -> xpath: //button[contains(text(),'Logout')]]
verify tab[[ChromeDriver: chrome on WINDOWS (1779389475f5b1b6a39a0869e4513b02)] -> xpath: //button[contains(text(),'Logout')]]
verify tab[[ChromeDriver: chrome on WINDOWS (1779389475f5b1b6a39a0869e4513b02)] -> xpath: //button[contains(text(),'Logout')]]
verify tab[[ChromeDriver: chrome on WINDOWS (1779389475f5b1b6a39a0869e4513b02)] -> xpath: //button[contains(text(),'Logout')]]
verify tab[[ChromeDriver: chrome on WINDOWS (1779389475f5b1b6a39a0869e4513b02)] -> xpath: //button[contains(text(),'Logout')]]
verify tab[[ChromeDriver: chrome on WINDOWS (1779389475f5b1b6a39a0869e4513b02)] -> xpath: //button[contains(text(),'Logout')]]
verify tab[[ChromeDriver: chrome on WINDOWS (1779389475f5b1b6a39a0869e4513b02)] -> xpath: //button[contains(text(),'Logout')]]
verify tab[[ChromeDriver: chrome on WINDOWS (1779389475f5b1b6a39a0869e4513b02)] -> xpath: //button[contains(text(),'Logout')]]
verify tab[[ChromeDriver: chrome on WINDOWS (1779389475f5b1b6a39a0869e4513b02)] -> xpath: //button[contains(text(),'Logout')]]
verify tab[[ChromeDriver: chrome on WINDOWS (1779389475f5b1b6a39a0869e4513b02)] -> xpath: //button[contains(text(),'Logout')]]
verify tab[[ChromeDriver: chrome on WINDOWS (1779389475f5b1b6a39a0869e4513b02)] -> xpath: //button[contains(text(),'Logout')]]
verify tab[[ChromeDriver: chrome on WINDOWS (1779389475f5b1b6a39a0869e4513b02)] -> xpath: //button[contains(text(),'Logout')]]
verify tab[[ChromeDriver: chrome on WINDOWS (1779389475f5b1b6a39a0869e4513b02)] -> xpath: //button[contains(text(),'Logout')]]
verify tab[[ChromeDriver: chrome on WINDOWS (1779389475f5b1b6a39a0869e4513b02)] -> xpath: //button[contains(text(),'Logout')]]
verify tab[[ChromeDriver: chrome on WINDOWS (1779389475f5b1b6a39a0869e4513b02)] -> xpath: //button[contains(text(),'Logout')]]
verify tab[[ChromeDriver: chrome on WINDOWS (1779389475f5b1b6a39a0869e4513b02)] -> xpath: //button[contains(text(),'Logout')]]
verify tab[[ChromeDriver: chrome on WINDOWS (1779389475f5b1b6a39a0869e4513b02)] -> xpath: //button[contains(text(),'Logout')]]
verify tab[[ChromeDriver: chrome on WINDOWS (1779389475f5b1b6a39a0869e4513b02)] -> xpath: //button[contains(text(),'Logout')]]
verify tab[[ChromeDriver: chrome on WINDOWS (1779389475f5b1b6a39a0869e4513b02)] -> xpath: //button[contains(text(),'Logout')]]
verify tab[[ChromeDriver: chrome on WINDOWS (1779389475f5b1b6a39a0869e4513b02)] -> xpath: //button[contains(text(),'Logout')]]
verify tab[[ChromeDriver: chrome on WINDOWS (1779389475f5b1b6a39a0869e4513b02)] -> xpath: //button[contains(text(),'Logout')]]
verify tab[[ChromeDriver: chrome on WINDOWS (1779389475f5b1b6a39a0869e4513b02)] -> xpath: //button[contains(text(),'Logout')]]
verify tab[[ChromeDriver: chrome on WINDOWS (1779389475f5b1b6a39a0869e4513b02)] -> xpath: //button[contains(text(),'Logout')]]
verify tab[[ChromeDriver: chrome on WINDOWS (1779389475f5b1b6a39a0869e4513b02)] -> xpath: //button[contains(text(),'Logout')]]
verify tab[[ChromeDriver: chrome on WINDOWS (1779389475f5b1b6a39a0869e4513b02)] -> xpath: //button[contains(text(),'Logout')]]
verify tab[[ChromeDriver: chrome on WINDOWS (1779389475f5b1b6a39a0869e4513b02)] -> xpath: //button[contains(text(),'Logout')]]
verify tab[[ChromeDriver: chrome on WINDOWS (1779389475f5b1b6a39a0869e4513b02)] -> xpath: //button[contains(text(),'Logout')]]
verify tab[[ChromeDriver: chrome on WINDOWS (1779389475f5b1b6a39a0869e4513b02)] -> xpath: //button[contains(text(),'Logout')]]
verify tab[[ChromeDriver: chrome on WINDOWS (1779389475f5b1b6a39a0869e4513b02)] -> xpath: //button[contains(text(),'Logout')]]
verify tab[[ChromeDriver: chrome on WINDOWS (1779389475f5b1b6a39a0869e4513b02)] -> xpath: //button[contains(text(),'Logout')]]
verify tab[[ChromeDriver: chrome on WINDOWS (1779389475f5b1b6a39a0869e4513b02)] -> xpath: //button[contains(text(),'Logout')]]
verify tab[[ChromeDriver: chrome on WINDOWS (1779389475f5b1b6a39a0869e4513b02)] -> xpath: //button[contains(text(),'Logout')]]
verify tab[[ChromeDriver: chrome on WINDOWS (1779389475f5b1b6a39a0869e4513b02)] -> xpath: //button[contains(text(),'Logout')]]
verify tab[[ChromeDriver: chrome on WINDOWS (1779389475f5b1b6a39a0869e4513b02)] -> xpath: //button[contains(text(),'Logout')]]
verify tab[[ChromeDriver: chrome on WINDOWS (1779389475f5b1b6a39a0869e4513b02)] -> xpath: //button[contains(text(),'Logout')]]
verify tab[[ChromeDriver: chrome on WINDOWS (1779389475f5b1b6a39a0869e4513b02)] -> xpath: //button[contains(text(),'Logout')]]
verify tab[[ChromeDriver: chrome on WINDOWS (1779389475f5b1b6a39a0869e4513b02)] -> xpath: //button[contains(text(),'Logout')]]
verify tab[[ChromeDriver: chrome on WINDOWS (1779389475f5b1b6a39a0869e4513b02)] -> xpath: //button[contains(text(),'Logout')]]
verify tab[[ChromeDriver: chrome on WINDOWS (1779389475f5b1b6a39a0869e4513b02)] -> xpath: //button[contains(text(),'Logout')]]
verify tab[[ChromeDriver: chrome on WINDOWS (1779389475f5b1b6a39a0869e4513b02)] -> xpath: //button[contains(text(),'Logout')]]
verify tab[[ChromeDriver: chrome on WINDOWS (1779389475f5b1b6a39a0869e4513b02)] -> xpath: //button[contains(text(),'Logout')]]
verify tab[[ChromeDriver: chrome on WINDOWS (1779389475f5b1b6a39a0869e4513b02)] -> xpath: //button[contains(text(),'Logout')]]
verify tab[[ChromeDriver: chrome on WINDOWS (1779389475f5b1b6a39a0869e4513b02)] -> xpath: //button[contains(text(),'Logout')]]
verify tab[[ChromeDriver: chrome on WINDOWS (1779389475f5b1b6a39a0869e4513b02)] -> xpath: //button[contains(text(),'Logout')]]
verify tab[[ChromeDriver: chrome on WINDOWS (1779389475f5b1b6a39a0869e4513b02)] -> xpath: //button[contains(text(),'Logout')]]
verify tab[[ChromeDriver: chrome on WINDOWS (1779389475f5b1b6a39a0869e4513b02)] -> xpath: //button[contains(text(),'Logout')]]
verify tab[[ChromeDriver: chrome on WINDOWS (1779389475f5b1b6a39a0869e4513b02)] -> xpath: //button[contains(text(),'Logout')]]
verify tab[[ChromeDriver: chrome on WINDOWS (1779389475f5b1b6a39a0869e4513b02)] -> xpath: //button[contains(text(),'Logout')]]
verify tab[[ChromeDriver: chrome on WINDOWS (1779389475f5b1b6a39a0869e4513b02)] -> xpath: //button[contains(text(),'Logout')]]
verify tab[[ChromeDriver: chrome on WINDOWS (1779389475f5b1b6a39a0869e4513b02)] -> xpath: //button[contains(text(),'Logout')]]
verify tab[[ChromeDriver: chrome on WINDOWS (1779389475f5b1b6a39a0869e4513b02)] -> xpath: //button[contains(text(),'Logout')]]
verify tab[[ChromeDriver: chrome on WINDOWS (1779389475f5b1b6a39a0869e4513b02)] -> xpath: //button[contains(text(),'Logout')]]
verify tab[[ChromeDriver: chrome on WINDOWS (1779389475f5b1b6a39a0869e4513b02)] -> xpath: //button[contains(text(),'Logout')]]
verify tab[[ChromeDriver: chrome on WINDOWS (1779389475f5b1b6a39a0869e4513b02)] -> xpath: //button[contains(text(),'Logout')]]
verify tab[[ChromeDriver: chrome on WINDOWS (1779389475f5b1b6a39a0869e4513b02)] -> xpath: //button[contains(text(),'Logout')]]
verify tab[[ChromeDriver: chrome on WINDOWS (1779389475f5b1b6a39a0869e4513b02)] -> xpath: //button[contains(text(),'Logout')]]
verify tab[[ChromeDriver: chrome on WINDOWS (1779389475f5b1b6a39a0869e4513b02)] -> xpath: //button[contains(text(),'Logout')]]
verify tab[[ChromeDriver: chrome on WINDOWS (1779389475f5b1b6a39a0869e4513b02)] -> xpath: //button[contains(text(),'Logout')]]
verify tab[[ChromeDriver: chrome on WINDOWS (1779389475f5b1b6a39a0869e4513b02)] -> xpath: //button[contains(text(),'Logout')]]
verify tab[[ChromeDriver: chrome on WINDOWS (1779389475f5b1b6a39a0869e4513b02)] -> xpath: //button[contains(text(),'Logout')]]
verify tab[[ChromeDriver: chrome on WINDOWS (1779389475f5b1b6a39a0869e4513b02)] -> xpath: //button[contains(text(),'Logout')]]
verify tab[[ChromeDriver: chrome on WINDOWS (1779389475f5b1b6a39a0869e4513b02)] -> xpath: //button[contains(text(),'Logout')]]
verify tab[[ChromeDriver: chrome on WINDOWS (1779389475f5b1b6a39a0869e4513b02)] -> xpath: //button[contains(text(),'Logout')]]
verify tab[[ChromeDriver: chrome on WINDOWS (1779389475f5b1b6a39a0869e4513b02)] -> xpath: //button[contains(text(),'Logout')]]
verify tab[[ChromeDriver: chrome on WINDOWS (1779389475f5b1b6a39a0869e4513b02)] -> xpath: //button[contains(text(),'Logout')]]
verify tab[[ChromeDriver: chrome on WINDOWS (1779389475f5b1b6a39a0869e4513b02)] -> xpath: //button[contains(text(),'Logout')]]
verify tab[[ChromeDriver: chrome on WINDOWS (1779389475f5b1b6a39a0869e4513b02)] -> xpath: //button[contains(text(),'Logout')]]
verify tab[[ChromeDriver: chrome on WINDOWS (1779389475f5b1b6a39a0869e4513b02)] -> xpath: //button[contains(text(),'Logout')]]
verify tab[[ChromeDriver: chrome on WINDOWS (1779389475f5b1b6a39a0869e4513b02)] -> xpath: //button[contains(text(),'Logout')]]
verify tab[[ChromeDriver: chrome on WINDOWS (1779389475f5b1b6a39a0869e4513b02)] -> xpath: //button[contains(text(),'Logout')]]
verify tab[[ChromeDriver: chrome on WINDOWS (1779389475f5b1b6a39a0869e4513b02)] -> xpath: //button[contains(text(),'Logout')]]
verify tab[[ChromeDriver: chrome on WINDOWS (1779389475f5b1b6a39a0869e4513b02)] -> xpath: //button[contains(text(),'Logout')]]
verify tab[[ChromeDriver: chrome on WINDOWS (1779389475f5b1b6a39a0869e4513b02)] -> xpath: //button[contains(text(),'Logout')]]
verify tab[[ChromeDriver: chrome on WINDOWS (1779389475f5b1b6a39a0869e4513b02)] -> xpath: //button[contains(text(),'Logout')]]
verify tab[[ChromeDriver: chrome on WINDOWS (1779389475f5b1b6a39a0869e4513b02)] -> xpath: //button[contains(text(),'Logout')]]
verify tab[[ChromeDriver: chrome on WINDOWS (1779389475f5b1b6a39a0869e4513b02)] -> xpath: //button[contains(text(),'Logout')]]
verify tab[[ChromeDriver: chrome on WINDOWS (1779389475f5b1b6a39a0869e4513b02)] -> xpath: //button[contains(text(),'Logout')]]
verify tab[[ChromeDriver: chrome on WINDOWS (1779389475f5b1b6a39a0869e4513b02)] -> xpath: //button[contains(text(),'Logout')]]
verify tab[[ChromeDriver: chrome on WINDOWS (1779389475f5b1b6a39a0869e4513b02)] -> xpath: //button[contains(text(),'Logout')]]
verify tab[[ChromeDriver: chrome on WINDOWS (1779389475f5b1b6a39a0869e4513b02)] -> xpath: //button[contains(text(),'Logout')]]
verify tab[[ChromeDriver: chrome on WINDOWS (1779389475f5b1b6a39a0869e4513b02)] -> xpath: //button[contains(text(),'Logout')]]
verify tab[[ChromeDriver: chrome on WINDOWS (1779389475f5b1b6a39a0869e4513b02)] -> xpath: //button[contains(text(),'Logout')]]
verify tab[[ChromeDriver: chrome on WINDOWS (1779389475f5b1b6a39a0869e4513b02)] -> xpath: //button[contains(text(),'Logout')]]
verify tab[[ChromeDriver: chrome on WINDOWS (1779389475f5b1b6a39a0869e4513b02)] -> xpath: //button[contains(text(),'Logout')]]
verify tab[[ChromeDriver: chrome on WINDOWS (1779389475f5b1b6a39a0869e4513b02)] -> xpath: //button[contains(text(),'Logout')]]
verify tab[[ChromeDriver: chrome on WINDOWS (1779389475f5b1b6a39a0869e4513b02)] -> xpath: //button[contains(text(),'Logout')]]
verify tab[[ChromeDriver: chrome on WINDOWS (1779389475f5b1b6a39a0869e4513b02)] -> xpath: //button[contains(text(),'Logout')]]
verify tab[[ChromeDriver: chrome on WINDOWS (1779389475f5b1b6a39a0869e4513b02)] -> xpath: //button[contains(text(),'Logout')]]
verify tab[[ChromeDriver: chrome on WINDOWS (1779389475f5b1b6a39a0869e4513b02)] -> xpath: //button[contains(text(),'Logout')]]
verify tab[[ChromeDriver: chrome on WINDOWS (1779389475f5b1b6a39a0869e4513b02)] -> xpath: //button[contains(text(),'Logout')]]
verify tab[[ChromeDriver: chrome on WINDOWS (1779389475f5b1b6a39a0869e4513b02)] -> xpath: //button[contains(text(),'Logout')]]
verify tab[[ChromeDriver: chrome on WINDOWS (1779389475f5b1b6a39a0869e4513b02)] -> xpath: //button[contains(text(),'Logout')]]
verify tab[[ChromeDriver: chrome on WINDOWS (1779389475f5b1b6a39a0869e4513b02)] -> xpath: //button[contains(text(),'Logout')]]
verify tab[[ChromeDriver: chrome on WINDOWS (1779389475f5b1b6a39a0869e4513b02)] -> xpath: //button[contains(text(),'Logout')]]
verify tab[[ChromeDriver: chrome on WINDOWS (1779389475f5b1b6a39a0869e4513b02)] -> xpath: //button[contains(text(),'Logout')]]
verify tab[[ChromeDriver: chrome on WINDOWS (1779389475f5b1b6a39a0869e4513b02)] -> xpath: //button[contains(text(),'Logout')]]
verify tab[[ChromeDriver: chrome on WINDOWS (1779389475f5b1b6a39a0869e4513b02)] -> xpath: //button[contains(text(),'Logout')]]
verify tab[[ChromeDriver: chrome on WINDOWS (1779389475f5b1b6a39a0869e4513b02)] -> xpath: //button[contains(text(),'Logout')]]
verify tab[[ChromeDriver: chrome on WINDOWS (1779389475f5b1b6a39a0869e4513b02)] -> xpath: //button[contains(text(),'Logout')]]
verify tab[[ChromeDriver: chrome on WINDOWS (1779389475f5b1b6a39a0869e4513b02)] -> xpath: //button[contains(text(),'Logout')]]
verify tab[[ChromeDriver: chrome on WINDOWS (1779389475f5b1b6a39a0869e4513b02)] -> xpath: //button[contains(text(),'Logout')]]
verify tab[[ChromeDriver: chrome on WINDOWS (1779389475f5b1b6a39a0869e4513b02)] -> xpath: //button[contains(text(),'Logout')]]
verify tab[[ChromeDriver: chrome on WINDOWS (1779389475f5b1b6a39a0869e4513b02)] -> xpath: //button[contains(text(),'Logout')]]
verify tab[[ChromeDriver: chrome on WINDOWS (1779389475f5b1b6a39a0869e4513b02)] -> xpath: //button[contains(text(),'Logout')]]
verify tab[[ChromeDriver: chrome on WINDOWS (1779389475f5b1b6a39a0869e4513b02)] -> xpath: //button[contains(text(),'Logout')]]
verify tab[[ChromeDriver: chrome on WINDOWS (1779389475f5b1b6a39a0869e4513b02)] -> xpath: //button[contains(text(),'Logout')]]
verify tab[[ChromeDriver: chrome on WINDOWS (1779389475f5b1b6a39a0869e4513b02)] -> xpath: //button[contains(text(),'Logout')]]
verify tab[[ChromeDriver: chrome on WINDOWS (1779389475f5b1b6a39a0869e4513b02)] -> xpath: //button[contains(text(),'Logout')]]
verify tab[[ChromeDriver: chrome on WINDOWS (1779389475f5b1b6a39a0869e4513b02)] -> xpath: //button[contains(text(),'Logout')]]
verify tab[[ChromeDriver: chrome on WINDOWS (1779389475f5b1b6a39a0869e4513b02)] -> xpath: //button[contains(text(),'Logout')]]
verify tab[[ChromeDriver: chrome on WINDOWS (1779389475f5b1b6a39a0869e4513b02)] -> xpath: //button[contains(text(),'Logout')]]
verify tab[[ChromeDriver: chrome on WINDOWS (1779389475f5b1b6a39a0869e4513b02)] -> xpath: //button[contains(text(),'Logout')]]
verify tab[[ChromeDriver: chrome on WINDOWS (1779389475f5b1b6a39a0869e4513b02)] -> xpath: //button[contains(text(),'Logout')]]
verify tab[[ChromeDriver: chrome on WINDOWS (1779389475f5b1b6a39a0869e4513b02)] -> xpath: //button[contains(text(),'Logout')]]
verify tab[[ChromeDriver: chrome on WINDOWS (1779389475f5b1b6a39a0869e4513b02)] -> xpath: //button[contains(text(),'Logout')]]
verify tab[[ChromeDriver: chrome on WINDOWS (1779389475f5b1b6a39a0869e4513b02)] -> xpath: //button[contains(text(),'Logout')]]
verify tab[[ChromeDriver: chrome on WINDOWS (1779389475f5b1b6a39a0869e4513b02)] -> xpath: //button[contains(text(),'Logout')]]
verify tab[[ChromeDriver: chrome on WINDOWS (1779389475f5b1b6a39a0869e4513b02)] -> xpath: //button[contains(text(),'Logout')]]
verify tab[[ChromeDriver: chrome on WINDOWS (1779389475f5b1b6a39a0869e4513b02)] -> xpath: //button[contains(text(),'Logout')]]
verify tab[[ChromeDriver: chrome on WINDOWS (1779389475f5b1b6a39a0869e4513b02)] -> xpath: //button[contains(text(),'Logout')]]
verify tab[[ChromeDriver: chrome on WINDOWS (1779389475f5b1b6a39a0869e4513b02)] -> xpath: //button[contains(text(),'Logout')]]
verify tab[[ChromeDriver: chrome on WINDOWS (1779389475f5b1b6a39a0869e4513b02)] -> xpath: //button[contains(text(),'Logout')]]
verify tab[[ChromeDriver: chrome on WINDOWS (1779389475f5b1b6a39a0869e4513b02)] -> xpath: //button[contains(text(),'Logout')]]
verify tab[[ChromeDriver: chrome on WINDOWS (1779389475f5b1b6a39a0869e4513b02)] -> xpath: //button[contains(text(),'Logout')]]
verify tab[[ChromeDriver: chrome on WINDOWS (1779389475f5b1b6a39a0869e4513b02)] -> xpath: //button[contains(text(),'Logout')]]
verify tab[[ChromeDriver: chrome on WINDOWS (1779389475f5b1b6a39a0869e4513b02)] -> xpath: //button[contains(text(),'Logout')]]
verify tab[[ChromeDriver: chrome on WINDOWS (1779389475f5b1b6a39a0869e4513b02)] -> xpath: //button[contains(text(),'Logout')]]
verify tab[[ChromeDriver: chrome on WINDOWS (1779389475f5b1b6a39a0869e4513b02)] -> xpath: //button[contains(text(),'Logout')]]
verify tab[[ChromeDriver: chrome on WINDOWS (1779389475f5b1b6a39a0869e4513b02)] -> xpath: //button[contains(text(),'Logout')]]
verify tab[[ChromeDriver: chrome on WINDOWS (1779389475f5b1b6a39a0869e4513b02)] -> xpath: //button[contains(text(),'Logout')]]
verify tab[[ChromeDriver: chrome on WINDOWS (1779389475f5b1b6a39a0869e4513b02)] -> xpath: //button[contains(text(),'Logout')]]
verify tab[[ChromeDriver: chrome on WINDOWS (1779389475f5b1b6a39a0869e4513b02)] -> xpath: //button[contains(text(),'Logout')]]
verify tab[[ChromeDriver: chrome on WINDOWS (1779389475f5b1b6a39a0869e4513b02)] -> xpath: //button[contains(text(),'Logout')]]
verify tab[[ChromeDriver: chrome on WINDOWS (1779389475f5b1b6a39a0869e4513b02)] -> xpath: //button[contains(text(),'Logout')]]
verify tab[[ChromeDriver: chrome on WINDOWS (1779389475f5b1b6a39a0869e4513b02)] -> xpath: //button[contains(text(),'Logout')]]
verify tab[[ChromeDriver: chrome on WINDOWS (1779389475f5b1b6a39a0869e4513b02)] -> xpath: //button[contains(text(),'Logout')]]
verify tab[[ChromeDriver: chrome on WINDOWS (1779389475f5b1b6a39a0869e4513b02)] -> xpath: //button[contains(text(),'Logout')]]
verify tab[[ChromeDriver: chrome on WINDOWS (1779389475f5b1b6a39a0869e4513b02)] -> xpath: //button[contains(text(),'Logout')]]
verify tab[[ChromeDriver: chrome on WINDOWS (1779389475f5b1b6a39a0869e4513b02)] -> xpath: //button[contains(text(),'Logout')]]
verify tab[[ChromeDriver: chrome on WINDOWS (1779389475f5b1b6a39a0869e4513b02)] -> xpath: //button[contains(text(),'Logout')]]
verify tab[[ChromeDriver: chrome on WINDOWS (1779389475f5b1b6a39a0869e4513b02)] -> xpath: //button[contains(text(),'Logout')]]
verify tab[[ChromeDriver: chrome on WINDOWS (1779389475f5b1b6a39a0869e4513b02)] -> xpath: //button[contains(text(),'Logout')]]
verify tab[[ChromeDriver: chrome on WINDOWS (1779389475f5b1b6a39a0869e4513b02)] -> xpath: //button[contains(text(),'Logout')]]
verify tab[[ChromeDriver: chrome on WINDOWS (1779389475f5b1b6a39a0869e4513b02)] -> xpath: //button[contains(text(),'Logout')]]
verify tab[[ChromeDriver: chrome on WINDOWS (1779389475f5b1b6a39a0869e4513b02)] -> xpath: //button[contains(text(),'Logout')]]
verify tab[[ChromeDriver: chrome on WINDOWS (1779389475f5b1b6a39a0869e4513b02)] -> xpath: //button[contains(text(),'Logout')]]
verify tab[[ChromeDriver: chrome on WINDOWS (1779389475f5b1b6a39a0869e4513b02)] -> xpath: //button[contains(text(),'Logout')]]
verify tab[[ChromeDriver: chrome on WINDOWS (1779389475f5b1b6a39a0869e4513b02)] -> xpath: //button[contains(text(),'Logout')]]
verify tab[[ChromeDriver: chrome on WINDOWS (1779389475f5b1b6a39a0869e4513b02)] -> xpath: //button[contains(text(),'Logout')]]
verify tab[[ChromeDriver: chrome on WINDOWS (1779389475f5b1b6a39a0869e4513b02)] -> xpath: //button[contains(text(),'Logout')]]
verify tab[[ChromeDriver: chrome on WINDOWS (1779389475f5b1b6a39a0869e4513b02)] -> xpath: //button[contains(text(),'Logout')]]
verify tab[[ChromeDriver: chrome on WINDOWS (1779389475f5b1b6a39a0869e4513b02)] -> xpath: //button[contains(text(),'Logout')]]
verify tab[[ChromeDriver: chrome on WINDOWS (1779389475f5b1b6a39a0869e4513b02)] -> xpath: //button[contains(text(),'Logout')]]
verify tab[[ChromeDriver: chrome on WINDOWS (1779389475f5b1b6a39a0869e4513b02)] -> xpath: //button[contains(text(),'Logout')]]
verify tab[[ChromeDriver: chrome on WINDOWS (1779389475f5b1b6a39a0869e4513b02)] -> xpath: //button[contains(text(),'Logout')]]
verify tab[[ChromeDriver: chrome on WINDOWS (1779389475f5b1b6a39a0869e4513b02)] -> xpath: //button[contains(text(),'Logout')]]
verify tab[[ChromeDriver: chrome on WINDOWS (1779389475f5b1b6a39a0869e4513b02)] -> xpath: //button[contains(text(),'Logout')]]
verify tab[[ChromeDriver: chrome on WINDOWS (1779389475f5b1b6a39a0869e4513b02)] -> xpath: //button[contains(text(),'Logout')]]
verify tab[[ChromeDriver: chrome on WINDOWS (1779389475f5b1b6a39a0869e4513b02)] -> xpath: //button[contains(text(),'Logout')]]
verify tab[[ChromeDriver: chrome on WINDOWS (1779389475f5b1b6a39a0869e4513b02)] -> xpath: //button[contains(text(),'Logout')]]
verify tab[[ChromeDriver: chrome on WINDOWS (1779389475f5b1b6a39a0869e4513b02)] -> xpath: //button[contains(text(),'Logout')]]
verify tab[[ChromeDriver: chrome on WINDOWS (1779389475f5b1b6a39a0869e4513b02)] -> xpath: //button[contains(text(),'Logout')]]
verify tab[[ChromeDriver: chrome on WINDOWS (1779389475f5b1b6a39a0869e4513b02)] -> xpath: //button[contains(text(),'Logout')]]
verify tab[[ChromeDriver: chrome on WINDOWS (1779389475f5b1b6a39a0869e4513b02)] -> xpath: //button[contains(text(),'Logout')]]
verify tab[[ChromeDriver: chrome on WINDOWS (1779389475f5b1b6a39a0869e4513b02)] -> xpath: //button[contains(text(),'Logout')]]
verify tab[[ChromeDriver: chrome on WINDOWS (1779389475f5b1b6a39a0869e4513b02)] -> xpath: //button[contains(text(),'Logout')]]
verify tab[[ChromeDriver: chrome on WINDOWS (1779389475f5b1b6a39a0869e4513b02)] -> xpath: //button[contains(text(),'Logout')]]
verify tab[[ChromeDriver: chrome on WINDOWS (1779389475f5b1b6a39a0869e4513b02)] -> xpath: //button[contains(text(),'Logout')]]
verify tab[[ChromeDriver: chrome on WINDOWS (1779389475f5b1b6a39a0869e4513b02)] -> xpath: //button[contains(text(),'Logout')]]
verify tab[[ChromeDriver: chrome on WINDOWS (1779389475f5b1b6a39a0869e4513b02)] -> xpath: //button[contains(text(),'Logout')]]
verify tab[[ChromeDriver: chrome on WINDOWS (1779389475f5b1b6a39a0869e4513b02)] -> xpath: //button[contains(text(),'Logout')]]
verify tab[[ChromeDriver: chrome on WINDOWS (1779389475f5b1b6a39a0869e4513b02)] -> xpath: //button[contains(text(),'Logout')]]
verify tab[[ChromeDriver: chrome on WINDOWS (1779389475f5b1b6a39a0869e4513b02)] -> xpath: //button[contains(text(),'Logout')]]
verify tab[[ChromeDriver: chrome on WINDOWS (1779389475f5b1b6a39a0869e4513b02)] -> xpath: //button[contains(text(),'Logout')]]
verify tab[[ChromeDriver: chrome on WINDOWS (1779389475f5b1b6a39a0869e4513b02)] -> xpath: //button[contains(text(),'Logout')]]
verify tab[[ChromeDriver: chrome on WINDOWS (1779389475f5b1b6a39a0869e4513b02)] -> xpath: //button[contains(text(),'Logout')]]
verify tab[[ChromeDriver: chrome on WINDOWS (1779389475f5b1b6a39a0869e4513b02)] -> xpath: //button[contains(text(),'Logout')]]
verify tab[[ChromeDriver: chrome on WINDOWS (1779389475f5b1b6a39a0869e4513b02)] -> xpath: //button[contains(text(),'Logout')]]
verify tab[[ChromeDriver: chrome on WINDOWS (1779389475f5b1b6a39a0869e4513b02)] -> xpath: //button[contains(text(),'Logout')]]
verify tab[[ChromeDriver: chrome on WINDOWS (1779389475f5b1b6a39a0869e4513b02)] -> xpath: //button[contains(text(),'Logout')]]
verify tab[[ChromeDriver: chrome on WINDOWS (1779389475f5b1b6a39a0869e4513b02)] -> xpath: //button[contains(text(),'Logout')]]
verify tab[[ChromeDriver: chrome on WINDOWS (1779389475f5b1b6a39a0869e4513b02)] -> xpath: //button[contains(text(),'Logout')]]
verify tab[[ChromeDriver: chrome on WINDOWS (1779389475f5b1b6a39a0869e4513b02)] -> xpath: //button[contains(text(),'Logout')]]
verify tab[[ChromeDriver: chrome on WINDOWS (1779389475f5b1b6a39a0869e4513b02)] -> xpath: //button[contains(text(),'Logout')]]
verify tab[[ChromeDriver: chrome on WINDOWS (1779389475f5b1b6a39a0869e4513b02)] -> xpath: //button[contains(text(),'Logout')]]
verify tab[[ChromeDriver: chrome on WINDOWS (1779389475f5b1b6a39a0869e4513b02)] -> xpath: //button[contains(text(),'Logout')]]
verify tab[[ChromeDriver: chrome on WINDOWS (1779389475f5b1b6a39a0869e4513b02)] -> xpath: //button[contains(text(),'Logout')]]
verify tab[[ChromeDriver: chrome on WINDOWS (1779389475f5b1b6a39a0869e4513b02)] -> xpath: //button[contains(text(),'Logout')]]
verify tab[[ChromeDriver: chrome on WINDOWS (1779389475f5b1b6a39a0869e4513b02)] -> xpath: //button[contains(text(),'Logout')]]
verify tab[[ChromeDriver: chrome on WINDOWS (1779389475f5b1b6a39a0869e4513b02)] -> xpath: //button[contains(text(),'Logout')]]
verify tab[[ChromeDriver: chrome on WINDOWS (1779389475f5b1b6a39a0869e4513b02)] -> xpath: //button[contains(text(),'Logout')]]
verify tab[[ChromeDriver: chrome on WINDOWS (1779389475f5b1b6a39a0869e4513b02)] -> xpath: //button[contains(text(),'Logout')]]
verify tab[[ChromeDriver: chrome on WINDOWS (1779389475f5b1b6a39a0869e4513b02)] -> xpath: //button[contains(text(),'Logout')]]
verify tab[[ChromeDriver: chrome on WINDOWS (1779389475f5b1b6a39a0869e4513b02)] -> xpath: //button[contains(text(),'Logout')]]
verify tab[[ChromeDriver: chrome on WINDOWS (1779389475f5b1b6a39a0869e4513b02)] -> xpath: //button[contains(text(),'Logout')]]
verify tab[[ChromeDriver: chrome on WINDOWS (1779389475f5b1b6a39a0869e4513b02)] -> xpath: //button[contains(text(),'Logout')]]
verify tab[[ChromeDriver: chrome on WINDOWS (1779389475f5b1b6a39a0869e4513b02)] -> xpath: //button[contains(text(),'Logout')]]
verify tab[[ChromeDriver: chrome on WINDOWS (1779389475f5b1b6a39a0869e4513b02)] -> xpath: //button[contains(text(),'Logout')]]
verify tab[[ChromeDriver: chrome on WINDOWS (1779389475f5b1b6a39a0869e4513b02)] -> xpath: //button[contains(text(),'Logout')]]
verify tab[[ChromeDriver: chrome on WINDOWS (1779389475f5b1b6a39a0869e4513b02)] -> xpath: //button[contains(text(),'Logout')]]
verify tab[[ChromeDriver: chrome on WINDOWS (1779389475f5b1b6a39a0869e4513b02)] -> xpath: //button[contains(text(),'Logout')]]
verify tab[[ChromeDriver: chrome on WINDOWS (1779389475f5b1b6a39a0869e4513b02)] -> xpath: //button[contains(text(),'Logout')]]
verify tab[[ChromeDriver: chrome on WINDOWS (1779389475f5b1b6a39a0869e4513b02)] -> xpath: //button[contains(text(),'Logout')]]
verify tab[[ChromeDriver: chrome on WINDOWS (1779389475f5b1b6a39a0869e4513b02)] -> xpath: //button[contains(text(),'Logout')]]
verify tab[[ChromeDriver: chrome on WINDOWS (1779389475f5b1b6a39a0869e4513b02)] -> xpath: //button[contains(text(),'Logout')]]
verify tab[[ChromeDriver: chrome on WINDOWS (1779389475f5b1b6a39a0869e4513b02)] -> xpath: //button[contains(text(),'Logout')]]
verify tab[[ChromeDriver: chrome on WINDOWS (1779389475f5b1b6a39a0869e4513b02)] -> xpath: //button[contains(text(),'Logout')]]
verify tab[[ChromeDriver: chrome on WINDOWS (1779389475f5b1b6a39a0869e4513b02)] -> xpath: //button[contains(text(),'Logout')]]
verify tab[[ChromeDriver: chrome on WINDOWS (1779389475f5b1b6a39a0869e4513b02)] -> xpath: //button[contains(text(),'Logout')]]
verify tab[[ChromeDriver: chrome on WINDOWS (1779389475f5b1b6a39a0869e4513b02)] -> xpath: //button[contains(text(),'Logout')]]
verify tab[[ChromeDriver: chrome on WINDOWS (1779389475f5b1b6a39a0869e4513b02)] -> xpath: //button[contains(text(),'Logout')]]
verify tab[[ChromeDriver: chrome on WINDOWS (1779389475f5b1b6a39a0869e4513b02)] -> xpath: //button[contains(text(),'Logout')]]
verify tab[[ChromeDriver: chrome on WINDOWS (1779389475f5b1b6a39a0869e4513b02)] -> xpath: //button[contains(text(),'Logout')]]
verify tab[[ChromeDriver: chrome on WINDOWS (1779389475f5b1b6a39a0869e4513b02)] -> xpath: //button[contains(text(),'Logout')]]
verify tab[[ChromeDriver: chrome on WINDOWS (1779389475f5b1b6a39a0869e4513b02)] -> xpath: //button[contains(text(),'Logout')]]
verify tab[[ChromeDriver: chrome on WINDOWS (1779389475f5b1b6a39a0869e4513b02)] -> xpath: //button[contains(text(),'Logout')]]
verify tab[[ChromeDriver: chrome on WINDOWS (1779389475f5b1b6a39a0869e4513b02)] -> xpath: //button[contains(text(),'Logout')]]
verify tab[[ChromeDriver: chrome on WINDOWS (1779389475f5b1b6a39a0869e4513b02)] -> xpath: //button[contains(text(),'Logout')]]
verify tab[[ChromeDriver: chrome on WINDOWS (1779389475f5b1b6a39a0869e4513b02)] -> xpath: //button[contains(text(),'Logout')]]
verify tab[[ChromeDriver: chrome on WINDOWS (1779389475f5b1b6a39a0869e4513b02)] -> xpath: //button[contains(text(),'Logout')]]
verify tab[[ChromeDriver: chrome on WINDOWS (1779389475f5b1b6a39a0869e4513b02)] -> xpath: //button[contains(text(),'Logout')]]
verify tab[[ChromeDriver: chrome on WINDOWS (1779389475f5b1b6a39a0869e4513b02)] -> xpath: //button[contains(text(),'Logout')]]
verify tab[[ChromeDriver: chrome on WINDOWS (1779389475f5b1b6a39a0869e4513b02)] -> xpath: //button[contains(text(),'Logout')]]
verify tab[[ChromeDriver: chrome on WINDOWS (1779389475f5b1b6a39a0869e4513b02)] -> xpath: //button[contains(text(),'Logout')]]
verify tab[[ChromeDriver: chrome on WINDOWS (1779389475f5b1b6a39a0869e4513b02)] -> xpath: //button[contains(text(),'Logout')]]
verify tab[[ChromeDriver: chrome on WINDOWS (1779389475f5b1b6a39a0869e4513b02)] -> xpath: //button[contains(text(),'Logout')]]
verify tab[[ChromeDriver: chrome on WINDOWS (1779389475f5b1b6a39a0869e4513b02)] -> xpath: //button[contains(text(),'Logout')]]
verify tab[[ChromeDriver: chrome on WINDOWS (1779389475f5b1b6a39a0869e4513b02)] -> xpath: //button[contains(text(),'Logout')]]
verify tab[[ChromeDriver: chrome on WINDOWS (1779389475f5b1b6a39a0869e4513b02)] -> xpath: //button[contains(text(),'Logout')]]
verify tab[[ChromeDriver: chrome on WINDOWS (1779389475f5b1b6a39a0869e4513b02)] -> xpath: //button[contains(text(),'Logout')]]
verify tab[[ChromeDriver: chrome on WINDOWS (1779389475f5b1b6a39a0869e4513b02)] -> xpath: //button[contains(text(),'Logout')]]
verify tab[[ChromeDriver: chrome on WINDOWS (1779389475f5b1b6a39a0869e4513b02)] -> xpath: //button[contains(text(),'Logout')]]
verify tab[[ChromeDriver: chrome on WINDOWS (1779389475f5b1b6a39a0869e4513b02)] -> xpath: //button[contains(text(),'Logout')]]
verify tab[[ChromeDriver: chrome on WINDOWS (1779389475f5b1b6a39a0869e4513b02)] -> xpath: //button[contains(text(),'Logout')]]
verify tab[[ChromeDriver: chrome on WINDOWS (1779389475f5b1b6a39a0869e4513b02)] -> xpath: //button[contains(text(),'Logout')]]
verify tab[[ChromeDriver: chrome on WINDOWS (1779389475f5b1b6a39a0869e4513b02)] -> xpath: //button[contains(text(),'Logout')]]
verify tab[[ChromeDriver: chrome on WINDOWS (1779389475f5b1b6a39a0869e4513b02)] -> xpath: //button[contains(text(),'Logout')]]
verify tab[[ChromeDriver: chrome on WINDOWS (1779389475f5b1b6a39a0869e4513b02)] -> xpath: //button[contains(text(),'Logout')]]
verify tab[[ChromeDriver: chrome on WINDOWS (1779389475f5b1b6a39a0869e4513b02)] -> xpath: //button[contains(text(),'Logout')]]
verify tab[[ChromeDriver: chrome on WINDOWS (1779389475f5b1b6a39a0869e4513b02)] -> xpath: //button[contains(text(),'Logout')]]
verify tab[[ChromeDriver: chrome on WINDOWS (1779389475f5b1b6a39a0869e4513b02)] -> xpath: //button[contains(text(),'Logout')]]
verify tab[[ChromeDriver: chrome on WINDOWS (1779389475f5b1b6a39a0869e4513b02)] -> xpath: //button[contains(text(),'Logout')]]
verify tab[[ChromeDriver: chrome on WINDOWS (1779389475f5b1b6a39a0869e4513b02)] -> xpath: //button[contains(text(),'Logout')]]
verify tab[[ChromeDriver: chrome on WINDOWS (1779389475f5b1b6a39a0869e4513b02)] -> xpath: //button[contains(text(),'Logout')]]
verify tab[[ChromeDriver: chrome on WINDOWS (1779389475f5b1b6a39a0869e4513b02)] -> xpath: //button[contains(text(),'Logout')]]
verify tab[[ChromeDriver: chrome on WINDOWS (1779389475f5b1b6a39a0869e4513b02)] -> xpath: //button[contains(text(),'Logout')]]
verify tab[[ChromeDriver: chrome on WINDOWS (1779389475f5b1b6a39a0869e4513b02)] -> xpath: //button[contains(text(),'Logout')]]
verify tab[[ChromeDriver: chrome on WINDOWS (1779389475f5b1b6a39a0869e4513b02)] -> xpath: //button[contains(text(),'Logout')]]
verify tab[[ChromeDriver: chrome on WINDOWS (1779389475f5b1b6a39a0869e4513b02)] -> xpath: //button[contains(text(),'Logout')]]
verify tab[[ChromeDriver: chrome on WINDOWS (1779389475f5b1b6a39a0869e4513b02)] -> xpath: //button[contains(text(),'Logout')]]
verify tab[[ChromeDriver: chrome on WINDOWS (1779389475f5b1b6a39a0869e4513b02)] -> xpath: //button[contains(text(),'Logout')]]
verify tab[[ChromeDriver: chrome on WINDOWS (1779389475f5b1b6a39a0869e4513b02)] -> xpath: //button[contains(text(),'Logout')]]
verify tab[[ChromeDriver: chrome on WINDOWS (1779389475f5b1b6a39a0869e4513b02)] -> xpath: //button[contains(text(),'Logout')]]
verify tab[[ChromeDriver: chrome on WINDOWS (1779389475f5b1b6a39a0869e4513b02)] -> xpath: //button[contains(text(),'Logout')]]
verify tab[[ChromeDriver: chrome on WINDOWS (1779389475f5b1b6a39a0869e4513b02)] -> xpath: //button[contains(text(),'Logout')]]
verify tab[[ChromeDriver: chrome on WINDOWS (1779389475f5b1b6a39a0869e4513b02)] -> xpath: //button[contains(text(),'Logout')]]
verify tab[[ChromeDriver: chrome on WINDOWS (1779389475f5b1b6a39a0869e4513b02)] -> xpath: //button[contains(text(),'Logout')]]
verify tab[[ChromeDriver: chrome on WINDOWS (1779389475f5b1b6a39a0869e4513b02)] -> xpath: //button[contains(text(),'Logout')]]
verify tab[[ChromeDriver: chrome on WINDOWS (1779389475f5b1b6a39a0869e4513b02)] -> xpath: //button[contains(text(),'Logout')]]
verify tab[[ChromeDriver: chrome on WINDOWS (1779389475f5b1b6a39a0869e4513b02)] -> xpath: //button[contains(text(),'Logout')]]
verify tab[[ChromeDriver: chrome on WINDOWS (1779389475f5b1b6a39a0869e4513b02)] -> xpath: //button[contains(text(),'Logout')]]
verify tab[[ChromeDriver: chrome on WINDOWS (1779389475f5b1b6a39a0869e4513b02)] -> xpath: //button[contains(text(),'Logout')]]
verify tab[[ChromeDriver: chrome on WINDOWS (1779389475f5b1b6a39a0869e4513b02)] -> xpath: //button[contains(text(),'Logout')]]
verify tab[[ChromeDriver: chrome on WINDOWS (1779389475f5b1b6a39a0869e4513b02)] -> xpath: //button[contains(text(),'Logout')]]
verify tab[[ChromeDriver: chrome on WINDOWS (1779389475f5b1b6a39a0869e4513b02)] -> xpath: //button[contains(text(),'Logout')]]
verify tab[[ChromeDriver: chrome on WINDOWS (1779389475f5b1b6a39a0869e4513b02)] -> xpath: //button[contains(text(),'Logout')]]
verify tab[[ChromeDriver: chrome on WINDOWS (1779389475f5b1b6a39a0869e4513b02)] -> xpath: //button[contains(text(),'Logout')]]
verify tab[[ChromeDriver: chrome on WINDOWS (1779389475f5b1b6a39a0869e4513b02)] -> xpath: //button[contains(text(),'Logout')]]
verify tab[[ChromeDriver: chrome on WINDOWS (1779389475f5b1b6a39a0869e4513b02)] -> xpath: //button[contains(text(),'Logout')]]
verify tab[[ChromeDriver: chrome on WINDOWS (1779389475f5b1b6a39a0869e4513b02)] -> xpath: //button[contains(text(),'Logout')]]
verify tab[[ChromeDriver: chrome on WINDOWS (1779389475f5b1b6a39a0869e4513b02)] -> xpath: //button[contains(text(),'Logout')]]
verify tab[[ChromeDriver: chrome on WINDOWS (1779389475f5b1b6a39a0869e4513b02)] -> xpath: //button[contains(text(),'Logout')]]
verify tab[[ChromeDriver: chrome on WINDOWS (1779389475f5b1b6a39a0869e4513b02)] -> xpath: //button[contains(text(),'Logout')]]
verify tab[[ChromeDriver: chrome on WINDOWS (1779389475f5b1b6a39a0869e4513b02)] -> xpath: //button[contains(text(),'Logout')]]
verify tab[[ChromeDriver: chrome on WINDOWS (1779389475f5b1b6a39a0869e4513b02)] -> xpath: //button[contains(text(),'Logout')]]
verify tab[[ChromeDriver: chrome on WINDOWS (1779389475f5b1b6a39a0869e4513b02)] -> xpath: //button[contains(text(),'Logout')]]
verify tab[[ChromeDriver: chrome on WINDOWS (1779389475f5b1b6a39a0869e4513b02)] -> xpath: //button[contains(text(),'Logout')]]
verify tab[[ChromeDriver: chrome on WINDOWS (1779389475f5b1b6a39a0869e4513b02)] -> xpath: //button[contains(text(),'Logout')]]
verify tab[[ChromeDriver: chrome on WINDOWS (1779389475f5b1b6a39a0869e4513b02)] -> xpath: //button[contains(text(),'Logout')]]
verify tab[[ChromeDriver: chrome on WINDOWS (1779389475f5b1b6a39a0869e4513b02)] -> xpath: //button[contains(text(),'Logout')]]
verify tab[[ChromeDriver: chrome on WINDOWS (1779389475f5b1b6a39a0869e4513b02)] -> xpath: //button[contains(text(),'Logout')]]
verify tab[[ChromeDriver: chrome on WINDOWS (1779389475f5b1b6a39a0869e4513b02)] -> xpath: //button[contains(text(),'Logout')]]
verify tab[[ChromeDriver: chrome on WINDOWS (1779389475f5b1b6a39a0869e4513b02)] -> xpath: //button[contains(text(),'Logout')]]
verify tab[[ChromeDriver: chrome on WINDOWS (1779389475f5b1b6a39a0869e4513b02)] -> xpath: //button[contains(text(),'Logout')]]
verify tab[[ChromeDriver: chrome on WINDOWS (1779389475f5b1b6a39a0869e4513b02)] -> xpath: //button[contains(text(),'Logout')]]
verify tab[[ChromeDriver: chrome on WINDOWS (1779389475f5b1b6a39a0869e4513b02)] -> xpath: //button[contains(text(),'Logout')]]
verify tab[[ChromeDriver: chrome on WINDOWS (1779389475f5b1b6a39a0869e4513b02)] -> xpath: //button[contains(text(),'Logout')]]
verify tab[[ChromeDriver: chrome on WINDOWS (1779389475f5b1b6a39a0869e4513b02)] -> xpath: //button[contains(text(),'Logout')]]
verify tab[[ChromeDriver: chrome on WINDOWS (1779389475f5b1b6a39a0869e4513b02)] -> xpath: //button[contains(text(),'Logout')]]
verify tab[[ChromeDriver: chrome on WINDOWS (1779389475f5b1b6a39a0869e4513b02)] -> xpath: //button[contains(text(),'Logout')]]
verify tab[[ChromeDriver: chrome on WINDOWS (1779389475f5b1b6a39a0869e4513b02)] -> xpath: //button[contains(text(),'Logout')]]
verify tab[[ChromeDriver: chrome on WINDOWS (1779389475f5b1b6a39a0869e4513b02)] -> xpath: //button[contains(text(),'Logout')]]
verify tab[[ChromeDriver: chrome on WINDOWS (1779389475f5b1b6a39a0869e4513b02)] -> xpath: //button[contains(text(),'Logout')]]
verify tab[[ChromeDriver: chrome on WINDOWS (1779389475f5b1b6a39a0869e4513b02)] -> xpath: //button[contains(text(),'Logout')]]
verify tab[[ChromeDriver: chrome on WINDOWS (1779389475f5b1b6a39a0869e4513b02)] -> xpath: //button[contains(text(),'Logout')]]
verify tab[[ChromeDriver: chrome on WINDOWS (1779389475f5b1b6a39a0869e4513b02)] -> xpath: //button[contains(text(),'Logout')]]
verify tab[[ChromeDriver: chrome on WINDOWS (1779389475f5b1b6a39a0869e4513b02)] -> xpath: //button[contains(text(),'Logout')]]
verify tab[[ChromeDriver: chrome on WINDOWS (1779389475f5b1b6a39a0869e4513b02)] -> xpath: //button[contains(text(),'Logout')]]
verify tab[[ChromeDriver: chrome on WINDOWS (1779389475f5b1b6a39a0869e4513b02)] -> xpath: //button[contains(text(),'Logout')]]
verify tab[[ChromeDriver: chrome on WINDOWS (1779389475f5b1b6a39a0869e4513b02)] -> xpath: //button[contains(text(),'Logout')]]
verify tab[[ChromeDriver: chrome on WINDOWS (1779389475f5b1b6a39a0869e4513b02)] -> xpath: //button[contains(text(),'Logout')]]
verify tab[[ChromeDriver: chrome on WINDOWS (1779389475f5b1b6a39a0869e4513b02)] -> xpath: //button[contains(text(),'Logout')]]
verify tab[[ChromeDriver: chrome on WINDOWS (1779389475f5b1b6a39a0869e4513b02)] -> xpath: //button[contains(text(),'Logout')]]
verify tab[[ChromeDriver: chrome on WINDOWS (1779389475f5b1b6a39a0869e4513b02)] -> xpath: //button[contains(text(),'Logout')]]
verify tab[[ChromeDriver: chrome on WINDOWS (1779389475f5b1b6a39a0869e4513b02)] -> xpath: //button[contains(text(),'Logout')]]
verify tab[[ChromeDriver: chrome on WINDOWS (1779389475f5b1b6a39a0869e4513b02)] -> xpath: //button[contains(text(),'Logout')]]
verify tab[[ChromeDriver: chrome on WINDOWS (1779389475f5b1b6a39a0869e4513b02)] -> xpath: //button[contains(text(),'Logout')]]
verify tab[[ChromeDriver: chrome on WINDOWS (1779389475f5b1b6a39a0869e4513b02)] -> xpath: //button[contains(text(),'Logout')]]
verify tab[[ChromeDriver: chrome on WINDOWS (1779389475f5b1b6a39a0869e4513b02)] -> xpath: //button[contains(text(),'Logout')]]
verify tab[[ChromeDriver: chrome on WINDOWS (1779389475f5b1b6a39a0869e4513b02)] -> xpath: //button[contains(text(),'Logout')]]
verify tab[[ChromeDriver: chrome on WINDOWS (1779389475f5b1b6a39a0869e4513b02)] -> xpath: //button[contains(text(),'Logout')]]
verify tab[[ChromeDriver: chrome on WINDOWS (1779389475f5b1b6a39a0869e4513b02)] -> xpath: //button[contains(text(),'Logout')]]
verify tab[[ChromeDriver: chrome on WINDOWS (1779389475f5b1b6a39a0869e4513b02)] -> xpath: //button[contains(text(),'Logout')]]
verify tab[[ChromeDriver: chrome on WINDOWS (1779389475f5b1b6a39a0869e4513b02)] -> xpath: //button[contains(text(),'Logout')]]
verify tab[[ChromeDriver: chrome on WINDOWS (1779389475f5b1b6a39a0869e4513b02)] -> xpath: //button[contains(text(),'Logout')]]
verify tab[[ChromeDriver: chrome on WINDOWS (1779389475f5b1b6a39a0869e4513b02)] -> xpath: //button[contains(text(),'Logout')]]
verify tab[[ChromeDriver: chrome on WINDOWS (1779389475f5b1b6a39a0869e4513b02)] -> xpath: //button[contains(text(),'Logout')]]
verify tab[[ChromeDriver: chrome on WINDOWS (1779389475f5b1b6a39a0869e4513b02)] -> xpath: //button[contains(text(),'Logout')]]
verify tab[[ChromeDriver: chrome on WINDOWS (1779389475f5b1b6a39a0869e4513b02)] -> xpath: //button[contains(text(),'Logout')]]
verify tab[[ChromeDriver: chrome on WINDOWS (1779389475f5b1b6a39a0869e4513b02)] -> xpath: //button[contains(text(),'Logout')]]
verify tab[[ChromeDriver: chrome on WINDOWS (1779389475f5b1b6a39a0869e4513b02)] -> xpath: //button[contains(text(),'Logout')]]
verify tab[[ChromeDriver: chrome on WINDOWS (1779389475f5b1b6a39a0869e4513b02)] -> xpath: //button[contains(text(),'Logout')]]
verify tab[[ChromeDriver: chrome on WINDOWS (1779389475f5b1b6a39a0869e4513b02)] -> xpath: //button[contains(text(),'Logout')]]
verify tab[[ChromeDriver: chrome on WINDOWS (1779389475f5b1b6a39a0869e4513b02)] -> xpath: //button[contains(text(),'Logout')]]
verify tab[[ChromeDriver: chrome on WINDOWS (1779389475f5b1b6a39a0869e4513b02)] -> xpath: //button[contains(text(),'Logout')]]
verify tab[[ChromeDriver: chrome on WINDOWS (1779389475f5b1b6a39a0869e4513b02)] -> xpath: //button[contains(text(),'Logout')]]
verify tab[[ChromeDriver: chrome on WINDOWS (1779389475f5b1b6a39a0869e4513b02)] -> xpath: //button[contains(text(),'Logout')]]
verify tab[[ChromeDriver: chrome on WINDOWS (1779389475f5b1b6a39a0869e4513b02)] -> xpath: //button[contains(text(),'Logout')]]
verify tab[[ChromeDriver: chrome on WINDOWS (1779389475f5b1b6a39a0869e4513b02)] -> xpath: //button[contains(text(),'Logout')]]
verify tab[[ChromeDriver: chrome on WINDOWS (1779389475f5b1b6a39a0869e4513b02)] -> xpath: //button[contains(text(),'Logout')]]
verify tab[[ChromeDriver: chrome on WINDOWS (1779389475f5b1b6a39a0869e4513b02)] -> xpath: //button[contains(text(),'Logout')]]
verify tab[[ChromeDriver: chrome on WINDOWS (1779389475f5b1b6a39a0869e4513b02)] -> xpath: //button[contains(text(),'Logout')]]
verify tab[[ChromeDriver: chrome on WINDOWS (1779389475f5b1b6a39a0869e4513b02)] -> xpath: //button[contains(text(),'Logout')]]
verify tab[[ChromeDriver: chrome on WINDOWS (1779389475f5b1b6a39a0869e4513b02)] -> xpath: //button[contains(text(),'Logout')]]
verify tab[[ChromeDriver: chrome on WINDOWS (1779389475f5b1b6a39a0869e4513b02)] -> xpath: //button[contains(text(),'Logout')]]
verify tab[[ChromeDriver: chrome on WINDOWS (1779389475f5b1b6a39a0869e4513b02)] -> xpath: //button[contains(text(),'Logout')]]
verify tab[[ChromeDriver: chrome on WINDOWS (1779389475f5b1b6a39a0869e4513b02)] -> xpath: //button[contains(text(),'Logout')]]
verify tab[[ChromeDriver: chrome on WINDOWS (1779389475f5b1b6a39a0869e4513b02)] -> xpath: //button[contains(text(),'Logout')]]
verify tab[[ChromeDriver: chrome on WINDOWS (1779389475f5b1b6a39a0869e4513b02)] -> xpath: //button[contains(text(),'Logout')]]
verify tab[[ChromeDriver: chrome on WINDOWS (1779389475f5b1b6a39a0869e4513b02)] -> xpath: //button[contains(text(),'Logout')]]
verify tab[[ChromeDriver: chrome on WINDOWS (1779389475f5b1b6a39a0869e4513b02)] -> xpath: //button[contains(text(),'Logout')]]
verify tab[[ChromeDriver: chrome on WINDOWS (1779389475f5b1b6a39a0869e4513b02)] -> xpath: //button[contains(text(),'Logout')]]
verify tab[[ChromeDriver: chrome on WINDOWS (1779389475f5b1b6a39a0869e4513b02)] -> xpath: //button[contains(text(),'Logout')]]
verify tab[[ChromeDriver: chrome on WINDOWS (1779389475f5b1b6a39a0869e4513b02)] -> xpath: //button[contains(text(),'Logout')]]
verify tab[[ChromeDriver: chrome on WINDOWS (1779389475f5b1b6a39a0869e4513b02)] -> xpath: //button[contains(text(),'Logout')]]
verify tab[[ChromeDriver: chrome on WINDOWS (1779389475f5b1b6a39a0869e4513b02)] -> xpath: //button[contains(text(),'Logout')]]
verify tab[[ChromeDriver: chrome on WINDOWS (1779389475f5b1b6a39a0869e4513b02)] -> xpath: //button[contains(text(),'Logout')]]
verify tab[[ChromeDriver: chrome on WINDOWS (1779389475f5b1b6a39a0869e4513b02)] -> xpath: //button[contains(text(),'Logout')]]
verify tab[[ChromeDriver: chrome on WINDOWS (1779389475f5b1b6a39a0869e4513b02)] -> xpath: //button[contains(text(),'Logout')]]
verify tab[[ChromeDriver: chrome on WINDOWS (1779389475f5b1b6a39a0869e4513b02)] -> xpath: //button[contains(text(),'Logout')]]
verify tab[[ChromeDriver: chrome on WINDOWS (1779389475f5b1b6a39a0869e4513b02)] -> xpath: //button[contains(text(),'Logout')]]
verify tab[[ChromeDriver: chrome on WINDOWS (1779389475f5b1b6a39a0869e4513b02)] -> xpath: //button[contains(text(),'Logout')]]
verify tab[[ChromeDriver: chrome on WINDOWS (1779389475f5b1b6a39a0869e4513b02)] -> xpath: //button[contains(text(),'Logout')]]
verify tab[[ChromeDriver: chrome on WINDOWS (1779389475f5b1b6a39a0869e4513b02)] -> xpath: //button[contains(text(),'Logout')]]
verify tab[[ChromeDriver: chrome on WINDOWS (1779389475f5b1b6a39a0869e4513b02)] -> xpath: //button[contains(text(),'Logout')]]
verify tab[[ChromeDriver: chrome on WINDOWS (1779389475f5b1b6a39a0869e4513b02)] -> xpath: //button[contains(text(),'Logout')]]
verify tab[[ChromeDriver: chrome on WINDOWS (1779389475f5b1b6a39a0869e4513b02)] -> xpath: //button[contains(text(),'Logout')]]
verify tab[[ChromeDriver: chrome on WINDOWS (1779389475f5b1b6a39a0869e4513b02)] -> xpath: //button[contains(text(),'Logout')]]
verify tab[[ChromeDriver: chrome on WINDOWS (1779389475f5b1b6a39a0869e4513b02)] -> xpath: //button[contains(text(),'Logout')]]
verify tab[[ChromeDriver: chrome on WINDOWS (1779389475f5b1b6a39a0869e4513b02)] -> xpath: //button[contains(text(),'Logout')]]
verify tab[[ChromeDriver: chrome on WINDOWS (1779389475f5b1b6a39a0869e4513b02)] -> xpath: //button[contains(text(),'Logout')]]
verify tab[[ChromeDriver: chrome on WINDOWS (1779389475f5b1b6a39a0869e4513b02)] -> xpath: //button[contains(text(),'Logout')]]
verify tab[[ChromeDriver: chrome on WINDOWS (1779389475f5b1b6a39a0869e4513b02)] -> xpath: //button[contains(text(),'Logout')]]
verify tab[[ChromeDriver: chrome on WINDOWS (1779389475f5b1b6a39a0869e4513b02)] -> xpath: //button[contains(text(),'Logout')]]
verify tab[[ChromeDriver: chrome on WINDOWS (1779389475f5b1b6a39a0869e4513b02)] -> xpath: //button[contains(text(),'Logout')]]
verify tab[[ChromeDriver: chrome on WINDOWS (1779389475f5b1b6a39a0869e4513b02)] -> xpath: //button[contains(text(),'Logout')]]
verify tab[[ChromeDriver: chrome on WINDOWS (1779389475f5b1b6a39a0869e4513b02)] -> xpath: //button[contains(text(),'Logout')]]
verify tab[[ChromeDriver: chrome on WINDOWS (1779389475f5b1b6a39a0869e4513b02)] -> xpath: //button[contains(text(),'Logout')]]
verify tab[[ChromeDriver: chrome on WINDOWS (1779389475f5b1b6a39a0869e4513b02)] -> xpath: //button[contains(text(),'Logout')]]
verify tab[[ChromeDriver: chrome on WINDOWS (1779389475f5b1b6a39a0869e4513b02)] -> xpath: //button[contains(text(),'Logout')]]
verify tab[[ChromeDriver: chrome on WINDOWS (1779389475f5b1b6a39a0869e4513b02)] -> xpath: //button[contains(text(),'Logout')]]
verify tab[[ChromeDriver: chrome on WINDOWS (1779389475f5b1b6a39a0869e4513b02)] -> xpath: //button[contains(text(),'Logout')]]
verify tab[[ChromeDriver: chrome on WINDOWS (1779389475f5b1b6a39a0869e4513b02)] -> xpath: //button[contains(text(),'Logout')]]
verify tab[[ChromeDriver: chrome on WINDOWS (1779389475f5b1b6a39a0869e4513b02)] -> xpath: //button[contains(text(),'Logout')]]
verify tab[[ChromeDriver: chrome on WINDOWS (1779389475f5b1b6a39a0869e4513b02)] -> xpath: //button[contains(text(),'Logout')]]
verify tab[[ChromeDriver: chrome on WINDOWS (1779389475f5b1b6a39a0869e4513b02)] -> xpath: //button[contains(text(),'Logout')]]
verify tab[[ChromeDriver: chrome on WINDOWS (1779389475f5b1b6a39a0869e4513b02)] -> xpath: //button[contains(text(),'Logout')]]
verify tab[[ChromeDriver: chrome on WINDOWS (1779389475f5b1b6a39a0869e4513b02)] -> xpath: //button[contains(text(),'Logout')]]
verify tab[[ChromeDriver: chrome on WINDOWS (1779389475f5b1b6a39a0869e4513b02)] -> xpath: //button[contains(text(),'Logout')]]
verify tab[[ChromeDriver: chrome on WINDOWS (1779389475f5b1b6a39a0869e4513b02)] -> xpath: //button[contains(text(),'Logout')]]
verify tab[[ChromeDriver: chrome on WINDOWS (1779389475f5b1b6a39a0869e4513b02)] -> xpath: //button[contains(text(),'Logout')]]
verify tab[[ChromeDriver: chrome on WINDOWS (1779389475f5b1b6a39a0869e4513b02)] -> xpath: //button[contains(text(),'Logout')]]
verify tab[[ChromeDriver: chrome on WINDOWS (1779389475f5b1b6a39a0869e4513b02)] -> xpath: //button[contains(text(),'Logout')]]
verify tab[[ChromeDriver: chrome on WINDOWS (1779389475f5b1b6a39a0869e4513b02)] -> xpath: //button[contains(text(),'Logout')]]
verify tab[[ChromeDriver: chrome on WINDOWS (1779389475f5b1b6a39a0869e4513b02)] -> xpath: //button[contains(text(),'Logout')]]
verify tab[[ChromeDriver: chrome on WINDOWS (1779389475f5b1b6a39a0869e4513b02)] -> xpath: //button[contains(text(),'Logout')]]
verify tab[[ChromeDriver: chrome on WINDOWS (1779389475f5b1b6a39a0869e4513b02)] -> xpath: //button[contains(text(),'Logout')]]
verify tab[[ChromeDriver: chrome on WINDOWS (1779389475f5b1b6a39a0869e4513b02)] -> xpath: //button[contains(text(),'Logout')]]
verify tab[[ChromeDriver: chrome on WINDOWS (1779389475f5b1b6a39a0869e4513b02)] -> xpath: //button[contains(text(),'Logout')]]
verify tab[[ChromeDriver: chrome on WINDOWS (1779389475f5b1b6a39a0869e4513b02)] -> xpath: //button[contains(text(),'Logout')]]
verify tab[[ChromeDriver: chrome on WINDOWS (1779389475f5b1b6a39a0869e4513b02)] -> xpath: //button[contains(text(),'Logout')]]
verify tab[[ChromeDriver: chrome on WINDOWS (1779389475f5b1b6a39a0869e4513b02)] -> xpath: //button[contains(text(),'Logout')]]
verify tab[[ChromeDriver: chrome on WINDOWS (1779389475f5b1b6a39a0869e4513b02)] -> xpath: //button[contains(text(),'Logout')]]
verify tab[[ChromeDriver: chrome on WINDOWS (1779389475f5b1b6a39a0869e4513b02)] -> xpath: //button[contains(text(),'Logout')]]
verify tab[[ChromeDriver: chrome on WINDOWS (1779389475f5b1b6a39a0869e4513b02)] -> xpath: //button[contains(text(),'Logout')]]
verify tab[[ChromeDriver: chrome on WINDOWS (1779389475f5b1b6a39a0869e4513b02)] -> xpath: //button[contains(text(),'Logout')]]
verify tab[[ChromeDriver: chrome on WINDOWS (1779389475f5b1b6a39a0869e4513b02)] -> xpath: //button[contains(text(),'Logout')]]
verify tab[[ChromeDriver: chrome on WINDOWS (1779389475f5b1b6a39a0869e4513b02)] -> xpath: //button[contains(text(),'Logout')]]
verify tab[[ChromeDriver: chrome on WINDOWS (1779389475f5b1b6a39a0869e4513b02)] -> xpath: //button[contains(text(),'Logout')]]
verify tab[[ChromeDriver: chrome on WINDOWS (1779389475f5b1b6a39a0869e4513b02)] -> xpath: //button[contains(text(),'Logout')]]
verify tab[[ChromeDriver: chrome on WINDOWS (1779389475f5b1b6a39a0869e4513b02)] -> xpath: //button[contains(text(),'Logout')]]
verify tab[[ChromeDriver: chrome on WINDOWS (1779389475f5b1b6a39a0869e4513b02)] -> xpath: //button[contains(text(),'Logout')]]
verify tab[[ChromeDriver: chrome on WINDOWS (1779389475f5b1b6a39a0869e4513b02)] -> xpath: //button[contains(text(),'Logout')]]
verify tab[[ChromeDriver: chrome on WINDOWS (1779389475f5b1b6a39a0869e4513b02)] -> xpath: //button[contains(text(),'Logout')]]
verify tab[[ChromeDriver: chrome on WINDOWS (1779389475f5b1b6a39a0869e4513b02)] -> xpath: //button[contains(text(),'Logout')]]
verify tab[[ChromeDriver: chrome on WINDOWS (1779389475f5b1b6a39a0869e4513b02)] -> xpath: //button[contains(text(),'Logout')]]
verify tab[[ChromeDriver: chrome on WINDOWS (1779389475f5b1b6a39a0869e4513b02)] -> xpath: //button[contains(text(),'Logout')]]
verify tab[[ChromeDriver: chrome on WINDOWS (1779389475f5b1b6a39a0869e4513b02)] -> xpath: //button[contains(text(),'Logout')]]
verify tab[[ChromeDriver: chrome on WINDOWS (1779389475f5b1b6a39a0869e4513b02)] -> xpath: //button[contains(text(),'Logout')]]
verify tab[[ChromeDriver: chrome on WINDOWS (1779389475f5b1b6a39a0869e4513b02)] -> xpath: //button[contains(text(),'Logout')]]
verify tab[[ChromeDriver: chrome on WINDOWS (1779389475f5b1b6a39a0869e4513b02)] -> xpath: //button[contains(text(),'Logout')]]
verify tab[[ChromeDriver: chrome on WINDOWS (1779389475f5b1b6a39a0869e4513b02)] -> xpath: //button[contains(text(),'Logout')]]
verify tab[[ChromeDriver: chrome on WINDOWS (1779389475f5b1b6a39a0869e4513b02)] -> xpath: //button[contains(text(),'Logout')]]
verify tab[[ChromeDriver: chrome on WINDOWS (1779389475f5b1b6a39a0869e4513b02)] -> xpath: //button[contains(text(),'Logout')]]
verify tab[[ChromeDriver: chrome on WINDOWS (1779389475f5b1b6a39a0869e4513b02)] -> xpath: //button[contains(text(),'Logout')]]
verify tab[[ChromeDriver: chrome on WINDOWS (1779389475f5b1b6a39a0869e4513b02)] -> xpath: //button[contains(text(),'Logout')]]
verify tab[[ChromeDriver: chrome on WINDOWS (1779389475f5b1b6a39a0869e4513b02)] -> xpath: //button[contains(text(),'Logout')]]
verify tab[[ChromeDriver: chrome on WINDOWS (1779389475f5b1b6a39a0869e4513b02)] -> xpath: //button[contains(text(),'Logout')]]
verify tab[[ChromeDriver: chrome on WINDOWS (1779389475f5b1b6a39a0869e4513b02)] -> xpath: //button[contains(text(),'Logout')]]
verify tab[[ChromeDriver: chrome on WINDOWS (1779389475f5b1b6a39a0869e4513b02)] -> xpath: //button[contains(text(),'Logout')]]
verify tab[[ChromeDriver: chrome on WINDOWS (1779389475f5b1b6a39a0869e4513b02)] -> xpath: //button[contains(text(),'Logout')]]
verify tab[[ChromeDriver: chrome on WINDOWS (1779389475f5b1b6a39a0869e4513b02)] -> xpath: //button[contains(text(),'Logout')]]
verify tab[[ChromeDriver: chrome on WINDOWS (1779389475f5b1b6a39a0869e4513b02)] -> xpath: //button[contains(text(),'Logout')]]
verify tab[[ChromeDriver: chrome on WINDOWS (1779389475f5b1b6a39a0869e4513b02)] -> xpath: //button[contains(text(),'Logout')]]
verify tab[[ChromeDriver: chrome on WINDOWS (1779389475f5b1b6a39a0869e4513b02)] -> xpath: //button[contains(text(),'Logout')]]
verify tab[[ChromeDriver: chrome on WINDOWS (1779389475f5b1b6a39a0869e4513b02)] -> xpath: //button[contains(text(),'Logout')]]
verify tab[[ChromeDriver: chrome on WINDOWS (1779389475f5b1b6a39a0869e4513b02)] -> xpath: //button[contains(text(),'Logout')]]
verify tab[[ChromeDriver: chrome on WINDOWS (1779389475f5b1b6a39a0869e4513b02)] -> xpath: //button[contains(text(),'Logout')]]
verify tab[[ChromeDriver: chrome on WINDOWS (1779389475f5b1b6a39a0869e4513b02)] -> xpath: //button[contains(text(),'Logout')]]
verify tab[[ChromeDriver: chrome on WINDOWS (1779389475f5b1b6a39a0869e4513b02)] -> xpath: //button[contains(text(),'Logout')]]
verify tab[[ChromeDriver: chrome on WINDOWS (1779389475f5b1b6a39a0869e4513b02)] -> xpath: //button[contains(text(),'Logout')]]
verify tab[[ChromeDriver: chrome on WINDOWS (1779389475f5b1b6a39a0869e4513b02)] -> xpath: //button[contains(text(),'Logout')]]
verify tab[[ChromeDriver: chrome on WINDOWS (1779389475f5b1b6a39a0869e4513b02)] -> xpath: //button[contains(text(),'Logout')]]
verify tab[[ChromeDriver: chrome on WINDOWS (1779389475f5b1b6a39a0869e4513b02)] -> xpath: //button[contains(text(),'Logout')]]
verify tab[[ChromeDriver: chrome on WINDOWS (1779389475f5b1b6a39a0869e4513b02)] -> xpath: //button[contains(text(),'Logout')]]
verify tab[[ChromeDriver: chrome on WINDOWS (1779389475f5b1b6a39a0869e4513b02)] -> xpath: //button[contains(text(),'Logout')]]
verify tab[[ChromeDriver: chrome on WINDOWS (1779389475f5b1b6a39a0869e4513b02)] -> xpath: //button[contains(text(),'Logout')]]
verify tab[[ChromeDriver: chrome on WINDOWS (1779389475f5b1b6a39a0869e4513b02)] -> xpath: //button[contains(text(),'Logout')]]
verify tab[[ChromeDriver: chrome on WINDOWS (1779389475f5b1b6a39a0869e4513b02)] -> xpath: //button[contains(text(),'Logout')]]
verify tab[[ChromeDriver: chrome on WINDOWS (1779389475f5b1b6a39a0869e4513b02)] -> xpath: //button[contains(text(),'Logout')]]
verify tab[[ChromeDriver: chrome on WINDOWS (1779389475f5b1b6a39a0869e4513b02)] -> xpath: //button[contains(text(),'Logout')]]
verify tab[[ChromeDriver: chrome on WINDOWS (1779389475f5b1b6a39a0869e4513b02)] -> xpath: //button[contains(text(),'Logout')]]
verify tab[[ChromeDriver: chrome on WINDOWS (1779389475f5b1b6a39a0869e4513b02)] -> xpath: //button[contains(text(),'Logout')]]
verify tab[[ChromeDriver: chrome on WINDOWS (1779389475f5b1b6a39a0869e4513b02)] -> xpath: //button[contains(text(),'Logout')]]
verify tab[[ChromeDriver: chrome on WINDOWS (1779389475f5b1b6a39a0869e4513b02)] -> xpath: //button[contains(text(),'Logout')]]
verify tab[[ChromeDriver: chrome on WINDOWS (1779389475f5b1b6a39a0869e4513b02)] -> xpath: //button[contains(text(),'Logout')]]
verify tab[[ChromeDriver: chrome on WINDOWS (1779389475f5b1b6a39a0869e4513b02)] -> xpath: //button[contains(text(),'Logout')]]
verify tab[[ChromeDriver: chrome on WINDOWS (1779389475f5b1b6a39a0869e4513b02)] -> xpath: //button[contains(text(),'Logout')]]
verify tab[[ChromeDriver: chrome on WINDOWS (1779389475f5b1b6a39a0869e4513b02)] -> xpath: //button[contains(text(),'Logout')]]
verify tab[[ChromeDriver: chrome on WINDOWS (1779389475f5b1b6a39a0869e4513b02)] -> xpath: //button[contains(text(),'Logout')]]
verify tab[[ChromeDriver: chrome on WINDOWS (1779389475f5b1b6a39a0869e4513b02)] -> xpath: //button[contains(text(),'Logout')]]
verify tab[[ChromeDriver: chrome on WINDOWS (1779389475f5b1b6a39a0869e4513b02)] -> xpath: //button[contains(text(),'Logout')]]
verify tab[[ChromeDriver: chrome on WINDOWS (1779389475f5b1b6a39a0869e4513b02)] -> xpath: //button[contains(text(),'Logout')]]
verify tab[[ChromeDriver: chrome on WINDOWS (1779389475f5b1b6a39a0869e4513b02)] -> xpath: //button[contains(text(),'Logout')]]
verify tab[[ChromeDriver: chrome on WINDOWS (1779389475f5b1b6a39a0869e4513b02)] -> xpath: //button[contains(text(),'Logout')]]
verify tab[[ChromeDriver: chrome on WINDOWS (1779389475f5b1b6a39a0869e4513b02)] -> xpath: //button[contains(text(),'Logout')]]
verify tab[[ChromeDriver: chrome on WINDOWS (1779389475f5b1b6a39a0869e4513b02)] -> xpath: //button[contains(text(),'Logout')]]
verify tab[[ChromeDriver: chrome on WINDOWS (1779389475f5b1b6a39a0869e4513b02)] -> xpath: //button[contains(text(),'Logout')]]
verify tab[[ChromeDriver: chrome on WINDOWS (1779389475f5b1b6a39a0869e4513b02)] -> xpath: //button[contains(text(),'Logout')]]
verify tab[[ChromeDriver: chrome on WINDOWS (1779389475f5b1b6a39a0869e4513b02)] -> xpath: //button[contains(text(),'Logout')]]
verify tab[[ChromeDriver: chrome on WINDOWS (1779389475f5b1b6a39a0869e4513b02)] -> xpath: //button[contains(text(),'Logout')]]
verify tab[[ChromeDriver: chrome on WINDOWS (1779389475f5b1b6a39a0869e4513b02)] -> xpath: //button[contains(text(),'Logout')]]
verify tab[[ChromeDriver: chrome on WINDOWS (1779389475f5b1b6a39a0869e4513b02)] -> xpath: //button[contains(text(),'Logout')]]
verify tab[[ChromeDriver: chrome on WINDOWS (1779389475f5b1b6a39a0869e4513b02)] -> xpath: //button[contains(text(),'Logout')]]
verify tab[[ChromeDriver: chrome on WINDOWS (1779389475f5b1b6a39a0869e4513b02)] -> xpath: //button[contains(text(),'Logout')]]
verify tab[[ChromeDriver: chrome on WINDOWS (1779389475f5b1b6a39a0869e4513b02)] -> xpath: //button[contains(text(),'Logout')]]
verify tab[[ChromeDriver: chrome on WINDOWS (1779389475f5b1b6a39a0869e4513b02)] -> xpath: //button[contains(text(),'Logout')]]
verify tab[[ChromeDriver: chrome on WINDOWS (1779389475f5b1b6a39a0869e4513b02)] -> xpath: //button[contains(text(),'Logout')]]
verify tab[[ChromeDriver: chrome on WINDOWS (1779389475f5b1b6a39a0869e4513b02)] -> xpath: //button[contains(text(),'Logout')]]
verify tab[[ChromeDriver: chrome on WINDOWS (1779389475f5b1b6a39a0869e4513b02)] -> xpath: //button[contains(text(),'Logout')]]
verify tab[[ChromeDriver: chrome on WINDOWS (1779389475f5b1b6a39a0869e4513b02)] -> xpath: //button[contains(text(),'Logout')]]
verify tab[[ChromeDriver: chrome on WINDOWS (1779389475f5b1b6a39a0869e4513b02)] -> xpath: //button[contains(text(),'Logout')]]
verify tab[[ChromeDriver: chrome on WINDOWS (1779389475f5b1b6a39a0869e4513b02)] -> xpath: //button[contains(text(),'Logout')]]
verify tab[[ChromeDriver: chrome on WINDOWS (1779389475f5b1b6a39a0869e4513b02)] -> xpath: //button[contains(text(),'Logout')]]
verify tab[[ChromeDriver: chrome on WINDOWS (1779389475f5b1b6a39a0869e4513b02)] -> xpath: //button[contains(text(),'Logout')]]
verify tab[[ChromeDriver: chrome on WINDOWS (1779389475f5b1b6a39a0869e4513b02)] -> xpath: //button[contains(text(),'Logout')]]
verify tab[[ChromeDriver: chrome on WINDOWS (1779389475f5b1b6a39a0869e4513b02)] -> xpath: //button[contains(text(),'Logout')]]
verify tab[[ChromeDriver: chrome on WINDOWS (1779389475f5b1b6a39a0869e4513b02)] -> xpath: //button[contains(text(),'Logout')]]
verify tab[[ChromeDriver: chrome on WINDOWS (1779389475f5b1b6a39a0869e4513b02)] -> xpath: //button[contains(text(),'Logout')]]
verify tab[[ChromeDriver: chrome on WINDOWS (1779389475f5b1b6a39a0869e4513b02)] -> xpath: //button[contains(text(),'Logout')]]
verify tab[[ChromeDriver: chrome on WINDOWS (1779389475f5b1b6a39a0869e4513b02)] -> xpath: //button[contains(text(),'Logout')]]
verify tab[[ChromeDriver: chrome on WINDOWS (1779389475f5b1b6a39a0869e4513b02)] -> xpath: //button[contains(text(),'Logout')]]
verify tab[[ChromeDriver: chrome on WINDOWS (1779389475f5b1b6a39a0869e4513b02)] -> xpath: //button[contains(text(),'Logout')]]
verify tab[[ChromeDriver: chrome on WINDOWS (1779389475f5b1b6a39a0869e4513b02)] -> xpath: //button[contains(text(),'Logout')]]
verify tab[[ChromeDriver: chrome on WINDOWS (1779389475f5b1b6a39a0869e4513b02)] -> xpath: //button[contains(text(),'Logout')]]
verify tab[[ChromeDriver: chrome on WINDOWS (1779389475f5b1b6a39a0869e4513b02)] -> xpath: //button[contains(text(),'Logout')]]
verify tab[[ChromeDriver: chrome on WINDOWS (1779389475f5b1b6a39a0869e4513b02)] -> xpath: //button[contains(text(),'Logout')]]
verify tab[[ChromeDriver: chrome on WINDOWS (1779389475f5b1b6a39a0869e4513b02)] -> xpath: //button[contains(text(),'Logout')]]
verify tab[[ChromeDriver: chrome on WINDOWS (1779389475f5b1b6a39a0869e4513b02)] -> xpath: //button[contains(text(),'Logout')]]
verify tab[[ChromeDriver: chrome on WINDOWS (1779389475f5b1b6a39a0869e4513b02)] -> xpath: //button[contains(text(),'Logout')]]
verify tab[[ChromeDriver: chrome on WINDOWS (1779389475f5b1b6a39a0869e4513b02)] -> xpath: //button[contains(text(),'Logout')]]
verify tab[[ChromeDriver: chrome on WINDOWS (1779389475f5b1b6a39a0869e4513b02)] -> xpath: //button[contains(text(),'Logout')]]
verify tab[[ChromeDriver: chrome on WINDOWS (1779389475f5b1b6a39a0869e4513b02)] -> xpath: //button[contains(text(),'Logout')]]
verify tab[[ChromeDriver: chrome on WINDOWS (1779389475f5b1b6a39a0869e4513b02)] -> xpath: //button[contains(text(),'Logout')]]
verify tab[[ChromeDriver: chrome on WINDOWS (1779389475f5b1b6a39a0869e4513b02)] -> xpath: //button[contains(text(),'Logout')]]
verify tab[[ChromeDriver: chrome on WINDOWS (1779389475f5b1b6a39a0869e4513b02)] -> xpath: //button[contains(text(),'Logout')]]
verify tab[[ChromeDriver: chrome on WINDOWS (1779389475f5b1b6a39a0869e4513b02)] -> xpath: //button[contains(text(),'Logout')]]
verify tab[[ChromeDriver: chrome on WINDOWS (1779389475f5b1b6a39a0869e4513b02)] -> xpath: //button[contains(text(),'Logout')]]
verify tab[[ChromeDriver: chrome on WINDOWS (1779389475f5b1b6a39a0869e4513b02)] -> xpath: //button[contains(text(),'Logout')]]
verify tab[[ChromeDriver: chrome on WINDOWS (1779389475f5b1b6a39a0869e4513b02)] -> xpath: //button[contains(text(),'Logout')]]
verify tab[[ChromeDriver: chrome on WINDOWS (1779389475f5b1b6a39a0869e4513b02)] -> xpath: //button[contains(text(),'Logout')]]
verify tab[[ChromeDriver: chrome on WINDOWS (1779389475f5b1b6a39a0869e4513b02)] -> xpath: //button[contains(text(),'Logout')]]
verify tab[[ChromeDriver: chrome on WINDOWS (1779389475f5b1b6a39a0869e4513b02)] -> xpath: //button[contains(text(),'Logout')]]
verify tab[[ChromeDriver: chrome on WINDOWS (1779389475f5b1b6a39a0869e4513b02)] -> xpath: //button[contains(text(),'Logout')]]
verify tab[[ChromeDriver: chrome on WINDOWS (1779389475f5b1b6a39a0869e4513b02)] -> xpath: //button[contains(text(),'Logout')]]
verify tab[[ChromeDriver: chrome on WINDOWS (1779389475f5b1b6a39a0869e4513b02)] -> xpath: //button[contains(text(),'Logout')]]
verify tab[[ChromeDriver: chrome on WINDOWS (1779389475f5b1b6a39a0869e4513b02)] -> xpath: //button[contains(text(),'Logout')]]
verify tab[[ChromeDriver: chrome on WINDOWS (1779389475f5b1b6a39a0869e4513b02)] -> xpath: //button[contains(text(),'Logout')]]
verify tab[[ChromeDriver: chrome on WINDOWS (1779389475f5b1b6a39a0869e4513b02)] -> xpath: //button[contains(text(),'Logout')]]
verify tab[[ChromeDriver: chrome on WINDOWS (1779389475f5b1b6a39a0869e4513b02)] -> xpath: //button[contains(text(),'Logout')]]
verify tab[[ChromeDriver: chrome on WINDOWS (1779389475f5b1b6a39a0869e4513b02)] -> xpath: //button[contains(text(),'Logout')]]
verify tab[[ChromeDriver: chrome on WINDOWS (1779389475f5b1b6a39a0869e4513b02)] -> xpath: //button[contains(text(),'Logout')]]
verify tab[[ChromeDriver: chrome on WINDOWS (1779389475f5b1b6a39a0869e4513b02)] -> xpath: //button[contains(text(),'Logout')]]
verify tab[[ChromeDriver: chrome on WINDOWS (1779389475f5b1b6a39a0869e4513b02)] -> xpath: //button[contains(text(),'Logout')]]
verify tab[[ChromeDriver: chrome on WINDOWS (1779389475f5b1b6a39a0869e4513b02)] -> xpath: //button[contains(text(),'Logout')]]
verify tab[[ChromeDriver: chrome on WINDOWS (1779389475f5b1b6a39a0869e4513b02)] -> xpath: //button[contains(text(),'Logout')]]
verify tab[[ChromeDriver: chrome on WINDOWS (1779389475f5b1b6a39a0869e4513b02)] -> xpath: //button[contains(text(),'Logout')]]
verify tab[[ChromeDriver: chrome on WINDOWS (1779389475f5b1b6a39a0869e4513b02)] -> xpath: //button[contains(text(),'Logout')]]
verify tab[[ChromeDriver: chrome on WINDOWS (1779389475f5b1b6a39a0869e4513b02)] -> xpath: //button[contains(text(),'Logout')]]
verify tab[[ChromeDriver: chrome on WINDOWS (1779389475f5b1b6a39a0869e4513b02)] -> xpath: //button[contains(text(),'Logout')]]
verify tab[[ChromeDriver: chrome on WINDOWS (1779389475f5b1b6a39a0869e4513b02)] -> xpath: //button[contains(text(),'Logout')]]
verify tab[[ChromeDriver: chrome on WINDOWS (1779389475f5b1b6a39a0869e4513b02)] -> xpath: //button[contains(text(),'Logout')]]
verify tab[[ChromeDriver: chrome on WINDOWS (1779389475f5b1b6a39a0869e4513b02)] -> xpath: //button[contains(text(),'Logout')]]
verify tab[[ChromeDriver: chrome on WINDOWS (1779389475f5b1b6a39a0869e4513b02)] -> xpath: //button[contains(text(),'Logout')]]
verify tab[[ChromeDriver: chrome on WINDOWS (1779389475f5b1b6a39a0869e4513b02)] -> xpath: //button[contains(text(),'Logout')]]
verify tab[[ChromeDriver: chrome on WINDOWS (1779389475f5b1b6a39a0869e4513b02)] -> xpath: //button[contains(text(),'Logout')]]
verify tab[[ChromeDriver: chrome on WINDOWS (1779389475f5b1b6a39a0869e4513b02)] -> xpath: //button[contains(text(),'Logout')]]
verify tab[[ChromeDriver: chrome on WINDOWS (1779389475f5b1b6a39a0869e4513b02)] -> xpath: //button[contains(text(),'Logout')]]
verify tab[[ChromeDriver: chrome on WINDOWS (1779389475f5b1b6a39a0869e4513b02)] -> xpath: //button[contains(text(),'Logout')]]
verify tab[[ChromeDriver: chrome on WINDOWS (1779389475f5b1b6a39a0869e4513b02)] -> xpath: //button[contains(text(),'Logout')]]
verify tab[[ChromeDriver: chrome on WINDOWS (1779389475f5b1b6a39a0869e4513b02)] -> xpath: //button[contains(text(),'Logout')]]
verify tab[[ChromeDriver: chrome on WINDOWS (1779389475f5b1b6a39a0869e4513b02)] -> xpath: //button[contains(text(),'Logout')]]
verify tab[[ChromeDriver: chrome on WINDOWS (1779389475f5b1b6a39a0869e4513b02)] -> xpath: //button[contains(text(),'Logout')]]
verify tab[[ChromeDriver: chrome on WINDOWS (1779389475f5b1b6a39a0869e4513b02)] -> xpath: //button[contains(text(),'Logout')]]
verify tab[[ChromeDriver: chrome on WINDOWS (1779389475f5b1b6a39a0869e4513b02)] -> xpath: //button[contains(text(),'Logout')]]
verify tab[[ChromeDriver: chrome on WINDOWS (1779389475f5b1b6a39a0869e4513b02)] -> xpath: //button[contains(text(),'Logout')]]
verify tab[[ChromeDriver: chrome on WINDOWS (1779389475f5b1b6a39a0869e4513b02)] -> xpath: //button[contains(text(),'Logout')]]
verify tab[[ChromeDriver: chrome on WINDOWS (1779389475f5b1b6a39a0869e4513b02)] -> xpath: //button[contains(text(),'Logout')]]
verify tab[[ChromeDriver: chrome on WINDOWS (1779389475f5b1b6a39a0869e4513b02)] -> xpath: //button[contains(text(),'Logout')]]
verify tab[[ChromeDriver: chrome on WINDOWS (1779389475f5b1b6a39a0869e4513b02)] -> xpath: //button[contains(text(),'Logout')]]
verify tab[[ChromeDriver: chrome on WINDOWS (1779389475f5b1b6a39a0869e4513b02)] -> xpath: //button[contains(text(),'Logout')]]
verify tab[[ChromeDriver: chrome on WINDOWS (1779389475f5b1b6a39a0869e4513b02)] -> xpath: //button[contains(text(),'Logout')]]
verify tab[[ChromeDriver: chrome on WINDOWS (1779389475f5b1b6a39a0869e4513b02)] -> xpath: //button[contains(text(),'Logout')]]
verify tab[[ChromeDriver: chrome on WINDOWS (1779389475f5b1b6a39a0869e4513b02)] -> xpath: //button[contains(text(),'Logout')]]
verify tab[[ChromeDriver: chrome on WINDOWS (1779389475f5b1b6a39a0869e4513b02)] -> xpath: //button[contains(text(),'Logout')]]
verify tab[[ChromeDriver: chrome on WINDOWS (1779389475f5b1b6a39a0869e4513b02)] -> xpath: //button[contains(text(),'Logout')]]
verify tab[[ChromeDriver: chrome on WINDOWS (1779389475f5b1b6a39a0869e4513b02)] -> xpath: //button[contains(text(),'Logout')]]
verify tab[[ChromeDriver: chrome on WINDOWS (1779389475f5b1b6a39a0869e4513b02)] -> xpath: //button[contains(text(),'Logout')]]
verify tab[[ChromeDriver: chrome on WINDOWS (1779389475f5b1b6a39a0869e4513b02)] -> xpath: //button[contains(text(),'Logout')]]
verify tab[[ChromeDriver: chrome on WINDOWS (1779389475f5b1b6a39a0869e4513b02)] -> xpath: //button[contains(text(),'Logout')]]
verify tab[[ChromeDriver: chrome on WINDOWS (1779389475f5b1b6a39a0869e4513b02)] -> xpath: //button[contains(text(),'Logout')]]
verify tab[[ChromeDriver: chrome on WINDOWS (1779389475f5b1b6a39a0869e4513b02)] -> xpath: //button[contains(text(),'Logout')]]
verify tab[[ChromeDriver: chrome on WINDOWS (1779389475f5b1b6a39a0869e4513b02)] -> xpath: //button[contains(text(),'Logout')]]
verify tab[[ChromeDriver: chrome on WINDOWS (1779389475f5b1b6a39a0869e4513b02)] -> xpath: //button[contains(text(),'Logout')]]
verify tab[[ChromeDriver: chrome on WINDOWS (1779389475f5b1b6a39a0869e4513b02)] -> xpath: //button[contains(text(),'Logout')]]
verify tab[[ChromeDriver: chrome on WINDOWS (1779389475f5b1b6a39a0869e4513b02)] -> xpath: //button[contains(text(),'Logout')]]
verify tab[[ChromeDriver: chrome on WINDOWS (1779389475f5b1b6a39a0869e4513b02)] -> xpath: //button[contains(text(),'Logout')]]
verify tab[[ChromeDriver: chrome on WINDOWS (1779389475f5b1b6a39a0869e4513b02)] -> xpath: //button[contains(text(),'Logout')]]
verify tab[[ChromeDriver: chrome on WINDOWS (1779389475f5b1b6a39a0869e4513b02)] -> xpath: //button[contains(text(),'Logout')]]
verify tab[[ChromeDriver: chrome on WINDOWS (1779389475f5b1b6a39a0869e4513b02)] -> xpath: //button[contains(text(),'Logout')]]
verify tab[[ChromeDriver: chrome on WINDOWS (1779389475f5b1b6a39a0869e4513b02)] -> xpath: //button[contains(text(),'Logout')]]
verify tab[[ChromeDriver: chrome on WINDOWS (1779389475f5b1b6a39a0869e4513b02)] -> xpath: //button[contains(text(),'Logout')]]
verify tab[[ChromeDriver: chrome on WINDOWS (1779389475f5b1b6a39a0869e4513b02)] -> xpath: //button[contains(text(),'Logout')]]
verify tab[[ChromeDriver: chrome on WINDOWS (1779389475f5b1b6a39a0869e4513b02)] -> xpath: //button[contains(text(),'Logout')]]
verify tab[[ChromeDriver: chrome on WINDOWS (1779389475f5b1b6a39a0869e4513b02)] -> xpath: //button[contains(text(),'Logout')]]
verify tab[[ChromeDriver: chrome on WINDOWS (1779389475f5b1b6a39a0869e4513b02)] -> xpath: //button[contains(text(),'Logout')]]
verify tab[[ChromeDriver: chrome on WINDOWS (1779389475f5b1b6a39a0869e4513b02)] -> xpath: //button[contains(text(),'Logout')]]
verify tab[[ChromeDriver: chrome on WINDOWS (1779389475f5b1b6a39a0869e4513b02)] -> xpath: //button[contains(text(),'Logout')]]
verify tab[[ChromeDriver: chrome on WINDOWS (1779389475f5b1b6a39a0869e4513b02)] -> xpath: //button[contains(text(),'Logout')]]
verify tab[[ChromeDriver: chrome on WINDOWS (1779389475f5b1b6a39a0869e4513b02)] -> xpath: //button[contains(text(),'Logout')]]
verify tab[[ChromeDriver: chrome on WINDOWS (1779389475f5b1b6a39a0869e4513b02)] -> xpath: //button[contains(text(),'Logout')]]
verify tab[[ChromeDriver: chrome on WINDOWS (1779389475f5b1b6a39a0869e4513b02)] -> xpath: //button[contains(text(),'Logout')]]
verify tab[[ChromeDriver: chrome on WINDOWS (1779389475f5b1b6a39a0869e4513b02)] -> xpath: //button[contains(text(),'Logout')]]
verify tab[[ChromeDriver: chrome on WINDOWS (1779389475f5b1b6a39a0869e4513b02)] -> xpath: //button[contains(text(),'Logout')]]
verify tab[[ChromeDriver: chrome on WINDOWS (1779389475f5b1b6a39a0869e4513b02)] -> xpath: //button[contains(text(),'Logout')]]
verify tab[[ChromeDriver: chrome on WINDOWS (1779389475f5b1b6a39a0869e4513b02)] -> xpath: //button[contains(text(),'Logout')]]
verify tab[[ChromeDriver: chrome on WINDOWS (1779389475f5b1b6a39a0869e4513b02)] -> xpath: //button[contains(text(),'Logout')]]
verify tab[[ChromeDriver: chrome on WINDOWS (1779389475f5b1b6a39a0869e4513b02)] -> xpath: //button[contains(text(),'Logout')]]
verify tab[[ChromeDriver: chrome on WINDOWS (1779389475f5b1b6a39a0869e4513b02)] -> xpath: //button[contains(text(),'Logout')]]
verify tab[[ChromeDriver: chrome on WINDOWS (1779389475f5b1b6a39a0869e4513b02)] -> xpath: //button[contains(text(),'Logout')]]
verify tab[[ChromeDriver: chrome on WINDOWS (1779389475f5b1b6a39a0869e4513b02)] -> xpath: //button[contains(text(),'Logout')]]
verify tab[[ChromeDriver: chrome on WINDOWS (1779389475f5b1b6a39a0869e4513b02)] -> xpath: //button[contains(text(),'Logout')]]
verify tab[[ChromeDriver: chrome on WINDOWS (1779389475f5b1b6a39a0869e4513b02)] -> xpath: //button[contains(text(),'Logout')]]
verify tab[[ChromeDriver: chrome on WINDOWS (1779389475f5b1b6a39a0869e4513b02)] -> xpath: //button[contains(text(),'Logout')]]
verify tab[[ChromeDriver: chrome on WINDOWS (1779389475f5b1b6a39a0869e4513b02)] -> xpath: //button[contains(text(),'Logout')]]
verify tab[[ChromeDriver: chrome on WINDOWS (1779389475f5b1b6a39a0869e4513b02)] -> xpath: //button[contains(text(),'Logout')]]
verify tab[[ChromeDriver: chrome on WINDOWS (1779389475f5b1b6a39a0869e4513b02)] -> xpath: //button[contains(text(),'Logout')]]
verify tab[[ChromeDriver: chrome on WINDOWS (1779389475f5b1b6a39a0869e4513b02)] -> xpath: //button[contains(text(),'Logout')]]
verify tab[[ChromeDriver: chrome on WINDOWS (1779389475f5b1b6a39a0869e4513b02)] -> xpath: //button[contains(text(),'Logout')]]
verify tab[[ChromeDriver: chrome on WINDOWS (1779389475f5b1b6a39a0869e4513b02)] -> xpath: //button[contains(text(),'Logout')]]
verify tab[[ChromeDriver: chrome on WINDOWS (1779389475f5b1b6a39a0869e4513b02)] -> xpath: //button[contains(text(),'Logout')]]
verify tab[[ChromeDriver: chrome on WINDOWS (1779389475f5b1b6a39a0869e4513b02)] -> xpath: //button[contains(text(),'Logout')]]
verify tab[[ChromeDriver: chrome on WINDOWS (1779389475f5b1b6a39a0869e4513b02)] -> xpath: //button[contains(text(),'Logout')]]
verify tab[[ChromeDriver: chrome on WINDOWS (1779389475f5b1b6a39a0869e4513b02)] -> xpath: //button[contains(text(),'Logout')]]
verify tab[[ChromeDriver: chrome on WINDOWS (1779389475f5b1b6a39a0869e4513b02)] -> xpath: //button[contains(text(),'Logout')]]
verify tab[[ChromeDriver: chrome on WINDOWS (1779389475f5b1b6a39a0869e4513b02)] -> xpath: //button[contains(text(),'Logout')]]
verify tab[[ChromeDriver: chrome on WINDOWS (1779389475f5b1b6a39a0869e4513b02)] -> xpath: //button[contains(text(),'Logout')]]
verify tab[[ChromeDriver: chrome on WINDOWS (1779389475f5b1b6a39a0869e4513b02)] -> xpath: //button[contains(text(),'Logout')]]
verify tab[[ChromeDriver: chrome on WINDOWS (1779389475f5b1b6a39a0869e4513b02)] -> xpath: //button[contains(text(),'Logout')]]
verify tab[[ChromeDriver: chrome on WINDOWS (1779389475f5b1b6a39a0869e4513b02)] -> xpath: //button[contains(text(),'Logout')]]
verify tab[[ChromeDriver: chrome on WINDOWS (1779389475f5b1b6a39a0869e4513b02)] -> xpath: //button[contains(text(),'Logout')]]
verify tab[[ChromeDriver: chrome on WINDOWS (1779389475f5b1b6a39a0869e4513b02)] -> xpath: //button[contains(text(),'Logout')]]
verify tab[[ChromeDriver: chrome on WINDOWS (1779389475f5b1b6a39a0869e4513b02)] -> xpath: //button[contains(text(),'Logout')]]
verify tab[[ChromeDriver: chrome on WINDOWS (1779389475f5b1b6a39a0869e4513b02)] -> xpath: //button[contains(text(),'Logout')]]
verify tab[[ChromeDriver: chrome on WINDOWS (1779389475f5b1b6a39a0869e4513b02)] -> xpath: //button[contains(text(),'Logout')]]
verify tab[[ChromeDriver: chrome on WINDOWS (1779389475f5b1b6a39a0869e4513b02)] -> xpath: //button[contains(text(),'Logout')]]
verify tab[[ChromeDriver: chrome on WINDOWS (1779389475f5b1b6a39a0869e4513b02)] -> xpath: //button[contains(text(),'Logout')]]
verify tab[[ChromeDriver: chrome on WINDOWS (1779389475f5b1b6a39a0869e4513b02)] -> xpath: //button[contains(text(),'Logout')]]
verify tab[[ChromeDriver: chrome on WINDOWS (1779389475f5b1b6a39a0869e4513b02)] -> xpath: //button[contains(text(),'Logout')]]
verify tab[[ChromeDriver: chrome on WINDOWS (1779389475f5b1b6a39a0869e4513b02)] -> xpath: //button[contains(text(),'Logout')]]
verify tab[[ChromeDriver: chrome on WINDOWS (1779389475f5b1b6a39a0869e4513b02)] -> xpath: //button[contains(text(),'Logout')]]
verify tab[[ChromeDriver: chrome on WINDOWS (1779389475f5b1b6a39a0869e4513b02)] -> xpath: //button[contains(text(),'Logout')]]
verify tab[[ChromeDriver: chrome on WINDOWS (1779389475f5b1b6a39a0869e4513b02)] -> xpath: //button[contains(text(),'Logout')]]
verify tab[[ChromeDriver: chrome on WINDOWS (1779389475f5b1b6a39a0869e4513b02)] -> xpath: //button[contains(text(),'Logout')]]
verify tab[[ChromeDriver: chrome on WINDOWS (1779389475f5b1b6a39a0869e4513b02)] -> xpath: //button[contains(text(),'Logout')]]
verify tab[[ChromeDriver: chrome on WINDOWS (1779389475f5b1b6a39a0869e4513b02)] -> xpath: //button[contains(text(),'Logout')]]
verify tab[[ChromeDriver: chrome on WINDOWS (1779389475f5b1b6a39a0869e4513b02)] -> xpath: //button[contains(text(),'Logout')]]
verify tab[[ChromeDriver: chrome on WINDOWS (1779389475f5b1b6a39a0869e4513b02)] -> xpath: //button[contains(text(),'Logout')]]
verify tab[[ChromeDriver: chrome on WINDOWS (1779389475f5b1b6a39a0869e4513b02)] -> xpath: //button[contains(text(),'Logout')]]
verify tab[[ChromeDriver: chrome on WINDOWS (1779389475f5b1b6a39a0869e4513b02)] -> xpath: //button[contains(text(),'Logout')]]
verify tab[[ChromeDriver: chrome on WINDOWS (1779389475f5b1b6a39a0869e4513b02)] -> xpath: //button[contains(text(),'Logout')]]
verify tab[[ChromeDriver: chrome on WINDOWS (1779389475f5b1b6a39a0869e4513b02)] -> xpath: //button[contains(text(),'Logout')]]
verify tab[[ChromeDriver: chrome on WINDOWS (1779389475f5b1b6a39a0869e4513b02)] -> xpath: //button[contains(text(),'Logout')]]
verify tab[[ChromeDriver: chrome on WINDOWS (1779389475f5b1b6a39a0869e4513b02)] -> xpath: //button[contains(text(),'Logout')]]
verify tab[[ChromeDriver: chrome on WINDOWS (1779389475f5b1b6a39a0869e4513b02)] -> xpath: //button[contains(text(),'Logout')]]
verify tab[[ChromeDriver: chrome on WINDOWS (1779389475f5b1b6a39a0869e4513b02)] -> xpath: //button[contains(text(),'Logout')]]
verify tab[[ChromeDriver: chrome on WINDOWS (1779389475f5b1b6a39a0869e4513b02)] -> xpath: //button[contains(text(),'Logout')]]
verify tab[[ChromeDriver: chrome on WINDOWS (1779389475f5b1b6a39a0869e4513b02)] -> xpath: //button[contains(text(),'Logout')]]
verify tab[[ChromeDriver: chrome on WINDOWS (1779389475f5b1b6a39a0869e4513b02)] -> xpath: //button[contains(text(),'Logout')]]
verify tab[[ChromeDriver: chrome on WINDOWS (1779389475f5b1b6a39a0869e4513b02)] -> xpath: //button[contains(text(),'Logout')]]
verify tab[[ChromeDriver: chrome on WINDOWS (1779389475f5b1b6a39a0869e4513b02)] -> xpath: //button[contains(text(),'Logout')]]
verify tab[[ChromeDriver: chrome on WINDOWS (1779389475f5b1b6a39a0869e4513b02)] -> xpath: //button[contains(text(),'Logout')]]
verify tab[[ChromeDriver: chrome on WINDOWS (1779389475f5b1b6a39a0869e4513b02)] -> xpath: //button[contains(text(),'Logout')]]
verify tab[[ChromeDriver: chrome on WINDOWS (1779389475f5b1b6a39a0869e4513b02)] -> xpath: //button[contains(text(),'Logout')]]
verify tab[[ChromeDriver: chrome on WINDOWS (1779389475f5b1b6a39a0869e4513b02)] -> xpath: //button[contains(text(),'Logout')]]
verify tab[[ChromeDriver: chrome on WINDOWS (1779389475f5b1b6a39a0869e4513b02)] -> xpath: //button[contains(text(),'Logout')]]
verify tab[[ChromeDriver: chrome on WINDOWS (1779389475f5b1b6a39a0869e4513b02)] -> xpath: //button[contains(text(),'Logout')]]
verify tab[[ChromeDriver: chrome on WINDOWS (1779389475f5b1b6a39a0869e4513b02)] -> xpath: //button[contains(text(),'Logout')]]
verify tab[[ChromeDriver: chrome on WINDOWS (1779389475f5b1b6a39a0869e4513b02)] -> xpath: //button[contains(text(),'Logout')]]
verify tab[[ChromeDriver: chrome on WINDOWS (1779389475f5b1b6a39a0869e4513b02)] -> xpath: //button[contains(text(),'Logout')]]
verify tab[[ChromeDriver: chrome on WINDOWS (1779389475f5b1b6a39a0869e4513b02)] -> xpath: //button[contains(text(),'Logout')]]
verify tab[[ChromeDriver: chrome on WINDOWS (1779389475f5b1b6a39a0869e4513b02)] -> xpath: //button[contains(text(),'Logout')]]
verify tab[[ChromeDriver: chrome on WINDOWS (1779389475f5b1b6a39a0869e4513b02)] -> xpath: //button[contains(text(),'Logout')]]
verify tab[[ChromeDriver: chrome on WINDOWS (1779389475f5b1b6a39a0869e4513b02)] -> xpath: //button[contains(text(),'Logout')]]
verify tab[[ChromeDriver: chrome on WINDOWS (1779389475f5b1b6a39a0869e4513b02)] -> xpath: //button[contains(text(),'Logout')]]
verify tab[[ChromeDriver: chrome on WINDOWS (1779389475f5b1b6a39a0869e4513b02)] -> xpath: //button[contains(text(),'Logout')]]
verify tab[[ChromeDriver: chrome on WINDOWS (1779389475f5b1b6a39a0869e4513b02)] -> xpath: //button[contains(text(),'Logout')]]
verify tab[[ChromeDriver: chrome on WINDOWS (1779389475f5b1b6a39a0869e4513b02)] -> xpath: //button[contains(text(),'Logout')]]
verify tab[[ChromeDriver: chrome on WINDOWS (1779389475f5b1b6a39a0869e4513b02)] -> xpath: //button[contains(text(),'Logout')]]
verify tab[[ChromeDriver: chrome on WINDOWS (1779389475f5b1b6a39a0869e4513b02)] -> xpath: //button[contains(text(),'Logout')]]
verify tab[[ChromeDriver: chrome on WINDOWS (1779389475f5b1b6a39a0869e4513b02)] -> xpath: //button[contains(text(),'Logout')]]
verify tab[[ChromeDriver: chrome on WINDOWS (1779389475f5b1b6a39a0869e4513b02)] -> xpath: //button[contains(text(),'Logout')]]
verify tab[[ChromeDriver: chrome on WINDOWS (1779389475f5b1b6a39a0869e4513b02)] -> xpath: //button[contains(text(),'Logout')]]
verify tab[[ChromeDriver: chrome on WINDOWS (1779389475f5b1b6a39a0869e4513b02)] -> xpath: //button[contains(text(),'Logout')]]
verify tab[[ChromeDriver: chrome on WINDOWS (1779389475f5b1b6a39a0869e4513b02)] -> xpath: //button[contains(text(),'Logout')]]
verify tab[[ChromeDriver: chrome on WINDOWS (1779389475f5b1b6a39a0869e4513b02)] -> xpath: //button[contains(text(),'Logout')]]
verify tab[[ChromeDriver: chrome on WINDOWS (1779389475f5b1b6a39a0869e4513b02)] -> xpath: //button[contains(text(),'Logout')]]
verify tab[[ChromeDriver: chrome on WINDOWS (1779389475f5b1b6a39a0869e4513b02)] -> xpath: //button[contains(text(),'Logout')]]
verify tab[[ChromeDriver: chrome on WINDOWS (1779389475f5b1b6a39a0869e4513b02)] -> xpath: //button[contains(text(),'Logout')]]
verify tab[[ChromeDriver: chrome on WINDOWS (1779389475f5b1b6a39a0869e4513b02)] -> xpath: //button[contains(text(),'Logout')]]
verify tab[[ChromeDriver: chrome on WINDOWS (1779389475f5b1b6a39a0869e4513b02)] -> xpath: //button[contains(text(),'Logout')]]
verify tab[[ChromeDriver: chrome on WINDOWS (1779389475f5b1b6a39a0869e4513b02)] -> xpath: //button[contains(text(),'Logout')]]
verify tab[[ChromeDriver: chrome on WINDOWS (1779389475f5b1b6a39a0869e4513b02)] -> xpath: //button[contains(text(),'Logout')]]
verify tab[[ChromeDriver: chrome on WINDOWS (1779389475f5b1b6a39a0869e4513b02)] -> xpath: //button[contains(text(),'Logout')]]
verify tab[[ChromeDriver: chrome on WINDOWS (1779389475f5b1b6a39a0869e4513b02)] -> xpath: //button[contains(text(),'Logout')]]
verify tab[[ChromeDriver: chrome on WINDOWS (1779389475f5b1b6a39a0869e4513b02)] -> xpath: //button[contains(text(),'Logout')]]
verify tab[[ChromeDriver: chrome on WINDOWS (1779389475f5b1b6a39a0869e4513b02)] -> xpath: //button[contains(text(),'Logout')]]
verify tab[[ChromeDriver: chrome on WINDOWS (1779389475f5b1b6a39a0869e4513b02)] -> xpath: //button[contains(text(),'Logout')]]
verify tab[[ChromeDriver: chrome on WINDOWS (1779389475f5b1b6a39a0869e4513b02)] -> xpath: //button[contains(text(),'Logout')]]
verify tab[[ChromeDriver: chrome on WINDOWS (1779389475f5b1b6a39a0869e4513b02)] -> xpath: //button[contains(text(),'Logout')]]
verify tab[[ChromeDriver: chrome on WINDOWS (1779389475f5b1b6a39a0869e4513b02)] -> xpath: //button[contains(text(),'Logout')]]
verify tab[[ChromeDriver: chrome on WINDOWS (1779389475f5b1b6a39a0869e4513b02)] -> xpath: //button[contains(text(),'Logout')]]
verify tab[[ChromeDriver: chrome on WINDOWS (1779389475f5b1b6a39a0869e4513b02)] -> xpath: //button[contains(text(),'Logout')]]
verify tab[[ChromeDriver: chrome on WINDOWS (1779389475f5b1b6a39a0869e4513b02)] -> xpath: //button[contains(text(),'Logout')]]
verify tab[[ChromeDriver: chrome on WINDOWS (1779389475f5b1b6a39a0869e4513b02)] -> xpath: //button[contains(text(),'Logout')]]
verify tab[[ChromeDriver: chrome on WINDOWS (1779389475f5b1b6a39a0869e4513b02)] -> xpath: //button[contains(text(),'Logout')]]
verify tab[[ChromeDriver: chrome on WINDOWS (1779389475f5b1b6a39a0869e4513b02)] -> xpath: //button[contains(text(),'Logout')]]
verify tab[[ChromeDriver: chrome on WINDOWS (1779389475f5b1b6a39a0869e4513b02)] -> xpath: //button[contains(text(),'Logout')]]
verify tab[[ChromeDriver: chrome on WINDOWS (1779389475f5b1b6a39a0869e4513b02)] -> xpath: //button[contains(text(),'Logout')]]
verify tab[[ChromeDriver: chrome on WINDOWS (1779389475f5b1b6a39a0869e4513b02)] -> xpath: //button[contains(text(),'Logout')]]
verify tab[[ChromeDriver: chrome on WINDOWS (1779389475f5b1b6a39a0869e4513b02)] -> xpath: //button[contains(text(),'Logout')]]
verify tab[[ChromeDriver: chrome on WINDOWS (1779389475f5b1b6a39a0869e4513b02)] -> xpath: //button[contains(text(),'Logout')]]
verify tab[[ChromeDriver: chrome on WINDOWS (1779389475f5b1b6a39a0869e4513b02)] -> xpath: //button[contains(text(),'Logout')]]
verify tab[[ChromeDriver: chrome on WINDOWS (1779389475f5b1b6a39a0869e4513b02)] -> xpath: //button[contains(text(),'Logout')]]
verify tab[[ChromeDriver: chrome on WINDOWS (1779389475f5b1b6a39a0869e4513b02)] -> xpath: //button[contains(text(),'Logout')]]
verify tab[[ChromeDriver: chrome on WINDOWS (1779389475f5b1b6a39a0869e4513b02)] -> xpath: //button[contains(text(),'Logout')]]
verify tab[[ChromeDriver: chrome on WINDOWS (1779389475f5b1b6a39a0869e4513b02)] -> xpath: //button[contains(text(),'Logout')]]
verify tab[[ChromeDriver: chrome on WINDOWS (1779389475f5b1b6a39a0869e4513b02)] -> xpath: //button[contains(text(),'Logout')]]
verify tab[[ChromeDriver: chrome on WINDOWS (1779389475f5b1b6a39a0869e4513b02)] -> xpath: //button[contains(text(),'Logout')]]
verify tab[[ChromeDriver: chrome on WINDOWS (1779389475f5b1b6a39a0869e4513b02)] -> xpath: //button[contains(text(),'Logout')]]
verify tab[[ChromeDriver: chrome on WINDOWS (1779389475f5b1b6a39a0869e4513b02)] -> xpath: //button[contains(text(),'Logout')]]
verify tab[[ChromeDriver: chrome on WINDOWS (1779389475f5b1b6a39a0869e4513b02)] -> xpath: //button[contains(text(),'Logout')]]
verify tab[[ChromeDriver: chrome on WINDOWS (1779389475f5b1b6a39a0869e4513b02)] -> xpath: //button[contains(text(),'Logout')]]
verify tab[[ChromeDriver: chrome on WINDOWS (1779389475f5b1b6a39a0869e4513b02)] -> xpath: //button[contains(text(),'Logout')]]
verify tab[[ChromeDriver: chrome on WINDOWS (1779389475f5b1b6a39a0869e4513b02)] -> xpath: //button[contains(text(),'Logout')]]
verify tab[[ChromeDriver: chrome on WINDOWS (1779389475f5b1b6a39a0869e4513b02)] -> xpath: //button[contains(text(),'Logout')]]
verify tab[[ChromeDriver: chrome on WINDOWS (1779389475f5b1b6a39a0869e4513b02)] -> xpath: //button[contains(text(),'Logout')]]
verify tab[[ChromeDriver: chrome on WINDOWS (1779389475f5b1b6a39a0869e4513b02)] -> xpath: //button[contains(text(),'Logout')]]
verify tab[[ChromeDriver: chrome on WINDOWS (1779389475f5b1b6a39a0869e4513b02)] -> xpath: //button[contains(text(),'Logout')]]
verify tab[[ChromeDriver: chrome on WINDOWS (1779389475f5b1b6a39a0869e4513b02)] -> xpath: //button[contains(text(),'Logout')]]
verify tab[[ChromeDriver: chrome on WINDOWS (1779389475f5b1b6a39a0869e4513b02)] -> xpath: //button[contains(text(),'Logout')]]
verify tab[[ChromeDriver: chrome on WINDOWS (1779389475f5b1b6a39a0869e4513b02)] -> xpath: //button[contains(text(),'Logout')]]
verify tab[[ChromeDriver: chrome on WINDOWS (1779389475f5b1b6a39a0869e4513b02)] -> xpath: //button[contains(text(),'Logout')]]
verify tab[[ChromeDriver: chrome on WINDOWS (1779389475f5b1b6a39a0869e4513b02)] -> xpath: //button[contains(text(),'Logout')]]
verify tab[[ChromeDriver: chrome on WINDOWS (1779389475f5b1b6a39a0869e4513b02)] -> xpath: //button[contains(text(),'Logout')]]
verify tab[[ChromeDriver: chrome on WINDOWS (1779389475f5b1b6a39a0869e4513b02)] -> xpath: //button[contains(text(),'Logout')]]
verify tab[[ChromeDriver: chrome on WINDOWS (1779389475f5b1b6a39a0869e4513b02)] -> xpath: //button[contains(text(),'Logout')]]
verify tab[[ChromeDriver: chrome on WINDOWS (1779389475f5b1b6a39a0869e4513b02)] -> xpath: //button[contains(text(),'Logout')]]
verify tab[[ChromeDriver: chrome on WINDOWS (1779389475f5b1b6a39a0869e4513b02)] -> xpath: //button[contains(text(),'Logout')]]
verify tab[[ChromeDriver: chrome on WINDOWS (1779389475f5b1b6a39a0869e4513b02)] -> xpath: //button[contains(text(),'Logout')]]
verify tab[[ChromeDriver: chrome on WINDOWS (1779389475f5b1b6a39a0869e4513b02)] -> xpath: //button[contains(text(),'Logout')]]
verify tab[[ChromeDriver: chrome on WINDOWS (1779389475f5b1b6a39a0869e4513b02)] -> xpath: //button[contains(text(),'Logout')]]
verify tab[[ChromeDriver: chrome on WINDOWS (1779389475f5b1b6a39a0869e4513b02)] -> xpath: //button[contains(text(),'Logout')]]
verify tab[[ChromeDriver: chrome on WINDOWS (1779389475f5b1b6a39a0869e4513b02)] -> xpath: //button[contains(text(),'Logout')]]
verify tab[[ChromeDriver: chrome on WINDOWS (1779389475f5b1b6a39a0869e4513b02)] -> xpath: //button[contains(text(),'Logout')]]
verify tab[[ChromeDriver: chrome on WINDOWS (1779389475f5b1b6a39a0869e4513b02)] -> xpath: //button[contains(text(),'Logout')]]
verify tab[[ChromeDriver: chrome on WINDOWS (1779389475f5b1b6a39a0869e4513b02)] -> xpath: //button[contains(text(),'Logout')]]
verify tab[[ChromeDriver: chrome on WINDOWS (1779389475f5b1b6a39a0869e4513b02)] -> xpath: //button[contains(text(),'Logout')]]
verify tab[[ChromeDriver: chrome on WINDOWS (1779389475f5b1b6a39a0869e4513b02)] -> xpath: //button[contains(text(),'Logout')]]
verify tab[[ChromeDriver: chrome on WINDOWS (1779389475f5b1b6a39a0869e4513b02)] -> xpath: //button[contains(text(),'Logout')]]
verify tab[[ChromeDriver: chrome on WINDOWS (1779389475f5b1b6a39a0869e4513b02)] -> xpath: //button[contains(text(),'Logout')]]
verify tab[[ChromeDriver: chrome on WINDOWS (1779389475f5b1b6a39a0869e4513b02)] -> xpath: //button[contains(text(),'Logout')]]
verify tab[[ChromeDriver: chrome on WINDOWS (1779389475f5b1b6a39a0869e4513b02)] -> xpath: //button[contains(text(),'Logout')]]
verify tab[[ChromeDriver: chrome on WINDOWS (1779389475f5b1b6a39a0869e4513b02)] -> xpath: //button[contains(text(),'Logout')]]
verify tab[[ChromeDriver: chrome on WINDOWS (1779389475f5b1b6a39a0869e4513b02)] -> xpath: //button[contains(text(),'Logout')]]
verify tab[[ChromeDriver: chrome on WINDOWS (1779389475f5b1b6a39a0869e4513b02)] -> xpath: //button[contains(text(),'Logout')]]
verify tab[[ChromeDriver: chrome on WINDOWS (1779389475f5b1b6a39a0869e4513b02)] -> xpath: //button[contains(text(),'Logout')]]
verify tab[[ChromeDriver: chrome on WINDOWS (1779389475f5b1b6a39a0869e4513b02)] -> xpath: //button[contains(text(),'Logout')]]
verify tab[[ChromeDriver: chrome on WINDOWS (1779389475f5b1b6a39a0869e4513b02)] -> xpath: //button[contains(text(),'Logout')]]
verify tab[[ChromeDriver: chrome on WINDOWS (1779389475f5b1b6a39a0869e4513b02)] -> xpath: //button[contains(text(),'Logout')]]
verify tab[[ChromeDriver: chrome on WINDOWS (1779389475f5b1b6a39a0869e4513b02)] -> xpath: //button[contains(text(),'Logout')]]
verify tab[[ChromeDriver: chrome on WINDOWS (1779389475f5b1b6a39a0869e4513b02)] -> xpath: //button[contains(text(),'Logout')]]
verify tab[[ChromeDriver: chrome on WINDOWS (1779389475f5b1b6a39a0869e4513b02)] -> xpath: //button[contains(text(),'Logout')]]
verify tab[[ChromeDriver: chrome on WINDOWS (1779389475f5b1b6a39a0869e4513b02)] -> xpath: //button[contains(text(),'Logout')]]
verify tab[[ChromeDriver: chrome on WINDOWS (1779389475f5b1b6a39a0869e4513b02)] -> xpath: //button[contains(text(),'Logout')]]
verify tab[[ChromeDriver: chrome on WINDOWS (1779389475f5b1b6a39a0869e4513b02)] -> xpath: //button[contains(text(),'Logout')]]
verify tab[[ChromeDriver: chrome on WINDOWS (1779389475f5b1b6a39a0869e4513b02)] -> xpath: //button[contains(text(),'Logout')]]
verify tab[[ChromeDriver: chrome on WINDOWS (1779389475f5b1b6a39a0869e4513b02)] -> xpath: //button[contains(text(),'Logout')]]
verify tab[[ChromeDriver: chrome on WINDOWS (1779389475f5b1b6a39a0869e4513b02)] -> xpath: //button[contains(text(),'Logout')]]
verify tab[[ChromeDriver: chrome on WINDOWS (1779389475f5b1b6a39a0869e4513b02)] -> xpath: //button[contains(text(),'Logout')]]
verify tab[[ChromeDriver: chrome on WINDOWS (1779389475f5b1b6a39a0869e4513b02)] -> xpath: //button[contains(text(),'Logout')]]
verify tab[[ChromeDriver: chrome on WINDOWS (1779389475f5b1b6a39a0869e4513b02)] -> xpath: //button[contains(text(),'Logout')]]
verify tab[[ChromeDriver: chrome on WINDOWS (1779389475f5b1b6a39a0869e4513b02)] -> xpath: //button[contains(text(),'Logout')]]
verify tab[[ChromeDriver: chrome on WINDOWS (1779389475f5b1b6a39a0869e4513b02)] -> xpath: //button[contains(text(),'Logout')]]
verify tab[[ChromeDriver: chrome on WINDOWS (1779389475f5b1b6a39a0869e4513b02)] -> xpath: //button[contains(text(),'Logout')]]
verify tab[[ChromeDriver: chrome on WINDOWS (1779389475f5b1b6a39a0869e4513b02)] -> xpath: //button[contains(text(),'Logout')]]
verify tab[[ChromeDriver: chrome on WINDOWS (1779389475f5b1b6a39a0869e4513b02)] -> xpath: //button[contains(text(),'Logout')]]
verify tab[[ChromeDriver: chrome on WINDOWS (1779389475f5b1b6a39a0869e4513b02)] -> xpath: //button[contains(text(),'Logout')]]
verify tab[[ChromeDriver: chrome on WINDOWS (1779389475f5b1b6a39a0869e4513b02)] -> xpath: //button[contains(text(),'Logout')]]
verify tab[[ChromeDriver: chrome on WINDOWS (1779389475f5b1b6a39a0869e4513b02)] -> xpath: //button[contains(text(),'Logout')]]
verify tab[[ChromeDriver: chrome on WINDOWS (1779389475f5b1b6a39a0869e4513b02)] -> xpath: //button[contains(text(),'Logout')]]
verify tab[[ChromeDriver: chrome on WINDOWS (1779389475f5b1b6a39a0869e4513b02)] -> xpath: //button[contains(text(),'Logout')]]
verify tab[[ChromeDriver: chrome on WINDOWS (1779389475f5b1b6a39a0869e4513b02)] -> xpath: //button[contains(text(),'Logout')]]
verify tab[[ChromeDriver: chrome on WINDOWS (1779389475f5b1b6a39a0869e4513b02)] -> xpath: //button[contains(text(),'Logout')]]
verify tab[[ChromeDriver: chrome on WINDOWS (1779389475f5b1b6a39a0869e4513b02)] -> xpath: //button[contains(text(),'Logout')]]
verify tab[[ChromeDriver: chrome on WINDOWS (1779389475f5b1b6a39a0869e4513b02)] -> xpath: //button[contains(text(),'Logout')]]
verify tab[[ChromeDriver: chrome on WINDOWS (1779389475f5b1b6a39a0869e4513b02)] -> xpath: //button[contains(text(),'Logout')]]
verify tab[[ChromeDriver: chrome on WINDOWS (1779389475f5b1b6a39a0869e4513b02)] -> xpath: //button[contains(text(),'Logout')]]
verify tab[[ChromeDriver: chrome on WINDOWS (1779389475f5b1b6a39a0869e4513b02)] -> xpath: //button[contains(text(),'Logout')]]
verify tab[[ChromeDriver: chrome on WINDOWS (1779389475f5b1b6a39a0869e4513b02)] -> xpath: //button[contains(text(),'Logout')]]
verify tab[[ChromeDriver: chrome on WINDOWS (1779389475f5b1b6a39a0869e4513b02)] -> xpath: //button[contains(text(),'Logout')]]
verify tab[[ChromeDriver: chrome on WINDOWS (1779389475f5b1b6a39a0869e4513b02)] -> xpath: //button[contains(text(),'Logout')]]
verify tab[[ChromeDriver: chrome on WINDOWS (1779389475f5b1b6a39a0869e4513b02)] -> xpath: //button[contains(text(),'Logout')]]
verify tab[[ChromeDriver: chrome on WINDOWS (1779389475f5b1b6a39a0869e4513b02)] -> xpath: //button[contains(text(),'Logout')]]
verify tab[[ChromeDriver: chrome on WINDOWS (1779389475f5b1b6a39a0869e4513b02)] -> xpath: //button[contains(text(),'Logout')]]
verify tab[[ChromeDriver: chrome on WINDOWS (1779389475f5b1b6a39a0869e4513b02)] -> xpath: //button[contains(text(),'Logout')]]
verify tab[[ChromeDriver: chrome on WINDOWS (1779389475f5b1b6a39a0869e4513b02)] -> xpath: //button[contains(text(),'Logout')]]
verify tab[[ChromeDriver: chrome on WINDOWS (1779389475f5b1b6a39a0869e4513b02)] -> xpath: //button[contains(text(),'Logout')]]
verify tab[[ChromeDriver: chrome on WINDOWS (1779389475f5b1b6a39a0869e4513b02)] -> xpath: //button[contains(text(),'Logout')]]
verify tab[[ChromeDriver: chrome on WINDOWS (1779389475f5b1b6a39a0869e4513b02)] -> xpath: //button[contains(text(),'Logout')]]
verify tab[[ChromeDriver: chrome on WINDOWS (1779389475f5b1b6a39a0869e4513b02)] -> xpath: //button[contains(text(),'Logout')]]
verify tab[[ChromeDriver: chrome on WINDOWS (1779389475f5b1b6a39a0869e4513b02)] -> xpath: //button[contains(text(),'Logout')]]
verify tab[[ChromeDriver: chrome on WINDOWS (1779389475f5b1b6a39a0869e4513b02)] -> xpath: //button[contains(text(),'Logout')]]
verify tab[[ChromeDriver: chrome on WINDOWS (1779389475f5b1b6a39a0869e4513b02)] -> xpath: //button[contains(text(),'Logout')]]
verify tab[[ChromeDriver: chrome on WINDOWS (1779389475f5b1b6a39a0869e4513b02)] -> xpath: //button[contains(text(),'Logout')]]
verify tab[[ChromeDriver: chrome on WINDOWS (1779389475f5b1b6a39a0869e4513b02)] -> xpath: //button[contains(text(),'Logout')]]
verify tab[[ChromeDriver: chrome on WINDOWS (1779389475f5b1b6a39a0869e4513b02)] -> xpath: //button[contains(text(),'Logout')]]
verify tab[[ChromeDriver: chrome on WINDOWS (1779389475f5b1b6a39a0869e4513b02)] -> xpath: //button[contains(text(),'Logout')]]
verify tab[[ChromeDriver: chrome on WINDOWS (1779389475f5b1b6a39a0869e4513b02)] -> xpath: //button[contains(text(),'Logout')]]
verify tab[[ChromeDriver: chrome on WINDOWS (1779389475f5b1b6a39a0869e4513b02)] -> xpath: //button[contains(text(),'Logout')]]
verify tab[[ChromeDriver: chrome on WINDOWS (1779389475f5b1b6a39a0869e4513b02)] -> xpath: //button[contains(text(),'Logout')]]
verify tab[[ChromeDriver: chrome on WINDOWS (1779389475f5b1b6a39a0869e4513b02)] -> xpath: //button[contains(text(),'Logout')]]
verify tab[[ChromeDriver: chrome on WINDOWS (1779389475f5b1b6a39a0869e4513b02)] -> xpath: //button[contains(text(),'Logout')]]
verify tab[[ChromeDriver: chrome on WINDOWS (1779389475f5b1b6a39a0869e4513b02)] -> xpath: //button[contains(text(),'Logout')]]
verify tab[[ChromeDriver: chrome on WINDOWS (1779389475f5b1b6a39a0869e4513b02)] -> xpath: //button[contains(text(),'Logout')]]
verify tab[[ChromeDriver: chrome on WINDOWS (1779389475f5b1b6a39a0869e4513b02)] -> xpath: //button[contains(text(),'Logout')]]
verify tab[[ChromeDriver: chrome on WINDOWS (1779389475f5b1b6a39a0869e4513b02)] -> xpath: //button[contains(text(),'Logout')]]
verify tab[[ChromeDriver: chrome on WINDOWS (1779389475f5b1b6a39a0869e4513b02)] -> xpath: //button[contains(text(),'Logout')]]
verify tab[[ChromeDriver: chrome on WINDOWS (1779389475f5b1b6a39a0869e4513b02)] -> xpath: //button[contains(text(),'Logout')]]
verify tab[[ChromeDriver: chrome on WINDOWS (1779389475f5b1b6a39a0869e4513b02)] -> xpath: //button[contains(text(),'Logout')]]
verify tab[[ChromeDriver: chrome on WINDOWS (1779389475f5b1b6a39a0869e4513b02)] -> xpath: //button[contains(text(),'Logout')]]
verify tab[[ChromeDriver: chrome on WINDOWS (1779389475f5b1b6a39a0869e4513b02)] -> xpath: //button[contains(text(),'Logout')]]
verify tab[[ChromeDriver: chrome on WINDOWS (1779389475f5b1b6a39a0869e4513b02)] -> xpath: //button[contains(text(),'Logout')]]
verify tab[[ChromeDriver: chrome on WINDOWS (1779389475f5b1b6a39a0869e4513b02)] -> xpath: //button[contains(text(),'Logout')]]
verify tab[[ChromeDriver: chrome on WINDOWS (1779389475f5b1b6a39a0869e4513b02)] -> xpath: //button[contains(text(),'Logout')]]
verify tab[[ChromeDriver: chrome on WINDOWS (1779389475f5b1b6a39a0869e4513b02)] -> xpath: //button[contains(text(),'Logout')]]
verify tab[[ChromeDriver: chrome on WINDOWS (1779389475f5b1b6a39a0869e4513b02)] -> xpath: //button[contains(text(),'Logout')]]
verify tab[[ChromeDriver: chrome on WINDOWS (1779389475f5b1b6a39a0869e4513b02)] -> xpath: //button[contains(text(),'Logout')]]
verify tab[[ChromeDriver: chrome on WINDOWS (1779389475f5b1b6a39a0869e4513b02)] -> xpath: //button[contains(text(),'Logout')]]
verify tab[[ChromeDriver: chrome on WINDOWS (1779389475f5b1b6a39a0869e4513b02)] -> xpath: //button[contains(text(),'Logout')]]
verify tab[[ChromeDriver: chrome on WINDOWS (1779389475f5b1b6a39a0869e4513b02)] -> xpath: //button[contains(text(),'Logout')]]
verify tab[[ChromeDriver: chrome on WINDOWS (1779389475f5b1b6a39a0869e4513b02)] -> xpath: //button[contains(text(),'Logout')]]
verify tab[[ChromeDriver: chrome on WINDOWS (1779389475f5b1b6a39a0869e4513b02)] -> xpath: //button[contains(text(),'Logout')]]
verify tab[[ChromeDriver: chrome on WINDOWS (1779389475f5b1b6a39a0869e4513b02)] -> xpath: //button[contains(text(),'Logout')]]
verify tab[[ChromeDriver: chrome on WINDOWS (1779389475f5b1b6a39a0869e4513b02)] -> xpath: //button[contains(text(),'Logout')]]
verify tab[[ChromeDriver: chrome on WINDOWS (1779389475f5b1b6a39a0869e4513b02)] -> xpath: //button[contains(text(),'Logout')]]
verify tab[[ChromeDriver: chrome on WINDOWS (1779389475f5b1b6a39a0869e4513b02)] -> xpath: //button[contains(text(),'Logout')]]
verify tab[[ChromeDriver: chrome on WINDOWS (1779389475f5b1b6a39a0869e4513b02)] -> xpath: //button[contains(text(),'Logout')]]
verify tab[[ChromeDriver: chrome on WINDOWS (1779389475f5b1b6a39a0869e4513b02)] -> xpath: //button[contains(text(),'Logout')]]
verify tab[[ChromeDriver: chrome on WINDOWS (1779389475f5b1b6a39a0869e4513b02)] -> xpath: //button[contains(text(),'Logout')]]
verify tab[[ChromeDriver: chrome on WINDOWS (1779389475f5b1b6a39a0869e4513b02)] -> xpath: //button[contains(text(),'Logout')]]
verify tab[[ChromeDriver: chrome on WINDOWS (1779389475f5b1b6a39a0869e4513b02)] -> xpath: //button[contains(text(),'Logout')]]
verify tab[[ChromeDriver: chrome on WINDOWS (1779389475f5b1b6a39a0869e4513b02)] -> xpath: //button[contains(text(),'Logout')]]
verify tab[[ChromeDriver: chrome on WINDOWS (1779389475f5b1b6a39a0869e4513b02)] -> xpath: //button[contains(text(),'Logout')]]
verify tab[[ChromeDriver: chrome on WINDOWS (1779389475f5b1b6a39a0869e4513b02)] -> xpath: //button[contains(text(),'Logout')]]
verify tab[[ChromeDriver: chrome on WINDOWS (1779389475f5b1b6a39a0869e4513b02)] -> xpath: //button[contains(text(),'Logout')]]
verify tab[[ChromeDriver: chrome on WINDOWS (1779389475f5b1b6a39a0869e4513b02)] -> xpath: //button[contains(text(),'Logout')]]
verify tab[[ChromeDriver: chrome on WINDOWS (1779389475f5b1b6a39a0869e4513b02)] -> xpath: //button[contains(text(),'Logout')]]
verify tab[[ChromeDriver: chrome on WINDOWS (1779389475f5b1b6a39a0869e4513b02)] -> xpath: //button[contains(text(),'Logout')]]
verify tab[[ChromeDriver: chrome on WINDOWS (1779389475f5b1b6a39a0869e4513b02)] -> xpath: //button[contains(text(),'Logout')]]
verify tab[[ChromeDriver: chrome on WINDOWS (1779389475f5b1b6a39a0869e4513b02)] -> xpath: //button[contains(text(),'Logout')]]
verify tab[[ChromeDriver: chrome on WINDOWS (1779389475f5b1b6a39a0869e4513b02)] -> xpath: //button[contains(text(),'Logout')]]
verify tab[[ChromeDriver: chrome on WINDOWS (1779389475f5b1b6a39a0869e4513b02)] -> xpath: //button[contains(text(),'Logout')]]
verify tab[[ChromeDriver: chrome on WINDOWS (1779389475f5b1b6a39a0869e4513b02)] -> xpath: //button[contains(text(),'Logout')]]
verify tab[[ChromeDriver: chrome on WINDOWS (1779389475f5b1b6a39a0869e4513b02)] -> xpath: //button[contains(text(),'Logout')]]
verify tab[[ChromeDriver: chrome on WINDOWS (1779389475f5b1b6a39a0869e4513b02)] -> xpath: //button[contains(text(),'Logout')]]
verify tab[[ChromeDriver: chrome on WINDOWS (1779389475f5b1b6a39a0869e4513b02)] -> xpath: //button[contains(text(),'Logout')]]
verify tab[[ChromeDriver: chrome on WINDOWS (1779389475f5b1b6a39a0869e4513b02)] -> xpath: //button[contains(text(),'Logout')]]
verify tab[[ChromeDriver: chrome on WINDOWS (1779389475f5b1b6a39a0869e4513b02)] -> xpath: //button[contains(text(),'Logout')]]
verify tab[[ChromeDriver: chrome on WINDOWS (1779389475f5b1b6a39a0869e4513b02)] -> xpath: //button[contains(text(),'Logout')]]
verify tab[[ChromeDriver: chrome on WINDOWS (1779389475f5b1b6a39a0869e4513b02)] -> xpath: //button[contains(text(),'Logout')]]
verify tab[[ChromeDriver: chrome on WINDOWS (1779389475f5b1b6a39a0869e4513b02)] -> xpath: //button[contains(text(),'Logout')]]
verify tab[[ChromeDriver: chrome on WINDOWS (1779389475f5b1b6a39a0869e4513b02)] -> xpath: //button[contains(text(),'Logout')]]
verify tab[[ChromeDriver: chrome on WINDOWS (1779389475f5b1b6a39a0869e4513b02)] -> xpath: //button[contains(text(),'Logout')]]
verify tab[[ChromeDriver: chrome on WINDOWS (1779389475f5b1b6a39a0869e4513b02)] -> xpath: //button[contains(text(),'Logout')]]
verify tab[[ChromeDriver: chrome on WINDOWS (1779389475f5b1b6a39a0869e4513b02)] -> xpath: //button[contains(text(),'Logout')]]
verify tab[[ChromeDriver: chrome on WINDOWS (1779389475f5b1b6a39a0869e4513b02)] -> xpath: //button[contains(text(),'Logout')]]
verify tab[[ChromeDriver: chrome on WINDOWS (1779389475f5b1b6a39a0869e4513b02)] -> xpath: //button[contains(text(),'Logout')]]
verify tab[[ChromeDriver: chrome on WINDOWS (1779389475f5b1b6a39a0869e4513b02)] -> xpath: //button[contains(text(),'Logout')]]
verify tab[[ChromeDriver: chrome on WINDOWS (1779389475f5b1b6a39a0869e4513b02)] -> xpath: //button[contains(text(),'Logout')]]
verify tab[[ChromeDriver: chrome on WINDOWS (1779389475f5b1b6a39a0869e4513b02)] -> xpath: //button[contains(text(),'Logout')]]
verify tab[[ChromeDriver: chrome on WINDOWS (1779389475f5b1b6a39a0869e4513b02)] -> xpath: //button[contains(text(),'Logout')]]
verify tab[[ChromeDriver: chrome on WINDOWS (1779389475f5b1b6a39a0869e4513b02)] -> xpath: //button[contains(text(),'Logout')]]
verify tab[[ChromeDriver: chrome on WINDOWS (1779389475f5b1b6a39a0869e4513b02)] -> xpath: //button[contains(text(),'Logout')]]
verify tab[[ChromeDriver: chrome on WINDOWS (1779389475f5b1b6a39a0869e4513b02)] -> xpath: //button[contains(text(),'Logout')]]
verify tab[[ChromeDriver: chrome on WINDOWS (1779389475f5b1b6a39a0869e4513b02)] -> xpath: //button[contains(text(),'Logout')]]
verify tab[[ChromeDriver: chrome on WINDOWS (1779389475f5b1b6a39a0869e4513b02)] -> xpath: //button[contains(text(),'Logout')]]
verify tab[[ChromeDriver: chrome on WINDOWS (1779389475f5b1b6a39a0869e4513b02)] -> xpath: //button[contains(text(),'Logout')]]
verify tab[[ChromeDriver: chrome on WINDOWS (1779389475f5b1b6a39a0869e4513b02)] -> xpath: //button[contains(text(),'Logout')]]
verify tab[[ChromeDriver: chrome on WINDOWS (1779389475f5b1b6a39a0869e4513b02)] -> xpath: //button[contains(text(),'Logout')]]
verify tab[[ChromeDriver: chrome on WINDOWS (1779389475f5b1b6a39a0869e4513b02)] -> xpath: //button[contains(text(),'Logout')]]
verify tab[[ChromeDriver: chrome on WINDOWS (1779389475f5b1b6a39a0869e4513b02)] -> xpath: //button[contains(text(),'Logout')]]
verify tab[[ChromeDriver: chrome on WINDOWS (1779389475f5b1b6a39a0869e4513b02)] -> xpath: //button[contains(text(),'Logout')]]
verify tab[[ChromeDriver: chrome on WINDOWS (1779389475f5b1b6a39a0869e4513b02)] -> xpath: //button[contains(text(),'Logout')]]
verify tab[[ChromeDriver: chrome on WINDOWS (1779389475f5b1b6a39a0869e4513b02)] -> xpath: //button[contains(text(),'Logout')]]
verify tab[[ChromeDriver: chrome on WINDOWS (1779389475f5b1b6a39a0869e4513b02)] -> xpath: //button[contains(text(),'Logout')]]
verify tab[[ChromeDriver: chrome on WINDOWS (1779389475f5b1b6a39a0869e4513b02)] -> xpath: //button[contains(text(),'Logout')]]
verify tab[[ChromeDriver: chrome on WINDOWS (1779389475f5b1b6a39a0869e4513b02)] -> xpath: //button[contains(text(),'Logout')]]
verify tab[[ChromeDriver: chrome on WINDOWS (1779389475f5b1b6a39a0869e4513b02)] -> xpath: //button[contains(text(),'Logout')]]
verify tab[[ChromeDriver: chrome on WINDOWS (1779389475f5b1b6a39a0869e4513b02)] -> xpath: //button[contains(text(),'Logout')]]
verify tab[[ChromeDriver: chrome on WINDOWS (1779389475f5b1b6a39a0869e4513b02)] -> xpath: //button[contains(text(),'Logout')]]
verify tab[[ChromeDriver: chrome on WINDOWS (1779389475f5b1b6a39a0869e4513b02)] -> xpath: //button[contains(text(),'Logout')]]
verify tab[[ChromeDriver: chrome on WINDOWS (1779389475f5b1b6a39a0869e4513b02)] -> xpath: //button[contains(text(),'Logout')]]
verify tab[[ChromeDriver: chrome on WINDOWS (1779389475f5b1b6a39a0869e4513b02)] -> xpath: //button[contains(text(),'Logout')]]
verify tab[[ChromeDriver: chrome on WINDOWS (1779389475f5b1b6a39a0869e4513b02)] -> xpath: //button[contains(text(),'Logout')]]
verify tab[[ChromeDriver: chrome on WINDOWS (1779389475f5b1b6a39a0869e4513b02)] -> xpath: //button[contains(text(),'Logout')]]
verify tab[[ChromeDriver: chrome on WINDOWS (1779389475f5b1b6a39a0869e4513b02)] -> xpath: //button[contains(text(),'Logout')]]
verify tab[[ChromeDriver: chrome on WINDOWS (1779389475f5b1b6a39a0869e4513b02)] -> xpath: //button[contains(text(),'Logout')]]
verify tab[[ChromeDriver: chrome on WINDOWS (1779389475f5b1b6a39a0869e4513b02)] -> xpath: //button[contains(text(),'Logout')]]
verify tab[[ChromeDriver: chrome on WINDOWS (1779389475f5b1b6a39a0869e4513b02)] -> xpath: //button[contains(text(),'Logout')]]
verify tab[[ChromeDriver: chrome on WINDOWS (1779389475f5b1b6a39a0869e4513b02)] -> xpath: //button[contains(text(),'Logout')]]
verify tab[[ChromeDriver: chrome on WINDOWS (1779389475f5b1b6a39a0869e4513b02)] -> xpath: //button[contains(text(),'Logout')]]
verify tab[[ChromeDriver: chrome on WINDOWS (1779389475f5b1b6a39a0869e4513b02)] -> xpath: //button[contains(text(),'Logout')]]
verify tab[[ChromeDriver: chrome on WINDOWS (1779389475f5b1b6a39a0869e4513b02)] -> xpath: //button[contains(text(),'Logout')]]
verify tab[[ChromeDriver: chrome on WINDOWS (1779389475f5b1b6a39a0869e4513b02)] -> xpath: //button[contains(text(),'Logout')]]
verify tab[[ChromeDriver: chrome on WINDOWS (1779389475f5b1b6a39a0869e4513b02)] -> xpath: //button[contains(text(),'Logout')]]
verify tab[[ChromeDriver: chrome on WINDOWS (1779389475f5b1b6a39a0869e4513b02)] -> xpath: //button[contains(text(),'Logout')]]
verify tab[[ChromeDriver: chrome on WINDOWS (1779389475f5b1b6a39a0869e4513b02)] -> xpath: //button[contains(text(),'Logout')]]
verify tab[[ChromeDriver: chrome on WINDOWS (1779389475f5b1b6a39a0869e4513b02)] -> xpath: //button[contains(text(),'Logout')]]
verify tab[[ChromeDriver: chrome on WINDOWS (1779389475f5b1b6a39a0869e4513b02)] -> xpath: //button[contains(text(),'Logout')]]
verify tab[[ChromeDriver: chrome on WINDOWS (1779389475f5b1b6a39a0869e4513b02)] -> xpath: //button[contains(text(),'Logout')]]
verify tab[[ChromeDriver: chrome on WINDOWS (1779389475f5b1b6a39a0869e4513b02)] -> xpath: //button[contains(text(),'Logout')]]
verify tab[[ChromeDriver: chrome on WINDOWS (1779389475f5b1b6a39a0869e4513b02)] -> xpath: //button[contains(text(),'Logout')]]
verify tab[[ChromeDriver: chrome on WINDOWS (1779389475f5b1b6a39a0869e4513b02)] -> xpath: //button[contains(text(),'Logout')]]
verify tab[[ChromeDriver: chrome on WINDOWS (1779389475f5b1b6a39a0869e4513b02)] -> xpath: //button[contains(text(),'Logout')]]
verify tab[[ChromeDriver: chrome on WINDOWS (1779389475f5b1b6a39a0869e4513b02)] -> xpath: //button[contains(text(),'Logout')]]
verify tab[[ChromeDriver: chrome on WINDOWS (1779389475f5b1b6a39a0869e4513b02)] -> xpath: //button[contains(text(),'Logout')]]
verify tab[[ChromeDriver: chrome on WINDOWS (1779389475f5b1b6a39a0869e4513b02)] -> xpath: //button[contains(text(),'Logout')]]
verify tab[[ChromeDriver: chrome on WINDOWS (1779389475f5b1b6a39a0869e4513b02)] -> xpath: //button[contains(text(),'Logout')]]
verify tab[[ChromeDriver: chrome on WINDOWS (1779389475f5b1b6a39a0869e4513b02)] -> xpath: //button[contains(text(),'Logout')]]
verify tab[[ChromeDriver: chrome on WINDOWS (1779389475f5b1b6a39a0869e4513b02)] -> xpath: //button[contains(text(),'Logout')]]
verify tab[[ChromeDriver: chrome on WINDOWS (1779389475f5b1b6a39a0869e4513b02)] -> xpath: //button[contains(text(),'Logout')]]
verify tab[[ChromeDriver: chrome on WINDOWS (1779389475f5b1b6a39a0869e4513b02)] -> xpath: //button[contains(text(),'Logout')]]
verify tab[[ChromeDriver: chrome on WINDOWS (1779389475f5b1b6a39a0869e4513b02)] -> xpath: //button[contains(text(),'Logout')]]
verify tab[[ChromeDriver: chrome on WINDOWS (1779389475f5b1b6a39a0869e4513b02)] -> xpath: //button[contains(text(),'Logout')]]
verify tab[[ChromeDriver: chrome on WINDOWS (1779389475f5b1b6a39a0869e4513b02)] -> xpath: //button[contains(text(),'Logout')]]
verify tab[[ChromeDriver: chrome on WINDOWS (1779389475f5b1b6a39a0869e4513b02)] -> xpath: //button[contains(text(),'Logout')]]
verify tab[[ChromeDriver: chrome on WINDOWS (1779389475f5b1b6a39a0869e4513b02)] -> xpath: //button[contains(text(),'Logout')]]
verify tab[[ChromeDriver: chrome on WINDOWS (1779389475f5b1b6a39a0869e4513b02)] -> xpath: //button[contains(text(),'Logout')]]
verify tab[[ChromeDriver: chrome on WINDOWS (1779389475f5b1b6a39a0869e4513b02)] -> xpath: //button[contains(text(),'Logout')]]
verify tab[[ChromeDriver: chrome on WINDOWS (1779389475f5b1b6a39a0869e4513b02)] -> xpath: //button[contains(text(),'Logout')]]
verify tab[[ChromeDriver: chrome on WINDOWS (1779389475f5b1b6a39a0869e4513b02)] -> xpath: //button[contains(text(),'Logout')]]
verify tab[[ChromeDriver: chrome on WINDOWS (1779389475f5b1b6a39a0869e4513b02)] -> xpath: //button[contains(text(),'Logout')]]
verify tab[[ChromeDriver: chrome on WINDOWS (1779389475f5b1b6a39a0869e4513b02)] -> xpath: //button[contains(text(),'Logout')]]
verify tab[[ChromeDriver: chrome on WINDOWS (1779389475f5b1b6a39a0869e4513b02)] -> xpath: //button[contains(text(),'Logout')]]
verify tab[[ChromeDriver: chrome on WINDOWS (1779389475f5b1b6a39a0869e4513b02)] -> xpath: //button[contains(text(),'Logout')]]
verify tab[[ChromeDriver: chrome on WINDOWS (1779389475f5b1b6a39a0869e4513b02)] -> xpath: //button[contains(text(),'Logout')]]
verify tab[[ChromeDriver: chrome on WINDOWS (1779389475f5b1b6a39a0869e4513b02)] -> xpath: //button[contains(text(),'Logout')]]
verify tab[[ChromeDriver: chrome on WINDOWS (1779389475f5b1b6a39a0869e4513b02)] -> xpath: //button[contains(text(),'Logout')]]
verify tab[[ChromeDriver: chrome on WINDOWS (1779389475f5b1b6a39a0869e4513b02)] -> xpath: //button[contains(text(),'Logout')]]
verify tab[[ChromeDriver: chrome on WINDOWS (1779389475f5b1b6a39a0869e4513b02)] -> xpath: //button[contains(text(),'Logout')]]
verify tab[[ChromeDriver: chrome on WINDOWS (1779389475f5b1b6a39a0869e4513b02)] -> xpath: //button[contains(text(),'Logout')]]
verify tab[[ChromeDriver: chrome on WINDOWS (1779389475f5b1b6a39a0869e4513b02)] -> xpath: //button[contains(text(),'Logout')]]
verify tab[[ChromeDriver: chrome on WINDOWS (1779389475f5b1b6a39a0869e4513b02)] -> xpath: //button[contains(text(),'Logout')]]
verify tab[[ChromeDriver: chrome on WINDOWS (1779389475f5b1b6a39a0869e4513b02)] -> xpath: //button[contains(text(),'Logout')]]
verify tab[[ChromeDriver: chrome on WINDOWS (1779389475f5b1b6a39a0869e4513b02)] -> xpath: //button[contains(text(),'Logout')]]
verify tab[[ChromeDriver: chrome on WINDOWS (1779389475f5b1b6a39a0869e4513b02)] -> xpath: //button[contains(text(),'Logout')]]
verify tab[[ChromeDriver: chrome on WINDOWS (1779389475f5b1b6a39a0869e4513b02)] -> xpath: //button[contains(text(),'Logout')]]
verify tab[[ChromeDriver: chrome on WINDOWS (1779389475f5b1b6a39a0869e4513b02)] -> xpath: //button[contains(text(),'Logout')]]
verify tab[[ChromeDriver: chrome on WINDOWS (1779389475f5b1b6a39a0869e4513b02)] -> xpath: //button[contains(text(),'Logout')]]
verify tab[[ChromeDriver: chrome on WINDOWS (1779389475f5b1b6a39a0869e4513b02)] -> xpath: //button[contains(text(),'Logout')]]
verify tab[[ChromeDriver: chrome on WINDOWS (1779389475f5b1b6a39a0869e4513b02)] -> xpath: //button[contains(text(),'Logout')]]
verify tab[[ChromeDriver: chrome on WINDOWS (1779389475f5b1b6a39a0869e4513b02)] -> xpath: //button[contains(text(),'Logout')]]
verify tab[[ChromeDriver: chrome on WINDOWS (1779389475f5b1b6a39a0869e4513b02)] -> xpath: //button[contains(text(),'Logout')]]
verify tab[[ChromeDriver: chrome on WINDOWS (1779389475f5b1b6a39a0869e4513b02)] -> xpath: //button[contains(text(),'Logout')]]
verify tab[[ChromeDriver: chrome on WINDOWS (1779389475f5b1b6a39a0869e4513b02)] -> xpath: //button[contains(text(),'Logout')]]
verify tab[[ChromeDriver: chrome on WINDOWS (1779389475f5b1b6a39a0869e4513b02)] -> xpath: //button[contains(text(),'Logout')]]
verify tab[[ChromeDriver: chrome on WINDOWS (1779389475f5b1b6a39a0869e4513b02)] -> xpath: //button[contains(text(),'Logout')]]
verify tab[[ChromeDriver: chrome on WINDOWS (1779389475f5b1b6a39a0869e4513b02)] -> xpath: //button[contains(text(),'Logout')]]
verify tab[[ChromeDriver: chrome on WINDOWS (1779389475f5b1b6a39a0869e4513b02)] -> xpath: //button[contains(text(),'Logout')]]
verify tab[[ChromeDriver: chrome on WINDOWS (1779389475f5b1b6a39a0869e4513b02)] -> xpath: //button[contains(text(),'Logout')]]
verify tab[[ChromeDriver: chrome on WINDOWS (1779389475f5b1b6a39a0869e4513b02)] -> xpath: //button[contains(text(),'Logout')]]
verify tab[[ChromeDriver: chrome on WINDOWS (1779389475f5b1b6a39a0869e4513b02)] -> xpath: //button[contains(text(),'Logout')]]
verify tab[[ChromeDriver: chrome on WINDOWS (1779389475f5b1b6a39a0869e4513b02)] -> xpath: //button[contains(text(),'Logout')]]
verify tab[[ChromeDriver: chrome on WINDOWS (1779389475f5b1b6a39a0869e4513b02)] -> xpath: //button[contains(text(),'Logout')]]
verify tab[[ChromeDriver: chrome on WINDOWS (1779389475f5b1b6a39a0869e4513b02)] -> xpath: //button[contains(text(),'Logout')]]
verify tab[[ChromeDriver: chrome on WINDOWS (1779389475f5b1b6a39a0869e4513b02)] -> xpath: //button[contains(text(),'Logout')]]
verify tab[[ChromeDriver: chrome on WINDOWS (1779389475f5b1b6a39a0869e4513b02)] -> xpath: //button[contains(text(),'Logout')]]
verify tab[[ChromeDriver: chrome on WINDOWS (1779389475f5b1b6a39a0869e4513b02)] -> xpath: //button[contains(text(),'Logout')]]
verify tab[[ChromeDriver: chrome on WINDOWS (1779389475f5b1b6a39a0869e4513b02)] -> xpath: //button[contains(text(),'Logout')]]
verify tab[[ChromeDriver: chrome on WINDOWS (1779389475f5b1b6a39a0869e4513b02)] -> xpath: //button[contains(text(),'Logout')]]
verify tab[[ChromeDriver: chrome on WINDOWS (1779389475f5b1b6a39a0869e4513b02)] -> xpath: //button[contains(text(),'Logout')]]
verify tab[[ChromeDriver: chrome on WINDOWS (1779389475f5b1b6a39a0869e4513b02)] -> xpath: //button[contains(text(),'Logout')]]
verify tab[[ChromeDriver: chrome on WINDOWS (1779389475f5b1b6a39a0869e4513b02)] -> xpath: //button[contains(text(),'Logout')]]
verify tab[[ChromeDriver: chrome on WINDOWS (1779389475f5b1b6a39a0869e4513b02)] -> xpath: //button[contains(text(),'Logout')]]
verify tab[[ChromeDriver: chrome on WINDOWS (1779389475f5b1b6a39a0869e4513b02)] -> xpath: //button[contains(text(),'Logout')]]
verify tab[[ChromeDriver: chrome on WINDOWS (1779389475f5b1b6a39a0869e4513b02)] -> xpath: //button[contains(text(),'Logout')]]
verify tab[[ChromeDriver: chrome on WINDOWS (1779389475f5b1b6a39a0869e4513b02)] -> xpath: //button[contains(text(),'Logout')]]
verify tab[[ChromeDriver: chrome on WINDOWS (1779389475f5b1b6a39a0869e4513b02)] -> xpath: //button[contains(text(),'Logout')]]
verify tab[[ChromeDriver: chrome on WINDOWS (1779389475f5b1b6a39a0869e4513b02)] -> xpath: //button[contains(text(),'Logout')]]
verify tab[[ChromeDriver: chrome on WINDOWS (1779389475f5b1b6a39a0869e4513b02)] -> xpath: //button[contains(text(),'Logout')]]
verify tab[[ChromeDriver: chrome on WINDOWS (1779389475f5b1b6a39a0869e4513b02)] -> xpath: //button[contains(text(),'Logout')]]
verify tab[[ChromeDriver: chrome on WINDOWS (1779389475f5b1b6a39a0869e4513b02)] -> xpath: //button[contains(text(),'Logout')]]
verify tab[[ChromeDriver: chrome on WINDOWS (1779389475f5b1b6a39a0869e4513b02)] -> xpath: //button[contains(text(),'Logout')]]
verify tab[[ChromeDriver: chrome on WINDOWS (1779389475f5b1b6a39a0869e4513b02)] -> xpath: //button[contains(text(),'Logout')]]
verify tab[[ChromeDriver: chrome on WINDOWS (1779389475f5b1b6a39a0869e4513b02)] -> xpath: //button[contains(text(),'Logout')]]
verify tab[[ChromeDriver: chrome on WINDOWS (1779389475f5b1b6a39a0869e4513b02)] -> xpath: //button[contains(text(),'Logout')]]
verify tab[[ChromeDriver: chrome on WINDOWS (1779389475f5b1b6a39a0869e4513b02)] -> xpath: //button[contains(text(),'Logout')]]
verify tab[[ChromeDriver: chrome on WINDOWS (1779389475f5b1b6a39a0869e4513b02)] -> xpath: //button[contains(text(),'Logout')]]
verify tab[[ChromeDriver: chrome on WINDOWS (1779389475f5b1b6a39a0869e4513b02)] -> xpath: //button[contains(text(),'Logout')]]
verify tab[[ChromeDriver: chrome on WINDOWS (1779389475f5b1b6a39a0869e4513b02)] -> xpath: //button[contains(text(),'Logout')]]
verify tab[[ChromeDriver: chrome on WINDOWS (1779389475f5b1b6a39a0869e4513b02)] -> xpath: //button[contains(text(),'Logout')]]
verify tab[[ChromeDriver: chrome on WINDOWS (1779389475f5b1b6a39a0869e4513b02)] -> xpath: //button[contains(text(),'Logout')]]
verify tab[[ChromeDriver: chrome on WINDOWS (1779389475f5b1b6a39a0869e4513b02)] -> xpath: //button[contains(text(),'Logout')]]
verify tab[[ChromeDriver: chrome on WINDOWS (1779389475f5b1b6a39a0869e4513b02)] -> xpath: //button[contains(text(),'Logout')]]
verify tab[[ChromeDriver: chrome on WINDOWS (1779389475f5b1b6a39a0869e4513b02)] -> xpath: //button[contains(text(),'Logout')]]
verify tab[[ChromeDriver: chrome on WINDOWS (1779389475f5b1b6a39a0869e4513b02)] -> xpath: //button[contains(text(),'Logout')]]
verify tab[[ChromeDriver: chrome on WINDOWS (1779389475f5b1b6a39a0869e4513b02)] -> xpath: //button[contains(text(),'Logout')]]
verify tab[[ChromeDriver: chrome on WINDOWS (1779389475f5b1b6a39a0869e4513b02)] -> xpath: //button[contains(text(),'Logout')]]
verify tab[[ChromeDriver: chrome on WINDOWS (1779389475f5b1b6a39a0869e4513b02)] -> xpath: //button[contains(text(),'Logout')]]
verify tab[[ChromeDriver: chrome on WINDOWS (1779389475f5b1b6a39a0869e4513b02)] -> xpath: //button[contains(text(),'Logout')]]
verify tab[[ChromeDriver: chrome on WINDOWS (1779389475f5b1b6a39a0869e4513b02)] -> xpath: //button[contains(text(),'Logout')]]
verify tab[[ChromeDriver: chrome on WINDOWS (1779389475f5b1b6a39a0869e4513b02)] -> xpath: //button[contains(text(),'Logout')]]
verify tab[[ChromeDriver: chrome on WINDOWS (1779389475f5b1b6a39a0869e4513b02)] -> xpath: //button[contains(text(),'Logout')]]
verify tab[[ChromeDriver: chrome on WINDOWS (1779389475f5b1b6a39a0869e4513b02)] -> xpath: //button[contains(text(),'Logout')]]
verify tab[[ChromeDriver: chrome on WINDOWS (1779389475f5b1b6a39a0869e4513b02)] -> xpath: //button[contains(text(),'Logout')]]
verify tab[[ChromeDriver: chrome on WINDOWS (1779389475f5b1b6a39a0869e4513b02)] -> xpath: //button[contains(text(),'Logout')]]
verify tab[[ChromeDriver: chrome on WINDOWS (1779389475f5b1b6a39a0869e4513b02)] -> xpath: //button[contains(text(),'Logout')]]
verify tab[[ChromeDriver: chrome on WINDOWS (1779389475f5b1b6a39a0869e4513b02)] -> xpath: //button[contains(text(),'Logout')]]
verify tab[[ChromeDriver: chrome on WINDOWS (1779389475f5b1b6a39a0869e4513b02)] -> xpath: //button[contains(text(),'Logout')]]
verify tab[[ChromeDriver: chrome on WINDOWS (1779389475f5b1b6a39a0869e4513b02)] -> xpath: //button[contains(text(),'Logout')]]
verify tab[[ChromeDriver: chrome on WINDOWS (1779389475f5b1b6a39a0869e4513b02)] -> xpath: //button[contains(text(),'Logout')]]
verify tab[[ChromeDriver: chrome on WINDOWS (1779389475f5b1b6a39a0869e4513b02)] -> xpath: //button[contains(text(),'Logout')]]
verify tab[[ChromeDriver: chrome on WINDOWS (1779389475f5b1b6a39a0869e4513b02)] -> xpath: //button[contains(text(),'Logout')]]
verify tab[[ChromeDriver: chrome on WINDOWS (1779389475f5b1b6a39a0869e4513b02)] -> xpath: //button[contains(text(),'Logout')]]
verify tab[[ChromeDriver: chrome on WINDOWS (1779389475f5b1b6a39a0869e4513b02)] -> xpath: //button[contains(text(),'Logout')]]
verify tab[[ChromeDriver: chrome on WINDOWS (1779389475f5b1b6a39a0869e4513b02)] -> xpath: //button[contains(text(),'Logout')]]
verify tab[[ChromeDriver: chrome on WINDOWS (1779389475f5b1b6a39a0869e4513b02)] -> xpath: //button[contains(text(),'Logout')]]
verify tab[[ChromeDriver: chrome on WINDOWS (1779389475f5b1b6a39a0869e4513b02)] -> xpath: //button[contains(text(),'Logout')]]
verify tab[[ChromeDriver: chrome on WINDOWS (1779389475f5b1b6a39a0869e4513b02)] -> xpath: //button[contains(text(),'Logout')]]
verify tab[[ChromeDriver: chrome on WINDOWS (1779389475f5b1b6a39a0869e4513b02)] -> xpath: //button[contains(text(),'Logout')]]
verify tab[[ChromeDriver: chrome on WINDOWS (1779389475f5b1b6a39a0869e4513b02)] -> xpath: //button[contains(text(),'Logout')]]
verify tab[[ChromeDriver: chrome on WINDOWS (1779389475f5b1b6a39a0869e4513b02)] -> xpath: //button[contains(text(),'Logout')]]
verify tab[[ChromeDriver: chrome on WINDOWS (1779389475f5b1b6a39a0869e4513b02)] -> xpath: //button[contains(text(),'Logout')]]
verify tab[[ChromeDriver: chrome on WINDOWS (1779389475f5b1b6a39a0869e4513b02)] -> xpath: //button[contains(text(),'Logout')]]
verify tab[[ChromeDriver: chrome on WINDOWS (1779389475f5b1b6a39a0869e4513b02)] -> xpath: //button[contains(text(),'Logout')]]
verify tab[[ChromeDriver: chrome on WINDOWS (1779389475f5b1b6a39a0869e4513b02)] -> xpath: //button[contains(text(),'Logout')]]
verify tab[[ChromeDriver: chrome on WINDOWS (1779389475f5b1b6a39a0869e4513b02)] -> xpath: //button[contains(text(),'Logout')]]
verify tab[[ChromeDriver: chrome on WINDOWS (1779389475f5b1b6a39a0869e4513b02)] -> xpath: //button[contains(text(),'Logout')]]
verify tab[[ChromeDriver: chrome on WINDOWS (1779389475f5b1b6a39a0869e4513b02)] -> xpath: //button[contains(text(),'Logout')]]
verify tab[[ChromeDriver: chrome on WINDOWS (1779389475f5b1b6a39a0869e4513b02)] -> xpath: //button[contains(text(),'Logout')]]
verify tab[[ChromeDriver: chrome on WINDOWS (1779389475f5b1b6a39a0869e4513b02)] -> xpath: //button[contains(text(),'Logout')]]
verify tab[[ChromeDriver: chrome on WINDOWS (1779389475f5b1b6a39a0869e4513b02)] -> xpath: //button[contains(text(),'Logout')]]
verify tab[[ChromeDriver: chrome on WINDOWS (1779389475f5b1b6a39a0869e4513b02)] -> xpath: //button[contains(text(),'Logout')]]
verify tab[[ChromeDriver: chrome on WINDOWS (1779389475f5b1b6a39a0869e4513b02)] -> xpath: //button[contains(text(),'Logout')]]
verify tab[[ChromeDriver: chrome on WINDOWS (1779389475f5b1b6a39a0869e4513b02)] -> xpath: //button[contains(text(),'Logout')]]
verify tab[[ChromeDriver: chrome on WINDOWS (1779389475f5b1b6a39a0869e4513b02)] -> xpath: //button[contains(text(),'Logout')]]
verify tab[[ChromeDriver: chrome on WINDOWS (1779389475f5b1b6a39a0869e4513b02)] -> xpath: //button[contains(text(),'Logout')]]
verify tab[[ChromeDriver: chrome on WINDOWS (1779389475f5b1b6a39a0869e4513b02)] -> xpath: //button[contains(text(),'Logout')]]
verify tab[[ChromeDriver: chrome on WINDOWS (1779389475f5b1b6a39a0869e4513b02)] -> xpath: //button[contains(text(),'Logout')]]
verify tab[[ChromeDriver: chrome on WINDOWS (1779389475f5b1b6a39a0869e4513b02)] -> xpath: //button[contains(text(),'Logout')]]
verify tab[[ChromeDriver: chrome on WINDOWS (1779389475f5b1b6a39a0869e4513b02)] -> xpath: //button[contains(text(),'Logout')]]
verify tab[[ChromeDriver: chrome on WINDOWS (1779389475f5b1b6a39a0869e4513b02)] -> xpath: //button[contains(text(),'Logout')]]
verify tab[[ChromeDriver: chrome on WINDOWS (1779389475f5b1b6a39a0869e4513b02)] -> xpath: //button[contains(text(),'Logout')]]
verify tab[[ChromeDriver: chrome on WINDOWS (1779389475f5b1b6a39a0869e4513b02)] -> xpath: //button[contains(text(),'Logout')]]
verify tab[[ChromeDriver: chrome on WINDOWS (1779389475f5b1b6a39a0869e4513b02)] -> xpath: //button[contains(text(),'Logout')]]
verify tab[[ChromeDriver: chrome on WINDOWS (1779389475f5b1b6a39a0869e4513b02)] -> xpath: //button[contains(text(),'Logout')]]
verify tab[[ChromeDriver: chrome on WINDOWS (1779389475f5b1b6a39a0869e4513b02)] -> xpath: //button[contains(text(),'Logout')]]
verify tab[[ChromeDriver: chrome on WINDOWS (1779389475f5b1b6a39a0869e4513b02)] -> xpath: //button[contains(text(),'Logout')]]
verify tab[[ChromeDriver: chrome on WINDOWS (1779389475f5b1b6a39a0869e4513b02)] -> xpath: //button[contains(text(),'Logout')]]
verify tab[[ChromeDriver: chrome on WINDOWS (1779389475f5b1b6a39a0869e4513b02)] -> xpath: //button[contains(text(),'Logout')]]
verify tab[[ChromeDriver: chrome on WINDOWS (1779389475f5b1b6a39a0869e4513b02)] -> xpath: //button[contains(text(),'Logout')]]
verify tab[[ChromeDriver: chrome on WINDOWS (1779389475f5b1b6a39a0869e4513b02)] -> xpath: //button[contains(text(),'Logout')]]
verify tab[[ChromeDriver: chrome on WINDOWS (1779389475f5b1b6a39a0869e4513b02)] -> xpath: //button[contains(text(),'Logout')]]
verify tab[[ChromeDriver: chrome on WINDOWS (1779389475f5b1b6a39a0869e4513b02)] -> xpath: //button[contains(text(),'Logout')]]
verify tab[[ChromeDriver: chrome on WINDOWS (1779389475f5b1b6a39a0869e4513b02)] -> xpath: //button[contains(text(),'Logout')]]
verify tab[[ChromeDriver: chrome on WINDOWS (1779389475f5b1b6a39a0869e4513b02)] -> xpath: //button[contains(text(),'Logout')]]
verify tab[[ChromeDriver: chrome on WINDOWS (1779389475f5b1b6a39a0869e4513b02)] -> xpath: //button[contains(text(),'Logout')]]
verify tab[[ChromeDriver: chrome on WINDOWS (1779389475f5b1b6a39a0869e4513b02)] -> xpath: //button[contains(text(),'Logout')]]
verify tab[[ChromeDriver: chrome on WINDOWS (1779389475f5b1b6a39a0869e4513b02)] -> xpath: //button[contains(text(),'Logout')]]
verify tab[[ChromeDriver: chrome on WINDOWS (1779389475f5b1b6a39a0869e4513b02)] -> xpath: //button[contains(text(),'Logout')]]
verify tab[[ChromeDriver: chrome on WINDOWS (1779389475f5b1b6a39a0869e4513b02)] -> xpath: //button[contains(text(),'Logout')]]
verify tab[[ChromeDriver: chrome on WINDOWS (1779389475f5b1b6a39a0869e4513b02)] -> xpath: //button[contains(text(),'Logout')]]
verify tab[[ChromeDriver: chrome on WINDOWS (1779389475f5b1b6a39a0869e4513b02)] -> xpath: //button[contains(text(),'Logout')]]
verify tab[[ChromeDriver: chrome on WINDOWS (1779389475f5b1b6a39a0869e4513b02)] -> xpath: //button[contains(text(),'Logout')]]
verify tab[[ChromeDriver: chrome on WINDOWS (1779389475f5b1b6a39a0869e4513b02)] -> xpath: //button[contains(text(),'Logout')]]
verify tab[[ChromeDriver: chrome on WINDOWS (1779389475f5b1b6a39a0869e4513b02)] -> xpath: //button[contains(text(),'Logout')]]
verify tab[[ChromeDriver: chrome on WINDOWS (1779389475f5b1b6a39a0869e4513b02)] -> xpath: //button[contains(text(),'Logout')]]
verify tab[[ChromeDriver: chrome on WINDOWS (1779389475f5b1b6a39a0869e4513b02)] -> xpath: //button[contains(text(),'Logout')]]
verify tab[[ChromeDriver: chrome on WINDOWS (1779389475f5b1b6a39a0869e4513b02)] -> xpath: //button[contains(text(),'Logout')]]
verify tab[[ChromeDriver: chrome on WINDOWS (1779389475f5b1b6a39a0869e4513b02)] -> xpath: //button[contains(text(),'Logout')]]
verify tab[[ChromeDriver: chrome on WINDOWS (1779389475f5b1b6a39a0869e4513b02)] -> xpath: //button[contains(text(),'Logout')]]
verify tab[[ChromeDriver: chrome on WINDOWS (1779389475f5b1b6a39a0869e4513b02)] -> xpath: //button[contains(text(),'Logout')]]
verify tab[[ChromeDriver: chrome on WINDOWS (1779389475f5b1b6a39a0869e4513b02)] -> xpath: //button[contains(text(),'Logout')]]
verify tab[[ChromeDriver: chrome on WINDOWS (1779389475f5b1b6a39a0869e4513b02)] -> xpath: //button[contains(text(),'Logout')]]
verify tab[[ChromeDriver: chrome on WINDOWS (1779389475f5b1b6a39a0869e4513b02)] -> xpath: //button[contains(text(),'Logout')]]
verify tab[[ChromeDriver: chrome on WINDOWS (1779389475f5b1b6a39a0869e4513b02)] -> xpath: //button[contains(text(),'Logout')]]
verify tab[[ChromeDriver: chrome on WINDOWS (1779389475f5b1b6a39a0869e4513b02)] -> xpath: //button[contains(text(),'Logout')]]
verify tab[[ChromeDriver: chrome on WINDOWS (1779389475f5b1b6a39a0869e4513b02)] -> xpath: //button[contains(text(),'Logout')]]
verify tab[[ChromeDriver: chrome on WINDOWS (1779389475f5b1b6a39a0869e4513b02)] -> xpath: //button[contains(text(),'Logout')]]
verify tab[[ChromeDriver: chrome on WINDOWS (1779389475f5b1b6a39a0869e4513b02)] -> xpath: //button[contains(text(),'Logout')]]
verify tab[[ChromeDriver: chrome on WINDOWS (1779389475f5b1b6a39a0869e4513b02)] -> xpath: //button[contains(text(),'Logout')]]
verify tab[[ChromeDriver: chrome on WINDOWS (1779389475f5b1b6a39a0869e4513b02)] -> xpath: //button[contains(text(),'Logout')]]
verify tab[[ChromeDriver: chrome on WINDOWS (1779389475f5b1b6a39a0869e4513b02)] -> xpath: //button[contains(text(),'Logout')]]
verify tab[[ChromeDriver: chrome on WINDOWS (1779389475f5b1b6a39a0869e4513b02)] -> xpath: //button[contains(text(),'Logout')]]
verify tab[[ChromeDriver: chrome on WINDOWS (1779389475f5b1b6a39a0869e4513b02)] -> xpath: //button[contains(text(),'Logout')]]
verify tab[[ChromeDriver: chrome on WINDOWS (1779389475f5b1b6a39a0869e4513b02)] -> xpath: //button[contains(text(),'Logout')]]
verify tab[[ChromeDriver: chrome on WINDOWS (1779389475f5b1b6a39a0869e4513b02)] -> xpath: //button[contains(text(),'Logout')]]
verify tab[[ChromeDriver: chrome on WINDOWS (1779389475f5b1b6a39a0869e4513b02)] -> xpath: //button[contains(text(),'Logout')]]
verify tab[[ChromeDriver: chrome on WINDOWS (1779389475f5b1b6a39a0869e4513b02)] -> xpath: //button[contains(text(),'Logout')]]
verify tab[[ChromeDriver: chrome on WINDOWS (1779389475f5b1b6a39a0869e4513b02)] -> xpath: //button[contains(text(),'Logout')]]
verify tab[[ChromeDriver: chrome on WINDOWS (1779389475f5b1b6a39a0869e4513b02)] -> xpath: //button[contains(text(),'Logout')]]
verify tab[[ChromeDriver: chrome on WINDOWS (1779389475f5b1b6a39a0869e4513b02)] -> xpath: //button[contains(text(),'Logout')]]
verify tab[[ChromeDriver: chrome on WINDOWS (1779389475f5b1b6a39a0869e4513b02)] -> xpath: //button[contains(text(),'Logout')]]
verify tab[[ChromeDriver: chrome on WINDOWS (1779389475f5b1b6a39a0869e4513b02)] -> xpath: //button[contains(text(),'Logout')]]
verify tab[[ChromeDriver: chrome on WINDOWS (1779389475f5b1b6a39a0869e4513b02)] -> xpath: //button[contains(text(),'Logout')]]
verify tab[[ChromeDriver: chrome on WINDOWS (1779389475f5b1b6a39a0869e4513b02)] -> xpath: //button[contains(text(),'Logout')]]
verify tab[[ChromeDriver: chrome on WINDOWS (1779389475f5b1b6a39a0869e4513b02)] -> xpath: //button[contains(text(),'Logout')]]
verify tab[[ChromeDriver: chrome on WINDOWS (1779389475f5b1b6a39a0869e4513b02)] -> xpath: //button[contains(text(),'Logout')]]
verify tab[[ChromeDriver: chrome on WINDOWS (1779389475f5b1b6a39a0869e4513b02)] -> xpath: //button[contains(text(),'Logout')]]
verify tab[[ChromeDriver: chrome on WINDOWS (1779389475f5b1b6a39a0869e4513b02)] -> xpath: //button[contains(text(),'Logout')]]
verify tab[[ChromeDriver: chrome on WINDOWS (1779389475f5b1b6a39a0869e4513b02)] -> xpath: //button[contains(text(),'Logout')]]
verify tab[[ChromeDriver: chrome on WINDOWS (1779389475f5b1b6a39a0869e4513b02)] -> xpath: //button[contains(text(),'Logout')]]
verify tab[[ChromeDriver: chrome on WINDOWS (1779389475f5b1b6a39a0869e4513b02)] -> xpath: //button[contains(text(),'Logout')]]
verify tab[[ChromeDriver: chrome on WINDOWS (1779389475f5b1b6a39a0869e4513b02)] -> xpath: //button[contains(text(),'Logout')]]
verify tab[[ChromeDriver: chrome on WINDOWS (1779389475f5b1b6a39a0869e4513b02)] -> xpath: //button[contains(text(),'Logout')]]
verify tab[[ChromeDriver: chrome on WINDOWS (1779389475f5b1b6a39a0869e4513b02)] -> xpath: //button[contains(text(),'Logout')]]
verify tab[[ChromeDriver: chrome on WINDOWS (1779389475f5b1b6a39a0869e4513b02)] -> xpath: //button[contains(text(),'Logout')]]
verify tab[[ChromeDriver: chrome on WINDOWS (1779389475f5b1b6a39a0869e4513b02)] -> xpath: //button[contains(text(),'Logout')]]
verify tab[[ChromeDriver: chrome on WINDOWS (1779389475f5b1b6a39a0869e4513b02)] -> xpath: //button[contains(text(),'Logout')]]
verify tab[[ChromeDriver: chrome on WINDOWS (1779389475f5b1b6a39a0869e4513b02)] -> xpath: //button[contains(text(),'Logout')]]
verify tab[[ChromeDriver: chrome on WINDOWS (1779389475f5b1b6a39a0869e4513b02)] -> xpath: //button[contains(text(),'Logout')]]
verify tab[[ChromeDriver: chrome on WINDOWS (1779389475f5b1b6a39a0869e4513b02)] -> xpath: //button[contains(text(),'Logout')]]
verify tab[[ChromeDriver: chrome on WINDOWS (1779389475f5b1b6a39a0869e4513b02)] -> xpath: //button[contains(text(),'Logout')]]
verify tab[[ChromeDriver: chrome on WINDOWS (1779389475f5b1b6a39a0869e4513b02)] -> xpath: //button[contains(text(),'Logout')]]
verify tab[[ChromeDriver: chrome on WINDOWS (1779389475f5b1b6a39a0869e4513b02)] -> xpath: //button[contains(text(),'Logout')]]
verify tab[[ChromeDriver: chrome on WINDOWS (1779389475f5b1b6a39a0869e4513b02)] -> xpath: //button[contains(text(),'Logout')]]
verify tab[[ChromeDriver: chrome on WINDOWS (1779389475f5b1b6a39a0869e4513b02)] -> xpath: //button[contains(text(),'Logout')]]
verify tab[[ChromeDriver: chrome on WINDOWS (1779389475f5b1b6a39a0869e4513b02)] -> xpath: //button[contains(text(),'Logout')]]
verify tab[[ChromeDriver: chrome on WINDOWS (1779389475f5b1b6a39a0869e4513b02)] -> xpath: //button[contains(text(),'Logout')]]
verify tab[[ChromeDriver: chrome on WINDOWS (1779389475f5b1b6a39a0869e4513b02)] -> xpath: //button[contains(text(),'Logout')]]
verify tab[[ChromeDriver: chrome on WINDOWS (1779389475f5b1b6a39a0869e4513b02)] -> xpath: //button[contains(text(),'Logout')]]
verify tab[[ChromeDriver: chrome on WINDOWS (1779389475f5b1b6a39a0869e4513b02)] -> xpath: //button[contains(text(),'Logout')]]
verify tab[[ChromeDriver: chrome on WINDOWS (1779389475f5b1b6a39a0869e4513b02)] -> xpath: //button[contains(text(),'Logout')]]
verify tab[[ChromeDriver: chrome on WINDOWS (1779389475f5b1b6a39a0869e4513b02)] -> xpath: //button[contains(text(),'Logout')]]
verify tab[[ChromeDriver: chrome on WINDOWS (1779389475f5b1b6a39a0869e4513b02)] -> xpath: //button[contains(text(),'Logout')]]
verify tab[[ChromeDriver: chrome on WINDOWS (1779389475f5b1b6a39a0869e4513b02)] -> xpath: //button[contains(text(),'Logout')]]
verify tab[[ChromeDriver: chrome on WINDOWS (1779389475f5b1b6a39a0869e4513b02)] -> xpath: //button[contains(text(),'Logout')]]
verify tab[[ChromeDriver: chrome on WINDOWS (1779389475f5b1b6a39a0869e4513b02)] -> xpath: //button[contains(text(),'Logout')]]
verify tab[[ChromeDriver: chrome on WINDOWS (1779389475f5b1b6a39a0869e4513b02)] -> xpath: //button[contains(text(),'Logout')]]
verify tab[[ChromeDriver: chrome on WINDOWS (1779389475f5b1b6a39a0869e4513b02)] -> xpath: //button[contains(text(),'Logout')]]
verify tab[[ChromeDriver: chrome on WINDOWS (1779389475f5b1b6a39a0869e4513b02)] -> xpath: //button[contains(text(),'Logout')]]
verify tab[[ChromeDriver: chrome on WINDOWS (1779389475f5b1b6a39a0869e4513b02)] -> xpath: //button[contains(text(),'Logout')]]
verify tab[[ChromeDriver: chrome on WINDOWS (1779389475f5b1b6a39a0869e4513b02)] -> xpath: //button[contains(text(),'Logout')]]
verify tab[[ChromeDriver: chrome on WINDOWS (1779389475f5b1b6a39a0869e4513b02)] -> xpath: //button[contains(text(),'Logout')]]
verify tab[[ChromeDriver: chrome on WINDOWS (1779389475f5b1b6a39a0869e4513b02)] -> xpath: //button[contains(text(),'Logout')]]
verify tab[[ChromeDriver: chrome on WINDOWS (1779389475f5b1b6a39a0869e4513b02)] -> xpath: //button[contains(text(),'Logout')]]
verify tab[[ChromeDriver: chrome on WINDOWS (1779389475f5b1b6a39a0869e4513b02)] -> xpath: //button[contains(text(),'Logout')]]
verify tab[[ChromeDriver: chrome on WINDOWS (1779389475f5b1b6a39a0869e4513b02)] -> xpath: //button[contains(text(),'Logout')]]
verify tab[[ChromeDriver: chrome on WINDOWS (1779389475f5b1b6a39a0869e4513b02)] -> xpath: //button[contains(text(),'Logout')]]
verify tab[[ChromeDriver: chrome on WINDOWS (1779389475f5b1b6a39a0869e4513b02)] -> xpath: //button[contains(text(),'Logout')]]
verify tab[[ChromeDriver: chrome on WINDOWS (1779389475f5b1b6a39a0869e4513b02)] -> xpath: //button[contains(text(),'Logout')]]
verify tab[[ChromeDriver: chrome on WINDOWS (1779389475f5b1b6a39a0869e4513b02)] -> xpath: //button[contains(text(),'Logout')]]
verify tab[[ChromeDriver: chrome on WINDOWS (1779389475f5b1b6a39a0869e4513b02)] -> xpath: //button[contains(text(),'Logout')]]
verify tab[[ChromeDriver: chrome on WINDOWS (1779389475f5b1b6a39a0869e4513b02)] -> xpath: //button[contains(text(),'Logout')]]
verify tab[[ChromeDriver: chrome on WINDOWS (1779389475f5b1b6a39a0869e4513b02)] -> xpath: //button[contains(text(),'Logout')]]
verify tab[[ChromeDriver: chrome on WINDOWS (1779389475f5b1b6a39a0869e4513b02)] -> xpath: //button[contains(text(),'Logout')]]
verify tab[[ChromeDriver: chrome on WINDOWS (1779389475f5b1b6a39a0869e4513b02)] -> xpath: //button[contains(text(),'Logout')]]
verify tab[[ChromeDriver: chrome on WINDOWS (1779389475f5b1b6a39a0869e4513b02)] -> xpath: //button[contains(text(),'Logout')]]
verify tab[[ChromeDriver: chrome on WINDOWS (1779389475f5b1b6a39a0869e4513b02)] -> xpath: //button[contains(text(),'Logout')]]
verify tab[[ChromeDriver: chrome on WINDOWS (1779389475f5b1b6a39a0869e4513b02)] -> xpath: //button[contains(text(),'Logout')]]
verify tab[[ChromeDriver: chrome on WINDOWS (1779389475f5b1b6a39a0869e4513b02)] -> xpath: //button[contains(text(),'Logout')]]
verify tab[[ChromeDriver: chrome on WINDOWS (1779389475f5b1b6a39a0869e4513b02)] -> xpath: //button[contains(text(),'Logout')]]
verify tab[[ChromeDriver: chrome on WINDOWS (1779389475f5b1b6a39a0869e4513b02)] -> xpath: //button[contains(text(),'Logout')]]
verify tab[[ChromeDriver: chrome on WINDOWS (1779389475f5b1b6a39a0869e4513b02)] -> xpath: //button[contains(text(),'Logout')]]
verify tab[[ChromeDriver: chrome on WINDOWS (1779389475f5b1b6a39a0869e4513b02)] -> xpath: //button[contains(text(),'Logout')]]
verify tab[[ChromeDriver: chrome on WINDOWS (1779389475f5b1b6a39a0869e4513b02)] -> xpath: //button[contains(text(),'Logout')]]
verify tab[[ChromeDriver: chrome on WINDOWS (1779389475f5b1b6a39a0869e4513b02)] -> xpath: //button[contains(text(),'Logout')]]
verify tab[[ChromeDriver: chrome on WINDOWS (1779389475f5b1b6a39a0869e4513b02)] -> xpath: //button[contains(text(),'Logout')]]
verify tab[[ChromeDriver: chrome on WINDOWS (1779389475f5b1b6a39a0869e4513b02)] -> xpath: //button[contains(text(),'Logout')]]
verify tab[[ChromeDriver: chrome on WINDOWS (1779389475f5b1b6a39a0869e4513b02)] -> xpath: //button[contains(text(),'Logout')]]
verify tab[[ChromeDriver: chrome on WINDOWS (1779389475f5b1b6a39a0869e4513b02)] -> xpath: //button[contains(text(),'Logout')]]
verify tab[[ChromeDriver: chrome on WINDOWS (1779389475f5b1b6a39a0869e4513b02)] -> xpath: //button[contains(text(),'Logout')]]
verify tab[[ChromeDriver: chrome on WINDOWS (1779389475f5b1b6a39a0869e4513b02)] -> xpath: //button[contains(text(),'Logout')]]
verify tab[[ChromeDriver: chrome on WINDOWS (1779389475f5b1b6a39a0869e4513b02)] -> xpath: //button[contains(text(),'Logout')]]
verify tab[[ChromeDriver: chrome on WINDOWS (1779389475f5b1b6a39a0869e4513b02)] -> xpath: //button[contains(text(),'Logout')]]
verify tab[[ChromeDriver: chrome on WINDOWS (1779389475f5b1b6a39a0869e4513b02)] -> xpath: //button[contains(text(),'Logout')]]
verify tab[[ChromeDriver: chrome on WINDOWS (1779389475f5b1b6a39a0869e4513b02)] -> xpath: //button[contains(text(),'Logout')]]
verify tab[[ChromeDriver: chrome on WINDOWS (1779389475f5b1b6a39a0869e4513b02)] -> xpath: //button[contains(text(),'Logout')]]
verify tab[[ChromeDriver: chrome on WINDOWS (1779389475f5b1b6a39a0869e4513b02)] -> xpath: //button[contains(text(),'Logout')]]
verify tab[[ChromeDriver: chrome on WINDOWS (1779389475f5b1b6a39a0869e4513b02)] -> xpath: //button[contains(text(),'Logout')]]
verify tab[[ChromeDriver: chrome on WINDOWS (1779389475f5b1b6a39a0869e4513b02)] -> xpath: //button[contains(text(),'Logout')]]
verify tab[[ChromeDriver: chrome on WINDOWS (1779389475f5b1b6a39a0869e4513b02)] -> xpath: //button[contains(text(),'Logout')]]
verify tab[[ChromeDriver: chrome on WINDOWS (1779389475f5b1b6a39a0869e4513b02)] -> xpath: //button[contains(text(),'Logout')]]
verify tab[[ChromeDriver: chrome on WINDOWS (1779389475f5b1b6a39a0869e4513b02)] -> xpath: //button[contains(text(),'Logout')]]
verify tab[[ChromeDriver: chrome on WINDOWS (1779389475f5b1b6a39a0869e4513b02)] -> xpath: //button[contains(text(),'Logout')]]
verify tab[[ChromeDriver: chrome on WINDOWS (1779389475f5b1b6a39a0869e4513b02)] -> xpath: //button[contains(text(),'Logout')]]
verify tab[[ChromeDriver: chrome on WINDOWS (1779389475f5b1b6a39a0869e4513b02)] -> xpath: //button[contains(text(),'Logout')]]
verify tab[[ChromeDriver: chrome on WINDOWS (1779389475f5b1b6a39a0869e4513b02)] -> xpath: //button[contains(text(),'Logout')]]
verify tab[[ChromeDriver: chrome on WINDOWS (1779389475f5b1b6a39a0869e4513b02)] -> xpath: //button[contains(text(),'Logout')]]
verify tab[[ChromeDriver: chrome on WINDOWS (1779389475f5b1b6a39a0869e4513b02)] -> xpath: //button[contains(text(),'Logout')]]
verify tab[[ChromeDriver: chrome on WINDOWS (1779389475f5b1b6a39a0869e4513b02)] -> xpath: //button[contains(text(),'Logout')]]
verify tab[[ChromeDriver: chrome on WINDOWS (1779389475f5b1b6a39a0869e4513b02)] -> xpath: //button[contains(text(),'Logout')]]
verify tab[[ChromeDriver: chrome on WINDOWS (1779389475f5b1b6a39a0869e4513b02)] -> xpath: //button[contains(text(),'Logout')]]
verify tab[[ChromeDriver: chrome on WINDOWS (1779389475f5b1b6a39a0869e4513b02)] -> xpath: //button[contains(text(),'Logout')]]
verify tab[[ChromeDriver: chrome on WINDOWS (1779389475f5b1b6a39a0869e4513b02)] -> xpath: //button[contains(text(),'Logout')]]
verify tab[[ChromeDriver: chrome on WINDOWS (1779389475f5b1b6a39a0869e4513b02)] -> xpath: //button[contains(text(),'Logout')]]
verify tab[[ChromeDriver: chrome on WINDOWS (1779389475f5b1b6a39a0869e4513b02)] -> xpath: //button[contains(text(),'Logout')]]
verify tab[[ChromeDriver: chrome on WINDOWS (1779389475f5b1b6a39a0869e4513b02)] -> xpath: //button[contains(text(),'Logout')]]
verify tab[[ChromeDriver: chrome on WINDOWS (1779389475f5b1b6a39a0869e4513b02)] -> xpath: //button[contains(text(),'Logout')]]
verify tab[[ChromeDriver: chrome on WINDOWS (1779389475f5b1b6a39a0869e4513b02)] -> xpath: //button[contains(text(),'Logout')]]
verify tab[[ChromeDriver: chrome on WINDOWS (1779389475f5b1b6a39a0869e4513b02)] -> xpath: //button[contains(text(),'Logout')]]
verify tab[[ChromeDriver: chrome on WINDOWS (1779389475f5b1b6a39a0869e4513b02)] -> xpath: //button[contains(text(),'Logout')]]
verify tab[[ChromeDriver: chrome on WINDOWS (1779389475f5b1b6a39a0869e4513b02)] -> xpath: //button[contains(text(),'Logout')]]
verify tab[[ChromeDriver: chrome on WINDOWS (1779389475f5b1b6a39a0869e4513b02)] -> xpath: //button[contains(text(),'Logout')]]
verify tab[[ChromeDriver: chrome on WINDOWS (1779389475f5b1b6a39a0869e4513b02)] -> xpath: //button[contains(text(),'Logout')]]
verify tab[[ChromeDriver: chrome on WINDOWS (1779389475f5b1b6a39a0869e4513b02)] -> xpath: //button[contains(text(),'Logout')]]
verify tab[[ChromeDriver: chrome on WINDOWS (1779389475f5b1b6a39a0869e4513b02)] -> xpath: //button[contains(text(),'Logout')]]
verify tab[[ChromeDriver: chrome on WINDOWS (1779389475f5b1b6a39a0869e4513b02)] -> xpath: //button[contains(text(),'Logout')]]
verify tab[[ChromeDriver: chrome on WINDOWS (1779389475f5b1b6a39a0869e4513b02)] -> xpath: //button[contains(text(),'Logout')]]
verify tab[[ChromeDriver: chrome on WINDOWS (1779389475f5b1b6a39a0869e4513b02)] -> xpath: //button[contains(text(),'Logout')]]
verify tab[[ChromeDriver: chrome on WINDOWS (1779389475f5b1b6a39a0869e4513b02)] -> xpath: //button[contains(text(),'Logout')]]
verify tab[[ChromeDriver: chrome on WINDOWS (1779389475f5b1b6a39a0869e4513b02)] -> xpath: //button[contains(text(),'Logout')]]
verify tab[[ChromeDriver: chrome on WINDOWS (1779389475f5b1b6a39a0869e4513b02)] -> xpath: //button[contains(text(),'Logout')]]
verify tab[[ChromeDriver: chrome on WINDOWS (1779389475f5b1b6a39a0869e4513b02)] -> xpath: //button[contains(text(),'Logout')]]
verify tab[[ChromeDriver: chrome on WINDOWS (1779389475f5b1b6a39a0869e4513b02)] -> xpath: //button[contains(text(),'Logout')]]
verify tab[[ChromeDriver: chrome on WINDOWS (1779389475f5b1b6a39a0869e4513b02)] -> xpath: //button[contains(text(),'Logout')]]
verify tab[[ChromeDriver: chrome on WINDOWS (1779389475f5b1b6a39a0869e4513b02)] -> xpath: //button[contains(text(),'Logout')]]
verify tab[[ChromeDriver: chrome on WINDOWS (1779389475f5b1b6a39a0869e4513b02)] -> xpath: //button[contains(text(),'Logout')]]
verify tab[[ChromeDriver: chrome on WINDOWS (1779389475f5b1b6a39a0869e4513b02)] -> xpath: //button[contains(text(),'Logout')]]
verify tab[[ChromeDriver: chrome on WINDOWS (1779389475f5b1b6a39a0869e4513b02)] -> xpath: //button[contains(text(),'Logout')]]
verify tab[[ChromeDriver: chrome on WINDOWS (1779389475f5b1b6a39a0869e4513b02)] -> xpath: //button[contains(text(),'Logout')]]
verify tab[[ChromeDriver: chrome on WINDOWS (1779389475f5b1b6a39a0869e4513b02)] -> xpath: //button[contains(text(),'Logout')]]
verify tab[[ChromeDriver: chrome on WINDOWS (1779389475f5b1b6a39a0869e4513b02)] -> xpath: //button[contains(text(),'Logout')]]
verify tab[[ChromeDriver: chrome on WINDOWS (1779389475f5b1b6a39a0869e4513b02)] -> xpath: //button[contains(text(),'Logout')]]
verify tab[[ChromeDriver: chrome on WINDOWS (1779389475f5b1b6a39a0869e4513b02)] -> xpath: //button[contains(text(),'Logout')]]
verify tab[[ChromeDriver: chrome on WINDOWS (1779389475f5b1b6a39a0869e4513b02)] -> xpath: //button[contains(text(),'Logout')]]
verify tab[[ChromeDriver: chrome on WINDOWS (1779389475f5b1b6a39a0869e4513b02)] -> xpath: //button[contains(text(),'Logout')]]
verify tab[[ChromeDriver: chrome on WINDOWS (1779389475f5b1b6a39a0869e4513b02)] -> xpath: //button[contains(text(),'Logout')]]
verify tab[[ChromeDriver: chrome on WINDOWS (1779389475f5b1b6a39a0869e4513b02)] -> xpath: //button[contains(text(),'Logout')]]
verify tab[[ChromeDriver: chrome on WINDOWS (1779389475f5b1b6a39a0869e4513b02)] -> xpath: //button[contains(text(),'Logout')]]
verify tab[[ChromeDriver: chrome on WINDOWS (1779389475f5b1b6a39a0869e4513b02)] -> xpath: //button[contains(text(),'Logout')]]
verify tab[[ChromeDriver: chrome on WINDOWS (1779389475f5b1b6a39a0869e4513b02)] -> xpath: //button[contains(text(),'Logout')]]
verify tab[[ChromeDriver: chrome on WINDOWS (1779389475f5b1b6a39a0869e4513b02)] -> xpath: //button[contains(text(),'Logout')]]
verify tab[[ChromeDriver: chrome on WINDOWS (1779389475f5b1b6a39a0869e4513b02)] -> xpath: //button[contains(text(),'Logout')]]
verify tab[[ChromeDriver: chrome on WINDOWS (1779389475f5b1b6a39a0869e4513b02)] -> xpath: //button[contains(text(),'Logout')]]
verify tab[[ChromeDriver: chrome on WINDOWS (1779389475f5b1b6a39a0869e4513b02)] -> xpath: //button[contains(text(),'Logout')]]
verify tab[[ChromeDriver: chrome on WINDOWS (1779389475f5b1b6a39a0869e4513b02)] -> xpath: //button[contains(text(),'Logout')]]
verify tab[[ChromeDriver: chrome on WINDOWS (1779389475f5b1b6a39a0869e4513b02)] -> xpath: //button[contains(text(),'Logout')]]
verify tab[[ChromeDriver: chrome on WINDOWS (1779389475f5b1b6a39a0869e4513b02)] -> xpath: //button[contains(text(),'Logout')]]
verify tab[[ChromeDriver: chrome on WINDOWS (1779389475f5b1b6a39a0869e4513b02)] -> xpath: //button[contains(text(),'Logout')]]
verify tab[[ChromeDriver: chrome on WINDOWS (1779389475f5b1b6a39a0869e4513b02)] -> xpath: //button[contains(text(),'Logout')]]
verify tab[[ChromeDriver: chrome on WINDOWS (1779389475f5b1b6a39a0869e4513b02)] -> xpath: //button[contains(text(),'Logout')]]
verify tab[[ChromeDriver: chrome on WINDOWS (1779389475f5b1b6a39a0869e4513b02)] -> xpath: //button[contains(text(),'Logout')]]
verify tab[[ChromeDriver: chrome on WINDOWS (1779389475f5b1b6a39a0869e4513b02)] -> xpath: //button[contains(text(),'Logout')]]
verify tab[[ChromeDriver: chrome on WINDOWS (1779389475f5b1b6a39a0869e4513b02)] -> xpath: //button[contains(text(),'Logout')]]
verify tab[[ChromeDriver: chrome on WINDOWS (1779389475f5b1b6a39a0869e4513b02)] -> xpath: //button[contains(text(),'Logout')]]
verify tab[[ChromeDriver: chrome on WINDOWS (1779389475f5b1b6a39a0869e4513b02)] -> xpath: //button[contains(text(),'Logout')]]
verify tab[[ChromeDriver: chrome on WINDOWS (1779389475f5b1b6a39a0869e4513b02)] -> xpath: //button[contains(text(),'Logout')]]
verify tab[[ChromeDriver: chrome on WINDOWS (1779389475f5b1b6a39a0869e4513b02)] -> xpath: //button[contains(text(),'Logout')]]
verify tab[[ChromeDriver: chrome on WINDOWS (1779389475f5b1b6a39a0869e4513b02)] -> xpath: //button[contains(text(),'Logout')]]
verify tab[[ChromeDriver: chrome on WINDOWS (1779389475f5b1b6a39a0869e4513b02)] -> xpath: //button[contains(text(),'Logout')]]
verify tab[[ChromeDriver: chrome on WINDOWS (1779389475f5b1b6a39a0869e4513b02)] -> xpath: //button[contains(text(),'Logout')]]
verify tab[[ChromeDriver: chrome on WINDOWS (1779389475f5b1b6a39a0869e4513b02)] -> xpath: //button[contains(text(),'Logout')]]
verify tab[[ChromeDriver: chrome on WINDOWS (1779389475f5b1b6a39a0869e4513b02)] -> xpath: //button[contains(text(),'Logout')]]
verify tab[[ChromeDriver: chrome on WINDOWS (1779389475f5b1b6a39a0869e4513b02)] -> xpath: //button[contains(text(),'Logout')]]
verify tab[[ChromeDriver: chrome on WINDOWS (1779389475f5b1b6a39a0869e4513b02)] -> xpath: //button[contains(text(),'Logout')]]
verify tab[[ChromeDriver: chrome on WINDOWS (1779389475f5b1b6a39a0869e4513b02)] -> xpath: //button[contains(text(),'Logout')]]
verify tab[[ChromeDriver: chrome on WINDOWS (1779389475f5b1b6a39a0869e4513b02)] -> xpath: //button[contains(text(),'Logout')]]
verify tab[[ChromeDriver: chrome on WINDOWS (1779389475f5b1b6a39a0869e4513b02)] -> xpath: //button[contains(text(),'Logout')]]
verify tab[[ChromeDriver: chrome on WINDOWS (1779389475f5b1b6a39a0869e4513b02)] -> xpath: //button[contains(text(),'Logout')]]
verify tab[[ChromeDriver: chrome on WINDOWS (1779389475f5b1b6a39a0869e4513b02)] -> xpath: //button[contains(text(),'Logout')]]
verify tab[[ChromeDriver: chrome on WINDOWS (1779389475f5b1b6a39a0869e4513b02)] -> xpath: //button[contains(text(),'Logout')]]
verify tab[[ChromeDriver: chrome on WINDOWS (1779389475f5b1b6a39a0869e4513b02)] -> xpath: //button[contains(text(),'Logout')]]
verify tab[[ChromeDriver: chrome on WINDOWS (1779389475f5b1b6a39a0869e4513b02)] -> xpath: //button[contains(text(),'Logout')]]
verify tab[[ChromeDriver: chrome on WINDOWS (1779389475f5b1b6a39a0869e4513b02)] -> xpath: //button[contains(text(),'Logout')]]
verify tab[[ChromeDriver: chrome on WINDOWS (1779389475f5b1b6a39a0869e4513b02)] -> xpath: //button[contains(text(),'Logout')]]
verify tab[[ChromeDriver: chrome on WINDOWS (1779389475f5b1b6a39a0869e4513b02)] -> xpath: //button[contains(text(),'Logout')]]
verify tab[[ChromeDriver: chrome on WINDOWS (1779389475f5b1b6a39a0869e4513b02)] -> xpath: //button[contains(text(),'Logout')]]
verify tab[[ChromeDriver: chrome on WINDOWS (1779389475f5b1b6a39a0869e4513b02)] -> xpath: //button[contains(text(),'Logout')]]
verify tab[[ChromeDriver: chrome on WINDOWS (1779389475f5b1b6a39a0869e4513b02)] -> xpath: //button[contains(text(),'Logout')]]
verify tab[[ChromeDriver: chrome on WINDOWS (1779389475f5b1b6a39a0869e4513b02)] -> xpath: //button[contains(text(),'Logout')]]
verify tab[[ChromeDriver: chrome on WINDOWS (1779389475f5b1b6a39a0869e4513b02)] -> xpath: //button[contains(text(),'Logout')]]
verify tab[[ChromeDriver: chrome on WINDOWS (1779389475f5b1b6a39a0869e4513b02)] -> xpath: //button[contains(text(),'Logout')]]
verify tab[[ChromeDriver: chrome on WINDOWS (1779389475f5b1b6a39a0869e4513b02)] -> xpath: //button[contains(text(),'Logout')]]
verify tab[[ChromeDriver: chrome on WINDOWS (1779389475f5b1b6a39a0869e4513b02)] -> xpath: //button[contains(text(),'Logout')]]
verify tab[[ChromeDriver: chrome on WINDOWS (1779389475f5b1b6a39a0869e4513b02)] -> xpath: //button[contains(text(),'Logout')]]
verify tab[[ChromeDriver: chrome on WINDOWS (1779389475f5b1b6a39a0869e4513b02)] -> xpath: //button[contains(text(),'Logout')]]
verify tab[[ChromeDriver: chrome on WINDOWS (1779389475f5b1b6a39a0869e4513b02)] -> xpath: //button[contains(text(),'Logout')]]
verify tab[[ChromeDriver: chrome on WINDOWS (1779389475f5b1b6a39a0869e4513b02)] -> xpath: //button[contains(text(),'Logout')]]
verify tab[[ChromeDriver: chrome on WINDOWS (1779389475f5b1b6a39a0869e4513b02)] -> xpath: //button[contains(text(),'Logout')]]
verify tab[[ChromeDriver: chrome on WINDOWS (1779389475f5b1b6a39a0869e4513b02)] -> xpath: //button[contains(text(),'Logout')]]
verify tab[[ChromeDriver: chrome on WINDOWS (1779389475f5b1b6a39a0869e4513b02)] -> xpath: //button[contains(text(),'Logout')]]
verify tab[[ChromeDriver: chrome on WINDOWS (1779389475f5b1b6a39a0869e4513b02)] -> xpath: //button[contains(text(),'Logout')]]
verify tab[[ChromeDriver: chrome on WINDOWS (1779389475f5b1b6a39a0869e4513b02)] -> xpath: //button[contains(text(),'Logout')]]
verify tab[[ChromeDriver: chrome on WINDOWS (1779389475f5b1b6a39a0869e4513b02)] -> xpath: //button[contains(text(),'Logout')]]
verify tab[[ChromeDriver: chrome on WINDOWS (1779389475f5b1b6a39a0869e4513b02)] -> xpath: //button[contains(text(),'Logout')]]
verify tab[[ChromeDriver: chrome on WINDOWS (1779389475f5b1b6a39a0869e4513b02)] -> xpath: //button[contains(text(),'Logout')]]
verify tab[[ChromeDriver: chrome on WINDOWS (1779389475f5b1b6a39a0869e4513b02)] -> xpath: //button[contains(text(),'Logout')]]
verify tab[[ChromeDriver: chrome on WINDOWS (1779389475f5b1b6a39a0869e4513b02)] -> xpath: //button[contains(text(),'Logout')]]
verify tab[[ChromeDriver: chrome on WINDOWS (1779389475f5b1b6a39a0869e4513b02)] -> xpath: //button[contains(text(),'Logout')]]
verify tab[[ChromeDriver: chrome on WINDOWS (1779389475f5b1b6a39a0869e4513b02)] -> xpath: //button[contains(text(),'Logout')]]
verify tab[[ChromeDriver: chrome on WINDOWS (1779389475f5b1b6a39a0869e4513b02)] -> xpath: //button[contains(text(),'Logout')]]
verify tab[[ChromeDriver: chrome on WINDOWS (1779389475f5b1b6a39a0869e4513b02)] -> xpath: //button[contains(text(),'Logout')]]
verify tab[[ChromeDriver: chrome on WINDOWS (1779389475f5b1b6a39a0869e4513b02)] -> xpath: //button[contains(text(),'Logout')]]
verify tab[[ChromeDriver: chrome on WINDOWS (1779389475f5b1b6a39a0869e4513b02)] -> xpath: //button[contains(text(),'Logout')]]
verify tab[[ChromeDriver: chrome on WINDOWS (1779389475f5b1b6a39a0869e4513b02)] -> xpath: //button[contains(text(),'Logout')]]
verify tab[[ChromeDriver: chrome on WINDOWS (1779389475f5b1b6a39a0869e4513b02)] -> xpath: //button[contains(text(),'Logout')]]
verify tab[[ChromeDriver: chrome on WINDOWS (1779389475f5b1b6a39a0869e4513b02)] -> xpath: //button[contains(text(),'Logout')]]
verify tab[[ChromeDriver: chrome on WINDOWS (1779389475f5b1b6a39a0869e4513b02)] -> xpath: //button[contains(text(),'Logout')]]
verify tab[[ChromeDriver: chrome on WINDOWS (1779389475f5b1b6a39a0869e4513b02)] -> xpath: //button[contains(text(),'Logout')]]
verify tab[[ChromeDriver: chrome on WINDOWS (1779389475f5b1b6a39a0869e4513b02)] -> xpath: //button[contains(text(),'Logout')]]
verify tab[[ChromeDriver: chrome on WINDOWS (1779389475f5b1b6a39a0869e4513b02)] -> xpath: //button[contains(text(),'Logout')]]
verify tab[[ChromeDriver: chrome on WINDOWS (1779389475f5b1b6a39a0869e4513b02)] -> xpath: //button[contains(text(),'Logout')]]
verify tab[[ChromeDriver: chrome on WINDOWS (1779389475f5b1b6a39a0869e4513b02)] -> xpath: //button[contains(text(),'Logout')]]
verify tab[[ChromeDriver: chrome on WINDOWS (1779389475f5b1b6a39a0869e4513b02)] -> xpath: //button[contains(text(),'Logout')]]
verify tab[[ChromeDriver: chrome on WINDOWS (1779389475f5b1b6a39a0869e4513b02)] -> xpath: //button[contains(text(),'Logout')]]
verify tab[[ChromeDriver: chrome on WINDOWS (1779389475f5b1b6a39a0869e4513b02)] -> xpath: //button[contains(text(),'Logout')]]
verify tab[[ChromeDriver: chrome on WINDOWS (1779389475f5b1b6a39a0869e4513b02)] -> xpath: //button[contains(text(),'Logout')]]
verify tab[[ChromeDriver: chrome on WINDOWS (1779389475f5b1b6a39a0869e4513b02)] -> xpath: //button[contains(text(),'Logout')]]
verify tab[[ChromeDriver: chrome on WINDOWS (1779389475f5b1b6a39a0869e4513b02)] -> xpath: //button[contains(text(),'Logout')]]
verify tab[[ChromeDriver: chrome on WINDOWS (1779389475f5b1b6a39a0869e4513b02)] -> xpath: //button[contains(text(),'Logout')]]
verify tab[[ChromeDriver: chrome on WINDOWS (1779389475f5b1b6a39a0869e4513b02)] -> xpath: //button[contains(text(),'Logout')]]
verify tab[[ChromeDriver: chrome on WINDOWS (1779389475f5b1b6a39a0869e4513b02)] -> xpath: //button[contains(text(),'Logout')]]
verify tab[[ChromeDriver: chrome on WINDOWS (1779389475f5b1b6a39a0869e4513b02)] -> xpath: //button[contains(text(),'Logout')]]
verify tab[[ChromeDriver: chrome on WINDOWS (1779389475f5b1b6a39a0869e4513b02)] -> xpath: //button[contains(text(),'Logout')]]
verify tab[[ChromeDriver: chrome on WINDOWS (1779389475f5b1b6a39a0869e4513b02)] -> xpath: //button[contains(text(),'Logout')]]
verify tab[[ChromeDriver: chrome on WINDOWS (1779389475f5b1b6a39a0869e4513b02)] -> xpath: //button[contains(text(),'Logout')]]
verify tab[[ChromeDriver: chrome on WINDOWS (1779389475f5b1b6a39a0869e4513b02)] -> xpath: //button[contains(text(),'Logout')]]
verify tab[[ChromeDriver: chrome on WINDOWS (1779389475f5b1b6a39a0869e4513b02)] -> xpath: //button[contains(text(),'Logout')]]
verify tab[[ChromeDriver: chrome on WINDOWS (1779389475f5b1b6a39a0869e4513b02)] -> xpath: //button[contains(text(),'Logout')]]
verify tab[[ChromeDriver: chrome on WINDOWS (1779389475f5b1b6a39a0869e4513b02)] -> xpath: //button[contains(text(),'Logout')]]
verify tab[[ChromeDriver: chrome on WINDOWS (1779389475f5b1b6a39a0869e4513b02)] -> xpath: //button[contains(text(),'Logout')]]
verify tab[[ChromeDriver: chrome on WINDOWS (1779389475f5b1b6a39a0869e4513b02)] -> xpath: //button[contains(text(),'Logout')]]
verify tab[[ChromeDriver: chrome on WINDOWS (1779389475f5b1b6a39a0869e4513b02)] -> xpath: //button[contains(text(),'Logout')]]
verify tab[[ChromeDriver: chrome on WINDOWS (1779389475f5b1b6a39a0869e4513b02)] -> xpath: //button[contains(text(),'Logout')]]
verify tab[[ChromeDriver: chrome on WINDOWS (1779389475f5b1b6a39a0869e4513b02)] -> xpath: //button[contains(text(),'Logout')]]
verify tab[[ChromeDriver: chrome on WINDOWS (1779389475f5b1b6a39a0869e4513b02)] -> xpath: //button[contains(text(),'Logout')]]
verify tab[[ChromeDriver: chrome on WINDOWS (1779389475f5b1b6a39a0869e4513b02)] -> xpath: //button[contains(text(),'Logout')]]
verify tab[[ChromeDriver: chrome on WINDOWS (1779389475f5b1b6a39a0869e4513b02)] -> xpath: //button[contains(text(),'Logout')]]
verify tab[[ChromeDriver: chrome on WINDOWS (1779389475f5b1b6a39a0869e4513b02)] -> xpath: //button[contains(text(),'Logout')]]
verify tab[[ChromeDriver: chrome on WINDOWS (1779389475f5b1b6a39a0869e4513b02)] -> xpath: //button[contains(text(),'Logout')]]
verify tab[[ChromeDriver: chrome on WINDOWS (1779389475f5b1b6a39a0869e4513b02)] -> xpath: //button[contains(text(),'Logout')]]
verify tab[[ChromeDriver: chrome on WINDOWS (1779389475f5b1b6a39a0869e4513b02)] -> xpath: //button[contains(text(),'Logout')]]
verify tab[[ChromeDriver: chrome on WINDOWS (1779389475f5b1b6a39a0869e4513b02)] -> xpath: //button[contains(text(),'Logout')]]
verify tab[[ChromeDriver: chrome on WINDOWS (1779389475f5b1b6a39a0869e4513b02)] -> xpath: //button[contains(text(),'Logout')]]
verify tab[[ChromeDriver: chrome on WINDOWS (1779389475f5b1b6a39a0869e4513b02)] -> xpath: //button[contains(text(),'Logout')]]
verify tab[[ChromeDriver: chrome on WINDOWS (1779389475f5b1b6a39a0869e4513b02)] -> xpath: //button[contains(text(),'Logout')]]
verify tab[[ChromeDriver: chrome on WINDOWS (1779389475f5b1b6a39a0869e4513b02)] -> xpath: //button[contains(text(),'Logout')]]
verify tab[[ChromeDriver: chrome on WINDOWS (1779389475f5b1b6a39a0869e4513b02)] -> xpath: //button[contains(text(),'Logout')]]
verify tab[[ChromeDriver: chrome on WINDOWS (1779389475f5b1b6a39a0869e4513b02)] -> xpath: //button[contains(text(),'Logout')]]
verify tab[[ChromeDriver: chrome on WINDOWS (1779389475f5b1b6a39a0869e4513b02)] -> xpath: //button[contains(text(),'Logout')]]
verify tab[[ChromeDriver: chrome on WINDOWS (1779389475f5b1b6a39a0869e4513b02)] -> xpath: //button[contains(text(),'Logout')]]
verify tab[[ChromeDriver: chrome on WINDOWS (1779389475f5b1b6a39a0869e4513b02)] -> xpath: //button[contains(text(),'Logout')]]
verify tab[[ChromeDriver: chrome on WINDOWS (1779389475f5b1b6a39a0869e4513b02)] -> xpath: //button[contains(text(),'Logout')]]
verify tab[[ChromeDriver: chrome on WINDOWS (1779389475f5b1b6a39a0869e4513b02)] -> xpath: //button[contains(text(),'Logout')]]
verify tab[[ChromeDriver: chrome on WINDOWS (1779389475f5b1b6a39a0869e4513b02)] -> xpath: //button[contains(text(),'Logout')]]
verify tab[[ChromeDriver: chrome on WINDOWS (1779389475f5b1b6a39a0869e4513b02)] -> xpath: //button[contains(text(),'Logout')]]
verify tab[[ChromeDriver: chrome on WINDOWS (1779389475f5b1b6a39a0869e4513b02)] -> xpath: //button[contains(text(),'Logout')]]
verify tab[[ChromeDriver: chrome on WINDOWS (1779389475f5b1b6a39a0869e4513b02)] -> xpath: //button[contains(text(),'Logout')]]
verify tab[[ChromeDriver: chrome on WINDOWS (1779389475f5b1b6a39a0869e4513b02)] -> xpath: //button[contains(text(),'Logout')]]
verify tab[[ChromeDriver: chrome on WINDOWS (1779389475f5b1b6a39a0869e4513b02)] -> xpath: //button[contains(text(),'Logout')]]
verify tab[[ChromeDriver: chrome on WINDOWS (1779389475f5b1b6a39a0869e4513b02)] -> xpath: //button[contains(text(),'Logout')]]
verify tab[[ChromeDriver: chrome on WINDOWS (1779389475f5b1b6a39a0869e4513b02)] -> xpath: //button[contains(text(),'Logout')]]
verify tab[[ChromeDriver: chrome on WINDOWS (1779389475f5b1b6a39a0869e4513b02)] -> xpath: //button[contains(text(),'Logout')]]
verify tab[[ChromeDriver: chrome on WINDOWS (1779389475f5b1b6a39a0869e4513b02)] -> xpath: //button[contains(text(),'Logout')]]
verify tab[[ChromeDriver: chrome on WINDOWS (1779389475f5b1b6a39a0869e4513b02)] -> xpath: //button[contains(text(),'Logout')]]
verify tab[[ChromeDriver: chrome on WINDOWS (1779389475f5b1b6a39a0869e4513b02)] -> xpath: //button[contains(text(),'Logout')]]
verify tab[[ChromeDriver: chrome on WINDOWS (1779389475f5b1b6a39a0869e4513b02)] -> xpath: //button[contains(text(),'Logout')]]
verify tab[[ChromeDriver: chrome on WINDOWS (1779389475f5b1b6a39a0869e4513b02)] -> xpath: //button[contains(text(),'Logout')]]
verify tab[[ChromeDriver: chrome on WINDOWS (1779389475f5b1b6a39a0869e4513b02)] -> xpath: //button[contains(text(),'Logout')]]
verify tab[[ChromeDriver: chrome on WINDOWS (1779389475f5b1b6a39a0869e4513b02)] -> xpath: //button[contains(text(),'Logout')]]
verify tab[[ChromeDriver: chrome on WINDOWS (1779389475f5b1b6a39a0869e4513b02)] -> xpath: //button[contains(text(),'Logout')]]
verify tab[[ChromeDriver: chrome on WINDOWS (1779389475f5b1b6a39a0869e4513b02)] -> xpath: //button[contains(text(),'Logout')]]
verify tab[[ChromeDriver: chrome on WINDOWS (1779389475f5b1b6a39a0869e4513b02)] -> xpath: //button[contains(text(),'Logout')]]
verify tab[[ChromeDriver: chrome on WINDOWS (1779389475f5b1b6a39a0869e4513b02)] -> xpath: //button[contains(text(),'Logout')]]
verify tab[[ChromeDriver: chrome on WINDOWS (1779389475f5b1b6a39a0869e4513b02)] -> xpath: //button[contains(text(),'Logout')]]
verify tab[[ChromeDriver: chrome on WINDOWS (1779389475f5b1b6a39a0869e4513b02)] -> xpath: //button[contains(text(),'Logout')]]
verify tab[[ChromeDriver: chrome on WINDOWS (1779389475f5b1b6a39a0869e4513b02)] -> xpath: //button[contains(text(),'Logout')]]
verify tab[[ChromeDriver: chrome on WINDOWS (1779389475f5b1b6a39a0869e4513b02)] -> xpath: //button[contains(text(),'Logout')]]
verify tab[[ChromeDriver: chrome on WINDOWS (1779389475f5b1b6a39a0869e4513b02)] -> xpath: //button[contains(text(),'Logout')]]
verify tab[[ChromeDriver: chrome on WINDOWS (1779389475f5b1b6a39a0869e4513b02)] -> xpath: //button[contains(text(),'Logout')]]
verify tab[[ChromeDriver: chrome on WINDOWS (1779389475f5b1b6a39a0869e4513b02)] -> xpath: //button[contains(text(),'Logout')]]
verify tab[[ChromeDriver: chrome on WINDOWS (1779389475f5b1b6a39a0869e4513b02)] -> xpath: //button[contains(text(),'Logout')]]
verify tab[[ChromeDriver: chrome on WINDOWS (1779389475f5b1b6a39a0869e4513b02)] -> xpath: //button[contains(text(),'Logout')]]
verify tab[[ChromeDriver: chrome on WINDOWS (1779389475f5b1b6a39a0869e4513b02)] -> xpath: //button[contains(text(),'Logout')]]
verify tab[[ChromeDriver: chrome on WINDOWS (1779389475f5b1b6a39a0869e4513b02)] -> xpath: //button[contains(text(),'Logout')]]
verify tab[[ChromeDriver: chrome on WINDOWS (1779389475f5b1b6a39a0869e4513b02)] -> xpath: //button[contains(text(),'Logout')]]
verify tab[[ChromeDriver: chrome on WINDOWS (1779389475f5b1b6a39a0869e4513b02)] -> xpath: //button[contains(text(),'Logout')]]
verify tab[[ChromeDriver: chrome on WINDOWS (1779389475f5b1b6a39a0869e4513b02)] -> xpath: //button[contains(text(),'Logout')]]
verify tab[[ChromeDriver: chrome on WINDOWS (1779389475f5b1b6a39a0869e4513b02)] -> xpath: //button[contains(text(),'Logout')]]
verify tab[[ChromeDriver: chrome on WINDOWS (1779389475f5b1b6a39a0869e4513b02)] -> xpath: //button[contains(text(),'Logout')]]
verify tab[[ChromeDriver: chrome on WINDOWS (1779389475f5b1b6a39a0869e4513b02)] -> xpath: //button[contains(text(),'Logout')]]
verify tab[[ChromeDriver: chrome on WINDOWS (1779389475f5b1b6a39a0869e4513b02)] -> xpath: //button[contains(text(),'Logout')]]
verify tab[[ChromeDriver: chrome on WINDOWS (1779389475f5b1b6a39a0869e4513b02)] -> xpath: //button[contains(text(),'Logout')]]
verify tab[[ChromeDriver: chrome on WINDOWS (1779389475f5b1b6a39a0869e4513b02)] -> xpath: //button[contains(text(),'Logout')]]
verify tab[[ChromeDriver: chrome on WINDOWS (1779389475f5b1b6a39a0869e4513b02)] -> xpath: //button[contains(text(),'Logout')]]
verify tab[[ChromeDriver: chrome on WINDOWS (1779389475f5b1b6a39a0869e4513b02)] -> xpath: //button[contains(text(),'Logout')]]
verify tab[[ChromeDriver: chrome on WINDOWS (1779389475f5b1b6a39a0869e4513b02)] -> xpath: //button[contains(text(),'Logout')]]
verify tab[[ChromeDriver: chrome on WINDOWS (1779389475f5b1b6a39a0869e4513b02)] -> xpath: //button[contains(text(),'Logout')]]
verify tab[[ChromeDriver: chrome on WINDOWS (1779389475f5b1b6a39a0869e4513b02)] -> xpath: //button[contains(text(),'Logout')]]
verify tab[[ChromeDriver: chrome on WINDOWS (1779389475f5b1b6a39a0869e4513b02)] -> xpath: //button[contains(text(),'Logout')]]
verify tab[[ChromeDriver: chrome on WINDOWS (1779389475f5b1b6a39a0869e4513b02)] -> xpath: //button[contains(text(),'Logout')]]
verify tab[[ChromeDriver: chrome on WINDOWS (1779389475f5b1b6a39a0869e4513b02)] -> xpath: //button[contains(text(),'Logout')]]
verify tab[[ChromeDriver: chrome on WINDOWS (1779389475f5b1b6a39a0869e4513b02)] -> xpath: //button[contains(text(),'Logout')]]
verify tab[[ChromeDriver: chrome on WINDOWS (1779389475f5b1b6a39a0869e4513b02)] -> xpath: //button[contains(text(),'Logout')]]
verify tab[[ChromeDriver: chrome on WINDOWS (1779389475f5b1b6a39a0869e4513b02)] -> xpath: //button[contains(text(),'Logout')]]
verify tab[[ChromeDriver: chrome on WINDOWS (1779389475f5b1b6a39a0869e4513b02)] -> xpath: //button[contains(text(),'Logout')]]
verify tab[[ChromeDriver: chrome on WINDOWS (1779389475f5b1b6a39a0869e4513b02)] -> xpath: //button[contains(text(),'Logout')]]
verify tab[[ChromeDriver: chrome on WINDOWS (1779389475f5b1b6a39a0869e4513b02)] -> xpath: //button[contains(text(),'Logout')]]
verify tab[[ChromeDriver: chrome on WINDOWS (1779389475f5b1b6a39a0869e4513b02)] -> xpath: //button[contains(text(),'Logout')]]
verify tab[[ChromeDriver: chrome on WINDOWS (1779389475f5b1b6a39a0869e4513b02)] -> xpath: //button[contains(text(),'Logout')]]
verify tab[[ChromeDriver: chrome on WINDOWS (1779389475f5b1b6a39a0869e4513b02)] -> xpath: //button[contains(text(),'Logout')]]
verify tab[[ChromeDriver: chrome on WINDOWS (1779389475f5b1b6a39a0869e4513b02)] -> xpath: //button[contains(text(),'Logout')]]
verify tab[[ChromeDriver: chrome on WINDOWS (1779389475f5b1b6a39a0869e4513b02)] -> xpath: //button[contains(text(),'Logout')]]
verify tab[[ChromeDriver: chrome on WINDOWS (1779389475f5b1b6a39a0869e4513b02)] -> xpath: //button[contains(text(),'Logout')]]
verify tab[[ChromeDriver: chrome on WINDOWS (1779389475f5b1b6a39a0869e4513b02)] -> xpath: //button[contains(text(),'Logout')]]
verify tab[[ChromeDriver: chrome on WINDOWS (1779389475f5b1b6a39a0869e4513b02)] -> xpath: //button[contains(text(),'Logout')]]
verify tab[[ChromeDriver: chrome on WINDOWS (1779389475f5b1b6a39a0869e4513b02)] -> xpath: //button[contains(text(),'Logout')]]
verify tab[[ChromeDriver: chrome on WINDOWS (1779389475f5b1b6a39a0869e4513b02)] -> xpath: //button[contains(text(),'Logout')]]
verify tab[[ChromeDriver: chrome on WINDOWS (1779389475f5b1b6a39a0869e4513b02)] -> xpath: //button[contains(text(),'Logout')]]
verify tab[[ChromeDriver: chrome on WINDOWS (1779389475f5b1b6a39a0869e4513b02)] -> xpath: //button[contains(text(),'Logout')]]
verify tab[[ChromeDriver: chrome on WINDOWS (1779389475f5b1b6a39a0869e4513b02)] -> xpath: //button[contains(text(),'Logout')]]
verify tab[[ChromeDriver: chrome on WINDOWS (1779389475f5b1b6a39a0869e4513b02)] -> xpath: //button[contains(text(),'Logout')]]
verify tab[[ChromeDriver: chrome on WINDOWS (1779389475f5b1b6a39a0869e4513b02)] -> xpath: //button[contains(text(),'Logout')]]
verify tab[[ChromeDriver: chrome on WINDOWS (1779389475f5b1b6a39a0869e4513b02)] -> xpath: //button[contains(text(),'Logout')]]
verify tab[[ChromeDriver: chrome on WINDOWS (1779389475f5b1b6a39a0869e4513b02)] -> xpath: //button[contains(text(),'Logout')]]
verify tab[[ChromeDriver: chrome on WINDOWS (1779389475f5b1b6a39a0869e4513b02)] -> xpath: //button[contains(text(),'Logout')]]
verify tab[[ChromeDriver: chrome on WINDOWS (1779389475f5b1b6a39a0869e4513b02)] -> xpath: //button[contains(text(),'Logout')]]
verify tab[[ChromeDriver: chrome on WINDOWS (1779389475f5b1b6a39a0869e4513b02)] -> xpath: //button[contains(text(),'Logout')]]
verify tab[[ChromeDriver: chrome on WINDOWS (1779389475f5b1b6a39a0869e4513b02)] -> xpath: //button[contains(text(),'Logout')]]
verify tab[[ChromeDriver: chrome on WINDOWS (1779389475f5b1b6a39a0869e4513b02)] -> xpath: //button[contains(text(),'Logout')]]
verify tab[[ChromeDriver: chrome on WINDOWS (1779389475f5b1b6a39a0869e4513b02)] -> xpath: //button[contains(text(),'Logout')]]
verify tab[[ChromeDriver: chrome on WINDOWS (1779389475f5b1b6a39a0869e4513b02)] -> xpath: //button[contains(text(),'Logout')]]
verify tab[[ChromeDriver: chrome on WINDOWS (1779389475f5b1b6a39a0869e4513b02)] -> xpath: //button[contains(text(),'Logout')]]
verify tab[[ChromeDriver: chrome on WINDOWS (1779389475f5b1b6a39a0869e4513b02)] -> xpath: //button[contains(text(),'Logout')]]
verify tab[[ChromeDriver: chrome on WINDOWS (1779389475f5b1b6a39a0869e4513b02)] -> xpath: //button[contains(text(),'Logout')]]
verify tab[[ChromeDriver: chrome on WINDOWS (1779389475f5b1b6a39a0869e4513b02)] -> xpath: //button[contains(text(),'Logout')]]
verify tab[[ChromeDriver: chrome on WINDOWS (1779389475f5b1b6a39a0869e4513b02)] -> xpath: //button[contains(text(),'Logout')]]
verify tab[[ChromeDriver: chrome on WINDOWS (1779389475f5b1b6a39a0869e4513b02)] -> xpath: //button[contains(text(),'Logout')]]
verify tab[[ChromeDriver: chrome on WINDOWS (1779389475f5b1b6a39a0869e4513b02)] -> xpath: //button[contains(text(),'Logout')]]
verify tab[[ChromeDriver: chrome on WINDOWS (1779389475f5b1b6a39a0869e4513b02)] -> xpath: //button[contains(text(),'Logout')]]
verify tab[[ChromeDriver: chrome on WINDOWS (1779389475f5b1b6a39a0869e4513b02)] -> xpath: //button[contains(text(),'Logout')]]
verify tab[[ChromeDriver: chrome on WINDOWS (1779389475f5b1b6a39a0869e4513b02)] -> xpath: //button[contains(text(),'Logout')]]
verify tab[[ChromeDriver: chrome on WINDOWS (1779389475f5b1b6a39a0869e4513b02)] -> xpath: //button[contains(text(),'Logout')]]
verify tab[[ChromeDriver: chrome on WINDOWS (1779389475f5b1b6a39a0869e4513b02)] -> xpath: //button[contains(text(),'Logout')]]
verify tab[[ChromeDriver: chrome on WINDOWS (1779389475f5b1b6a39a0869e4513b02)] -> xpath: //button[contains(text(),'Logout')]]
verify tab[[ChromeDriver: chrome on WINDOWS (1779389475f5b1b6a39a0869e4513b02)] -> xpath: //button[contains(text(),'Logout')]]
verify tab[[ChromeDriver: chrome on WINDOWS (1779389475f5b1b6a39a0869e4513b02)] -> xpath: //button[contains(text(),'Logout')]]
verify tab[[ChromeDriver: chrome on WINDOWS (1779389475f5b1b6a39a0869e4513b02)] -> xpath: //button[contains(text(),'Logout')]]
verify tab[[ChromeDriver: chrome on WINDOWS (1779389475f5b1b6a39a0869e4513b02)] -> xpath: //button[contains(text(),'Logout')]]
verify tab[[ChromeDriver: chrome on WINDOWS (1779389475f5b1b6a39a0869e4513b02)] -> xpath: //button[contains(text(),'Logout')]]
verify tab[[ChromeDriver: chrome on WINDOWS (1779389475f5b1b6a39a0869e4513b02)] -> xpath: //button[contains(text(),'Logout')]]
verify tab[[ChromeDriver: chrome on WINDOWS (1779389475f5b1b6a39a0869e4513b02)] -> xpath: //button[contains(text(),'Logout')]]
verify tab[[ChromeDriver: chrome on WINDOWS (1779389475f5b1b6a39a0869e4513b02)] -> xpath: //button[contains(text(),'Logout')]]
verify tab[[ChromeDriver: chrome on WINDOWS (1779389475f5b1b6a39a0869e4513b02)] -> xpath: //button[contains(text(),'Logout')]]
verify tab[[ChromeDriver: chrome on WINDOWS (1779389475f5b1b6a39a0869e4513b02)] -> xpath: //button[contains(text(),'Logout')]]
verify tab[[ChromeDriver: chrome on WINDOWS (1779389475f5b1b6a39a0869e4513b02)] -> xpath: //button[contains(text(),'Logout')]]
verify tab[[ChromeDriver: chrome on WINDOWS (1779389475f5b1b6a39a0869e4513b02)] -> xpath: //button[contains(text(),'Logout')]]
verify tab[[ChromeDriver: chrome on WINDOWS (1779389475f5b1b6a39a0869e4513b02)] -> xpath: //button[contains(text(),'Logout')]]
verify tab[[ChromeDriver: chrome on WINDOWS (1779389475f5b1b6a39a0869e4513b02)] -> xpath: //button[contains(text(),'Logout')]]
verify tab[[ChromeDriver: chrome on WINDOWS (1779389475f5b1b6a39a0869e4513b02)] -> xpath: //button[contains(text(),'Logout')]]
verify tab[[ChromeDriver: chrome on WINDOWS (1779389475f5b1b6a39a0869e4513b02)] -> xpath: //button[contains(text(),'Logout')]]
verify tab[[ChromeDriver: chrome on WINDOWS (1779389475f5b1b6a39a0869e4513b02)] -> xpath: //button[contains(text(),'Logout')]]
verify tab[[ChromeDriver: chrome on WINDOWS (1779389475f5b1b6a39a0869e4513b02)] -> xpath: //button[contains(text(),'Logout')]]
verify tab[[ChromeDriver: chrome on WINDOWS (1779389475f5b1b6a39a0869e4513b02)] -> xpath: //button[contains(text(),'Logout')]]
verify tab[[ChromeDriver: chrome on WINDOWS (1779389475f5b1b6a39a0869e4513b02)] -> xpath: //button[contains(text(),'Logout')]]
verify tab[[ChromeDriver: chrome on WINDOWS (1779389475f5b1b6a39a0869e4513b02)] -> xpath: //button[contains(text(),'Logout')]]
verify tab[[ChromeDriver: chrome on WINDOWS (1779389475f5b1b6a39a0869e4513b02)] -> xpath: //button[contains(text(),'Logout')]]
verify tab[[ChromeDriver: chrome on WINDOWS (1779389475f5b1b6a39a0869e4513b02)] -> xpath: //button[contains(text(),'Logout')]]
verify tab[[ChromeDriver: chrome on WINDOWS (1779389475f5b1b6a39a0869e4513b02)] -> xpath: //button[contains(text(),'Logout')]]
verify tab[[ChromeDriver: chrome on WINDOWS (1779389475f5b1b6a39a0869e4513b02)] -> xpath: //button[contains(text(),'Logout')]]
verify tab[[ChromeDriver: chrome on WINDOWS (1779389475f5b1b6a39a0869e4513b02)] -> xpath: //button[contains(text(),'Logout')]]
verify tab[[ChromeDriver: chrome on WINDOWS (1779389475f5b1b6a39a0869e4513b02)] -> xpath: //button[contains(text(),'Logout')]]
verify tab[[ChromeDriver: chrome on WINDOWS (1779389475f5b1b6a39a0869e4513b02)] -> xpath: //button[contains(text(),'Logout')]]
verify tab[[ChromeDriver: chrome on WINDOWS (1779389475f5b1b6a39a0869e4513b02)] -> xpath: //button[contains(text(),'Logout')]]
verify tab[[ChromeDriver: chrome on WINDOWS (1779389475f5b1b6a39a0869e4513b02)] -> xpath: //button[contains(text(),'Logout')]]
verify tab[[ChromeDriver: chrome on WINDOWS (1779389475f5b1b6a39a0869e4513b02)] -> xpath: //button[contains(text(),'Logout')]]
verify tab[[ChromeDriver: chrome on WINDOWS (1779389475f5b1b6a39a0869e4513b02)] -> xpath: //button[contains(text(),'Logout')]]
verify tab[[ChromeDriver: chrome on WINDOWS (1779389475f5b1b6a39a0869e4513b02)] -> xpath: //button[contains(text(),'Logout')]]
verify tab[[ChromeDriver: chrome on WINDOWS (1779389475f5b1b6a39a0869e4513b02)] -> xpath: //button[contains(text(),'Logout')]]
verify tab[[ChromeDriver: chrome on WINDOWS (1779389475f5b1b6a39a0869e4513b02)] -> xpath: //button[contains(text(),'Logout')]]
verify tab[[ChromeDriver: chrome on WINDOWS (1779389475f5b1b6a39a0869e4513b02)] -> xpath: //button[contains(text(),'Logout')]]
verify tab[[ChromeDriver: chrome on WINDOWS (1779389475f5b1b6a39a0869e4513b02)] -> xpath: //button[contains(text(),'Logout')]]
verify tab[[ChromeDriver: chrome on WINDOWS (1779389475f5b1b6a39a0869e4513b02)] -> xpath: //button[contains(text(),'Logout')]]
verify tab[[ChromeDriver: chrome on WINDOWS (1779389475f5b1b6a39a0869e4513b02)] -> xpath: //button[contains(text(),'Logout')]]
verify tab[[ChromeDriver: chrome on WINDOWS (1779389475f5b1b6a39a0869e4513b02)] -> xpath: //button[contains(text(),'Logout')]]
verify tab[[ChromeDriver: chrome on WINDOWS (1779389475f5b1b6a39a0869e4513b02)] -> xpath: //button[contains(text(),'Logout')]]
verify tab[[ChromeDriver: chrome on WINDOWS (1779389475f5b1b6a39a0869e4513b02)] -> xpath: //button[contains(text(),'Logout')]]
verify tab[[ChromeDriver: chrome on WINDOWS (1779389475f5b1b6a39a0869e4513b02)] -> xpath: //button[contains(text(),'Logout')]]
verify tab[[ChromeDriver: chrome on WINDOWS (1779389475f5b1b6a39a0869e4513b02)] -> xpath: //button[contains(text(),'Logout')]]
verify tab[[ChromeDriver: chrome on WINDOWS (1779389475f5b1b6a39a0869e4513b02)] -> xpath: //button[contains(text(),'Logout')]]
verify tab[[ChromeDriver: chrome on WINDOWS (1779389475f5b1b6a39a0869e4513b02)] -> xpath: //button[contains(text(),'Logout')]]
verify tab[[ChromeDriver: chrome on WINDOWS (1779389475f5b1b6a39a0869e4513b02)] -> xpath: //button[contains(text(),'Logout')]]
verify tab[[ChromeDriver: chrome on WINDOWS (1779389475f5b1b6a39a0869e4513b02)] -> xpath: //button[contains(text(),'Logout')]]
verify tab[[ChromeDriver: chrome on WINDOWS (1779389475f5b1b6a39a0869e4513b02)] -> xpath: //button[contains(text(),'Logout')]]
verify tab[[ChromeDriver: chrome on WINDOWS (1779389475f5b1b6a39a0869e4513b02)] -> xpath: //button[contains(text(),'Logout')]]
verify tab[[ChromeDriver: chrome on WINDOWS (1779389475f5b1b6a39a0869e4513b02)] -> xpath: //button[contains(text(),'Logout')]]
verify tab[[ChromeDriver: chrome on WINDOWS (1779389475f5b1b6a39a0869e4513b02)] -> xpath: //button[contains(text(),'Logout')]]
verify tab[[ChromeDriver: chrome on WINDOWS (1779389475f5b1b6a39a0869e4513b02)] -> xpath: //button[contains(text(),'Logout')]]
verify tab[[ChromeDriver: chrome on WINDOWS (1779389475f5b1b6a39a0869e4513b02)] -> xpath: //button[contains(text(),'Logout')]]
verify tab[[ChromeDriver: chrome on WINDOWS (1779389475f5b1b6a39a0869e4513b02)] -> xpath: //button[contains(text(),'Logout')]]
verify tab[[ChromeDriver: chrome on WINDOWS (1779389475f5b1b6a39a0869e4513b02)] -> xpath: //button[contains(text(),'Logout')]]
verify tab[[ChromeDriver: chrome on WINDOWS (1779389475f5b1b6a39a0869e4513b02)] -> xpath: //button[contains(text(),'Logout')]]
verify tab[[ChromeDriver: chrome on WINDOWS (1779389475f5b1b6a39a0869e4513b02)] -> xpath: //button[contains(text(),'Logout')]]
verify tab[[ChromeDriver: chrome on WINDOWS (1779389475f5b1b6a39a0869e4513b02)] -> xpath: //button[contains(text(),'Logout')]]
verify tab[[ChromeDriver: chrome on WINDOWS (1779389475f5b1b6a39a0869e4513b02)] -> xpath: //button[contains(text(),'Logout')]]
verify tab[[ChromeDriver: chrome on WINDOWS (1779389475f5b1b6a39a0869e4513b02)] -> xpath: //button[contains(text(),'Logout')]]
verify tab[[ChromeDriver: chrome on WINDOWS (1779389475f5b1b6a39a0869e4513b02)] -> xpath: //button[contains(text(),'Logout')]]
verify tab[[ChromeDriver: chrome on WINDOWS (1779389475f5b1b6a39a0869e4513b02)] -> xpath: //button[contains(text(),'Logout')]]
verify tab[[ChromeDriver: chrome on WINDOWS (1779389475f5b1b6a39a0869e4513b02)] -> xpath: //button[contains(text(),'Logout')]]
verify tab[[ChromeDriver: chrome on WINDOWS (1779389475f5b1b6a39a0869e4513b02)] -> xpath: //button[contains(text(),'Logout')]]
verify tab[[ChromeDriver: chrome on WINDOWS (1779389475f5b1b6a39a0869e4513b02)] -> xpath: //button[contains(text(),'Logout')]]
verify tab[[ChromeDriver: chrome on WINDOWS (1779389475f5b1b6a39a0869e4513b02)] -> xpath: //button[contains(text(),'Logout')]]
verify tab[[ChromeDriver: chrome on WINDOWS (1779389475f5b1b6a39a0869e4513b02)] -> xpath: //button[contains(text(),'Logout')]]
verify tab[[ChromeDriver: chrome on WINDOWS (1779389475f5b1b6a39a0869e4513b02)] -> xpath: //button[contains(text(),'Logout')]]
verify tab[[ChromeDriver: chrome on WINDOWS (1779389475f5b1b6a39a0869e4513b02)] -> xpath: //button[contains(text(),'Logout')]]
verify tab[[ChromeDriver: chrome on WINDOWS (1779389475f5b1b6a39a0869e4513b02)] -> xpath: //button[contains(text(),'Logout')]]
verify tab[[ChromeDriver: chrome on WINDOWS (1779389475f5b1b6a39a0869e4513b02)] -> xpath: //button[contains(text(),'Logout')]]
verify tab[[ChromeDriver: chrome on WINDOWS (1779389475f5b1b6a39a0869e4513b02)] -> xpath: //button[contains(text(),'Logout')]]
verify tab[[ChromeDriver: chrome on WINDOWS (1779389475f5b1b6a39a0869e4513b02)] -> xpath: //button[contains(text(),'Logout')]]
verify tab[[ChromeDriver: chrome on WINDOWS (1779389475f5b1b6a39a0869e4513b02)] -> xpath: //button[contains(text(),'Logout')]]
verify tab[[ChromeDriver: chrome on WINDOWS (1779389475f5b1b6a39a0869e4513b02)] -> xpath: //button[contains(text(),'Logout')]]
verify tab[[ChromeDriver: chrome on WINDOWS (1779389475f5b1b6a39a0869e4513b02)] -> xpath: //button[contains(text(),'Logout')]]
verify tab[[ChromeDriver: chrome on WINDOWS (1779389475f5b1b6a39a0869e4513b02)] -> xpath: //button[contains(text(),'Logout')]]
verify tab[[ChromeDriver: chrome on WINDOWS (1779389475f5b1b6a39a0869e4513b02)] -> xpath: //button[contains(text(),'Logout')]]
verify tab[[ChromeDriver: chrome on WINDOWS (1779389475f5b1b6a39a0869e4513b02)] -> xpath: //button[contains(text(),'Logout')]]
verify tab[[ChromeDriver: chrome on WINDOWS (1779389475f5b1b6a39a0869e4513b02)] -> xpath: //button[contains(text(),'Logout')]]
verify tab[[ChromeDriver: chrome on WINDOWS (1779389475f5b1b6a39a0869e4513b02)] -> xpath: //button[contains(text(),'Logout')]]
verify tab[[ChromeDriver: chrome on WINDOWS (1779389475f5b1b6a39a0869e4513b02)] -> xpath: //button[contains(text(),'Logout')]]
verify tab[[ChromeDriver: chrome on WINDOWS (1779389475f5b1b6a39a0869e4513b02)] -> xpath: //button[contains(text(),'Logout')]]
verify tab[[ChromeDriver: chrome on WINDOWS (1779389475f5b1b6a39a0869e4513b02)] -> xpath: //button[contains(text(),'Logout')]]
verify tab[[ChromeDriver: chrome on WINDOWS (1779389475f5b1b6a39a0869e4513b02)] -> xpath: //button[contains(text(),'Logout')]]
verify tab[[ChromeDriver: chrome on WINDOWS (1779389475f5b1b6a39a0869e4513b02)] -> xpath: //button[contains(text(),'Logout')]]
verify tab[[ChromeDriver: chrome on WINDOWS (1779389475f5b1b6a39a0869e4513b02)] -> xpath: //button[contains(text(),'Logout')]]
verify tab[[ChromeDriver: chrome on WINDOWS (1779389475f5b1b6a39a0869e4513b02)] -> xpath: //button[contains(text(),'Logout')]]
verify tab[[ChromeDriver: chrome on WINDOWS (1779389475f5b1b6a39a0869e4513b02)] -> xpath: //button[contains(text(),'Logout')]]
verify tab[[ChromeDriver: chrome on WINDOWS (1779389475f5b1b6a39a0869e4513b02)] -> xpath: //button[contains(text(),'Logout')]]
verify tab[[ChromeDriver: chrome on WINDOWS (1779389475f5b1b6a39a0869e4513b02)] -> xpath: //button[contains(text(),'Logout')]]
verify tab[[ChromeDriver: chrome on WINDOWS (1779389475f5b1b6a39a0869e4513b02)] -> xpath: //button[contains(text(),'Logout')]]
verify tab[[ChromeDriver: chrome on WINDOWS (1779389475f5b1b6a39a0869e4513b02)] -> xpath: //button[contains(text(),'Logout')]]
verify tab[[ChromeDriver: chrome on WINDOWS (1779389475f5b1b6a39a0869e4513b02)] -> xpath: //button[contains(text(),'Logout')]]
verify tab[[ChromeDriver: chrome on WINDOWS (1779389475f5b1b6a39a0869e4513b02)] -> xpath: //button[contains(text(),'Logout')]]
verify tab[[ChromeDriver: chrome on WINDOWS (1779389475f5b1b6a39a0869e4513b02)] -> xpath: //button[contains(text(),'Logout')]]
verify tab[[ChromeDriver: chrome on WINDOWS (1779389475f5b1b6a39a0869e4513b02)] -> xpath: //button[contains(text(),'Logout')]]
verify tab[[ChromeDriver: chrome on WINDOWS (1779389475f5b1b6a39a0869e4513b02)] -> xpath: //button[contains(text(),'Logout')]]
verify tab[[ChromeDriver: chrome on WINDOWS (1779389475f5b1b6a39a0869e4513b02)] -> xpath: //button[contains(text(),'Logout')]]
verify tab[[ChromeDriver: chrome on WINDOWS (1779389475f5b1b6a39a0869e4513b02)] -> xpath: //button[contains(text(),'Logout')]]
verify tab[[ChromeDriver: chrome on WINDOWS (1779389475f5b1b6a39a0869e4513b02)] -> xpath: //button[contains(text(),'Logout')]]
verify tab[[ChromeDriver: chrome on WINDOWS (1779389475f5b1b6a39a0869e4513b02)] -> xpath: //button[contains(text(),'Logout')]]
verify tab[[ChromeDriver: chrome on WINDOWS (1779389475f5b1b6a39a0869e4513b02)] -> xpath: //button[contains(text(),'Logout')]]
verify tab[[ChromeDriver: chrome on WINDOWS (1779389475f5b1b6a39a0869e4513b02)] -> xpath: //button[contains(text(),'Logout')]]
verify tab[[ChromeDriver: chrome on WINDOWS (1779389475f5b1b6a39a0869e4513b02)] -> xpath: //button[contains(text(),'Logout')]]
verify tab[[ChromeDriver: chrome on WINDOWS (1779389475f5b1b6a39a0869e4513b02)] -> xpath: //button[contains(text(),'Logout')]]
verify tab[[ChromeDriver: chrome on WINDOWS (1779389475f5b1b6a39a0869e4513b02)] -> xpath: //button[contains(text(),'Logout')]]
verify tab[[ChromeDriver: chrome on WINDOWS (1779389475f5b1b6a39a0869e4513b02)] -> xpath: //button[contains(text(),'Logout')]]
verify tab[[ChromeDriver: chrome on WINDOWS (1779389475f5b1b6a39a0869e4513b02)] -> xpath: //button[contains(text(),'Logout')]]
verify tab[[ChromeDriver: chrome on WINDOWS (1779389475f5b1b6a39a0869e4513b02)] -> xpath: //button[contains(text(),'Logout')]]
verify tab[[ChromeDriver: chrome on WINDOWS (1779389475f5b1b6a39a0869e4513b02)] -> xpath: //button[contains(text(),'Logout')]]
verify tab[[ChromeDriver: chrome on WINDOWS (1779389475f5b1b6a39a0869e4513b02)] -> xpath: //button[contains(text(),'Logout')]]
verify tab[[ChromeDriver: chrome on WINDOWS (1779389475f5b1b6a39a0869e4513b02)] -> xpath: //button[contains(text(),'Logout')]]
verify tab[[ChromeDriver: chrome on WINDOWS (1779389475f5b1b6a39a0869e4513b02)] -> xpath: //button[contains(text(),'Logout')]]
verify tab[[ChromeDriver: chrome on WINDOWS (1779389475f5b1b6a39a0869e4513b02)] -> xpath: //button[contains(text(),'Logout')]]
verify tab[[ChromeDriver: chrome on WINDOWS (1779389475f5b1b6a39a0869e4513b02)] -> xpath: //button[contains(text(),'Logout')]]
verify tab[[ChromeDriver: chrome on WINDOWS (1779389475f5b1b6a39a0869e4513b02)] -> xpath: //button[contains(text(),'Logout')]]
verify tab[[ChromeDriver: chrome on WINDOWS (1779389475f5b1b6a39a0869e4513b02)] -> xpath: //button[contains(text(),'Logout')]]
verify tab[[ChromeDriver: chrome on WINDOWS (1779389475f5b1b6a39a0869e4513b02)] -> xpath: //button[contains(text(),'Logout')]]
verify tab[[ChromeDriver: chrome on WINDOWS (1779389475f5b1b6a39a0869e4513b02)] -> xpath: //button[contains(text(),'Logout')]]
verify tab[[ChromeDriver: chrome on WINDOWS (1779389475f5b1b6a39a0869e4513b02)] -> xpath: //button[contains(text(),'Logout')]]
verify tab[[ChromeDriver: chrome on WINDOWS (1779389475f5b1b6a39a0869e4513b02)] -> xpath: //button[contains(text(),'Logout')]]
verify tab[[ChromeDriver: chrome on WINDOWS (1779389475f5b1b6a39a0869e4513b02)] -> xpath: //button[contains(text(),'Logout')]]
verify tab[[ChromeDriver: chrome on WINDOWS (1779389475f5b1b6a39a0869e4513b02)] -> xpath: //button[contains(text(),'Logout')]]
verify tab[[ChromeDriver: chrome on WINDOWS (1779389475f5b1b6a39a0869e4513b02)] -> xpath: //button[contains(text(),'Logout')]]
verify tab[[ChromeDriver: chrome on WINDOWS (1779389475f5b1b6a39a0869e4513b02)] -> xpath: //button[contains(text(),'Logout')]]
verify tab[[ChromeDriver: chrome on WINDOWS (1779389475f5b1b6a39a0869e4513b02)] -> xpath: //button[contains(text(),'Logout')]]
verify tab[[ChromeDriver: chrome on WINDOWS (1779389475f5b1b6a39a0869e4513b02)] -> xpath: //button[contains(text(),'Logout')]]
verify tab[[ChromeDriver: chrome on WINDOWS (1779389475f5b1b6a39a0869e4513b02)] -> xpath: //button[contains(text(),'Logout')]]
verify tab[[ChromeDriver: chrome on WINDOWS (1779389475f5b1b6a39a0869e4513b02)] -> xpath: //button[contains(text(),'Logout')]]
verify tab[[ChromeDriver: chrome on WINDOWS (1779389475f5b1b6a39a0869e4513b02)] -> xpath: //button[contains(text(),'Logout')]]
verify tab[[ChromeDriver: chrome on WINDOWS (1779389475f5b1b6a39a0869e4513b02)] -> xpath: //button[contains(text(),'Logout')]]
verify tab[[ChromeDriver: chrome on WINDOWS (1779389475f5b1b6a39a0869e4513b02)] -> xpath: //button[contains(text(),'Logout')]]
verify tab[[ChromeDriver: chrome on WINDOWS (1779389475f5b1b6a39a0869e4513b02)] -> xpath: //button[contains(text(),'Logout')]]
verify tab[[ChromeDriver: chrome on WINDOWS (1779389475f5b1b6a39a0869e4513b02)] -> xpath: //button[contains(text(),'Logout')]]
verify tab[[ChromeDriver: chrome on WINDOWS (1779389475f5b1b6a39a0869e4513b02)] -> xpath: //button[contains(text(),'Logout')]]
verify tab[[ChromeDriver: chrome on WINDOWS (1779389475f5b1b6a39a0869e4513b02)] -> xpath: //button[contains(text(),'Logout')]]
verify tab[[ChromeDriver: chrome on WINDOWS (1779389475f5b1b6a39a0869e4513b02)] -> xpath: //button[contains(text(),'Logout')]]
verify tab[[ChromeDriver: chrome on WINDOWS (1779389475f5b1b6a39a0869e4513b02)] -> xpath: //button[contains(text(),'Logout')]]
verify tab[[ChromeDriver: chrome on WINDOWS (1779389475f5b1b6a39a0869e4513b02)] -> xpath: //button[contains(text(),'Logout')]]
verify tab[[ChromeDriver: chrome on WINDOWS (1779389475f5b1b6a39a0869e4513b02)] -> xpath: //button[contains(text(),'Logout')]]
verify tab[[ChromeDriver: chrome on WINDOWS (1779389475f5b1b6a39a0869e4513b02)] -> xpath: //button[contains(text(),'Logout')]]
verify tab[[ChromeDriver: chrome on WINDOWS (1779389475f5b1b6a39a0869e4513b02)] -> xpath: //button[contains(text(),'Logout')]]
verify tab[[ChromeDriver: chrome on WINDOWS (1779389475f5b1b6a39a0869e4513b02)] -> xpath: //button[contains(text(),'Logout')]]
verify tab[[ChromeDriver: chrome on WINDOWS (1779389475f5b1b6a39a0869e4513b02)] -> xpath: //button[contains(text(),'Logout')]]
verify tab[[ChromeDriver: chrome on WINDOWS (1779389475f5b1b6a39a0869e4513b02)] -> xpath: //button[contains(text(),'Logout')]]
verify tab[[ChromeDriver: chrome on WINDOWS (1779389475f5b1b6a39a0869e4513b02)] -> xpath: //button[contains(text(),'Logout')]]
verify tab[[ChromeDriver: chrome on WINDOWS (1779389475f5b1b6a39a0869e4513b02)] -> xpath: //button[contains(text(),'Logout')]]
verify tab[[ChromeDriver: chrome on WINDOWS (1779389475f5b1b6a39a0869e4513b02)] -> xpath: //button[contains(text(),'Logout')]]
verify tab[[ChromeDriver: chrome on WINDOWS (1779389475f5b1b6a39a0869e4513b02)] -> xpath: //button[contains(text(),'Logout')]]
verify tab[[ChromeDriver: chrome on WINDOWS (1779389475f5b1b6a39a0869e4513b02)] -> xpath: //button[contains(text(),'Logout')]]
verify tab[[ChromeDriver: chrome on WINDOWS (1779389475f5b1b6a39a0869e4513b02)] -> xpath: //button[contains(text(),'Logout')]]
verify tab[[ChromeDriver: chrome on WINDOWS (1779389475f5b1b6a39a0869e4513b02)] -> xpath: //button[contains(text(),'Logout')]]
verify tab[[ChromeDriver: chrome on WINDOWS (1779389475f5b1b6a39a0869e4513b02)] -> xpath: //button[contains(text(),'Logout')]]
verify tab[[ChromeDriver: chrome on WINDOWS (1779389475f5b1b6a39a0869e4513b02)] -> xpath: //button[contains(text(),'Logout')]]
verify tab[[ChromeDriver: chrome on WINDOWS (1779389475f5b1b6a39a0869e4513b02)] -> xpath: //button[contains(text(),'Logout')]]
verify tab[[ChromeDriver: chrome on WINDOWS (1779389475f5b1b6a39a0869e4513b02)] -> xpath: //button[contains(text(),'Logout')]]
verify tab[[ChromeDriver: chrome on WINDOWS (1779389475f5b1b6a39a0869e4513b02)] -> xpath: //button[contains(text(),'Logout')]]
verify tab[[ChromeDriver: chrome on WINDOWS (1779389475f5b1b6a39a0869e4513b02)] -> xpath: //button[contains(text(),'Logout')]]
verify tab[[ChromeDriver: chrome on WINDOWS (1779389475f5b1b6a39a0869e4513b02)] -> xpath: //button[contains(text(),'Logout')]]
verify tab[[ChromeDriver: chrome on WINDOWS (1779389475f5b1b6a39a0869e4513b02)] -> xpath: //button[contains(text(),'Logout')]]
verify tab[[ChromeDriver: chrome on WINDOWS (1779389475f5b1b6a39a0869e4513b02)] -> xpath: //button[contains(text(),'Logout')]]
verify tab[[ChromeDriver: chrome on WINDOWS (1779389475f5b1b6a39a0869e4513b02)] -> xpath: //button[contains(text(),'Logout')]]
verify tab[[ChromeDriver: chrome on WINDOWS (1779389475f5b1b6a39a0869e4513b02)] -> xpath: //button[contains(text(),'Logout')]]
verify tab[[ChromeDriver: chrome on WINDOWS (1779389475f5b1b6a39a0869e4513b02)] -> xpath: //button[contains(text(),'Logout')]]
verify tab[[ChromeDriver: chrome on WINDOWS (1779389475f5b1b6a39a0869e4513b02)] -> xpath: //button[contains(text(),'Logout')]]
verify tab[[ChromeDriver: chrome on WINDOWS (1779389475f5b1b6a39a0869e4513b02)] -> xpath: //button[contains(text(),'Logout')]]
verify tab[[ChromeDriver: chrome on WINDOWS (1779389475f5b1b6a39a0869e4513b02)] -> xpath: //button[contains(text(),'Logout')]]
verify tab[[ChromeDriver: chrome on WINDOWS (1779389475f5b1b6a39a0869e4513b02)] -> xpath: //button[contains(text(),'Logout')]]
verify tab[[ChromeDriver: chrome on WINDOWS (1779389475f5b1b6a39a0869e4513b02)] -> xpath: //button[contains(text(),'Logout')]]
verify tab[[ChromeDriver: chrome on WINDOWS (1779389475f5b1b6a39a0869e4513b02)] -> xpath: //button[contains(text(),'Logout')]]
verify tab[[ChromeDriver: chrome on WINDOWS (1779389475f5b1b6a39a0869e4513b02)] -> xpath: //button[contains(text(),'Logout')]]
verify tab[[ChromeDriver: chrome on WINDOWS (1779389475f5b1b6a39a0869e4513b02)] -> xpath: //button[contains(text(),'Logout')]]
verify tab[[ChromeDriver: chrome on WINDOWS (1779389475f5b1b6a39a0869e4513b02)] -> xpath: //button[contains(text(),'Logout')]]
verify tab[[ChromeDriver: chrome on WINDOWS (1779389475f5b1b6a39a0869e4513b02)] -> xpath: //button[contains(text(),'Logout')]]
verify tab[[ChromeDriver: chrome on WINDOWS (1779389475f5b1b6a39a0869e4513b02)] -> xpath: //button[contains(text(),'Logout')]]
verify tab[[ChromeDriver: chrome on WINDOWS (1779389475f5b1b6a39a0869e4513b02)] -> xpath: //button[contains(text(),'Logout')]]
verify tab[[ChromeDriver: chrome on WINDOWS (1779389475f5b1b6a39a0869e4513b02)] -> xpath: //button[contains(text(),'Logout')]]
verify tab[[ChromeDriver: chrome on WINDOWS (1779389475f5b1b6a39a0869e4513b02)] -> xpath: //button[contains(text(),'Logout')]]
verify tab[[ChromeDriver: chrome on WINDOWS (1779389475f5b1b6a39a0869e4513b02)] -> xpath: //button[contains(text(),'Logout')]]
verify tab[[ChromeDriver: chrome on WINDOWS (1779389475f5b1b6a39a0869e4513b02)] -> xpath: //button[contains(text(),'Logout')]]
verify tab[[ChromeDriver: chrome on WINDOWS (1779389475f5b1b6a39a0869e4513b02)] -> xpath: //button[contains(text(),'Logout')]]
verify tab[[ChromeDriver: chrome on WINDOWS (1779389475f5b1b6a39a0869e4513b02)] -> xpath: //button[contains(text(),'Logout')]]
verify tab[[ChromeDriver: chrome on WINDOWS (1779389475f5b1b6a39a0869e4513b02)] -> xpath: //button[contains(text(),'Logout')]]
verify tab[[ChromeDriver: chrome on WINDOWS (1779389475f5b1b6a39a0869e4513b02)] -> xpath: //button[contains(text(),'Logout')]]
verify tab[[ChromeDriver: chrome on WINDOWS (1779389475f5b1b6a39a0869e4513b02)] -> xpath: //button[contains(text(),'Logout')]]
verify tab[[ChromeDriver: chrome on WINDOWS (1779389475f5b1b6a39a0869e4513b02)] -> xpath: //button[contains(text(),'Logout')]]
verify tab[[ChromeDriver: chrome on WINDOWS (1779389475f5b1b6a39a0869e4513b02)] -> xpath: //button[contains(text(),'Logout')]]
verify tab[[ChromeDriver: chrome on WINDOWS (1779389475f5b1b6a39a0869e4513b02)] -> xpath: //button[contains(text(),'Logout')]]
verify tab[[ChromeDriver: chrome on WINDOWS (1779389475f5b1b6a39a0869e4513b02)] -> xpath: //button[contains(text(),'Logout')]]
verify tab[[ChromeDriver: chrome on WINDOWS (1779389475f5b1b6a39a0869e4513b02)] -> xpath: //button[contains(text(),'Logout')]]
verify tab[[ChromeDriver: chrome on WINDOWS (1779389475f5b1b6a39a0869e4513b02)] -> xpath: //button[contains(text(),'Logout')]]
verify tab[[ChromeDriver: chrome on WINDOWS (1779389475f5b1b6a39a0869e4513b02)] -> xpath: //button[contains(text(),'Logout')]]
verify tab[[ChromeDriver: chrome on WINDOWS (1779389475f5b1b6a39a0869e4513b02)] -> xpath: //button[contains(text(),'Logout')]]
verify tab[[ChromeDriver: chrome on WINDOWS (1779389475f5b1b6a39a0869e4513b02)] -> xpath: //button[contains(text(),'Logout')]]
verify tab[[ChromeDriver: chrome on WINDOWS (1779389475f5b1b6a39a0869e4513b02)] -> xpath: //button[contains(text(),'Logout')]]
verify tab[[ChromeDriver: chrome on WINDOWS (1779389475f5b1b6a39a0869e4513b02)] -> xpath: //button[contains(text(),'Logout')]]
verify tab[[ChromeDriver: chrome on WINDOWS (1779389475f5b1b6a39a0869e4513b02)] -> xpath: //button[contains(text(),'Logout')]]
verify tab[[ChromeDriver: chrome on WINDOWS (1779389475f5b1b6a39a0869e4513b02)] -> xpath: //button[contains(text(),'Logout')]]
verify tab[[ChromeDriver: chrome on WINDOWS (1779389475f5b1b6a39a0869e4513b02)] -> xpath: //button[contains(text(),'Logout')]]
verify tab[[ChromeDriver: chrome on WINDOWS (1779389475f5b1b6a39a0869e4513b02)] -> xpath: //button[contains(text(),'Logout')]]
verify tab[[ChromeDriver: chrome on WINDOWS (1779389475f5b1b6a39a0869e4513b02)] -> xpath: //button[contains(text(),'Logout')]]
verify tab[[ChromeDriver: chrome on WINDOWS (1779389475f5b1b6a39a0869e4513b02)] -> xpath: //button[contains(text(),'Logout')]]
verify tab[[ChromeDriver: chrome on WINDOWS (1779389475f5b1b6a39a0869e4513b02)] -> xpath: //button[contains(text(),'Logout')]]
verify tab[[ChromeDriver: chrome on WINDOWS (1779389475f5b1b6a39a0869e4513b02)] -> xpath: //button[contains(text(),'Logout')]]
verify tab[[ChromeDriver: chrome on WINDOWS (1779389475f5b1b6a39a0869e4513b02)] -> xpath: //button[contains(text(),'Logout')]]
verify tab[[ChromeDriver: chrome on WINDOWS (1779389475f5b1b6a39a0869e4513b02)] -> xpath: //button[contains(text(),'Logout')]]
verify tab[[ChromeDriver: chrome on WINDOWS (1779389475f5b1b6a39a0869e4513b02)] -> xpath: //button[contains(text(),'Logout')]]
verify tab[[ChromeDriver: chrome on WINDOWS (1779389475f5b1b6a39a0869e4513b02)] -> xpath: //button[contains(text(),'Logout')]]
verify tab[[ChromeDriver: chrome on WINDOWS (1779389475f5b1b6a39a0869e4513b02)] -> xpath: //button[contains(text(),'Logout')]]
verify tab[[ChromeDriver: chrome on WINDOWS (1779389475f5b1b6a39a0869e4513b02)] -> xpath: //button[contains(text(),'Logout')]]
verify tab[[ChromeDriver: chrome on WINDOWS (1779389475f5b1b6a39a0869e4513b02)] -> xpath: //button[contains(text(),'Logout')]]
verify tab[[ChromeDriver: chrome on WINDOWS (1779389475f5b1b6a39a0869e4513b02)] -> xpath: //button[contains(text(),'Logout')]]
verify tab[[ChromeDriver: chrome on WINDOWS (1779389475f5b1b6a39a0869e4513b02)] -> xpath: //button[contains(text(),'Logout')]]
verify tab[[ChromeDriver: chrome on WINDOWS (1779389475f5b1b6a39a0869e4513b02)] -> xpath: //button[contains(text(),'Logout')]]
verify tab[[ChromeDriver: chrome on WINDOWS (1779389475f5b1b6a39a0869e4513b02)] -> xpath: //button[contains(text(),'Logout')]]
verify tab[[ChromeDriver: chrome on WINDOWS (1779389475f5b1b6a39a0869e4513b02)] -> xpath: //button[contains(text(),'Logout')]]
verify tab[[ChromeDriver: chrome on WINDOWS (1779389475f5b1b6a39a0869e4513b02)] -> xpath: //button[contains(text(),'Logout')]]
verify tab[[ChromeDriver: chrome on WINDOWS (1779389475f5b1b6a39a0869e4513b02)] -> xpath: //button[contains(text(),'Logout')]]
verify tab[[ChromeDriver: chrome on WINDOWS (1779389475f5b1b6a39a0869e4513b02)] -> xpath: //button[contains(text(),'Logout')]]
verify tab[[ChromeDriver: chrome on WINDOWS (1779389475f5b1b6a39a0869e4513b02)] -> xpath: //button[contains(text(),'Logout')]]
verify tab[[ChromeDriver: chrome on WINDOWS (1779389475f5b1b6a39a0869e4513b02)] -> xpath: //button[contains(text(),'Logout')]]
verify tab[[ChromeDriver: chrome on WINDOWS (1779389475f5b1b6a39a0869e4513b02)] -> xpath: //button[contains(text(),'Logout')]]
verify tab[[ChromeDriver: chrome on WINDOWS (1779389475f5b1b6a39a0869e4513b02)] -> xpath: //button[contains(text(),'Logout')]]
verify tab[[ChromeDriver: chrome on WINDOWS (1779389475f5b1b6a39a0869e4513b02)] -> xpath: //button[contains(text(),'Logout')]]
verify tab[[ChromeDriver: chrome on WINDOWS (1779389475f5b1b6a39a0869e4513b02)] -> xpath: //button[contains(text(),'Logout')]]
verify tab[[ChromeDriver: chrome on WINDOWS (1779389475f5b1b6a39a0869e4513b02)] -> xpath: //button[contains(text(),'Logout')]]
verify tab[[ChromeDriver: chrome on WINDOWS (1779389475f5b1b6a39a0869e4513b02)] -> xpath: //button[contains(text(),'Logout')]]
verify tab[[ChromeDriver: chrome on WINDOWS (1779389475f5b1b6a39a0869e4513b02)] -> xpath: //button[contains(text(),'Logout')]]
verify tab[[ChromeDriver: chrome on WINDOWS (1779389475f5b1b6a39a0869e4513b02)] -> xpath: //button[contains(text(),'Logout')]]
verify tab[[ChromeDriver: chrome on WINDOWS (1779389475f5b1b6a39a0869e4513b02)] -> xpath: //button[contains(text(),'Logout')]]
verify tab[[ChromeDriver: chrome on WINDOWS (1779389475f5b1b6a39a0869e4513b02)] -> xpath: //button[contains(text(),'Logout')]]
verify tab[[ChromeDriver: chrome on WINDOWS (1779389475f5b1b6a39a0869e4513b02)] -> xpath: //button[contains(text(),'Logout')]]
verify tab[[ChromeDriver: chrome on WINDOWS (1779389475f5b1b6a39a0869e4513b02)] -> xpath: //button[contains(text(),'Logout')]]
verify tab[[ChromeDriver: chrome on WINDOWS (1779389475f5b1b6a39a0869e4513b02)] -> xpath: //button[contains(text(),'Logout')]]
verify tab[[ChromeDriver: chrome on WINDOWS (1779389475f5b1b6a39a0869e4513b02)] -> xpath: //button[contains(text(),'Logout')]]
verify tab[[ChromeDriver: chrome on WINDOWS (1779389475f5b1b6a39a0869e4513b02)] -> xpath: //button[contains(text(),'Logout')]]
verify tab[[ChromeDriver: chrome on WINDOWS (1779389475f5b1b6a39a0869e4513b02)] -> xpath: //button[contains(text(),'Logout')]]
verify tab[[ChromeDriver: chrome on WINDOWS (1779389475f5b1b6a39a0869e4513b02)] -> xpath: //button[contains(text(),'Logout')]]
verify tab[[ChromeDriver: chrome on WINDOWS (1779389475f5b1b6a39a0869e4513b02)] -> xpath: //button[contains(text(),'Logout')]]
verify tab[[ChromeDriver: chrome on WINDOWS (1779389475f5b1b6a39a0869e4513b02)] -> xpath: //button[contains(text(),'Logout')]]
verify tab[[ChromeDriver: chrome on WINDOWS (1779389475f5b1b6a39a0869e4513b02)] -> xpath: //button[contains(text(),'Logout')]]
verify tab[[ChromeDriver: chrome on WINDOWS (1779389475f5b1b6a39a0869e4513b02)] -> xpath: //button[contains(text(),'Logout')]]
verify tab[[ChromeDriver: chrome on WINDOWS (1779389475f5b1b6a39a0869e4513b02)] -> xpath: //button[contains(text(),'Logout')]]
verify tab[[ChromeDriver: chrome on WINDOWS (1779389475f5b1b6a39a0869e4513b02)] -> xpath: //button[contains(text(),'Logout')]]
verify tab[[ChromeDriver: chrome on WINDOWS (1779389475f5b1b6a39a0869e4513b02)] -> xpath: //button[contains(text(),'Logout')]]
verify tab[[ChromeDriver: chrome on WINDOWS (1779389475f5b1b6a39a0869e4513b02)] -> xpath: //button[contains(text(),'Logout')]]
verify tab[[ChromeDriver: chrome on WINDOWS (1779389475f5b1b6a39a0869e4513b02)] -> xpath: //button[contains(text(),'Logout')]]
verify tab[[ChromeDriver: chrome on WINDOWS (1779389475f5b1b6a39a0869e4513b02)] -> xpath: //button[contains(text(),'Logout')]]
verify tab[[ChromeDriver: chrome on WINDOWS (1779389475f5b1b6a39a0869e4513b02)] -> xpath: //button[contains(text(),'Logout')]]
verify tab[[ChromeDriver: chrome on WINDOWS (1779389475f5b1b6a39a0869e4513b02)] -> xpath: //button[contains(text(),'Logout')]]
verify tab[[ChromeDriver: chrome on WINDOWS (1779389475f5b1b6a39a0869e4513b02)] -> xpath: //button[contains(text(),'Logout')]]
verify tab[[ChromeDriver: chrome on WINDOWS (1779389475f5b1b6a39a0869e4513b02)] -> xpath: //button[contains(text(),'Logout')]]
verify tab[[ChromeDriver: chrome on WINDOWS (1779389475f5b1b6a39a0869e4513b02)] -> xpath: //button[contains(text(),'Logout')]]
verify tab[[ChromeDriver: chrome on WINDOWS (1779389475f5b1b6a39a0869e4513b02)] -> xpath: //button[contains(text(),'Logout')]]
verify tab[[ChromeDriver: chrome on WINDOWS (1779389475f5b1b6a39a0869e4513b02)] -> xpath: //button[contains(text(),'Logout')]]
verify tab[[ChromeDriver: chrome on WINDOWS (1779389475f5b1b6a39a0869e4513b02)] -> xpath: //button[contains(text(),'Logout')]]
verify tab[[ChromeDriver: chrome on WINDOWS (1779389475f5b1b6a39a0869e4513b02)] -> xpath: //button[contains(text(),'Logout')]]
verify tab[[ChromeDriver: chrome on WINDOWS (1779389475f5b1b6a39a0869e4513b02)] -> xpath: //button[contains(text(),'Logout')]]
verify tab[[ChromeDriver: chrome on WINDOWS (1779389475f5b1b6a39a0869e4513b02)] -> xpath: //button[contains(text(),'Logout')]]
verify tab[[ChromeDriver: chrome on WINDOWS (1779389475f5b1b6a39a0869e4513b02)] -> xpath: //button[contains(text(),'Logout')]]
verify tab[[ChromeDriver: chrome on WINDOWS (1779389475f5b1b6a39a0869e4513b02)] -> xpath: //button[contains(text(),'Logout')]]
verify tab[[ChromeDriver: chrome on WINDOWS (1779389475f5b1b6a39a0869e4513b02)] -> xpath: //button[contains(text(),'Logout')]]
verify tab[[ChromeDriver: chrome on WINDOWS (1779389475f5b1b6a39a0869e4513b02)] -> xpath: //button[contains(text(),'Logout')]]
verify tab[[ChromeDriver: chrome on WINDOWS (1779389475f5b1b6a39a0869e4513b02)] -> xpath: //button[contains(text(),'Logout')]]
verify tab[[ChromeDriver: chrome on WINDOWS (1779389475f5b1b6a39a0869e4513b02)] -> xpath: //button[contains(text(),'Logout')]]
verify tab[[ChromeDriver: chrome on WINDOWS (1779389475f5b1b6a39a0869e4513b02)] -> xpath: //button[contains(text(),'Logout')]]
verify tab[[ChromeDriver: chrome on WINDOWS (1779389475f5b1b6a39a0869e4513b02)] -> xpath: //button[contains(text(),'Logout')]]
verify tab[[ChromeDriver: chrome on WINDOWS (1779389475f5b1b6a39a0869e4513b02)] -> xpath: //button[contains(text(),'Logout')]]
verify tab[[ChromeDriver: chrome on WINDOWS (1779389475f5b1b6a39a0869e4513b02)] -> xpath: //button[contains(text(),'Logout')]]
verify tab[[ChromeDriver: chrome on WINDOWS (1779389475f5b1b6a39a0869e4513b02)] -> xpath: //button[contains(text(),'Logout')]]
verify tab[[ChromeDriver: chrome on WINDOWS (1779389475f5b1b6a39a0869e4513b02)] -> xpath: //button[contains(text(),'Logout')]]
verify tab[[ChromeDriver: chrome on WINDOWS (1779389475f5b1b6a39a0869e4513b02)] -> xpath: //button[contains(text(),'Logout')]]
verify tab[[ChromeDriver: chrome on WINDOWS (1779389475f5b1b6a39a0869e4513b02)] -> xpath: //button[contains(text(),'Logout')]]
verify tab[[ChromeDriver: chrome on WINDOWS (1779389475f5b1b6a39a0869e4513b02)] -> xpath: //button[contains(text(),'Logout')]]
verify tab[[ChromeDriver: chrome on WINDOWS (1779389475f5b1b6a39a0869e4513b02)] -> xpath: //button[contains(text(),'Logout')]]
verify tab[[ChromeDriver: chrome on WINDOWS (1779389475f5b1b6a39a0869e4513b02)] -> xpath: //button[contains(text(),'Logout')]]
verify tab[[ChromeDriver: chrome on WINDOWS (1779389475f5b1b6a39a0869e4513b02)] -> xpath: //button[contains(text(),'Logout')]]
verify tab[[ChromeDriver: chrome on WINDOWS (1779389475f5b1b6a39a0869e4513b02)] -> xpath: //button[contains(text(),'Logout')]]
verify tab[[ChromeDriver: chrome on WINDOWS (1779389475f5b1b6a39a0869e4513b02)] -> xpath: //button[contains(text(),'Logout')]]
verify tab[[ChromeDriver: chrome on WINDOWS (1779389475f5b1b6a39a0869e4513b02)] -> xpath: //button[contains(text(),'Logout')]]
verify tab[[ChromeDriver: chrome on WINDOWS (1779389475f5b1b6a39a0869e4513b02)] -> xpath: //button[contains(text(),'Logout')]]
verify tab[[ChromeDriver: chrome on WINDOWS (1779389475f5b1b6a39a0869e4513b02)] -> xpath: //button[contains(text(),'Logout')]]
verify tab[[ChromeDriver: chrome on WINDOWS (1779389475f5b1b6a39a0869e4513b02)] -> xpath: //button[contains(text(),'Logout')]]
verify tab[[ChromeDriver: chrome on WINDOWS (1779389475f5b1b6a39a0869e4513b02)] -> xpath: //button[contains(text(),'Logout')]]
verify tab[[ChromeDriver: chrome on WINDOWS (1779389475f5b1b6a39a0869e4513b02)] -> xpath: //button[contains(text(),'Logout')]]
verify tab[[ChromeDriver: chrome on WINDOWS (1779389475f5b1b6a39a0869e4513b02)] -> xpath: //button[contains(text(),'Logout')]]
verify tab[[ChromeDriver: chrome on WINDOWS (1779389475f5b1b6a39a0869e4513b02)] -> xpath: //button[contains(text(),'Logout')]]
verify tab[[ChromeDriver: chrome on WINDOWS (1779389475f5b1b6a39a0869e4513b02)] -> xpath: //button[contains(text(),'Logout')]]
verify tab[[ChromeDriver: chrome on WINDOWS (1779389475f5b1b6a39a0869e4513b02)] -> xpath: //button[contains(text(),'Logout')]]
verify tab[[ChromeDriver: chrome on WINDOWS (1779389475f5b1b6a39a0869e4513b02)] -> xpath: //button[contains(text(),'Logout')]]
verify tab[[ChromeDriver: chrome on WINDOWS (1779389475f5b1b6a39a0869e4513b02)] -> xpath: //button[contains(text(),'Logout')]]
verify tab[[ChromeDriver: chrome on WINDOWS (1779389475f5b1b6a39a0869e4513b02)] -> xpath: //button[contains(text(),'Logout')]]
verify tab[[ChromeDriver: chrome on WINDOWS (1779389475f5b1b6a39a0869e4513b02)] -> xpath: //button[contains(text(),'Logout')]]
verify tab[[ChromeDriver: chrome on WINDOWS (1779389475f5b1b6a39a0869e4513b02)] -> xpath: //button[contains(text(),'Logout')]]
verify tab[[ChromeDriver: chrome on WINDOWS (1779389475f5b1b6a39a0869e4513b02)] -> xpath: //button[contains(text(),'Logout')]]
verify tab[[ChromeDriver: chrome on WINDOWS (1779389475f5b1b6a39a0869e4513b02)] -> xpath: //button[contains(text(),'Logout')]]
verify tab[[ChromeDriver: chrome on WINDOWS (1779389475f5b1b6a39a0869e4513b02)] -> xpath: //button[contains(text(),'Logout')]]
verify tab[[ChromeDriver: chrome on WINDOWS (1779389475f5b1b6a39a0869e4513b02)] -> xpath: //button[contains(text(),'Logout')]]
verify tab[[ChromeDriver: chrome on WINDOWS (1779389475f5b1b6a39a0869e4513b02)] -> xpath: //button[contains(text(),'Logout')]]
verify tab[[ChromeDriver: chrome on WINDOWS (1779389475f5b1b6a39a0869e4513b02)] -> xpath: //button[contains(text(),'Logout')]]
verify tab[[ChromeDriver: chrome on WINDOWS (1779389475f5b1b6a39a0869e4513b02)] -> xpath: //button[contains(text(),'Logout')]]
verify tab[[ChromeDriver: chrome on WINDOWS (1779389475f5b1b6a39a0869e4513b02)] -> xpath: //button[contains(text(),'Logout')]]
verify tab[[ChromeDriver: chrome on WINDOWS (1779389475f5b1b6a39a0869e4513b02)] -> xpath: //button[contains(text(),'Logout')]]
verify tab[[ChromeDriver: chrome on WINDOWS (1779389475f5b1b6a39a0869e4513b02)] -> xpath: //button[contains(text(),'Logout')]]
verify tab[[ChromeDriver: chrome on WINDOWS (1779389475f5b1b6a39a0869e4513b02)] -> xpath: //button[contains(text(),'Logout')]]
verify tab[[ChromeDriver: chrome on WINDOWS (1779389475f5b1b6a39a0869e4513b02)] -> xpath: //button[contains(text(),'Logout')]]
verify tab[[ChromeDriver: chrome on WINDOWS (1779389475f5b1b6a39a0869e4513b02)] -> xpath: //button[contains(text(),'Logout')]]
verify tab[[ChromeDriver: chrome on WINDOWS (1779389475f5b1b6a39a0869e4513b02)] -> xpath: //button[contains(text(),'Logout')]]
verify tab[[ChromeDriver: chrome on WINDOWS (1779389475f5b1b6a39a0869e4513b02)] -> xpath: //button[contains(text(),'Logout')]]
verify tab[[ChromeDriver: chrome on WINDOWS (1779389475f5b1b6a39a0869e4513b02)] -> xpath: //button[contains(text(),'Logout')]]
verify tab[[ChromeDriver: chrome on WINDOWS (1779389475f5b1b6a39a0869e4513b02)] -> xpath: //button[contains(text(),'Logout')]]
verify tab[[ChromeDriver: chrome on WINDOWS (1779389475f5b1b6a39a0869e4513b02)] -> xpath: //button[contains(text(),'Logout')]]
verify tab[[ChromeDriver: chrome on WINDOWS (1779389475f5b1b6a39a0869e4513b02)] -> xpath: //button[contains(text(),'Logout')]]
verify tab[[ChromeDriver: chrome on WINDOWS (1779389475f5b1b6a39a0869e4513b02)] -> xpath: //button[contains(text(),'Logout')]]
verify tab[[ChromeDriver: chrome on WINDOWS (1779389475f5b1b6a39a0869e4513b02)] -> xpath: //button[contains(text(),'Logout')]]
verify tab[[ChromeDriver: chrome on WINDOWS (1779389475f5b1b6a39a0869e4513b02)] -> xpath: //button[contains(text(),'Logout')]]
verify tab[[ChromeDriver: chrome on WINDOWS (1779389475f5b1b6a39a0869e4513b02)] -> xpath: //button[contains(text(),'Logout')]]
verify tab[[ChromeDriver: chrome on WINDOWS (1779389475f5b1b6a39a0869e4513b02)] -> xpath: //button[contains(text(),'Logout')]]
verify tab[[ChromeDriver: chrome on WINDOWS (1779389475f5b1b6a39a0869e4513b02)] -> xpath: //button[contains(text(),'Logout')]]
verify tab[[ChromeDriver: chrome on WINDOWS (1779389475f5b1b6a39a0869e4513b02)] -> xpath: //button[contains(text(),'Logout')]]
verify tab[[ChromeDriver: chrome on WINDOWS (1779389475f5b1b6a39a0869e4513b02)] -> xpath: //button[contains(text(),'Logout')]]
verify tab[[ChromeDriver: chrome on WINDOWS (1779389475f5b1b6a39a0869e4513b02)] -> xpath: //button[contains(text(),'Logout')]]
verify tab[[ChromeDriver: chrome on WINDOWS (1779389475f5b1b6a39a0869e4513b02)] -> xpath: //button[contains(text(),'Logout')]]
verify tab[[ChromeDriver: chrome on WINDOWS (1779389475f5b1b6a39a0869e4513b02)] -> xpath: //button[contains(text(),'Logout')]]
verify tab[[ChromeDriver: chrome on WINDOWS (1779389475f5b1b6a39a0869e4513b02)] -> xpath: //button[contains(text(),'Logout')]]
verify tab[[ChromeDriver: chrome on WINDOWS (1779389475f5b1b6a39a0869e4513b02)] -> xpath: //button[contains(text(),'Logout')]]
verify tab[[ChromeDriver: chrome on WINDOWS (1779389475f5b1b6a39a0869e4513b02)] -> xpath: //button[contains(text(),'Logout')]]
verify tab[[ChromeDriver: chrome on WINDOWS (1779389475f5b1b6a39a0869e4513b02)] -> xpath: //button[contains(text(),'Logout')]]
verify tab[[ChromeDriver: chrome on WINDOWS (1779389475f5b1b6a39a0869e4513b02)] -> xpath: //button[contains(text(),'Logout')]]
verify tab[[ChromeDriver: chrome on WINDOWS (1779389475f5b1b6a39a0869e4513b02)] -> xpath: //button[contains(text(),'Logout')]]
verify tab[[ChromeDriver: chrome on WINDOWS (1779389475f5b1b6a39a0869e4513b02)] -> xpath: //button[contains(text(),'Logout')]]
verify tab[[ChromeDriver: chrome on WINDOWS (1779389475f5b1b6a39a0869e4513b02)] -> xpath: //button[contains(text(),'Logout')]]
verify tab[[ChromeDriver: chrome on WINDOWS (1779389475f5b1b6a39a0869e4513b02)] -> xpath: //button[contains(text(),'Logout')]]
verify tab[[ChromeDriver: chrome on WINDOWS (1779389475f5b1b6a39a0869e4513b02)] -> xpath: //button[contains(text(),'Logout')]]
verify tab[[ChromeDriver: chrome on WINDOWS (1779389475f5b1b6a39a0869e4513b02)] -> xpath: //button[contains(text(),'Logout')]]
verify tab[[ChromeDriver: chrome on WINDOWS (1779389475f5b1b6a39a0869e4513b02)] -> xpath: //button[contains(text(),'Logout')]]
verify tab[[ChromeDriver: chrome on WINDOWS (1779389475f5b1b6a39a0869e4513b02)] -> xpath: //button[contains(text(),'Logout')]]
verify tab[[ChromeDriver: chrome on WINDOWS (1779389475f5b1b6a39a0869e4513b02)] -> xpath: //button[contains(text(),'Logout')]]
verify tab[[ChromeDriver: chrome on WINDOWS (1779389475f5b1b6a39a0869e4513b02)] -> xpath: //button[contains(text(),'Logout')]]
verify tab[[ChromeDriver: chrome on WINDOWS (1779389475f5b1b6a39a0869e4513b02)] -> xpath: //button[contains(text(),'Logout')]]
verify tab[[ChromeDriver: chrome on WINDOWS (1779389475f5b1b6a39a0869e4513b02)] -> xpath: //button[contains(text(),'Logout')]]
verify tab[[ChromeDriver: chrome on WINDOWS (1779389475f5b1b6a39a0869e4513b02)] -> xpath: //button[contains(text(),'Logout')]]
verify tab[[ChromeDriver: chrome on WINDOWS (1779389475f5b1b6a39a0869e4513b02)] -> xpath: //button[contains(text(),'Logout')]]
verify tab[[ChromeDriver: chrome on WINDOWS (1779389475f5b1b6a39a0869e4513b02)] -> xpath: //button[contains(text(),'Logout')]]
verify tab[[ChromeDriver: chrome on WINDOWS (1779389475f5b1b6a39a0869e4513b02)] -> xpath: //button[contains(text(),'Logout')]]
verify tab[[ChromeDriver: chrome on WINDOWS (1779389475f5b1b6a39a0869e4513b02)] -> xpath: //button[contains(text(),'Logout')]]
verify tab[[ChromeDriver: chrome on WINDOWS (1779389475f5b1b6a39a0869e4513b02)] -> xpath: //button[contains(text(),'Logout')]]
verify tab[[ChromeDriver: chrome on WINDOWS (1779389475f5b1b6a39a0869e4513b02)] -> xpath: //button[contains(text(),'Logout')]]
verify tab[[ChromeDriver: chrome on WINDOWS (1779389475f5b1b6a39a0869e4513b02)] -> xpath: //button[contains(text(),'Logout')]]
verify tab[[ChromeDriver: chrome on WINDOWS (1779389475f5b1b6a39a0869e4513b02)] -> xpath: //button[contains(text(),'Logout')]]
verify tab[[ChromeDriver: chrome on WINDOWS (1779389475f5b1b6a39a0869e4513b02)] -> xpath: //button[contains(text(),'Logout')]]
verify tab[[ChromeDriver: chrome on WINDOWS (1779389475f5b1b6a39a0869e4513b02)] -> xpath: //button[contains(text(),'Logout')]]
verify tab[[ChromeDriver: chrome on WINDOWS (1779389475f5b1b6a39a0869e4513b02)] -> xpath: //button[contains(text(),'Logout')]]
verify tab[[ChromeDriver: chrome on WINDOWS (1779389475f5b1b6a39a0869e4513b02)] -> xpath: //button[contains(text(),'Logout')]]
verify tab[[ChromeDriver: chrome on WINDOWS (1779389475f5b1b6a39a0869e4513b02)] -> xpath: //button[contains(text(),'Logout')]]
verify tab[[ChromeDriver: chrome on WINDOWS (1779389475f5b1b6a39a0869e4513b02)] -> xpath: //button[contains(text(),'Logout')]]
verify tab[[ChromeDriver: chrome on WINDOWS (1779389475f5b1b6a39a0869e4513b02)] -> xpath: //button[contains(text(),'Logout')]]
verify tab[[ChromeDriver: chrome on WINDOWS (1779389475f5b1b6a39a0869e4513b02)] -> xpath: //button[contains(text(),'Logout')]]
verify tab[[ChromeDriver: chrome on WINDOWS (1779389475f5b1b6a39a0869e4513b02)] -> xpath: //button[contains(text(),'Logout')]]
verify tab[[ChromeDriver: chrome on WINDOWS (1779389475f5b1b6a39a0869e4513b02)] -> xpath: //button[contains(text(),'Logout')]]
verify tab[[ChromeDriver: chrome on WINDOWS (1779389475f5b1b6a39a0869e4513b02)] -> xpath: //button[contains(text(),'Logout')]]
verify tab[[ChromeDriver: chrome on WINDOWS (1779389475f5b1b6a39a0869e4513b02)] -> xpath: //button[contains(text(),'Logout')]]
verify tab[[ChromeDriver: chrome on WINDOWS (1779389475f5b1b6a39a0869e4513b02)] -> xpath: //button[contains(text(),'Logout')]]
verify tab[[ChromeDriver: chrome on WINDOWS (1779389475f5b1b6a39a0869e4513b02)] -> xpath: //button[contains(text(),'Logout')]]
verify tab[[ChromeDriver: chrome on WINDOWS (1779389475f5b1b6a39a0869e4513b02)] -> xpath: //button[contains(text(),'Logout')]]
verify tab[[ChromeDriver: chrome on WINDOWS (1779389475f5b1b6a39a0869e4513b02)] -> xpath: //button[contains(text(),'Logout')]]
verify tab[[ChromeDriver: chrome on WINDOWS (1779389475f5b1b6a39a0869e4513b02)] -> xpath: //button[contains(text(),'Logout')]]
verify tab[[ChromeDriver: chrome on WINDOWS (1779389475f5b1b6a39a0869e4513b02)] -> xpath: //button[contains(text(),'Logout')]]
verify tab[[ChromeDriver: chrome on WINDOWS (1779389475f5b1b6a39a0869e4513b02)] -> xpath: //button[contains(text(),'Logout')]]
verify tab[[ChromeDriver: chrome on WINDOWS (1779389475f5b1b6a39a0869e4513b02)] -> xpath: //button[contains(text(),'Logout')]]
verify tab[[ChromeDriver: chrome on WINDOWS (1779389475f5b1b6a39a0869e4513b02)] -> xpath: //button[contains(text(),'Logout')]]
verify tab[[ChromeDriver: chrome on WINDOWS (1779389475f5b1b6a39a0869e4513b02)] -> xpath: //button[contains(text(),'Logout')]]
verify tab[[ChromeDriver: chrome on WINDOWS (1779389475f5b1b6a39a0869e4513b02)] -> xpath: //button[contains(text(),'Logout')]]
verify tab[[ChromeDriver: chrome on WINDOWS (1779389475f5b1b6a39a0869e4513b02)] -> xpath: //button[contains(text(),'Logout')]]
verify tab[[ChromeDriver: chrome on WINDOWS (1779389475f5b1b6a39a0869e4513b02)] -> xpath: //button[contains(text(),'Logout')]]
verify tab[[ChromeDriver: chrome on WINDOWS (1779389475f5b1b6a39a0869e4513b02)] -> xpath: //button[contains(text(),'Logout')]]
verify tab[[ChromeDriver: chrome on WINDOWS (1779389475f5b1b6a39a0869e4513b02)] -> xpath: //button[contains(text(),'Logout')]]
verify tab[[ChromeDriver: chrome on WINDOWS (1779389475f5b1b6a39a0869e4513b02)] -> xpath: //button[contains(text(),'Logout')]]
verify tab[[ChromeDriver: chrome on WINDOWS (1779389475f5b1b6a39a0869e4513b02)] -> xpath: //button[contains(text(),'Logout')]]
verify tab[[ChromeDriver: chrome on WINDOWS (1779389475f5b1b6a39a0869e4513b02)] -> xpath: //button[contains(text(),'Logout')]]
verify tab[[ChromeDriver: chrome on WINDOWS (1779389475f5b1b6a39a0869e4513b02)] -> xpath: //button[contains(text(),'Logout')]]
verify tab[[ChromeDriver: chrome on WINDOWS (1779389475f5b1b6a39a0869e4513b02)] -> xpath: //button[contains(text(),'Logout')]]
verify tab[[ChromeDriver: chrome on WINDOWS (1779389475f5b1b6a39a0869e4513b02)] -> xpath: //button[contains(text(),'Logout')]]
verify tab[[ChromeDriver: chrome on WINDOWS (1779389475f5b1b6a39a0869e4513b02)] -> xpath: //button[contains(text(),'Logout')]]
verify tab[[ChromeDriver: chrome on WINDOWS (1779389475f5b1b6a39a0869e4513b02)] -> xpath: //button[contains(text(),'Logout')]]
verify tab[[ChromeDriver: chrome on WINDOWS (1779389475f5b1b6a39a0869e4513b02)] -> xpath: //button[contains(text(),'Logout')]]
verify tab[[ChromeDriver: chrome on WINDOWS (1779389475f5b1b6a39a0869e4513b02)] -> xpath: //button[contains(text(),'Logout')]]
verify tab[[ChromeDriver: chrome on WINDOWS (1779389475f5b1b6a39a0869e4513b02)] -> xpath: //button[contains(text(),'Logout')]]
verify tab[[ChromeDriver: chrome on WINDOWS (1779389475f5b1b6a39a0869e4513b02)] -> xpath: //button[contains(text(),'Logout')]]
verify tab[[ChromeDriver: chrome on WINDOWS (1779389475f5b1b6a39a0869e4513b02)] -> xpath: //button[contains(text(),'Logout')]]
verify tab[[ChromeDriver: chrome on WINDOWS (1779389475f5b1b6a39a0869e4513b02)] -> xpath: //button[contains(text(),'Logout')]]
verify tab[[ChromeDriver: chrome on WINDOWS (1779389475f5b1b6a39a0869e4513b02)] -> xpath: //button[contains(text(),'Logout')]]
verify tab[[ChromeDriver: chrome on WINDOWS (1779389475f5b1b6a39a0869e4513b02)] -> xpath: //button[contains(text(),'Logout')]]
verify tab[[ChromeDriver: chrome on WINDOWS (1779389475f5b1b6a39a0869e4513b02)] -> xpath: //button[contains(text(),'Logout')]]
verify tab[[ChromeDriver: chrome on WINDOWS (1779389475f5b1b6a39a0869e4513b02)] -> xpath: //button[contains(text(),'Logout')]]
verify tab[[ChromeDriver: chrome on WINDOWS (1779389475f5b1b6a39a0869e4513b02)] -> xpath: //button[contains(text(),'Logout')]]
verify tab[[ChromeDriver: chrome on WINDOWS (1779389475f5b1b6a39a0869e4513b02)] -> xpath: //button[contains(text(),'Logout')]]
verify tab[[ChromeDriver: chrome on WINDOWS (1779389475f5b1b6a39a0869e4513b02)] -> xpath: //button[contains(text(),'Logout')]]
verify tab[[ChromeDriver: chrome on WINDOWS (1779389475f5b1b6a39a0869e4513b02)] -> xpath: //button[contains(text(),'Logout')]]
verify tab[[ChromeDriver: chrome on WINDOWS (1779389475f5b1b6a39a0869e4513b02)] -> xpath: //button[contains(text(),'Logout')]]
verify tab[[ChromeDriver: chrome on WINDOWS (1779389475f5b1b6a39a0869e4513b02)] -> xpath: //button[contains(text(),'Logout')]]
verify tab[[ChromeDriver: chrome on WINDOWS (1779389475f5b1b6a39a0869e4513b02)] -> xpath: //button[contains(text(),'Logout')]]
verify tab[[ChromeDriver: chrome on WINDOWS (1779389475f5b1b6a39a0869e4513b02)] -> xpath: //button[contains(text(),'Logout')]]
verify tab[[ChromeDriver: chrome on WINDOWS (1779389475f5b1b6a39a0869e4513b02)] -> xpath: //button[contains(text(),'Logout')]]
verify tab[[ChromeDriver: chrome on WINDOWS (1779389475f5b1b6a39a0869e4513b02)] -> xpath: //button[contains(text(),'Logout')]]
verify tab[[ChromeDriver: chrome on WINDOWS (1779389475f5b1b6a39a0869e4513b02)] -> xpath: //button[contains(text(),'Logout')]]
verify tab[[ChromeDriver: chrome on WINDOWS (1779389475f5b1b6a39a0869e4513b02)] -> xpath: //button[contains(text(),'Logout')]]
verify tab[[ChromeDriver: chrome on WINDOWS (1779389475f5b1b6a39a0869e4513b02)] -> xpath: //button[contains(text(),'Logout')]]
verify tab[[ChromeDriver: chrome on WINDOWS (1779389475f5b1b6a39a0869e4513b02)] -> xpath: //button[contains(text(),'Logout')]]
verify tab[[ChromeDriver: chrome on WINDOWS (1779389475f5b1b6a39a0869e4513b02)] -> xpath: //button[contains(text(),'Logout')]]
verify tab[[ChromeDriver: chrome on WINDOWS (1779389475f5b1b6a39a0869e4513b02)] -> xpath: //button[contains(text(),'Logout')]]
verify tab[[ChromeDriver: chrome on WINDOWS (1779389475f5b1b6a39a0869e4513b02)] -> xpath: //button[contains(text(),'Logout')]]
verify tab[[ChromeDriver: chrome on WINDOWS (1779389475f5b1b6a39a0869e4513b02)] -> xpath: //button[contains(text(),'Logout')]]
verify tab[[ChromeDriver: chrome on WINDOWS (1779389475f5b1b6a39a0869e4513b02)] -> xpath: //button[contains(text(),'Logout')]]
verify tab[[ChromeDriver: chrome on WINDOWS (1779389475f5b1b6a39a0869e4513b02)] -> xpath: //button[contains(text(),'Logout')]]
verify tab[[ChromeDriver: chrome on WINDOWS (1779389475f5b1b6a39a0869e4513b02)] -> xpath: //button[contains(text(),'Logout')]]
verify tab[[ChromeDriver: chrome on WINDOWS (1779389475f5b1b6a39a0869e4513b02)] -> xpath: //button[contains(text(),'Logout')]]
verify tab[[ChromeDriver: chrome on WINDOWS (1779389475f5b1b6a39a0869e4513b02)] -> xpath: //button[contains(text(),'Logout')]]
verify tab[[ChromeDriver: chrome on WINDOWS (1779389475f5b1b6a39a0869e4513b02)] -> xpath: //button[contains(text(),'Logout')]]
verify tab[[ChromeDriver: chrome on WINDOWS (1779389475f5b1b6a39a0869e4513b02)] -> xpath: //button[contains(text(),'Logout')]]
verify tab[[ChromeDriver: chrome on WINDOWS (1779389475f5b1b6a39a0869e4513b02)] -> xpath: //button[contains(text(),'Logout')]]
verify tab[[ChromeDriver: chrome on WINDOWS (1779389475f5b1b6a39a0869e4513b02)] -> xpath: //button[contains(text(),'Logout')]]
verify tab[[ChromeDriver: chrome on WINDOWS (1779389475f5b1b6a39a0869e4513b02)] -> xpath: //button[contains(text(),'Logout')]]
verify tab[[ChromeDriver: chrome on WINDOWS (1779389475f5b1b6a39a0869e4513b02)] -> xpath: //button[contains(text(),'Logout')]]
verify tab[[ChromeDriver: chrome on WINDOWS (1779389475f5b1b6a39a0869e4513b02)] -> xpath: //button[contains(text(),'Logout')]]
verify tab[[ChromeDriver: chrome on WINDOWS (1779389475f5b1b6a39a0869e4513b02)] -> xpath: //button[contains(text(),'Logout')]]
verify tab[[ChromeDriver: chrome on WINDOWS (1779389475f5b1b6a39a0869e4513b02)] -> xpath: //button[contains(text(),'Logout')]]
verify tab[[ChromeDriver: chrome on WINDOWS (1779389475f5b1b6a39a0869e4513b02)] -> xpath: //button[contains(text(),'Logout')]]
verify tab[[ChromeDriver: chrome on WINDOWS (1779389475f5b1b6a39a0869e4513b02)] -> xpath: //button[contains(text(),'Logout')]]
verify tab[[ChromeDriver: chrome on WINDOWS (1779389475f5b1b6a39a0869e4513b02)] -> xpath: //button[contains(text(),'Logout')]]
verify tab[[ChromeDriver: chrome on WINDOWS (1779389475f5b1b6a39a0869e4513b02)] -> xpath: //button[contains(text(),'Logout')]]
verify tab[[ChromeDriver: chrome on WINDOWS (1779389475f5b1b6a39a0869e4513b02)] -> xpath: //button[contains(text(),'Logout')]]
verify tab[[ChromeDriver: chrome on WINDOWS (1779389475f5b1b6a39a0869e4513b02)] -> xpath: //button[contains(text(),'Logout')]]
verify tab[[ChromeDriver: chrome on WINDOWS (1779389475f5b1b6a39a0869e4513b02)] -> xpath: //button[contains(text(),'Logout')]]
verify tab[[ChromeDriver: chrome on WINDOWS (1779389475f5b1b6a39a0869e4513b02)] -> xpath: //button[contains(text(),'Logout')]]
verify tab[[ChromeDriver: chrome on WINDOWS (1779389475f5b1b6a39a0869e4513b02)] -> xpath: //button[contains(text(),'Logout')]]
verify tab[[ChromeDriver: chrome on WINDOWS (1779389475f5b1b6a39a0869e4513b02)] -> xpath: //button[contains(text(),'Logout')]]
verify tab[[ChromeDriver: chrome on WINDOWS (1779389475f5b1b6a39a0869e4513b02)] -> xpath: //button[contains(text(),'Logout')]]
verify tab[[ChromeDriver: chrome on WINDOWS (1779389475f5b1b6a39a0869e4513b02)] -> xpath: //button[contains(text(),'Logout')]]
verify tab[[ChromeDriver: chrome on WINDOWS (1779389475f5b1b6a39a0869e4513b02)] -> xpath: //button[contains(text(),'Logout')]]
verify tab[[ChromeDriver: chrome on WINDOWS (1779389475f5b1b6a39a0869e4513b02)] -> xpath: //button[contains(text(),'Logout')]]
verify tab[[ChromeDriver: chrome on WINDOWS (1779389475f5b1b6a39a0869e4513b02)] -> xpath: //button[contains(text(),'Logout')]]
verify tab[[ChromeDriver: chrome on WINDOWS (1779389475f5b1b6a39a0869e4513b02)] -> xpath: //button[contains(text(),'Logout')]]
verify tab[[ChromeDriver: chrome on WINDOWS (1779389475f5b1b6a39a0869e4513b02)] -> xpath: //button[contains(text(),'Logout')]]
verify tab[[ChromeDriver: chrome on WINDOWS (1779389475f5b1b6a39a0869e4513b02)] -> xpath: //button[contains(text(),'Logout')]]
verify tab[[ChromeDriver: chrome on WINDOWS (1779389475f5b1b6a39a0869e4513b02)] -> xpath: //button[contains(text(),'Logout')]]
verify tab[[ChromeDriver: chrome on WINDOWS (1779389475f5b1b6a39a0869e4513b02)] -> xpath: //button[contains(text(),'Logout')]]
verify tab[[ChromeDriver: chrome on WINDOWS (1779389475f5b1b6a39a0869e4513b02)] -> xpath: //button[contains(text(),'Logout')]]
verify tab[[ChromeDriver: chrome on WINDOWS (1779389475f5b1b6a39a0869e4513b02)] -> xpath: //button[contains(text(),'Logout')]]
verify tab[[ChromeDriver: chrome on WINDOWS (1779389475f5b1b6a39a0869e4513b02)] -> xpath: //button[contains(text(),'Logout')]]
verify tab[[ChromeDriver: chrome on WINDOWS (1779389475f5b1b6a39a0869e4513b02)] -> xpath: //button[contains(text(),'Logout')]]
verify tab[[ChromeDriver: chrome on WINDOWS (1779389475f5b1b6a39a0869e4513b02)] -> xpath: //button[contains(text(),'Logout')]]
verify tab[[ChromeDriver: chrome on WINDOWS (1779389475f5b1b6a39a0869e4513b02)] -> xpath: //button[contains(text(),'Logout')]]
verify tab[[ChromeDriver: chrome on WINDOWS (1779389475f5b1b6a39a0869e4513b02)] -> xpath: //button[contains(text(),'Logout')]]
verify tab[[ChromeDriver: chrome on WINDOWS (1779389475f5b1b6a39a0869e4513b02)] -> xpath: //button[contains(text(),'Logout')]]
verify tab[[ChromeDriver: chrome on WINDOWS (1779389475f5b1b6a39a0869e4513b02)] -> xpath: //button[contains(text(),'Logout')]]
verify tab[[ChromeDriver: chrome on WINDOWS (1779389475f5b1b6a39a0869e4513b02)] -> xpath: //button[contains(text(),'Logout')]]
verify tab[[ChromeDriver: chrome on WINDOWS (1779389475f5b1b6a39a0869e4513b02)] -> xpath: //button[contains(text(),'Logout')]]
verify tab[[ChromeDriver: chrome on WINDOWS (1779389475f5b1b6a39a0869e4513b02)] -> xpath: //button[contains(text(),'Logout')]]
verify tab[[ChromeDriver: chrome on WINDOWS (1779389475f5b1b6a39a0869e4513b02)] -> xpath: //button[contains(text(),'Logout')]]
verify tab[[ChromeDriver: chrome on WINDOWS (1779389475f5b1b6a39a0869e4513b02)] -> xpath: //button[contains(text(),'Logout')]]
verify tab[[ChromeDriver: chrome on WINDOWS (1779389475f5b1b6a39a0869e4513b02)] -> xpath: //button[contains(text(),'Logout')]]
verify tab[[ChromeDriver: chrome on WINDOWS (1779389475f5b1b6a39a0869e4513b02)] -> xpath: //button[contains(text(),'Logout')]]
verify tab[[ChromeDriver: chrome on WINDOWS (1779389475f5b1b6a39a0869e4513b02)] -> xpath: //button[contains(text(),'Logout')]]
verify tab[[ChromeDriver: chrome on WINDOWS (1779389475f5b1b6a39a0869e4513b02)] -> xpath: //button[contains(text(),'Logout')]]
verify tab[[ChromeDriver: chrome on WINDOWS (1779389475f5b1b6a39a0869e4513b02)] -> xpath: //button[contains(text(),'Logout')]]
verify tab[[ChromeDriver: chrome on WINDOWS (1779389475f5b1b6a39a0869e4513b02)] -> xpath: //button[contains(text(),'Logout')]]
verify tab[[ChromeDriver: chrome on WINDOWS (1779389475f5b1b6a39a0869e4513b02)] -> xpath: //button[contains(text(),'Logout')]]
verify tab[[ChromeDriver: chrome on WINDOWS (1779389475f5b1b6a39a0869e4513b02)] -> xpath: //button[contains(text(),'Logout')]]
verify tab[[ChromeDriver: chrome on WINDOWS (1779389475f5b1b6a39a0869e4513b02)] -> xpath: //button[contains(text(),'Logout')]]
verify tab[[ChromeDriver: chrome on WINDOWS (1779389475f5b1b6a39a0869e4513b02)] -> xpath: //button[contains(text(),'Logout')]]
verify tab[[ChromeDriver: chrome on WINDOWS (1779389475f5b1b6a39a0869e4513b02)] -> xpath: //button[contains(text(),'Logout')]]
verify tab[[ChromeDriver: chrome on WINDOWS (1779389475f5b1b6a39a0869e4513b02)] -> xpath: //button[contains(text(),'Logout')]]
verify tab[[ChromeDriver: chrome on WINDOWS (1779389475f5b1b6a39a0869e4513b02)] -> xpath: //button[contains(text(),'Logout')]]
verify tab[[ChromeDriver: chrome on WINDOWS (1779389475f5b1b6a39a0869e4513b02)] -> xpath: //button[contains(text(),'Logout')]]
verify tab[[ChromeDriver: chrome on WINDOWS (1779389475f5b1b6a39a0869e4513b02)] -> xpath: //button[contains(text(),'Logout')]]
verify tab[[ChromeDriver: chrome on WINDOWS (1779389475f5b1b6a39a0869e4513b02)] -> xpath: //button[contains(text(),'Logout')]]
verify tab[[ChromeDriver: chrome on WINDOWS (1779389475f5b1b6a39a0869e4513b02)] -> xpath: //button[contains(text(),'Logout')]]
verify tab[[ChromeDriver: chrome on WINDOWS (1779389475f5b1b6a39a0869e4513b02)] -> xpath: //button[contains(text(),'Logout')]]
verify tab[[ChromeDriver: chrome on WINDOWS (1779389475f5b1b6a39a0869e4513b02)] -> xpath: //button[contains(text(),'Logout')]]
verify tab[[ChromeDriver: chrome on WINDOWS (1779389475f5b1b6a39a0869e4513b02)] -> xpath: //button[contains(text(),'Logout')]]
verify tab[[ChromeDriver: chrome on WINDOWS (1779389475f5b1b6a39a0869e4513b02)] -> xpath: //button[contains(text(),'Logout')]]
verify tab[[ChromeDriver: chrome on WINDOWS (1779389475f5b1b6a39a0869e4513b02)] -> xpath: //button[contains(text(),'Logout')]]
verify tab[[ChromeDriver: chrome on WINDOWS (1779389475f5b1b6a39a0869e4513b02)] -> xpath: //button[contains(text(),'Logout')]]
verify tab[[ChromeDriver: chrome on WINDOWS (1779389475f5b1b6a39a0869e4513b02)] -> xpath: //button[contains(text(),'Logout')]]
verify tab[[ChromeDriver: chrome on WINDOWS (1779389475f5b1b6a39a0869e4513b02)] -> xpath: //button[contains(text(),'Logout')]]
verify tab[[ChromeDriver: chrome on WINDOWS (1779389475f5b1b6a39a0869e4513b02)] -> xpath: //button[contains(text(),'Logout')]]
verify tab[[ChromeDriver: chrome on WINDOWS (1779389475f5b1b6a39a0869e4513b02)] -> xpath: //button[contains(text(),'Logout')]]
verify tab[[ChromeDriver: chrome on WINDOWS (1779389475f5b1b6a39a0869e4513b02)] -> xpath: //button[contains(text(),'Logout')]]
verify tab[[ChromeDriver: chrome on WINDOWS (1779389475f5b1b6a39a0869e4513b02)] -> xpath: //button[contains(text(),'Logout')]]
verify tab[[ChromeDriver: chrome on WINDOWS (1779389475f5b1b6a39a0869e4513b02)] -> xpath: //button[contains(text(),'Logout')]]
verify tab[[ChromeDriver: chrome on WINDOWS (1779389475f5b1b6a39a0869e4513b02)] -> xpath: //button[contains(text(),'Logout')]]
verify tab[[ChromeDriver: chrome on WINDOWS (1779389475f5b1b6a39a0869e4513b02)] -> xpath: //button[contains(text(),'Logout')]]
verify tab[[ChromeDriver: chrome on WINDOWS (1779389475f5b1b6a39a0869e4513b02)] -> xpath: //button[contains(text(),'Logout')]]
verify tab[[ChromeDriver: chrome on WINDOWS (1779389475f5b1b6a39a0869e4513b02)] -> xpath: //button[contains(text(),'Logout')]]
verify tab[[ChromeDriver: chrome on WINDOWS (1779389475f5b1b6a39a0869e4513b02)] -> xpath: //button[contains(text(),'Logout')]]
verify tab[[ChromeDriver: chrome on WINDOWS (1779389475f5b1b6a39a0869e4513b02)] -> xpath: //button[contains(text(),'Logout')]]
verify tab[[ChromeDriver: chrome on WINDOWS (1779389475f5b1b6a39a0869e4513b02)] -> xpath: //button[contains(text(),'Logout')]]
verify tab[[ChromeDriver: chrome on WINDOWS (1779389475f5b1b6a39a0869e4513b02)] -> xpath: //button[contains(text(),'Logout')]]
verify tab[[ChromeDriver: chrome on WINDOWS (1779389475f5b1b6a39a0869e4513b02)] -> xpath: //button[contains(text(),'Logout')]]
verify tab[[ChromeDriver: chrome on WINDOWS (1779389475f5b1b6a39a0869e4513b02)] -> xpath: //button[contains(text(),'Logout')]]
verify tab[[ChromeDriver: chrome on WINDOWS (1779389475f5b1b6a39a0869e4513b02)] -> xpath: //button[contains(text(),'Logout')]]
verify tab[[ChromeDriver: chrome on WINDOWS (1779389475f5b1b6a39a0869e4513b02)] -> xpath: //button[contains(text(),'Logout')]]
verify tab[[ChromeDriver: chrome on WINDOWS (1779389475f5b1b6a39a0869e4513b02)] -> xpath: //button[contains(text(),'Logout')]]
verify tab[[ChromeDriver: chrome on WINDOWS (1779389475f5b1b6a39a0869e4513b02)] -> xpath: //button[contains(text(),'Logout')]]
verify tab[[ChromeDriver: chrome on WINDOWS (1779389475f5b1b6a39a0869e4513b02)] -> xpath: //button[contains(text(),'Logout')]]
verify tab[[ChromeDriver: chrome on WINDOWS (1779389475f5b1b6a39a0869e4513b02)] -> xpath: //button[contains(text(),'Logout')]]
verify tab[[ChromeDriver: chrome on WINDOWS (1779389475f5b1b6a39a0869e4513b02)] -> xpath: //button[contains(text(),'Logout')]]
verify tab[[ChromeDriver: chrome on WINDOWS (1779389475f5b1b6a39a0869e4513b02)] -> xpath: //button[contains(text(),'Logout')]]
verify tab[[ChromeDriver: chrome on WINDOWS (1779389475f5b1b6a39a0869e4513b02)] -> xpath: //button[contains(text(),'Logout')]]
verify tab[[ChromeDriver: chrome on WINDOWS (1779389475f5b1b6a39a0869e4513b02)] -> xpath: //button[contains(text(),'Logout')]]
verify tab[[ChromeDriver: chrome on WINDOWS (1779389475f5b1b6a39a0869e4513b02)] -> xpath: //button[contains(text(),'Logout')]]
verify tab[[ChromeDriver: chrome on WINDOWS (1779389475f5b1b6a39a0869e4513b02)] -> xpath: //button[contains(text(),'Logout')]]
verify tab[[ChromeDriver: chrome on WINDOWS (1779389475f5b1b6a39a0869e4513b02)] -> xpath: //button[contains(text(),'Logout')]]
verify tab[[ChromeDriver: chrome on WINDOWS (1779389475f5b1b6a39a0869e4513b02)] -> xpath: //button[contains(text(),'Logout')]]
verify tab[[ChromeDriver: chrome on WINDOWS (1779389475f5b1b6a39a0869e4513b02)] -> xpath: //button[contains(text(),'Logout')]]
verify tab[[ChromeDriver: chrome on WINDOWS (1779389475f5b1b6a39a0869e4513b02)] -> xpath: //button[contains(text(),'Logout')]]
verify tab[[ChromeDriver: chrome on WINDOWS (1779389475f5b1b6a39a0869e4513b02)] -> xpath: //button[contains(text(),'Logout')]]
verify tab[[ChromeDriver: chrome on WINDOWS (1779389475f5b1b6a39a0869e4513b02)] -> xpath: //button[contains(text(),'Logout')]]
verify tab[[ChromeDriver: chrome on WINDOWS (1779389475f5b1b6a39a0869e4513b02)] -> xpath: //button[contains(text(),'Logout')]]
verify tab[[ChromeDriver: chrome on WINDOWS (1779389475f5b1b6a39a0869e4513b02)] -> xpath: //button[contains(text(),'Logout')]]
verify tab[[ChromeDriver: chrome on WINDOWS (1779389475f5b1b6a39a0869e4513b02)] -> xpath: //button[contains(text(),'Logout')]]
verify tab[[ChromeDriver: chrome on WINDOWS (1779389475f5b1b6a39a0869e4513b02)] -> xpath: //button[contains(text(),'Logout')]]
verify tab[[ChromeDriver: chrome on WINDOWS (1779389475f5b1b6a39a0869e4513b02)] -> xpath: //button[contains(text(),'Logout')]]
verify tab[[ChromeDriver: chrome on WINDOWS (1779389475f5b1b6a39a0869e4513b02)] -> xpath: //button[contains(text(),'Logout')]]
verify tab[[ChromeDriver: chrome on WINDOWS (1779389475f5b1b6a39a0869e4513b02)] -> xpath: //button[contains(text(),'Logout')]]
verify tab[[ChromeDriver: chrome on WINDOWS (1779389475f5b1b6a39a0869e4513b02)] -> xpath: //button[contains(text(),'Logout')]]
verify tab[[ChromeDriver: chrome on WINDOWS (1779389475f5b1b6a39a0869e4513b02)] -> xpath: //button[contains(text(),'Logout')]]
verify tab[[ChromeDriver: chrome on WINDOWS (1779389475f5b1b6a39a0869e4513b02)] -> xpath: //button[contains(text(),'Logout')]]
verify tab[[ChromeDriver: chrome on WINDOWS (1779389475f5b1b6a39a0869e4513b02)] -> xpath: //button[contains(text(),'Logout')]]
verify tab[[ChromeDriver: chrome on WINDOWS (1779389475f5b1b6a39a0869e4513b02)] -> xpath: //button[contains(text(),'Logout')]]
verify tab[[ChromeDriver: chrome on WINDOWS (1779389475f5b1b6a39a0869e4513b02)] -> xpath: //button[contains(text(),'Logout')]]
verify tab[[ChromeDriver: chrome on WINDOWS (1779389475f5b1b6a39a0869e4513b02)] -> xpath: //button[contains(text(),'Logout')]]
verify tab[[ChromeDriver: chrome on WINDOWS (1779389475f5b1b6a39a0869e4513b02)] -> xpath: //button[contains(text(),'Logout')]]
verify tab[[ChromeDriver: chrome on WINDOWS (1779389475f5b1b6a39a0869e4513b02)] -> xpath: //button[contains(text(),'Logout')]]
verify tab[[ChromeDriver: chrome on WINDOWS (1779389475f5b1b6a39a0869e4513b02)] -> xpath: //button[contains(text(),'Logout')]]
verify tab[[ChromeDriver: chrome on WINDOWS (1779389475f5b1b6a39a0869e4513b02)] -> xpath: //button[contains(text(),'Logout')]]
verify tab[[ChromeDriver: chrome on WINDOWS (1779389475f5b1b6a39a0869e4513b02)] -> xpath: //button[contains(text(),'Logout')]]
verify tab[[ChromeDriver: chrome on WINDOWS (1779389475f5b1b6a39a0869e4513b02)] -> xpath: //button[contains(text(),'Logout')]]
verify tab[[ChromeDriver: chrome on WINDOWS (1779389475f5b1b6a39a0869e4513b02)] -> xpath: //button[contains(text(),'Logout')]]
verify tab[[ChromeDriver: chrome on WINDOWS (1779389475f5b1b6a39a0869e4513b02)] -> xpath: //button[contains(text(),'Logout')]]
verify tab[[ChromeDriver: chrome on WINDOWS (1779389475f5b1b6a39a0869e4513b02)] -> xpath: //button[contains(text(),'Logout')]]
verify tab[[ChromeDriver: chrome on WINDOWS (1779389475f5b1b6a39a0869e4513b02)] -> xpath: //button[contains(text(),'Logout')]]
verify tab[[ChromeDriver: chrome on WINDOWS (1779389475f5b1b6a39a0869e4513b02)] -> xpath: //button[contains(text(),'Logout')]]
verify tab[[ChromeDriver: chrome on WINDOWS (1779389475f5b1b6a39a0869e4513b02)] -> xpath: //button[contains(text(),'Logout')]]
verify tab[[ChromeDriver: chrome on WINDOWS (1779389475f5b1b6a39a0869e4513b02)] -> xpath: //button[contains(text(),'Logout')]]
verify tab[[ChromeDriver: chrome on WINDOWS (1779389475f5b1b6a39a0869e4513b02)] -> xpath: //button[contains(text(),'Logout')]]
verify tab[[ChromeDriver: chrome on WINDOWS (1779389475f5b1b6a39a0869e4513b02)] -> xpath: //button[contains(text(),'Logout')]]
verify tab[[ChromeDriver: chrome on WINDOWS (1779389475f5b1b6a39a0869e4513b02)] -> xpath: //button[contains(text(),'Logout')]]
verify tab[[ChromeDriver: chrome on WINDOWS (1779389475f5b1b6a39a0869e4513b02)] -> xpath: //button[contains(text(),'Logout')]]
verify tab[[ChromeDriver: chrome on WINDOWS (1779389475f5b1b6a39a0869e4513b02)] -> xpath: //button[contains(text(),'Logout')]]
verify tab[[ChromeDriver: chrome on WINDOWS (1779389475f5b1b6a39a0869e4513b02)] -> xpath: //button[contains(text(),'Logout')]]
verify tab[[ChromeDriver: chrome on WINDOWS (1779389475f5b1b6a39a0869e4513b02)] -> xpath: //button[contains(text(),'Logout')]]
verify tab[[ChromeDriver: chrome on WINDOWS (1779389475f5b1b6a39a0869e4513b02)] -> xpath: //button[contains(text(),'Logout')]]
verify tab[[ChromeDriver: chrome on WINDOWS (1779389475f5b1b6a39a0869e4513b02)] -> xpath: //button[contains(text(),'Logout')]]
verify tab[[ChromeDriver: chrome on WINDOWS (1779389475f5b1b6a39a0869e4513b02)] -> xpath: //button[contains(text(),'Logout')]]
verify tab[[ChromeDriver: chrome on WINDOWS (1779389475f5b1b6a39a0869e4513b02)] -> xpath: //button[contains(text(),'Logout')]]
verify tab[[ChromeDriver: chrome on WINDOWS (1779389475f5b1b6a39a0869e4513b02)] -> xpath: //button[contains(text(),'Logout')]]
verify tab[[ChromeDriver: chrome on WINDOWS (1779389475f5b1b6a39a0869e4513b02)] -> xpath: //button[contains(text(),'Logout')]]
verify tab[[ChromeDriver: chrome on WINDOWS (1779389475f5b1b6a39a0869e4513b02)] -> xpath: //button[contains(text(),'Logout')]]
verify tab[[ChromeDriver: chrome on WINDOWS (1779389475f5b1b6a39a0869e4513b02)] -> xpath: //button[contains(text(),'Logout')]]
verify tab[[ChromeDriver: chrome on WINDOWS (1779389475f5b1b6a39a0869e4513b02)] -> xpath: //button[contains(text(),'Logout')]]
verify tab[[ChromeDriver: chrome on WINDOWS (1779389475f5b1b6a39a0869e4513b02)] -> xpath: //button[contains(text(),'Logout')]]
verify tab[[ChromeDriver: chrome on WINDOWS (1779389475f5b1b6a39a0869e4513b02)] -> xpath: //button[contains(text(),'Logout')]]
verify tab[[ChromeDriver: chrome on WINDOWS (1779389475f5b1b6a39a0869e4513b02)] -> xpath: //button[contains(text(),'Logout')]]
verify tab[[ChromeDriver: chrome on WINDOWS (1779389475f5b1b6a39a0869e4513b02)] -> xpath: //button[contains(text(),'Logout')]]
verify tab[[ChromeDriver: chrome on WINDOWS (1779389475f5b1b6a39a0869e4513b02)] -> xpath: //button[contains(text(),'Logout')]]
verify tab[[ChromeDriver: chrome on WINDOWS (1779389475f5b1b6a39a0869e4513b02)] -> xpath: //button[contains(text(),'Logout')]]
verify tab[[ChromeDriver: chrome on WINDOWS (1779389475f5b1b6a39a0869e4513b02)] -> xpath: //button[contains(text(),'Logout')]]
verify tab[[ChromeDriver: chrome on WINDOWS (1779389475f5b1b6a39a0869e4513b02)] -> xpath: //button[contains(text(),'Logout')]]
verify tab[[ChromeDriver: chrome on WINDOWS (1779389475f5b1b6a39a0869e4513b02)] -> xpath: //button[contains(text(),'Logout')]]
verify tab[[ChromeDriver: chrome on WINDOWS (1779389475f5b1b6a39a0869e4513b02)] -> xpath: //button[contains(text(),'Logout')]]
verify tab[[ChromeDriver: chrome on WINDOWS (1779389475f5b1b6a39a0869e4513b02)] -> xpath: //button[contains(text(),'Logout')]]
verify tab[[ChromeDriver: chrome on WINDOWS (1779389475f5b1b6a39a0869e4513b02)] -> xpath: //button[contains(text(),'Logout')]]
verify tab[[ChromeDriver: chrome on WINDOWS (1779389475f5b1b6a39a0869e4513b02)] -> xpath: //button[contains(text(),'Logout')]]
verify tab[[ChromeDriver: chrome on WINDOWS (1779389475f5b1b6a39a0869e4513b02)] -> xpath: //button[contains(text(),'Logout')]]
verify tab[[ChromeDriver: chrome on WINDOWS (1779389475f5b1b6a39a0869e4513b02)] -> xpath: //button[contains(text(),'Logout')]]
verify tab[[ChromeDriver: chrome on WINDOWS (1779389475f5b1b6a39a0869e4513b02)] -> xpath: //button[contains(text(),'Logout')]]
verify tab[[ChromeDriver: chrome on WINDOWS (1779389475f5b1b6a39a0869e4513b02)] -> xpath: //button[contains(text(),'Logout')]]
verify tab[[ChromeDriver: chrome on WINDOWS (1779389475f5b1b6a39a0869e4513b02)] -> xpath: //button[contains(text(),'Logout')]]
verify tab[[ChromeDriver: chrome on WINDOWS (1779389475f5b1b6a39a0869e4513b02)] -> xpath: //button[contains(text(),'Logout')]]
verify tab[[ChromeDriver: chrome on WINDOWS (1779389475f5b1b6a39a0869e4513b02)] -> xpath: //button[contains(text(),'Logout')]]
verify tab[[ChromeDriver: chrome on WINDOWS (1779389475f5b1b6a39a0869e4513b02)] -> xpath: //button[contains(text(),'Logout')]]
verify tab[[ChromeDriver: chrome on WINDOWS (1779389475f5b1b6a39a0869e4513b02)] -> xpath: //button[contains(text(),'Logout')]]
verify tab[[ChromeDriver: chrome on WINDOWS (1779389475f5b1b6a39a0869e4513b02)] -> xpath: //button[contains(text(),'Logout')]]
verify tab[[ChromeDriver: chrome on WINDOWS (1779389475f5b1b6a39a0869e4513b02)] -> xpath: //button[contains(text(),'Logout')]]
verify tab[[ChromeDriver: chrome on WINDOWS (1779389475f5b1b6a39a0869e4513b02)] -> xpath: //button[contains(text(),'Logout')]]
verify tab[[ChromeDriver: chrome on WINDOWS (1779389475f5b1b6a39a0869e4513b02)] -> xpath: //button[contains(text(),'Logout')]]
verify tab[[ChromeDriver: chrome on WINDOWS (1779389475f5b1b6a39a0869e4513b02)] -> xpath: //button[contains(text(),'Logout')]]
verify tab[[ChromeDriver: chrome on WINDOWS (1779389475f5b1b6a39a0869e4513b02)] -> xpath: //button[contains(text(),'Logout')]]
verify tab[[ChromeDriver: chrome on WINDOWS (1779389475f5b1b6a39a0869e4513b02)] -> xpath: //button[contains(text(),'Logout')]]
verify tab[[ChromeDriver: chrome on WINDOWS (1779389475f5b1b6a39a0869e4513b02)] -> xpath: //button[contains(text(),'Logout')]]
verify tab[[ChromeDriver: chrome on WINDOWS (1779389475f5b1b6a39a0869e4513b02)] -> xpath: //button[contains(text(),'Logout')]]
verify tab[[ChromeDriver: chrome on WINDOWS (1779389475f5b1b6a39a0869e4513b02)] -> xpath: //button[contains(text(),'Logout')]]
verify tab[[ChromeDriver: chrome on WINDOWS (1779389475f5b1b6a39a0869e4513b02)] -> xpath: //button[contains(text(),'Logout')]]
verify tab[[ChromeDriver: chrome on WINDOWS (1779389475f5b1b6a39a0869e4513b02)] -> xpath: //button[contains(text(),'Logout')]]
verify tab[[ChromeDriver: chrome on WINDOWS (1779389475f5b1b6a39a0869e4513b02)] -> xpath: //button[contains(text(),'Logout')]]
verify tab[[ChromeDriver: chrome on WINDOWS (1779389475f5b1b6a39a0869e4513b02)] -> xpath: //button[contains(text(),'Logout')]]
verify tab[[ChromeDriver: chrome on WINDOWS (1779389475f5b1b6a39a0869e4513b02)] -> xpath: //button[contains(text(),'Logout')]]
verify tab[[ChromeDriver: chrome on WINDOWS (1779389475f5b1b6a39a0869e4513b02)] -> xpath: //button[contains(text(),'Logout')]]
verify tab[[ChromeDriver: chrome on WINDOWS (1779389475f5b1b6a39a0869e4513b02)] -> xpath: //button[contains(text(),'Logout')]]
verify tab[[ChromeDriver: chrome on WINDOWS (1779389475f5b1b6a39a0869e4513b02)] -> xpath: //button[contains(text(),'Logout')]]
verify tab[[ChromeDriver: chrome on WINDOWS (1779389475f5b1b6a39a0869e4513b02)] -> xpath: //button[contains(text(),'Logout')]]
verify tab[[ChromeDriver: chrome on WINDOWS (1779389475f5b1b6a39a0869e4513b02)] -> xpath: //button[contains(text(),'Logout')]]
verify tab[[ChromeDriver: chrome on WINDOWS (1779389475f5b1b6a39a0869e4513b02)] -> xpath: //button[contains(text(),'Logout')]]
verify tab[[ChromeDriver: chrome on WINDOWS (1779389475f5b1b6a39a0869e4513b02)] -> xpath: //button[contains(text(),'Logout')]]
verify tab[[ChromeDriver: chrome on WINDOWS (1779389475f5b1b6a39a0869e4513b02)] -> xpath: //button[contains(text(),'Logout')]]
verify tab[[ChromeDriver: chrome on WINDOWS (1779389475f5b1b6a39a0869e4513b02)] -> xpath: //button[contains(text(),'Logout')]]
verify tab[[ChromeDriver: chrome on WINDOWS (1779389475f5b1b6a39a0869e4513b02)] -> xpath: //button[contains(text(),'Logout')]]
verify tab[[ChromeDriver: chrome on WINDOWS (1779389475f5b1b6a39a0869e4513b02)] -> xpath: //button[contains(text(),'Logout')]]
verify tab[[ChromeDriver: chrome on WINDOWS (1779389475f5b1b6a39a0869e4513b02)] -> xpath: //button[contains(text(),'Logout')]]
verify tab[[ChromeDriver: chrome on WINDOWS (1779389475f5b1b6a39a0869e4513b02)] -> xpath: //button[contains(text(),'Logout')]]
verify tab[[ChromeDriver: chrome on WINDOWS (1779389475f5b1b6a39a0869e4513b02)] -> xpath: //button[contains(text(),'Logout')]]
verify tab[[ChromeDriver: chrome on WINDOWS (1779389475f5b1b6a39a0869e4513b02)] -> xpath: //button[contains(text(),'Logout')]]
verify tab[[ChromeDriver: chrome on WINDOWS (1779389475f5b1b6a39a0869e4513b02)] -> xpath: //button[contains(text(),'Logout')]]
verify tab[[ChromeDriver: chrome on WINDOWS (1779389475f5b1b6a39a0869e4513b02)] -> xpath: //button[contains(text(),'Logout')]]
verify tab[[ChromeDriver: chrome on WINDOWS (1779389475f5b1b6a39a0869e4513b02)] -> xpath: //button[contains(text(),'Logout')]]
verify tab[[ChromeDriver: chrome on WINDOWS (1779389475f5b1b6a39a0869e4513b02)] -> xpath: //button[contains(text(),'Logout')]]
verify tab[[ChromeDriver: chrome on WINDOWS (1779389475f5b1b6a39a0869e4513b02)] -> xpath: //button[contains(text(),'Logout')]]
verify tab[[ChromeDriver: chrome on WINDOWS (1779389475f5b1b6a39a0869e4513b02)] -> xpath: //button[contains(text(),'Logout')]]
verify tab[[ChromeDriver: chrome on WINDOWS (1779389475f5b1b6a39a0869e4513b02)] -> xpath: //button[contains(text(),'Logout')]]
verify tab[[ChromeDriver: chrome on WINDOWS (1779389475f5b1b6a39a0869e4513b02)] -> xpath: //button[contains(text(),'Logout')]]
verify tab[[ChromeDriver: chrome on WINDOWS (1779389475f5b1b6a39a0869e4513b02)] -> xpath: //button[contains(text(),'Logout')]]
verify tab[[ChromeDriver: chrome on WINDOWS (1779389475f5b1b6a39a0869e4513b02)] -> xpath: //button[contains(text(),'Logout')]]
verify tab[[ChromeDriver: chrome on WINDOWS (1779389475f5b1b6a39a0869e4513b02)] -> xpath: //button[contains(text(),'Logout')]]
verify tab[[ChromeDriver: chrome on WINDOWS (1779389475f5b1b6a39a0869e4513b02)] -> xpath: //button[contains(text(),'Logout')]]
verify tab[[ChromeDriver: chrome on WINDOWS (1779389475f5b1b6a39a0869e4513b02)] -> xpath: //button[contains(text(),'Logout')]]
verify tab[[ChromeDriver: chrome on WINDOWS (1779389475f5b1b6a39a0869e4513b02)] -> xpath: //button[contains(text(),'Logout')]]
verify tab[[ChromeDriver: chrome on WINDOWS (1779389475f5b1b6a39a0869e4513b02)] -> xpath: //button[contains(text(),'Logout')]]
verify tab[[ChromeDriver: chrome on WINDOWS (1779389475f5b1b6a39a0869e4513b02)] -> xpath: //button[contains(text(),'Logout')]]
verify tab[[ChromeDriver: chrome on WINDOWS (1779389475f5b1b6a39a0869e4513b02)] -> xpath: //button[contains(text(),'Logout')]]
verify tab[[ChromeDriver: chrome on WINDOWS (1779389475f5b1b6a39a0869e4513b02)] -> xpath: //button[contains(text(),'Logout')]]
verify tab[[ChromeDriver: chrome on WINDOWS (1779389475f5b1b6a39a0869e4513b02)] -> xpath: //button[contains(text(),'Logout')]]
verify tab[[ChromeDriver: chrome on WINDOWS (1779389475f5b1b6a39a0869e4513b02)] -> xpath: //button[contains(text(),'Logout')]]
verify tab[[ChromeDriver: chrome on WINDOWS (1779389475f5b1b6a39a0869e4513b02)] -> xpath: //button[contains(text(),'Logout')]]
verify tab[[ChromeDriver: chrome on WINDOWS (1779389475f5b1b6a39a0869e4513b02)] -> xpath: //button[contains(text(),'Logout')]]
verify tab[[ChromeDriver: chrome on WINDOWS (1779389475f5b1b6a39a0869e4513b02)] -> xpath: //button[contains(text(),'Logout')]]
verify tab[[ChromeDriver: chrome on WINDOWS (1779389475f5b1b6a39a0869e4513b02)] -> xpath: //button[contains(text(),'Logout')]]
verify tab[[ChromeDriver: chrome on WINDOWS (1779389475f5b1b6a39a0869e4513b02)] -> xpath: //button[contains(text(),'Logout')]]
verify tab[[ChromeDriver: chrome on WINDOWS (1779389475f5b1b6a39a0869e4513b02)] -> xpath: //button[contains(text(),'Logout')]]
verify tab[[ChromeDriver: chrome on WINDOWS (1779389475f5b1b6a39a0869e4513b02)] -> xpath: //button[contains(text(),'Logout')]]
verify tab[[ChromeDriver: chrome on WINDOWS (1779389475f5b1b6a39a0869e4513b02)] -> xpath: //button[contains(text(),'Logout')]]
verify tab[[ChromeDriver: chrome on WINDOWS (1779389475f5b1b6a39a0869e4513b02)] -> xpath: //button[contains(text(),'Logout')]]
verify tab[[ChromeDriver: chrome on WINDOWS (1779389475f5b1b6a39a0869e4513b02)] -> xpath: //button[contains(text(),'Logout')]]
verify tab[[ChromeDriver: chrome on WINDOWS (1779389475f5b1b6a39a0869e4513b02)] -> xpath: //button[contains(text(),'Logout')]]
verify tab[[ChromeDriver: chrome on WINDOWS (1779389475f5b1b6a39a0869e4513b02)] -> xpath: //button[contains(text(),'Logout')]]
verify tab[[ChromeDriver: chrome on WINDOWS (1779389475f5b1b6a39a0869e4513b02)] -> xpath: //button[contains(text(),'Logout')]]
verify tab[[ChromeDriver: chrome on WINDOWS (1779389475f5b1b6a39a0869e4513b02)] -> xpath: //button[contains(text(),'Logout')]]
verify tab[[ChromeDriver: chrome on WINDOWS (1779389475f5b1b6a39a0869e4513b02)] -> xpath: //button[contains(text(),'Logout')]]
verify tab[[ChromeDriver: chrome on WINDOWS (1779389475f5b1b6a39a0869e4513b02)] -> xpath: //button[contains(text(),'Logout')]]
verify tab[[ChromeDriver: chrome on WINDOWS (1779389475f5b1b6a39a0869e4513b02)] -> xpath: //button[contains(text(),'Logout')]]
verify tab[[ChromeDriver: chrome on WINDOWS (1779389475f5b1b6a39a0869e4513b02)] -> xpath: //button[contains(text(),'Logout')]]
verify tab[[ChromeDriver: chrome on WINDOWS (1779389475f5b1b6a39a0869e4513b02)] -> xpath: //button[contains(text(),'Logout')]]
verify tab[[ChromeDriver: chrome on WINDOWS (1779389475f5b1b6a39a0869e4513b02)] -> xpath: //button[contains(text(),'Logout')]]
verify tab[[ChromeDriver: chrome on WINDOWS (1779389475f5b1b6a39a0869e4513b02)] -> xpath: //button[contains(text(),'Logout')]]
verify tab[[ChromeDriver: chrome on WINDOWS (1779389475f5b1b6a39a0869e4513b02)] -> xpath: //button[contains(text(),'Logout')]]
verify tab[[ChromeDriver: chrome on WINDOWS (1779389475f5b1b6a39a0869e4513b02)] -> xpath: //button[contains(text(),'Logout')]]
verify tab[[ChromeDriver: chrome on WINDOWS (1779389475f5b1b6a39a0869e4513b02)] -> xpath: //button[contains(text(),'Logout')]]
verify tab[[ChromeDriver: chrome on WINDOWS (1779389475f5b1b6a39a0869e4513b02)] -> xpath: //button[contains(text(),'Logout')]]
verify tab[[ChromeDriver: chrome on WINDOWS (1779389475f5b1b6a39a0869e4513b02)] -> xpath: //button[contains(text(),'Logout')]]
verify tab[[ChromeDriver: chrome on WINDOWS (1779389475f5b1b6a39a0869e4513b02)] -> xpath: //button[contains(text(),'Logout')]]
verify tab[[ChromeDriver: chrome on WINDOWS (1779389475f5b1b6a39a0869e4513b02)] -> xpath: //button[contains(text(),'Logout')]]
verify tab[[ChromeDriver: chrome on WINDOWS (1779389475f5b1b6a39a0869e4513b02)] -> xpath: //button[contains(text(),'Logout')]]
verify tab[[ChromeDriver: chrome on WINDOWS (1779389475f5b1b6a39a0869e4513b02)] -> xpath: //button[contains(text(),'Logout')]]
verify tab[[ChromeDriver: chrome on WINDOWS (1779389475f5b1b6a39a0869e4513b02)] -> xpath: //button[contains(text(),'Logout')]]
verify tab[[ChromeDriver: chrome on WINDOWS (1779389475f5b1b6a39a0869e4513b02)] -> xpath: //button[contains(text(),'Logout')]]
verify tab[[ChromeDriver: chrome on WINDOWS (1779389475f5b1b6a39a0869e4513b02)] -> xpath: //button[contains(text(),'Logout')]]
verify tab[[ChromeDriver: chrome on WINDOWS (1779389475f5b1b6a39a0869e4513b02)] -> xpath: //button[contains(text(),'Logout')]]
verify tab[[ChromeDriver: chrome on WINDOWS (1779389475f5b1b6a39a0869e4513b02)] -> xpath: //button[contains(text(),'Logout')]]
verify tab[[ChromeDriver: chrome on WINDOWS (1779389475f5b1b6a39a0869e4513b02)] -> xpath: //button[contains(text(),'Logout')]]
verify tab[[ChromeDriver: chrome on WINDOWS (1779389475f5b1b6a39a0869e4513b02)] -> xpath: //button[contains(text(),'Logout')]]
verify tab[[ChromeDriver: chrome on WINDOWS (1779389475f5b1b6a39a0869e4513b02)] -> xpath: //button[contains(text(),'Logout')]]
verify tab[[ChromeDriver: chrome on WINDOWS (1779389475f5b1b6a39a0869e4513b02)] -> xpath: //button[contains(text(),'Logout')]]
verify tab[[ChromeDriver: chrome on WINDOWS (1779389475f5b1b6a39a0869e4513b02)] -> xpath: //button[contains(text(),'Logout')]]
verify tab[[ChromeDriver: chrome on WINDOWS (1779389475f5b1b6a39a0869e4513b02)] -> xpath: //button[contains(text(),'Logout')]]
verify tab[[ChromeDriver: chrome on WINDOWS (1779389475f5b1b6a39a0869e4513b02)] -> xpath: //button[contains(text(),'Logout')]]
verify tab[[ChromeDriver: chrome on WINDOWS (1779389475f5b1b6a39a0869e4513b02)] -> xpath: //button[contains(text(),'Logout')]]
verify tab[[ChromeDriver: chrome on WINDOWS (1779389475f5b1b6a39a0869e4513b02)] -> xpath: //button[contains(text(),'Logout')]]
verify tab[[ChromeDriver: chrome on WINDOWS (1779389475f5b1b6a39a0869e4513b02)] -> xpath: //button[contains(text(),'Logout')]]
verify tab[[ChromeDriver: chrome on WINDOWS (1779389475f5b1b6a39a0869e4513b02)] -> xpath: //button[contains(text(),'Logout')]]
verify tab[[ChromeDriver: chrome on WINDOWS (1779389475f5b1b6a39a0869e4513b02)] -> xpath: //button[contains(text(),'Logout')]]
verify tab[[ChromeDriver: chrome on WINDOWS (1779389475f5b1b6a39a0869e4513b02)] -> xpath: //button[contains(text(),'Logout')]]
verify tab[[ChromeDriver: chrome on WINDOWS (1779389475f5b1b6a39a0869e4513b02)] -> xpath: //button[contains(text(),'Logout')]]
verify tab[[ChromeDriver: chrome on WINDOWS (1779389475f5b1b6a39a0869e4513b02)] -> xpath: //button[contains(text(),'Logout')]]
verify tab[[ChromeDriver: chrome on WINDOWS (1779389475f5b1b6a39a0869e4513b02)] -> xpath: //button[contains(text(),'Logout')]]
verify tab[[ChromeDriver: chrome on WINDOWS (1779389475f5b1b6a39a0869e4513b02)] -> xpath: //button[contains(text(),'Logout')]]
verify tab[[ChromeDriver: chrome on WINDOWS (1779389475f5b1b6a39a0869e4513b02)] -> xpath: //button[contains(text(),'Logout')]]
verify tab[[ChromeDriver: chrome on WINDOWS (1779389475f5b1b6a39a0869e4513b02)] -> xpath: //button[contains(text(),'Logout')]]
verify tab[[ChromeDriver: chrome on WINDOWS (1779389475f5b1b6a39a0869e4513b02)] -> xpath: //button[contains(text(),'Logout')]]
verify tab[[ChromeDriver: chrome on WINDOWS (1779389475f5b1b6a39a0869e4513b02)] -> xpath: //button[contains(text(),'Logout')]]
verify tab[[ChromeDriver: chrome on WINDOWS (1779389475f5b1b6a39a0869e4513b02)] -> xpath: //button[contains(text(),'Logout')]]
verify tab[[ChromeDriver: chrome on WINDOWS (1779389475f5b1b6a39a0869e4513b02)] -> xpath: //button[contains(text(),'Logout')]]
verify tab[[ChromeDriver: chrome on WINDOWS (1779389475f5b1b6a39a0869e4513b02)] -> xpath: //button[contains(text(),'Logout')]]
verify tab[[ChromeDriver: chrome on WINDOWS (1779389475f5b1b6a39a0869e4513b02)] -> xpath: //button[contains(text(),'Logout')]]
verify tab[[ChromeDriver: chrome on WINDOWS (1779389475f5b1b6a39a0869e4513b02)] -> xpath: //button[contains(text(),'Logout')]]
verify tab[[ChromeDriver: chrome on WINDOWS (1779389475f5b1b6a39a0869e4513b02)] -> xpath: //button[contains(text(),'Logout')]]
verify tab[[ChromeDriver: chrome on WINDOWS (1779389475f5b1b6a39a0869e4513b02)] -> xpath: //button[contains(text(),'Logout')]]
verify tab[[ChromeDriver: chrome on WINDOWS (1779389475f5b1b6a39a0869e4513b02)] -> xpath: //button[contains(text(),'Logout')]]
verify tab[[ChromeDriver: chrome on WINDOWS (1779389475f5b1b6a39a0869e4513b02)] -> xpath: //button[contains(text(),'Logout')]]
verify tab[[ChromeDriver: chrome on WINDOWS (1779389475f5b1b6a39a0869e4513b02)] -> xpath: //button[contains(text(),'Logout')]]
verify tab[[ChromeDriver: chrome on WINDOWS (1779389475f5b1b6a39a0869e4513b02)] -> xpath: //button[contains(text(),'Logout')]]
verify tab[[ChromeDriver: chrome on WINDOWS (1779389475f5b1b6a39a0869e4513b02)] -> xpath: //button[contains(text(),'Logout')]]
verify tab[[ChromeDriver: chrome on WINDOWS (1779389475f5b1b6a39a0869e4513b02)] -> xpath: //button[contains(text(),'Logout')]]
verify tab[[ChromeDriver: chrome on WINDOWS (1779389475f5b1b6a39a0869e4513b02)] -> xpath: //button[contains(text(),'Logout')]]
verify tab[[ChromeDriver: chrome on WINDOWS (1779389475f5b1b6a39a0869e4513b02)] -> xpath: //button[contains(text(),'Logout')]]
verify tab[[ChromeDriver: chrome on WINDOWS (1779389475f5b1b6a39a0869e4513b02)] -> xpath: //button[contains(text(),'Logout')]]
verify tab[[ChromeDriver: chrome on WINDOWS (1779389475f5b1b6a39a0869e4513b02)] -> xpath: //button[contains(text(),'Logout')]]
verify tab[[ChromeDriver: chrome on WINDOWS (1779389475f5b1b6a39a0869e4513b02)] -> xpath: //button[contains(text(),'Logout')]]
verify tab[[ChromeDriver: chrome on WINDOWS (1779389475f5b1b6a39a0869e4513b02)] -> xpath: //button[contains(text(),'Logout')]]
verify tab[[ChromeDriver: chrome on WINDOWS (1779389475f5b1b6a39a0869e4513b02)] -> xpath: //button[contains(text(),'Logout')]]
verify tab[[ChromeDriver: chrome on WINDOWS (1779389475f5b1b6a39a0869e4513b02)] -> xpath: //button[contains(text(),'Logout')]]
verify tab[[ChromeDriver: chrome on WINDOWS (1779389475f5b1b6a39a0869e4513b02)] -> xpath: //button[contains(text(),'Logout')]]
verify tab[[ChromeDriver: chrome on WINDOWS (1779389475f5b1b6a39a0869e4513b02)] -> xpath: //button[contains(text(),'Logout')]]
verify tab[[ChromeDriver: chrome on WINDOWS (1779389475f5b1b6a39a0869e4513b02)] -> xpath: //button[contains(text(),'Logout')]]
verify tab[[ChromeDriver: chrome on WINDOWS (1779389475f5b1b6a39a0869e4513b02)] -> xpath: //button[contains(text(),'Logout')]]
verify tab[[ChromeDriver: chrome on WINDOWS (1779389475f5b1b6a39a0869e4513b02)] -> xpath: //button[contains(text(),'Logout')]]
verify tab[[ChromeDriver: chrome on WINDOWS (1779389475f5b1b6a39a0869e4513b02)] -> xpath: //button[contains(text(),'Logout')]]
verify tab[[ChromeDriver: chrome on WINDOWS (1779389475f5b1b6a39a0869e4513b02)] -> xpath: //button[contains(text(),'Logout')]]
verify tab[[ChromeDriver: chrome on WINDOWS (1779389475f5b1b6a39a0869e4513b02)] -> xpath: //button[contains(text(),'Logout')]]
verify tab[[ChromeDriver: chrome on WINDOWS (1779389475f5b1b6a39a0869e4513b02)] -> xpath: //button[contains(text(),'Logout')]]
verify tab[[ChromeDriver: chrome on WINDOWS (1779389475f5b1b6a39a0869e4513b02)] -> xpath: //button[contains(text(),'Logout')]]
verify tab[[ChromeDriver: chrome on WINDOWS (1779389475f5b1b6a39a0869e4513b02)] -> xpath: //button[contains(text(),'Logout')]]
verify tab[[ChromeDriver: chrome on WINDOWS (1779389475f5b1b6a39a0869e4513b02)] -> xpath: //button[contains(text(),'Logout')]]
verify tab[[ChromeDriver: chrome on WINDOWS (1779389475f5b1b6a39a0869e4513b02)] -> xpath: //button[contains(text(),'Logout')]]
verify tab[[ChromeDriver: chrome on WINDOWS (1779389475f5b1b6a39a0869e4513b02)] -> xpath: //button[contains(text(),'Logout')]]
verify tab[[ChromeDriver: chrome on WINDOWS (1779389475f5b1b6a39a0869e4513b02)] -> xpath: //button[contains(text(),'Logout')]]
verify tab[[ChromeDriver: chrome on WINDOWS (1779389475f5b1b6a39a0869e4513b02)] -> xpath: //button[contains(text(),'Logout')]]
verify tab[[ChromeDriver: chrome on WINDOWS (1779389475f5b1b6a39a0869e4513b02)] -> xpath: //button[contains(text(),'Logout')]]
verify tab[[ChromeDriver: chrome on WINDOWS (1779389475f5b1b6a39a0869e4513b02)] -> xpath: //button[contains(text(),'Logout')]]
verify tab[[ChromeDriver: chrome on WINDOWS (1779389475f5b1b6a39a0869e4513b02)] -> xpath: //button[contains(text(),'Logout')]]
verify tab[[ChromeDriver: chrome on WINDOWS (1779389475f5b1b6a39a0869e4513b02)] -> xpath: //button[contains(text(),'Logout')]]
verify tab[[ChromeDriver: chrome on WINDOWS (1779389475f5b1b6a39a0869e4513b02)] -> xpath: //button[contains(text(),'Logout')]]
verify tab[[ChromeDriver: chrome on WINDOWS (1779389475f5b1b6a39a0869e4513b02)] -> xpath: //button[contains(text(),'Logout')]]
verify tab[[ChromeDriver: chrome on WINDOWS (1779389475f5b1b6a39a0869e4513b02)] -> xpath: //button[contains(text(),'Logout')]]
verify tab[[ChromeDriver: chrome on WINDOWS (1779389475f5b1b6a39a0869e4513b02)] -> xpath: //button[contains(text(),'Logout')]]
verify tab[[ChromeDriver: chrome on WINDOWS (1779389475f5b1b6a39a0869e4513b02)] -> xpath: //button[contains(text(),'Logout')]]
verify tab[[ChromeDriver: chrome on WINDOWS (1779389475f5b1b6a39a0869e4513b02)] -> xpath: //button[contains(text(),'Logout')]]
verify tab[[ChromeDriver: chrome on WINDOWS (1779389475f5b1b6a39a0869e4513b02)] -> xpath: //button[contains(text(),'Logout')]]
verify tab[[ChromeDriver: chrome on WINDOWS (1779389475f5b1b6a39a0869e4513b02)] -> xpath: //button[contains(text(),'Logout')]]
verify tab[[ChromeDriver: chrome on WINDOWS (1779389475f5b1b6a39a0869e4513b02)] -> xpath: //button[contains(text(),'Logout')]]
verify tab[[ChromeDriver: chrome on WINDOWS (1779389475f5b1b6a39a0869e4513b02)] -> xpath: //button[contains(text(),'Logout')]]
verify tab[[ChromeDriver: chrome on WINDOWS (1779389475f5b1b6a39a0869e4513b02)] -> xpath: //button[contains(text(),'Logout')]]
verify tab[[ChromeDriver: chrome on WINDOWS (1779389475f5b1b6a39a0869e4513b02)] -> xpath: //button[contains(text(),'Logout')]]
verify tab[[ChromeDriver: chrome on WINDOWS (1779389475f5b1b6a39a0869e4513b02)] -> xpath: //button[contains(text(),'Logout')]]
verify tab[[ChromeDriver: chrome on WINDOWS (1779389475f5b1b6a39a0869e4513b02)] -> xpath: //button[contains(text(),'Logout')]]
verify tab[[ChromeDriver: chrome on WINDOWS (1779389475f5b1b6a39a0869e4513b02)] -> xpath: //button[contains(text(),'Logout')]]
verify tab[[ChromeDriver: chrome on WINDOWS (1779389475f5b1b6a39a0869e4513b02)] -> xpath: //button[contains(text(),'Logout')]]
verify tab[[ChromeDriver: chrome on WINDOWS (1779389475f5b1b6a39a0869e4513b02)] -> xpath: //button[contains(text(),'Logout')]]
verify tab[[ChromeDriver: chrome on WINDOWS (1779389475f5b1b6a39a0869e4513b02)] -> xpath: //button[contains(text(),'Logout')]]
verify tab[[ChromeDriver: chrome on WINDOWS (1779389475f5b1b6a39a0869e4513b02)] -> xpath: //button[contains(text(),'Logout')]]
verify tab[[ChromeDriver: chrome on WINDOWS (1779389475f5b1b6a39a0869e4513b02)] -> xpath: //button[contains(text(),'Logout')]]
verify tab[[ChromeDriver: chrome on WINDOWS (1779389475f5b1b6a39a0869e4513b02)] -> xpath: //button[contains(text(),'Logout')]]
verify tab[[ChromeDriver: chrome on WINDOWS (1779389475f5b1b6a39a0869e4513b02)] -> xpath: //button[contains(text(),'Logout')]]
verify tab[[ChromeDriver: chrome on WINDOWS (1779389475f5b1b6a39a0869e4513b02)] -> xpath: //button[contains(text(),'Logout')]]
verify tab[[ChromeDriver: chrome on WINDOWS (1779389475f5b1b6a39a0869e4513b02)] -> xpath: //button[contains(text(),'Logout')]]
verify tab[[ChromeDriver: chrome on WINDOWS (1779389475f5b1b6a39a0869e4513b02)] -> xpath: //button[contains(text(),'Logout')]]
verify tab[[ChromeDriver: chrome on WINDOWS (1779389475f5b1b6a39a0869e4513b02)] -> xpath: //button[contains(text(),'Logout')]]
verify tab[[ChromeDriver: chrome on WINDOWS (1779389475f5b1b6a39a0869e4513b02)] -> xpath: //button[contains(text(),'Logout')]]
verify tab[[ChromeDriver: chrome on WINDOWS (1779389475f5b1b6a39a0869e4513b02)] -> xpath: //button[contains(text(),'Logout')]]
verify tab[[ChromeDriver: chrome on WINDOWS (1779389475f5b1b6a39a0869e4513b02)] -> xpath: //button[contains(text(),'Logout')]]
verify tab[[ChromeDriver: chrome on WINDOWS (1779389475f5b1b6a39a0869e4513b02)] -> xpath: //button[contains(text(),'Logout')]]
verify tab[[ChromeDriver: chrome on WINDOWS (1779389475f5b1b6a39a0869e4513b02)] -> xpath: //button[contains(text(),'Logout')]]
verify tab[[ChromeDriver: chrome on WINDOWS (1779389475f5b1b6a39a0869e4513b02)] -> xpath: //button[contains(text(),'Logout')]]
verify tab[[ChromeDriver: chrome on WINDOWS (1779389475f5b1b6a39a0869e4513b02)] -> xpath: //button[contains(text(),'Logout')]]
verify tab[[ChromeDriver: chrome on WINDOWS (1779389475f5b1b6a39a0869e4513b02)] -> xpath: //button[contains(text(),'Logout')]]
verify tab[[ChromeDriver: chrome on WINDOWS (1779389475f5b1b6a39a0869e4513b02)] -> xpath: //button[contains(text(),'Logout')]]
verify tab[[ChromeDriver: chrome on WINDOWS (1779389475f5b1b6a39a0869e4513b02)] -> xpath: //button[contains(text(),'Logout')]]
verify tab[[ChromeDriver: chrome on WINDOWS (1779389475f5b1b6a39a0869e4513b02)] -> xpath: //button[contains(text(),'Logout')]]
verify tab[[ChromeDriver: chrome on WINDOWS (1779389475f5b1b6a39a0869e4513b02)] -> xpath: //button[contains(text(),'Logout')]]
verify tab[[ChromeDriver: chrome on WINDOWS (1779389475f5b1b6a39a0869e4513b02)] -> xpath: //button[contains(text(),'Logout')]]
verify tab[[ChromeDriver: chrome on WINDOWS (1779389475f5b1b6a39a0869e4513b02)] -> xpath: //button[contains(text(),'Logout')]]
verify tab[[ChromeDriver: chrome on WINDOWS (1779389475f5b1b6a39a0869e4513b02)] -> xpath: //button[contains(text(),'Logout')]]
verify tab[[ChromeDriver: chrome on WINDOWS (1779389475f5b1b6a39a0869e4513b02)] -> xpath: //button[contains(text(),'Logout')]]
verify tab[[ChromeDriver: chrome on WINDOWS (1779389475f5b1b6a39a0869e4513b02)] -> xpath: //button[contains(text(),'Logout')]]
verify tab[[ChromeDriver: chrome on WINDOWS (1779389475f5b1b6a39a0869e4513b02)] -> xpath: //button[contains(text(),'Logout')]]
verify tab[[ChromeDriver: chrome on WINDOWS (1779389475f5b1b6a39a0869e4513b02)] -> xpath: //button[contains(text(),'Logout')]]
verify tab[[ChromeDriver: chrome on WINDOWS (1779389475f5b1b6a39a0869e4513b02)] -> xpath: //button[contains(text(),'Logout')]]
verify tab[[ChromeDriver: chrome on WINDOWS (1779389475f5b1b6a39a0869e4513b02)] -> xpath: //button[contains(text(),'Logout')]]
verify tab[[ChromeDriver: chrome on WINDOWS (1779389475f5b1b6a39a0869e4513b02)] -> xpath: //button[contains(text(),'Logout')]]
verify tab[[ChromeDriver: chrome on WINDOWS (1779389475f5b1b6a39a0869e4513b02)] -> xpath: //button[contains(text(),'Logout')]]
verify tab[[ChromeDriver: chrome on WINDOWS (1779389475f5b1b6a39a0869e4513b02)] -> xpath: //button[contains(text(),'Logout')]]
verify tab[[ChromeDriver: chrome on WINDOWS (1779389475f5b1b6a39a0869e4513b02)] -> xpath: //button[contains(text(),'Logout')]]
verify tab[[ChromeDriver: chrome on WINDOWS (1779389475f5b1b6a39a0869e4513b02)] -> xpath: //button[contains(text(),'Logout')]]
verify tab[[ChromeDriver: chrome on WINDOWS (1779389475f5b1b6a39a0869e4513b02)] -> xpath: //button[contains(text(),'Logout')]]
verify tab[[ChromeDriver: chrome on WINDOWS (1779389475f5b1b6a39a0869e4513b02)] -> xpath: //button[contains(text(),'Logout')]]
verify tab[[ChromeDriver: chrome on WINDOWS (1779389475f5b1b6a39a0869e4513b02)] -> xpath: //button[contains(text(),'Logout')]]
verify tab[[ChromeDriver: chrome on WINDOWS (1779389475f5b1b6a39a0869e4513b02)] -> xpath: //button[contains(text(),'Logout')]]
verify tab[[ChromeDriver: chrome on WINDOWS (1779389475f5b1b6a39a0869e4513b02)] -> xpath: //button[contains(text(),'Logout')]]
verify tab[[ChromeDriver: chrome on WINDOWS (1779389475f5b1b6a39a0869e4513b02)] -> xpath: //button[contains(text(),'Logout')]]
verify tab[[ChromeDriver: chrome on WINDOWS (1779389475f5b1b6a39a0869e4513b02)] -> xpath: //button[contains(text(),'Logout')]]
verify tab[[ChromeDriver: chrome on WINDOWS (1779389475f5b1b6a39a0869e4513b02)] -> xpath: //button[contains(text(),'Logout')]]
verify tab[[ChromeDriver: chrome on WINDOWS (1779389475f5b1b6a39a0869e4513b02)] -> xpath: //button[contains(text(),'Logout')]]
verify tab[[ChromeDriver: chrome on WINDOWS (1779389475f5b1b6a39a0869e4513b02)] -> xpath: //button[contains(text(),'Logout')]]
verify tab[[ChromeDriver: chrome on WINDOWS (1779389475f5b1b6a39a0869e4513b02)] -> xpath: //button[contains(text(),'Logout')]]
verify tab[[ChromeDriver: chrome on WINDOWS (1779389475f5b1b6a39a0869e4513b02)] -> xpath: //button[contains(text(),'Logout')]]
verify tab[[ChromeDriver: chrome on WINDOWS (1779389475f5b1b6a39a0869e4513b02)] -> xpath: //button[contains(text(),'Logout')]]
verify tab[[ChromeDriver: chrome on WINDOWS (1779389475f5b1b6a39a0869e4513b02)] -> xpath: //button[contains(text(),'Logout')]]
verify tab[[ChromeDriver: chrome on WINDOWS (1779389475f5b1b6a39a0869e4513b02)] -> xpath: //button[contains(text(),'Logout')]]
verify tab[[ChromeDriver: chrome on WINDOWS (1779389475f5b1b6a39a0869e4513b02)] -> xpath: //button[contains(text(),'Logout')]]
verify tab[[ChromeDriver: chrome on WINDOWS (1779389475f5b1b6a39a0869e4513b02)] -> xpath: //button[contains(text(),'Logout')]]
verify tab[[ChromeDriver: chrome on WINDOWS (1779389475f5b1b6a39a0869e4513b02)] -> xpath: //button[contains(text(),'Logout')]]
verify tab[[ChromeDriver: chrome on WINDOWS (1779389475f5b1b6a39a0869e4513b02)] -> xpath: //button[contains(text(),'Logout')]]
verify tab[[ChromeDriver: chrome on WINDOWS (1779389475f5b1b6a39a0869e4513b02)] -> xpath: //button[contains(text(),'Logout')]]
verify tab[[ChromeDriver: chrome on WINDOWS (1779389475f5b1b6a39a0869e4513b02)] -> xpath: //button[contains(text(),'Logout')]]
verify tab[[ChromeDriver: chrome on WINDOWS (1779389475f5b1b6a39a0869e4513b02)] -> xpath: //button[contains(text(),'Logout')]]
verify tab[[ChromeDriver: chrome on WINDOWS (1779389475f5b1b6a39a0869e4513b02)] -> xpath: //button[contains(text(),'Logout')]]
verify tab[[ChromeDriver: chrome on WINDOWS (1779389475f5b1b6a39a0869e4513b02)] -> xpath: //button[contains(text(),'Logout')]]
verify tab[[ChromeDriver: chrome on WINDOWS (1779389475f5b1b6a39a0869e4513b02)] -> xpath: //button[contains(text(),'Logout')]]
verify tab[[ChromeDriver: chrome on WINDOWS (1779389475f5b1b6a39a0869e4513b02)] -> xpath: //button[contains(text(),'Logout')]]
verify tab[[ChromeDriver: chrome on WINDOWS (1779389475f5b1b6a39a0869e4513b02)] -> xpath: //button[contains(text(),'Logout')]]
verify tab[[ChromeDriver: chrome on WINDOWS (1779389475f5b1b6a39a0869e4513b02)] -> xpath: //button[contains(text(),'Logout')]]
verify tab[[ChromeDriver: chrome on WINDOWS (1779389475f5b1b6a39a0869e4513b02)] -> xpath: //button[contains(text(),'Logout')]]
verify tab[[ChromeDriver: chrome on WINDOWS (1779389475f5b1b6a39a0869e4513b02)] -> xpath: //button[contains(text(),'Logout')]]
verify tab[[ChromeDriver: chrome on WINDOWS (1779389475f5b1b6a39a0869e4513b02)] -> xpath: //button[contains(text(),'Logout')]]
verify tab[[ChromeDriver: chrome on WINDOWS (1779389475f5b1b6a39a0869e4513b02)] -> xpath: //button[contains(text(),'Logout')]]
verify tab[[ChromeDriver: chrome on WINDOWS (1779389475f5b1b6a39a0869e4513b02)] -> xpath: //button[contains(text(),'Logout')]]
verify tab[[ChromeDriver: chrome on WINDOWS (1779389475f5b1b6a39a0869e4513b02)] -> xpath: //button[contains(text(),'Logout')]]
verify tab[[ChromeDriver: chrome on WINDOWS (1779389475f5b1b6a39a0869e4513b02)] -> xpath: //button[contains(text(),'Logout')]]
verify tab[[ChromeDriver: chrome on WINDOWS (1779389475f5b1b6a39a0869e4513b02)] -> xpath: //button[contains(text(),'Logout')]]
verify tab[[ChromeDriver: chrome on WINDOWS (1779389475f5b1b6a39a0869e4513b02)] -> xpath: //button[contains(text(),'Logout')]]
verify tab[[ChromeDriver: chrome on WINDOWS (1779389475f5b1b6a39a0869e4513b02)] -> xpath: //button[contains(text(),'Logout')]]
verify tab[[ChromeDriver: chrome on WINDOWS (1779389475f5b1b6a39a0869e4513b02)] -> xpath: //button[contains(text(),'Logout')]]
verify tab[[ChromeDriver: chrome on WINDOWS (1779389475f5b1b6a39a0869e4513b02)] -> xpath: //button[contains(text(),'Logout')]]
verify tab[[ChromeDriver: chrome on WINDOWS (1779389475f5b1b6a39a0869e4513b02)] -> xpath: //button[contains(text(),'Logout')]]
verify tab[[ChromeDriver: chrome on WINDOWS (1779389475f5b1b6a39a0869e4513b02)] -> xpath: //button[contains(text(),'Logout')]]
verify tab[[ChromeDriver: chrome on WINDOWS (1779389475f5b1b6a39a0869e4513b02)] -> xpath: //button[contains(text(),'Logout')]]
verify tab[[ChromeDriver: chrome on WINDOWS (1779389475f5b1b6a39a0869e4513b02)] -> xpath: //button[contains(text(),'Logout')]]
verify tab[[ChromeDriver: chrome on WINDOWS (1779389475f5b1b6a39a0869e4513b02)] -> xpath: //button[contains(text(),'Logout')]]
verify tab[[ChromeDriver: chrome on WINDOWS (1779389475f5b1b6a39a0869e4513b02)] -> xpath: //button[contains(text(),'Logout')]]
verify tab[[ChromeDriver: chrome on WINDOWS (1779389475f5b1b6a39a0869e4513b02)] -> xpath: //button[contains(text(),'Logout')]]
verify tab[[ChromeDriver: chrome on WINDOWS (1779389475f5b1b6a39a0869e4513b02)] -> xpath: //button[contains(text(),'Logout')]]
verify tab[[ChromeDriver: chrome on WINDOWS (1779389475f5b1b6a39a0869e4513b02)] -> xpath: //button[contains(text(),'Logout')]]
verify tab[[ChromeDriver: chrome on WINDOWS (1779389475f5b1b6a39a0869e4513b02)] -> xpath: //button[contains(text(),'Logout')]]
verify tab[[ChromeDriver: chrome on WINDOWS (1779389475f5b1b6a39a0869e4513b02)] -> xpath: //button[contains(text(),'Logout')]]
verify tab[[ChromeDriver: chrome on WINDOWS (1779389475f5b1b6a39a0869e4513b02)] -> xpath: //button[contains(text(),'Logout')]]
verify tab[[ChromeDriver: chrome on WINDOWS (1779389475f5b1b6a39a0869e4513b02)] -> xpath: //button[contains(text(),'Logout')]]
verify tab[[ChromeDriver: chrome on WINDOWS (1779389475f5b1b6a39a0869e4513b02)] -> xpath: //button[contains(text(),'Logout')]]
verify tab[[ChromeDriver: chrome on WINDOWS (1779389475f5b1b6a39a0869e4513b02)] -> xpath: //button[contains(text(),'Logout')]]
verify tab[[ChromeDriver: chrome on WINDOWS (1779389475f5b1b6a39a0869e4513b02)] -> xpath: //button[contains(text(),'Logout')]]
verify tab[[ChromeDriver: chrome on WINDOWS (1779389475f5b1b6a39a0869e4513b02)] -> xpath: //button[contains(text(),'Logout')]]
verify tab[[ChromeDriver: chrome on WINDOWS (1779389475f5b1b6a39a0869e4513b02)] -> xpath: //button[contains(text(),'Logout')]]
verify tab[[ChromeDriver: chrome on WINDOWS (1779389475f5b1b6a39a0869e4513b02)] -> xpath: //button[contains(text(),'Logout')]]
verify tab[[ChromeDriver: chrome on WINDOWS (1779389475f5b1b6a39a0869e4513b02)] -> xpath: //button[contains(text(),'Logout')]]
verify tab[[ChromeDriver: chrome on WINDOWS (1779389475f5b1b6a39a0869e4513b02)] -> xpath: //button[contains(text(),'Logout')]]
verify tab[[ChromeDriver: chrome on WINDOWS (1779389475f5b1b6a39a0869e4513b02)] -> xpath: //button[contains(text(),'Logout')]]
verify tab[[ChromeDriver: chrome on WINDOWS (1779389475f5b1b6a39a0869e4513b02)] -> xpath: //button[contains(text(),'Logout')]]
verify tab[[ChromeDriver: chrome on WINDOWS (1779389475f5b1b6a39a0869e4513b02)] -> xpath: //button[contains(text(),'Logout')]]
verify tab[[ChromeDriver: chrome on WINDOWS (1779389475f5b1b6a39a0869e4513b02)] -> xpath: //button[contains(text(),'Logout')]]
verify tab[[ChromeDriver: chrome on WINDOWS (1779389475f5b1b6a39a0869e4513b02)] -> xpath: //button[contains(text(),'Logout')]]
verify tab[[ChromeDriver: chrome on WINDOWS (1779389475f5b1b6a39a0869e4513b02)] -> xpath: //button[contains(text(),'Logout')]]
verify tab[[ChromeDriver: chrome on WINDOWS (1779389475f5b1b6a39a0869e4513b02)] -> xpath: //button[contains(text(),'Logout')]]
verify tab[[ChromeDriver: chrome on WINDOWS (1779389475f5b1b6a39a0869e4513b02)] -> xpath: //button[contains(text(),'Logout')]]
verify tab[[ChromeDriver: chrome on WINDOWS (1779389475f5b1b6a39a0869e4513b02)] -> xpath: //button[contains(text(),'Logout')]]
verify tab[[ChromeDriver: chrome on WINDOWS (1779389475f5b1b6a39a0869e4513b02)] -> xpath: //button[contains(text(),'Logout')]]
verify tab[[ChromeDriver: chrome on WINDOWS (1779389475f5b1b6a39a0869e4513b02)] -> xpath: //button[contains(text(),'Logout')]]
verify tab[[ChromeDriver: chrome on WINDOWS (1779389475f5b1b6a39a0869e4513b02)] -> xpath: //button[contains(text(),'Logout')]]
verify tab[[ChromeDriver: chrome on WINDOWS (1779389475f5b1b6a39a0869e4513b02)] -> xpath: //button[contains(text(),'Logout')]]
verify tab[[ChromeDriver: chrome on WINDOWS (1779389475f5b1b6a39a0869e4513b02)] -> xpath: //button[contains(text(),'Logout')]]
verify tab[[ChromeDriver: chrome on WINDOWS (1779389475f5b1b6a39a0869e4513b02)] -> xpath: //button[contains(text(),'Logout')]]
verify tab[[ChromeDriver: chrome on WINDOWS (1779389475f5b1b6a39a0869e4513b02)] -> xpath: //button[contains(text(),'Logout')]]
verify tab[[ChromeDriver: chrome on WINDOWS (1779389475f5b1b6a39a0869e4513b02)] -> xpath: //button[contains(text(),'Logout')]]
verify tab[[ChromeDriver: chrome on WINDOWS (1779389475f5b1b6a39a0869e4513b02)] -> xpath: //button[contains(text(),'Logout')]]
verify tab[[ChromeDriver: chrome on WINDOWS (1779389475f5b1b6a39a0869e4513b02)] -> xpath: //button[contains(text(),'Logout')]]
verify tab[[ChromeDriver: chrome on WINDOWS (1779389475f5b1b6a39a0869e4513b02)] -> xpath: //button[contains(text(),'Logout')]]
verify tab[[ChromeDriver: chrome on WINDOWS (1779389475f5b1b6a39a0869e4513b02)] -> xpath: //button[contains(text(),'Logout')]]
verify tab[[ChromeDriver: chrome on WINDOWS (1779389475f5b1b6a39a0869e4513b02)] -> xpath: //button[contains(text(),'Logout')]]
verify tab[[ChromeDriver: chrome on WINDOWS (1779389475f5b1b6a39a0869e4513b02)] -> xpath: //button[contains(text(),'Logout')]]
verify tab[[ChromeDriver: chrome on WINDOWS (1779389475f5b1b6a39a0869e4513b02)] -> xpath: //button[contains(text(),'Logout')]]
verify tab[[ChromeDriver: chrome on WINDOWS (1779389475f5b1b6a39a0869e4513b02)] -> xpath: //button[contains(text(),'Logout')]]
verify tab[[ChromeDriver: chrome on WINDOWS (1779389475f5b1b6a39a0869e4513b02)] -> xpath: //button[contains(text(),'Logout')]]
verify tab[[ChromeDriver: chrome on WINDOWS (1779389475f5b1b6a39a0869e4513b02)] -> xpath: //button[contains(text(),'Logout')]]
verify tab[[ChromeDriver: chrome on WINDOWS (1779389475f5b1b6a39a0869e4513b02)] -> xpath: //button[contains(text(),'Logout')]]
verify tab[[ChromeDriver: chrome on WINDOWS (1779389475f5b1b6a39a0869e4513b02)] -> xpath: //button[contains(text(),'Logout')]]
verify tab[[ChromeDriver: chrome on WINDOWS (1779389475f5b1b6a39a0869e4513b02)] -> xpath: //button[contains(text(),'Logout')]]
verify tab[[ChromeDriver: chrome on WINDOWS (1779389475f5b1b6a39a0869e4513b02)] -> xpath: //button[contains(text(),'Logout')]]
verify tab[[ChromeDriver: chrome on WINDOWS (1779389475f5b1b6a39a0869e4513b02)] -> xpath: //button[contains(text(),'Logout')]]
verify tab[[ChromeDriver: chrome on WINDOWS (1779389475f5b1b6a39a0869e4513b02)] -> xpath: //button[contains(text(),'Logout')]]
verify tab[[ChromeDriver: chrome on WINDOWS (1779389475f5b1b6a39a0869e4513b02)] -> xpath: //button[contains(text(),'Logout')]]
verify tab[[ChromeDriver: chrome on WINDOWS (1779389475f5b1b6a39a0869e4513b02)] -> xpath: //button[contains(text(),'Logout')]]
verify tab[[ChromeDriver: chrome on WINDOWS (1779389475f5b1b6a39a0869e4513b02)] -> xpath: //button[contains(text(),'Logout')]]
verify tab[[ChromeDriver: chrome on WINDOWS (1779389475f5b1b6a39a0869e4513b02)] -> xpath: //button[contains(text(),'Logout')]]
verify tab[[ChromeDriver: chrome on WINDOWS (1779389475f5b1b6a39a0869e4513b02)] -> xpath: //button[contains(text(),'Logout')]]
verify tab[[ChromeDriver: chrome on WINDOWS (1779389475f5b1b6a39a0869e4513b02)] -> xpath: //button[contains(text(),'Logout')]]
verify tab[[ChromeDriver: chrome on WINDOWS (1779389475f5b1b6a39a0869e4513b02)] -> xpath: //button[contains(text(),'Logout')]]
verify tab[[ChromeDriver: chrome on WINDOWS (1779389475f5b1b6a39a0869e4513b02)] -> xpath: //button[contains(text(),'Logout')]]
verify tab[[ChromeDriver: chrome on WINDOWS (1779389475f5b1b6a39a0869e4513b02)] -> xpath: //button[contains(text(),'Logout')]]
verify tab[[ChromeDriver: chrome on WINDOWS (1779389475f5b1b6a39a0869e4513b02)] -> xpath: //button[contains(text(),'Logout')]]
verify tab[[ChromeDriver: chrome on WINDOWS (1779389475f5b1b6a39a0869e4513b02)] -> xpath: //button[contains(text(),'Logout')]]
verify tab[[ChromeDriver: chrome on WINDOWS (1779389475f5b1b6a39a0869e4513b02)] -> xpath: //button[contains(text(),'Logout')]]
verify tab[[ChromeDriver: chrome on WINDOWS (1779389475f5b1b6a39a0869e4513b02)] -> xpath: //button[contains(text(),'Logout')]]
verify tab[[ChromeDriver: chrome on WINDOWS (1779389475f5b1b6a39a0869e4513b02)] -> xpath: //button[contains(text(),'Logout')]]
verify tab[[ChromeDriver: chrome on WINDOWS (1779389475f5b1b6a39a0869e4513b02)] -> xpath: //button[contains(text(),'Logout')]]
verify tab[[ChromeDriver: chrome on WINDOWS (1779389475f5b1b6a39a0869e4513b02)] -> xpath: //button[contains(text(),'Logout')]]
verify tab[[ChromeDriver: chrome on WINDOWS (1779389475f5b1b6a39a0869e4513b02)] -> xpath: //button[contains(text(),'Logout')]]
verify tab[[ChromeDriver: chrome on WINDOWS (1779389475f5b1b6a39a0869e4513b02)] -> xpath: //button[contains(text(),'Logout')]]
verify tab[[ChromeDriver: chrome on WINDOWS (1779389475f5b1b6a39a0869e4513b02)] -> xpath: //button[contains(text(),'Logout')]]
verify tab[[ChromeDriver: chrome on WINDOWS (1779389475f5b1b6a39a0869e4513b02)] -> xpath: //button[contains(text(),'Logout')]]
verify tab[[ChromeDriver: chrome on WINDOWS (1779389475f5b1b6a39a0869e4513b02)] -> xpath: //button[contains(text(),'Logout')]]
verify tab[[ChromeDriver: chrome on WINDOWS (1779389475f5b1b6a39a0869e4513b02)] -> xpath: //button[contains(text(),'Logout')]]
verify tab[[ChromeDriver: chrome on WINDOWS (1779389475f5b1b6a39a0869e4513b02)] -> xpath: //button[contains(text(),'Logout')]]
verify tab[[ChromeDriver: chrome on WINDOWS (1779389475f5b1b6a39a0869e4513b02)] -> xpath: //button[contains(text(),'Logout')]]
verify tab[[ChromeDriver: chrome on WINDOWS (1779389475f5b1b6a39a0869e4513b02)] -> xpath: //button[contains(text(),'Logout')]]
verify tab[[ChromeDriver: chrome on WINDOWS (1779389475f5b1b6a39a0869e4513b02)] -> xpath: //button[contains(text(),'Logout')]]
verify tab[[ChromeDriver: chrome on WINDOWS (1779389475f5b1b6a39a0869e4513b02)] -> xpath: //button[contains(text(),'Logout')]]
verify tab[[ChromeDriver: chrome on WINDOWS (1779389475f5b1b6a39a0869e4513b02)] -> xpath: //button[contains(text(),'Logout')]]
verify tab[[ChromeDriver: chrome on WINDOWS (1779389475f5b1b6a39a0869e4513b02)] -> xpath: //button[contains(text(),'Logout')]]
verify tab[[ChromeDriver: chrome on WINDOWS (1779389475f5b1b6a39a0869e4513b02)] -> xpath: //button[contains(text(),'Logout')]]
verify tab[[ChromeDriver: chrome on WINDOWS (1779389475f5b1b6a39a0869e4513b02)] -> xpath: //button[contains(text(),'Logout')]]
verify tab[[ChromeDriver: chrome on WINDOWS (1779389475f5b1b6a39a0869e4513b02)] -> xpath: //button[contains(text(),'Logout')]]
verify tab[[ChromeDriver: chrome on WINDOWS (1779389475f5b1b6a39a0869e4513b02)] -> xpath: //button[contains(text(),'Logout')]]
verify tab[[ChromeDriver: chrome on WINDOWS (1779389475f5b1b6a39a0869e4513b02)] -> xpath: //button[contains(text(),'Logout')]]
verify tab[[ChromeDriver: chrome on WINDOWS (1779389475f5b1b6a39a0869e4513b02)] -> xpath: //button[contains(text(),'Logout')]]
verify tab[[ChromeDriver: chrome on WINDOWS (1779389475f5b1b6a39a0869e4513b02)] -> xpath: //button[contains(text(),'Logout')]]
verify tab[[ChromeDriver: chrome on WINDOWS (1779389475f5b1b6a39a0869e4513b02)] -> xpath: //button[contains(text(),'Logout')]]
verify tab[[ChromeDriver: chrome on WINDOWS (1779389475f5b1b6a39a0869e4513b02)] -> xpath: //button[contains(text(),'Logout')]]
verify tab[[ChromeDriver: chrome on WINDOWS (1779389475f5b1b6a39a0869e4513b02)] -> xpath: //button[contains(text(),'Logout')]]
verify tab[[ChromeDriver: chrome on WINDOWS (1779389475f5b1b6a39a0869e4513b02)] -> xpath: //button[contains(text(),'Logout')]]
verify tab[[ChromeDriver: chrome on WINDOWS (1779389475f5b1b6a39a0869e4513b02)] -> xpath: //button[contains(text(),'Logout')]]
verify tab[[ChromeDriver: chrome on WINDOWS (1779389475f5b1b6a39a0869e4513b02)] -> xpath: //button[contains(text(),'Logout')]]
verify tab[[ChromeDriver: chrome on WINDOWS (1779389475f5b1b6a39a0869e4513b02)] -> xpath: //button[contains(text(),'Logout')]]
verify tab[[ChromeDriver: chrome on WINDOWS (1779389475f5b1b6a39a0869e4513b02)] -> xpath: //button[contains(text(),'Logout')]]
verify tab[[ChromeDriver: chrome on WINDOWS (1779389475f5b1b6a39a0869e4513b02)] -> xpath: //button[contains(text(),'Logout')]]
verify tab[[ChromeDriver: chrome on WINDOWS (1779389475f5b1b6a39a0869e4513b02)] -> xpath: //button[contains(text(),'Logout')]]
verify tab[[ChromeDriver: chrome on WINDOWS (1779389475f5b1b6a39a0869e4513b02)] -> xpath: //button[contains(text(),'Logout')]]
verify tab[[ChromeDriver: chrome on WINDOWS (1779389475f5b1b6a39a0869e4513b02)] -> xpath: //button[contains(text(),'Logout')]]
verify tab[[ChromeDriver: chrome on WINDOWS (1779389475f5b1b6a39a0869e4513b02)] -> xpath: //button[contains(text(),'Logout')]]
verify tab[[ChromeDriver: chrome on WINDOWS (1779389475f5b1b6a39a0869e4513b02)] -> xpath: //button[contains(text(),'Logout')]]
verify tab[[ChromeDriver: chrome on WINDOWS (1779389475f5b1b6a39a0869e4513b02)] -> xpath: //button[contains(text(),'Logout')]]
verify tab[[ChromeDriver: chrome on WINDOWS (1779389475f5b1b6a39a0869e4513b02)] -> xpath: //button[contains(text(),'Logout')]]
verify tab[[ChromeDriver: chrome on WINDOWS (1779389475f5b1b6a39a0869e4513b02)] -> xpath: //button[contains(text(),'Logout')]]
verify tab[[ChromeDriver: chrome on WINDOWS (1779389475f5b1b6a39a0869e4513b02)] -> xpath: //button[contains(text(),'Logout')]]
verify tab[[ChromeDriver: chrome on WINDOWS (1779389475f5b1b6a39a0869e4513b02)] -> xpath: //button[contains(text(),'Logout')]]
verify tab[[ChromeDriver: chrome on WINDOWS (1779389475f5b1b6a39a0869e4513b02)] -> xpath: //button[contains(text(),'Logout')]]
verify tab[[ChromeDriver: chrome on WINDOWS (1779389475f5b1b6a39a0869e4513b02)] -> xpath: //button[contains(text(),'Logout')]]
verify tab[[ChromeDriver: chrome on WINDOWS (1779389475f5b1b6a39a0869e4513b02)] -> xpath: //button[contains(text(),'Logout')]]
verify tab[[ChromeDriver: chrome on WINDOWS (1779389475f5b1b6a39a0869e4513b02)] -> xpath: //button[contains(text(),'Logout')]]
verify tab[[ChromeDriver: chrome on WINDOWS (1779389475f5b1b6a39a0869e4513b02)] -> xpath: //button[contains(text(),'Logout')]]
verify tab[[ChromeDriver: chrome on WINDOWS (1779389475f5b1b6a39a0869e4513b02)] -> xpath: //button[contains(text(),'Logout')]]
verify tab[[ChromeDriver: chrome on WINDOWS (1779389475f5b1b6a39a0869e4513b02)] -> xpath: //button[contains(text(),'Logout')]]
verify tab[[ChromeDriver: chrome on WINDOWS (1779389475f5b1b6a39a0869e4513b02)] -> xpath: //button[contains(text(),'Logout')]]
verify tab[[ChromeDriver: chrome on WINDOWS (1779389475f5b1b6a39a0869e4513b02)] -> xpath: //button[contains(text(),'Logout')]]
verify tab[[ChromeDriver: chrome on WINDOWS (1779389475f5b1b6a39a0869e4513b02)] -> xpath: //button[contains(text(),'Logout')]]
verify tab[[ChromeDriver: chrome on WINDOWS (1779389475f5b1b6a39a0869e4513b02)] -> xpath: //button[contains(text(),'Logout')]]
verify tab[[ChromeDriver: chrome on WINDOWS (1779389475f5b1b6a39a0869e4513b02)] -> xpath: //button[contains(text(),'Logout')]]
verify tab[[ChromeDriver: chrome on WINDOWS (1779389475f5b1b6a39a0869e4513b02)] -> xpath: //button[contains(text(),'Logout')]]
verify tab[[ChromeDriver: chrome on WINDOWS (1779389475f5b1b6a39a0869e4513b02)] -> xpath: //button[contains(text(),'Logout')]]
verify tab[[ChromeDriver: chrome on WINDOWS (1779389475f5b1b6a39a0869e4513b02)] -> xpath: //button[contains(text(),'Logout')]]
verify tab[[ChromeDriver: chrome on WINDOWS (1779389475f5b1b6a39a0869e4513b02)] -> xpath: //button[contains(text(),'Logout')]]
verify tab[[ChromeDriver: chrome on WINDOWS (1779389475f5b1b6a39a0869e4513b02)] -> xpath: //button[contains(text(),'Logout')]]
verify tab[[ChromeDriver: chrome on WINDOWS (1779389475f5b1b6a39a0869e4513b02)] -> xpath: //button[contains(text(),'Logout')]]
verify tab[[ChromeDriver: chrome on WINDOWS (1779389475f5b1b6a39a0869e4513b02)] -> xpath: //button[contains(text(),'Logout')]]
verify tab[[ChromeDriver: chrome on WINDOWS (1779389475f5b1b6a39a0869e4513b02)] -> xpath: //button[contains(text(),'Logout')]]
verify tab[[ChromeDriver: chrome on WINDOWS (1779389475f5b1b6a39a0869e4513b02)] -> xpath: //button[contains(text(),'Logout')]]
verify tab[[ChromeDriver: chrome on WINDOWS (1779389475f5b1b6a39a0869e4513b02)] -> xpath: //button[contains(text(),'Logout')]]
verify tab[[ChromeDriver: chrome on WINDOWS (1779389475f5b1b6a39a0869e4513b02)] -> xpath: //button[contains(text(),'Logout')]]
verify tab[[ChromeDriver: chrome on WINDOWS (1779389475f5b1b6a39a0869e4513b02)] -> xpath: //button[contains(text(),'Logout')]]
verify tab[[ChromeDriver: chrome on WINDOWS (1779389475f5b1b6a39a0869e4513b02)] -> xpath: //button[contains(text(),'Logout')]]
verify tab[[ChromeDriver: chrome on WINDOWS (1779389475f5b1b6a39a0869e4513b02)] -> xpath: //button[contains(text(),'Logout')]]
verify tab[[ChromeDriver: chrome on WINDOWS (1779389475f5b1b6a39a0869e4513b02)] -> xpath: //button[contains(text(),'Logout')]]
verify tab[[ChromeDriver: chrome on WINDOWS (1779389475f5b1b6a39a0869e4513b02)] -> xpath: //button[contains(text(),'Logout')]]
verify tab[[ChromeDriver: chrome on WINDOWS (1779389475f5b1b6a39a0869e4513b02)] -> xpath: //button[contains(text(),'Logout')]]
verify tab[[ChromeDriver: chrome on WINDOWS (1779389475f5b1b6a39a0869e4513b02)] -> xpath: //button[contains(text(),'Logout')]]
verify tab[[ChromeDriver: chrome on WINDOWS (1779389475f5b1b6a39a0869e4513b02)] -> xpath: //button[contains(text(),'Logout')]]
verify tab[[ChromeDriver: chrome on WINDOWS (1779389475f5b1b6a39a0869e4513b02)] -> xpath: //button[contains(text(),'Logout')]]
verify tab[[ChromeDriver: chrome on WINDOWS (1779389475f5b1b6a39a0869e4513b02)] -> xpath: //button[contains(text(),'Logout')]]
verify tab[[ChromeDriver: chrome on WINDOWS (1779389475f5b1b6a39a0869e4513b02)] -> xpath: //button[contains(text(),'Logout')]]
verify tab[[ChromeDriver: chrome on WINDOWS (1779389475f5b1b6a39a0869e4513b02)] -> xpath: //button[contains(text(),'Logout')]]
verify tab[[ChromeDriver: chrome on WINDOWS (1779389475f5b1b6a39a0869e4513b02)] -> xpath: //button[contains(text(),'Logout')]]
verify tab[[ChromeDriver: chrome on WINDOWS (1779389475f5b1b6a39a0869e4513b02)] -> xpath: //button[contains(text(),'Logout')]]
verify tab[[ChromeDriver: chrome on WINDOWS (1779389475f5b1b6a39a0869e4513b02)] -> xpath: //button[contains(text(),'Logout')]]
verify tab[[ChromeDriver: chrome on WINDOWS (1779389475f5b1b6a39a0869e4513b02)] -> xpath: //button[contains(text(),'Logout')]]
verify tab[[ChromeDriver: chrome on WINDOWS (1779389475f5b1b6a39a0869e4513b02)] -> xpath: //button[contains(text(),'Logout')]]
verify tab[[ChromeDriver: chrome on WINDOWS (1779389475f5b1b6a39a0869e4513b02)] -> xpath: //button[contains(text(),'Logout')]]
verify tab[[ChromeDriver: chrome on WINDOWS (1779389475f5b1b6a39a0869e4513b02)] -> xpath: //button[contains(text(),'Logout')]]
verify tab[[ChromeDriver: chrome on WINDOWS (1779389475f5b1b6a39a0869e4513b02)] -> xpath: //button[contains(text(),'Logout')]]
verify tab[[ChromeDriver: chrome on WINDOWS (1779389475f5b1b6a39a0869e4513b02)] -> xpath: //button[contains(text(),'Logout')]]
verify tab[[ChromeDriver: chrome on WINDOWS (1779389475f5b1b6a39a0869e4513b02)] -> xpath: //button[contains(text(),'Logout')]]
verify tab[[ChromeDriver: chrome on WINDOWS (1779389475f5b1b6a39a0869e4513b02)] -> xpath: //button[contains(text(),'Logout')]]
verify tab[[ChromeDriver: chrome on WINDOWS (1779389475f5b1b6a39a0869e4513b02)] -> xpath: //button[contains(text(),'Logout')]]
verify tab[[ChromeDriver: chrome on WINDOWS (1779389475f5b1b6a39a0869e4513b02)] -> xpath: //button[contains(text(),'Logout')]]
verify tab[[ChromeDriver: chrome on WINDOWS (1779389475f5b1b6a39a0869e4513b02)] -> xpath: //button[contains(text(),'Logout')]]
verify tab[[ChromeDriver: chrome on WINDOWS (1779389475f5b1b6a39a0869e4513b02)] -> xpath: //button[contains(text(),'Logout')]]
verify tab[[ChromeDriver: chrome on WINDOWS (1779389475f5b1b6a39a0869e4513b02)] -> xpath: //button[contains(text(),'Logout')]]
verify tab[[ChromeDriver: chrome on WINDOWS (1779389475f5b1b6a39a0869e4513b02)] -> xpath: //button[contains(text(),'Logout')]]
verify tab[[ChromeDriver: chrome on WINDOWS (1779389475f5b1b6a39a0869e4513b02)] -> xpath: //button[contains(text(),'Logout')]]
verify tab[[ChromeDriver: chrome on WINDOWS (1779389475f5b1b6a39a0869e4513b02)] -> xpath: //button[contains(text(),'Logout')]]
verify tab[[ChromeDriver: chrome on WINDOWS (1779389475f5b1b6a39a0869e4513b02)] -> xpath: //button[contains(text(),'Logout')]]
verify tab[[ChromeDriver: chrome on WINDOWS (1779389475f5b1b6a39a0869e4513b02)] -> xpath: //button[contains(text(),'Logout')]]
verify tab[[ChromeDriver: chrome on WINDOWS (1779389475f5b1b6a39a0869e4513b02)] -> xpath: //button[contains(text(),'Logout')]]
verify tab[[ChromeDriver: chrome on WINDOWS (1779389475f5b1b6a39a0869e4513b02)] -> xpath: //button[contains(text(),'Logout')]]
verify tab[[ChromeDriver: chrome on WINDOWS (1779389475f5b1b6a39a0869e4513b02)] -> xpath: //button[contains(text(),'Logout')]]
verify tab[[ChromeDriver: chrome on WINDOWS (1779389475f5b1b6a39a0869e4513b02)] -> xpath: //button[contains(text(),'Logout')]]
verify tab[[ChromeDriver: chrome on WINDOWS (1779389475f5b1b6a39a0869e4513b02)] -> xpath: //button[contains(text(),'Logout')]]
verify tab[[ChromeDriver: chrome on WINDOWS (1779389475f5b1b6a39a0869e4513b02)] -> xpath: //button[contains(text(),'Logout')]]
verify tab[[ChromeDriver: chrome on WINDOWS (1779389475f5b1b6a39a0869e4513b02)] -> xpath: //button[contains(text(),'Logout')]]
verify tab[[ChromeDriver: chrome on WINDOWS (1779389475f5b1b6a39a0869e4513b02)] -> xpath: //button[contains(text(),'Logout')]]
verify tab[[ChromeDriver: chrome on WINDOWS (1779389475f5b1b6a39a0869e4513b02)] -> xpath: //button[contains(text(),'Logout')]]
verify tab[[ChromeDriver: chrome on WINDOWS (1779389475f5b1b6a39a0869e4513b02)] -> xpath: //button[contains(text(),'Logout')]]
verify tab[[ChromeDriver: chrome on WINDOWS (1779389475f5b1b6a39a0869e4513b02)] -> xpath: //button[contains(text(),'Logout')]]
verify tab[[ChromeDriver: chrome on WINDOWS (1779389475f5b1b6a39a0869e4513b02)] -> xpath: //button[contains(text(),'Logout')]]
verify tab[[ChromeDriver: chrome on WINDOWS (1779389475f5b1b6a39a0869e4513b02)] -> xpath: //button[contains(text(),'Logout')]]
verify tab[[ChromeDriver: chrome on WINDOWS (1779389475f5b1b6a39a0869e4513b02)] -> xpath: //button[contains(text(),'Logout')]]
verify tab[[ChromeDriver: chrome on WINDOWS (1779389475f5b1b6a39a0869e4513b02)] -> xpath: //button[contains(text(),'Logout')]]
verify tab[[ChromeDriver: chrome on WINDOWS (1779389475f5b1b6a39a0869e4513b02)] -> xpath: //button[contains(text(),'Logout')]]
verify tab[[ChromeDriver: chrome on WINDOWS (1779389475f5b1b6a39a0869e4513b02)] -> xpath: //button[contains(text(),'Logout')]]
verify tab[[ChromeDriver: chrome on WINDOWS (1779389475f5b1b6a39a0869e4513b02)] -> xpath: //button[contains(text(),'Logout')]]
verify tab[[ChromeDriver: chrome on WINDOWS (1779389475f5b1b6a39a0869e4513b02)] -> xpath: //button[contains(text(),'Logout')]]
verify tab[[ChromeDriver: chrome on WINDOWS (1779389475f5b1b6a39a0869e4513b02)] -> xpath: //button[contains(text(),'Logout')]]
verify tab[[ChromeDriver: chrome on WINDOWS (1779389475f5b1b6a39a0869e4513b02)] -> xpath: //button[contains(text(),'Logout')]]
verify tab[[ChromeDriver: chrome on WINDOWS (1779389475f5b1b6a39a0869e4513b02)] -> xpath: //button[contains(text(),'Logout')]]
verify tab[[ChromeDriver: chrome on WINDOWS (1779389475f5b1b6a39a0869e4513b02)] -> xpath: //button[contains(text(),'Logout')]]
verify tab[[ChromeDriver: chrome on WINDOWS (1779389475f5b1b6a39a0869e4513b02)] -> xpath: //button[contains(text(),'Logout')]]
verify tab[[ChromeDriver: chrome on WINDOWS (1779389475f5b1b6a39a0869e4513b02)] -> xpath: //button[contains(text(),'Logout')]]
verify tab[[ChromeDriver: chrome on WINDOWS (1779389475f5b1b6a39a0869e4513b02)] -> xpath: //button[contains(text(),'Logout')]]
verify tab[[ChromeDriver: chrome on WINDOWS (1779389475f5b1b6a39a0869e4513b02)] -> xpath: //button[contains(text(),'Logout')]]
verify tab[[ChromeDriver: chrome on WINDOWS (1779389475f5b1b6a39a0869e4513b02)] -> xpath: //button[contains(text(),'Logout')]]
verify tab[[ChromeDriver: chrome on WINDOWS (1779389475f5b1b6a39a0869e4513b02)] -> xpath: //button[contains(text(),'Logout')]]
verify tab[[ChromeDriver: chrome on WINDOWS (1779389475f5b1b6a39a0869e4513b02)] -> xpath: //button[contains(text(),'Logout')]]
verify tab[[ChromeDriver: chrome on WINDOWS (1779389475f5b1b6a39a0869e4513b02)] -> xpath: //button[contains(text(),'Logout')]]
verify tab[[ChromeDriver: chrome on WINDOWS (1779389475f5b1b6a39a0869e4513b02)] -> xpath: //button[contains(text(),'Logout')]]
verify tab[[ChromeDriver: chrome on WINDOWS (1779389475f5b1b6a39a0869e4513b02)] -> xpath: //button[contains(text(),'Logout')]]
verify tab[[ChromeDriver: chrome on WINDOWS (1779389475f5b1b6a39a0869e4513b02)] -> xpath: //button[contains(text(),'Logout')]]
verify tab[[ChromeDriver: chrome on WINDOWS (1779389475f5b1b6a39a0869e4513b02)] -> xpath: //button[contains(text(),'Logout')]]
verify tab[[ChromeDriver: chrome on WINDOWS (1779389475f5b1b6a39a0869e4513b02)] -> xpath: //button[contains(text(),'Logout')]]
verify tab[[ChromeDriver: chrome on WINDOWS (1779389475f5b1b6a39a0869e4513b02)] -> xpath: //button[contains(text(),'Logout')]]
verify tab[[ChromeDriver: chrome on WINDOWS (1779389475f5b1b6a39a0869e4513b02)] -> xpath: //button[contains(text(),'Logout')]]
verify tab[[ChromeDriver: chrome on WINDOWS (1779389475f5b1b6a39a0869e4513b02)] -> xpath: //button[contains(text(),'Logout')]]
verify tab[[ChromeDriver: chrome on WINDOWS (1779389475f5b1b6a39a0869e4513b02)] -> xpath: //button[contains(text(),'Logout')]]
verify tab[[ChromeDriver: chrome on WINDOWS (1779389475f5b1b6a39a0869e4513b02)] -> xpath: //button[contains(text(),'Logout')]]
verify tab[[ChromeDriver: chrome on WINDOWS (1779389475f5b1b6a39a0869e4513b02)] -> xpath: //button[contains(text(),'Logout')]]
verify tab[[ChromeDriver: chrome on WINDOWS (1779389475f5b1b6a39a0869e4513b02)] -> xpath: //button[contains(text(),'Logout')]]
verify tab[[ChromeDriver: chrome on WINDOWS (1779389475f5b1b6a39a0869e4513b02)] -> xpath: //button[contains(text(),'Logout')]]
verify tab[[ChromeDriver: chrome on WINDOWS (1779389475f5b1b6a39a0869e4513b02)] -> xpath: //button[contains(text(),'Logout')]]
verify tab[[ChromeDriver: chrome on WINDOWS (1779389475f5b1b6a39a0869e4513b02)] -> xpath: //button[contains(text(),'Logout')]]
verify tab[[ChromeDriver: chrome on WINDOWS (1779389475f5b1b6a39a0869e4513b02)] -> xpath: //button[contains(text(),'Logout')]]
verify tab[[ChromeDriver: chrome on WINDOWS (1779389475f5b1b6a39a0869e4513b02)] -> xpath: //button[contains(text(),'Logout')]]
verify tab[[ChromeDriver: chrome on WINDOWS (1779389475f5b1b6a39a0869e4513b02)] -> xpath: //button[contains(text(),'Logout')]]
verify tab[[ChromeDriver: chrome on WINDOWS (1779389475f5b1b6a39a0869e4513b02)] -> xpath: //button[contains(text(),'Logout')]]
verify tab[[ChromeDriver: chrome on WINDOWS (1779389475f5b1b6a39a0869e4513b02)] -> xpath: //button[contains(text(),'Logout')]]
verify tab[[ChromeDriver: chrome on WINDOWS (1779389475f5b1b6a39a0869e4513b02)] -> xpath: //button[contains(text(),'Logout')]]
verify tab[[ChromeDriver: chrome on WINDOWS (1779389475f5b1b6a39a0869e4513b02)] -> xpath: //button[contains(text(),'Logout')]]
verify tab[[ChromeDriver: chrome on WINDOWS (1779389475f5b1b6a39a0869e4513b02)] -> xpath: //button[contains(text(),'Logout')]]
verify tab[[ChromeDriver: chrome on WINDOWS (1779389475f5b1b6a39a0869e4513b02)] -> xpath: //button[contains(text(),'Logout')]]
verify tab[[ChromeDriver: chrome on WINDOWS (1779389475f5b1b6a39a0869e4513b02)] -> xpath: //button[contains(text(),'Logout')]]
verify tab[[ChromeDriver: chrome on WINDOWS (1779389475f5b1b6a39a0869e4513b02)] -> xpath: //button[contains(text(),'Logout')]]
verify tab[[ChromeDriver: chrome on WINDOWS (1779389475f5b1b6a39a0869e4513b02)] -> xpath: //button[contains(text(),'Logout')]]
verify tab[[ChromeDriver: chrome on WINDOWS (1779389475f5b1b6a39a0869e4513b02)] -> xpath: //button[contains(text(),'Logout')]]
verify tab[[ChromeDriver: chrome on WINDOWS (1779389475f5b1b6a39a0869e4513b02)] -> xpath: //button[contains(text(),'Logout')]]
verify tab[[ChromeDriver: chrome on WINDOWS (1779389475f5b1b6a39a0869e4513b02)] -> xpath: //button[contains(text(),'Logout')]]
verify tab[[ChromeDriver: chrome on WINDOWS (1779389475f5b1b6a39a0869e4513b02)] -> xpath: //button[contains(text(),'Logout')]]
verify tab[[ChromeDriver: chrome on WINDOWS (1779389475f5b1b6a39a0869e4513b02)] -> xpath: //button[contains(text(),'Logout')]]
verify tab[[ChromeDriver: chrome on WINDOWS (1779389475f5b1b6a39a0869e4513b02)] -> xpath: //button[contains(text(),'Logout')]]
verify tab[[ChromeDriver: chrome on WINDOWS (1779389475f5b1b6a39a0869e4513b02)] -> xpath: //button[contains(text(),'Logout')]]
verify tab[[ChromeDriver: chrome on WINDOWS (1779389475f5b1b6a39a0869e4513b02)] -> xpath: //button[contains(text(),'Logout')]]
verify tab[[ChromeDriver: chrome on WINDOWS (1779389475f5b1b6a39a0869e4513b02)] -> xpath: //button[contains(text(),'Logout')]]
verify tab[[ChromeDriver: chrome on WINDOWS (1779389475f5b1b6a39a0869e4513b02)] -> xpath: //button[contains(text(),'Logout')]]
verify tab[[ChromeDriver: chrome on WINDOWS (1779389475f5b1b6a39a0869e4513b02)] -> xpath: //button[contains(text(),'Logout')]]
verify tab[[ChromeDriver: chrome on WINDOWS (1779389475f5b1b6a39a0869e4513b02)] -> xpath: //button[contains(text(),'Logout')]]
verify tab[[ChromeDriver: chrome on WINDOWS (1779389475f5b1b6a39a0869e4513b02)] -> xpath: //button[contains(text(),'Logout')]]
verify tab[[ChromeDriver: chrome on WINDOWS (1779389475f5b1b6a39a0869e4513b02)] -> xpath: //button[contains(text(),'Logout')]]
verify tab[[ChromeDriver: chrome on WINDOWS (1779389475f5b1b6a39a0869e4513b02)] -> xpath: //button[contains(text(),'Logout')]]
verify tab[[ChromeDriver: chrome on WINDOWS (1779389475f5b1b6a39a0869e4513b02)] -> xpath: //button[contains(text(),'Logout')]]
verify tab[[ChromeDriver: chrome on WINDOWS (1779389475f5b1b6a39a0869e4513b02)] -> xpath: //button[contains(text(),'Logout')]]
verify tab[[ChromeDriver: chrome on WINDOWS (1779389475f5b1b6a39a0869e4513b02)] -> xpath: //button[contains(text(),'Logout')]]
verify tab[[ChromeDriver: chrome on WINDOWS (1779389475f5b1b6a39a0869e4513b02)] -> xpath: //button[contains(text(),'Logout')]]
verify tab[[ChromeDriver: chrome on WINDOWS (1779389475f5b1b6a39a0869e4513b02)] -> xpath: //button[contains(text(),'Logout')]]
verify tab[[ChromeDriver: chrome on WINDOWS (1779389475f5b1b6a39a0869e4513b02)] -> xpath: //button[contains(text(),'Logout')]]
verify tab[[ChromeDriver: chrome on WINDOWS (1779389475f5b1b6a39a0869e4513b02)] -> xpath: //button[contains(text(),'Logout')]]
verify tab[[ChromeDriver: chrome on WINDOWS (1779389475f5b1b6a39a0869e4513b02)] -> xpath: //button[contains(text(),'Logout')]]
verify tab[[ChromeDriver: chrome on WINDOWS (1779389475f5b1b6a39a0869e4513b02)] -> xpath: //button[contains(text(),'Logout')]]
verify tab[[ChromeDriver: chrome on WINDOWS (1779389475f5b1b6a39a0869e4513b02)] -> xpath: //button[contains(text(),'Logout')]]
verify tab[[ChromeDriver: chrome on WINDOWS (1779389475f5b1b6a39a0869e4513b02)] -> xpath: //button[contains(text(),'Logout')]]
verify tab[[ChromeDriver: chrome on WINDOWS (1779389475f5b1b6a39a0869e4513b02)] -> xpath: //button[contains(text(),'Logout')]]
verify tab[[ChromeDriver: chrome on WINDOWS (1779389475f5b1b6a39a0869e4513b02)] -> xpath: //button[contains(text(),'Logout')]]
verify tab[[ChromeDriver: chrome on WINDOWS (1779389475f5b1b6a39a0869e4513b02)] -> xpath: //button[contains(text(),'Logout')]]
verify tab[[ChromeDriver: chrome on WINDOWS (1779389475f5b1b6a39a0869e4513b02)] -> xpath: //button[contains(text(),'Logout')]]
verify tab[[ChromeDriver: chrome on WINDOWS (1779389475f5b1b6a39a0869e4513b02)] -> xpath: //button[contains(text(),'Logout')]]
verify tab[[ChromeDriver: chrome on WINDOWS (1779389475f5b1b6a39a0869e4513b02)] -> xpath: //button[contains(text(),'Logout')]]
verify tab[[ChromeDriver: chrome on WINDOWS (1779389475f5b1b6a39a0869e4513b02)] -> xpath: //button[contains(text(),'Logout')]]
verify tab[[ChromeDriver: chrome on WINDOWS (1779389475f5b1b6a39a0869e4513b02)] -> xpath: //button[contains(text(),'Logout')]]
verify tab[[ChromeDriver: chrome on WINDOWS (1779389475f5b1b6a39a0869e4513b02)] -> xpath: //button[contains(text(),'Logout')]]
verify tab[[ChromeDriver: chrome on WINDOWS (1779389475f5b1b6a39a0869e4513b02)] -> xpath: //button[contains(text(),'Logout')]]
verify tab[[ChromeDriver: chrome on WINDOWS (1779389475f5b1b6a39a0869e4513b02)] -> xpath: //button[contains(text(),'Logout')]]
verify tab[[ChromeDriver: chrome on WINDOWS (1779389475f5b1b6a39a0869e4513b02)] -> xpath: //button[contains(text(),'Logout')]]
verify tab[[ChromeDriver: chrome on WINDOWS (1779389475f5b1b6a39a0869e4513b02)] -> xpath: //button[contains(text(),'Logout')]]
verify tab[[ChromeDriver: chrome on WINDOWS (1779389475f5b1b6a39a0869e4513b02)] -> xpath: //button[contains(text(),'Logout')]]
verify tab[[ChromeDriver: chrome on WINDOWS (1779389475f5b1b6a39a0869e4513b02)] -> xpath: //button[contains(text(),'Logout')]]
verify tab[[ChromeDriver: chrome on WINDOWS (1779389475f5b1b6a39a0869e4513b02)] -> xpath: //button[contains(text(),'Logout')]]
verify tab[[ChromeDriver: chrome on WINDOWS (1779389475f5b1b6a39a0869e4513b02)] -> xpath: //button[contains(text(),'Logout')]]
verify tab[[ChromeDriver: chrome on WINDOWS (1779389475f5b1b6a39a0869e4513b02)] -> xpath: //button[contains(text(),'Logout')]]
verify tab[[ChromeDriver: chrome on WINDOWS (1779389475f5b1b6a39a0869e4513b02)] -> xpath: //button[contains(text(),'Logout')]]
verify tab[[ChromeDriver: chrome on WINDOWS (1779389475f5b1b6a39a0869e4513b02)] -> xpath: //button[contains(text(),'Logout')]]
verify tab[[ChromeDriver: chrome on WINDOWS (1779389475f5b1b6a39a0869e4513b02)] -> xpath: //button[contains(text(),'Logout')]]
verify tab[[ChromeDriver: chrome on WINDOWS (1779389475f5b1b6a39a0869e4513b02)] -> xpath: //button[contains(text(),'Logout')]]
verify tab[[ChromeDriver: chrome on WINDOWS (1779389475f5b1b6a39a0869e4513b02)] -> xpath: //button[contains(text(),'Logout')]]
verify tab[[ChromeDriver: chrome on WINDOWS (1779389475f5b1b6a39a0869e4513b02)] -> xpath: //button[contains(text(),'Logout')]]
verify tab[[ChromeDriver: chrome on WINDOWS (1779389475f5b1b6a39a0869e4513b02)] -> xpath: //button[contains(text(),'Logout')]]
verify tab[[ChromeDriver: chrome on WINDOWS (1779389475f5b1b6a39a0869e4513b02)] -> xpath: //button[contains(text(),'Logout')]]
verify tab[[ChromeDriver: chrome on WINDOWS (1779389475f5b1b6a39a0869e4513b02)] -> xpath: //button[contains(text(),'Logout')]]
verify tab[[ChromeDriver: chrome on WINDOWS (1779389475f5b1b6a39a0869e4513b02)] -> xpath: //button[contains(text(),'Logout')]]
verify tab[[ChromeDriver: chrome on WINDOWS (1779389475f5b1b6a39a0869e4513b02)] -> xpath: //button[contains(text(),'Logout')]]
verify tab[[ChromeDriver: chrome on WINDOWS (1779389475f5b1b6a39a0869e4513b02)] -> xpath: //button[contains(text(),'Logout')]]
verify tab[[ChromeDriver: chrome on WINDOWS (1779389475f5b1b6a39a0869e4513b02)] -> xpath: //button[contains(text(),'Logout')]]
verify tab[[ChromeDriver: chrome on WINDOWS (1779389475f5b1b6a39a0869e4513b02)] -> xpath: //button[contains(text(),'Logout')]]
verify tab[[ChromeDriver: chrome on WINDOWS (1779389475f5b1b6a39a0869e4513b02)] -> xpath: //button[contains(text(),'Logout')]]
verify tab[[ChromeDriver: chrome on WINDOWS (1779389475f5b1b6a39a0869e4513b02)] -> xpath: //button[contains(text(),'Logout')]]
verify tab[[ChromeDriver: chrome on WINDOWS (1779389475f5b1b6a39a0869e4513b02)] -> xpath: //button[contains(text(),'Logout')]]
verify tab[[ChromeDriver: chrome on WINDOWS (1779389475f5b1b6a39a0869e4513b02)] -> xpath: //button[contains(text(),'Logout')]]
verify tab[[ChromeDriver: chrome on WINDOWS (1779389475f5b1b6a39a0869e4513b02)] -> xpath: //button[contains(text(),'Logout')]]
verify tab[[ChromeDriver: chrome on WINDOWS (1779389475f5b1b6a39a0869e4513b02)] -> xpath: //button[contains(text(),'Logout')]]
verify tab[[ChromeDriver: chrome on WINDOWS (1779389475f5b1b6a39a0869e4513b02)] -> xpath: //button[contains(text(),'Logout')]]
verify tab[[ChromeDriver: chrome on WINDOWS (1779389475f5b1b6a39a0869e4513b02)] -> xpath: //button[contains(text(),'Logout')]]
verify tab[[ChromeDriver: chrome on WINDOWS (1779389475f5b1b6a39a0869e4513b02)] -> xpath: //button[contains(text(),'Logout')]]
verify tab[[ChromeDriver: chrome on WINDOWS (1779389475f5b1b6a39a0869e4513b02)] -> xpath: //button[contains(text(),'Logout')]]
verify tab[[ChromeDriver: chrome on WINDOWS (1779389475f5b1b6a39a0869e4513b02)] -> xpath: //button[contains(text(),'Logout')]]
verify tab[[ChromeDriver: chrome on WINDOWS (1779389475f5b1b6a39a0869e4513b02)] -> xpath: //button[contains(text(),'Logout')]]
verify tab[[ChromeDriver: chrome on WINDOWS (1779389475f5b1b6a39a0869e4513b02)] -> xpath: //button[contains(text(),'Logout')]]
verify tab[[ChromeDriver: chrome on WINDOWS (1779389475f5b1b6a39a0869e4513b02)] -> xpath: //button[contains(text(),'Logout')]]
verify tab[[ChromeDriver: chrome on WINDOWS (1779389475f5b1b6a39a0869e4513b02)] -> xpath: //button[contains(text(),'Logout')]]
verify tab[[ChromeDriver: chrome on WINDOWS (1779389475f5b1b6a39a0869e4513b02)] -> xpath: //button[contains(text(),'Logout')]]
verify tab[[ChromeDriver: chrome on WINDOWS (1779389475f5b1b6a39a0869e4513b02)] -> xpath: //button[contains(text(),'Logout')]]
verify tab[[ChromeDriver: chrome on WINDOWS (1779389475f5b1b6a39a0869e4513b02)] -> xpath: //button[contains(text(),'Logout')]]
verify tab[[ChromeDriver: chrome on WINDOWS (1779389475f5b1b6a39a0869e4513b02)] -> xpath: //button[contains(text(),'Logout')]]
verify tab[[ChromeDriver: chrome on WINDOWS (1779389475f5b1b6a39a0869e4513b02)] -> xpath: //button[contains(text(),'Logout')]]
verify tab[[ChromeDriver: chrome on WINDOWS (1779389475f5b1b6a39a0869e4513b02)] -> xpath: //button[contains(text(),'Logout')]]
verify tab[[ChromeDriver: chrome on WINDOWS (1779389475f5b1b6a39a0869e4513b02)] -> xpath: //button[contains(text(),'Logout')]]
verify tab[[ChromeDriver: chrome on WINDOWS (1779389475f5b1b6a39a0869e4513b02)] -> xpath: //button[contains(text(),'Logout')]]
verify tab[[ChromeDriver: chrome on WINDOWS (1779389475f5b1b6a39a0869e4513b02)] -> xpath: //button[contains(text(),'Logout')]]
verify tab[[ChromeDriver: chrome on WINDOWS (1779389475f5b1b6a39a0869e4513b02)] -> xpath: //button[contains(text(),'Logout')]]
verify tab[[ChromeDriver: chrome on WINDOWS (1779389475f5b1b6a39a0869e4513b02)] -> xpath: //button[contains(text(),'Logout')]]
verify tab[[ChromeDriver: chrome on WINDOWS (1779389475f5b1b6a39a0869e4513b02)] -> xpath: //button[contains(text(),'Logout')]]
verify tab[[ChromeDriver: chrome on WINDOWS (1779389475f5b1b6a39a0869e4513b02)] -> xpath: //button[contains(text(),'Logout')]]
verify tab[[ChromeDriver: chrome on WINDOWS (1779389475f5b1b6a39a0869e4513b02)] -> xpath: //button[contains(text(),'Logout')]]
verify tab[[ChromeDriver: chrome on WINDOWS (1779389475f5b1b6a39a0869e4513b02)] -> xpath: //button[contains(text(),'Logout')]]
verify tab[[ChromeDriver: chrome on WINDOWS (1779389475f5b1b6a39a0869e4513b02)] -> xpath: //button[contains(text(),'Logout')]]
verify tab[[ChromeDriver: chrome on WINDOWS (1779389475f5b1b6a39a0869e4513b02)] -> xpath: //button[contains(text(),'Logout')]]
verify tab[[ChromeDriver: chrome on WINDOWS (1779389475f5b1b6a39a0869e4513b02)] -> xpath: //button[contains(text(),'Logout')]]
verify tab[[ChromeDriver: chrome on WINDOWS (1779389475f5b1b6a39a0869e4513b02)] -> xpath: //button[contains(text(),'Logout')]]
verify tab[[ChromeDriver: chrome on WINDOWS (1779389475f5b1b6a39a0869e4513b02)] -> xpath: //button[contains(text(),'Logout')]]
verify tab[[ChromeDriver: chrome on WINDOWS (1779389475f5b1b6a39a0869e4513b02)] -> xpath: //button[contains(text(),'Logout')]]
verify tab[[ChromeDriver: chrome on WINDOWS (1779389475f5b1b6a39a0869e4513b02)] -> xpath: //button[contains(text(),'Logout')]]
verify tab[[ChromeDriver: chrome on WINDOWS (1779389475f5b1b6a39a0869e4513b02)] -> xpath: //button[contains(text(),'Logout')]]
verify tab[[ChromeDriver: chrome on WINDOWS (1779389475f5b1b6a39a0869e4513b02)] -> xpath: //button[contains(text(),'Logout')]]
verify tab[[ChromeDriver: chrome on WINDOWS (1779389475f5b1b6a39a0869e4513b02)] -> xpath: //button[contains(text(),'Logout')]]
verify tab[[ChromeDriver: chrome on WINDOWS (1779389475f5b1b6a39a0869e4513b02)] -> xpath: //button[contains(text(),'Logout')]]
verify tab[[ChromeDriver: chrome on WINDOWS (1779389475f5b1b6a39a0869e4513b02)] -> xpath: //button[contains(text(),'Logout')]]
verify tab[[ChromeDriver: chrome on WINDOWS (1779389475f5b1b6a39a0869e4513b02)] -> xpath: //button[contains(text(),'Logout')]]
verify tab[[ChromeDriver: chrome on WINDOWS (1779389475f5b1b6a39a0869e4513b02)] -> xpath: //button[contains(text(),'Logout')]]
verify tab[[ChromeDriver: chrome on WINDOWS (1779389475f5b1b6a39a0869e4513b02)] -> xpath: //button[contains(text(),'Logout')]]
verify tab[[ChromeDriver: chrome on WINDOWS (1779389475f5b1b6a39a0869e4513b02)] -> xpath: //button[contains(text(),'Logout')]]
verify tab[[ChromeDriver: chrome on WINDOWS (1779389475f5b1b6a39a0869e4513b02)] -> xpath: //button[contains(text(),'Logout')]]
verify tab[[ChromeDriver: chrome on WINDOWS (1779389475f5b1b6a39a0869e4513b02)] -> xpath: //button[contains(text(),'Logout')]]
verify tab[[ChromeDriver: chrome on WINDOWS (1779389475f5b1b6a39a0869e4513b02)] -> xpath: //button[contains(text(),'Logout')]]
verify tab[[ChromeDriver: chrome on WINDOWS (1779389475f5b1b6a39a0869e4513b02)] -> xpath: //button[contains(text(),'Logout')]]
verify tab[[ChromeDriver: chrome on WINDOWS (1779389475f5b1b6a39a0869e4513b02)] -> xpath: //button[contains(text(),'Logout')]]
verify tab[[ChromeDriver: chrome on WINDOWS (1779389475f5b1b6a39a0869e4513b02)] -> xpath: //button[contains(text(),'Logout')]]
verify tab[[ChromeDriver: chrome on WINDOWS (1779389475f5b1b6a39a0869e4513b02)] -> xpath: //button[contains(text(),'Logout')]]
verify tab[[ChromeDriver: chrome on WINDOWS (1779389475f5b1b6a39a0869e4513b02)] -> xpath: //button[contains(text(),'Logout')]]
verify tab[[ChromeDriver: chrome on WINDOWS (1779389475f5b1b6a39a0869e4513b02)] -> xpath: //button[contains(text(),'Logout')]]
verify tab[[ChromeDriver: chrome on WINDOWS (1779389475f5b1b6a39a0869e4513b02)] -> xpath: //button[contains(text(),'Logout')]]
verify tab[[ChromeDriver: chrome on WINDOWS (1779389475f5b1b6a39a0869e4513b02)] -> xpath: //button[contains(text(),'Logout')]]
verify tab[[ChromeDriver: chrome on WINDOWS (1779389475f5b1b6a39a0869e4513b02)] -> xpath: //button[contains(text(),'Logout')]]
verify tab[[ChromeDriver: chrome on WINDOWS (1779389475f5b1b6a39a0869e4513b02)] -> xpath: //button[contains(text(),'Logout')]]
verify tab[[ChromeDriver: chrome on WINDOWS (1779389475f5b1b6a39a0869e4513b02)] -> xpath: //button[contains(text(),'Logout')]]
verify tab[[ChromeDriver: chrome on WINDOWS (1779389475f5b1b6a39a0869e4513b02)] -> xpath: //button[contains(text(),'Logout')]]
verify tab[[ChromeDriver: chrome on WINDOWS (1779389475f5b1b6a39a0869e4513b02)] -> xpath: //button[contains(text(),'Logout')]]
verify tab[[ChromeDriver: chrome on WINDOWS (1779389475f5b1b6a39a0869e4513b02)] -> xpath: //button[contains(text(),'Logout')]]
verify tab[[ChromeDriver: chrome on WINDOWS (1779389475f5b1b6a39a0869e4513b02)] -> xpath: //button[contains(text(),'Logout')]]
verify tab[[ChromeDriver: chrome on WINDOWS (1779389475f5b1b6a39a0869e4513b02)] -> xpath: //button[contains(text(),'Logout')]]
verify tab[[ChromeDriver: chrome on WINDOWS (1779389475f5b1b6a39a0869e4513b02)] -> xpath: //button[contains(text(),'Logout')]]
verify tab[[ChromeDriver: chrome on WINDOWS (1779389475f5b1b6a39a0869e4513b02)] -> xpath: //button[contains(text(),'Logout')]]
verify tab[[ChromeDriver: chrome on WINDOWS (1779389475f5b1b6a39a0869e4513b02)] -> xpath: //button[contains(text(),'Logout')]]
verify tab[[ChromeDriver: chrome on WINDOWS (1779389475f5b1b6a39a0869e4513b02)] -> xpath: //button[contains(text(),'Logout')]]
verify tab[[ChromeDriver: chrome on WINDOWS (1779389475f5b1b6a39a0869e4513b02)] -> xpath: //button[contains(text(),'Logout')]]
verify tab[[ChromeDriver: chrome on WINDOWS (1779389475f5b1b6a39a0869e4513b02)] -> xpath: //button[contains(text(),'Logout')]]
verify tab[[ChromeDriver: chrome on WINDOWS (1779389475f5b1b6a39a0869e4513b02)] -> xpath: //button[contains(text(),'Logout')]]
verify tab[[ChromeDriver: chrome on WINDOWS (1779389475f5b1b6a39a0869e4513b02)] -> xpath: //button[contains(text(),'Logout')]]
verify tab[[ChromeDriver: chrome on WINDOWS (1779389475f5b1b6a39a0869e4513b02)] -> xpath: //button[contains(text(),'Logout')]]
verify tab[[ChromeDriver: chrome on WINDOWS (1779389475f5b1b6a39a0869e4513b02)] -> xpath: //button[contains(text(),'Logout')]]
verify tab[[ChromeDriver: chrome on WINDOWS (1779389475f5b1b6a39a0869e4513b02)] -> xpath: //button[contains(text(),'Logout')]]
verify tab[[ChromeDriver: chrome on WINDOWS (1779389475f5b1b6a39a0869e4513b02)] -> xpath: //button[contains(text(),'Logout')]]
verify tab[[ChromeDriver: chrome on WINDOWS (1779389475f5b1b6a39a0869e4513b02)] -> xpath: //button[contains(text(),'Logout')]]
verify tab[[ChromeDriver: chrome on WINDOWS (1779389475f5b1b6a39a0869e4513b02)] -> xpath: //button[contains(text(),'Logout')]]
verify tab[[ChromeDriver: chrome on WINDOWS (1779389475f5b1b6a39a0869e4513b02)] -> xpath: //button[contains(text(),'Logout')]]
verify tab[[ChromeDriver: chrome on WINDOWS (1779389475f5b1b6a39a0869e4513b02)] -> xpath: //button[contains(text(),'Logout')]]
verify tab[[ChromeDriver: chrome on WINDOWS (1779389475f5b1b6a39a0869e4513b02)] -> xpath: //button[contains(text(),'Logout')]]
verify tab[[ChromeDriver: chrome on WINDOWS (1779389475f5b1b6a39a0869e4513b02)] -> xpath: //button[contains(text(),'Logout')]]
verify tab[[ChromeDriver: chrome on WINDOWS (1779389475f5b1b6a39a0869e4513b02)] -> xpath: //button[contains(text(),'Logout')]]
verify tab[[ChromeDriver: chrome on WINDOWS (1779389475f5b1b6a39a0869e4513b02)] -> xpath: //button[contains(text(),'Logout')]]
verify tab[[ChromeDriver: chrome on WINDOWS (1779389475f5b1b6a39a0869e4513b02)] -> xpath: //button[contains(text(),'Logout')]]
verify tab[[ChromeDriver: chrome on WINDOWS (1779389475f5b1b6a39a0869e4513b02)] -> xpath: //button[contains(text(),'Logout')]]
verify tab[[ChromeDriver: chrome on WINDOWS (1779389475f5b1b6a39a0869e4513b02)] -> xpath: //button[contains(text(),'Logout')]]
verify tab[[ChromeDriver: chrome on WINDOWS (1779389475f5b1b6a39a0869e4513b02)] -> xpath: //button[contains(text(),'Logout')]]
verify tab[[ChromeDriver: chrome on WINDOWS (1779389475f5b1b6a39a0869e4513b02)] -> xpath: //button[contains(text(),'Logout')]]
verify tab[[ChromeDriver: chrome on WINDOWS (1779389475f5b1b6a39a0869e4513b02)] -> xpath: //button[contains(text(),'Logout')]]
verify tab[[ChromeDriver: chrome on WINDOWS (1779389475f5b1b6a39a0869e4513b02)] -> xpath: //button[contains(text(),'Logout')]]
verify tab[[ChromeDriver: chrome on WINDOWS (1779389475f5b1b6a39a0869e4513b02)] -> xpath: //button[contains(text(),'Logout')]]
verify tab[[ChromeDriver: chrome on WINDOWS (1779389475f5b1b6a39a0869e4513b02)] -> xpath: //button[contains(text(),'Logout')]]
verify tab[[ChromeDriver: chrome on WINDOWS (1779389475f5b1b6a39a0869e4513b02)] -> xpath: //button[contains(text(),'Logout')]]
verify tab[[ChromeDriver: chrome on WINDOWS (1779389475f5b1b6a39a0869e4513b02)] -> xpath: //button[contains(text(),'Logout')]]
verify tab[[ChromeDriver: chrome on WINDOWS (1779389475f5b1b6a39a0869e4513b02)] -> xpath: //button[contains(text(),'Logout')]]
verify tab[[ChromeDriver: chrome on WINDOWS (1779389475f5b1b6a39a0869e4513b02)] -> xpath: //button[contains(text(),'Logout')]]
verify tab[[ChromeDriver: chrome on WINDOWS (1779389475f5b1b6a39a0869e4513b02)] -> xpath: //button[contains(text(),'Logout')]]
verify tab[[ChromeDriver: chrome on WINDOWS (1779389475f5b1b6a39a0869e4513b02)] -> xpath: //button[contains(text(),'Logout')]]
verify tab[[ChromeDriver: chrome on WINDOWS (1779389475f5b1b6a39a0869e4513b02)] -> xpath: //button[contains(text(),'Logout')]]
verify tab[[ChromeDriver: chrome on WINDOWS (1779389475f5b1b6a39a0869e4513b02)] -> xpath: //button[contains(text(),'Logout')]]
verify tab[[ChromeDriver: chrome on WINDOWS (1779389475f5b1b6a39a0869e4513b02)] -> xpath: //button[contains(text(),'Logout')]]
verify tab[[ChromeDriver: chrome on WINDOWS (1779389475f5b1b6a39a0869e4513b02)] -> xpath: //button[contains(text(),'Logout')]]
verify tab[[ChromeDriver: chrome on WINDOWS (1779389475f5b1b6a39a0869e4513b02)] -> xpath: //button[contains(text(),'Logout')]]
verify tab[[ChromeDriver: chrome on WINDOWS (1779389475f5b1b6a39a0869e4513b02)] -> xpath: //button[contains(text(),'Logout')]]
verify tab[[ChromeDriver: chrome on WINDOWS (1779389475f5b1b6a39a0869e4513b02)] -> xpath: //button[contains(text(),'Logout')]]
verify tab[[ChromeDriver: chrome on WINDOWS (1779389475f5b1b6a39a0869e4513b02)] -> xpath: //button[contains(text(),'Logout')]]
verify tab[[ChromeDriver: chrome on WINDOWS (1779389475f5b1b6a39a0869e4513b02)] -> xpath: //button[contains(text(),'Logout')]]
verify tab[[ChromeDriver: chrome on WINDOWS (1779389475f5b1b6a39a0869e4513b02)] -> xpath: //button[contains(text(),'Logout')]]
verify tab[[ChromeDriver: chrome on WINDOWS (1779389475f5b1b6a39a0869e4513b02)] -> xpath: //button[contains(text(),'Logout')]]
verify tab[[ChromeDriver: chrome on WINDOWS (1779389475f5b1b6a39a0869e4513b02)] -> xpath: //button[contains(text(),'Logout')]]
verify tab[[ChromeDriver: chrome on WINDOWS (1779389475f5b1b6a39a0869e4513b02)] -> xpath: //button[contains(text(),'Logout')]]
verify tab[[ChromeDriver: chrome on WINDOWS (1779389475f5b1b6a39a0869e4513b02)] -> xpath: //button[contains(text(),'Logout')]]
verify tab[[ChromeDriver: chrome on WINDOWS (1779389475f5b1b6a39a0869e4513b02)] -> xpath: //button[contains(text(),'Logout')]]
verify tab[[ChromeDriver: chrome on WINDOWS (1779389475f5b1b6a39a0869e4513b02)] -> xpath: //button[contains(text(),'Logout')]]
verify tab[[ChromeDriver: chrome on WINDOWS (1779389475f5b1b6a39a0869e4513b02)] -> xpath: //button[contains(text(),'Logout')]]
verify tab[[ChromeDriver: chrome on WINDOWS (1779389475f5b1b6a39a0869e4513b02)] -> xpath: //button[contains(text(),'Logout')]]
verify tab[[ChromeDriver: chrome on WINDOWS (1779389475f5b1b6a39a0869e4513b02)] -> xpath: //button[contains(text(),'Logout')]]
verify tab[[ChromeDriver: chrome on WINDOWS (1779389475f5b1b6a39a0869e4513b02)] -> xpath: //button[contains(text(),'Logout')]]
verify tab[[ChromeDriver: chrome on WINDOWS (1779389475f5b1b6a39a0869e4513b02)] -> xpath: //button[contains(text(),'Logout')]]
verify tab[[ChromeDriver: chrome on WINDOWS (1779389475f5b1b6a39a0869e4513b02)] -> xpath: //button[contains(text(),'Logout')]]
verify tab[[ChromeDriver: chrome on WINDOWS (1779389475f5b1b6a39a0869e4513b02)] -> xpath: //button[contains(text(),'Logout')]]
verify tab[[ChromeDriver: chrome on WINDOWS (1779389475f5b1b6a39a0869e4513b02)] -> xpath: //button[contains(text(),'Logout')]]
verify tab[[ChromeDriver: chrome on WINDOWS (1779389475f5b1b6a39a0869e4513b02)] -> xpath: //button[contains(text(),'Logout')]]
verify tab[[ChromeDriver: chrome on WINDOWS (1779389475f5b1b6a39a0869e4513b02)] -> xpath: //button[contains(text(),'Logout')]]
verify tab[[ChromeDriver: chrome on WINDOWS (1779389475f5b1b6a39a0869e4513b02)] -> xpath: //button[contains(text(),'Logout')]]
verify tab[[ChromeDriver: chrome on WINDOWS (1779389475f5b1b6a39a0869e4513b02)] -> xpath: //button[contains(text(),'Logout')]]
verify tab[[ChromeDriver: chrome on WINDOWS (1779389475f5b1b6a39a0869e4513b02)] -> xpath: //button[contains(text(),'Logout')]]
verify tab[[ChromeDriver: chrome on WINDOWS (1779389475f5b1b6a39a0869e4513b02)] -> xpath: //button[contains(text(),'Logout')]]
verify tab[[ChromeDriver: chrome on WINDOWS (1779389475f5b1b6a39a0869e4513b02)] -> xpath: //button[contains(text(),'Logout')]]
verify tab[[ChromeDriver: chrome on WINDOWS (1779389475f5b1b6a39a0869e4513b02)] -> xpath: //button[contains(text(),'Logout')]]
verify tab[[ChromeDriver: chrome on WINDOWS (1779389475f5b1b6a39a0869e4513b02)] -> xpath: //button[contains(text(),'Logout')]]
verify tab[[ChromeDriver: chrome on WINDOWS (1779389475f5b1b6a39a0869e4513b02)] -> xpath: //button[contains(text(),'Logout')]]
verify tab[[ChromeDriver: chrome on WINDOWS (1779389475f5b1b6a39a0869e4513b02)] -> xpath: //button[contains(text(),'Logout')]]
verify tab[[ChromeDriver: chrome on WINDOWS (1779389475f5b1b6a39a0869e4513b02)] -> xpath: //button[contains(text(),'Logout')]]
verify tab[[ChromeDriver: chrome on WINDOWS (1779389475f5b1b6a39a0869e4513b02)] -> xpath: //button[contains(text(),'Logout')]]
verify tab[[ChromeDriver: chrome on WINDOWS (1779389475f5b1b6a39a0869e4513b02)] -> xpath: //button[contains(text(),'Logout')]]
verify tab[[ChromeDriver: chrome on WINDOWS (1779389475f5b1b6a39a0869e4513b02)] -> xpath: //button[contains(text(),'Logout')]]
verify tab[[ChromeDriver: chrome on WINDOWS (1779389475f5b1b6a39a0869e4513b02)] -> xpath: //button[contains(text(),'Logout')]]
verify tab[[ChromeDriver: chrome on WINDOWS (1779389475f5b1b6a39a0869e4513b02)] -> xpath: //button[contains(text(),'Logout')]]
verify tab[[ChromeDriver: chrome on WINDOWS (1779389475f5b1b6a39a0869e4513b02)] -> xpath: //button[contains(text(),'Logout')]]
verify tab[[ChromeDriver: chrome on WINDOWS (1779389475f5b1b6a39a0869e4513b02)] -> xpath: //button[contains(text(),'Logout')]]
verify tab[[ChromeDriver: chrome on WINDOWS (1779389475f5b1b6a39a0869e4513b02)] -> xpath: //button[contains(text(),'Logout')]]
verify tab[[ChromeDriver: chrome on WINDOWS (1779389475f5b1b6a39a0869e4513b02)] -> xpath: //button[contains(text(),'Logout')]]
verify tab[[ChromeDriver: chrome on WINDOWS (1779389475f5b1b6a39a0869e4513b02)] -> xpath: //button[contains(text(),'Logout')]]
verify tab[[ChromeDriver: chrome on WINDOWS (1779389475f5b1b6a39a0869e4513b02)] -> xpath: //button[contains(text(),'Logout')]]
verify tab[[ChromeDriver: chrome on WINDOWS (1779389475f5b1b6a39a0869e4513b02)] -> xpath: //button[contains(text(),'Logout')]]
verify tab[[ChromeDriver: chrome on WINDOWS (1779389475f5b1b6a39a0869e4513b02)] -> xpath: //button[contains(text(),'Logout')]]
verify tab[[ChromeDriver: chrome on WINDOWS (1779389475f5b1b6a39a0869e4513b02)] -> xpath: //button[contains(text(),'Logout')]]
verify tab[[ChromeDriver: chrome on WINDOWS (1779389475f5b1b6a39a0869e4513b02)] -> xpath: //button[contains(text(),'Logout')]]
verify tab[[ChromeDriver: chrome on WINDOWS (1779389475f5b1b6a39a0869e4513b02)] -> xpath: //button[contains(text(),'Logout')]]
verify tab[[ChromeDriver: chrome on WINDOWS (1779389475f5b1b6a39a0869e4513b02)] -> xpath: //button[contains(text(),'Logout')]]
verify tab[[ChromeDriver: chrome on WINDOWS (1779389475f5b1b6a39a0869e4513b02)] -> xpath: //button[contains(text(),'Logout')]]
verify tab[[ChromeDriver: chrome on WINDOWS (1779389475f5b1b6a39a0869e4513b02)] -> xpath: //button[contains(text(),'Logout')]]
verify tab[[ChromeDriver: chrome on WINDOWS (1779389475f5b1b6a39a0869e4513b02)] -> xpath: //button[contains(text(),'Logout')]]
verify tab[[ChromeDriver: chrome on WINDOWS (1779389475f5b1b6a39a0869e4513b02)] -> xpath: //button[contains(text(),'Logout')]]
verify tab[[ChromeDriver: chrome on WINDOWS (1779389475f5b1b6a39a0869e4513b02)] -> xpath: //button[contains(text(),'Logout')]]
verify tab[[ChromeDriver: chrome on WINDOWS (1779389475f5b1b6a39a0869e4513b02)] -> xpath: //button[contains(text(),'Logout')]]
verify tab[[ChromeDriver: chrome on WINDOWS (1779389475f5b1b6a39a0869e4513b02)] -> xpath: //button[contains(text(),'Logout')]]
verify tab[[ChromeDriver: chrome on WINDOWS (1779389475f5b1b6a39a0869e4513b02)] -> xpath: //button[contains(text(),'Logout')]]
verify tab[[ChromeDriver: chrome on WINDOWS (1779389475f5b1b6a39a0869e4513b02)] -> xpath: //button[contains(text(),'Logout')]]
verify tab[[ChromeDriver: chrome on WINDOWS (1779389475f5b1b6a39a0869e4513b02)] -> xpath: //button[contains(text(),'Logout')]]
verify tab[[ChromeDriver: chrome on WINDOWS (1779389475f5b1b6a39a0869e4513b02)] -> xpath: //button[contains(text(),'Logout')]]
verify tab[[ChromeDriver: chrome on WINDOWS (1779389475f5b1b6a39a0869e4513b02)] -> xpath: //button[contains(text(),'Logout')]]
verify tab[[ChromeDriver: chrome on WINDOWS (1779389475f5b1b6a39a0869e4513b02)] -> xpath: //button[contains(text(),'Logout')]]
verify tab[[ChromeDriver: chrome on WINDOWS (1779389475f5b1b6a39a0869e4513b02)] -> xpath: //button[contains(text(),'Logout')]]
verify tab[[ChromeDriver: chrome on WINDOWS (1779389475f5b1b6a39a0869e4513b02)] -> xpath: //button[contains(text(),'Logout')]]
verify tab[[ChromeDriver: chrome on WINDOWS (1779389475f5b1b6a39a0869e4513b02)] -> xpath: //button[contains(text(),'Logout')]]
verify tab[[ChromeDriver: chrome on WINDOWS (1779389475f5b1b6a39a0869e4513b02)] -> xpath: //button[contains(text(),'Logout')]]
verify tab[[ChromeDriver: chrome on WINDOWS (1779389475f5b1b6a39a0869e4513b02)] -> xpath: //button[contains(text(),'Logout')]]
verify tab[[ChromeDriver: chrome on WINDOWS (1779389475f5b1b6a39a0869e4513b02)] -> xpath: //button[contains(text(),'Logout')]]
verify tab[[ChromeDriver: chrome on WINDOWS (1779389475f5b1b6a39a0869e4513b02)] -> xpath: //button[contains(text(),'Logout')]]
verify tab[[ChromeDriver: chrome on WINDOWS (1779389475f5b1b6a39a0869e4513b02)] -> xpath: //button[contains(text(),'Logout')]]
verify tab[[ChromeDriver: chrome on WINDOWS (1779389475f5b1b6a39a0869e4513b02)] -> xpath: //button[contains(text(),'Logout')]]
verify tab[[ChromeDriver: chrome on WINDOWS (1779389475f5b1b6a39a0869e4513b02)] -> xpath: //button[contains(text(),'Logout')]]
verify tab[[ChromeDriver: chrome on WINDOWS (1779389475f5b1b6a39a0869e4513b02)] -> xpath: //button[contains(text(),'Logout')]]
verify tab[[ChromeDriver: chrome on WINDOWS (1779389475f5b1b6a39a0869e4513b02)] -> xpath: //button[contains(text(),'Logout')]]
verify tab[[ChromeDriver: chrome on WINDOWS (1779389475f5b1b6a39a0869e4513b02)] -> xpath: //button[contains(text(),'Logout')]]
verify tab[[ChromeDriver: chrome on WINDOWS (1779389475f5b1b6a39a0869e4513b02)] -> xpath: //button[contains(text(),'Logout')]]
verify tab[[ChromeDriver: chrome on WINDOWS (1779389475f5b1b6a39a0869e4513b02)] -> xpath: //button[contains(text(),'Logout')]]
verify tab[[ChromeDriver: chrome on WINDOWS (1779389475f5b1b6a39a0869e4513b02)] -> xpath: //button[contains(text(),'Logout')]]
verify tab[[ChromeDriver: chrome on WINDOWS (1779389475f5b1b6a39a0869e4513b02)] -> xpath: //button[contains(text(),'Logout')]]
verify tab[[ChromeDriver: chrome on WINDOWS (1779389475f5b1b6a39a0869e4513b02)] -> xpath: //button[contains(text(),'Logout')]]
verify tab[[ChromeDriver: chrome on WINDOWS (1779389475f5b1b6a39a0869e4513b02)] -> xpath: //button[contains(text(),'Logout')]]
verify tab[[ChromeDriver: chrome on WINDOWS (1779389475f5b1b6a39a0869e4513b02)] -> xpath: //button[contains(text(),'Logout')]]
verify tab[[ChromeDriver: chrome on WINDOWS (1779389475f5b1b6a39a0869e4513b02)] -> xpath: //button[contains(text(),'Logout')]]
verify tab[[ChromeDriver: chrome on WINDOWS (1779389475f5b1b6a39a0869e4513b02)] -> xpath: //button[contains(text(),'Logout')]]
verify tab[[ChromeDriver: chrome on WINDOWS (1779389475f5b1b6a39a0869e4513b02)] -> xpath: //button[contains(text(),'Logout')]]
verify tab[[ChromeDriver: chrome on WINDOWS (1779389475f5b1b6a39a0869e4513b02)] -> xpath: //button[contains(text(),'Logout')]]
verify tab[[ChromeDriver: chrome on WINDOWS (1779389475f5b1b6a39a0869e4513b02)] -> xpath: //button[contains(text(),'Logout')]]
verify tab[[ChromeDriver: chrome on WINDOWS (1779389475f5b1b6a39a0869e4513b02)] -> xpath: //button[contains(text(),'Logout')]]
verify tab[[ChromeDriver: chrome on WINDOWS (1779389475f5b1b6a39a0869e4513b02)] -> xpath: //button[contains(text(),'Logout')]]
verify tab[[ChromeDriver: chrome on WINDOWS (1779389475f5b1b6a39a0869e4513b02)] -> xpath: //button[contains(text(),'Logout')]]
verify tab[[ChromeDriver: chrome on WINDOWS (1779389475f5b1b6a39a0869e4513b02)] -> xpath: //button[contains(text(),'Logout')]]
verify tab[[ChromeDriver: chrome on WINDOWS (1779389475f5b1b6a39a0869e4513b02)] -> xpath: //button[contains(text(),'Logout')]]
verify tab[[ChromeDriver: chrome on WINDOWS (1779389475f5b1b6a39a0869e4513b02)] -> xpath: //button[contains(text(),'Logout')]]
verify tab[[ChromeDriver: chrome on WINDOWS (1779389475f5b1b6a39a0869e4513b02)] -> xpath: //button[contains(text(),'Logout')]]
verify tab[[ChromeDriver: chrome on WINDOWS (1779389475f5b1b6a39a0869e4513b02)] -> xpath: //button[contains(text(),'Logout')]]
verify tab[[ChromeDriver: chrome on WINDOWS (1779389475f5b1b6a39a0869e4513b02)] -> xpath: //button[contains(text(),'Logout')]]
verify tab[[ChromeDriver: chrome on WINDOWS (1779389475f5b1b6a39a0869e4513b02)] -> xpath: //button[contains(text(),'Logout')]]
verify tab[[ChromeDriver: chrome on WINDOWS (1779389475f5b1b6a39a0869e4513b02)] -> xpath: //button[contains(text(),'Logout')]]
verify tab[[ChromeDriver: chrome on WINDOWS (1779389475f5b1b6a39a0869e4513b02)] -> xpath: //button[contains(text(),'Logout')]]
verify tab[[ChromeDriver: chrome on WINDOWS (1779389475f5b1b6a39a0869e4513b02)] -> xpath: //button[contains(text(),'Logout')]]
verify tab[[ChromeDriver: chrome on WINDOWS (1779389475f5b1b6a39a0869e4513b02)] -> xpath: //button[contains(text(),'Logout')]]
verify tab[[ChromeDriver: chrome on WINDOWS (1779389475f5b1b6a39a0869e4513b02)] -> xpath: //button[contains(text(),'Logout')]]
verify tab[[ChromeDriver: chrome on WINDOWS (1779389475f5b1b6a39a0869e4513b02)] -> xpath: //button[contains(text(),'Logout')]]
verify tab[[ChromeDriver: chrome on WINDOWS (1779389475f5b1b6a39a0869e4513b02)] -> xpath: //button[contains(text(),'Logout')]]
verify tab[[ChromeDriver: chrome on WINDOWS (1779389475f5b1b6a39a0869e4513b02)] -> xpath: //button[contains(text(),'Logout')]]
verify tab[[ChromeDriver: chrome on WINDOWS (1779389475f5b1b6a39a0869e4513b02)] -> xpath: //button[contains(text(),'Logout')]]
verify tab[[ChromeDriver: chrome on WINDOWS (1779389475f5b1b6a39a0869e4513b02)] -> xpath: //button[contains(text(),'Logout')]]
verify tab[[ChromeDriver: chrome on WINDOWS (1779389475f5b1b6a39a0869e4513b02)] -> xpath: //button[contains(text(),'Logout')]]
verify tab[[ChromeDriver: chrome on WINDOWS (1779389475f5b1b6a39a0869e4513b02)] -> xpath: //button[contains(text(),'Logout')]]
verify tab[[ChromeDriver: chrome on WINDOWS (1779389475f5b1b6a39a0869e4513b02)] -> xpath: //button[contains(text(),'Logout')]]
verify tab[[ChromeDriver: chrome on WINDOWS (1779389475f5b1b6a39a0869e4513b02)] -> xpath: //button[contains(text(),'Logout')]]
verify tab[[ChromeDriver: chrome on WINDOWS (1779389475f5b1b6a39a0869e4513b02)] -> xpath: //button[contains(text(),'Logout')]]
verify tab[[ChromeDriver: chrome on WINDOWS (1779389475f5b1b6a39a0869e4513b02)] -> xpath: //button[contains(text(),'Logout')]]
verify tab[[ChromeDriver: chrome on WINDOWS (1779389475f5b1b6a39a0869e4513b02)] -> xpath: //button[contains(text(),'Logout')]]
verify tab[[ChromeDriver: chrome on WINDOWS (1779389475f5b1b6a39a0869e4513b02)] -> xpath: //button[contains(text(),'Logout')]]
verify tab[[ChromeDriver: chrome on WINDOWS (1779389475f5b1b6a39a0869e4513b02)] -> xpath: //button[contains(text(),'Logout')]]
verify tab[[ChromeDriver: chrome on WINDOWS (1779389475f5b1b6a39a0869e4513b02)] -> xpath: //button[contains(text(),'Logout')]]
verify tab[[ChromeDriver: chrome on WINDOWS (1779389475f5b1b6a39a0869e4513b02)] -> xpath: //button[contains(text(),'Logout')]]
verify tab[[ChromeDriver: chrome on WINDOWS (1779389475f5b1b6a39a0869e4513b02)] -> xpath: //button[contains(text(),'Logout')]]
verify tab[[ChromeDriver: chrome on WINDOWS (1779389475f5b1b6a39a0869e4513b02)] -> xpath: //button[contains(text(),'Logout')]]
verify tab[[ChromeDriver: chrome on WINDOWS (1779389475f5b1b6a39a0869e4513b02)] -> xpath: //button[contains(text(),'Logout')]]
verify tab[[ChromeDriver: chrome on WINDOWS (1779389475f5b1b6a39a0869e4513b02)] -> xpath: //button[contains(text(),'Logout')]]
verify tab[[ChromeDriver: chrome on WINDOWS (1779389475f5b1b6a39a0869e4513b02)] -> xpath: //button[contains(text(),'Logout')]]
verify tab[[ChromeDriver: chrome on WINDOWS (1779389475f5b1b6a39a0869e4513b02)] -> xpath: //button[contains(text(),'Logout')]]
verify tab[[ChromeDriver: chrome on WINDOWS (1779389475f5b1b6a39a0869e4513b02)] -> xpath: //button[contains(text(),'Logout')]]
verify tab[[ChromeDriver: chrome on WINDOWS (1779389475f5b1b6a39a0869e4513b02)] -> xpath: //button[contains(text(),'Logout')]]
verify tab[[ChromeDriver: chrome on WINDOWS (1779389475f5b1b6a39a0869e4513b02)] -> xpath: //button[contains(text(),'Logout')]]
verify tab[[ChromeDriver: chrome on WINDOWS (1779389475f5b1b6a39a0869e4513b02)] -> xpath: //button[contains(text(),'Logout')]]
verify tab[[ChromeDriver: chrome on WINDOWS (1779389475f5b1b6a39a0869e4513b02)] -> xpath: //button[contains(text(),'Logout')]]
verify tab[[ChromeDriver: chrome on WINDOWS (1779389475f5b1b6a39a0869e4513b02)] -> xpath: //button[contains(text(),'Logout')]]
verify tab[[ChromeDriver: chrome on WINDOWS (1779389475f5b1b6a39a0869e4513b02)] -> xpath: //button[contains(text(),'Logout')]]
verify tab[[ChromeDriver: chrome on WINDOWS (1779389475f5b1b6a39a0869e4513b02)] -> xpath: //button[contains(text(),'Logout')]]
verify tab[[ChromeDriver: chrome on WINDOWS (1779389475f5b1b6a39a0869e4513b02)] -> xpath: //button[contains(text(),'Logout')]]
verify tab[[ChromeDriver: chrome on WINDOWS (1779389475f5b1b6a39a0869e4513b02)] -> xpath: //button[contains(text(),'Logout')]]
verify tab[[ChromeDriver: chrome on WINDOWS (1779389475f5b1b6a39a0869e4513b02)] -> xpath: //button[contains(text(),'Logout')]]
verify tab[[ChromeDriver: chrome on WINDOWS (1779389475f5b1b6a39a0869e4513b02)] -> xpath: //button[contains(text(),'Logout')]]
verify tab[[ChromeDriver: chrome on WINDOWS (1779389475f5b1b6a39a0869e4513b02)] -> xpath: //button[contains(text(),'Logout')]]
verify tab[[ChromeDriver: chrome on WINDOWS (1779389475f5b1b6a39a0869e4513b02)] -> xpath: //button[contains(text(),'Logout')]]
verify tab[[ChromeDriver: chrome on WINDOWS (1779389475f5b1b6a39a0869e4513b02)] -> xpath: //button[contains(text(),'Logout')]]
verify tab[[ChromeDriver: chrome on WINDOWS (1779389475f5b1b6a39a0869e4513b02)] -> xpath: //button[contains(text(),'Logout')]]
verify tab[[ChromeDriver: chrome on WINDOWS (1779389475f5b1b6a39a0869e4513b02)] -> xpath: //button[contains(text(),'Logout')]]
verify tab[[ChromeDriver: chrome on WINDOWS (1779389475f5b1b6a39a0869e4513b02)] -> xpath: //button[contains(text(),'Logout')]]
verify tab[[ChromeDriver: chrome on WINDOWS (1779389475f5b1b6a39a0869e4513b02)] -> xpath: //button[contains(text(),'Logout')]]
verify tab[[ChromeDriver: chrome on WINDOWS (1779389475f5b1b6a39a0869e4513b02)] -> xpath: //button[contains(text(),'Logout')]]
verify tab[[ChromeDriver: chrome on WINDOWS (1779389475f5b1b6a39a0869e4513b02)] -> xpath: //button[contains(text(),'Logout')]]
verify tab[[ChromeDriver: chrome on WINDOWS (1779389475f5b1b6a39a0869e4513b02)] -> xpath: //button[contains(text(),'Logout')]]
verify tab[[ChromeDriver: chrome on WINDOWS (1779389475f5b1b6a39a0869e4513b02)] -> xpath: //button[contains(text(),'Logout')]]
verify tab[[ChromeDriver: chrome on WINDOWS (1779389475f5b1b6a39a0869e4513b02)] -> xpath: //button[contains(text(),'Logout')]]
verify tab[[ChromeDriver: chrome on WINDOWS (1779389475f5b1b6a39a0869e4513b02)] -> xpath: //button[contains(text(),'Logout')]]
verify tab[[ChromeDriver: chrome on WINDOWS (1779389475f5b1b6a39a0869e4513b02)] -> xpath: //button[contains(text(),'Logout')]]
verify tab[[ChromeDriver: chrome on WINDOWS (1779389475f5b1b6a39a0869e4513b02)] -> xpath: //button[contains(text(),'Logout')]]
verify tab[[ChromeDriver: chrome on WINDOWS (1779389475f5b1b6a39a0869e4513b02)] -> xpath: //button[contains(text(),'Logout')]]
verify tab[[ChromeDriver: chrome on WINDOWS (1779389475f5b1b6a39a0869e4513b02)] -> xpath: //button[contains(text(),'Logout')]]
verify tab[[ChromeDriver: chrome on WINDOWS (1779389475f5b1b6a39a0869e4513b02)] -> xpath: //button[contains(text(),'Logout')]]
verify tab[[ChromeDriver: chrome on WINDOWS (1779389475f5b1b6a39a0869e4513b02)] -> xpath: //button[contains(text(),'Logout')]]
verify tab[[ChromeDriver: chrome on WINDOWS (1779389475f5b1b6a39a0869e4513b02)] -> xpath: //button[contains(text(),'Logout')]]
verify tab[[ChromeDriver: chrome on WINDOWS (1779389475f5b1b6a39a0869e4513b02)] -> xpath: //button[contains(text(),'Logout')]]
verify tab[[ChromeDriver: chrome on WINDOWS (1779389475f5b1b6a39a0869e4513b02)] -> xpath: //button[contains(text(),'Logout')]]
verify tab[[ChromeDriver: chrome on WINDOWS (1779389475f5b1b6a39a0869e4513b02)] -> xpath: //button[contains(text(),'Logout')]]
verify tab[[ChromeDriver: chrome on WINDOWS (1779389475f5b1b6a39a0869e4513b02)] -> xpath: //button[contains(text(),'Logout')]]
verify tab[[ChromeDriver: chrome on WINDOWS (1779389475f5b1b6a39a0869e4513b02)] -> xpath: //button[contains(text(),'Logout')]]
verify tab[[ChromeDriver: chrome on WINDOWS (1779389475f5b1b6a39a0869e4513b02)] -> xpath: //button[contains(text(),'Logout')]]
verify tab[[ChromeDriver: chrome on WINDOWS (1779389475f5b1b6a39a0869e4513b02)] -> xpath: //button[contains(text(),'Logout')]]
verify tab[[ChromeDriver: chrome on WINDOWS (1779389475f5b1b6a39a0869e4513b02)] -> xpath: //button[contains(text(),'Logout')]]
verify tab[[ChromeDriver: chrome on WINDOWS (1779389475f5b1b6a39a0869e4513b02)] -> xpath: //button[contains(text(),'Logout')]]
verify tab[[ChromeDriver: chrome on WINDOWS (1779389475f5b1b6a39a0869e4513b02)] -> xpath: //button[contains(text(),'Logout')]]
verify tab[[ChromeDriver: chrome on WINDOWS (1779389475f5b1b6a39a0869e4513b02)] -> xpath: //button[contains(text(),'Logout')]]
verify tab[[ChromeDriver: chrome on WINDOWS (1779389475f5b1b6a39a0869e4513b02)] -> xpath: //button[contains(text(),'Logout')]]
verify tab[[ChromeDriver: chrome on WINDOWS (1779389475f5b1b6a39a0869e4513b02)] -> xpath: //button[contains(text(),'Logout')]]
verify tab[[ChromeDriver: chrome on WINDOWS (1779389475f5b1b6a39a0869e4513b02)] -> xpath: //button[contains(text(),'Logout')]]
verify tab[[ChromeDriver: chrome on WINDOWS (1779389475f5b1b6a39a0869e4513b02)] -> xpath: //button[contains(text(),'Logout')]]
verify tab[[ChromeDriver: chrome on WINDOWS (1779389475f5b1b6a39a0869e4513b02)] -> xpath: //button[contains(text(),'Logout')]]
verify tab[[ChromeDriver: chrome on WINDOWS (1779389475f5b1b6a39a0869e4513b02)] -> xpath: //button[contains(text(),'Logout')]]
verify tab[[ChromeDriver: chrome on WINDOWS (1779389475f5b1b6a39a0869e4513b02)] -> xpath: //button[contains(text(),'Logout')]]
verify tab[[ChromeDriver: chrome on WINDOWS (1779389475f5b1b6a39a0869e4513b02)] -> xpath: //button[contains(text(),'Logout')]]
verify tab[[ChromeDriver: chrome on WINDOWS (1779389475f5b1b6a39a0869e4513b02)] -> xpath: //button[contains(text(),'Logout')]]
verify tab[[ChromeDriver: chrome on WINDOWS (1779389475f5b1b6a39a0869e4513b02)] -> xpath: //button[contains(text(),'Logout')]]
verify tab[[ChromeDriver: chrome on WINDOWS (1779389475f5b1b6a39a0869e4513b02)] -> xpath: //button[contains(text(),'Logout')]]
verify tab[[ChromeDriver: chrome on WINDOWS (1779389475f5b1b6a39a0869e4513b02)] -> xpath: //button[contains(text(),'Logout')]]
verify tab[[ChromeDriver: chrome on WINDOWS (1779389475f5b1b6a39a0869e4513b02)] -> xpath: //button[contains(text(),'Logout')]]
verify tab[[ChromeDriver: chrome on WINDOWS (1779389475f5b1b6a39a0869e4513b02)] -> xpath: //button[contains(text(),'Logout')]]
verify tab[[ChromeDriver: chrome on WINDOWS (1779389475f5b1b6a39a0869e4513b02)] -> xpath: //button[contains(text(),'Logout')]]
verify tab[[ChromeDriver: chrome on WINDOWS (1779389475f5b1b6a39a0869e4513b02)] -> xpath: //button[contains(text(),'Logout')]]
verify tab[[ChromeDriver: chrome on WINDOWS (1779389475f5b1b6a39a0869e4513b02)] -> xpath: //button[contains(text(),'Logout')]]
verify tab[[ChromeDriver: chrome on WINDOWS (1779389475f5b1b6a39a0869e4513b02)] -> xpath: //button[contains(text(),'Logout')]]
verify tab[[ChromeDriver: chrome on WINDOWS (1779389475f5b1b6a39a0869e4513b02)] -> xpath: //button[contains(text(),'Logout')]]
verify tab[[ChromeDriver: chrome on WINDOWS (1779389475f5b1b6a39a0869e4513b02)] -> xpath: //button[contains(text(),'Logout')]]
verify tab[[ChromeDriver: chrome on WINDOWS (1779389475f5b1b6a39a0869e4513b02)] -> xpath: //button[contains(text(),'Logout')]]
verify tab[[ChromeDriver: chrome on WINDOWS (1779389475f5b1b6a39a0869e4513b02)] -> xpath: //button[contains(text(),'Logout')]]
verify tab[[ChromeDriver: chrome on WINDOWS (1779389475f5b1b6a39a0869e4513b02)] -> xpath: //button[contains(text(),'Logout')]]
verify tab[[ChromeDriver: chrome on WINDOWS (1779389475f5b1b6a39a0869e4513b02)] -> xpath: //button[contains(text(),'Logout')]]
verify tab[[ChromeDriver: chrome on WINDOWS (1779389475f5b1b6a39a0869e4513b02)] -> xpath: //button[contains(text(),'Logout')]]
verify tab[[ChromeDriver: chrome on WINDOWS (1779389475f5b1b6a39a0869e4513b02)] -> xpath: //button[contains(text(),'Logout')]]
verify tab[[ChromeDriver: chrome on WINDOWS (1779389475f5b1b6a39a0869e4513b02)] -> xpath: //button[contains(text(),'Logout')]]
verify tab[[ChromeDriver: chrome on WINDOWS (1779389475f5b1b6a39a0869e4513b02)] -> xpath: //button[contains(text(),'Logout')]]
verify tab[[ChromeDriver: chrome on WINDOWS (1779389475f5b1b6a39a0869e4513b02)] -> xpath: //button[contains(text(),'Logout')]]
verify tab[[ChromeDriver: chrome on WINDOWS (1779389475f5b1b6a39a0869e4513b02)] -> xpath: //button[contains(text(),'Logout')]]
verify tab[[ChromeDriver: chrome on WINDOWS (1779389475f5b1b6a39a0869e4513b02)] -> xpath: //button[contains(text(),'Logout')]]
verify tab[[ChromeDriver: chrome on WINDOWS (1779389475f5b1b6a39a0869e4513b02)] -> xpath: //button[contains(text(),'Logout')]]
verify tab[[ChromeDriver: chrome on WINDOWS (1779389475f5b1b6a39a0869e4513b02)] -> xpath: //button[contains(text(),'Logout')]]
verify tab[[ChromeDriver: chrome on WINDOWS (1779389475f5b1b6a39a0869e4513b02)] -> xpath: //button[contains(text(),'Logout')]]
verify tab[[ChromeDriver: chrome on WINDOWS (1779389475f5b1b6a39a0869e4513b02)] -> xpath: //button[contains(text(),'Logout')]]
verify tab[[ChromeDriver: chrome on WINDOWS (1779389475f5b1b6a39a0869e4513b02)] -> xpath: //button[contains(text(),'Logout')]]
verify tab[[ChromeDriver: chrome on WINDOWS (1779389475f5b1b6a39a0869e4513b02)] -> xpath: //button[contains(text(),'Logout')]]
verify tab[[ChromeDriver: chrome on WINDOWS (1779389475f5b1b6a39a0869e4513b02)] -> xpath: //button[contains(text(),'Logout')]]
verify tab[[ChromeDriver: chrome on WINDOWS (1779389475f5b1b6a39a0869e4513b02)] -> xpath: //button[contains(text(),'Logout')]]
verify tab[[ChromeDriver: chrome on WINDOWS (1779389475f5b1b6a39a0869e4513b02)] -> xpath: //button[contains(text(),'Logout')]]
verify tab[[ChromeDriver: chrome on WINDOWS (1779389475f5b1b6a39a0869e4513b02)] -> xpath: //button[contains(text(),'Logout')]]
verify tab[[ChromeDriver: chrome on WINDOWS (1779389475f5b1b6a39a0869e4513b02)] -> xpath: //button[contains(text(),'Logout')]]
verify tab[[ChromeDriver: chrome on WINDOWS (1779389475f5b1b6a39a0869e4513b02)] -> xpath: //button[contains(text(),'Logout')]]
verify tab[[ChromeDriver: chrome on WINDOWS (1779389475f5b1b6a39a0869e4513b02)] -> xpath: //button[contains(text(),'Logout')]]
verify tab[[ChromeDriver: chrome on WINDOWS (1779389475f5b1b6a39a0869e4513b02)] -> xpath: //button[contains(text(),'Logout')]]
verify tab[[ChromeDriver: chrome on WINDOWS (1779389475f5b1b6a39a0869e4513b02)] -> xpath: //button[contains(text(),'Logout')]]
verify tab[[ChromeDriver: chrome on WINDOWS (1779389475f5b1b6a39a0869e4513b02)] -> xpath: //button[contains(text(),'Logout')]]
verify tab[[ChromeDriver: chrome on WINDOWS (1779389475f5b1b6a39a0869e4513b02)] -> xpath: //button[contains(text(),'Logout')]]
verify tab[[ChromeDriver: chrome on WINDOWS (1779389475f5b1b6a39a0869e4513b02)] -> xpath: //button[contains(text(),'Logout')]]
verify tab[[ChromeDriver: chrome on WINDOWS (1779389475f5b1b6a39a0869e4513b02)] -> xpath: //button[contains(text(),'Logout')]]
verify tab[[ChromeDriver: chrome on WINDOWS (1779389475f5b1b6a39a0869e4513b02)] -> xpath: //button[contains(text(),'Logout')]]
verify tab[[ChromeDriver: chrome on WINDOWS (1779389475f5b1b6a39a0869e4513b02)] -> xpath: //button[contains(text(),'Logout')]]
verify tab[[ChromeDriver: chrome on WINDOWS (1779389475f5b1b6a39a0869e4513b02)] -> xpath: //button[contains(text(),'Logout')]]
verify tab[[ChromeDriver: chrome on WINDOWS (1779389475f5b1b6a39a0869e4513b02)] -> xpath: //button[contains(text(),'Logout')]]
verify tab[[ChromeDriver: chrome on WINDOWS (1779389475f5b1b6a39a0869e4513b02)] -> xpath: //button[contains(text(),'Logout')]]
verify tab[[ChromeDriver: chrome on WINDOWS (1779389475f5b1b6a39a0869e4513b02)] -> xpath: //button[contains(text(),'Logout')]]
verify tab[[ChromeDriver: chrome on WINDOWS (1779389475f5b1b6a39a0869e4513b02)] -> xpath: //button[contains(text(),'Logout')]]
verify tab[[ChromeDriver: chrome on WINDOWS (1779389475f5b1b6a39a0869e4513b02)] -> xpath: //button[contains(text(),'Logout')]]
verify tab[[ChromeDriver: chrome on WINDOWS (1779389475f5b1b6a39a0869e4513b02)] -> xpath: //button[contains(text(),'Logout')]]
verify tab[[ChromeDriver: chrome on WINDOWS (1779389475f5b1b6a39a0869e4513b02)] -> xpath: //button[contains(text(),'Logout')]]
verify tab[[ChromeDriver: chrome on WINDOWS (1779389475f5b1b6a39a0869e4513b02)] -> xpath: //button[contains(text(),'Logout')]]
verify tab[[ChromeDriver: chrome on WINDOWS (1779389475f5b1b6a39a0869e4513b02)] -> xpath: //button[contains(text(),'Logout')]]
verify tab[[ChromeDriver: chrome on WINDOWS (1779389475f5b1b6a39a0869e4513b02)] -> xpath: //button[contains(text(),'Logout')]]
verify tab[[ChromeDriver: chrome on WINDOWS (1779389475f5b1b6a39a0869e4513b02)] -> xpath: //button[contains(text(),'Logout')]]
verify tab[[ChromeDriver: chrome on WINDOWS (1779389475f5b1b6a39a0869e4513b02)] -> xpath: //button[contains(text(),'Logout')]]
verify tab[[ChromeDriver: chrome on WINDOWS (1779389475f5b1b6a39a0869e4513b02)] -> xpath: //button[contains(text(),'Logout')]]
verify tab[[ChromeDriver: chrome on WINDOWS (1779389475f5b1b6a39a0869e4513b02)] -> xpath: //button[contains(text(),'Logout')]]
verify tab[[ChromeDriver: chrome on WINDOWS (1779389475f5b1b6a39a0869e4513b02)] -> xpath: //button[contains(text(),'Logout')]]
verify tab[[ChromeDriver: chrome on WINDOWS (1779389475f5b1b6a39a0869e4513b02)] -> xpath: //button[contains(text(),'Logout')]]
verify tab[[ChromeDriver: chrome on WINDOWS (1779389475f5b1b6a39a0869e4513b02)] -> xpath: //button[contains(text(),'Logout')]]
verify tab[[ChromeDriver: chrome on WINDOWS (1779389475f5b1b6a39a0869e4513b02)] -> xpath: //button[contains(text(),'Logout')]]
verify tab[[ChromeDriver: chrome on WINDOWS (1779389475f5b1b6a39a0869e4513b02)] -> xpath: //button[contains(text(),'Logout')]]
verify tab[[ChromeDriver: chrome on WINDOWS (1779389475f5b1b6a39a0869e4513b02)] -> xpath: //button[contains(text(),'Logout')]]
verify tab[[ChromeDriver: chrome on WINDOWS (1779389475f5b1b6a39a0869e4513b02)] -> xpath: //button[contains(text(),'Logout')]]
verify tab[[ChromeDriver: chrome on WINDOWS (1779389475f5b1b6a39a0869e4513b02)] -> xpath: //button[contains(text(),'Logout')]]
verify tab[[ChromeDriver: chrome on WINDOWS (1779389475f5b1b6a39a0869e4513b02)] -> xpath: //button[contains(text(),'Logout')]]
verify tab[[ChromeDriver: chrome on WINDOWS (1779389475f5b1b6a39a0869e4513b02)] -> xpath: //button[contains(text(),'Logout')]]
verify tab[[ChromeDriver: chrome on WINDOWS (1779389475f5b1b6a39a0869e4513b02)] -> xpath: //button[contains(text(),'Logout')]]
verify tab[[ChromeDriver: chrome on WINDOWS (1779389475f5b1b6a39a0869e4513b02)] -> xpath: //button[contains(text(),'Logout')]]
verify tab[[ChromeDriver: chrome on WINDOWS (1779389475f5b1b6a39a0869e4513b02)] -> xpath: //button[contains(text(),'Logout')]]
verify tab[[ChromeDriver: chrome on WINDOWS (1779389475f5b1b6a39a0869e4513b02)] -> xpath: //button[contains(text(),'Logout')]]
verify tab[[ChromeDriver: chrome on WINDOWS (1779389475f5b1b6a39a0869e4513b02)] -> xpath: //button[contains(text(),'Logout')]]
verify tab[[ChromeDriver: chrome on WINDOWS (1779389475f5b1b6a39a0869e4513b02)] -> xpath: //button[contains(text(),'Logout')]]
verify tab[[ChromeDriver: chrome on WINDOWS (1779389475f5b1b6a39a0869e4513b02)] -> xpath: //button[contains(text(),'Logout')]]
verify tab[[ChromeDriver: chrome on WINDOWS (1779389475f5b1b6a39a0869e4513b02)] -> xpath: //button[contains(text(),'Logout')]]
verify tab[[ChromeDriver: chrome on WINDOWS (1779389475f5b1b6a39a0869e4513b02)] -> xpath: //button[contains(text(),'Logout')]]
verify tab[[ChromeDriver: chrome on WINDOWS (1779389475f5b1b6a39a0869e4513b02)] -> xpath: //button[contains(text(),'Logout')]]
verify tab[[ChromeDriver: chrome on WINDOWS (1779389475f5b1b6a39a0869e4513b02)] -> xpath: //button[contains(text(),'Logout')]]
verify tab[[ChromeDriver: chrome on WINDOWS (1779389475f5b1b6a39a0869e4513b02)] -> xpath: //button[contains(text(),'Logout')]]
verify tab[[ChromeDriver: chrome on WINDOWS (1779389475f5b1b6a39a0869e4513b02)] -> xpath: //button[contains(text(),'Logout')]]
verify tab[[ChromeDriver: chrome on WINDOWS (1779389475f5b1b6a39a0869e4513b02)] -> xpath: //button[contains(text(),'Logout')]]
verify tab[[ChromeDriver: chrome on WINDOWS (1779389475f5b1b6a39a0869e4513b02)] -> xpath: //button[contains(text(),'Logout')]]
verify tab[[ChromeDriver: chrome on WINDOWS (1779389475f5b1b6a39a0869e4513b02)] -> xpath: //button[contains(text(),'Logout')]]
verify tab[[ChromeDriver: chrome on WINDOWS (1779389475f5b1b6a39a0869e4513b02)] -> xpath: //button[contains(text(),'Logout')]]
verify tab[[ChromeDriver: chrome on WINDOWS (1779389475f5b1b6a39a0869e4513b02)] -> xpath: //button[contains(text(),'Logout')]]
verify tab[[ChromeDriver: chrome on WINDOWS (1779389475f5b1b6a39a0869e4513b02)] -> xpath: //button[contains(text(),'Logout')]]
verify tab[[ChromeDriver: chrome on WINDOWS (1779389475f5b1b6a39a0869e4513b02)] -> xpath: //button[contains(text(),'Logout')]]
verify tab[[ChromeDriver: chrome on WINDOWS (1779389475f5b1b6a39a0869e4513b02)] -> xpath: //button[contains(text(),'Logout')]]
verify tab[[ChromeDriver: chrome on WINDOWS (1779389475f5b1b6a39a0869e4513b02)] -> xpath: //button[contains(text(),'Logout')]]
verify tab[[ChromeDriver: chrome on WINDOWS (1779389475f5b1b6a39a0869e4513b02)] -> xpath: //button[contains(text(),'Logout')]]
verify tab[[ChromeDriver: chrome on WINDOWS (1779389475f5b1b6a39a0869e4513b02)] -> xpath: //button[contains(text(),'Logout')]]
verify tab[[ChromeDriver: chrome on WINDOWS (1779389475f5b1b6a39a0869e4513b02)] -> xpath: //button[contains(text(),'Logout')]]
verify tab[[ChromeDriver: chrome on WINDOWS (1779389475f5b1b6a39a0869e4513b02)] -> xpath: //button[contains(text(),'Logout')]]
verify tab[[ChromeDriver: chrome on WINDOWS (1779389475f5b1b6a39a0869e4513b02)] -> xpath: //button[contains(text(),'Logout')]]
verify tab[[ChromeDriver: chrome on WINDOWS (1779389475f5b1b6a39a0869e4513b02)] -> xpath: //button[contains(text(),'Logout')]]
verify tab[[ChromeDriver: chrome on WINDOWS (1779389475f5b1b6a39a0869e4513b02)] -> xpath: //button[contains(text(),'Logout')]]
verify tab[[ChromeDriver: chrome on WINDOWS (1779389475f5b1b6a39a0869e4513b02)] -> xpath: //button[contains(text(),'Logout')]]
verify tab[[ChromeDriver: chrome on WINDOWS (1779389475f5b1b6a39a0869e4513b02)] -> xpath: //button[contains(text(),'Logout')]]
verify tab[[ChromeDriver: chrome on WINDOWS (1779389475f5b1b6a39a0869e4513b02)] -> xpath: //button[contains(text(),'Logout')]]
verify tab[[ChromeDriver: chrome on WINDOWS (1779389475f5b1b6a39a0869e4513b02)] -> xpath: //button[contains(text(),'Logout')]]
verify tab[[ChromeDriver: chrome on WINDOWS (1779389475f5b1b6a39a0869e4513b02)] -> xpath: //button[contains(text(),'Logout')]]
verify tab[[ChromeDriver: chrome on WINDOWS (1779389475f5b1b6a39a0869e4513b02)] -> xpath: //button[contains(text(),'Logout')]]
verify tab[[ChromeDriver: chrome on WINDOWS (1779389475f5b1b6a39a0869e4513b02)] -> xpath: //button[contains(text(),'Logout')]]
verify tab[[ChromeDriver: chrome on WINDOWS (1779389475f5b1b6a39a0869e4513b02)] -> xpath: //button[contains(text(),'Logout')]]
verify tab[[ChromeDriver: chrome on WINDOWS (1779389475f5b1b6a39a0869e4513b02)] -> xpath: //button[contains(text(),'Logout')]]
verify tab[[ChromeDriver: chrome on WINDOWS (1779389475f5b1b6a39a0869e4513b02)] -> xpath: //button[contains(text(),'Logout')]]
verify tab[[ChromeDriver: chrome on WINDOWS (1779389475f5b1b6a39a0869e4513b02)] -> xpath: //button[contains(text(),'Logout')]]
verify tab[[ChromeDriver: chrome on WINDOWS (1779389475f5b1b6a39a0869e4513b02)] -> xpath: //button[contains(text(),'Logout')]]
verify tab[[ChromeDriver: chrome on WINDOWS (1779389475f5b1b6a39a0869e4513b02)] -> xpath: //button[contains(text(),'Logout')]]
verify tab[[ChromeDriver: chrome on WINDOWS (1779389475f5b1b6a39a0869e4513b02)] -> xpath: //button[contains(text(),'Logout')]]
verify tab[[ChromeDriver: chrome on WINDOWS (1779389475f5b1b6a39a0869e4513b02)] -> xpath: //button[contains(text(),'Logout')]]
verify tab[[ChromeDriver: chrome on WINDOWS (1779389475f5b1b6a39a0869e4513b02)] -> xpath: //button[contains(text(),'Logout')]]
verify tab[[ChromeDriver: chrome on WINDOWS (1779389475f5b1b6a39a0869e4513b02)] -> xpath: //button[contains(text(),'Logout')]]
verify tab[[ChromeDriver: chrome on WINDOWS (1779389475f5b1b6a39a0869e4513b02)] -> xpath: //button[contains(text(),'Logout')]]
verify tab[[ChromeDriver: chrome on WINDOWS (1779389475f5b1b6a39a0869e4513b02)] -> xpath: //button[contains(text(),'Logout')]]
verify tab[[ChromeDriver: chrome on WINDOWS (1779389475f5b1b6a39a0869e4513b02)] -> xpath: //button[contains(text(),'Logout')]]
verify tab[[ChromeDriver: chrome on WINDOWS (1779389475f5b1b6a39a0869e4513b02)] -> xpath: //button[contains(text(),'Logout')]]
verify tab[[ChromeDriver: chrome on WINDOWS (1779389475f5b1b6a39a0869e4513b02)] -> xpath: //button[contains(text(),'Logout')]]
verify tab[[ChromeDriver: chrome on WINDOWS (1779389475f5b1b6a39a0869e4513b02)] -> xpath: //button[contains(text(),'Logout')]]
verify tab[[ChromeDriver: chrome on WINDOWS (1779389475f5b1b6a39a0869e4513b02)] -> xpath: //button[contains(text(),'Logout')]]
verify tab[[ChromeDriver: chrome on WINDOWS (1779389475f5b1b6a39a0869e4513b02)] -> xpath: //button[contains(text(),'Logout')]]
verify tab[[ChromeDriver: chrome on WINDOWS (1779389475f5b1b6a39a0869e4513b02)] -> xpath: //button[contains(text(),'Logout')]]
verify tab[[ChromeDriver: chrome on WINDOWS (1779389475f5b1b6a39a0869e4513b02)] -> xpath: //button[contains(text(),'Logout')]]
verify tab[[ChromeDriver: chrome on WINDOWS (1779389475f5b1b6a39a0869e4513b02)] -> xpath: //button[contains(text(),'Logout')]]
verify tab[[ChromeDriver: chrome on WINDOWS (1779389475f5b1b6a39a0869e4513b02)] -> xpath: //button[contains(text(),'Logout')]]
verify tab[[ChromeDriver: chrome on WINDOWS (1779389475f5b1b6a39a0869e4513b02)] -> xpath: //button[contains(text(),'Logout')]]
verify tab[[ChromeDriver: chrome on WINDOWS (1779389475f5b1b6a39a0869e4513b02)] -> xpath: //button[contains(text(),'Logout')]]
verify tab[[ChromeDriver: chrome on WINDOWS (1779389475f5b1b6a39a0869e4513b02)] -> xpath: //button[contains(text(),'Logout')]]
verify tab[[ChromeDriver: chrome on WINDOWS (1779389475f5b1b6a39a0869e4513b02)] -> xpath: //button[contains(text(),'Logout')]]
verify tab[[ChromeDriver: chrome on WINDOWS (1779389475f5b1b6a39a0869e4513b02)] -> xpath: //button[contains(text(),'Logout')]]
verify tab[[ChromeDriver: chrome on WINDOWS (1779389475f5b1b6a39a0869e4513b02)] -> xpath: //button[contains(text(),'Logout')]]
verify tab[[ChromeDriver: chrome on WINDOWS (1779389475f5b1b6a39a0869e4513b02)] -> xpath: //button[contains(text(),'Logout')]]
verify tab[[ChromeDriver: chrome on WINDOWS (1779389475f5b1b6a39a0869e4513b02)] -> xpath: //button[contains(text(),'Logout')]]
verify tab[[ChromeDriver: chrome on WINDOWS (1779389475f5b1b6a39a0869e4513b02)] -> xpath: //button[contains(text(),'Logout')]]
verify tab[[ChromeDriver: chrome on WINDOWS (1779389475f5b1b6a39a0869e4513b02)] -> xpath: //button[contains(text(),'Logout')]]
verify tab[[ChromeDriver: chrome on WINDOWS (1779389475f5b1b6a39a0869e4513b02)] -> xpath: //button[contains(text(),'Logout')]]
verify tab[[ChromeDriver: chrome on WINDOWS (1779389475f5b1b6a39a0869e4513b02)] -> xpath: //button[contains(text(),'Logout')]]
verify tab[[ChromeDriver: chrome on WINDOWS (1779389475f5b1b6a39a0869e4513b02)] -> xpath: //button[contains(text(),'Logout')]]
verify tab[[ChromeDriver: chrome on WINDOWS (1779389475f5b1b6a39a0869e4513b02)] -> xpath: //button[contains(text(),'Logout')]]
verify tab[[ChromeDriver: chrome on WINDOWS (1779389475f5b1b6a39a0869e4513b02)] -> xpath: //button[contains(text(),'Logout')]]
verify tab[[ChromeDriver: chrome on WINDOWS (1779389475f5b1b6a39a0869e4513b02)] -> xpath: //button[contains(text(),'Logout')]]
verify tab[[ChromeDriver: chrome on WINDOWS (1779389475f5b1b6a39a0869e4513b02)] -> xpath: //button[contains(text(),'Logout')]]
verify tab[[ChromeDriver: chrome on WINDOWS (1779389475f5b1b6a39a0869e4513b02)] -> xpath: //button[contains(text(),'Logout')]]
verify tab[[ChromeDriver: chrome on WINDOWS (1779389475f5b1b6a39a0869e4513b02)] -> xpath: //button[contains(text(),'Logout')]]
verify tab[[ChromeDriver: chrome on WINDOWS (1779389475f5b1b6a39a0869e4513b02)] -> xpath: //button[contains(text(),'Logout')]]
verify tab[[ChromeDriver: chrome on WINDOWS (1779389475f5b1b6a39a0869e4513b02)] -> xpath: //button[contains(text(),'Logout')]]
verify tab[[ChromeDriver: chrome on WINDOWS (1779389475f5b1b6a39a0869e4513b02)] -> xpath: //button[contains(text(),'Logout')]]
verify tab[[ChromeDriver: chrome on WINDOWS (1779389475f5b1b6a39a0869e4513b02)] -> xpath: //button[contains(text(),'Logout')]]
verify tab[[ChromeDriver: chrome on WINDOWS (1779389475f5b1b6a39a0869e4513b02)] -> xpath: //button[contains(text(),'Logout')]]
verify tab[[ChromeDriver: chrome on WINDOWS (1779389475f5b1b6a39a0869e4513b02)] -> xpath: //button[contains(text(),'Logout')]]
verify tab[[ChromeDriver: chrome on WINDOWS (1779389475f5b1b6a39a0869e4513b02)] -> xpath: //button[contains(text(),'Logout')]]
verify tab[[ChromeDriver: chrome on WINDOWS (1779389475f5b1b6a39a0869e4513b02)] -> xpath: //button[contains(text(),'Logout')]]
verify tab[[ChromeDriver: chrome on WINDOWS (1779389475f5b1b6a39a0869e4513b02)] -> xpath: //button[contains(text(),'Logout')]]
verify tab[[ChromeDriver: chrome on WINDOWS (1779389475f5b1b6a39a0869e4513b02)] -> xpath: //button[contains(text(),'Logout')]]
verify tab[[ChromeDriver: chrome on WINDOWS (1779389475f5b1b6a39a0869e4513b02)] -> xpath: //button[contains(text(),'Logout')]]
verify tab[[ChromeDriver: chrome on WINDOWS (1779389475f5b1b6a39a0869e4513b02)] -> xpath: //button[contains(text(),'Logout')]]
verify tab[[ChromeDriver: chrome on WINDOWS (1779389475f5b1b6a39a0869e4513b02)] -> xpath: //button[contains(text(),'Logout')]]
verify tab[[ChromeDriver: chrome on WINDOWS (1779389475f5b1b6a39a0869e4513b02)] -> xpath: //button[contains(text(),'Logout')]]
verify tab[[ChromeDriver: chrome on WINDOWS (1779389475f5b1b6a39a0869e4513b02)] -> xpath: //button[contains(text(),'Logout')]]
verify tab[[ChromeDriver: chrome on WINDOWS (1779389475f5b1b6a39a0869e4513b02)] -> xpath: //button[contains(text(),'Logout')]]
verify tab[[ChromeDriver: chrome on WINDOWS (1779389475f5b1b6a39a0869e4513b02)] -> xpath: //button[contains(text(),'Logout')]]
verify tab[[ChromeDriver: chrome on WINDOWS (1779389475f5b1b6a39a0869e4513b02)] -> xpath: //button[contains(text(),'Logout')]]
verify tab[[ChromeDriver: chrome on WINDOWS (1779389475f5b1b6a39a0869e4513b02)] -> xpath: //button[contains(text(),'Logout')]]
verify tab[[ChromeDriver: chrome on WINDOWS (1779389475f5b1b6a39a0869e4513b02)] -> xpath: //button[contains(text(),'Logout')]]
verify tab[[ChromeDriver: chrome on WINDOWS (1779389475f5b1b6a39a0869e4513b02)] -> xpath: //button[contains(text(),'Logout')]]
verify tab[[ChromeDriver: chrome on WINDOWS (1779389475f5b1b6a39a0869e4513b02)] -> xpath: //button[contains(text(),'Logout')]]
verify tab[[ChromeDriver: chrome on WINDOWS (1779389475f5b1b6a39a0869e4513b02)] -> xpath: //button[contains(text(),'Logout')]]
verify tab[[ChromeDriver: chrome on WINDOWS (1779389475f5b1b6a39a0869e4513b02)] -> xpath: //button[contains(text(),'Logout')]]
verify tab[[ChromeDriver: chrome on WINDOWS (1779389475f5b1b6a39a0869e4513b02)] -> xpath: //button[contains(text(),'Logout')]]
verify tab[[ChromeDriver: chrome on WINDOWS (1779389475f5b1b6a39a0869e4513b02)] -> xpath: //button[contains(text(),'Logout')]]
verify tab[[ChromeDriver: chrome on WINDOWS (1779389475f5b1b6a39a0869e4513b02)] -> xpath: //button[contains(text(),'Logout')]]
verify tab[[ChromeDriver: chrome on WINDOWS (1779389475f5b1b6a39a0869e4513b02)] -> xpath: //button[contains(text(),'Logout')]]
verify tab[[ChromeDriver: chrome on WINDOWS (1779389475f5b1b6a39a0869e4513b02)] -> xpath: //button[contains(text(),'Logout')]]
verify tab[[ChromeDriver: chrome on WINDOWS (1779389475f5b1b6a39a0869e4513b02)] -> xpath: //button[contains(text(),'Logout')]]
verify tab[[ChromeDriver: chrome on WINDOWS (1779389475f5b1b6a39a0869e4513b02)] -> xpath: //button[contains(text(),'Logout')]]
verify tab[[ChromeDriver: chrome on WINDOWS (1779389475f5b1b6a39a0869e4513b02)] -> xpath: //button[contains(text(),'Logout')]]
verify tab[[ChromeDriver: chrome on WINDOWS (1779389475f5b1b6a39a0869e4513b02)] -> xpath: //button[contains(text(),'Logout')]]
verify tab[[ChromeDriver: chrome on WINDOWS (1779389475f5b1b6a39a0869e4513b02)] -> xpath: //button[contains(text(),'Logout')]]
verify tab[[ChromeDriver: chrome on WINDOWS (1779389475f5b1b6a39a0869e4513b02)] -> xpath: //button[contains(text(),'Logout')]]
verify tab[[ChromeDriver: chrome on WINDOWS (1779389475f5b1b6a39a0869e4513b02)] -> xpath: //button[contains(text(),'Logout')]]
verify tab[[ChromeDriver: chrome on WINDOWS (1779389475f5b1b6a39a0869e4513b02)] -> xpath: //button[contains(text(),'Logout')]]
verify tab[[ChromeDriver: chrome on WINDOWS (1779389475f5b1b6a39a0869e4513b02)] -> xpath: //button[contains(text(),'Logout')]]
verify tab[[ChromeDriver: chrome on WINDOWS (1779389475f5b1b6a39a0869e4513b02)] -> xpath: //button[contains(text(),'Logout')]]
verify tab[[ChromeDriver: chrome on WINDOWS (1779389475f5b1b6a39a0869e4513b02)] -> xpath: //button[contains(text(),'Logout')]]
verify tab[[ChromeDriver: chrome on WINDOWS (1779389475f5b1b6a39a0869e4513b02)] -> xpath: //button[contains(text(),'Logout')]]
verify tab[[ChromeDriver: chrome on WINDOWS (1779389475f5b1b6a39a0869e4513b02)] -> xpath: //button[contains(text(),'Logout')]]
verify tab[[ChromeDriver: chrome on WINDOWS (1779389475f5b1b6a39a0869e4513b02)] -> xpath: //button[contains(text(),'Logout')]]
verify tab[[ChromeDriver: chrome on WINDOWS (1779389475f5b1b6a39a0869e4513b02)] -> xpath: //button[contains(text(),'Logout')]]
verify tab[[ChromeDriver: chrome on WINDOWS (1779389475f5b1b6a39a0869e4513b02)] -> xpath: //button[contains(text(),'Logout')]]
verify tab[[ChromeDriver: chrome on WINDOWS (1779389475f5b1b6a39a0869e4513b02)] -> xpath: //button[contains(text(),'Logout')]]
verify tab[[ChromeDriver: chrome on WINDOWS (1779389475f5b1b6a39a0869e4513b02)] -> xpath: //button[contains(text(),'Logout')]]
verify tab[[ChromeDriver: chrome on WINDOWS (1779389475f5b1b6a39a0869e4513b02)] -> xpath: //button[contains(text(),'Logout')]]
verify tab[[ChromeDriver: chrome on WINDOWS (1779389475f5b1b6a39a0869e4513b02)] -> xpath: //button[contains(text(),'Logout')]]
verify tab[[ChromeDriver: chrome on WINDOWS (1779389475f5b1b6a39a0869e4513b02)] -> xpath: //button[contains(text(),'Logout')]]
verify tab[[ChromeDriver: chrome on WINDOWS (1779389475f5b1b6a39a0869e4513b02)] -> xpath: //button[contains(text(),'Logout')]]
verify tab[[ChromeDriver: chrome on WINDOWS (1779389475f5b1b6a39a0869e4513b02)] -> xpath: //button[contains(text(),'Logout')]]
verify tab[[ChromeDriver: chrome on WINDOWS (1779389475f5b1b6a39a0869e4513b02)] -> xpath: //button[contains(text(),'Logout')]]
verify tab[[ChromeDriver: chrome on WINDOWS (1779389475f5b1b6a39a0869e4513b02)] -> xpath: //button[contains(text(),'Logout')]]
verify tab[[ChromeDriver: chrome on WINDOWS (1779389475f5b1b6a39a0869e4513b02)] -> xpath: //button[contains(text(),'Logout')]]
verify tab[[ChromeDriver: chrome on WINDOWS (1779389475f5b1b6a39a0869e4513b02)] -> xpath: //button[contains(text(),'Logout')]]
verify tab[[ChromeDriver: chrome on WINDOWS (1779389475f5b1b6a39a0869e4513b02)] -> xpath: //button[contains(text(),'Logout')]]
verify tab[[ChromeDriver: chrome on WINDOWS (1779389475f5b1b6a39a0869e4513b02)] -> xpath: //button[contains(text(),'Logout')]]
verify tab[[ChromeDriver: chrome on WINDOWS (1779389475f5b1b6a39a0869e4513b02)] -> xpath: //button[contains(text(),'Logout')]]
verify tab[[ChromeDriver: chrome on WINDOWS (1779389475f5b1b6a39a0869e4513b02)] -> xpath: //button[contains(text(),'Logout')]]
verify tab[[ChromeDriver: chrome on WINDOWS (1779389475f5b1b6a39a0869e4513b02)] -> xpath: //button[contains(text(),'Logout')]]
verify tab[[ChromeDriver: chrome on WINDOWS (1779389475f5b1b6a39a0869e4513b02)] -> xpath: //button[contains(text(),'Logout')]]
verify tab[[ChromeDriver: chrome on WINDOWS (1779389475f5b1b6a39a0869e4513b02)] -> xpath: //button[contains(text(),'Logout')]]
verify tab[[ChromeDriver: chrome on WINDOWS (1779389475f5b1b6a39a0869e4513b02)] -> xpath: //button[contains(text(),'Logout')]]
verify tab[[ChromeDriver: chrome on WINDOWS (1779389475f5b1b6a39a0869e4513b02)] -> xpath: //button[contains(text(),'Logout')]]
verify tab[[ChromeDriver: chrome on WINDOWS (1779389475f5b1b6a39a0869e4513b02)] -> xpath: //button[contains(text(),'Logout')]]
verify tab[[ChromeDriver: chrome on WINDOWS (1779389475f5b1b6a39a0869e4513b02)] -> xpath: //button[contains(text(),'Logout')]]
verify tab[[ChromeDriver: chrome on WINDOWS (1779389475f5b1b6a39a0869e4513b02)] -> xpath: //button[contains(text(),'Logout')]]
verify tab[[ChromeDriver: chrome on WINDOWS (1779389475f5b1b6a39a0869e4513b02)] -> xpath: //button[contains(text(),'Logout')]]
verify tab[[ChromeDriver: chrome on WINDOWS (1779389475f5b1b6a39a0869e4513b02)] -> xpath: //button[contains(text(),'Logout')]]
verify tab[[ChromeDriver: chrome on WINDOWS (1779389475f5b1b6a39a0869e4513b02)] -> xpath: //button[contains(text(),'Logout')]]
verify tab[[ChromeDriver: chrome on WINDOWS (1779389475f5b1b6a39a0869e4513b02)] -> xpath: //button[contains(text(),'Logout')]]
verify tab[[ChromeDriver: chrome on WINDOWS (1779389475f5b1b6a39a0869e4513b02)] -> xpath: //button[contains(text(),'Logout')]]
verify tab[[ChromeDriver: chrome on WINDOWS (1779389475f5b1b6a39a0869e4513b02)] -> xpath: //button[contains(text(),'Logout')]]
verify tab[[ChromeDriver: chrome on WINDOWS (1779389475f5b1b6a39a0869e4513b02)] -> xpath: //button[contains(text(),'Logout')]]
verify tab[[ChromeDriver: chrome on WINDOWS (1779389475f5b1b6a39a0869e4513b02)] -> xpath: //button[contains(text(),'Logout')]]
verify tab[[ChromeDriver: chrome on WINDOWS (1779389475f5b1b6a39a0869e4513b02)] -> xpath: //button[contains(text(),'Logout')]]
verify tab[[ChromeDriver: chrome on WINDOWS (1779389475f5b1b6a39a0869e4513b02)] -> xpath: //button[contains(text(),'Logout')]]
verify tab[[ChromeDriver: chrome on WINDOWS (1779389475f5b1b6a39a0869e4513b02)] -> xpath: //button[contains(text(),'Logout')]]
verify tab[[ChromeDriver: chrome on WINDOWS (1779389475f5b1b6a39a0869e4513b02)] -> xpath: //button[contains(text(),'Logout')]]
verify tab[[ChromeDriver: chrome on WINDOWS (1779389475f5b1b6a39a0869e4513b02)] -> xpath: //button[contains(text(),'Logout')]]
verify tab[[ChromeDriver: chrome on WINDOWS (1779389475f5b1b6a39a0869e4513b02)] -> xpath: //button[contains(text(),'Logout')]]
verify tab[[ChromeDriver: chrome on WINDOWS (1779389475f5b1b6a39a0869e4513b02)] -> xpath: //button[contains(text(),'Logout')]]
verify tab[[ChromeDriver: chrome on WINDOWS (1779389475f5b1b6a39a0869e4513b02)] -> xpath: //button[contains(text(),'Logout')]]
verify tab[[ChromeDriver: chrome on WINDOWS (1779389475f5b1b6a39a0869e4513b02)] -> xpath: //button[contains(text(),'Logout')]]
verify tab[[ChromeDriver: chrome on WINDOWS (1779389475f5b1b6a39a0869e4513b02)] -> xpath: //button[contains(text(),'Logout')]]
verify tab[[ChromeDriver: chrome on WINDOWS (1779389475f5b1b6a39a0869e4513b02)] -> xpath: //button[contains(text(),'Logout')]]
verify tab[[ChromeDriver: chrome on WINDOWS (1779389475f5b1b6a39a0869e4513b02)] -> xpath: //button[contains(text(),'Logout')]]
verify tab[[ChromeDriver: chrome on WINDOWS (1779389475f5b1b6a39a0869e4513b02)] -> xpath: //button[contains(text(),'Logout')]]
verify tab[[ChromeDriver: chrome on WINDOWS (1779389475f5b1b6a39a0869e4513b02)] -> xpath: //button[contains(text(),'Logout')]]
verify tab[[ChromeDriver: chrome on WINDOWS (1779389475f5b1b6a39a0869e4513b02)] -> xpath: //button[contains(text(),'Logout')]]
verify tab[[ChromeDriver: chrome on WINDOWS (1779389475f5b1b6a39a0869e4513b02)] -> xpath: //button[contains(text(),'Logout')]]
verify tab[[ChromeDriver: chrome on WINDOWS (1779389475f5b1b6a39a0869e4513b02)] -> xpath: //button[contains(text(),'Logout')]]
verify tab[[ChromeDriver: chrome on WINDOWS (1779389475f5b1b6a39a0869e4513b02)] -> xpath: //button[contains(text(),'Logout')]]
verify tab[[ChromeDriver: chrome on WINDOWS (1779389475f5b1b6a39a0869e4513b02)] -> xpath: //button[contains(text(),'Logout')]]
verify tab[[ChromeDriver: chrome on WINDOWS (1779389475f5b1b6a39a0869e4513b02)] -> xpath: //button[contains(text(),'Logout')]]
verify tab[[ChromeDriver: chrome on WINDOWS (1779389475f5b1b6a39a0869e4513b02)] -> xpath: //button[contains(text(),'Logout')]]
verify tab[[ChromeDriver: chrome on WINDOWS (1779389475f5b1b6a39a0869e4513b02)] -> xpath: //button[contains(text(),'Logout')]]
verify tab[[ChromeDriver: chrome on WINDOWS (1779389475f5b1b6a39a0869e4513b02)] -> xpath: //button[contains(text(),'Logout')]]
verify tab[[ChromeDriver: chrome on WINDOWS (1779389475f5b1b6a39a0869e4513b02)] -> xpath: //button[contains(text(),'Logout')]]
verify tab[[ChromeDriver: chrome on WINDOWS (1779389475f5b1b6a39a0869e4513b02)] -> xpath: //button[contains(text(),'Logout')]]
verify tab[[ChromeDriver: chrome on WINDOWS (1779389475f5b1b6a39a0869e4513b02)] -> xpath: //button[contains(text(),'Logout')]]
verify tab[[ChromeDriver: chrome on WINDOWS (1779389475f5b1b6a39a0869e4513b02)] -> xpath: //button[contains(text(),'Logout')]]
verify tab[[ChromeDriver: chrome on WINDOWS (1779389475f5b1b6a39a0869e4513b02)] -> xpath: //button[contains(text(),'Logout')]]
verify tab[[ChromeDriver: chrome on WINDOWS (1779389475f5b1b6a39a0869e4513b02)] -> xpath: //button[contains(text(),'Logout')]]
verify tab[[ChromeDriver: chrome on WINDOWS (1779389475f5b1b6a39a0869e4513b02)] -> xpath: //button[contains(text(),'Logout')]]
verify tab[[ChromeDriver: chrome on WINDOWS (1779389475f5b1b6a39a0869e4513b02)] -> xpath: //button[contains(text(),'Logout')]]
verify tab[[ChromeDriver: chrome on WINDOWS (1779389475f5b1b6a39a0869e4513b02)] -> xpath: //button[contains(text(),'Logout')]]
verify tab[[ChromeDriver: chrome on WINDOWS (1779389475f5b1b6a39a0869e4513b02)] -> xpath: //button[contains(text(),'Logout')]]
verify tab[[ChromeDriver: chrome on WINDOWS (1779389475f5b1b6a39a0869e4513b02)] -> xpath: //button[contains(text(),'Logout')]]
verify tab[[ChromeDriver: chrome on WINDOWS (1779389475f5b1b6a39a0869e4513b02)] -> xpath: //button[contains(text(),'Logout')]]
verify tab[[ChromeDriver: chrome on WINDOWS (1779389475f5b1b6a39a0869e4513b02)] -> xpath: //button[contains(text(),'Logout')]]
verify tab[[ChromeDriver: chrome on WINDOWS (1779389475f5b1b6a39a0869e4513b02)] -> xpath: //button[contains(text(),'Logout')]]
verify tab[[ChromeDriver: chrome on WINDOWS (1779389475f5b1b6a39a0869e4513b02)] -> xpath: //button[contains(text(),'Logout')]]
verify tab[[ChromeDriver: chrome on WINDOWS (1779389475f5b1b6a39a0869e4513b02)] -> xpath: //button[contains(text(),'Logout')]]
verify tab[[ChromeDriver: chrome on WINDOWS (1779389475f5b1b6a39a0869e4513b02)] -> xpath: //button[contains(text(),'Logout')]]
verify tab[[ChromeDriver: chrome on WINDOWS (1779389475f5b1b6a39a0869e4513b02)] -> xpath: //button[contains(text(),'Logout')]]
verify tab[[ChromeDriver: chrome on WINDOWS (1779389475f5b1b6a39a0869e4513b02)] -> xpath: //button[contains(text(),'Logout')]]
verify tab[[ChromeDriver: chrome on WINDOWS (1779389475f5b1b6a39a0869e4513b02)] -> xpath: //button[contains(text(),'Logout')]]
verify tab[[ChromeDriver: chrome on WINDOWS (1779389475f5b1b6a39a0869e4513b02)] -> xpath: //button[contains(text(),'Logout')]]
verify tab[[ChromeDriver: chrome on WINDOWS (1779389475f5b1b6a39a0869e4513b02)] -> xpath: //button[contains(text(),'Logout')]]
verify tab[[ChromeDriver: chrome on WINDOWS (1779389475f5b1b6a39a0869e4513b02)] -> xpath: //button[contains(text(),'Logout')]]
verify tab[[ChromeDriver: chrome on WINDOWS (1779389475f5b1b6a39a0869e4513b02)] -> xpath: //button[contains(text(),'Logout')]]
verify tab[[ChromeDriver: chrome on WINDOWS (1779389475f5b1b6a39a0869e4513b02)] -> xpath: //button[contains(text(),'Logout')]]
verify tab[[ChromeDriver: chrome on WINDOWS (1779389475f5b1b6a39a0869e4513b02)] -> xpath: //button[contains(text(),'Logout')]]
verify tab[[ChromeDriver: chrome on WINDOWS (1779389475f5b1b6a39a0869e4513b02)] -> xpath: //button[contains(text(),'Logout')]]
verify tab[[ChromeDriver: chrome on WINDOWS (1779389475f5b1b6a39a0869e4513b02)] -> xpath: //button[contains(text(),'Logout')]]
verify tab[[ChromeDriver: chrome on WINDOWS (1779389475f5b1b6a39a0869e4513b02)] -> xpath: //button[contains(text(),'Logout')]]
verify tab[[ChromeDriver: chrome on WINDOWS (1779389475f5b1b6a39a0869e4513b02)] -> xpath: //button[contains(text(),'Logout')]]
verify tab[[ChromeDriver: chrome on WINDOWS (1779389475f5b1b6a39a0869e4513b02)] -> xpath: //button[contains(text(),'Logout')]]
verify tab[[ChromeDriver: chrome on WINDOWS (1779389475f5b1b6a39a0869e4513b02)] -> xpath: //button[contains(text(),'Logout')]]
verify tab[[ChromeDriver: chrome on WINDOWS (1779389475f5b1b6a39a0869e4513b02)] -> xpath: //button[contains(text(),'Logout')]]
verify tab[[ChromeDriver: chrome on WINDOWS (1779389475f5b1b6a39a0869e4513b02)] -> xpath: //button[contains(text(),'Logout')]]
verify tab[[ChromeDriver: chrome on WINDOWS (1779389475f5b1b6a39a0869e4513b02)] -> xpath: //button[contains(text(),'Logout')]]
verify tab[[ChromeDriver: chrome on WINDOWS (1779389475f5b1b6a39a0869e4513b02)] -> xpath: //button[contains(text(),'Logout')]]
verify tab[[ChromeDriver: chrome on WINDOWS (1779389475f5b1b6a39a0869e4513b02)] -> xpath: //button[contains(text(),'Logout')]]
verify tab[[ChromeDriver: chrome on WINDOWS (1779389475f5b1b6a39a0869e4513b02)] -> xpath: //button[contains(text(),'Logout')]]
verify tab[[ChromeDriver: chrome on WINDOWS (1779389475f5b1b6a39a0869e4513b02)] -> xpath: //button[contains(text(),'Logout')]]
verify tab[[ChromeDriver: chrome on WINDOWS (1779389475f5b1b6a39a0869e4513b02)] -> xpath: //button[contains(text(),'Logout')]]
verify tab[[ChromeDriver: chrome on WINDOWS (1779389475f5b1b6a39a0869e4513b02)] -> xpath: //button[contains(text(),'Logout')]]
verify tab[[ChromeDriver: chrome on WINDOWS (1779389475f5b1b6a39a0869e4513b02)] -> xpath: //button[contains(text(),'Logout')]]
verify tab[[ChromeDriver: chrome on WINDOWS (1779389475f5b1b6a39a0869e4513b02)] -> xpath: //button[contains(text(),'Logout')]]
verify tab[[ChromeDriver: chrome on WINDOWS (1779389475f5b1b6a39a0869e4513b02)] -> xpath: //button[contains(text(),'Logout')]]
verify tab[[ChromeDriver: chrome on WINDOWS (1779389475f5b1b6a39a0869e4513b02)] -> xpath: //button[contains(text(),'Logout')]]
verify tab[[ChromeDriver: chrome on WINDOWS (1779389475f5b1b6a39a0869e4513b02)] -> xpath: //button[contains(text(),'Logout')]]
verify tab[[ChromeDriver: chrome on WINDOWS (1779389475f5b1b6a39a0869e4513b02)] -> xpath: //button[contains(text(),'Logout')]]
verify tab[[ChromeDriver: chrome on WINDOWS (1779389475f5b1b6a39a0869e4513b02)] -> xpath: //button[contains(text(),'Logout')]]
verify tab[[ChromeDriver: chrome on WINDOWS (1779389475f5b1b6a39a0869e4513b02)] -> xpath: //button[contains(text(),'Logout')]]
verify tab[[ChromeDriver: chrome on WINDOWS (1779389475f5b1b6a39a0869e4513b02)] -> xpath: //button[contains(text(),'Logout')]]
verify tab[[ChromeDriver: chrome on WINDOWS (1779389475f5b1b6a39a0869e4513b02)] -> xpath: //button[contains(text(),'Logout')]]
verify tab[[ChromeDriver: chrome on WINDOWS (1779389475f5b1b6a39a0869e4513b02)] -> xpath: //button[contains(text(),'Logout')]]
verify tab[[ChromeDriver: chrome on WINDOWS (1779389475f5b1b6a39a0869e4513b02)] -> xpath: //button[contains(text(),'Logout')]]
verify tab[[ChromeDriver: chrome on WINDOWS (1779389475f5b1b6a39a0869e4513b02)] -> xpath: //button[contains(text(),'Logout')]]
verify tab[[ChromeDriver: chrome on WINDOWS (1779389475f5b1b6a39a0869e4513b02)] -> xpath: //button[contains(text(),'Logout')]]
verify tab[[ChromeDriver: chrome on WINDOWS (1779389475f5b1b6a39a0869e4513b02)] -> xpath: //button[contains(text(),'Logout')]]
verify tab[[ChromeDriver: chrome on WINDOWS (1779389475f5b1b6a39a0869e4513b02)] -> xpath: //button[contains(text(),'Logout')]]
verify tab[[ChromeDriver: chrome on WINDOWS (1779389475f5b1b6a39a0869e4513b02)] -> xpath: //button[contains(text(),'Logout')]]
verify tab[[ChromeDriver: chrome on WINDOWS (1779389475f5b1b6a39a0869e4513b02)] -> xpath: //button[contains(text(),'Logout')]]
verify tab[[ChromeDriver: chrome on WINDOWS (1779389475f5b1b6a39a0869e4513b02)] -> xpath: //button[contains(text(),'Logout')]]
verify tab[[ChromeDriver: chrome on WINDOWS (1779389475f5b1b6a39a0869e4513b02)] -> xpath: //button[contains(text(),'Logout')]]
verify tab[[ChromeDriver: chrome on WINDOWS (1779389475f5b1b6a39a0869e4513b02)] -> xpath: //button[contains(text(),'Logout')]]
verify tab[[ChromeDriver: chrome on WINDOWS (1779389475f5b1b6a39a0869e4513b02)] -> xpath: //button[contains(text(),'Logout')]]
verify tab[[ChromeDriver: chrome on WINDOWS (1779389475f5b1b6a39a0869e4513b02)] -> xpath: //button[contains(text(),'Logout')]]
verify tab[[ChromeDriver: chrome on WINDOWS (1779389475f5b1b6a39a0869e4513b02)] -> xpath: //button[contains(text(),'Logout')]]
verify tab[[ChromeDriver: chrome on WINDOWS (1779389475f5b1b6a39a0869e4513b02)] -> xpath: //button[contains(text(),'Logout')]]
verify tab[[ChromeDriver: chrome on WINDOWS (1779389475f5b1b6a39a0869e4513b02)] -> xpath: //button[contains(text(),'Logout')]]
verify tab[[ChromeDriver: chrome on WINDOWS (1779389475f5b1b6a39a0869e4513b02)] -> xpath: //button[contains(text(),'Logout')]]
verify tab[[ChromeDriver: chrome on WINDOWS (1779389475f5b1b6a39a0869e4513b02)] -> xpath: //button[contains(text(),'Logout')]]
verify tab[[ChromeDriver: chrome on WINDOWS (1779389475f5b1b6a39a0869e4513b02)] -> xpath: //button[contains(text(),'Logout')]]
verify tab[[ChromeDriver: chrome on WINDOWS (1779389475f5b1b6a39a0869e4513b02)] -> xpath: //button[contains(text(),'Logout')]]
verify tab[[ChromeDriver: chrome on WINDOWS (1779389475f5b1b6a39a0869e4513b02)] -> xpath: //button[contains(text(),'Logout')]]
verify tab[[ChromeDriver: chrome on WINDOWS (1779389475f5b1b6a39a0869e4513b02)] -> xpath: //button[contains(text(),'Logout')]]
verify tab[[ChromeDriver: chrome on WINDOWS (1779389475f5b1b6a39a0869e4513b02)] -> xpath: //button[contains(text(),'Logout')]]
verify tab[[ChromeDriver: chrome on WINDOWS (1779389475f5b1b6a39a0869e4513b02)] -> xpath: //button[contains(text(),'Logout')]]
verify tab[[ChromeDriver: chrome on WINDOWS (1779389475f5b1b6a39a0869e4513b02)] -> xpath: //button[contains(text(),'Logout')]]
verify tab[[ChromeDriver: chrome on WINDOWS (1779389475f5b1b6a39a0869e4513b02)] -> xpath: //button[contains(text(),'Logout')]]
verify tab[[ChromeDriver: chrome on WINDOWS (1779389475f5b1b6a39a0869e4513b02)] -> xpath: //button[contains(text(),'Logout')]]
verify tab[[ChromeDriver: chrome on WINDOWS (1779389475f5b1b6a39a0869e4513b02)] -> xpath: //button[contains(text(),'Logout')]]
verify tab[[ChromeDriver: chrome on WINDOWS (1779389475f5b1b6a39a0869e4513b02)] -> xpath: //button[contains(text(),'Logout')]]
verify tab[[ChromeDriver: chrome on WINDOWS (1779389475f5b1b6a39a0869e4513b02)] -> xpath: //button[contains(text(),'Logout')]]
verify tab[[ChromeDriver: chrome on WINDOWS (1779389475f5b1b6a39a0869e4513b02)] -> xpath: //button[contains(text(),'Logout')]]
verify tab[[ChromeDriver: chrome on WINDOWS (1779389475f5b1b6a39a0869e4513b02)] -> xpath: //button[contains(text(),'Logout')]]
verify tab[[ChromeDriver: chrome on WINDOWS (1779389475f5b1b6a39a0869e4513b02)] -> xpath: //button[contains(text(),'Logout')]]
verify tab[[ChromeDriver: chrome on WINDOWS (1779389475f5b1b6a39a0869e4513b02)] -> xpath: //button[contains(text(),'Logout')]]
verify tab[[ChromeDriver: chrome on WINDOWS (1779389475f5b1b6a39a0869e4513b02)] -> xpath: //button[contains(text(),'Logout')]]
verify tab[[ChromeDriver: chrome on WINDOWS (1779389475f5b1b6a39a0869e4513b02)] -> xpath: //button[contains(text(),'Logout')]]
verify tab[[ChromeDriver: chrome on WINDOWS (1779389475f5b1b6a39a0869e4513b02)] -> xpath: //button[contains(text(),'Logout')]]
verify tab[[ChromeDriver: chrome on WINDOWS (1779389475f5b1b6a39a0869e4513b02)] -> xpath: //button[contains(text(),'Logout')]]
verify tab[[ChromeDriver: chrome on WINDOWS (1779389475f5b1b6a39a0869e4513b02)] -> xpath: //button[contains(text(),'Logout')]]
verify tab[[ChromeDriver: chrome on WINDOWS (1779389475f5b1b6a39a0869e4513b02)] -> xpath: //button[contains(text(),'Logout')]]
verify tab[[ChromeDriver: chrome on WINDOWS (1779389475f5b1b6a39a0869e4513b02)] -> xpath: //button[contains(text(),'Logout')]]
verify tab[[ChromeDriver: chrome on WINDOWS (1779389475f5b1b6a39a0869e4513b02)] -> xpath: //button[contains(text(),'Logout')]]
verify tab[[ChromeDriver: chrome on WINDOWS (1779389475f5b1b6a39a0869e4513b02)] -> xpath: //button[contains(text(),'Logout')]]
verify tab[[ChromeDriver: chrome on WINDOWS (1779389475f5b1b6a39a0869e4513b02)] -> xpath: //button[contains(text(),'Logout')]]
verify tab[[ChromeDriver: chrome on WINDOWS (1779389475f5b1b6a39a0869e4513b02)] -> xpath: //button[contains(text(),'Logout')]]
verify tab[[ChromeDriver: chrome on WINDOWS (1779389475f5b1b6a39a0869e4513b02)] -> xpath: //button[contains(text(),'Logout')]]
verify tab[[ChromeDriver: chrome on WINDOWS (1779389475f5b1b6a39a0869e4513b02)] -> xpath: //button[contains(text(),'Logout')]]
verify tab[[ChromeDriver: chrome on WINDOWS (1779389475f5b1b6a39a0869e4513b02)] -> xpath: //button[contains(text(),'Logout')]]
verify tab[[ChromeDriver: chrome on WINDOWS (1779389475f5b1b6a39a0869e4513b02)] -> xpath: //button[contains(text(),'Logout')]]
verify tab[[ChromeDriver: chrome on WINDOWS (1779389475f5b1b6a39a0869e4513b02)] -> xpath: //button[contains(text(),'Logout')]]
verify tab[[ChromeDriver: chrome on WINDOWS (1779389475f5b1b6a39a0869e4513b02)] -> xpath: //button[contains(text(),'Logout')]]
verify tab[[ChromeDriver: chrome on WINDOWS (1779389475f5b1b6a39a0869e4513b02)] -> xpath: //button[contains(text(),'Logout')]]
verify tab[[ChromeDriver: chrome on WINDOWS (1779389475f5b1b6a39a0869e4513b02)] -> xpath: //button[contains(text(),'Logout')]]
verify tab[[ChromeDriver: chrome on WINDOWS (1779389475f5b1b6a39a0869e4513b02)] -> xpath: //button[contains(text(),'Logout')]]
verify tab[[ChromeDriver: chrome on WINDOWS (1779389475f5b1b6a39a0869e4513b02)] -> xpath: //button[contains(text(),'Logout')]]
verify tab[[ChromeDriver: chrome on WINDOWS (1779389475f5b1b6a39a0869e4513b02)] -> xpath: //button[contains(text(),'Logout')]]
verify tab[[ChromeDriver: chrome on WINDOWS (1779389475f5b1b6a39a0869e4513b02)] -> xpath: //button[contains(text(),'Logout')]]
verify tab[[ChromeDriver: chrome on WINDOWS (1779389475f5b1b6a39a0869e4513b02)] -> xpath: //button[contains(text(),'Logout')]]
verify tab[[ChromeDriver: chrome on WINDOWS (1779389475f5b1b6a39a0869e4513b02)] -> xpath: //button[contains(text(),'Logout')]]
verify tab[[ChromeDriver: chrome on WINDOWS (1779389475f5b1b6a39a0869e4513b02)] -> xpath: //button[contains(text(),'Logout')]]
verify tab[[ChromeDriver: chrome on WINDOWS (1779389475f5b1b6a39a0869e4513b02)] -> xpath: //button[contains(text(),'Logout')]]
verify tab[[ChromeDriver: chrome on WINDOWS (1779389475f5b1b6a39a0869e4513b02)] -> xpath: //button[contains(text(),'Logout')]]
verify tab[[ChromeDriver: chrome on WINDOWS (1779389475f5b1b6a39a0869e4513b02)] -> xpath: //button[contains(text(),'Logout')]]
verify tab[[ChromeDriver: chrome on WINDOWS (1779389475f5b1b6a39a0869e4513b02)] -> xpath: //button[contains(text(),'Logout')]]
verify tab[[ChromeDriver: chrome on WINDOWS (1779389475f5b1b6a39a0869e4513b02)] -> xpath: //button[contains(text(),'Logout')]]
verify tab[[ChromeDriver: chrome on WINDOWS (1779389475f5b1b6a39a0869e4513b02)] -> xpath: //button[contains(text(),'Logout')]]
verify tab[[ChromeDriver: chrome on WINDOWS (1779389475f5b1b6a39a0869e4513b02)] -> xpath: //button[contains(text(),'Logout')]]
verify tab[[ChromeDriver: chrome on WINDOWS (1779389475f5b1b6a39a0869e4513b02)] -> xpath: //button[contains(text(),'Logout')]]
verify tab[[ChromeDriver: chrome on WINDOWS (1779389475f5b1b6a39a0869e4513b02)] -> xpath: //button[contains(text(),'Logout')]]
verify tab[[ChromeDriver: chrome on WINDOWS (1779389475f5b1b6a39a0869e4513b02)] -> xpath: //button[contains(text(),'Logout')]]
verify tab[[ChromeDriver: chrome on WINDOWS (1779389475f5b1b6a39a0869e4513b02)] -> xpath: //button[contains(text(),'Logout')]]
verify tab[[ChromeDriver: chrome on WINDOWS (1779389475f5b1b6a39a0869e4513b02)] -> xpath: //button[contains(text(),'Logout')]]
verify tab[[ChromeDriver: chrome on WINDOWS (1779389475f5b1b6a39a0869e4513b02)] -> xpath: //button[contains(text(),'Logout')]]
verify tab[[ChromeDriver: chrome on WINDOWS (1779389475f5b1b6a39a0869e4513b02)] -> xpath: //button[contains(text(),'Logout')]]
verify tab[[ChromeDriver: chrome on WINDOWS (1779389475f5b1b6a39a0869e4513b02)] -> xpath: //button[contains(text(),'Logout')]]
verify tab[[ChromeDriver: chrome on WINDOWS (1779389475f5b1b6a39a0869e4513b02)] -> xpath: //button[contains(text(),'Logout')]]
verify tab[[ChromeDriver: chrome on WINDOWS (1779389475f5b1b6a39a0869e4513b02)] -> xpath: //button[contains(text(),'Logout')]]
verify tab[[ChromeDriver: chrome on WINDOWS (1779389475f5b1b6a39a0869e4513b02)] -> xpath: //button[contains(text(),'Logout')]]
verify tab[[ChromeDriver: chrome on WINDOWS (1779389475f5b1b6a39a0869e4513b02)] -> xpath: //button[contains(text(),'Logout')]]
verify tab[[ChromeDriver: chrome on WINDOWS (1779389475f5b1b6a39a0869e4513b02)] -> xpath: //button[contains(text(),'Logout')]]
verify tab[[ChromeDriver: chrome on WINDOWS (1779389475f5b1b6a39a0869e4513b02)] -> xpath: //button[contains(text(),'Logout')]]
verify tab[[ChromeDriver: chrome on WINDOWS (1779389475f5b1b6a39a0869e4513b02)] -> xpath: //button[contains(text(),'Logout')]]
verify tab[[ChromeDriver: chrome on WINDOWS (1779389475f5b1b6a39a0869e4513b02)] -> xpath: //button[contains(text(),'Logout')]]
verify tab[[ChromeDriver: chrome on WINDOWS (1779389475f5b1b6a39a0869e4513b02)] -> xpath: //button[contains(text(),'Logout')]]
verify tab[[ChromeDriver: chrome on WINDOWS (1779389475f5b1b6a39a0869e4513b02)] -> xpath: //button[contains(text(),'Logout')]]
verify tab[[ChromeDriver: chrome on WINDOWS (1779389475f5b1b6a39a0869e4513b02)] -> xpath: //button[contains(text(),'Logout')]]
verify tab[[ChromeDriver: chrome on WINDOWS (1779389475f5b1b6a39a0869e4513b02)] -> xpath: //button[contains(text(),'Logout')]]
verify tab[[ChromeDriver: chrome on WINDOWS (1779389475f5b1b6a39a0869e4513b02)] -> xpath: //button[contains(text(),'Logout')]]
verify tab[[ChromeDriver: chrome on WINDOWS (1779389475f5b1b6a39a0869e4513b02)] -> xpath: //button[contains(text(),'Logout')]]
verify tab[[ChromeDriver: chrome on WINDOWS (1779389475f5b1b6a39a0869e4513b02)] -> xpath: //button[contains(text(),'Logout')]]
verify tab[[ChromeDriver: chrome on WINDOWS (1779389475f5b1b6a39a0869e4513b02)] -> xpath: //button[contains(text(),'Logout')]]
verify tab[[ChromeDriver: chrome on WINDOWS (1779389475f5b1b6a39a0869e4513b02)] -> xpath: //button[contains(text(),'Logout')]]
verify tab[[ChromeDriver: chrome on WINDOWS (1779389475f5b1b6a39a0869e4513b02)] -> xpath: //button[contains(text(),'Logout')]]
verify tab[[ChromeDriver: chrome on WINDOWS (1779389475f5b1b6a39a0869e4513b02)] -> xpath: //button[contains(text(),'Logout')]]
verify tab[[ChromeDriver: chrome on WINDOWS (1779389475f5b1b6a39a0869e4513b02)] -> xpath: //button[contains(text(),'Logout')]]
verify tab[[ChromeDriver: chrome on WINDOWS (1779389475f5b1b6a39a0869e4513b02)] -> xpath: //button[contains(text(),'Logout')]]
verify tab[[ChromeDriver: chrome on WINDOWS (1779389475f5b1b6a39a0869e4513b02)] -> xpath: //button[contains(text(),'Logout')]]
verify tab[[ChromeDriver: chrome on WINDOWS (1779389475f5b1b6a39a0869e4513b02)] -> xpath: //button[contains(text(),'Logout')]]
verify tab[[ChromeDriver: chrome on WINDOWS (1779389475f5b1b6a39a0869e4513b02)] -> xpath: //button[contains(text(),'Logout')]]
verify tab[[ChromeDriver: chrome on WINDOWS (1779389475f5b1b6a39a0869e4513b02)] -> xpath: //button[contains(text(),'Logout')]]
verify tab[[ChromeDriver: chrome on WINDOWS (1779389475f5b1b6a39a0869e4513b02)] -> xpath: //button[contains(text(),'Logout')]]
verify tab[[ChromeDriver: chrome on WINDOWS (1779389475f5b1b6a39a0869e4513b02)] -> xpath: //button[contains(text(),'Logout')]]
verify tab[[ChromeDriver: chrome on WINDOWS (1779389475f5b1b6a39a0869e4513b02)] -> xpath: //button[contains(text(),'Logout')]]
verify tab[[ChromeDriver: chrome on WINDOWS (1779389475f5b1b6a39a0869e4513b02)] -> xpath: //button[contains(text(),'Logout')]]
verify tab[[ChromeDriver: chrome on WINDOWS (1779389475f5b1b6a39a0869e4513b02)] -> xpath: //button[contains(text(),'Logout')]]
verify tab[[ChromeDriver: chrome on WINDOWS (1779389475f5b1b6a39a0869e4513b02)] -> xpath: //button[contains(text(),'Logout')]]
verify tab[[ChromeDriver: chrome on WINDOWS (1779389475f5b1b6a39a0869e4513b02)] -> xpath: //button[contains(text(),'Logout')]]
verify tab[[ChromeDriver: chrome on WINDOWS (1779389475f5b1b6a39a0869e4513b02)] -> xpath: //button[contains(text(),'Logout')]]
verify tab[[ChromeDriver: chrome on WINDOWS (1779389475f5b1b6a39a0869e4513b02)] -> xpath: //button[contains(text(),'Logout')]]
verify tab[[ChromeDriver: chrome on WINDOWS (1779389475f5b1b6a39a0869e4513b02)] -> xpath: //button[contains(text(),'Logout')]]
verify tab[[ChromeDriver: chrome on WINDOWS (1779389475f5b1b6a39a0869e4513b02)] -> xpath: //button[contains(text(),'Logout')]]
verify tab[[ChromeDriver: chrome on WINDOWS (1779389475f5b1b6a39a0869e4513b02)] -> xpath: //button[contains(text(),'Logout')]]
verify tab[[ChromeDriver: chrome on WINDOWS (1779389475f5b1b6a39a0869e4513b02)] -> xpath: //button[contains(text(),'Logout')]]
verify tab[[ChromeDriver: chrome on WINDOWS (1779389475f5b1b6a39a0869e4513b02)] -> xpath: //button[contains(text(),'Logout')]]
verify tab[[ChromeDriver: chrome on WINDOWS (1779389475f5b1b6a39a0869e4513b02)] -> xpath: //button[contains(text(),'Logout')]]
verify tab[[ChromeDriver: chrome on WINDOWS (1779389475f5b1b6a39a0869e4513b02)] -> xpath: //button[contains(text(),'Logout')]]
verify tab[[ChromeDriver: chrome on WINDOWS (1779389475f5b1b6a39a0869e4513b02)] -> xpath: //button[contains(text(),'Logout')]]
verify tab[[ChromeDriver: chrome on WINDOWS (1779389475f5b1b6a39a0869e4513b02)] -> xpath: //button[contains(text(),'Logout')]]
verify tab[[ChromeDriver: chrome on WINDOWS (1779389475f5b1b6a39a0869e4513b02)] -> xpath: //button[contains(text(),'Logout')]]
verify tab[[ChromeDriver: chrome on WINDOWS (1779389475f5b1b6a39a0869e4513b02)] -> xpath: //button[contains(text(),'Logout')]]
verify tab[[ChromeDriver: chrome on WINDOWS (1779389475f5b1b6a39a0869e4513b02)] -> xpath: //button[contains(text(),'Logout')]]
verify tab[[ChromeDriver: chrome on WINDOWS (1779389475f5b1b6a39a0869e4513b02)] -> xpath: //button[contains(text(),'Logout')]]
verify tab[[ChromeDriver: chrome on WINDOWS (1779389475f5b1b6a39a0869e4513b02)] -> xpath: //button[contains(text(),'Logout')]]
verify tab[[ChromeDriver: chrome on WINDOWS (1779389475f5b1b6a39a0869e4513b02)] -> xpath: //button[contains(text(),'Logout')]]
verify tab[[ChromeDriver: chrome on WINDOWS (1779389475f5b1b6a39a0869e4513b02)] -> xpath: //button[contains(text(),'Logout')]]
verify tab[[ChromeDriver: chrome on WINDOWS (1779389475f5b1b6a39a0869e4513b02)] -> xpath: //button[contains(text(),'Logout')]]
verify tab[[ChromeDriver: chrome on WINDOWS (1779389475f5b1b6a39a0869e4513b02)] -> xpath: //button[contains(text(),'Logout')]]
verify tab[[ChromeDriver: chrome on WINDOWS (1779389475f5b1b6a39a0869e4513b02)] -> xpath: //button[contains(text(),'Logout')]]
verify tab[[ChromeDriver: chrome on WINDOWS (1779389475f5b1b6a39a0869e4513b02)] -> xpath: //button[contains(text(),'Logout')]]
verify tab[[ChromeDriver: chrome on WINDOWS (1779389475f5b1b6a39a0869e4513b02)] -> xpath: //button[contains(text(),'Logout')]]
verify tab[[ChromeDriver: chrome on WINDOWS (1779389475f5b1b6a39a0869e4513b02)] -> xpath: //button[contains(text(),'Logout')]]
verify tab[[ChromeDriver: chrome on WINDOWS (1779389475f5b1b6a39a0869e4513b02)] -> xpath: //button[contains(text(),'Logout')]]
verify tab[[ChromeDriver: chrome on WINDOWS (1779389475f5b1b6a39a0869e4513b02)] -> xpath: //button[contains(text(),'Logout')]]
verify tab[[ChromeDriver: chrome on WINDOWS (1779389475f5b1b6a39a0869e4513b02)] -> xpath: //button[contains(text(),'Logout')]]
verify tab[[ChromeDriver: chrome on WINDOWS (1779389475f5b1b6a39a0869e4513b02)] -> xpath: //button[contains(text(),'Logout')]]
verify tab[[ChromeDriver: chrome on WINDOWS (1779389475f5b1b6a39a0869e4513b02)] -> xpath: //button[contains(text(),'Logout')]]
verify tab[[ChromeDriver: chrome on WINDOWS (1779389475f5b1b6a39a0869e4513b02)] -> xpath: //button[contains(text(),'Logout')]]
verify tab[[ChromeDriver: chrome on WINDOWS (1779389475f5b1b6a39a0869e4513b02)] -> xpath: //button[contains(text(),'Logout')]]
verify tab[[ChromeDriver: chrome on WINDOWS (1779389475f5b1b6a39a0869e4513b02)] -> xpath: //button[contains(text(),'Logout')]]
verify tab[[ChromeDriver: chrome on WINDOWS (1779389475f5b1b6a39a0869e4513b02)] -> xpath: //button[contains(text(),'Logout')]]
verify tab[[ChromeDriver: chrome on WINDOWS (1779389475f5b1b6a39a0869e4513b02)] -> xpath: //button[contains(text(),'Logout')]]
verify tab[[ChromeDriver: chrome on WINDOWS (1779389475f5b1b6a39a0869e4513b02)] -> xpath: //button[contains(text(),'Logout')]]
verify tab[[ChromeDriver: chrome on WINDOWS (1779389475f5b1b6a39a0869e4513b02)] -> xpath: //button[contains(text(),'Logout')]]
verify tab[[ChromeDriver: chrome on WINDOWS (1779389475f5b1b6a39a0869e4513b02)] -> xpath: //button[contains(text(),'Logout')]]
verify tab[[ChromeDriver: chrome on WINDOWS (1779389475f5b1b6a39a0869e4513b02)] -> xpath: //button[contains(text(),'Logout')]]
verify tab[[ChromeDriver: chrome on WINDOWS (1779389475f5b1b6a39a0869e4513b02)] -> xpath: //button[contains(text(),'Logout')]]
verify tab[[ChromeDriver: chrome on WINDOWS (1779389475f5b1b6a39a0869e4513b02)] -> xpath: //button[contains(text(),'Logout')]]
verify tab[[ChromeDriver: chrome on WINDOWS (1779389475f5b1b6a39a0869e4513b02)] -> xpath: //button[contains(text(),'Logout')]]
verify tab[[ChromeDriver: chrome on WINDOWS (1779389475f5b1b6a39a0869e4513b02)] -> xpath: //button[contains(text(),'Logout')]]
verify tab[[ChromeDriver: chrome on WINDOWS (1779389475f5b1b6a39a0869e4513b02)] -> xpath: //button[contains(text(),'Logout')]]
verify tab[[ChromeDriver: chrome on WINDOWS (1779389475f5b1b6a39a0869e4513b02)] -> xpath: //button[contains(text(),'Logout')]]
verify tab[[ChromeDriver: chrome on WINDOWS (1779389475f5b1b6a39a0869e4513b02)] -> xpath: //button[contains(text(),'Logout')]]
verify tab[[ChromeDriver: chrome on WINDOWS (1779389475f5b1b6a39a0869e4513b02)] -> xpath: //button[contains(text(),'Logout')]]
verify tab[[ChromeDriver: chrome on WINDOWS (1779389475f5b1b6a39a0869e4513b02)] -> xpath: //button[contains(text(),'Logout')]]
verify tab[[ChromeDriver: chrome on WINDOWS (1779389475f5b1b6a39a0869e4513b02)] -> xpath: //button[contains(text(),'Logout')]]
verify tab[[ChromeDriver: chrome on WINDOWS (1779389475f5b1b6a39a0869e4513b02)] -> xpath: //button[contains(text(),'Logout')]]
verify tab[[ChromeDriver: chrome on WINDOWS (1779389475f5b1b6a39a0869e4513b02)] -> xpath: //button[contains(text(),'Logout')]]
verify tab[[ChromeDriver: chrome on WINDOWS (1779389475f5b1b6a39a0869e4513b02)] -> xpath: //button[contains(text(),'Logout')]]
verify tab[[ChromeDriver: chrome on WINDOWS (1779389475f5b1b6a39a0869e4513b02)] -> xpath: //button[contains(text(),'Logout')]]
verify tab[[ChromeDriver: chrome on WINDOWS (1779389475f5b1b6a39a0869e4513b02)] -> xpath: //button[contains(text(),'Logout')]]
verify tab[[ChromeDriver: chrome on WINDOWS (1779389475f5b1b6a39a0869e4513b02)] -> xpath: //button[contains(text(),'Logout')]]
verify tab[[ChromeDriver: chrome on WINDOWS (1779389475f5b1b6a39a0869e4513b02)] -> xpath: //button[contains(text(),'Logout')]]
verify tab[[ChromeDriver: chrome on WINDOWS (1779389475f5b1b6a39a0869e4513b02)] -> xpath: //button[contains(text(),'Logout')]]
verify tab[[ChromeDriver: chrome on WINDOWS (1779389475f5b1b6a39a0869e4513b02)] -> xpath: //button[contains(text(),'Logout')]]
verify tab[[ChromeDriver: chrome on WINDOWS (1779389475f5b1b6a39a0869e4513b02)] -> xpath: //button[contains(text(),'Logout')]]
verify tab[[ChromeDriver: chrome on WINDOWS (1779389475f5b1b6a39a0869e4513b02)] -> xpath: //button[contains(text(),'Logout')]]
verify tab[[ChromeDriver: chrome on WINDOWS (1779389475f5b1b6a39a0869e4513b02)] -> xpath: //button[contains(text(),'Logout')]]
verify tab[[ChromeDriver: chrome on WINDOWS (1779389475f5b1b6a39a0869e4513b02)] -> xpath: //button[contains(text(),'Logout')]]
verify tab[[ChromeDriver: chrome on WINDOWS (1779389475f5b1b6a39a0869e4513b02)] -> xpath: //button[contains(text(),'Logout')]]
verify tab[[ChromeDriver: chrome on WINDOWS (1779389475f5b1b6a39a0869e4513b02)] -> xpath: //button[contains(text(),'Logout')]]
verify tab[[ChromeDriver: chrome on WINDOWS (1779389475f5b1b6a39a0869e4513b02)] -> xpath: //button[contains(text(),'Logout')]]
verify tab[[ChromeDriver: chrome on WINDOWS (1779389475f5b1b6a39a0869e4513b02)] -> xpath: //button[contains(text(),'Logout')]]
verify tab[[ChromeDriver: chrome on WINDOWS (1779389475f5b1b6a39a0869e4513b02)] -> xpath: //button[contains(text(),'Logout')]]
verify tab[[ChromeDriver: chrome on WINDOWS (1779389475f5b1b6a39a0869e4513b02)] -> xpath: //button[contains(text(),'Logout')]]
verify tab[[ChromeDriver: chrome on WINDOWS (1779389475f5b1b6a39a0869e4513b02)] -> xpath: //button[contains(text(),'Logout')]]
verify tab[[ChromeDriver: chrome on WINDOWS (1779389475f5b1b6a39a0869e4513b02)] -> xpath: //button[contains(text(),'Logout')]]
verify tab[[ChromeDriver: chrome on WINDOWS (1779389475f5b1b6a39a0869e4513b02)] -> xpath: //button[contains(text(),'Logout')]]
verify tab[[ChromeDriver: chrome on WINDOWS (1779389475f5b1b6a39a0869e4513b02)] -> xpath: //button[contains(text(),'Logout')]]
verify tab[[ChromeDriver: chrome on WINDOWS (1779389475f5b1b6a39a0869e4513b02)] -> xpath: //button[contains(text(),'Logout')]]
verify tab[[ChromeDriver: chrome on WINDOWS (1779389475f5b1b6a39a0869e4513b02)] -> xpath: //button[contains(text(),'Logout')]]
verify tab[[ChromeDriver: chrome on WINDOWS (1779389475f5b1b6a39a0869e4513b02)] -> xpath: //button[contains(text(),'Logout')]]
verify tab[[ChromeDriver: chrome on WINDOWS (1779389475f5b1b6a39a0869e4513b02)] -> xpath: //button[contains(text(),'Logout')]]
verify tab[[ChromeDriver: chrome on WINDOWS (1779389475f5b1b6a39a0869e4513b02)] -> xpath: //button[contains(text(),'Logout')]]
verify tab[[ChromeDriver: chrome on WINDOWS (1779389475f5b1b6a39a0869e4513b02)] -> xpath: //button[contains(text(),'Logout')]]
verify tab[[ChromeDriver: chrome on WINDOWS (1779389475f5b1b6a39a0869e4513b02)] -> xpath: //button[contains(text(),'Logout')]]
verify tab[[ChromeDriver: chrome on WINDOWS (1779389475f5b1b6a39a0869e4513b02)] -> xpath: //button[contains(text(),'Logout')]]
verify tab[[ChromeDriver: chrome on WINDOWS (1779389475f5b1b6a39a0869e4513b02)] -> xpath: //button[contains(text(),'Logout')]]
verify tab[[ChromeDriver: chrome on WINDOWS (1779389475f5b1b6a39a0869e4513b02)] -> xpath: //button[contains(text(),'Logout')]]
verify tab[[ChromeDriver: chrome on WINDOWS (1779389475f5b1b6a39a0869e4513b02)] -> xpath: //button[contains(text(),'Logout')]]
verify tab[[ChromeDriver: chrome on WINDOWS (1779389475f5b1b6a39a0869e4513b02)] -> xpath: //button[contains(text(),'Logout')]]
verify tab[[ChromeDriver: chrome on WINDOWS (1779389475f5b1b6a39a0869e4513b02)] -> xpath: //button[contains(text(),'Logout')]]
verify tab[[ChromeDriver: chrome on WINDOWS (1779389475f5b1b6a39a0869e4513b02)] -> xpath: //button[contains(text(),'Logout')]]
verify tab[[ChromeDriver: chrome on WINDOWS (1779389475f5b1b6a39a0869e4513b02)] -> xpath: //button[contains(text(),'Logout')]]
verify tab[[ChromeDriver: chrome on WINDOWS (1779389475f5b1b6a39a0869e4513b02)] -> xpath: //button[contains(text(),'Logout')]]
verify tab[[ChromeDriver: chrome on WINDOWS (1779389475f5b1b6a39a0869e4513b02)] -> xpath: //button[contains(text(),'Logout')]]
verify tab[[ChromeDriver: chrome on WINDOWS (1779389475f5b1b6a39a0869e4513b02)] -> xpath: //button[contains(text(),'Logout')]]
verify tab[[ChromeDriver: chrome on WINDOWS (1779389475f5b1b6a39a0869e4513b02)] -> xpath: //button[contains(text(),'Logout')]]
verify tab[[ChromeDriver: chrome on WINDOWS (1779389475f5b1b6a39a0869e4513b02)] -> xpath: //button[contains(text(),'Logout')]]
verify tab[[ChromeDriver: chrome on WINDOWS (1779389475f5b1b6a39a0869e4513b02)] -> xpath: //button[contains(text(),'Logout')]]
verify tab[[ChromeDriver: chrome on WINDOWS (1779389475f5b1b6a39a0869e4513b02)] -> xpath: //button[contains(text(),'Logout')]]
verify tab[[ChromeDriver: chrome on WINDOWS (1779389475f5b1b6a39a0869e4513b02)] -> xpath: //button[contains(text(),'Logout')]]
verify tab[[ChromeDriver: chrome on WINDOWS (1779389475f5b1b6a39a0869e4513b02)] -> xpath: //button[contains(text(),'Logout')]]
verify tab[[ChromeDriver: chrome on WINDOWS (1779389475f5b1b6a39a0869e4513b02)] -> xpath: //button[contains(text(),'Logout')]]
verify tab[[ChromeDriver: chrome on WINDOWS (1779389475f5b1b6a39a0869e4513b02)] -> xpath: //button[contains(text(),'Logout')]]
verify tab[[ChromeDriver: chrome on WINDOWS (1779389475f5b1b6a39a0869e4513b02)] -> xpath: //button[contains(text(),'Logout')]]
verify tab[[ChromeDriver: chrome on WINDOWS (1779389475f5b1b6a39a0869e4513b02)] -> xpath: //button[contains(text(),'Logout')]]
verify tab[[ChromeDriver: chrome on WINDOWS (1779389475f5b1b6a39a0869e4513b02)] -> xpath: //button[contains(text(),'Logout')]]
verify tab[[ChromeDriver: chrome on WINDOWS (1779389475f5b1b6a39a0869e4513b02)] -> xpath: //button[contains(text(),'Logout')]]
verify tab[[ChromeDriver: chrome on WINDOWS (1779389475f5b1b6a39a0869e4513b02)] -> xpath: //button[contains(text(),'Logout')]]
verify tab[[ChromeDriver: chrome on WINDOWS (1779389475f5b1b6a39a0869e4513b02)] -> xpath: //button[contains(text(),'Logout')]]
verify tab[[ChromeDriver: chrome on WINDOWS (1779389475f5b1b6a39a0869e4513b02)] -> xpath: //button[contains(text(),'Logout')]]
verify tab[[ChromeDriver: chrome on WINDOWS (1779389475f5b1b6a39a0869e4513b02)] -> xpath: //button[contains(text(),'Logout')]]
verify tab[[ChromeDriver: chrome on WINDOWS (1779389475f5b1b6a39a0869e4513b02)] -> xpath: //button[contains(text(),'Logout')]]
verify tab[[ChromeDriver: chrome on WINDOWS (1779389475f5b1b6a39a0869e4513b02)] -> xpath: //button[contains(text(),'Logout')]]
verify tab[[ChromeDriver: chrome on WINDOWS (1779389475f5b1b6a39a0869e4513b02)] -> xpath: //button[contains(text(),'Logout')]]
verify tab[[ChromeDriver: chrome on WINDOWS (1779389475f5b1b6a39a0869e4513b02)] -> xpath: //button[contains(text(),'Logout')]]
verify tab[[ChromeDriver: chrome on WINDOWS (1779389475f5b1b6a39a0869e4513b02)] -> xpath: //button[contains(text(),'Logout')]]
verify tab[[ChromeDriver: chrome on WINDOWS (1779389475f5b1b6a39a0869e4513b02)] -> xpath: //button[contains(text(),'Logout')]]
verify tab[[ChromeDriver: chrome on WINDOWS (1779389475f5b1b6a39a0869e4513b02)] -> xpath: //button[contains(text(),'Logout')]]
verify tab[[ChromeDriver: chrome on WINDOWS (1779389475f5b1b6a39a0869e4513b02)] -> xpath: //button[contains(text(),'Logout')]]
verify tab[[ChromeDriver: chrome on WINDOWS (1779389475f5b1b6a39a0869e4513b02)] -> xpath: //button[contains(text(),'Logout')]]
verify tab[[ChromeDriver: chrome on WINDOWS (1779389475f5b1b6a39a0869e4513b02)] -> xpath: //button[contains(text(),'Logout')]]
verify tab[[ChromeDriver: chrome on WINDOWS (1779389475f5b1b6a39a0869e4513b02)] -> xpath: //button[contains(text(),'Logout')]]
verify tab[[ChromeDriver: chrome on WINDOWS (1779389475f5b1b6a39a0869e4513b02)] -> xpath: //button[contains(text(),'Logout')]]
verify tab[[ChromeDriver: chrome on WINDOWS (1779389475f5b1b6a39a0869e4513b02)] -> xpath: //button[contains(text(),'Logout')]]
verify tab[[ChromeDriver: chrome on WINDOWS (1779389475f5b1b6a39a0869e4513b02)] -> xpath: //button[contains(text(),'Logout')]]
verify tab[[ChromeDriver: chrome on WINDOWS (1779389475f5b1b6a39a0869e4513b02)] -> xpath: //button[contains(text(),'Logout')]]
verify tab[[ChromeDriver: chrome on WINDOWS (1779389475f5b1b6a39a0869e4513b02)] -> xpath: //button[contains(text(),'Logout')]]
verify tab[[ChromeDriver: chrome on WINDOWS (1779389475f5b1b6a39a0869e4513b02)] -> xpath: //button[contains(text(),'Logout')]]
verify tab[[ChromeDriver: chrome on WINDOWS (1779389475f5b1b6a39a0869e4513b02)] -> xpath: //button[contains(text(),'Logout')]]
verify tab[[ChromeDriver: chrome on WINDOWS (1779389475f5b1b6a39a0869e4513b02)] -> xpath: //button[contains(text(),'Logout')]]
verify tab[[ChromeDriver: chrome on WINDOWS (1779389475f5b1b6a39a0869e4513b02)] -> xpath: //button[contains(text(),'Logout')]]
verify tab[[ChromeDriver: chrome on WINDOWS (1779389475f5b1b6a39a0869e4513b02)] -> xpath: //button[contains(text(),'Logout')]]
verify tab[[ChromeDriver: chrome on WINDOWS (1779389475f5b1b6a39a0869e4513b02)] -> xpath: //button[contains(text(),'Logout')]]
verify tab[[ChromeDriver: chrome on WINDOWS (1779389475f5b1b6a39a0869e4513b02)] -> xpath: //button[contains(text(),'Logout')]]
verify tab[[ChromeDriver: chrome on WINDOWS (1779389475f5b1b6a39a0869e4513b02)] -> xpath: //button[contains(text(),'Logout')]]
verify tab[[ChromeDriver: chrome on WINDOWS (1779389475f5b1b6a39a0869e4513b02)] -> xpath: //button[contains(text(),'Logout')]]
verify tab[[ChromeDriver: chrome on WINDOWS (1779389475f5b1b6a39a0869e4513b02)] -> xpath: //button[contains(text(),'Logout')]]
verify tab[[ChromeDriver: chrome on WINDOWS (1779389475f5b1b6a39a0869e4513b02)] -> xpath: //button[contains(text(),'Logout')]]
verify tab[[ChromeDriver: chrome on WINDOWS (1779389475f5b1b6a39a0869e4513b02)] -> xpath: //button[contains(text(),'Logout')]]
verify tab[[ChromeDriver: chrome on WINDOWS (1779389475f5b1b6a39a0869e4513b02)] -> xpath: //button[contains(text(),'Logout')]]
verify tab[[ChromeDriver: chrome on WINDOWS (1779389475f5b1b6a39a0869e4513b02)] -> xpath: //button[contains(text(),'Logout')]]
verify tab[[ChromeDriver: chrome on WINDOWS (1779389475f5b1b6a39a0869e4513b02)] -> xpath: //button[contains(text(),'Logout')]]
verify tab[[ChromeDriver: chrome on WINDOWS (1779389475f5b1b6a39a0869e4513b02)] -> xpath: //button[contains(text(),'Logout')]]
verify tab[[ChromeDriver: chrome on WINDOWS (1779389475f5b1b6a39a0869e4513b02)] -> xpath: //button[contains(text(),'Logout')]]
verify tab[[ChromeDriver: chrome on WINDOWS (1779389475f5b1b6a39a0869e4513b02)] -> xpath: //button[contains(text(),'Logout')]]
verify tab[[ChromeDriver: chrome on WINDOWS (1779389475f5b1b6a39a0869e4513b02)] -> xpath: //button[contains(text(),'Logout')]]
verify tab[[ChromeDriver: chrome on WINDOWS (1779389475f5b1b6a39a0869e4513b02)] -> xpath: //button[contains(text(),'Logout')]]
verify tab[[ChromeDriver: chrome on WINDOWS (1779389475f5b1b6a39a0869e4513b02)] -> xpath: //button[contains(text(),'Logout')]]
verify tab[[ChromeDriver: chrome on WINDOWS (1779389475f5b1b6a39a0869e4513b02)] -> xpath: //button[contains(text(),'Logout')]]
verify tab[[ChromeDriver: chrome on WINDOWS (1779389475f5b1b6a39a0869e4513b02)] -> xpath: //button[contains(text(),'Logout')]]
verify tab[[ChromeDriver: chrome on WINDOWS (1779389475f5b1b6a39a0869e4513b02)] -> xpath: //button[contains(text(),'Logout')]]
verify tab[[ChromeDriver: chrome on WINDOWS (1779389475f5b1b6a39a0869e4513b02)] -> xpath: //button[contains(text(),'Logout')]]
verify tab[[ChromeDriver: chrome on WINDOWS (1779389475f5b1b6a39a0869e4513b02)] -> xpath: //button[contains(text(),'Logout')]]
verify tab[[ChromeDriver: chrome on WINDOWS (1779389475f5b1b6a39a0869e4513b02)] -> xpath: //button[contains(text(),'Logout')]]
verify tab[[ChromeDriver: chrome on WINDOWS (1779389475f5b1b6a39a0869e4513b02)] -> xpath: //button[contains(text(),'Logout')]]
verify tab[[ChromeDriver: chrome on WINDOWS (1779389475f5b1b6a39a0869e4513b02)] -> xpath: //button[contains(text(),'Logout')]]
verify tab[[ChromeDriver: chrome on WINDOWS (1779389475f5b1b6a39a0869e4513b02)] -> xpath: //button[contains(text(),'Logout')]]
verify tab[[ChromeDriver: chrome on WINDOWS (1779389475f5b1b6a39a0869e4513b02)] -> xpath: //button[contains(text(),'Logout')]]
verify tab[[ChromeDriver: chrome on WINDOWS (1779389475f5b1b6a39a0869e4513b02)] -> xpath: //button[contains(text(),'Logout')]]
verify tab[[ChromeDriver: chrome on WINDOWS (1779389475f5b1b6a39a0869e4513b02)] -> xpath: //button[contains(text(),'Logout')]]
verify tab[[ChromeDriver: chrome on WINDOWS (1779389475f5b1b6a39a0869e4513b02)] -> xpath: //button[contains(text(),'Logout')]]
verify tab[[ChromeDriver: chrome on WINDOWS (1779389475f5b1b6a39a0869e4513b02)] -> xpath: //button[contains(text(),'Logout')]]
verify tab[[ChromeDriver: chrome on WINDOWS (1779389475f5b1b6a39a0869e4513b02)] -> xpath: //button[contains(text(),'Logout')]]
verify tab[[ChromeDriver: chrome on WINDOWS (1779389475f5b1b6a39a0869e4513b02)] -> xpath: //button[contains(text(),'Logout')]]
verify tab[[ChromeDriver: chrome on WINDOWS (1779389475f5b1b6a39a0869e4513b02)] -> xpath: //button[contains(text(),'Logout')]]
verify tab[[ChromeDriver: chrome on WINDOWS (1779389475f5b1b6a39a0869e4513b02)] -> xpath: //button[contains(text(),'Logout')]]
verify tab[[ChromeDriver: chrome on WINDOWS (1779389475f5b1b6a39a0869e4513b02)] -> xpath: //button[contains(text(),'Logout')]]
verify tab[[ChromeDriver: chrome on WINDOWS (1779389475f5b1b6a39a0869e4513b02)] -> xpath: //button[contains(text(),'Logout')]]
verify tab[[ChromeDriver: chrome on WINDOWS (1779389475f5b1b6a39a0869e4513b02)] -> xpath: //button[contains(text(),'Logout')]]
verify tab[[ChromeDriver: chrome on WINDOWS (1779389475f5b1b6a39a0869e4513b02)] -> xpath: //button[contains(text(),'Logout')]]
verify tab[[ChromeDriver: chrome on WINDOWS (1779389475f5b1b6a39a0869e4513b02)] -> xpath: //button[contains(text(),'Logout')]]
verify tab[[ChromeDriver: chrome on WINDOWS (1779389475f5b1b6a39a0869e4513b02)] -> xpath: //button[contains(text(),'Logout')]]
verify tab[[ChromeDriver: chrome on WINDOWS (1779389475f5b1b6a39a0869e4513b02)] -> xpath: //button[contains(text(),'Logout')]]
verify tab[[ChromeDriver: chrome on WINDOWS (1779389475f5b1b6a39a0869e4513b02)] -> xpath: //button[contains(text(),'Logout')]]
verify tab[[ChromeDriver: chrome on WINDOWS (1779389475f5b1b6a39a0869e4513b02)] -> xpath: //button[contains(text(),'Logout')]]
verify tab[[ChromeDriver: chrome on WINDOWS (1779389475f5b1b6a39a0869e4513b02)] -> xpath: //button[contains(text(),'Logout')]]
verify tab[[ChromeDriver: chrome on WINDOWS (1779389475f5b1b6a39a0869e4513b02)] -> xpath: //button[contains(text(),'Logout')]]
verify tab[[ChromeDriver: chrome on WINDOWS (1779389475f5b1b6a39a0869e4513b02)] -> xpath: //button[contains(text(),'Logout')]]
verify tab[[ChromeDriver: chrome on WINDOWS (1779389475f5b1b6a39a0869e4513b02)] -> xpath: //button[contains(text(),'Logout')]]
verify tab[[ChromeDriver: chrome on WINDOWS (1779389475f5b1b6a39a0869e4513b02)] -> xpath: //button[contains(text(),'Logout')]]
verify tab[[ChromeDriver: chrome on WINDOWS (1779389475f5b1b6a39a0869e4513b02)] -> xpath: //button[contains(text(),'Logout')]]
verify tab[[ChromeDriver: chrome on WINDOWS (1779389475f5b1b6a39a0869e4513b02)] -> xpath: //button[contains(text(),'Logout')]]
verify tab[[ChromeDriver: chrome on WINDOWS (1779389475f5b1b6a39a0869e4513b02)] -> xpath: //button[contains(text(),'Logout')]]
verify tab[[ChromeDriver: chrome on WINDOWS (1779389475f5b1b6a39a0869e4513b02)] -> xpath: //button[contains(text(),'Logout')]]
verify tab[[ChromeDriver: chrome on WINDOWS (1779389475f5b1b6a39a0869e4513b02)] -> xpath: //button[contains(text(),'Logout')]]
verify tab[[ChromeDriver: chrome on WINDOWS (1779389475f5b1b6a39a0869e4513b02)] -> xpath: //button[contains(text(),'Logout')]]
verify tab[[ChromeDriver: chrome on WINDOWS (1779389475f5b1b6a39a0869e4513b02)] -> xpath: //button[contains(text(),'Logout')]]
verify tab[[ChromeDriver: chrome on WINDOWS (1779389475f5b1b6a39a0869e4513b02)] -> xpath: //button[contains(text(),'Logout')]]
verify tab[[ChromeDriver: chrome on WINDOWS (1779389475f5b1b6a39a0869e4513b02)] -> xpath: //button[contains(text(),'Logout')]]
verify tab[[ChromeDriver: chrome on WINDOWS (1779389475f5b1b6a39a0869e4513b02)] -> xpath: //button[contains(text(),'Logout')]]
verify tab[[ChromeDriver: chrome on WINDOWS (1779389475f5b1b6a39a0869e4513b02)] -> xpath: //button[contains(text(),'Logout')]]
verify tab[[ChromeDriver: chrome on WINDOWS (1779389475f5b1b6a39a0869e4513b02)] -> xpath: //button[contains(text(),'Logout')]]
verify tab[[ChromeDriver: chrome on WINDOWS (1779389475f5b1b6a39a0869e4513b02)] -> xpath: //button[contains(text(),'Logout')]]
verify tab[[ChromeDriver: chrome on WINDOWS (1779389475f5b1b6a39a0869e4513b02)] -> xpath: //button[contains(text(),'Logout')]]
verify tab[[ChromeDriver: chrome on WINDOWS (1779389475f5b1b6a39a0869e4513b02)] -> xpath: //button[contains(text(),'Logout')]]
verify tab[[ChromeDriver: chrome on WINDOWS (1779389475f5b1b6a39a0869e4513b02)] -> xpath: //button[contains(text(),'Logout')]]
verify tab[[ChromeDriver: chrome on WINDOWS (1779389475f5b1b6a39a0869e4513b02)] -> xpath: //button[contains(text(),'Logout')]]
verify tab[[ChromeDriver: chrome on WINDOWS (1779389475f5b1b6a39a0869e4513b02)] -> xpath: //button[contains(text(),'Logout')]]
verify tab[[ChromeDriver: chrome on WINDOWS (1779389475f5b1b6a39a0869e4513b02)] -> xpath: //button[contains(text(),'Logout')]]
verify tab[[ChromeDriver: chrome on WINDOWS (1779389475f5b1b6a39a0869e4513b02)] -> xpath: //button[contains(text(),'Logout')]]
verify tab[[ChromeDriver: chrome on WINDOWS (1779389475f5b1b6a39a0869e4513b02)] -> xpath: //button[contains(text(),'Logout')]]
verify tab[[ChromeDriver: chrome on WINDOWS (1779389475f5b1b6a39a0869e4513b02)] -> xpath: //button[contains(text(),'Logout')]]
verify tab[[ChromeDriver: chrome on WINDOWS (1779389475f5b1b6a39a0869e4513b02)] -> xpath: //button[contains(text(),'Logout')]]
verify tab[[ChromeDriver: chrome on WINDOWS (1779389475f5b1b6a39a0869e4513b02)] -> xpath: //button[contains(text(),'Logout')]]
verify tab[[ChromeDriver: chrome on WINDOWS (1779389475f5b1b6a39a0869e4513b02)] -> xpath: //button[contains(text(),'Logout')]]
verify tab[[ChromeDriver: chrome on WINDOWS (1779389475f5b1b6a39a0869e4513b02)] -> xpath: //button[contains(text(),'Logout')]]
verify tab[[ChromeDriver: chrome on WINDOWS (1779389475f5b1b6a39a0869e4513b02)] -> xpath: //button[contains(text(),'Logout')]]
verify tab[[ChromeDriver: chrome on WINDOWS (1779389475f5b1b6a39a0869e4513b02)] -> xpath: //button[contains(text(),'Logout')]]
verify tab[[ChromeDriver: chrome on WINDOWS (1779389475f5b1b6a39a0869e4513b02)] -> xpath: //button[contains(text(),'Logout')]]
verify tab[[ChromeDriver: chrome on WINDOWS (1779389475f5b1b6a39a0869e4513b02)] -> xpath: //button[contains(text(),'Logout')]]
verify tab[[ChromeDriver: chrome on WINDOWS (1779389475f5b1b6a39a0869e4513b02)] -> xpath: //button[contains(text(),'Logout')]]
verify tab[[ChromeDriver: chrome on WINDOWS (1779389475f5b1b6a39a0869e4513b02)] -> xpath: //button[contains(text(),'Logout')]]
verify tab[[ChromeDriver: chrome on WINDOWS (1779389475f5b1b6a39a0869e4513b02)] -> xpath: //button[contains(text(),'Logout')]]
verify tab[[ChromeDriver: chrome on WINDOWS (1779389475f5b1b6a39a0869e4513b02)] -> xpath: //button[contains(text(),'Logout')]]
verify tab[[ChromeDriver: chrome on WINDOWS (1779389475f5b1b6a39a0869e4513b02)] -> xpath: //button[contains(text(),'Logout')]]
verify tab[[ChromeDriver: chrome on WINDOWS (1779389475f5b1b6a39a0869e4513b02)] -> xpath: //button[contains(text(),'Logout')]]
verify tab[[ChromeDriver: chrome on WINDOWS (1779389475f5b1b6a39a0869e4513b02)] -> xpath: //button[contains(text(),'Logout')]]
verify tab[[ChromeDriver: chrome on WINDOWS (1779389475f5b1b6a39a0869e4513b02)] -> xpath: //button[contains(text(),'Logout')]]
verify tab[[ChromeDriver: chrome on WINDOWS (1779389475f5b1b6a39a0869e4513b02)] -> xpath: //button[contains(text(),'Logout')]]
verify tab[[ChromeDriver: chrome on WINDOWS (1779389475f5b1b6a39a0869e4513b02)] -> xpath: //button[contains(text(),'Logout')]]
verify tab[[ChromeDriver: chrome on WINDOWS (1779389475f5b1b6a39a0869e4513b02)] -> xpath: //button[contains(text(),'Logout')]]
verify tab[[ChromeDriver: chrome on WINDOWS (1779389475f5b1b6a39a0869e4513b02)] -> xpath: //button[contains(text(),'Logout')]]
verify tab[[ChromeDriver: chrome on WINDOWS (1779389475f5b1b6a39a0869e4513b02)] -> xpath: //button[contains(text(),'Logout')]]
verify tab[[ChromeDriver: chrome on WINDOWS (1779389475f5b1b6a39a0869e4513b02)] -> xpath: //button[contains(text(),'Logout')]]
verify tab[[ChromeDriver: chrome on WINDOWS (1779389475f5b1b6a39a0869e4513b02)] -> xpath: //button[contains(text(),'Logout')]]
verify tab[[ChromeDriver: chrome on WINDOWS (1779389475f5b1b6a39a0869e4513b02)] -> xpath: //button[contains(text(),'Logout')]]
verify tab[[ChromeDriver: chrome on WINDOWS (1779389475f5b1b6a39a0869e4513b02)] -> xpath: //button[contains(text(),'Logout')]]
verify tab[[ChromeDriver: chrome on WINDOWS (1779389475f5b1b6a39a0869e4513b02)] -> xpath: //button[contains(text(),'Logout')]]
verify tab[[ChromeDriver: chrome on WINDOWS (1779389475f5b1b6a39a0869e4513b02)] -> xpath: //button[contains(text(),'Logout')]]
verify tab[[ChromeDriver: chrome on WINDOWS (1779389475f5b1b6a39a0869e4513b02)] -> xpath: //button[contains(text(),'Logout')]]
verify tab[[ChromeDriver: chrome on WINDOWS (1779389475f5b1b6a39a0869e4513b02)] -> xpath: //button[contains(text(),'Logout')]]
verify tab[[ChromeDriver: chrome on WINDOWS (1779389475f5b1b6a39a0869e4513b02)] -> xpath: //button[contains(text(),'Logout')]]
verify tab[[ChromeDriver: chrome on WINDOWS (1779389475f5b1b6a39a0869e4513b02)] -> xpath: //button[contains(text(),'Logout')]]
verify tab[[ChromeDriver: chrome on WINDOWS (1779389475f5b1b6a39a0869e4513b02)] -> xpath: //button[contains(text(),'Logout')]]
verify tab[[ChromeDriver: chrome on WINDOWS (1779389475f5b1b6a39a0869e4513b02)] -> xpath: //button[contains(text(),'Logout')]]
verify tab[[ChromeDriver: chrome on WINDOWS (1779389475f5b1b6a39a0869e4513b02)] -> xpath: //button[contains(text(),'Logout')]]
verify tab[[ChromeDriver: chrome on WINDOWS (1779389475f5b1b6a39a0869e4513b02)] -> xpath: //button[contains(text(),'Logout')]]
verify tab[[ChromeDriver: chrome on WINDOWS (1779389475f5b1b6a39a0869e4513b02)] -> xpath: //button[contains(text(),'Logout')]]
verify tab[[ChromeDriver: chrome on WINDOWS (1779389475f5b1b6a39a0869e4513b02)] -> xpath: //button[contains(text(),'Logout')]]
verify tab[[ChromeDriver: chrome on WINDOWS (1779389475f5b1b6a39a0869e4513b02)] -> xpath: //button[contains(text(),'Logout')]]
verify tab[[ChromeDriver: chrome on WINDOWS (1779389475f5b1b6a39a0869e4513b02)] -> xpath: //button[contains(text(),'Logout')]]
verify tab[[ChromeDriver: chrome on WINDOWS (1779389475f5b1b6a39a0869e4513b02)] -> xpath: //button[contains(text(),'Logout')]]
verify tab[[ChromeDriver: chrome on WINDOWS (1779389475f5b1b6a39a0869e4513b02)] -> xpath: //button[contains(text(),'Logout')]]
verify tab[[ChromeDriver: chrome on WINDOWS (1779389475f5b1b6a39a0869e4513b02)] -> xpath: //button[contains(text(),'Logout')]]
verify tab[[ChromeDriver: chrome on WINDOWS (1779389475f5b1b6a39a0869e4513b02)] -> xpath: //button[contains(text(),'Logout')]]
verify tab[[ChromeDriver: chrome on WINDOWS (1779389475f5b1b6a39a0869e4513b02)] -> xpath: //button[contains(text(),'Logout')]]
verify tab[[ChromeDriver: chrome on WINDOWS (1779389475f5b1b6a39a0869e4513b02)] -> xpath: //button[contains(text(),'Logout')]]
verify tab[[ChromeDriver: chrome on WINDOWS (1779389475f5b1b6a39a0869e4513b02)] -> xpath: //button[contains(text(),'Logout')]]
verify tab[[ChromeDriver: chrome on WINDOWS (1779389475f5b1b6a39a0869e4513b02)] -> xpath: //button[contains(text(),'Logout')]]
verify tab[[ChromeDriver: chrome on WINDOWS (1779389475f5b1b6a39a0869e4513b02)] -> xpath: //button[contains(text(),'Logout')]]
verify tab[[ChromeDriver: chrome on WINDOWS (1779389475f5b1b6a39a0869e4513b02)] -> xpath: //button[contains(text(),'Logout')]]
verify tab[[ChromeDriver: chrome on WINDOWS (1779389475f5b1b6a39a0869e4513b02)] -> xpath: //button[contains(text(),'Logout')]]
verify tab[[ChromeDriver: chrome on WINDOWS (1779389475f5b1b6a39a0869e4513b02)] -> xpath: //button[contains(text(),'Logout')]]
verify tab[[ChromeDriver: chrome on WINDOWS (1779389475f5b1b6a39a0869e4513b02)] -> xpath: //button[contains(text(),'Logout')]]
verify tab[[ChromeDriver: chrome on WINDOWS (1779389475f5b1b6a39a0869e4513b02)] -> xpath: //button[contains(text(),'Logout')]]
verify tab[[ChromeDriver: chrome on WINDOWS (1779389475f5b1b6a39a0869e4513b02)] -> xpath: //button[contains(text(),'Logout')]]
verify tab[[ChromeDriver: chrome on WINDOWS (1779389475f5b1b6a39a0869e4513b02)] -> xpath: //button[contains(text(),'Logout')]]
verify tab[[ChromeDriver: chrome on WINDOWS (1779389475f5b1b6a39a0869e4513b02)] -> xpath: //button[contains(text(),'Logout')]]
verify tab[[ChromeDriver: chrome on WINDOWS (1779389475f5b1b6a39a0869e4513b02)] -> xpath: //button[contains(text(),'Logout')]]
verify tab[[ChromeDriver: chrome on WINDOWS (1779389475f5b1b6a39a0869e4513b02)] -> xpath: //button[contains(text(),'Logout')]]
verify tab[[ChromeDriver: chrome on WINDOWS (1779389475f5b1b6a39a0869e4513b02)] -> xpath: //button[contains(text(),'Logout')]]
verify tab[[ChromeDriver: chrome on WINDOWS (1779389475f5b1b6a39a0869e4513b02)] -> xpath: //button[contains(text(),'Logout')]]
verify tab[[ChromeDriver: chrome on WINDOWS (1779389475f5b1b6a39a0869e4513b02)] -> xpath: //button[contains(text(),'Logout')]]
verify tab[[ChromeDriver: chrome on WINDOWS (1779389475f5b1b6a39a0869e4513b02)] -> xpath: //button[contains(text(),'Logout')]]
verify tab[[ChromeDriver: chrome on WINDOWS (1779389475f5b1b6a39a0869e4513b02)] -> xpath: //button[contains(text(),'Logout')]]
verify tab[[ChromeDriver: chrome on WINDOWS (1779389475f5b1b6a39a0869e4513b02)] -> xpath: //button[contains(text(),'Logout')]]
verify tab[[ChromeDriver: chrome on WINDOWS (1779389475f5b1b6a39a0869e4513b02)] -> xpath: //button[contains(text(),'Logout')]]
verify tab[[ChromeDriver: chrome on WINDOWS (1779389475f5b1b6a39a0869e4513b02)] -> xpath: //button[contains(text(),'Logout')]]
verify tab[[ChromeDriver: chrome on WINDOWS (1779389475f5b1b6a39a0869e4513b02)] -> xpath: //button[contains(text(),'Logout')]]
verify tab[[ChromeDriver: chrome on WINDOWS (1779389475f5b1b6a39a0869e4513b02)] -> xpath: //button[contains(text(),'Logout')]]
verify tab[[ChromeDriver: chrome on WINDOWS (1779389475f5b1b6a39a0869e4513b02)] -> xpath: //button[contains(text(),'Logout')]]
verify tab[[ChromeDriver: chrome on WINDOWS (1779389475f5b1b6a39a0869e4513b02)] -> xpath: //button[contains(text(),'Logout')]]
verify tab[[ChromeDriver: chrome on WINDOWS (1779389475f5b1b6a39a0869e4513b02)] -> xpath: //button[contains(text(),'Logout')]]
verify tab[[ChromeDriver: chrome on WINDOWS (1779389475f5b1b6a39a0869e4513b02)] -> xpath: //button[contains(text(),'Logout')]]
verify tab[[ChromeDriver: chrome on WINDOWS (1779389475f5b1b6a39a0869e4513b02)] -> xpath: //button[contains(text(),'Logout')]]
verify tab[[ChromeDriver: chrome on WINDOWS (1779389475f5b1b6a39a0869e4513b02)] -> xpath: //button[contains(text(),'Logout')]]
verify tab[[ChromeDriver: chrome on WINDOWS (1779389475f5b1b6a39a0869e4513b02)] -> xpath: //button[contains(text(),'Logout')]]
verify tab[[ChromeDriver: chrome on WINDOWS (1779389475f5b1b6a39a0869e4513b02)] -> xpath: //button[contains(text(),'Logout')]]
verify tab[[ChromeDriver: chrome on WINDOWS (1779389475f5b1b6a39a0869e4513b02)] -> xpath: //button[contains(text(),'Logout')]]
verify tab[[ChromeDriver: chrome on WINDOWS (1779389475f5b1b6a39a0869e4513b02)] -> xpath: //button[contains(text(),'Logout')]]
verify tab[[ChromeDriver: chrome on WINDOWS (1779389475f5b1b6a39a0869e4513b02)] -> xpath: //button[contains(text(),'Logout')]]
verify tab[[ChromeDriver: chrome on WINDOWS (1779389475f5b1b6a39a0869e4513b02)] -> xpath: //button[contains(text(),'Logout')]]
verify tab[[ChromeDriver: chrome on WINDOWS (1779389475f5b1b6a39a0869e4513b02)] -> xpath: //button[contains(text(),'Logout')]]
verify tab[[ChromeDriver: chrome on WINDOWS (1779389475f5b1b6a39a0869e4513b02)] -> xpath: //button[contains(text(),'Logout')]]
verify tab[[ChromeDriver: chrome on WINDOWS (1779389475f5b1b6a39a0869e4513b02)] -> xpath: //button[contains(text(),'Logout')]]
verify tab[[ChromeDriver: chrome on WINDOWS (1779389475f5b1b6a39a0869e4513b02)] -> xpath: //button[contains(text(),'Logout')]]
verify tab[[ChromeDriver: chrome on WINDOWS (1779389475f5b1b6a39a0869e4513b02)] -> xpath: //button[contains(text(),'Logout')]]
verify tab[[ChromeDriver: chrome on WINDOWS (1779389475f5b1b6a39a0869e4513b02)] -> xpath: //button[contains(text(),'Logout')]]
verify tab[[ChromeDriver: chrome on WINDOWS (1779389475f5b1b6a39a0869e4513b02)] -> xpath: //button[contains(text(),'Logout')]]
verify tab[[ChromeDriver: chrome on WINDOWS (1779389475f5b1b6a39a0869e4513b02)] -> xpath: //button[contains(text(),'Logout')]]
verify tab[[ChromeDriver: chrome on WINDOWS (1779389475f5b1b6a39a0869e4513b02)] -> xpath: //button[contains(text(),'Logout')]]
verify tab[[ChromeDriver: chrome on WINDOWS (1779389475f5b1b6a39a0869e4513b02)] -> xpath: //button[contains(text(),'Logout')]]
verify tab[[ChromeDriver: chrome on WINDOWS (1779389475f5b1b6a39a0869e4513b02)] -> xpath: //button[contains(text(),'Logout')]]
verify tab[[ChromeDriver: chrome on WINDOWS (1779389475f5b1b6a39a0869e4513b02)] -> xpath: //button[contains(text(),'Logout')]]
verify tab[[ChromeDriver: chrome on WINDOWS (1779389475f5b1b6a39a0869e4513b02)] -> xpath: //button[contains(text(),'Logout')]]
verify tab[[ChromeDriver: chrome on WINDOWS (1779389475f5b1b6a39a0869e4513b02)] -> xpath: //button[contains(text(),'Logout')]]
verify tab[[ChromeDriver: chrome on WINDOWS (1779389475f5b1b6a39a0869e4513b02)] -> xpath: //button[contains(text(),'Logout')]]
verify tab[[ChromeDriver: chrome on WINDOWS (1779389475f5b1b6a39a0869e4513b02)] -> xpath: //button[contains(text(),'Logout')]]
verify tab[[ChromeDriver: chrome on WINDOWS (1779389475f5b1b6a39a0869e4513b02)] -> xpath: //button[contains(text(),'Logout')]]
verify tab[[ChromeDriver: chrome on WINDOWS (1779389475f5b1b6a39a0869e4513b02)] -> xpath: //button[contains(text(),'Logout')]]
verify tab[[ChromeDriver: chrome on WINDOWS (1779389475f5b1b6a39a0869e4513b02)] -> xpath: //button[contains(text(),'Logout')]]
verify tab[[ChromeDriver: chrome on WINDOWS (1779389475f5b1b6a39a0869e4513b02)] -> xpath: //button[contains(text(),'Logout')]]
verify tab[[ChromeDriver: chrome on WINDOWS (1779389475f5b1b6a39a0869e4513b02)] -> xpath: //button[contains(text(),'Logout')]]
verify tab[[ChromeDriver: chrome on WINDOWS (1779389475f5b1b6a39a0869e4513b02)] -> xpath: //button[contains(text(),'Logout')]]
verify tab[[ChromeDriver: chrome on WINDOWS (1779389475f5b1b6a39a0869e4513b02)] -> xpath: //button[contains(text(),'Logout')]]
verify tab[[ChromeDriver: chrome on WINDOWS (1779389475f5b1b6a39a0869e4513b02)] -> xpath: //button[contains(text(),'Logout')]]
verify tab[[ChromeDriver: chrome on WINDOWS (1779389475f5b1b6a39a0869e4513b02)] -> xpath: //button[contains(text(),'Logout')]]
verify tab[[ChromeDriver: chrome on WINDOWS (1779389475f5b1b6a39a0869e4513b02)] -> xpath: //button[contains(text(),'Logout')]]
verify tab[[ChromeDriver: chrome on WINDOWS (1779389475f5b1b6a39a0869e4513b02)] -> xpath: //button[contains(text(),'Logout')]]
verify tab[[ChromeDriver: chrome on WINDOWS (1779389475f5b1b6a39a0869e4513b02)] -> xpath: //button[contains(text(),'Logout')]]
verify tab[[ChromeDriver: chrome on WINDOWS (1779389475f5b1b6a39a0869e4513b02)] -> xpath: //button[contains(text(),'Logout')]]
verify tab[[ChromeDriver: chrome on WINDOWS (1779389475f5b1b6a39a0869e4513b02)] -> xpath: //button[contains(text(),'Logout')]]
verify tab[[ChromeDriver: chrome on WINDOWS (1779389475f5b1b6a39a0869e4513b02)] -> xpath: //button[contains(text(),'Logout')]]
verify tab[[ChromeDriver: chrome on WINDOWS (1779389475f5b1b6a39a0869e4513b02)] -> xpath: //button[contains(text(),'Logout')]]
verify tab[[ChromeDriver: chrome on WINDOWS (1779389475f5b1b6a39a0869e4513b02)] -> xpath: //button[contains(text(),'Logout')]]
verify tab[[ChromeDriver: chrome on WINDOWS (1779389475f5b1b6a39a0869e4513b02)] -> xpath: //button[contains(text(),'Logout')]]
verify tab[[ChromeDriver: chrome on WINDOWS (1779389475f5b1b6a39a0869e4513b02)] -> xpath: //button[contains(text(),'Logout')]]
verify tab[[ChromeDriver: chrome on WINDOWS (1779389475f5b1b6a39a0869e4513b02)] -> xpath: //button[contains(text(),'Logout')]]
verify tab[[ChromeDriver: chrome on WINDOWS (1779389475f5b1b6a39a0869e4513b02)] -> xpath: //button[contains(text(),'Logout')]]
verify tab[[ChromeDriver: chrome on WINDOWS (1779389475f5b1b6a39a0869e4513b02)] -> xpath: //button[contains(text(),'Logout')]]
verify tab[[ChromeDriver: chrome on WINDOWS (1779389475f5b1b6a39a0869e4513b02)] -> xpath: //button[contains(text(),'Logout')]]
verify tab[[ChromeDriver: chrome on WINDOWS (1779389475f5b1b6a39a0869e4513b02)] -> xpath: //button[contains(text(),'Logout')]]
verify tab[[ChromeDriver: chrome on WINDOWS (1779389475f5b1b6a39a0869e4513b02)] -> xpath: //button[contains(text(),'Logout')]]
verify tab[[ChromeDriver: chrome on WINDOWS (1779389475f5b1b6a39a0869e4513b02)] -> xpath: //button[contains(text(),'Logout')]]
verify tab[[ChromeDriver: chrome on WINDOWS (1779389475f5b1b6a39a0869e4513b02)] -> xpath: //button[contains(text(),'Logout')]]
verify tab[[ChromeDriver: chrome on WINDOWS (1779389475f5b1b6a39a0869e4513b02)] -> xpath: //button[contains(text(),'Logout')]]
verify tab[[ChromeDriver: chrome on WINDOWS (1779389475f5b1b6a39a0869e4513b02)] -> xpath: //button[contains(text(),'Logout')]]
verify tab[[ChromeDriver: chrome on WINDOWS (1779389475f5b1b6a39a0869e4513b02)] -> xpath: //button[contains(text(),'Logout')]]
verify tab[[ChromeDriver: chrome on WINDOWS (1779389475f5b1b6a39a0869e4513b02)] -> xpath: //button[contains(text(),'Logout')]]
verify tab[[ChromeDriver: chrome on WINDOWS (1779389475f5b1b6a39a0869e4513b02)] -> xpath: //button[contains(text(),'Logout')]]
verify tab[[ChromeDriver: chrome on WINDOWS (1779389475f5b1b6a39a0869e4513b02)] -> xpath: //button[contains(text(),'Logout')]]
verify tab[[ChromeDriver: chrome on WINDOWS (1779389475f5b1b6a39a0869e4513b02)] -> xpath: //button[contains(text(),'Logout')]]
verify tab[[ChromeDriver: chrome on WINDOWS (1779389475f5b1b6a39a0869e4513b02)] -> xpath: //button[contains(text(),'Logout')]]
verify tab[[ChromeDriver: chrome on WINDOWS (1779389475f5b1b6a39a0869e4513b02)] -> xpath: //button[contains(text(),'Logout')]]
verify tab[[ChromeDriver: chrome on WINDOWS (1779389475f5b1b6a39a0869e4513b02)] -> xpath: //button[contains(text(),'Logout')]]
verify tab[[ChromeDriver: chrome on WINDOWS (1779389475f5b1b6a39a0869e4513b02)] -> xpath: //button[contains(text(),'Logout')]]
verify tab[[ChromeDriver: chrome on WINDOWS (1779389475f5b1b6a39a0869e4513b02)] -> xpath: //button[contains(text(),'Logout')]]
verify tab[[ChromeDriver: chrome on WINDOWS (1779389475f5b1b6a39a0869e4513b02)] -> xpath: //button[contains(text(),'Logout')]]
verify tab[[ChromeDriver: chrome on WINDOWS (1779389475f5b1b6a39a0869e4513b02)] -> xpath: //button[contains(text(),'Logout')]]
verify tab[[ChromeDriver: chrome on WINDOWS (1779389475f5b1b6a39a0869e4513b02)] -> xpath: //button[contains(text(),'Logout')]]
verify tab[[ChromeDriver: chrome on WINDOWS (1779389475f5b1b6a39a0869e4513b02)] -> xpath: //button[contains(text(),'Logout')]]
verify tab[[ChromeDriver: chrome on WINDOWS (1779389475f5b1b6a39a0869e4513b02)] -> xpath: //button[contains(text(),'Logout')]]
verify tab[[ChromeDriver: chrome on WINDOWS (1779389475f5b1b6a39a0869e4513b02)] -> xpath: //button[contains(text(),'Logout')]]
verify tab[[ChromeDriver: chrome on WINDOWS (1779389475f5b1b6a39a0869e4513b02)] -> xpath: //button[contains(text(),'Logout')]]
verify tab[[ChromeDriver: chrome on WINDOWS (1779389475f5b1b6a39a0869e4513b02)] -> xpath: //button[contains(text(),'Logout')]]
verify tab[[ChromeDriver: chrome on WINDOWS (1779389475f5b1b6a39a0869e4513b02)] -> xpath: //button[contains(text(),'Logout')]]
verify tab[[ChromeDriver: chrome on WINDOWS (1779389475f5b1b6a39a0869e4513b02)] -> xpath: //button[contains(text(),'Logout')]]
verify tab[[ChromeDriver: chrome on WINDOWS (1779389475f5b1b6a39a0869e4513b02)] -> xpath: //button[contains(text(),'Logout')]]
verify tab[[ChromeDriver: chrome on WINDOWS (1779389475f5b1b6a39a0869e4513b02)] -> xpath: //button[contains(text(),'Logout')]]
verify tab[[ChromeDriver: chrome on WINDOWS (1779389475f5b1b6a39a0869e4513b02)] -> xpath: //button[contains(text(),'Logout')]]
verify tab[[ChromeDriver: chrome on WINDOWS (1779389475f5b1b6a39a0869e4513b02)] -> xpath: //button[contains(text(),'Logout')]]
verify tab[[ChromeDriver: chrome on WINDOWS (1779389475f5b1b6a39a0869e4513b02)] -> xpath: //button[contains(text(),'Logout')]]
verify tab[[ChromeDriver: chrome on WINDOWS (1779389475f5b1b6a39a0869e4513b02)] -> xpath: //button[contains(text(),'Logout')]]
verify tab[[ChromeDriver: chrome on WINDOWS (1779389475f5b1b6a39a0869e4513b02)] -> xpath: //button[contains(text(),'Logout')]]
verify tab[[ChromeDriver: chrome on WINDOWS (1779389475f5b1b6a39a0869e4513b02)] -> xpath: //button[contains(text(),'Logout')]]
verify tab[[ChromeDriver: chrome on WINDOWS (1779389475f5b1b6a39a0869e4513b02)] -> xpath: //button[contains(text(),'Logout')]]
verify tab[[ChromeDriver: chrome on WINDOWS (1779389475f5b1b6a39a0869e4513b02)] -> xpath: //button[contains(text(),'Logout')]]
verify tab[[ChromeDriver: chrome on WINDOWS (1779389475f5b1b6a39a0869e4513b02)] -> xpath: //button[contains(text(),'Logout')]]
verify tab[[ChromeDriver: chrome on WINDOWS (1779389475f5b1b6a39a0869e4513b02)] -> xpath: //button[contains(text(),'Logout')]]
verify tab[[ChromeDriver: chrome on WINDOWS (1779389475f5b1b6a39a0869e4513b02)] -> xpath: //button[contains(text(),'Logout')]]
verify tab[[ChromeDriver: chrome on WINDOWS (1779389475f5b1b6a39a0869e4513b02)] -> xpath: //button[contains(text(),'Logout')]]
verify tab[[ChromeDriver: chrome on WINDOWS (1779389475f5b1b6a39a0869e4513b02)] -> xpath: //button[contains(text(),'Logout')]]
verify tab[[ChromeDriver: chrome on WINDOWS (1779389475f5b1b6a39a0869e4513b02)] -> xpath: //button[contains(text(),'Logout')]]
verify tab[[ChromeDriver: chrome on WINDOWS (1779389475f5b1b6a39a0869e4513b02)] -> xpath: //button[contains(text(),'Logout')]]
verify tab[[ChromeDriver: chrome on WINDOWS (1779389475f5b1b6a39a0869e4513b02)] -> xpath: //button[contains(text(),'Logout')]]
verify tab[[ChromeDriver: chrome on WINDOWS (1779389475f5b1b6a39a0869e4513b02)] -> xpath: //button[contains(text(),'Logout')]]
verify tab[[ChromeDriver: chrome on WINDOWS (1779389475f5b1b6a39a0869e4513b02)] -> xpath: //button[contains(text(),'Logout')]]
verify tab[[ChromeDriver: chrome on WINDOWS (1779389475f5b1b6a39a0869e4513b02)] -> xpath: //button[contains(text(),'Logout')]]
verify tab[[ChromeDriver: chrome on WINDOWS (1779389475f5b1b6a39a0869e4513b02)] -> xpath: //button[contains(text(),'Logout')]]
verify tab[[ChromeDriver: chrome on WINDOWS (1779389475f5b1b6a39a0869e4513b02)] -> xpath: //button[contains(text(),'Logout')]]
verify tab[[ChromeDriver: chrome on WINDOWS (1779389475f5b1b6a39a0869e4513b02)] -> xpath: //button[contains(text(),'Logout')]]
verify tab[[ChromeDriver: chrome on WINDOWS (1779389475f5b1b6a39a0869e4513b02)] -> xpath: //button[contains(text(),'Logout')]]
verify tab[[ChromeDriver: chrome on WINDOWS (1779389475f5b1b6a39a0869e4513b02)] -> xpath: //button[contains(text(),'Logout')]]
verify tab[[ChromeDriver: chrome on WINDOWS (1779389475f5b1b6a39a0869e4513b02)] -> xpath: //button[contains(text(),'Logout')]]
verify tab[[ChromeDriver: chrome on WINDOWS (1779389475f5b1b6a39a0869e4513b02)] -> xpath: //button[contains(text(),'Logout')]]
verify tab[[ChromeDriver: chrome on WINDOWS (1779389475f5b1b6a39a0869e4513b02)] -> xpath: //button[contains(text(),'Logout')]]
verify tab[[ChromeDriver: chrome on WINDOWS (1779389475f5b1b6a39a0869e4513b02)] -> xpath: //button[contains(text(),'Logout')]]
verify tab[[ChromeDriver: chrome on WINDOWS (1779389475f5b1b6a39a0869e4513b02)] -> xpath: //button[contains(text(),'Logout')]]
verify tab[[ChromeDriver: chrome on WINDOWS (1779389475f5b1b6a39a0869e4513b02)] -> xpath: //button[contains(text(),'Logout')]]
verify tab[[ChromeDriver: chrome on WINDOWS (1779389475f5b1b6a39a0869e4513b02)] -> xpath: //button[contains(text(),'Logout')]]
verify tab[[ChromeDriver: chrome on WINDOWS (1779389475f5b1b6a39a0869e4513b02)] -> xpath: //button[contains(text(),'Logout')]]
verify tab[[ChromeDriver: chrome on WINDOWS (1779389475f5b1b6a39a0869e4513b02)] -> xpath: //button[contains(text(),'Logout')]]
verify tab[[ChromeDriver: chrome on WINDOWS (1779389475f5b1b6a39a0869e4513b02)] -> xpath: //button[contains(text(),'Logout')]]
verify tab[[ChromeDriver: chrome on WINDOWS (1779389475f5b1b6a39a0869e4513b02)] -> xpath: //button[contains(text(),'Logout')]]
verify tab[[ChromeDriver: chrome on WINDOWS (1779389475f5b1b6a39a0869e4513b02)] -> xpath: //button[contains(text(),'Logout')]]
verify tab[[ChromeDriver: chrome on WINDOWS (1779389475f5b1b6a39a0869e4513b02)] -> xpath: //button[contains(text(),'Logout')]]
verify tab[[ChromeDriver: chrome on WINDOWS (1779389475f5b1b6a39a0869e4513b02)] -> xpath: //button[contains(text(),'Logout')]]
verify tab[[ChromeDriver: chrome on WINDOWS (1779389475f5b1b6a39a0869e4513b02)] -> xpath: //button[contains(text(),'Logout')]]
verify tab[[ChromeDriver: chrome on WINDOWS (1779389475f5b1b6a39a0869e4513b02)] -> xpath: //button[contains(text(),'Logout')]]
verify tab[[ChromeDriver: chrome on WINDOWS (1779389475f5b1b6a39a0869e4513b02)] -> xpath: //button[contains(text(),'Logout')]]
verify tab[[ChromeDriver: chrome on WINDOWS (1779389475f5b1b6a39a0869e4513b02)] -> xpath: //button[contains(text(),'Logout')]]
verify tab[[ChromeDriver: chrome on WINDOWS (1779389475f5b1b6a39a0869e4513b02)] -> xpath: //button[contains(text(),'Logout')]]
verify tab[[ChromeDriver: chrome on WINDOWS (1779389475f5b1b6a39a0869e4513b02)] -> xpath: //button[contains(text(),'Logout')]]
verify tab[[ChromeDriver: chrome on WINDOWS (1779389475f5b1b6a39a0869e4513b02)] -> xpath: //button[contains(text(),'Logout')]]
verify tab[[ChromeDriver: chrome on WINDOWS (1779389475f5b1b6a39a0869e4513b02)] -> xpath: //button[contains(text(),'Logout')]]
verify tab[[ChromeDriver: chrome on WINDOWS (1779389475f5b1b6a39a0869e4513b02)] -> xpath: //button[contains(text(),'Logout')]]
verify tab[[ChromeDriver: chrome on WINDOWS (1779389475f5b1b6a39a0869e4513b02)] -> xpath: //button[contains(text(),'Logout')]]
verify tab[[ChromeDriver: chrome on WINDOWS (1779389475f5b1b6a39a0869e4513b02)] -> xpath: //button[contains(text(),'Logout')]]
verify tab[[ChromeDriver: chrome on WINDOWS (1779389475f5b1b6a39a0869e4513b02)] -> xpath: //button[contains(text(),'Logout')]]
verify tab[[ChromeDriver: chrome on WINDOWS (1779389475f5b1b6a39a0869e4513b02)] -> xpath: //button[contains(text(),'Logout')]]
verify tab[[ChromeDriver: chrome on WINDOWS (1779389475f5b1b6a39a0869e4513b02)] -> xpath: //button[contains(text(),'Logout')]]
verify tab[[ChromeDriver: chrome on WINDOWS (1779389475f5b1b6a39a0869e4513b02)] -> xpath: //button[contains(text(),'Logout')]]
verify tab[[ChromeDriver: chrome on WINDOWS (1779389475f5b1b6a39a0869e4513b02)] -> xpath: //button[contains(text(),'Logout')]]
verify tab[[ChromeDriver: chrome on WINDOWS (1779389475f5b1b6a39a0869e4513b02)] -> xpath: //button[contains(text(),'Logout')]]
verify tab[[ChromeDriver: chrome on WINDOWS (1779389475f5b1b6a39a0869e4513b02)] -> xpath: //button[contains(text(),'Logout')]]
verify tab[[ChromeDriver: chrome on WINDOWS (1779389475f5b1b6a39a0869e4513b02)] -> xpath: //button[contains(text(),'Logout')]]
verify tab[[ChromeDriver: chrome on WINDOWS (1779389475f5b1b6a39a0869e4513b02)] -> xpath: //button[contains(text(),'Logout')]]
verify tab[[ChromeDriver: chrome on WINDOWS (1779389475f5b1b6a39a0869e4513b02)] -> xpath: //button[contains(text(),'Logout')]]
verify tab[[ChromeDriver: chrome on WINDOWS (1779389475f5b1b6a39a0869e4513b02)] -> xpath: //button[contains(text(),'Logout')]]
verify tab[[ChromeDriver: chrome on WINDOWS (1779389475f5b1b6a39a0869e4513b02)] -> xpath: //button[contains(text(),'Logout')]]
verify tab[[ChromeDriver: chrome on WINDOWS (1779389475f5b1b6a39a0869e4513b02)] -> xpath: //button[contains(text(),'Logout')]]
verify tab[[ChromeDriver: chrome on WINDOWS (1779389475f5b1b6a39a0869e4513b02)] -> xpath: //button[contains(text(),'Logout')]]
verify tab[[ChromeDriver: chrome on WINDOWS (1779389475f5b1b6a39a0869e4513b02)] -> xpath: //button[contains(text(),'Logout')]]
verify tab[[ChromeDriver: chrome on WINDOWS (1779389475f5b1b6a39a0869e4513b02)] -> xpath: //button[contains(text(),'Logout')]]
verify tab[[ChromeDriver: chrome on WINDOWS (1779389475f5b1b6a39a0869e4513b02)] -> xpath: //button[contains(text(),'Logout')]]
verify tab[[ChromeDriver: chrome on WINDOWS (1779389475f5b1b6a39a0869e4513b02)] -> xpath: //button[contains(text(),'Logout')]]
verify tab[[ChromeDriver: chrome on WINDOWS (1779389475f5b1b6a39a0869e4513b02)] -> xpath: //button[contains(text(),'Logout')]]
verify tab[[ChromeDriver: chrome on WINDOWS (1779389475f5b1b6a39a0869e4513b02)] -> xpath: //button[contains(text(),'Logout')]]
verify tab[[ChromeDriver: chrome on WINDOWS (1779389475f5b1b6a39a0869e4513b02)] -> xpath: //button[contains(text(),'Logout')]]
verify tab[[ChromeDriver: chrome on WINDOWS (1779389475f5b1b6a39a0869e4513b02)] -> xpath: //button[contains(text(),'Logout')]]
verify tab[[ChromeDriver: chrome on WINDOWS (1779389475f5b1b6a39a0869e4513b02)] -> xpath: //button[contains(text(),'Logout')]]
verify tab[[ChromeDriver: chrome on WINDOWS (1779389475f5b1b6a39a0869e4513b02)] -> xpath: //button[contains(text(),'Logout')]]
verify tab[[ChromeDriver: chrome on WINDOWS (1779389475f5b1b6a39a0869e4513b02)] -> xpath: //button[contains(text(),'Logout')]]
verify tab[[ChromeDriver: chrome on WINDOWS (1779389475f5b1b6a39a0869e4513b02)] -> xpath: //button[contains(text(),'Logout')]]
verify tab[[ChromeDriver: chrome on WINDOWS (1779389475f5b1b6a39a0869e4513b02)] -> xpath: //button[contains(text(),'Logout')]]
verify tab[[ChromeDriver: chrome on WINDOWS (1779389475f5b1b6a39a0869e4513b02)] -> xpath: //button[contains(text(),'Logout')]]
verify tab[[ChromeDriver: chrome on WINDOWS (1779389475f5b1b6a39a0869e4513b02)] -> xpath: //button[contains(text(),'Logout')]]
verify tab[[ChromeDriver: chrome on WINDOWS (1779389475f5b1b6a39a0869e4513b02)] -> xpath: //button[contains(text(),'Logout')]]
verify tab[[ChromeDriver: chrome on WINDOWS (1779389475f5b1b6a39a0869e4513b02)] -> xpath: //button[contains(text(),'Logout')]]
verify tab[[ChromeDriver: chrome on WINDOWS (1779389475f5b1b6a39a0869e4513b02)] -> xpath: //button[contains(text(),'Logout')]]
verify tab[[ChromeDriver: chrome on WINDOWS (1779389475f5b1b6a39a0869e4513b02)] -> xpath: //button[contains(text(),'Logout')]]
verify tab[[ChromeDriver: chrome on WINDOWS (1779389475f5b1b6a39a0869e4513b02)] -> xpath: //button[contains(text(),'Logout')]]
verify tab[[ChromeDriver: chrome on WINDOWS (1779389475f5b1b6a39a0869e4513b02)] -> xpath: //button[contains(text(),'Logout')]]
verify tab[[ChromeDriver: chrome on WINDOWS (1779389475f5b1b6a39a0869e4513b02)] -> xpath: //button[contains(text(),'Logout')]]
verify tab[[ChromeDriver: chrome on WINDOWS (1779389475f5b1b6a39a0869e4513b02)] -> xpath: //button[contains(text(),'Logout')]]
verify tab[[ChromeDriver: chrome on WINDOWS (1779389475f5b1b6a39a0869e4513b02)] -> xpath: //button[contains(text(),'Logout')]]
verify tab[[ChromeDriver: chrome on WINDOWS (1779389475f5b1b6a39a0869e4513b02)] -> xpath: //button[contains(text(),'Logout')]]
verify tab[[ChromeDriver: chrome on WINDOWS (1779389475f5b1b6a39a0869e4513b02)] -> xpath: //button[contains(text(),'Logout')]]
verify tab[[ChromeDriver: chrome on WINDOWS (1779389475f5b1b6a39a0869e4513b02)] -> xpath: //button[contains(text(),'Logout')]]
verify tab[[ChromeDriver: chrome on WINDOWS (1779389475f5b1b6a39a0869e4513b02)] -> xpath: //button[contains(text(),'Logout')]]
verify tab[[ChromeDriver: chrome on WINDOWS (1779389475f5b1b6a39a0869e4513b02)] -> xpath: //button[contains(text(),'Logout')]]
verify tab[[ChromeDriver: chrome on WINDOWS (1779389475f5b1b6a39a0869e4513b02)] -> xpath: //button[contains(text(),'Logout')]]
verify tab[[ChromeDriver: chrome on WINDOWS (1779389475f5b1b6a39a0869e4513b02)] -> xpath: //button[contains(text(),'Logout')]]
verify tab[[ChromeDriver: chrome on WINDOWS (1779389475f5b1b6a39a0869e4513b02)] -> xpath: //button[contains(text(),'Logout')]]
verify tab[[ChromeDriver: chrome on WINDOWS (1779389475f5b1b6a39a0869e4513b02)] -> xpath: //button[contains(text(),'Logout')]]
verify tab[[ChromeDriver: chrome on WINDOWS (1779389475f5b1b6a39a0869e4513b02)] -> xpath: //button[contains(text(),'Logout')]]
verify tab[[ChromeDriver: chrome on WINDOWS (1779389475f5b1b6a39a0869e4513b02)] -> xpath: //button[contains(text(),'Logout')]]
verify tab[[ChromeDriver: chrome on WINDOWS (1779389475f5b1b6a39a0869e4513b02)] -> xpath: //button[contains(text(),'Logout')]]
verify tab[[ChromeDriver: chrome on WINDOWS (1779389475f5b1b6a39a0869e4513b02)] -> xpath: //button[contains(text(),'Logout')]]
verify tab[[ChromeDriver: chrome on WINDOWS (1779389475f5b1b6a39a0869e4513b02)] -> xpath: //button[contains(text(),'Logout')]]
verify tab[[ChromeDriver: chrome on WINDOWS (1779389475f5b1b6a39a0869e4513b02)] -> xpath: //button[contains(text(),'Logout')]]
verify tab[[ChromeDriver: chrome on WINDOWS (1779389475f5b1b6a39a0869e4513b02)] -> xpath: //button[contains(text(),'Logout')]]
verify tab[[ChromeDriver: chrome on WINDOWS (1779389475f5b1b6a39a0869e4513b02)] -> xpath: //button[contains(text(),'Logout')]]
verify tab[[ChromeDriver: chrome on WINDOWS (1779389475f5b1b6a39a0869e4513b02)] -> xpath: //button[contains(text(),'Logout')]]
verify tab[[ChromeDriver: chrome on WINDOWS (1779389475f5b1b6a39a0869e4513b02)] -> xpath: //button[contains(text(),'Logout')]]
verify tab[[ChromeDriver: chrome on WINDOWS (1779389475f5b1b6a39a0869e4513b02)] -> xpath: //button[contains(text(),'Logout')]]
verify tab[[ChromeDriver: chrome on WINDOWS (1779389475f5b1b6a39a0869e4513b02)] -> xpath: //button[contains(text(),'Logout')]]
verify tab[[ChromeDriver: chrome on WINDOWS (1779389475f5b1b6a39a0869e4513b02)] -> xpath: //button[contains(text(),'Logout')]]
verify tab[[ChromeDriver: chrome on WINDOWS (1779389475f5b1b6a39a0869e4513b02)] -> xpath: //button[contains(text(),'Logout')]]
verify tab[[ChromeDriver: chrome on WINDOWS (1779389475f5b1b6a39a0869e4513b02)] -> xpath: //button[contains(text(),'Logout')]]
verify tab[[ChromeDriver: chrome on WINDOWS (1779389475f5b1b6a39a0869e4513b02)] -> xpath: //button[contains(text(),'Logout')]]
verify tab[[ChromeDriver: chrome on WINDOWS (1779389475f5b1b6a39a0869e4513b02)] -> xpath: //button[contains(text(),'Logout')]]
verify tab[[ChromeDriver: chrome on WINDOWS (1779389475f5b1b6a39a0869e4513b02)] -> xpath: //button[contains(text(),'Logout')]]
verify tab[[ChromeDriver: chrome on WINDOWS (1779389475f5b1b6a39a0869e4513b02)] -> xpath: //button[contains(text(),'Logout')]]
verify tab[[ChromeDriver: chrome on WINDOWS (1779389475f5b1b6a39a0869e4513b02)] -> xpath: //button[contains(text(),'Logout')]]
verify tab[[ChromeDriver: chrome on WINDOWS (1779389475f5b1b6a39a0869e4513b02)] -> xpath: //button[contains(text(),'Logout')]]
verify tab[[ChromeDriver: chrome on WINDOWS (1779389475f5b1b6a39a0869e4513b02)] -> xpath: //button[contains(text(),'Logout')]]
verify tab[[ChromeDriver: chrome on WINDOWS (1779389475f5b1b6a39a0869e4513b02)] -> xpath: //button[contains(text(),'Logout')]]
verify tab[[ChromeDriver: chrome on WINDOWS (1779389475f5b1b6a39a0869e4513b02)] -> xpath: //button[contains(text(),'Logout')]]
verify tab[[ChromeDriver: chrome on WINDOWS (1779389475f5b1b6a39a0869e4513b02)] -> xpath: //button[contains(text(),'Logout')]]
verify tab[[ChromeDriver: chrome on WINDOWS (1779389475f5b1b6a39a0869e4513b02)] -> xpath: //button[contains(text(),'Logout')]]
verify tab[[ChromeDriver: chrome on WINDOWS (1779389475f5b1b6a39a0869e4513b02)] -> xpath: //button[contains(text(),'Logout')]]
verify tab[[ChromeDriver: chrome on WINDOWS (1779389475f5b1b6a39a0869e4513b02)] -> xpath: //button[contains(text(),'Logout')]]
verify tab[[ChromeDriver: chrome on WINDOWS (1779389475f5b1b6a39a0869e4513b02)] -> xpath: //button[contains(text(),'Logout')]]
verify tab[[ChromeDriver: chrome on WINDOWS (1779389475f5b1b6a39a0869e4513b02)] -> xpath: //button[contains(text(),'Logout')]]
verify tab[[ChromeDriver: chrome on WINDOWS (1779389475f5b1b6a39a0869e4513b02)] -> xpath: //button[contains(text(),'Logout')]]
verify tab[[ChromeDriver: chrome on WINDOWS (1779389475f5b1b6a39a0869e4513b02)] -> xpath: //button[contains(text(),'Logout')]]
verify tab[[ChromeDriver: chrome on WINDOWS (1779389475f5b1b6a39a0869e4513b02)] -> xpath: //button[contains(text(),'Logout')]]
verify tab[[ChromeDriver: chrome on WINDOWS (1779389475f5b1b6a39a0869e4513b02)] -> xpath: //button[contains(text(),'Logout')]]
verify tab[[ChromeDriver: chrome on WINDOWS (1779389475f5b1b6a39a0869e4513b02)] -> xpath: //button[contains(text(),'Logout')]]
verify tab[[ChromeDriver: chrome on WINDOWS (1779389475f5b1b6a39a0869e4513b02)] -> xpath: //button[contains(text(),'Logout')]]
verify tab[[ChromeDriver: chrome on WINDOWS (1779389475f5b1b6a39a0869e4513b02)] -> xpath: //button[contains(text(),'Logout')]]
verify tab[[ChromeDriver: chrome on WINDOWS (1779389475f5b1b6a39a0869e4513b02)] -> xpath: //button[contains(text(),'Logout')]]
verify tab[[ChromeDriver: chrome on WINDOWS (1779389475f5b1b6a39a0869e4513b02)] -> xpath: //button[contains(text(),'Logout')]]
verify tab[[ChromeDriver: chrome on WINDOWS (1779389475f5b1b6a39a0869e4513b02)] -> xpath: //button[contains(text(),'Logout')]]
verify tab[[ChromeDriver: chrome on WINDOWS (1779389475f5b1b6a39a0869e4513b02)] -> xpath: //button[contains(text(),'Logout')]]
verify tab[[ChromeDriver: chrome on WINDOWS (1779389475f5b1b6a39a0869e4513b02)] -> xpath: //button[contains(text(),'Logout')]]
verify tab[[ChromeDriver: chrome on WINDOWS (1779389475f5b1b6a39a0869e4513b02)] -> xpath: //button[contains(text(),'Logout')]]
verify tab[[ChromeDriver: chrome on WINDOWS (1779389475f5b1b6a39a0869e4513b02)] -> xpath: //button[contains(text(),'Logout')]]
verify tab[[ChromeDriver: chrome on WINDOWS (1779389475f5b1b6a39a0869e4513b02)] -> xpath: //button[contains(text(),'Logout')]]
verify tab[[ChromeDriver: chrome on WINDOWS (1779389475f5b1b6a39a0869e4513b02)] -> xpath: //button[contains(text(),'Logout')]]
verify tab[[ChromeDriver: chrome on WINDOWS (1779389475f5b1b6a39a0869e4513b02)] -> xpath: //button[contains(text(),'Logout')]]
verify tab[[ChromeDriver: chrome on WINDOWS (1779389475f5b1b6a39a0869e4513b02)] -> xpath: //button[contains(text(),'Logout')]]
verify tab[[ChromeDriver: chrome on WINDOWS (1779389475f5b1b6a39a0869e4513b02)] -> xpath: //button[contains(text(),'Logout')]]
verify tab[[ChromeDriver: chrome on WINDOWS (1779389475f5b1b6a39a0869e4513b02)] -> xpath: //button[contains(text(),'Logout')]]
verify tab[[ChromeDriver: chrome on WINDOWS (1779389475f5b1b6a39a0869e4513b02)] -> xpath: //button[contains(text(),'Logout')]]
verify tab[[ChromeDriver: chrome on WINDOWS (1779389475f5b1b6a39a0869e4513b02)] -> xpath: //button[contains(text(),'Logout')]]
verify tab[[ChromeDriver: chrome on WINDOWS (1779389475f5b1b6a39a0869e4513b02)] -> xpath: //button[contains(text(),'Logout')]]
verify tab[[ChromeDriver: chrome on WINDOWS (1779389475f5b1b6a39a0869e4513b02)] -> xpath: //button[contains(text(),'Logout')]]
verify tab[[ChromeDriver: chrome on WINDOWS (1779389475f5b1b6a39a0869e4513b02)] -> xpath: //button[contains(text(),'Logout')]]
verify tab[[ChromeDriver: chrome on WINDOWS (1779389475f5b1b6a39a0869e4513b02)] -> xpath: //button[contains(text(),'Logout')]]
verify tab[[ChromeDriver: chrome on WINDOWS (1779389475f5b1b6a39a0869e4513b02)] -> xpath: //button[contains(text(),'Logout')]]
verify tab[[ChromeDriver: chrome on WINDOWS (1779389475f5b1b6a39a0869e4513b02)] -> xpath: //button[contains(text(),'Logout')]]
verify tab[[ChromeDriver: chrome on WINDOWS (1779389475f5b1b6a39a0869e4513b02)] -> xpath: //button[contains(text(),'Logout')]]
verify tab[[ChromeDriver: chrome on WINDOWS (1779389475f5b1b6a39a0869e4513b02)] -> xpath: //button[contains(text(),'Logout')]]
verify tab[[ChromeDriver: chrome on WINDOWS (1779389475f5b1b6a39a0869e4513b02)] -> xpath: //button[contains(text(),'Logout')]]
verify tab[[ChromeDriver: chrome on WINDOWS (1779389475f5b1b6a39a0869e4513b02)] -> xpath: //button[contains(text(),'Logout')]]
verify tab[[ChromeDriver: chrome on WINDOWS (1779389475f5b1b6a39a0869e4513b02)] -> xpath: //button[contains(text(),'Logout')]]
verify tab[[ChromeDriver: chrome on WINDOWS (1779389475f5b1b6a39a0869e4513b02)] -> xpath: //button[contains(text(),'Logout')]]
verify tab[[ChromeDriver: chrome on WINDOWS (1779389475f5b1b6a39a0869e4513b02)] -> xpath: //button[contains(text(),'Logout')]]
verify tab[[ChromeDriver: chrome on WINDOWS (1779389475f5b1b6a39a0869e4513b02)] -> xpath: //button[contains(text(),'Logout')]]
verify tab[[ChromeDriver: chrome on WINDOWS (1779389475f5b1b6a39a0869e4513b02)] -> xpath: //button[contains(text(),'Logout')]]
verify tab[[ChromeDriver: chrome on WINDOWS (1779389475f5b1b6a39a0869e4513b02)] -> xpath: //button[contains(text(),'Logout')]]
verify tab[[ChromeDriver: chrome on WINDOWS (1779389475f5b1b6a39a0869e4513b02)] -> xpath: //button[contains(text(),'Logout')]]
verify tab[[ChromeDriver: chrome on WINDOWS (1779389475f5b1b6a39a0869e4513b02)] -> xpath: //button[contains(text(),'Logout')]]
verify tab[[ChromeDriver: chrome on WINDOWS (1779389475f5b1b6a39a0869e4513b02)] -> xpath: //button[contains(text(),'Logout')]]
verify tab[[ChromeDriver: chrome on WINDOWS (1779389475f5b1b6a39a0869e4513b02)] -> xpath: //button[contains(text(),'Logout')]]
verify tab[[ChromeDriver: chrome on WINDOWS (1779389475f5b1b6a39a0869e4513b02)] -> xpath: //button[contains(text(),'Logout')]]
verify tab[[ChromeDriver: chrome on WINDOWS (1779389475f5b1b6a39a0869e4513b02)] -> xpath: //button[contains(text(),'Logout')]]
verify tab[[ChromeDriver: chrome on WINDOWS (1779389475f5b1b6a39a0869e4513b02)] -> xpath: //button[contains(text(),'Logout')]]
verify tab[[ChromeDriver: chrome on WINDOWS (1779389475f5b1b6a39a0869e4513b02)] -> xpath: //button[contains(text(),'Logout')]]
verify tab[[ChromeDriver: chrome on WINDOWS (1779389475f5b1b6a39a0869e4513b02)] -> xpath: //button[contains(text(),'Logout')]]
verify tab[[ChromeDriver: chrome on WINDOWS (1779389475f5b1b6a39a0869e4513b02)] -> xpath: //button[contains(text(),'Logout')]]
verify tab[[ChromeDriver: chrome on WINDOWS (1779389475f5b1b6a39a0869e4513b02)] -> xpath: //button[contains(text(),'Logout')]]
verify tab[[ChromeDriver: chrome on WINDOWS (1779389475f5b1b6a39a0869e4513b02)] -> xpath: //button[contains(text(),'Logout')]]
verify tab[[ChromeDriver: chrome on WINDOWS (1779389475f5b1b6a39a0869e4513b02)] -> xpath: //button[contains(text(),'Logout')]]
verify tab[[ChromeDriver: chrome on WINDOWS (1779389475f5b1b6a39a0869e4513b02)] -> xpath: //button[contains(text(),'Logout')]]
verify tab[[ChromeDriver: chrome on WINDOWS (1779389475f5b1b6a39a0869e4513b02)] -> xpath: //button[contains(text(),'Logout')]]
verify tab[[ChromeDriver: chrome on WINDOWS (1779389475f5b1b6a39a0869e4513b02)] -> xpath: //button[contains(text(),'Logout')]]
verify tab[[ChromeDriver: chrome on WINDOWS (1779389475f5b1b6a39a0869e4513b02)] -> xpath: //button[contains(text(),'Logout')]]
verify tab[[ChromeDriver: chrome on WINDOWS (1779389475f5b1b6a39a0869e4513b02)] -> xpath: //button[contains(text(),'Logout')]]
verify tab[[ChromeDriver: chrome on WINDOWS (1779389475f5b1b6a39a0869e4513b02)] -> xpath: //button[contains(text(),'Logout')]]
verify tab[[ChromeDriver: chrome on WINDOWS (1779389475f5b1b6a39a0869e4513b02)] -> xpath: //button[contains(text(),'Logout')]]
verify tab[[ChromeDriver: chrome on WINDOWS (1779389475f5b1b6a39a0869e4513b02)] -> xpath: //button[contains(text(),'Logout')]]
verify tab[[ChromeDriver: chrome on WINDOWS (1779389475f5b1b6a39a0869e4513b02)] -> xpath: //button[contains(text(),'Logout')]]
verify tab[[ChromeDriver: chrome on WINDOWS (1779389475f5b1b6a39a0869e4513b02)] -> xpath: //button[contains(text(),'Logout')]]
verify tab[[ChromeDriver: chrome on WINDOWS (1779389475f5b1b6a39a0869e4513b02)] -> xpath: //button[contains(text(),'Logout')]]
verify tab[[ChromeDriver: chrome on WINDOWS (1779389475f5b1b6a39a0869e4513b02)] -> xpath: //button[contains(text(),'Logout')]]
verify tab[[ChromeDriver: chrome on WINDOWS (1779389475f5b1b6a39a0869e4513b02)] -> xpath: //button[contains(text(),'Logout')]]
verify tab[[ChromeDriver: chrome on WINDOWS (1779389475f5b1b6a39a0869e4513b02)] -> xpath: //button[contains(text(),'Logout')]]
verify tab[[ChromeDriver: chrome on WINDOWS (1779389475f5b1b6a39a0869e4513b02)] -> xpath: //button[contains(text(),'Logout')]]
verify tab[[ChromeDriver: chrome on WINDOWS (1779389475f5b1b6a39a0869e4513b02)] -> xpath: //button[contains(text(),'Logout')]]
verify tab[[ChromeDriver: chrome on WINDOWS (1779389475f5b1b6a39a0869e4513b02)] -> xpath: //button[contains(text(),'Logout')]]
verify tab[[ChromeDriver: chrome on WINDOWS (1779389475f5b1b6a39a0869e4513b02)] -> xpath: //button[contains(text(),'Logout')]]
verify tab[[ChromeDriver: chrome on WINDOWS (1779389475f5b1b6a39a0869e4513b02)] -> xpath: //button[contains(text(),'Logout')]]
verify tab[[ChromeDriver: chrome on WINDOWS (1779389475f5b1b6a39a0869e4513b02)] -> xpath: //button[contains(text(),'Logout')]]
verify tab[[ChromeDriver: chrome on WINDOWS (1779389475f5b1b6a39a0869e4513b02)] -> xpath: //button[contains(text(),'Logout')]]
verify tab[[ChromeDriver: chrome on WINDOWS (1779389475f5b1b6a39a0869e4513b02)] -> xpath: //button[contains(text(),'Logout')]]
verify tab[[ChromeDriver: chrome on WINDOWS (1779389475f5b1b6a39a0869e4513b02)] -> xpath: //button[contains(text(),'Logout')]]
verify tab[[ChromeDriver: chrome on WINDOWS (1779389475f5b1b6a39a0869e4513b02)] -> xpath: //button[contains(text(),'Logout')]]
verify tab[[ChromeDriver: chrome on WINDOWS (1779389475f5b1b6a39a0869e4513b02)] -> xpath: //button[contains(text(),'Logout')]]
verify tab[[ChromeDriver: chrome on WINDOWS (1779389475f5b1b6a39a0869e4513b02)] -> xpath: //button[contains(text(),'Logout')]]
verify tab[[ChromeDriver: chrome on WINDOWS (1779389475f5b1b6a39a0869e4513b02)] -> xpath: //button[contains(text(),'Logout')]]
verify tab[[ChromeDriver: chrome on WINDOWS (1779389475f5b1b6a39a0869e4513b02)] -> xpath: //button[contains(text(),'Logout')]]
verify tab[[ChromeDriver: chrome on WINDOWS (1779389475f5b1b6a39a0869e4513b02)] -> xpath: //button[contains(text(),'Logout')]]
verify tab[[ChromeDriver: chrome on WINDOWS (1779389475f5b1b6a39a0869e4513b02)] -> xpath: //button[contains(text(),'Logout')]]
verify tab[[ChromeDriver: chrome on WINDOWS (1779389475f5b1b6a39a0869e4513b02)] -> xpath: //button[contains(text(),'Logout')]]
verify tab[[ChromeDriver: chrome on WINDOWS (1779389475f5b1b6a39a0869e4513b02)] -> xpath: //button[contains(text(),'Logout')]]
verify tab[[ChromeDriver: chrome on WINDOWS (1779389475f5b1b6a39a0869e4513b02)] -> xpath: //button[contains(text(),'Logout')]]
verify tab[[ChromeDriver: chrome on WINDOWS (1779389475f5b1b6a39a0869e4513b02)] -> xpath: //button[contains(text(),'Logout')]]
verify tab[[ChromeDriver: chrome on WINDOWS (1779389475f5b1b6a39a0869e4513b02)] -> xpath: //button[contains(text(),'Logout')]]
verify tab[[ChromeDriver: chrome on WINDOWS (1779389475f5b1b6a39a0869e4513b02)] -> xpath: //button[contains(text(),'Logout')]]
verify tab[[ChromeDriver: chrome on WINDOWS (1779389475f5b1b6a39a0869e4513b02)] -> xpath: //button[contains(text(),'Logout')]]
verify tab[[ChromeDriver: chrome on WINDOWS (1779389475f5b1b6a39a0869e4513b02)] -> xpath: //button[contains(text(),'Logout')]]
verify tab[[ChromeDriver: chrome on WINDOWS (1779389475f5b1b6a39a0869e4513b02)] -> xpath: //button[contains(text(),'Logout')]]
verify tab[[ChromeDriver: chrome on WINDOWS (1779389475f5b1b6a39a0869e4513b02)] -> xpath: //button[contains(text(),'Logout')]]
verify tab[[ChromeDriver: chrome on WINDOWS (1779389475f5b1b6a39a0869e4513b02)] -> xpath: //button[contains(text(),'Logout')]]
verify tab[[ChromeDriver: chrome on WINDOWS (1779389475f5b1b6a39a0869e4513b02)] -> xpath: //button[contains(text(),'Logout')]]
verify tab[[ChromeDriver: chrome on WINDOWS (1779389475f5b1b6a39a0869e4513b02)] -> xpath: //button[contains(text(),'Logout')]]
verify tab[[ChromeDriver: chrome on WINDOWS (1779389475f5b1b6a39a0869e4513b02)] -> xpath: //button[contains(text(),'Logout')]]
verify tab[[ChromeDriver: chrome on WINDOWS (1779389475f5b1b6a39a0869e4513b02)] -> xpath: //button[contains(text(),'Logout')]]
verify tab[[ChromeDriver: chrome on WINDOWS (1779389475f5b1b6a39a0869e4513b02)] -> xpath: //button[contains(text(),'Logout')]]
verify tab[[ChromeDriver: chrome on WINDOWS (1779389475f5b1b6a39a0869e4513b02)] -> xpath: //button[contains(text(),'Logout')]]
verify tab[[ChromeDriver: chrome on WINDOWS (1779389475f5b1b6a39a0869e4513b02)] -> xpath: //button[contains(text(),'Logout')]]
verify tab[[ChromeDriver: chrome on WINDOWS (1779389475f5b1b6a39a0869e4513b02)] -> xpath: //button[contains(text(),'Logout')]]
verify tab[[ChromeDriver: chrome on WINDOWS (1779389475f5b1b6a39a0869e4513b02)] -> xpath: //button[contains(text(),'Logout')]]
verify tab[[ChromeDriver: chrome on WINDOWS (1779389475f5b1b6a39a0869e4513b02)] -> xpath: //button[contains(text(),'Logout')]]
verify tab[[ChromeDriver: chrome on WINDOWS (1779389475f5b1b6a39a0869e4513b02)] -> xpath: //button[contains(text(),'Logout')]]
verify tab[[ChromeDriver: chrome on WINDOWS (1779389475f5b1b6a39a0869e4513b02)] -> xpath: //button[contains(text(),'Logout')]]
verify tab[[ChromeDriver: chrome on WINDOWS (1779389475f5b1b6a39a0869e4513b02)] -> xpath: //button[contains(text(),'Logout')]]
verify tab[[ChromeDriver: chrome on WINDOWS (1779389475f5b1b6a39a0869e4513b02)] -> xpath: //button[contains(text(),'Logout')]]
verify tab[[ChromeDriver: chrome on WINDOWS (1779389475f5b1b6a39a0869e4513b02)] -> xpath: //button[contains(text(),'Logout')]]
verify tab[[ChromeDriver: chrome on WINDOWS (1779389475f5b1b6a39a0869e4513b02)] -> xpath: //button[contains(text(),'Logout')]]
verify tab[[ChromeDriver: chrome on WINDOWS (1779389475f5b1b6a39a0869e4513b02)] -> xpath: //button[contains(text(),'Logout')]]
verify tab[[ChromeDriver: chrome on WINDOWS (1779389475f5b1b6a39a0869e4513b02)] -> xpath: //button[contains(text(),'Logout')]]
verify tab[[ChromeDriver: chrome on WINDOWS (1779389475f5b1b6a39a0869e4513b02)] -> xpath: //button[contains(text(),'Logout')]]
verify tab[[ChromeDriver: chrome on WINDOWS (1779389475f5b1b6a39a0869e4513b02)] -> xpath: //button[contains(text(),'Logout')]]
verify tab[[ChromeDriver: chrome on WINDOWS (1779389475f5b1b6a39a0869e4513b02)] -> xpath: //button[contains(text(),'Logout')]]
verify tab[[ChromeDriver: chrome on WINDOWS (1779389475f5b1b6a39a0869e4513b02)] -> xpath: //button[contains(text(),'Logout')]]
verify tab[[ChromeDriver: chrome on WINDOWS (1779389475f5b1b6a39a0869e4513b02)] -> xpath: //button[contains(text(),'Logout')]]
verify tab[[ChromeDriver: chrome on WINDOWS (1779389475f5b1b6a39a0869e4513b02)] -> xpath: //button[contains(text(),'Logout')]]
verify tab[[ChromeDriver: chrome on WINDOWS (1779389475f5b1b6a39a0869e4513b02)] -> xpath: //button[contains(text(),'Logout')]]
verify tab[[ChromeDriver: chrome on WINDOWS (1779389475f5b1b6a39a0869e4513b02)] -> xpath: //button[contains(text(),'Logout')]]
verify tab[[ChromeDriver: chrome on WINDOWS (1779389475f5b1b6a39a0869e4513b02)] -> xpath: //button[contains(text(),'Logout')]]
verify tab[[ChromeDriver: chrome on WINDOWS (1779389475f5b1b6a39a0869e4513b02)] -> xpath: //button[contains(text(),'Logout')]]
verify tab[[ChromeDriver: chrome on WINDOWS (1779389475f5b1b6a39a0869e4513b02)] -> xpath: //button[contains(text(),'Logout')]]
verify tab[[ChromeDriver: chrome on WINDOWS (1779389475f5b1b6a39a0869e4513b02)] -> xpath: //button[contains(text(),'Logout')]]
verify tab[[ChromeDriver: chrome on WINDOWS (1779389475f5b1b6a39a0869e4513b02)] -> xpath: //button[contains(text(),'Logout')]]
verify tab[[ChromeDriver: chrome on WINDOWS (1779389475f5b1b6a39a0869e4513b02)] -> xpath: //button[contains(text(),'Logout')]]
verify tab[[ChromeDriver: chrome on WINDOWS (1779389475f5b1b6a39a0869e4513b02)] -> xpath: //button[contains(text(),'Logout')]]
verify tab[[ChromeDriver: chrome on WINDOWS (1779389475f5b1b6a39a0869e4513b02)] -> xpath: //button[contains(text(),'Logout')]]
verify tab[[ChromeDriver: chrome on WINDOWS (1779389475f5b1b6a39a0869e4513b02)] -> xpath: //button[contains(text(),'Logout')]]
verify tab[[ChromeDriver: chrome on WINDOWS (1779389475f5b1b6a39a0869e4513b02)] -> xpath: //button[contains(text(),'Logout')]]
verify tab[[ChromeDriver: chrome on WINDOWS (1779389475f5b1b6a39a0869e4513b02)] -> xpath: //button[contains(text(),'Logout')]]
verify tab[[ChromeDriver: chrome on WINDOWS (1779389475f5b1b6a39a0869e4513b02)] -> xpath: //button[contains(text(),'Logout')]]
verify tab[[ChromeDriver: chrome on WINDOWS (1779389475f5b1b6a39a0869e4513b02)] -> xpath: //button[contains(text(),'Logout')]]
verify tab[[ChromeDriver: chrome on WINDOWS (1779389475f5b1b6a39a0869e4513b02)] -> xpath: //button[contains(text(),'Logout')]]
verify tab[[ChromeDriver: chrome on WINDOWS (1779389475f5b1b6a39a0869e4513b02)] -> xpath: //button[contains(text(),'Logout')]]
verify tab[[ChromeDriver: chrome on WINDOWS (1779389475f5b1b6a39a0869e4513b02)] -> xpath: //button[contains(text(),'Logout')]]
verify tab[[ChromeDriver: chrome on WINDOWS (1779389475f5b1b6a39a0869e4513b02)] -> xpath: //button[contains(text(),'Logout')]]
verify tab[[ChromeDriver: chrome on WINDOWS (1779389475f5b1b6a39a0869e4513b02)] -> xpath: //button[contains(text(),'Logout')]]
verify tab[[ChromeDriver: chrome on WINDOWS (1779389475f5b1b6a39a0869e4513b02)] -> xpath: //button[contains(text(),'Logout')]]
verify tab[[ChromeDriver: chrome on WINDOWS (1779389475f5b1b6a39a0869e4513b02)] -> xpath: //button[contains(text(),'Logout')]]
verify tab[[ChromeDriver: chrome on WINDOWS (1779389475f5b1b6a39a0869e4513b02)] -> xpath: //button[contains(text(),'Logout')]]
verify tab[[ChromeDriver: chrome on WINDOWS (1779389475f5b1b6a39a0869e4513b02)] -> xpath: //button[contains(text(),'Logout')]]
verify tab[[ChromeDriver: chrome on WINDOWS (1779389475f5b1b6a39a0869e4513b02)] -> xpath: //button[contains(text(),'Logout')]]
verify tab[[ChromeDriver: chrome on WINDOWS (1779389475f5b1b6a39a0869e4513b02)] -> xpath: //button[contains(text(),'Logout')]]
verify tab[[ChromeDriver: chrome on WINDOWS (1779389475f5b1b6a39a0869e4513b02)] -> xpath: //button[contains(text(),'Logout')]]
verify tab[[ChromeDriver: chrome on WINDOWS (1779389475f5b1b6a39a0869e4513b02)] -> xpath: //button[contains(text(),'Logout')]]
verify tab[[ChromeDriver: chrome on WINDOWS (1779389475f5b1b6a39a0869e4513b02)] -> xpath: //button[contains(text(),'Logout')]]
verify tab[[ChromeDriver: chrome on WINDOWS (1779389475f5b1b6a39a0869e4513b02)] -> xpath: //button[contains(text(),'Logout')]]
verify tab[[ChromeDriver: chrome on WINDOWS (1779389475f5b1b6a39a0869e4513b02)] -> xpath: //button[contains(text(),'Logout')]]
verify tab[[ChromeDriver: chrome on WINDOWS (1779389475f5b1b6a39a0869e4513b02)] -> xpath: //button[contains(text(),'Logout')]]
verify tab[[ChromeDriver: chrome on WINDOWS (1779389475f5b1b6a39a0869e4513b02)] -> xpath: //button[contains(text(),'Logout')]]
verify tab[[ChromeDriver: chrome on WINDOWS (1779389475f5b1b6a39a0869e4513b02)] -> xpath: //button[contains(text(),'Logout')]]
verify tab[[ChromeDriver: chrome on WINDOWS (1779389475f5b1b6a39a0869e4513b02)] -> xpath: //button[contains(text(),'Logout')]]
verify tab[[ChromeDriver: chrome on WINDOWS (1779389475f5b1b6a39a0869e4513b02)] -> xpath: //button[contains(text(),'Logout')]]
verify tab[[ChromeDriver: chrome on WINDOWS (1779389475f5b1b6a39a0869e4513b02)] -> xpath: //button[contains(text(),'Logout')]]
verify tab[[ChromeDriver: chrome on WINDOWS (1779389475f5b1b6a39a0869e4513b02)] -> xpath: //button[contains(text(),'Logout')]]
verify tab[[ChromeDriver: chrome on WINDOWS (1779389475f5b1b6a39a0869e4513b02)] -> xpath: //button[contains(text(),'Logout')]]
verify tab[[ChromeDriver: chrome on WINDOWS (1779389475f5b1b6a39a0869e4513b02)] -> xpath: //button[contains(text(),'Logout')]]
verify tab[[ChromeDriver: chrome on WINDOWS (1779389475f5b1b6a39a0869e4513b02)] -> xpath: //button[contains(text(),'Logout')]]
verify tab[[ChromeDriver: chrome on WINDOWS (1779389475f5b1b6a39a0869e4513b02)] -> xpath: //button[contains(text(),'Logout')]]
verify tab[[ChromeDriver: chrome on WINDOWS (1779389475f5b1b6a39a0869e4513b02)] -> xpath: //button[contains(text(),'Logout')]]
verify tab[[ChromeDriver: chrome on WINDOWS (1779389475f5b1b6a39a0869e4513b02)] -> xpath: //button[contains(text(),'Logout')]]
verify tab[[ChromeDriver: chrome on WINDOWS (1779389475f5b1b6a39a0869e4513b02)] -> xpath: //button[contains(text(),'Logout')]]
verify tab[[ChromeDriver: chrome on WINDOWS (1779389475f5b1b6a39a0869e4513b02)] -> xpath: //button[contains(text(),'Logout')]]
verify tab[[ChromeDriver: chrome on WINDOWS (1779389475f5b1b6a39a0869e4513b02)] -> xpath: //button[contains(text(),'Logout')]]
verify tab[[ChromeDriver: chrome on WINDOWS (1779389475f5b1b6a39a0869e4513b02)] -> xpath: //button[contains(text(),'Logout')]]
verify tab[[ChromeDriver: chrome on WINDOWS (1779389475f5b1b6a39a0869e4513b02)] -> xpath: //button[contains(text(),'Logout')]]
verify tab[[ChromeDriver: chrome on WINDOWS (1779389475f5b1b6a39a0869e4513b02)] -> xpath: //button[contains(text(),'Logout')]]
verify tab[[ChromeDriver: chrome on WINDOWS (1779389475f5b1b6a39a0869e4513b02)] -> xpath: //button[contains(text(),'Logout')]]
verify tab[[ChromeDriver: chrome on WINDOWS (1779389475f5b1b6a39a0869e4513b02)] -> xpath: //button[contains(text(),'Logout')]]
verify tab[[ChromeDriver: chrome on WINDOWS (1779389475f5b1b6a39a0869e4513b02)] -> xpath: //button[contains(text(),'Logout')]]
verify tab[[ChromeDriver: chrome on WINDOWS (1779389475f5b1b6a39a0869e4513b02)] -> xpath: //button[contains(text(),'Logout')]]
verify tab[[ChromeDriver: chrome on WINDOWS (1779389475f5b1b6a39a0869e4513b02)] -> xpath: //button[contains(text(),'Logout')]]
verify tab[[ChromeDriver: chrome on WINDOWS (1779389475f5b1b6a39a0869e4513b02)] -> xpath: //button[contains(text(),'Logout')]]
verify tab[[ChromeDriver: chrome on WINDOWS (1779389475f5b1b6a39a0869e4513b02)] -> xpath: //button[contains(text(),'Logout')]]
verify tab[[ChromeDriver: chrome on WINDOWS (1779389475f5b1b6a39a0869e4513b02)] -> xpath: //button[contains(text(),'Logout')]]
verify tab[[ChromeDriver: chrome on WINDOWS (1779389475f5b1b6a39a0869e4513b02)] -> xpath: //button[contains(text(),'Logout')]]
verify tab[[ChromeDriver: chrome on WINDOWS (1779389475f5b1b6a39a0869e4513b02)] -> xpath: //button[contains(text(),'Logout')]]
verify tab[[ChromeDriver: chrome on WINDOWS (1779389475f5b1b6a39a0869e4513b02)] -> xpath: //button[contains(text(),'Logout')]]
verify tab[[ChromeDriver: chrome on WINDOWS (1779389475f5b1b6a39a0869e4513b02)] -> xpath: //button[contains(text(),'Logout')]]
verify tab[[ChromeDriver: chrome on WINDOWS (1779389475f5b1b6a39a0869e4513b02)] -> xpath: //button[contains(text(),'Logout')]]
verify tab[[ChromeDriver: chrome on WINDOWS (1779389475f5b1b6a39a0869e4513b02)] -> xpath: //button[contains(text(),'Logout')]]
verify tab[[ChromeDriver: chrome on WINDOWS (1779389475f5b1b6a39a0869e4513b02)] -> xpath: //button[contains(text(),'Logout')]]
verify tab[[ChromeDriver: chrome on WINDOWS (1779389475f5b1b6a39a0869e4513b02)] -> xpath: //button[contains(text(),'Logout')]]
verify tab[[ChromeDriver: chrome on WINDOWS (1779389475f5b1b6a39a0869e4513b02)] -> xpath: //button[contains(text(),'Logout')]]
verify tab[[ChromeDriver: chrome on WINDOWS (1779389475f5b1b6a39a0869e4513b02)] -> xpath: //button[contains(text(),'Logout')]]
verify tab[[ChromeDriver: chrome on WINDOWS (1779389475f5b1b6a39a0869e4513b02)] -> xpath: //button[contains(text(),'Logout')]]
verify tab[[ChromeDriver: chrome on WINDOWS (1779389475f5b1b6a39a0869e4513b02)] -> xpath: //button[contains(text(),'Logout')]]
verify tab[[ChromeDriver: chrome on WINDOWS (1779389475f5b1b6a39a0869e4513b02)] -> xpath: //button[contains(text(),'Logout')]]
verify tab[[ChromeDriver: chrome on WINDOWS (1779389475f5b1b6a39a0869e4513b02)] -> xpath: //button[contains(text(),'Logout')]]
verify tab[[ChromeDriver: chrome on WINDOWS (1779389475f5b1b6a39a0869e4513b02)] -> xpath: //button[contains(text(),'Logout')]]
verify tab[[ChromeDriver: chrome on WINDOWS (1779389475f5b1b6a39a0869e4513b02)] -> xpath: //button[contains(text(),'Logout')]]
verify tab[[ChromeDriver: chrome on WINDOWS (1779389475f5b1b6a39a0869e4513b02)] -> xpath: //button[contains(text(),'Logout')]]
verify tab[[ChromeDriver: chrome on WINDOWS (1779389475f5b1b6a39a0869e4513b02)] -> xpath: //button[contains(text(),'Logout')]]
verify tab[[ChromeDriver: chrome on WINDOWS (1779389475f5b1b6a39a0869e4513b02)] -> xpath: //button[contains(text(),'Logout')]]
verify tab[[ChromeDriver: chrome on WINDOWS (1779389475f5b1b6a39a0869e4513b02)] -> xpath: //button[contains(text(),'Logout')]]
verify tab[[ChromeDriver: chrome on WINDOWS (1779389475f5b1b6a39a0869e4513b02)] -> xpath: //button[contains(text(),'Logout')]]
verify tab[[ChromeDriver: chrome on WINDOWS (1779389475f5b1b6a39a0869e4513b02)] -> xpath: //button[contains(text(),'Logout')]]
verify tab[[ChromeDriver: chrome on WINDOWS (1779389475f5b1b6a39a0869e4513b02)] -> xpath: //button[contains(text(),'Logout')]]
verify tab[[ChromeDriver: chrome on WINDOWS (1779389475f5b1b6a39a0869e4513b02)] -> xpath: //button[contains(text(),'Logout')]]
verify tab[[ChromeDriver: chrome on WINDOWS (1779389475f5b1b6a39a0869e4513b02)] -> xpath: //button[contains(text(),'Logout')]]
verify tab[[ChromeDriver: chrome on WINDOWS (1779389475f5b1b6a39a0869e4513b02)] -> xpath: //button[contains(text(),'Logout')]]
verify tab[[ChromeDriver: chrome on WINDOWS (1779389475f5b1b6a39a0869e4513b02)] -> xpath: //button[contains(text(),'Logout')]]
verify tab[[ChromeDriver: chrome on WINDOWS (1779389475f5b1b6a39a0869e4513b02)] -> xpath: //button[contains(text(),'Logout')]]
verify tab[[ChromeDriver: chrome on WINDOWS (1779389475f5b1b6a39a0869e4513b02)] -> xpath: //button[contains(text(),'Logout')]]
verify tab[[ChromeDriver: chrome on WINDOWS (1779389475f5b1b6a39a0869e4513b02)] -> xpath: //button[contains(text(),'Logout')]]
verify tab[[ChromeDriver: chrome on WINDOWS (1779389475f5b1b6a39a0869e4513b02)] -> xpath: //button[contains(text(),'Logout')]]
verify tab[[ChromeDriver: chrome on WINDOWS (1779389475f5b1b6a39a0869e4513b02)] -> xpath: //button[contains(text(),'Logout')]]
verify tab[[ChromeDriver: chrome on WINDOWS (1779389475f5b1b6a39a0869e4513b02)] -> xpath: //button[contains(text(),'Logout')]]
verify tab[[ChromeDriver: chrome on WINDOWS (1779389475f5b1b6a39a0869e4513b02)] -> xpath: //button[contains(text(),'Logout')]]
verify tab[[ChromeDriver: chrome on WINDOWS (1779389475f5b1b6a39a0869e4513b02)] -> xpath: //button[contains(text(),'Logout')]]
verify tab[[ChromeDriver: chrome on WINDOWS (1779389475f5b1b6a39a0869e4513b02)] -> xpath: //button[contains(text(),'Logout')]]
verify tab[[ChromeDriver: chrome on WINDOWS (1779389475f5b1b6a39a0869e4513b02)] -> xpath: //button[contains(text(),'Logout')]]
verify tab[[ChromeDriver: chrome on WINDOWS (1779389475f5b1b6a39a0869e4513b02)] -> xpath: //button[contains(text(),'Logout')]]
verify tab[[ChromeDriver: chrome on WINDOWS (1779389475f5b1b6a39a0869e4513b02)] -> xpath: //button[contains(text(),'Logout')]]
verify tab[[ChromeDriver: chrome on WINDOWS (1779389475f5b1b6a39a0869e4513b02)] -> xpath: //button[contains(text(),'Logout')]]
verify tab[[ChromeDriver: chrome on WINDOWS (1779389475f5b1b6a39a0869e4513b02)] -> xpath: //button[contains(text(),'Logout')]]
verify tab[[ChromeDriver: chrome on WINDOWS (1779389475f5b1b6a39a0869e4513b02)] -> xpath: //button[contains(text(),'Logout')]]
verify tab[[ChromeDriver: chrome on WINDOWS (1779389475f5b1b6a39a0869e4513b02)] -> xpath: //button[contains(text(),'Logout')]]
verify tab[[ChromeDriver: chrome on WINDOWS (1779389475f5b1b6a39a0869e4513b02)] -> xpath: //button[contains(text(),'Logout')]]
verify tab[[ChromeDriver: chrome on WINDOWS (1779389475f5b1b6a39a0869e4513b02)] -> xpath: //button[contains(text(),'Logout')]]
verify tab[[ChromeDriver: chrome on WINDOWS (1779389475f5b1b6a39a0869e4513b02)] -> xpath: //button[contains(text(),'Logout')]]
verify tab[[ChromeDriver: chrome on WINDOWS (1779389475f5b1b6a39a0869e4513b02)] -> xpath: //button[contains(text(),'Logout')]]
verify tab[[ChromeDriver: chrome on WINDOWS (1779389475f5b1b6a39a0869e4513b02)] -> xpath: //button[contains(text(),'Logout')]]
verify tab[[ChromeDriver: chrome on WINDOWS (1779389475f5b1b6a39a0869e4513b02)] -> xpath: //button[contains(text(),'Logout')]]
verify tab[[ChromeDriver: chrome on WINDOWS (1779389475f5b1b6a39a0869e4513b02)] -> xpath: //button[contains(text(),'Logout')]]
verify tab[[ChromeDriver: chrome on WINDOWS (1779389475f5b1b6a39a0869e4513b02)] -> xpath: //button[contains(text(),'Logout')]]
verify tab[[ChromeDriver: chrome on WINDOWS (1779389475f5b1b6a39a0869e4513b02)] -> xpath: //button[contains(text(),'Logout')]]
verify tab[[ChromeDriver: chrome on WINDOWS (1779389475f5b1b6a39a0869e4513b02)] -> xpath: //button[contains(text(),'Logout')]]
verify tab[[ChromeDriver: chrome on WINDOWS (1779389475f5b1b6a39a0869e4513b02)] -> xpath: //button[contains(text(),'Logout')]]
verify tab[[ChromeDriver: chrome on WINDOWS (1779389475f5b1b6a39a0869e4513b02)] -> xpath: //button[contains(text(),'Logout')]]
verify tab[[ChromeDriver: chrome on WINDOWS (1779389475f5b1b6a39a0869e4513b02)] -> xpath: //button[contains(text(),'Logout')]]
verify tab[[ChromeDriver: chrome on WINDOWS (1779389475f5b1b6a39a0869e4513b02)] -> xpath: //button[contains(text(),'Logout')]]
verify tab[[ChromeDriver: chrome on WINDOWS (1779389475f5b1b6a39a0869e4513b02)] -> xpath: //button[contains(text(),'Logout')]]
verify tab[[ChromeDriver: chrome on WINDOWS (1779389475f5b1b6a39a0869e4513b02)] -> xpath: //button[contains(text(),'Logout')]]
verify tab[[ChromeDriver: chrome on WINDOWS (1779389475f5b1b6a39a0869e4513b02)] -> xpath: //button[contains(text(),'Logout')]]
verify tab[[ChromeDriver: chrome on WINDOWS (1779389475f5b1b6a39a0869e4513b02)] -> xpath: //button[contains(text(),'Logout')]]
verify tab[[ChromeDriver: chrome on WINDOWS (1779389475f5b1b6a39a0869e4513b02)] -> xpath: //button[contains(text(),'Logout')]]
verify tab[[ChromeDriver: chrome on WINDOWS (1779389475f5b1b6a39a0869e4513b02)] -> xpath: //button[contains(text(),'Logout')]]
verify tab[[ChromeDriver: chrome on WINDOWS (1779389475f5b1b6a39a0869e4513b02)] -> xpath: //button[contains(text(),'Logout')]]
verify tab[[ChromeDriver: chrome on WINDOWS (1779389475f5b1b6a39a0869e4513b02)] -> xpath: //button[contains(text(),'Logout')]]
verify tab[[ChromeDriver: chrome on WINDOWS (1779389475f5b1b6a39a0869e4513b02)] -> xpath: //button[contains(text(),'Logout')]]
verify tab[[ChromeDriver: chrome on WINDOWS (1779389475f5b1b6a39a0869e4513b02)] -> xpath: //button[contains(text(),'Logout')]]
verify tab[[ChromeDriver: chrome on WINDOWS (1779389475f5b1b6a39a0869e4513b02)] -> xpath: //button[contains(text(),'Logout')]]
verify tab[[ChromeDriver: chrome on WINDOWS (1779389475f5b1b6a39a0869e4513b02)] -> xpath: //button[contains(text(),'Logout')]]
verify tab[[ChromeDriver: chrome on WINDOWS (1779389475f5b1b6a39a0869e4513b02)] -> xpath: //button[contains(text(),'Logout')]]
verify tab[[ChromeDriver: chrome on WINDOWS (1779389475f5b1b6a39a0869e4513b02)] -> xpath: //button[contains(text(),'Logout')]]
verify tab[[ChromeDriver: chrome on WINDOWS (1779389475f5b1b6a39a0869e4513b02)] -> xpath: //button[contains(text(),'Logout')]]
verify tab[[ChromeDriver: chrome on WINDOWS (1779389475f5b1b6a39a0869e4513b02)] -> xpath: //button[contains(text(),'Logout')]]
verify tab[[ChromeDriver: chrome on WINDOWS (1779389475f5b1b6a39a0869e4513b02)] -> xpath: //button[contains(text(),'Logout')]]
verify tab[[ChromeDriver: chrome on WINDOWS (1779389475f5b1b6a39a0869e4513b02)] -> xpath: //button[contains(text(),'Logout')]]
verify tab[[ChromeDriver: chrome on WINDOWS (1779389475f5b1b6a39a0869e4513b02)] -> xpath: //button[contains(text(),'Logout')]]
verify tab[[ChromeDriver: chrome on WINDOWS (1779389475f5b1b6a39a0869e4513b02)] -> xpath: //button[contains(text(),'Logout')]]
verify tab[[ChromeDriver: chrome on WINDOWS (1779389475f5b1b6a39a0869e4513b02)] -> xpath: //button[contains(text(),'Logout')]]
verify tab[[ChromeDriver: chrome on WINDOWS (1779389475f5b1b6a39a0869e4513b02)] -> xpath: //button[contains(text(),'Logout')]]
verify tab[[ChromeDriver: chrome on WINDOWS (1779389475f5b1b6a39a0869e4513b02)] -> xpath: //button[contains(text(),'Logout')]]
verify tab[[ChromeDriver: chrome on WINDOWS (1779389475f5b1b6a39a0869e4513b02)] -> xpath: //button[contains(text(),'Logout')]]
verify tab[[ChromeDriver: chrome on WINDOWS (1779389475f5b1b6a39a0869e4513b02)] -> xpath: //button[contains(text(),'Logout')]]
verify tab[[ChromeDriver: chrome on WINDOWS (1779389475f5b1b6a39a0869e4513b02)] -> xpath: //button[contains(text(),'Logout')]]
verify tab[[ChromeDriver: chrome on WINDOWS (1779389475f5b1b6a39a0869e4513b02)] -> xpath: //button[contains(text(),'Logout')]]
verify tab[[ChromeDriver: chrome on WINDOWS (1779389475f5b1b6a39a0869e4513b02)] -> xpath: //button[contains(text(),'Logout')]]
verify tab[[ChromeDriver: chrome on WINDOWS (1779389475f5b1b6a39a0869e4513b02)] -> xpath: //button[contains(text(),'Logout')]]
verify tab[[ChromeDriver: chrome on WINDOWS (1779389475f5b1b6a39a0869e4513b02)] -> xpath: //button[contains(text(),'Logout')]]
verify tab[[ChromeDriver: chrome on WINDOWS (1779389475f5b1b6a39a0869e4513b02)] -> xpath: //button[contains(text(),'Logout')]]
verify tab[[ChromeDriver: chrome on WINDOWS (1779389475f5b1b6a39a0869e4513b02)] -> xpath: //button[contains(text(),'Logout')]]
verify tab[[ChromeDriver: chrome on WINDOWS (1779389475f5b1b6a39a0869e4513b02)] -> xpath: //button[contains(text(),'Logout')]]
verify tab[[ChromeDriver: chrome on WINDOWS (1779389475f5b1b6a39a0869e4513b02)] -> xpath: //button[contains(text(),'Logout')]]
verify tab[[ChromeDriver: chrome on WINDOWS (1779389475f5b1b6a39a0869e4513b02)] -> xpath: //button[contains(text(),'Logout')]]
verify tab[[ChromeDriver: chrome on WINDOWS (1779389475f5b1b6a39a0869e4513b02)] -> xpath: //button[contains(text(),'Logout')]]
verify tab[[ChromeDriver: chrome on WINDOWS (1779389475f5b1b6a39a0869e4513b02)] -> xpath: //button[contains(text(),'Logout')]]
verify tab[[ChromeDriver: chrome on WINDOWS (1779389475f5b1b6a39a0869e4513b02)] -> xpath: //button[contains(text(),'Logout')]]
verify tab[[ChromeDriver: chrome on WINDOWS (1779389475f5b1b6a39a0869e4513b02)] -> xpath: //button[contains(text(),'Logout')]]
verify tab[[ChromeDriver: chrome on WINDOWS (1779389475f5b1b6a39a0869e4513b02)] -> xpath: //button[contains(text(),'Logout')]]
verify tab[[ChromeDriver: chrome on WINDOWS (1779389475f5b1b6a39a0869e4513b02)] -> xpath: //button[contains(text(),'Logout')]]
verify tab[[ChromeDriver: chrome on WINDOWS (1779389475f5b1b6a39a0869e4513b02)] -> xpath: //button[contains(text(),'Logout')]]
verify tab[[ChromeDriver: chrome on WINDOWS (1779389475f5b1b6a39a0869e4513b02)] -> xpath: //button[contains(text(),'Logout')]]
verify tab[[ChromeDriver: chrome on WINDOWS (1779389475f5b1b6a39a0869e4513b02)] -> xpath: //button[contains(text(),'Logout')]]
verify tab[[ChromeDriver: chrome on WINDOWS (1779389475f5b1b6a39a0869e4513b02)] -> xpath: //button[contains(text(),'Logout')]]
verify tab[[ChromeDriver: chrome on WINDOWS (1779389475f5b1b6a39a0869e4513b02)] -> xpath: //button[contains(text(),'Logout')]]
verify tab[[ChromeDriver: chrome on WINDOWS (1779389475f5b1b6a39a0869e4513b02)] -> xpath: //button[contains(text(),'Logout')]]
verify tab[[ChromeDriver: chrome on WINDOWS (1779389475f5b1b6a39a0869e4513b02)] -> xpath: //button[contains(text(),'Logout')]]
verify tab[[ChromeDriver: chrome on WINDOWS (1779389475f5b1b6a39a0869e4513b02)] -> xpath: //button[contains(text(),'Logout')]]
verify tab[[ChromeDriver: chrome on WINDOWS (1779389475f5b1b6a39a0869e4513b02)] -> xpath: //button[contains(text(),'Logout')]]
verify tab[[ChromeDriver: chrome on WINDOWS (1779389475f5b1b6a39a0869e4513b02)] -> xpath: //button[contains(text(),'Logout')]]
verify tab[[ChromeDriver: chrome on WINDOWS (1779389475f5b1b6a39a0869e4513b02)] -> xpath: //button[contains(text(),'Logout')]]
verify tab[[ChromeDriver: chrome on WINDOWS (1779389475f5b1b6a39a0869e4513b02)] -> xpath: //button[contains(text(),'Logout')]]
verify tab[[ChromeDriver: chrome on WINDOWS (1779389475f5b1b6a39a0869e4513b02)] -> xpath: //button[contains(text(),'Logout')]]
verify tab[[ChromeDriver: chrome on WINDOWS (1779389475f5b1b6a39a0869e4513b02)] -> xpath: //button[contains(text(),'Logout')]]
verify tab[[ChromeDriver: chrome on WINDOWS (1779389475f5b1b6a39a0869e4513b02)] -> xpath: //button[contains(text(),'Logout')]]
verify tab[[ChromeDriver: chrome on WINDOWS (1779389475f5b1b6a39a0869e4513b02)] -> xpath: //button[contains(text(),'Logout')]]
verify tab[[ChromeDriver: chrome on WINDOWS (1779389475f5b1b6a39a0869e4513b02)] -> xpath: //button[contains(text(),'Logout')]]
verify tab[[ChromeDriver: chrome on WINDOWS (1779389475f5b1b6a39a0869e4513b02)] -> xpath: //button[contains(text(),'Logout')]]
verify tab[[ChromeDriver: chrome on WINDOWS (1779389475f5b1b6a39a0869e4513b02)] -> xpath: //button[contains(text(),'Logout')]]
verify tab[[ChromeDriver: chrome on WINDOWS (1779389475f5b1b6a39a0869e4513b02)] -> xpath: //button[contains(text(),'Logout')]]
verify tab[[ChromeDriver: chrome on WINDOWS (1779389475f5b1b6a39a0869e4513b02)] -> xpath: //button[contains(text(),'Logout')]]
verify tab[[ChromeDriver: chrome on WINDOWS (1779389475f5b1b6a39a0869e4513b02)] -> xpath: //button[contains(text(),'Logout')]]
verify tab[[ChromeDriver: chrome on WINDOWS (1779389475f5b1b6a39a0869e4513b02)] -> xpath: //button[contains(text(),'Logout')]]
verify tab[[ChromeDriver: chrome on WINDOWS (1779389475f5b1b6a39a0869e4513b02)] -> xpath: //button[contains(text(),'Logout')]]
verify tab[[ChromeDriver: chrome on WINDOWS (1779389475f5b1b6a39a0869e4513b02)] -> xpath: //button[contains(text(),'Logout')]]
verify tab[[ChromeDriver: chrome on WINDOWS (1779389475f5b1b6a39a0869e4513b02)] -> xpath: //button[contains(text(),'Logout')]]
verify tab[[ChromeDriver: chrome on WINDOWS (1779389475f5b1b6a39a0869e4513b02)] -> xpath: //button[contains(text(),'Logout')]]
verify tab[[ChromeDriver: chrome on WINDOWS (1779389475f5b1b6a39a0869e4513b02)] -> xpath: //button[contains(text(),'Logout')]]
verify tab[[ChromeDriver: chrome on WINDOWS (1779389475f5b1b6a39a0869e4513b02)] -> xpath: //button[contains(text(),'Logout')]]
verify tab[[ChromeDriver: chrome on WINDOWS (1779389475f5b1b6a39a0869e4513b02)] -> xpath: //button[contains(text(),'Logout')]]
verify tab[[ChromeDriver: chrome on WINDOWS (1779389475f5b1b6a39a0869e4513b02)] -> xpath: //button[contains(text(),'Logout')]]
verify tab[[ChromeDriver: chrome on WINDOWS (1779389475f5b1b6a39a0869e4513b02)] -> xpath: //button[contains(text(),'Logout')]]
verify tab[[ChromeDriver: chrome on WINDOWS (1779389475f5b1b6a39a0869e4513b02)] -> xpath: //button[contains(text(),'Logout')]]
verify tab[[ChromeDriver: chrome on WINDOWS (1779389475f5b1b6a39a0869e4513b02)] -> xpath: //button[contains(text(),'Logout')]]
verify tab[[ChromeDriver: chrome on WINDOWS (1779389475f5b1b6a39a0869e4513b02)] -> xpath: //button[contains(text(),'Logout')]]
verify tab[[ChromeDriver: chrome on WINDOWS (1779389475f5b1b6a39a0869e4513b02)] -> xpath: //button[contains(text(),'Logout')]]
verify tab[[ChromeDriver: chrome on WINDOWS (1779389475f5b1b6a39a0869e4513b02)] -> xpath: //button[contains(text(),'Logout')]]
verify tab[[ChromeDriver: chrome on WINDOWS (1779389475f5b1b6a39a0869e4513b02)] -> xpath: //button[contains(text(),'Logout')]]
verify tab[[ChromeDriver: chrome on WINDOWS (1779389475f5b1b6a39a0869e4513b02)] -> xpath: //button[contains(text(),'Logout')]]
verify tab[[ChromeDriver: chrome on WINDOWS (1779389475f5b1b6a39a0869e4513b02)] -> xpath: //button[contains(text(),'Logout')]]
verify tab[[ChromeDriver: chrome on WINDOWS (1779389475f5b1b6a39a0869e4513b02)] -> xpath: //button[contains(text(),'Logout')]]
verify tab[[ChromeDriver: chrome on WINDOWS (1779389475f5b1b6a39a0869e4513b02)] -> xpath: //button[contains(text(),'Logout')]]
verify tab[[ChromeDriver: chrome on WINDOWS (1779389475f5b1b6a39a0869e4513b02)] -> xpath: //button[contains(text(),'Logout')]]
verify tab[[ChromeDriver: chrome on WINDOWS (1779389475f5b1b6a39a0869e4513b02)] -> xpath: //button[contains(text(),'Logout')]]
verify tab[[ChromeDriver: chrome on WINDOWS (1779389475f5b1b6a39a0869e4513b02)] -> xpath: //button[contains(text(),'Logout')]]
verify tab[[ChromeDriver: chrome on WINDOWS (1779389475f5b1b6a39a0869e4513b02)] -> xpath: //button[contains(text(),'Logout')]]
verify tab[[ChromeDriver: chrome on WINDOWS (1779389475f5b1b6a39a0869e4513b02)] -> xpath: //button[contains(text(),'Logout')]]
verify tab[[ChromeDriver: chrome on WINDOWS (1779389475f5b1b6a39a0869e4513b02)] -> xpath: //button[contains(text(),'Logout')]]
verify tab[[ChromeDriver: chrome on WINDOWS (1779389475f5b1b6a39a0869e4513b02)] -> xpath: //button[contains(text(),'Logout')]]
verify tab[[ChromeDriver: chrome on WINDOWS (1779389475f5b1b6a39a0869e4513b02)] -> xpath: //button[contains(text(),'Logout')]]
verify tab[[ChromeDriver: chrome on WINDOWS (1779389475f5b1b6a39a0869e4513b02)] -> xpath: //button[contains(text(),'Logout')]]
verify tab[[ChromeDriver: chrome on WINDOWS (1779389475f5b1b6a39a0869e4513b02)] -> xpath: //button[contains(text(),'Logout')]]
verify tab[[ChromeDriver: chrome on WINDOWS (1779389475f5b1b6a39a0869e4513b02)] -> xpath: //button[contains(text(),'Logout')]]
verify tab[[ChromeDriver: chrome on WINDOWS (1779389475f5b1b6a39a0869e4513b02)] -> xpath: //button[contains(text(),'Logout')]]
verify tab[[ChromeDriver: chrome on WINDOWS (1779389475f5b1b6a39a0869e4513b02)] -> xpath: //button[contains(text(),'Logout')]]
verify tab[[ChromeDriver: chrome on WINDOWS (1779389475f5b1b6a39a0869e4513b02)] -> xpath: //button[contains(text(),'Logout')]]
verify tab[[ChromeDriver: chrome on WINDOWS (1779389475f5b1b6a39a0869e4513b02)] -> xpath: //button[contains(text(),'Logout')]]
verify tab[[ChromeDriver: chrome on WINDOWS (1779389475f5b1b6a39a0869e4513b02)] -> xpath: //button[contains(text(),'Logout')]]
verify tab[[ChromeDriver: chrome on WINDOWS (1779389475f5b1b6a39a0869e4513b02)] -> xpath: //button[contains(text(),'Logout')]]
verify tab[[ChromeDriver: chrome on WINDOWS (1779389475f5b1b6a39a0869e4513b02)] -> xpath: //button[contains(text(),'Logout')]]
verify tab[[ChromeDriver: chrome on WINDOWS (1779389475f5b1b6a39a0869e4513b02)] -> xpath: //button[contains(text(),'Logout')]]
verify tab[[ChromeDriver: chrome on WINDOWS (1779389475f5b1b6a39a0869e4513b02)] -> xpath: //button[contains(text(),'Logout')]]
verify tab[[ChromeDriver: chrome on WINDOWS (1779389475f5b1b6a39a0869e4513b02)] -> xpath: //button[contains(text(),'Logout')]]
verify tab[[ChromeDriver: chrome on WINDOWS (1779389475f5b1b6a39a0869e4513b02)] -> xpath: //button[contains(text(),'Logout')]]
verify tab[[ChromeDriver: chrome on WINDOWS (1779389475f5b1b6a39a0869e4513b02)] -> xpath: //button[contains(text(),'Logout')]]
verify tab[[ChromeDriver: chrome on WINDOWS (1779389475f5b1b6a39a0869e4513b02)] -> xpath: //button[contains(text(),'Logout')]]
verify tab[[ChromeDriver: chrome on WINDOWS (1779389475f5b1b6a39a0869e4513b02)] -> xpath: //button[contains(text(),'Logout')]]
verify tab[[ChromeDriver: chrome on WINDOWS (1779389475f5b1b6a39a0869e4513b02)] -> xpath: //button[contains(text(),'Logout')]]
verify tab[[ChromeDriver: chrome on WINDOWS (1779389475f5b1b6a39a0869e4513b02)] -> xpath: //button[contains(text(),'Logout')]]
verify tab[[ChromeDriver: chrome on WINDOWS (1779389475f5b1b6a39a0869e4513b02)] -> xpath: //button[contains(text(),'Logout')]]
verify tab[[ChromeDriver: chrome on WINDOWS (1779389475f5b1b6a39a0869e4513b02)] -> xpath: //button[contains(text(),'Logout')]]
verify tab[[ChromeDriver: chrome on WINDOWS (1779389475f5b1b6a39a0869e4513b02)] -> xpath: //button[contains(text(),'Logout')]]
verify tab[[ChromeDriver: chrome on WINDOWS (1779389475f5b1b6a39a0869e4513b02)] -> xpath: //button[contains(text(),'Logout')]]
verify tab[[ChromeDriver: chrome on WINDOWS (1779389475f5b1b6a39a0869e4513b02)] -> xpath: //button[contains(text(),'Logout')]]
verify tab[[ChromeDriver: chrome on WINDOWS (1779389475f5b1b6a39a0869e4513b02)] -> xpath: //button[contains(text(),'Logout')]]
verify tab[[ChromeDriver: chrome on WINDOWS (1779389475f5b1b6a39a0869e4513b02)] -> xpath: //button[contains(text(),'Logout')]]
verify tab[[ChromeDriver: chrome on WINDOWS (1779389475f5b1b6a39a0869e4513b02)] -> xpath: //button[contains(text(),'Logout')]]
verify tab[[ChromeDriver: chrome on WINDOWS (1779389475f5b1b6a39a0869e4513b02)] -> xpath: //button[contains(text(),'Logout')]]
verify tab[[ChromeDriver: chrome on WINDOWS (1779389475f5b1b6a39a0869e4513b02)] -> xpath: //button[contains(text(),'Logout')]]
verify tab[[ChromeDriver: chrome on WINDOWS (1779389475f5b1b6a39a0869e4513b02)] -> xpath: //button[contains(text(),'Logout')]]
verify tab[[ChromeDriver: chrome on WINDOWS (1779389475f5b1b6a39a0869e4513b02)] -> xpath: //button[contains(text(),'Logout')]]
verify tab[[ChromeDriver: chrome on WINDOWS (1779389475f5b1b6a39a0869e4513b02)] -> xpath: //button[contains(text(),'Logout')]]
verify tab[[ChromeDriver: chrome on WINDOWS (1779389475f5b1b6a39a0869e4513b02)] -> xpath: //button[contains(text(),'Logout')]]
verify tab[[ChromeDriver: chrome on WINDOWS (1779389475f5b1b6a39a0869e4513b02)] -> xpath: //button[contains(text(),'Logout')]]
verify tab[[ChromeDriver: chrome on WINDOWS (1779389475f5b1b6a39a0869e4513b02)] -> xpath: //button[contains(text(),'Logout')]]
verify tab[[ChromeDriver: chrome on WINDOWS (1779389475f5b1b6a39a0869e4513b02)] -> xpath: //button[contains(text(),'Logout')]]
verify tab[[ChromeDriver: chrome on WINDOWS (1779389475f5b1b6a39a0869e4513b02)] -> xpath: //button[contains(text(),'Logout')]]
verify tab[[ChromeDriver: chrome on WINDOWS (1779389475f5b1b6a39a0869e4513b02)] -> xpath: //button[contains(text(),'Logout')]]
verify tab[[ChromeDriver: chrome on WINDOWS (1779389475f5b1b6a39a0869e4513b02)] -> xpath: //button[contains(text(),'Logout')]]
verify tab[[ChromeDriver: chrome on WINDOWS (1779389475f5b1b6a39a0869e4513b02)] -> xpath: //button[contains(text(),'Logout')]]
verify tab[[ChromeDriver: chrome on WINDOWS (1779389475f5b1b6a39a0869e4513b02)] -> xpath: //button[contains(text(),'Logout')]]
verify tab[[ChromeDriver: chrome on WINDOWS (1779389475f5b1b6a39a0869e4513b02)] -> xpath: //button[contains(text(),'Logout')]]
verify tab[[ChromeDriver: chrome on WINDOWS (1779389475f5b1b6a39a0869e4513b02)] -> xpath: //button[contains(text(),'Logout')]]
verify tab[[ChromeDriver: chrome on WINDOWS (1779389475f5b1b6a39a0869e4513b02)] -> xpath: //button[contains(text(),'Logout')]]
verify tab[[ChromeDriver: chrome on WINDOWS (1779389475f5b1b6a39a0869e4513b02)] -> xpath: //button[contains(text(),'Logout')]]
verify tab[[ChromeDriver: chrome on WINDOWS (1779389475f5b1b6a39a0869e4513b02)] -> xpath: //button[contains(text(),'Logout')]]
verify tab[[ChromeDriver: chrome on WINDOWS (1779389475f5b1b6a39a0869e4513b02)] -> xpath: //button[contains(text(),'Logout')]]
verify tab[[ChromeDriver: chrome on WINDOWS (1779389475f5b1b6a39a0869e4513b02)] -> xpath: //button[contains(text(),'Logout')]]
verify tab[[ChromeDriver: chrome on WINDOWS (1779389475f5b1b6a39a0869e4513b02)] -> xpath: //button[contains(text(),'Logout')]]
verify tab[[ChromeDriver: chrome on WINDOWS (1779389475f5b1b6a39a0869e4513b02)] -> xpath: //button[contains(text(),'Logout')]]
verify tab[[ChromeDriver: chrome on WINDOWS (1779389475f5b1b6a39a0869e4513b02)] -> xpath: //button[contains(text(),'Logout')]]
verify tab[[ChromeDriver: chrome on WINDOWS (1779389475f5b1b6a39a0869e4513b02)] -> xpath: //button[contains(text(),'Logout')]]
verify tab[[ChromeDriver: chrome on WINDOWS (1779389475f5b1b6a39a0869e4513b02)] -> xpath: //button[contains(text(),'Logout')]]
verify tab[[ChromeDriver: chrome on WINDOWS (1779389475f5b1b6a39a0869e4513b02)] -> xpath: //button[contains(text(),'Logout')]]
verify tab[[ChromeDriver: chrome on WINDOWS (1779389475f5b1b6a39a0869e4513b02)] -> xpath: //button[contains(text(),'Logout')]]
verify tab[[ChromeDriver: chrome on WINDOWS (1779389475f5b1b6a39a0869e4513b02)] -> xpath: //button[contains(text(),'Logout')]]
verify tab[[ChromeDriver: chrome on WINDOWS (1779389475f5b1b6a39a0869e4513b02)] -> xpath: //button[contains(text(),'Logout')]]
verify tab[[ChromeDriver: chrome on WINDOWS (1779389475f5b1b6a39a0869e4513b02)] -> xpath: //button[contains(text(),'Logout')]]
verify tab[[ChromeDriver: chrome on WINDOWS (1779389475f5b1b6a39a0869e4513b02)] -> xpath: //button[contains(text(),'Logout')]]
verify tab[[ChromeDriver: chrome on WINDOWS (1779389475f5b1b6a39a0869e4513b02)] -> xpath: //button[contains(text(),'Logout')]]
verify tab[[ChromeDriver: chrome on WINDOWS (1779389475f5b1b6a39a0869e4513b02)] -> xpath: //button[contains(text(),'Logout')]]
verify tab[[ChromeDriver: chrome on WINDOWS (1779389475f5b1b6a39a0869e4513b02)] -> xpath: //button[contains(text(),'Logout')]]
verify tab[[ChromeDriver: chrome on WINDOWS (1779389475f5b1b6a39a0869e4513b02)] -> xpath: //button[contains(text(),'Logout')]]
verify tab[[ChromeDriver: chrome on WINDOWS (1779389475f5b1b6a39a0869e4513b02)] -> xpath: //button[contains(text(),'Logout')]]
verify tab[[ChromeDriver: chrome on WINDOWS (1779389475f5b1b6a39a0869e4513b02)] -> xpath: //button[contains(text(),'Logout')]]
verify tab[[ChromeDriver: chrome on WINDOWS (1779389475f5b1b6a39a0869e4513b02)] -> xpath: //button[contains(text(),'Logout')]]
verify tab[[ChromeDriver: chrome on WINDOWS (1779389475f5b1b6a39a0869e4513b02)] -> xpath: //button[contains(text(),'Logout')]]
verify tab[[ChromeDriver: chrome on WINDOWS (1779389475f5b1b6a39a0869e4513b02)] -> xpath: //button[contains(text(),'Logout')]]
verify tab[[ChromeDriver: chrome on WINDOWS (1779389475f5b1b6a39a0869e4513b02)] -> xpath: //button[contains(text(),'Logout')]]
verify tab[[ChromeDriver: chrome on WINDOWS (1779389475f5b1b6a39a0869e4513b02)] -> xpath: //button[contains(text(),'Logout')]]
verify tab[[ChromeDriver: chrome on WINDOWS (1779389475f5b1b6a39a0869e4513b02)] -> xpath: //button[contains(text(),'Logout')]]
verify tab[[ChromeDriver: chrome on WINDOWS (1779389475f5b1b6a39a0869e4513b02)] -> xpath: //button[contains(text(),'Logout')]]
verify tab[[ChromeDriver: chrome on WINDOWS (1779389475f5b1b6a39a0869e4513b02)] -> xpath: //button[contains(text(),'Logout')]]
verify tab[[ChromeDriver: chrome on WINDOWS (1779389475f5b1b6a39a0869e4513b02)] -> xpath: //button[contains(text(),'Logout')]]
verify tab[[ChromeDriver: chrome on WINDOWS (1779389475f5b1b6a39a0869e4513b02)] -> xpath: //button[contains(text(),'Logout')]]
verify tab[[ChromeDriver: chrome on WINDOWS (1779389475f5b1b6a39a0869e4513b02)] -> xpath: //button[contains(text(),'Logout')]]
verify tab[[ChromeDriver: chrome on WINDOWS (1779389475f5b1b6a39a0869e4513b02)] -> xpath: //button[contains(text(),'Logout')]]
verify tab[[ChromeDriver: chrome on WINDOWS (1779389475f5b1b6a39a0869e4513b02)] -> xpath: //button[contains(text(),'Logout')]]
verify tab[[ChromeDriver: chrome on WINDOWS (1779389475f5b1b6a39a0869e4513b02)] -> xpath: //button[contains(text(),'Logout')]]
verify tab[[ChromeDriver: chrome on WINDOWS (1779389475f5b1b6a39a0869e4513b02)] -> xpath: //button[contains(text(),'Logout')]]
verify tab[[ChromeDriver: chrome on WINDOWS (1779389475f5b1b6a39a0869e4513b02)] -> xpath: //button[contains(text(),'Logout')]]
verify tab[[ChromeDriver: chrome on WINDOWS (1779389475f5b1b6a39a0869e4513b02)] -> xpath: //button[contains(text(),'Logout')]]
verify tab[[ChromeDriver: chrome on WINDOWS (1779389475f5b1b6a39a0869e4513b02)] -> xpath: //button[contains(text(),'Logout')]]
verify tab[[ChromeDriver: chrome on WINDOWS (1779389475f5b1b6a39a0869e4513b02)] -> xpath: //button[contains(text(),'Logout')]]
verify tab[[ChromeDriver: chrome on WINDOWS (1779389475f5b1b6a39a0869e4513b02)] -> xpath: //button[contains(text(),'Logout')]]
verify tab[[ChromeDriver: chrome on WINDOWS (1779389475f5b1b6a39a0869e4513b02)] -> xpath: //button[contains(text(),'Logout')]]
verify tab[[ChromeDriver: chrome on WINDOWS (1779389475f5b1b6a39a0869e4513b02)] -> xpath: //button[contains(text(),'Logout')]]
verify tab[[ChromeDriver: chrome on WINDOWS (1779389475f5b1b6a39a0869e4513b02)] -> xpath: //button[contains(text(),'Logout')]]
verify tab[[ChromeDriver: chrome on WINDOWS (1779389475f5b1b6a39a0869e4513b02)] -> xpath: //button[contains(text(),'Logout')]]
verify tab[[ChromeDriver: chrome on WINDOWS (1779389475f5b1b6a39a0869e4513b02)] -> xpath: //button[contains(text(),'Logout')]]
verify tab[[ChromeDriver: chrome on WINDOWS (1779389475f5b1b6a39a0869e4513b02)] -> xpath: //button[contains(text(),'Logout')]]
verify tab[[ChromeDriver: chrome on WINDOWS (1779389475f5b1b6a39a0869e4513b02)] -> xpath: //button[contains(text(),'Logout')]]
verify tab[[ChromeDriver: chrome on WINDOWS (1779389475f5b1b6a39a0869e4513b02)] -> xpath: //button[contains(text(),'Logout')]]
verify tab[[ChromeDriver: chrome on WINDOWS (1779389475f5b1b6a39a0869e4513b02)] -> xpath: //button[contains(text(),'Logout')]]
verify tab[[ChromeDriver: chrome on WINDOWS (1779389475f5b1b6a39a0869e4513b02)] -> xpath: //button[contains(text(),'Logout')]]
verify tab[[ChromeDriver: chrome on WINDOWS (1779389475f5b1b6a39a0869e4513b02)] -> xpath: //button[contains(text(),'Logout')]]
verify tab[[ChromeDriver: chrome on WINDOWS (1779389475f5b1b6a39a0869e4513b02)] -> xpath: //button[contains(text(),'Logout')]]
verify tab[[ChromeDriver: chrome on WINDOWS (1779389475f5b1b6a39a0869e4513b02)] -> xpath: //button[contains(text(),'Logout')]]
verify tab[[ChromeDriver: chrome on WINDOWS (1779389475f5b1b6a39a0869e4513b02)] -> xpath: //button[contains(text(),'Logout')]]
verify tab[[ChromeDriver: chrome on WINDOWS (1779389475f5b1b6a39a0869e4513b02)] -> xpath: //button[contains(text(),'Logout')]]
verify tab[[ChromeDriver: chrome on WINDOWS (1779389475f5b1b6a39a0869e4513b02)] -> xpath: //button[contains(text(),'Logout')]]
verify tab[[ChromeDriver: chrome on WINDOWS (1779389475f5b1b6a39a0869e4513b02)] -> xpath: //button[contains(text(),'Logout')]]
verify tab[[ChromeDriver: chrome on WINDOWS (1779389475f5b1b6a39a0869e4513b02)] -> xpath: //button[contains(text(),'Logout')]]
verify tab[[ChromeDriver: chrome on WINDOWS (1779389475f5b1b6a39a0869e4513b02)] -> xpath: //button[contains(text(),'Logout')]]
verify tab[[ChromeDriver: chrome on WINDOWS (1779389475f5b1b6a39a0869e4513b02)] -> xpath: //button[contains(text(),'Logout')]]
verify tab[[ChromeDriver: chrome on WINDOWS (1779389475f5b1b6a39a0869e4513b02)] -> xpath: //button[contains(text(),'Logout')]]
verify tab[[ChromeDriver: chrome on WINDOWS (1779389475f5b1b6a39a0869e4513b02)] -> xpath: //button[contains(text(),'Logout')]]
verify tab[[ChromeDriver: chrome on WINDOWS (1779389475f5b1b6a39a0869e4513b02)] -> xpath: //button[contains(text(),'Logout')]]
verify tab[[ChromeDriver: chrome on WINDOWS (1779389475f5b1b6a39a0869e4513b02)] -> xpath: //button[contains(text(),'Logout')]]
verify tab[[ChromeDriver: chrome on WINDOWS (1779389475f5b1b6a39a0869e4513b02)] -> xpath: //button[contains(text(),'Logout')]]
verify tab[[ChromeDriver: chrome on WINDOWS (1779389475f5b1b6a39a0869e4513b02)] -> xpath: //button[contains(text(),'Logout')]]
verify tab[[ChromeDriver: chrome on WINDOWS (1779389475f5b1b6a39a0869e4513b02)] -> xpath: //button[contains(text(),'Logout')]]
verify tab[[ChromeDriver: chrome on WINDOWS (1779389475f5b1b6a39a0869e4513b02)] -> xpath: //button[contains(text(),'Logout')]]
verify tab[[ChromeDriver: chrome on WINDOWS (1779389475f5b1b6a39a0869e4513b02)] -> xpath: //button[contains(text(),'Logout')]]
verify tab[[ChromeDriver: chrome on WINDOWS (1779389475f5b1b6a39a0869e4513b02)] -> xpath: //button[contains(text(),'Logout')]]
verify tab[[ChromeDriver: chrome on WINDOWS (1779389475f5b1b6a39a0869e4513b02)] -> xpath: //button[contains(text(),'Logout')]]
verify tab[[ChromeDriver: chrome on WINDOWS (1779389475f5b1b6a39a0869e4513b02)] -> xpath: //button[contains(text(),'Logout')]]
verify tab[[ChromeDriver: chrome on WINDOWS (1779389475f5b1b6a39a0869e4513b02)] -> xpath: //button[contains(text(),'Logout')]]
verify tab[[ChromeDriver: chrome on WINDOWS (1779389475f5b1b6a39a0869e4513b02)] -> xpath: //button[contains(text(),'Logout')]]
verify tab[[ChromeDriver: chrome on WINDOWS (1779389475f5b1b6a39a0869e4513b02)] -> xpath: //button[contains(text(),'Logout')]]
verify tab[[ChromeDriver: chrome on WINDOWS (1779389475f5b1b6a39a0869e4513b02)] -> xpath: //button[contains(text(),'Logout')]]
verify tab[[ChromeDriver: chrome on WINDOWS (1779389475f5b1b6a39a0869e4513b02)] -> xpath: //button[contains(text(),'Logout')]]
verify tab[[ChromeDriver: chrome on WINDOWS (1779389475f5b1b6a39a0869e4513b02)] -> xpath: //button[contains(text(),'Logout')]]
verify tab[[ChromeDriver: chrome on WINDOWS (1779389475f5b1b6a39a0869e4513b02)] -> xpath: //button[contains(text(),'Logout')]]
verify tab[[ChromeDriver: chrome on WINDOWS (1779389475f5b1b6a39a0869e4513b02)] -> xpath: //button[contains(text(),'Logout')]]
verify tab[[ChromeDriver: chrome on WINDOWS (1779389475f5b1b6a39a0869e4513b02)] -> xpath: //button[contains(text(),'Logout')]]
verify tab[[ChromeDriver: chrome on WINDOWS (1779389475f5b1b6a39a0869e4513b02)] -> xpath: //button[contains(text(),'Logout')]]
verify tab[[ChromeDriver: chrome on WINDOWS (1779389475f5b1b6a39a0869e4513b02)] -> xpath: //button[contains(text(),'Logout')]]
verify tab[[ChromeDriver: chrome on WINDOWS (1779389475f5b1b6a39a0869e4513b02)] -> xpath: //button[contains(text(),'Logout')]]
verify tab[[ChromeDriver: chrome on WINDOWS (1779389475f5b1b6a39a0869e4513b02)] -> xpath: //button[contains(text(),'Logout')]]
verify tab[[ChromeDriver: chrome on WINDOWS (1779389475f5b1b6a39a0869e4513b02)] -> xpath: //button[contains(text(),'Logout')]]
verify tab[[ChromeDriver: chrome on WINDOWS (1779389475f5b1b6a39a0869e4513b02)] -> xpath: //button[contains(text(),'Logout')]]
verify tab[[ChromeDriver: chrome on WINDOWS (1779389475f5b1b6a39a0869e4513b02)] -> xpath: //button[contains(text(),'Logout')]]
verify tab[[ChromeDriver: chrome on WINDOWS (1779389475f5b1b6a39a0869e4513b02)] -> xpath: //button[contains(text(),'Logout')]]
verify tab[[ChromeDriver: chrome on WINDOWS (1779389475f5b1b6a39a0869e4513b02)] -> xpath: //button[contains(text(),'Logout')]]
verify tab[[ChromeDriver: chrome on WINDOWS (1779389475f5b1b6a39a0869e4513b02)] -> xpath: //button[contains(text(),'Logout')]]
verify tab[[ChromeDriver: chrome on WINDOWS (1779389475f5b1b6a39a0869e4513b02)] -> xpath: //button[contains(text(),'Logout')]]
verify tab[[ChromeDriver: chrome on WINDOWS (1779389475f5b1b6a39a0869e4513b02)] -> xpath: //button[contains(text(),'Logout')]]
verify tab[[ChromeDriver: chrome on WINDOWS (1779389475f5b1b6a39a0869e4513b02)] -> xpath: //button[contains(text(),'Logout')]]
verify tab[[ChromeDriver: chrome on WINDOWS (1779389475f5b1b6a39a0869e4513b02)] -> xpath: //button[contains(text(),'Logout')]]
verify tab[[ChromeDriver: chrome on WINDOWS (1779389475f5b1b6a39a0869e4513b02)] -> xpath: //button[contains(text(),'Logout')]]
verify tab[[ChromeDriver: chrome on WINDOWS (1779389475f5b1b6a39a0869e4513b02)] -> xpath: //button[contains(text(),'Logout')]]
verify tab[[ChromeDriver: chrome on WINDOWS (1779389475f5b1b6a39a0869e4513b02)] -> xpath: //button[contains(text(),'Logout')]]
verify tab[[ChromeDriver: chrome on WINDOWS (1779389475f5b1b6a39a0869e4513b02)] -> xpath: //button[contains(text(),'Logout')]]
verify tab[[ChromeDriver: chrome on WINDOWS (1779389475f5b1b6a39a0869e4513b02)] -> xpath: //button[contains(text(),'Logout')]]
verify tab[[ChromeDriver: chrome on WINDOWS (1779389475f5b1b6a39a0869e4513b02)] -> xpath: //button[contains(text(),'Logout')]]
verify tab[[ChromeDriver: chrome on WINDOWS (1779389475f5b1b6a39a0869e4513b02)] -> xpath: //button[contains(text(),'Logout')]]
verify tab[[ChromeDriver: chrome on WINDOWS (1779389475f5b1b6a39a0869e4513b02)] -> xpath: //button[contains(text(),'Logout')]]
verify tab[[ChromeDriver: chrome on WINDOWS (1779389475f5b1b6a39a0869e4513b02)] -> xpath: //button[contains(text(),'Logout')]]
verify tab[[ChromeDriver: chrome on WINDOWS (1779389475f5b1b6a39a0869e4513b02)] -> xpath: //button[contains(text(),'Logout')]]
verify tab[[ChromeDriver: chrome on WINDOWS (1779389475f5b1b6a39a0869e4513b02)] -> xpath: //button[contains(text(),'Logout')]]
verify tab[[ChromeDriver: chrome on WINDOWS (1779389475f5b1b6a39a0869e4513b02)] -> xpath: //button[contains(text(),'Logout')]]
verify tab[[ChromeDriver: chrome on WINDOWS (1779389475f5b1b6a39a0869e4513b02)] -> xpath: //button[contains(text(),'Logout')]]
verify tab[[ChromeDriver: chrome on WINDOWS (1779389475f5b1b6a39a0869e4513b02)] -> xpath: //button[contains(text(),'Logout')]]
verify tab[[ChromeDriver: chrome on WINDOWS (1779389475f5b1b6a39a0869e4513b02)] -> xpath: //button[contains(text(),'Logout')]]
verify tab[[ChromeDriver: chrome on WINDOWS (1779389475f5b1b6a39a0869e4513b02)] -> xpath: //button[contains(text(),'Logout')]]
verify tab[[ChromeDriver: chrome on WINDOWS (1779389475f5b1b6a39a0869e4513b02)] -> xpath: //button[contains(text(),'Logout')]]
verify tab[[ChromeDriver: chrome on WINDOWS (1779389475f5b1b6a39a0869e4513b02)] -> xpath: //button[contains(text(),'Logout')]]
verify tab[[ChromeDriver: chrome on WINDOWS (1779389475f5b1b6a39a0869e4513b02)] -> xpath: //button[contains(text(),'Logout')]]
verify tab[[ChromeDriver: chrome on WINDOWS (1779389475f5b1b6a39a0869e4513b02)] -> xpath: //button[contains(text(),'Logout')]]
verify tab[[ChromeDriver: chrome on WINDOWS (1779389475f5b1b6a39a0869e4513b02)] -> xpath: //button[contains(text(),'Logout')]]
verify tab[[ChromeDriver: chrome on WINDOWS (1779389475f5b1b6a39a0869e4513b02)] -> xpath: //button[contains(text(),'Logout')]]
verify tab[[ChromeDriver: chrome on WINDOWS (1779389475f5b1b6a39a0869e4513b02)] -> xpath: //button[contains(text(),'Logout')]]
verify tab[[ChromeDriver: chrome on WINDOWS (1779389475f5b1b6a39a0869e4513b02)] -> xpath: //button[contains(text(),'Logout')]]
verify tab[[ChromeDriver: chrome on WINDOWS (1779389475f5b1b6a39a0869e4513b02)] -> xpath: //button[contains(text(),'Logout')]]
verify tab[[ChromeDriver: chrome on WINDOWS (1779389475f5b1b6a39a0869e4513b02)] -> xpath: //button[contains(text(),'Logout')]]
verify tab[[ChromeDriver: chrome on WINDOWS (1779389475f5b1b6a39a0869e4513b02)] -> xpath: //button[contains(text(),'Logout')]]
verify tab[[ChromeDriver: chrome on WINDOWS (1779389475f5b1b6a39a0869e4513b02)] -> xpath: //button[contains(text(),'Logout')]]
verify tab[[ChromeDriver: chrome on WINDOWS (1779389475f5b1b6a39a0869e4513b02)] -> xpath: //button[contains(text(),'Logout')]]
verify tab[[ChromeDriver: chrome on WINDOWS (1779389475f5b1b6a39a0869e4513b02)] -> xpath: //button[contains(text(),'Logout')]]
verify tab[[ChromeDriver: chrome on WINDOWS (1779389475f5b1b6a39a0869e4513b02)] -> xpath: //button[contains(text(),'Logout')]]
verify tab[[ChromeDriver: chrome on WINDOWS (1779389475f5b1b6a39a0869e4513b02)] -> xpath: //button[contains(text(),'Logout')]]
verify tab[[ChromeDriver: chrome on WINDOWS (1779389475f5b1b6a39a0869e4513b02)] -> xpath: //button[contains(text(),'Logout')]]
verify tab[[ChromeDriver: chrome on WINDOWS (1779389475f5b1b6a39a0869e4513b02)] -> xpath: //button[contains(text(),'Logout')]]
verify tab[[ChromeDriver: chrome on WINDOWS (1779389475f5b1b6a39a0869e4513b02)] -> xpath: //button[contains(text(),'Logout')]]
verify tab[[ChromeDriver: chrome on WINDOWS (1779389475f5b1b6a39a0869e4513b02)] -> xpath: //button[contains(text(),'Logout')]]
verify tab[[ChromeDriver: chrome on WINDOWS (1779389475f5b1b6a39a0869e4513b02)] -> xpath: //button[contains(text(),'Logout')]]
verify tab[[ChromeDriver: chrome on WINDOWS (1779389475f5b1b6a39a0869e4513b02)] -> xpath: //button[contains(text(),'Logout')]]
verify tab[[ChromeDriver: chrome on WINDOWS (1779389475f5b1b6a39a0869e4513b02)] -> xpath: //button[contains(text(),'Logout')]]
verify tab[[ChromeDriver: chrome on WINDOWS (1779389475f5b1b6a39a0869e4513b02)] -> xpath: //button[contains(text(),'Logout')]]
verify tab[[ChromeDriver: chrome on WINDOWS (1779389475f5b1b6a39a0869e4513b02)] -> xpath: //button[contains(text(),'Logout')]]
verify tab[[ChromeDriver: chrome on WINDOWS (1779389475f5b1b6a39a0869e4513b02)] -> xpath: //button[contains(text(),'Logout')]]
verify tab[[ChromeDriver: chrome on WINDOWS (1779389475f5b1b6a39a0869e4513b02)] -> xpath: //button[contains(text(),'Logout')]]
verify tab[[ChromeDriver: chrome on WINDOWS (1779389475f5b1b6a39a0869e4513b02)] -> xpath: //button[contains(text(),'Logout')]]
verify tab[[ChromeDriver: chrome on WINDOWS (1779389475f5b1b6a39a0869e4513b02)] -> xpath: //button[contains(text(),'Logout')]]
verify tab[[ChromeDriver: chrome on WINDOWS (1779389475f5b1b6a39a0869e4513b02)] -> xpath: //button[contains(text(),'Logout')]]
verify tab[[ChromeDriver: chrome on WINDOWS (1779389475f5b1b6a39a0869e4513b02)] -> xpath: //button[contains(text(),'Logout')]]
verify tab[[ChromeDriver: chrome on WINDOWS (1779389475f5b1b6a39a0869e4513b02)] -> xpath: //button[contains(text(),'Logout')]]
verify tab[[ChromeDriver: chrome on WINDOWS (1779389475f5b1b6a39a0869e4513b02)] -> xpath: //button[contains(text(),'Logout')]]
verify tab[[ChromeDriver: chrome on WINDOWS (1779389475f5b1b6a39a0869e4513b02)] -> xpath: //button[contains(text(),'Logout')]]
verify tab[[ChromeDriver: chrome on WINDOWS (1779389475f5b1b6a39a0869e4513b02)] -> xpath: //button[contains(text(),'Logout')]]
verify tab[[ChromeDriver: chrome on WINDOWS (1779389475f5b1b6a39a0869e4513b02)] -> xpath: //button[contains(text(),'Logout')]]
verify tab[[ChromeDriver: chrome on WINDOWS (1779389475f5b1b6a39a0869e4513b02)] -> xpath: //button[contains(text(),'Logout')]]
verify tab[[ChromeDriver: chrome on WINDOWS (1779389475f5b1b6a39a0869e4513b02)] -> xpath: //button[contains(text(),'Logout')]]
verify tab[[ChromeDriver: chrome on WINDOWS (1779389475f5b1b6a39a0869e4513b02)] -> xpath: //button[contains(text(),'Logout')]]
verify tab[[ChromeDriver: chrome on WINDOWS (1779389475f5b1b6a39a0869e4513b02)] -> xpath: //button[contains(text(),'Logout')]]
verify tab[[ChromeDriver: chrome on WINDOWS (1779389475f5b1b6a39a0869e4513b02)] -> xpath: //button[contains(text(),'Logout')]]
verify tab[[ChromeDriver: chrome on WINDOWS (1779389475f5b1b6a39a0869e4513b02)] -> xpath: //button[contains(text(),'Logout')]]
verify tab[[ChromeDriver: chrome on WINDOWS (1779389475f5b1b6a39a0869e4513b02)] -> xpath: //button[contains(text(),'Logout')]]
verify tab[[ChromeDriver: chrome on WINDOWS (1779389475f5b1b6a39a0869e4513b02)] -> xpath: //button[contains(text(),'Logout')]]
verify tab[[ChromeDriver: chrome on WINDOWS (1779389475f5b1b6a39a0869e4513b02)] -> xpath: //button[contains(text(),'Logout')]]
verify tab[[ChromeDriver: chrome on WINDOWS (1779389475f5b1b6a39a0869e4513b02)] -> xpath: //button[contains(text(),'Logout')]]
verify tab[[ChromeDriver: chrome on WINDOWS (1779389475f5b1b6a39a0869e4513b02)] -> xpath: //button[contains(text(),'Logout')]]
verify tab[[ChromeDriver: chrome on WINDOWS (1779389475f5b1b6a39a0869e4513b02)] -> xpath: //button[contains(text(),'Logout')]]
verify tab[[ChromeDriver: chrome on WINDOWS (1779389475f5b1b6a39a0869e4513b02)] -> xpath: //button[contains(text(),'Logout')]]
verify tab[[ChromeDriver: chrome on WINDOWS (1779389475f5b1b6a39a0869e4513b02)] -> xpath: //button[contains(text(),'Logout')]]
verify tab[[ChromeDriver: chrome on WINDOWS (1779389475f5b1b6a39a0869e4513b02)] -> xpath: //button[contains(text(),'Logout')]]
verify tab[[ChromeDriver: chrome on WINDOWS (1779389475f5b1b6a39a0869e4513b02)] -> xpath: //button[contains(text(),'Logout')]]
verify tab[[ChromeDriver: chrome on WINDOWS (1779389475f5b1b6a39a0869e4513b02)] -> xpath: //button[contains(text(),'Logout')]]
verify tab[[ChromeDriver: chrome on WINDOWS (1779389475f5b1b6a39a0869e4513b02)] -> xpath: //button[contains(text(),'Logout')]]
verify tab[[ChromeDriver: chrome on WINDOWS (1779389475f5b1b6a39a0869e4513b02)] -> xpath: //button[contains(text(),'Logout')]]
verify tab[[ChromeDriver: chrome on WINDOWS (1779389475f5b1b6a39a0869e4513b02)] -> xpath: //button[contains(text(),'Logout')]]
verify tab[[ChromeDriver: chrome on WINDOWS (1779389475f5b1b6a39a0869e4513b02)] -> xpath: //button[contains(text(),'Logout')]]
verify tab[[ChromeDriver: chrome on WINDOWS (1779389475f5b1b6a39a0869e4513b02)] -> xpath: //button[contains(text(),'Logout')]]
verify tab[[ChromeDriver: chrome on WINDOWS (1779389475f5b1b6a39a0869e4513b02)] -> xpath: //button[contains(text(),'Logout')]]
verify tab[[ChromeDriver: chrome on WINDOWS (1779389475f5b1b6a39a0869e4513b02)] -> xpath: //button[contains(text(),'Logout')]]
verify tab[[ChromeDriver: chrome on WINDOWS (1779389475f5b1b6a39a0869e4513b02)] -> xpath: //button[contains(text(),'Logout')]]
verify tab[[ChromeDriver: chrome on WINDOWS (1779389475f5b1b6a39a0869e4513b02)] -> xpath: //button[contains(text(),'Logout')]]
verify tab[[ChromeDriver: chrome on WINDOWS (1779389475f5b1b6a39a0869e4513b02)] -> xpath: //button[contains(text(),'Logout')]]
verify tab[[ChromeDriver: chrome on WINDOWS (1779389475f5b1b6a39a0869e4513b02)] -> xpath: //button[contains(text(),'Logout')]]
verify tab[[ChromeDriver: chrome on WINDOWS (1779389475f5b1b6a39a0869e4513b02)] -> xpath: //button[contains(text(),'Logout')]]
verify tab[[ChromeDriver: chrome on WINDOWS (1779389475f5b1b6a39a0869e4513b02)] -> xpath: //button[contains(text(),'Logout')]]
verify tab[[ChromeDriver: chrome on WINDOWS (1779389475f5b1b6a39a0869e4513b02)] -> xpath: //button[contains(text(),'Logout')]]
verify tab[[ChromeDriver: chrome on WINDOWS (1779389475f5b1b6a39a0869e4513b02)] -> xpath: //button[contains(text(),'Logout')]]
verify tab[[ChromeDriver: chrome on WINDOWS (1779389475f5b1b6a39a0869e4513b02)] -> xpath: //button[contains(text(),'Logout')]]
verify tab[[ChromeDriver: chrome on WINDOWS (1779389475f5b1b6a39a0869e4513b02)] -> xpath: //button[contains(text(),'Logout')]]
verify tab[[ChromeDriver: chrome on WINDOWS (1779389475f5b1b6a39a0869e4513b02)] -> xpath: //button[contains(text(),'Logout')]]
verify tab[[ChromeDriver: chrome on WINDOWS (1779389475f5b1b6a39a0869e4513b02)] -> xpath: //button[contains(text(),'Logout')]]
verify tab[[ChromeDriver: chrome on WINDOWS (1779389475f5b1b6a39a0869e4513b02)] -> xpath: //button[contains(text(),'Logout')]]
verify tab[[ChromeDriver: chrome on WINDOWS (1779389475f5b1b6a39a0869e4513b02)] -> xpath: //button[contains(text(),'Logout')]]
verify tab[[ChromeDriver: chrome on WINDOWS (1779389475f5b1b6a39a0869e4513b02)] -> xpath: //button[contains(text(),'Logout')]]
verify tab[[ChromeDriver: chrome on WINDOWS (1779389475f5b1b6a39a0869e4513b02)] -> xpath: //button[contains(text(),'Logout')]]
verify tab[[ChromeDriver: chrome on WINDOWS (1779389475f5b1b6a39a0869e4513b02)] -> xpath: //button[contains(text(),'Logout')]]
verify tab[[ChromeDriver: chrome on WINDOWS (1779389475f5b1b6a39a0869e4513b02)] -> xpath: //button[contains(text(),'Logout')]]
verify tab[[ChromeDriver: chrome on WINDOWS (1779389475f5b1b6a39a0869e4513b02)] -> xpath: //button[contains(text(),'Logout')]]
verify tab[[ChromeDriver: chrome on WINDOWS (1779389475f5b1b6a39a0869e4513b02)] -> xpath: //button[contains(text(),'Logout')]]
verify tab[[ChromeDriver: chrome on WINDOWS (1779389475f5b1b6a39a0869e4513b02)] -> xpath: //button[contains(text(),'Logout')]]
verify tab[[ChromeDriver: chrome on WINDOWS (1779389475f5b1b6a39a0869e4513b02)] -> xpath: //button[contains(text(),'Logout')]]
verify tab[[ChromeDriver: chrome on WINDOWS (1779389475f5b1b6a39a0869e4513b02)] -> xpath: //button[contains(text(),'Logout')]]
verify tab[[ChromeDriver: chrome on WINDOWS (1779389475f5b1b6a39a0869e4513b02)] -> xpath: //button[contains(text(),'Logout')]]
verify tab[[ChromeDriver: chrome on WINDOWS (1779389475f5b1b6a39a0869e4513b02)] -> xpath: //button[contains(text(),'Logout')]]
verify tab[[ChromeDriver: chrome on WINDOWS (1779389475f5b1b6a39a0869e4513b02)] -> xpath: //button[contains(text(),'Logout')]]
verify tab[[ChromeDriver: chrome on WINDOWS (1779389475f5b1b6a39a0869e4513b02)] -> xpath: //button[contains(text(),'Logout')]]
verify tab[[ChromeDriver: chrome on WINDOWS (1779389475f5b1b6a39a0869e4513b02)] -> xpath: //button[contains(text(),'Logout')]]
verify tab[[ChromeDriver: chrome on WINDOWS (1779389475f5b1b6a39a0869e4513b02)] -> xpath: //button[contains(text(),'Logout')]]
verify tab[[ChromeDriver: chrome on WINDOWS (1779389475f5b1b6a39a0869e4513b02)] -> xpath: //button[contains(text(),'Logout')]]
verify tab[[ChromeDriver: chrome on WINDOWS (1779389475f5b1b6a39a0869e4513b02)] -> xpath: //button[contains(text(),'Logout')]]
verify tab[[ChromeDriver: chrome on WINDOWS (1779389475f5b1b6a39a0869e4513b02)] -> xpath: //button[contains(text(),'Logout')]]
verify tab[[ChromeDriver: chrome on WINDOWS (1779389475f5b1b6a39a0869e4513b02)] -> xpath: //button[contains(text(),'Logout')]]
verify tab[[ChromeDriver: chrome on WINDOWS (1779389475f5b1b6a39a0869e4513b02)] -> xpath: //button[contains(text(),'Logout')]]
verify tab[[ChromeDriver: chrome on WINDOWS (1779389475f5b1b6a39a0869e4513b02)] -> xpath: //button[contains(text(),'Logout')]]
verify tab[[ChromeDriver: chrome on WINDOWS (1779389475f5b1b6a39a0869e4513b02)] -> xpath: //button[contains(text(),'Logout')]]
verify tab[[ChromeDriver: chrome on WINDOWS (1779389475f5b1b6a39a0869e4513b02)] -> xpath: //button[contains(text(),'Logout')]]
verify tab[[ChromeDriver: chrome on WINDOWS (1779389475f5b1b6a39a0869e4513b02)] -> xpath: //button[contains(text(),'Logout')]]
verify tab[[ChromeDriver: chrome on WINDOWS (1779389475f5b1b6a39a0869e4513b02)] -> xpath: //button[contains(text(),'Logout')]]
verify tab[[ChromeDriver: chrome on WINDOWS (1779389475f5b1b6a39a0869e4513b02)] -> xpath: //button[contains(text(),'Logout')]]
verify tab[[ChromeDriver: chrome on WINDOWS (1779389475f5b1b6a39a0869e4513b02)] -> xpath: //button[contains(text(),'Logout')]]
verify tab[[ChromeDriver: chrome on WINDOWS (1779389475f5b1b6a39a0869e4513b02)] -> xpath: //button[contains(text(),'Logout')]]
verify tab[[ChromeDriver: chrome on WINDOWS (1779389475f5b1b6a39a0869e4513b02)] -> xpath: //button[contains(text(),'Logout')]]
verify tab[[ChromeDriver: chrome on WINDOWS (1779389475f5b1b6a39a0869e4513b02)] -> xpath: //button[contains(text(),'Logout')]]
verify tab[[ChromeDriver: chrome on WINDOWS (1779389475f5b1b6a39a0869e4513b02)] -> xpath: //button[contains(text(),'Logout')]]
verify tab[[ChromeDriver: chrome on WINDOWS (1779389475f5b1b6a39a0869e4513b02)] -> xpath: //button[contains(text(),'Logout')]]
verify tab[[ChromeDriver: chrome on WINDOWS (1779389475f5b1b6a39a0869e4513b02)] -> xpath: //button[contains(text(),'Logout')]]
verify tab[[ChromeDriver: chrome on WINDOWS (1779389475f5b1b6a39a0869e4513b02)] -> xpath: //button[contains(text(),'Logout')]]
verify tab[[ChromeDriver: chrome on WINDOWS (1779389475f5b1b6a39a0869e4513b02)] -> xpath: //button[contains(text(),'Logout')]]
verify tab[[ChromeDriver: chrome on WINDOWS (1779389475f5b1b6a39a0869e4513b02)] -> xpath: //button[contains(text(),'Logout')]]
verify tab[[ChromeDriver: chrome on WINDOWS (1779389475f5b1b6a39a0869e4513b02)] -> xpath: //button[contains(text(),'Logout')]]
verify tab[[ChromeDriver: chrome on WINDOWS (1779389475f5b1b6a39a0869e4513b02)] -> xpath: //button[contains(text(),'Logout')]]
verify tab[[ChromeDriver: chrome on WINDOWS (1779389475f5b1b6a39a0869e4513b02)] -> xpath: //button[contains(text(),'Logout')]]
verify tab[[ChromeDriver: chrome on WINDOWS (1779389475f5b1b6a39a0869e4513b02)] -> xpath: //button[contains(text(),'Logout')]]
verify tab[[ChromeDriver: chrome on WINDOWS (1779389475f5b1b6a39a0869e4513b02)] -> xpath: //button[contains(text(),'Logout')]]
verify tab[[ChromeDriver: chrome on WINDOWS (1779389475f5b1b6a39a0869e4513b02)] -> xpath: //button[contains(text(),'Logout')]]
verify tab[[ChromeDriver: chrome on WINDOWS (1779389475f5b1b6a39a0869e4513b02)] -> xpath: //button[contains(text(),'Logout')]]
verify tab[[ChromeDriver: chrome on WINDOWS (1779389475f5b1b6a39a0869e4513b02)] -> xpath: //button[contains(text(),'Logout')]]
verify tab[[ChromeDriver: chrome on WINDOWS (1779389475f5b1b6a39a0869e4513b02)] -> xpath: //button[contains(text(),'Logout')]]
verify tab[[ChromeDriver: chrome on WINDOWS (1779389475f5b1b6a39a0869e4513b02)] -> xpath: //button[contains(text(),'Logout')]]
verify tab[[ChromeDriver: chrome on WINDOWS (1779389475f5b1b6a39a0869e4513b02)] -> xpath: //button[contains(text(),'Logout')]]
verify tab[[ChromeDriver: chrome on WINDOWS (1779389475f5b1b6a39a0869e4513b02)] -> xpath: //button[contains(text(),'Logout')]]
verify tab[[ChromeDriver: chrome on WINDOWS (1779389475f5b1b6a39a0869e4513b02)] -> xpath: //button[contains(text(),'Logout')]]
verify tab[[ChromeDriver: chrome on WINDOWS (1779389475f5b1b6a39a0869e4513b02)] -> xpath: //button[contains(text(),'Logout')]]
verify tab[[ChromeDriver: chrome on WINDOWS (1779389475f5b1b6a39a0869e4513b02)] -> xpath: //button[contains(text(),'Logout')]]
verify tab[[ChromeDriver: chrome on WINDOWS (1779389475f5b1b6a39a0869e4513b02)] -> xpath: //button[contains(text(),'Logout')]]
verify tab[[ChromeDriver: chrome on WINDOWS (1779389475f5b1b6a39a0869e4513b02)] -> xpath: //button[contains(text(),'Logout')]]
verify tab[[ChromeDriver: chrome on WINDOWS (1779389475f5b1b6a39a0869e4513b02)] -> xpath: //button[contains(text(),'Logout')]]
verify tab[[ChromeDriver: chrome on WINDOWS (1779389475f5b1b6a39a0869e4513b02)] -> xpath: //button[contains(text(),'Logout')]]
verify tab[[ChromeDriver: chrome on WINDOWS (1779389475f5b1b6a39a0869e4513b02)] -> xpath: //button[contains(text(),'Logout')]]
verify tab[[ChromeDriver: chrome on WINDOWS (1779389475f5b1b6a39a0869e4513b02)] -> xpath: //button[contains(text(),'Logout')]]
verify tab[[ChromeDriver: chrome on WINDOWS (1779389475f5b1b6a39a0869e4513b02)] -> xpath: //button[contains(text(),'Logout')]]
verify tab[[ChromeDriver: chrome on WINDOWS (1779389475f5b1b6a39a0869e4513b02)] -> xpath: //button[contains(text(),'Logout')]]
verify tab[[ChromeDriver: chrome on WINDOWS (1779389475f5b1b6a39a0869e4513b02)] -> xpath: //button[contains(text(),'Logout')]]
verify tab[[ChromeDriver: chrome on WINDOWS (1779389475f5b1b6a39a0869e4513b02)] -> xpath: //button[contains(text(),'Logout')]]
verify tab[[ChromeDriver: chrome on WINDOWS (1779389475f5b1b6a39a0869e4513b02)] -> xpath: //button[contains(text(),'Logout')]]
verify tab[[ChromeDriver: chrome on WINDOWS (1779389475f5b1b6a39a0869e4513b02)] -> xpath: //button[contains(text(),'Logout')]]
verify tab[[ChromeDriver: chrome on WINDOWS (1779389475f5b1b6a39a0869e4513b02)] -> xpath: //button[contains(text(),'Logout')]]
verify tab[[ChromeDriver: chrome on WINDOWS (1779389475f5b1b6a39a0869e4513b02)] -> xpath: //button[contains(text(),'Logout')]]
verify tab[[ChromeDriver: chrome on WINDOWS (1779389475f5b1b6a39a0869e4513b02)] -> xpath: //button[contains(text(),'Logout')]]
verify tab[[ChromeDriver: chrome on WINDOWS (1779389475f5b1b6a39a0869e4513b02)] -> xpath: //button[contains(text(),'Logout')]]
verify tab[[ChromeDriver: chrome on WINDOWS (1779389475f5b1b6a39a0869e4513b02)] -> xpath: //button[contains(text(),'Logout')]]
verify tab[[ChromeDriver: chrome on WINDOWS (1779389475f5b1b6a39a0869e4513b02)] -> xpath: //button[contains(text(),'Logout')]]
verify tab[[ChromeDriver: chrome on WINDOWS (1779389475f5b1b6a39a0869e4513b02)] -> xpath: //button[contains(text(),'Logout')]]
verify tab[[ChromeDriver: chrome on WINDOWS (1779389475f5b1b6a39a0869e4513b02)] -> xpath: //button[contains(text(),'Logout')]]
verify tab[[ChromeDriver: chrome on WINDOWS (1779389475f5b1b6a39a0869e4513b02)] -> xpath: //button[contains(text(),'Logout')]]
verify tab[[ChromeDriver: chrome on WINDOWS (1779389475f5b1b6a39a0869e4513b02)] -> xpath: //button[contains(text(),'Logout')]]
verify tab[[ChromeDriver: chrome on WINDOWS (1779389475f5b1b6a39a0869e4513b02)] -> xpath: //button[contains(text(),'Logout')]]
verify tab[[ChromeDriver: chrome on WINDOWS (1779389475f5b1b6a39a0869e4513b02)] -> xpath: //button[contains(text(),'Logout')]]
verify tab[[ChromeDriver: chrome on WINDOWS (1779389475f5b1b6a39a0869e4513b02)] -> xpath: //button[contains(text(),'Logout')]]
verify tab[[ChromeDriver: chrome on WINDOWS (1779389475f5b1b6a39a0869e4513b02)] -> xpath: //button[contains(text(),'Logout')]]
verify tab[[ChromeDriver: chrome on WINDOWS (1779389475f5b1b6a39a0869e4513b02)] -> xpath: //button[contains(text(),'Logout')]]
verify tab[[ChromeDriver: chrome on WINDOWS (1779389475f5b1b6a39a0869e4513b02)] -> xpath: //button[contains(text(),'Logout')]]
verify tab[[ChromeDriver: chrome on WINDOWS (1779389475f5b1b6a39a0869e4513b02)] -> xpath: //button[contains(text(),'Logout')]]
verify tab[[ChromeDriver: chrome on WINDOWS (1779389475f5b1b6a39a0869e4513b02)] -> xpath: //button[contains(text(),'Logout')]]
verify tab[[ChromeDriver: chrome on WINDOWS (1779389475f5b1b6a39a0869e4513b02)] -> xpath: //button[contains(text(),'Logout')]]
verify tab[[ChromeDriver: chrome on WINDOWS (1779389475f5b1b6a39a0869e4513b02)] -> xpath: //button[contains(text(),'Logout')]]
verify tab[[ChromeDriver: chrome on WINDOWS (1779389475f5b1b6a39a0869e4513b02)] -> xpath: //button[contains(text(),'Logout')]]
verify tab[[ChromeDriver: chrome on WINDOWS (1779389475f5b1b6a39a0869e4513b02)] -> xpath: //button[contains(text(),'Logout')]]
verify tab[[ChromeDriver: chrome on WINDOWS (1779389475f5b1b6a39a0869e4513b02)] -> xpath: //button[contains(text(),'Logout')]]
verify tab[[ChromeDriver: chrome on WINDOWS (1779389475f5b1b6a39a0869e4513b02)] -> xpath: //button[contains(text(),'Logout')]]
verify tab[[ChromeDriver: chrome on WINDOWS (1779389475f5b1b6a39a0869e4513b02)] -> xpath: //button[contains(text(),'Logout')]]
verify tab[[ChromeDriver: chrome on WINDOWS (1779389475f5b1b6a39a0869e4513b02)] -> xpath: //button[contains(text(),'Logout')]]
verify tab[[ChromeDriver: chrome on WINDOWS (1779389475f5b1b6a39a0869e4513b02)] -> xpath: //button[contains(text(),'Logout')]]
verify tab[[ChromeDriver: chrome on WINDOWS (1779389475f5b1b6a39a0869e4513b02)] -> xpath: //button[contains(text(),'Logout')]]
verify tab[[ChromeDriver: chrome on WINDOWS (1779389475f5b1b6a39a0869e4513b02)] -> xpath: //button[contains(text(),'Logout')]]
verify tab[[ChromeDriver: chrome on WINDOWS (1779389475f5b1b6a39a0869e4513b02)] -> xpath: //button[contains(text(),'Logout')]]
verify tab[[ChromeDriver: chrome on WINDOWS (1779389475f5b1b6a39a0869e4513b02)] -> xpath: //button[contains(text(),'Logout')]]
verify tab[[ChromeDriver: chrome on WINDOWS (1779389475f5b1b6a39a0869e4513b02)] -> xpath: //button[contains(text(),'Logout')]]
verify tab[[ChromeDriver: chrome on WINDOWS (1779389475f5b1b6a39a0869e4513b02)] -> xpath: //button[contains(text(),'Logout')]]
verify tab[[ChromeDriver: chrome on WINDOWS (1779389475f5b1b6a39a0869e4513b02)] -> xpath: //button[contains(text(),'Logout')]]
verify tab[[ChromeDriver: chrome on WINDOWS (1779389475f5b1b6a39a0869e4513b02)] -> xpath: //button[contains(text(),'Logout')]]
verify tab[[ChromeDriver: chrome on WINDOWS (1779389475f5b1b6a39a0869e4513b02)] -> xpath: //button[contains(text(),'Logout')]]
verify tab[[ChromeDriver: chrome on WINDOWS (1779389475f5b1b6a39a0869e4513b02)] -> xpath: //button[contains(text(),'Logout')]]
verify tab[[ChromeDriver: chrome on WINDOWS (1779389475f5b1b6a39a0869e4513b02)] -> xpath: //button[contains(text(),'Logout')]]
verify tab[[ChromeDriver: chrome on WINDOWS (1779389475f5b1b6a39a0869e4513b02)] -> xpath: //button[contains(text(),'Logout')]]
verify tab[[ChromeDriver: chrome on WINDOWS (1779389475f5b1b6a39a0869e4513b02)] -> xpath: //button[contains(text(),'Logout')]]
verify tab[[ChromeDriver: chrome on WINDOWS (1779389475f5b1b6a39a0869e4513b02)] -> xpath: //button[contains(text(),'Logout')]]
verify tab[[ChromeDriver: chrome on WINDOWS (1779389475f5b1b6a39a0869e4513b02)] -> xpath: //button[contains(text(),'Logout')]]
verify tab[[ChromeDriver: chrome on WINDOWS (1779389475f5b1b6a39a0869e4513b02)] -> xpath: //button[contains(text(),'Logout')]]
verify tab[[ChromeDriver: chrome on WINDOWS (1779389475f5b1b6a39a0869e4513b02)] -> xpath: //button[contains(text(),'Logout')]]
verify tab[[ChromeDriver: chrome on WINDOWS (1779389475f5b1b6a39a0869e4513b02)] -> xpath: //button[contains(text(),'Logout')]]
verify tab[[ChromeDriver: chrome on WINDOWS (1779389475f5b1b6a39a0869e4513b02)] -> xpath: //button[contains(text(),'Logout')]]
verify tab[[ChromeDriver: chrome on WINDOWS (1779389475f5b1b6a39a0869e4513b02)] -> xpath: //button[contains(text(),'Logout')]]
verify tab[[ChromeDriver: chrome on WINDOWS (1779389475f5b1b6a39a0869e4513b02)] -> xpath: //button[contains(text(),'Logout')]]
verify tab[[ChromeDriver: chrome on WINDOWS (1779389475f5b1b6a39a0869e4513b02)] -> xpath: //button[contains(text(),'Logout')]]
verify tab[[ChromeDriver: chrome on WINDOWS (1779389475f5b1b6a39a0869e4513b02)] -> xpath: //button[contains(text(),'Logout')]]
verify tab[[ChromeDriver: chrome on WINDOWS (1779389475f5b1b6a39a0869e4513b02)] -> xpath: //button[contains(text(),'Logout')]]
verify tab[[ChromeDriver: chrome on WINDOWS (1779389475f5b1b6a39a0869e4513b02)] -> xpath: //button[contains(text(),'Logout')]]
verify tab[[ChromeDriver: chrome on WINDOWS (1779389475f5b1b6a39a0869e4513b02)] -> xpath: //button[contains(text(),'Logout')]]
verify tab[[ChromeDriver: chrome on WINDOWS (1779389475f5b1b6a39a0869e4513b02)] -> xpath: //button[contains(text(),'Logout')]]
verify tab[[ChromeDriver: chrome on WINDOWS (1779389475f5b1b6a39a0869e4513b02)] -> xpath: //button[contains(text(),'Logout')]]
verify tab[[ChromeDriver: chrome on WINDOWS (1779389475f5b1b6a39a0869e4513b02)] -> xpath: //button[contains(text(),'Logout')]]
verify tab[[ChromeDriver: chrome on WINDOWS (1779389475f5b1b6a39a0869e4513b02)] -> xpath: //button[contains(text(),'Logout')]]
verify tab[[ChromeDriver: chrome on WINDOWS (1779389475f5b1b6a39a0869e4513b02)] -> xpath: //button[contains(text(),'Logout')]]
verify tab[[ChromeDriver: chrome on WINDOWS (1779389475f5b1b6a39a0869e4513b02)] -> xpath: //button[contains(text(),'Logout')]]
verify tab[[ChromeDriver: chrome on WINDOWS (1779389475f5b1b6a39a0869e4513b02)] -> xpath: //button[contains(text(),'Logout')]]
verify tab[[ChromeDriver: chrome on WINDOWS (1779389475f5b1b6a39a0869e4513b02)] -> xpath: //button[contains(text(),'Logout')]]
verify tab[[ChromeDriver: chrome on WINDOWS (1779389475f5b1b6a39a0869e4513b02)] -> xpath: //button[contains(text(),'Logout')]]
verify tab[[ChromeDriver: chrome on WINDOWS (1779389475f5b1b6a39a0869e4513b02)] -> xpath: //button[contains(text(),'Logout')]]
verify tab[[ChromeDriver: chrome on WINDOWS (1779389475f5b1b6a39a0869e4513b02)] -> xpath: //button[contains(text(),'Logout')]]
verify tab[[ChromeDriver: chrome on WINDOWS (1779389475f5b1b6a39a0869e4513b02)] -> xpath: //button[contains(text(),'Logout')]]
verify tab[[ChromeDriver: chrome on WINDOWS (1779389475f5b1b6a39a0869e4513b02)] -> xpath: //button[contains(text(),'Logout')]]
verify tab[[ChromeDriver: chrome on WINDOWS (1779389475f5b1b6a39a0869e4513b02)] -> xpath: //button[contains(text(),'Logout')]]
verify tab[[ChromeDriver: chrome on WINDOWS (1779389475f5b1b6a39a0869e4513b02)] -> xpath: //button[contains(text(),'Logout')]]
verify tab[[ChromeDriver: chrome on WINDOWS (1779389475f5b1b6a39a0869e4513b02)] -> xpath: //button[contains(text(),'Logout')]]
verify tab[[ChromeDriver: chrome on WINDOWS (1779389475f5b1b6a39a0869e4513b02)] -> xpath: //button[contains(text(),'Logout')]]
verify tab[[ChromeDriver: chrome on WINDOWS (1779389475f5b1b6a39a0869e4513b02)] -> xpath: //button[contains(text(),'Logout')]]
verify tab[[ChromeDriver: chrome on WINDOWS (1779389475f5b1b6a39a0869e4513b02)] -> xpath: //button[contains(text(),'Logout')]]
verify tab[[ChromeDriver: chrome on WINDOWS (1779389475f5b1b6a39a0869e4513b02)] -> xpath: //button[contains(text(),'Logout')]]
verify tab[[ChromeDriver: chrome on WINDOWS (1779389475f5b1b6a39a0869e4513b02)] -> xpath: //button[contains(text(),'Logout')]]
verify tab[[ChromeDriver: chrome on WINDOWS (1779389475f5b1b6a39a0869e4513b02)] -> xpath: //button[contains(text(),'Logout')]]
verify tab[[ChromeDriver: chrome on WINDOWS (1779389475f5b1b6a39a0869e4513b02)] -> xpath: //button[contains(text(),'Logout')]]
verify tab[[ChromeDriver: chrome on WINDOWS (1779389475f5b1b6a39a0869e4513b02)] -> xpath: //button[contains(text(),'Logout')]]
verify tab[[ChromeDriver: chrome on WINDOWS (1779389475f5b1b6a39a0869e4513b02)] -> xpath: //button[contains(text(),'Logout')]]
verify tab[[ChromeDriver: chrome on WINDOWS (1779389475f5b1b6a39a0869e4513b02)] -> xpath: //button[contains(text(),'Logout')]]
verify tab[[ChromeDriver: chrome on WINDOWS (1779389475f5b1b6a39a0869e4513b02)] -> xpath: //button[contains(text(),'Logout')]]
verify tab[[ChromeDriver: chrome on WINDOWS (1779389475f5b1b6a39a0869e4513b02)] -> xpath: //button[contains(text(),'Logout')]]
verify tab[[ChromeDriver: chrome on WINDOWS (1779389475f5b1b6a39a0869e4513b02)] -> xpath: //button[contains(text(),'Logout')]]
verify tab[[ChromeDriver: chrome on WINDOWS (1779389475f5b1b6a39a0869e4513b02)] -> xpath: //button[contains(text(),'Logout')]]
verify tab[[ChromeDriver: chrome on WINDOWS (1779389475f5b1b6a39a0869e4513b02)] -> xpath: //button[contains(text(),'Logout')]]
verify tab[[ChromeDriver: chrome on WINDOWS (1779389475f5b1b6a39a0869e4513b02)] -> xpath: //button[contains(text(),'Logout')]]
verify tab[[ChromeDriver: chrome on WINDOWS (1779389475f5b1b6a39a0869e4513b02)] -> xpath: //button[contains(text(),'Logout')]]
verify tab[[ChromeDriver: chrome on WINDOWS (1779389475f5b1b6a39a0869e4513b02)] -> xpath: //button[contains(text(),'Logout')]]
verify tab[[ChromeDriver: chrome on WINDOWS (1779389475f5b1b6a39a0869e4513b02)] -> xpath: //button[contains(text(),'Logout')]]
verify tab[[ChromeDriver: chrome on WINDOWS (1779389475f5b1b6a39a0869e4513b02)] -> xpath: //button[contains(text(),'Logout')]]
verify tab[[ChromeDriver: chrome on WINDOWS (1779389475f5b1b6a39a0869e4513b02)] -> xpath: //button[contains(text(),'Logout')]]
verify tab[[ChromeDriver: chrome on WINDOWS (1779389475f5b1b6a39a0869e4513b02)] -> xpath: //button[contains(text(),'Logout')]]
verify tab[[ChromeDriver: chrome on WINDOWS (1779389475f5b1b6a39a0869e4513b02)] -> xpath: //button[contains(text(),'Logout')]]
verify tab[[ChromeDriver: chrome on WINDOWS (1779389475f5b1b6a39a0869e4513b02)] -> xpath: //button[contains(text(),'Logout')]]
verify tab[[ChromeDriver: chrome on WINDOWS (1779389475f5b1b6a39a0869e4513b02)] -> xpath: //button[contains(text(),'Logout')]]
verify tab[[ChromeDriver: chrome on WINDOWS (1779389475f5b1b6a39a0869e4513b02)] -> xpath: //button[contains(text(),'Logout')]]
verify tab[[ChromeDriver: chrome on WINDOWS (1779389475f5b1b6a39a0869e4513b02)] -> xpath: //button[contains(text(),'Logout')]]
verify tab[[ChromeDriver: chrome on WINDOWS (1779389475f5b1b6a39a0869e4513b02)] -> xpath: //button[contains(text(),'Logout')]]
verify tab[[ChromeDriver: chrome on WINDOWS (1779389475f5b1b6a39a0869e4513b02)] -> xpath: //button[contains(text(),'Logout')]]
verify tab[[ChromeDriver: chrome on WINDOWS (1779389475f5b1b6a39a0869e4513b02)] -> xpath: //button[contains(text(),'Logout')]]
verify tab[[ChromeDriver: chrome on WINDOWS (1779389475f5b1b6a39a0869e4513b02)] -> xpath: //button[contains(text(),'Logout')]]
verify tab[[ChromeDriver: chrome on WINDOWS (1779389475f5b1b6a39a0869e4513b02)] -> xpath: //button[contains(text(),'Logout')]]
verify tab[[ChromeDriver: chrome on WINDOWS (1779389475f5b1b6a39a0869e4513b02)] -> xpath: //button[contains(text(),'Logout')]]
verify tab[[ChromeDriver: chrome on WINDOWS (1779389475f5b1b6a39a0869e4513b02)] -> xpath: //button[contains(text(),'Logout')]]
verify tab[[ChromeDriver: chrome on WINDOWS (1779389475f5b1b6a39a0869e4513b02)] -> xpath: //button[contains(text(),'Logout')]]
verify tab[[ChromeDriver: chrome on WINDOWS (1779389475f5b1b6a39a0869e4513b02)] -> xpath: //button[contains(text(),'Logout')]]
verify tab[[ChromeDriver: chrome on WINDOWS (1779389475f5b1b6a39a0869e4513b02)] -> xpath: //button[contains(text(),'Logout')]]
verify tab[[ChromeDriver: chrome on WINDOWS (1779389475f5b1b6a39a0869e4513b02)] -> xpath: //button[contains(text(),'Logout')]]
verify tab[[ChromeDriver: chrome on WINDOWS (1779389475f5b1b6a39a0869e4513b02)] -> xpath: //button[contains(text(),'Logout')]]
verify tab[[ChromeDriver: chrome on WINDOWS (1779389475f5b1b6a39a0869e4513b02)] -> xpath: //button[contains(text(),'Logout')]]
verify tab[[ChromeDriver: chrome on WINDOWS (1779389475f5b1b6a39a0869e4513b02)] -> xpath: //button[contains(text(),'Logout')]]
verify tab[[ChromeDriver: chrome on WINDOWS (1779389475f5b1b6a39a0869e4513b02)] -> xpath: //button[contains(text(),'Logout')]]
verify tab[[ChromeDriver: chrome on WINDOWS (1779389475f5b1b6a39a0869e4513b02)] -> xpath: //button[contains(text(),'Logout')]]
verify tab[[ChromeDriver: chrome on WINDOWS (1779389475f5b1b6a39a0869e4513b02)] -> xpath: //button[contains(text(),'Logout')]]
verify tab[[ChromeDriver: chrome on WINDOWS (1779389475f5b1b6a39a0869e4513b02)] -> xpath: //button[contains(text(),'Logout')]]
verify tab[[ChromeDriver: chrome on WINDOWS (1779389475f5b1b6a39a0869e4513b02)] -> xpath: //button[contains(text(),'Logout')]]
verify tab[[ChromeDriver: chrome on WINDOWS (1779389475f5b1b6a39a0869e4513b02)] -> xpath: //button[contains(text(),'Logout')]]
verify tab[[ChromeDriver: chrome on WINDOWS (1779389475f5b1b6a39a0869e4513b02)] -> xpath: //button[contains(text(),'Logout')]]
verify tab[[ChromeDriver: chrome on WINDOWS (1779389475f5b1b6a39a0869e4513b02)] -> xpath: //button[contains(text(),'Logout')]]
verify tab[[ChromeDriver: chrome on WINDOWS (1779389475f5b1b6a39a0869e4513b02)] -> xpath: //button[contains(text(),'Logout')]]
verify tab[[ChromeDriver: chrome on WINDOWS (1779389475f5b1b6a39a0869e4513b02)] -> xpath: //button[contains(text(),'Logout')]]
verify tab[[ChromeDriver: chrome on WINDOWS (1779389475f5b1b6a39a0869e4513b02)] -> xpath: //button[contains(text(),'Logout')]]
verify tab[[ChromeDriver: chrome on WINDOWS (1779389475f5b1b6a39a0869e4513b02)] -> xpath: //button[contains(text(),'Logout')]]
verify tab[[ChromeDriver: chrome on WINDOWS (1779389475f5b1b6a39a0869e4513b02)] -> xpath: //button[contains(text(),'Logout')]]
verify tab[[ChromeDriver: chrome on WINDOWS (1779389475f5b1b6a39a0869e4513b02)] -> xpath: //button[contains(text(),'Logout')]]
verify tab[[ChromeDriver: chrome on WINDOWS (1779389475f5b1b6a39a0869e4513b02)] -> xpath: //button[contains(text(),'Logout')]]
verify tab[[ChromeDriver: chrome on WINDOWS (1779389475f5b1b6a39a0869e4513b02)] -> xpath: //button[contains(text(),'Logout')]]
verify tab[[ChromeDriver: chrome on WINDOWS (1779389475f5b1b6a39a0869e4513b02)] -> xpath: //button[contains(text(),'Logout')]]
verify tab[[ChromeDriver: chrome on WINDOWS (1779389475f5b1b6a39a0869e4513b02)] -> xpath: //button[contains(text(),'Logout')]]
verify tab[[ChromeDriver: chrome on WINDOWS (1779389475f5b1b6a39a0869e4513b02)] -> xpath: //button[contains(text(),'Logout')]]
verify tab[[ChromeDriver: chrome on WINDOWS (1779389475f5b1b6a39a0869e4513b02)] -> xpath: //button[contains(text(),'Logout')]]
verify tab[[ChromeDriver: chrome on WINDOWS (1779389475f5b1b6a39a0869e4513b02)] -> xpath: //button[contains(text(),'Logout')]]
verify tab[[ChromeDriver: chrome on WINDOWS (1779389475f5b1b6a39a0869e4513b02)] -> xpath: //button[contains(text(),'Logout')]]
verify tab[[ChromeDriver: chrome on WINDOWS (1779389475f5b1b6a39a0869e4513b02)] -> xpath: //button[contains(text(),'Logout')]]
verify tab[[ChromeDriver: chrome on WINDOWS (1779389475f5b1b6a39a0869e4513b02)] -> xpath: //button[contains(text(),'Logout')]]
verify tab[[ChromeDriver: chrome on WINDOWS (1779389475f5b1b6a39a0869e4513b02)] -> xpath: //button[contains(text(),'Logout')]]
verify tab[[ChromeDriver: chrome on WINDOWS (1779389475f5b1b6a39a0869e4513b02)] -> xpath: //button[contains(text(),'Logout')]]
verify tab[[ChromeDriver: chrome on WINDOWS (1779389475f5b1b6a39a0869e4513b02)] -> xpath: //button[contains(text(),'Logout')]]
verify tab[[ChromeDriver: chrome on WINDOWS (1779389475f5b1b6a39a0869e4513b02)] -> xpath: //button[contains(text(),'Logout')]]
verify tab[[ChromeDriver: chrome on WINDOWS (1779389475f5b1b6a39a0869e4513b02)] -> xpath: //button[contains(text(),'Logout')]]
verify tab[[ChromeDriver: chrome on WINDOWS (1779389475f5b1b6a39a0869e4513b02)] -> xpath: //button[contains(text(),'Logout')]]
verify tab[[ChromeDriver: chrome on WINDOWS (1779389475f5b1b6a39a0869e4513b02)] -> xpath: //button[contains(text(),'Logout')]]
verify tab[[ChromeDriver: chrome on WINDOWS (1779389475f5b1b6a39a0869e4513b02)] -> xpath: //button[contains(text(),'Logout')]]
verify tab[[ChromeDriver: chrome on WINDOWS (1779389475f5b1b6a39a0869e4513b02)] -> xpath: //button[contains(text(),'Logout')]]
verify tab[[ChromeDriver: chrome on WINDOWS (1779389475f5b1b6a39a0869e4513b02)] -> xpath: //button[contains(text(),'Logout')]]
verify tab[[ChromeDriver: chrome on WINDOWS (1779389475f5b1b6a39a0869e4513b02)] -> xpath: //button[contains(text(),'Logout')]]
verify tab[[ChromeDriver: chrome on WINDOWS (1779389475f5b1b6a39a0869e4513b02)] -> xpath: //button[contains(text(),'Logout')]]
verify tab[[ChromeDriver: chrome on WINDOWS (1779389475f5b1b6a39a0869e4513b02)] -> xpath: //button[contains(text(),'Logout')]]
verify tab[[ChromeDriver: chrome on WINDOWS (1779389475f5b1b6a39a0869e4513b02)] -> xpath: //button[contains(text(),'Logout')]]
verify tab[[ChromeDriver: chrome on WINDOWS (1779389475f5b1b6a39a0869e4513b02)] -> xpath: //button[contains(text(),'Logout')]]
verify tab[[ChromeDriver: chrome on WINDOWS (1779389475f5b1b6a39a0869e4513b02)] -> xpath: //button[contains(text(),'Logout')]]
verify tab[[ChromeDriver: chrome on WINDOWS (1779389475f5b1b6a39a0869e4513b02)] -> xpath: //button[contains(text(),'Logout')]]
verify tab[[ChromeDriver: chrome on WINDOWS (1779389475f5b1b6a39a0869e4513b02)] -> xpath: //button[contains(text(),'Logout')]]
verify tab[[ChromeDriver: chrome on WINDOWS (1779389475f5b1b6a39a0869e4513b02)] -> xpath: //button[contains(text(),'Logout')]]
verify tab[[ChromeDriver: chrome on WINDOWS (1779389475f5b1b6a39a0869e4513b02)] -> xpath: //button[contains(text(),'Logout')]]
verify tab[[ChromeDriver: chrome on WINDOWS (1779389475f5b1b6a39a0869e4513b02)] -> xpath: //button[contains(text(),'Logout')]]
verify tab[[ChromeDriver: chrome on WINDOWS (1779389475f5b1b6a39a0869e4513b02)] -> xpath: //button[contains(text(),'Logout')]]
verify tab[[ChromeDriver: chrome on WINDOWS (1779389475f5b1b6a39a0869e4513b02)] -> xpath: //button[contains(text(),'Logout')]]
verify tab[[ChromeDriver: chrome on WINDOWS (1779389475f5b1b6a39a0869e4513b02)] -> xpath: //button[contains(text(),'Logout')]]
verify tab[[ChromeDriver: chrome on WINDOWS (1779389475f5b1b6a39a0869e4513b02)] -> xpath: //button[contains(text(),'Logout')]]
verify tab[[ChromeDriver: chrome on WINDOWS (1779389475f5b1b6a39a0869e4513b02)] -> xpath: //button[contains(text(),'Logout')]]
verify tab[[ChromeDriver: chrome on WINDOWS (1779389475f5b1b6a39a0869e4513b02)] -> xpath: //button[contains(text(),'Logout')]]
verify tab[[ChromeDriver: chrome on WINDOWS (1779389475f5b1b6a39a0869e4513b02)] -> xpath: //button[contains(text(),'Logout')]]
verify tab[[ChromeDriver: chrome on WINDOWS (1779389475f5b1b6a39a0869e4513b02)] -> xpath: //button[contains(text(),'Logout')]]
verify tab[[ChromeDriver: chrome on WINDOWS (1779389475f5b1b6a39a0869e4513b02)] -> xpath: //button[contains(text(),'Logout')]]
verify tab[[ChromeDriver: chrome on WINDOWS (1779389475f5b1b6a39a0869e4513b02)] -> xpath: //button[contains(text(),'Logout')]]
verify tab[[ChromeDriver: chrome on WINDOWS (1779389475f5b1b6a39a0869e4513b02)] -> xpath: //button[contains(text(),'Logout')]]
verify tab[[ChromeDriver: chrome on WINDOWS (1779389475f5b1b6a39a0869e4513b02)] -> xpath: //button[contains(text(),'Logout')]]
verify tab[[ChromeDriver: chrome on WINDOWS (1779389475f5b1b6a39a0869e4513b02)] -> xpath: //button[contains(text(),'Logout')]]
verify tab[[ChromeDriver: chrome on WINDOWS (1779389475f5b1b6a39a0869e4513b02)] -> xpath: //button[contains(text(),'Logout')]]
verify tab[[ChromeDriver: chrome on WINDOWS (1779389475f5b1b6a39a0869e4513b02)] -> xpath: //button[contains(text(),'Logout')]]
verify tab[[ChromeDriver: chrome on WINDOWS (1779389475f5b1b6a39a0869e4513b02)] -> xpath: //button[contains(text(),'Logout')]]
verify tab[[ChromeDriver: chrome on WINDOWS (1779389475f5b1b6a39a0869e4513b02)] -> xpath: //button[contains(text(),'Logout')]]
verify tab[[ChromeDriver: chrome on WINDOWS (1779389475f5b1b6a39a0869e4513b02)] -> xpath: //button[contains(text(),'Logout')]]
verify tab[[ChromeDriver: chrome on WINDOWS (1779389475f5b1b6a39a0869e4513b02)] -> xpath: //button[contains(text(),'Logout')]]
verify tab[[ChromeDriver: chrome on WINDOWS (1779389475f5b1b6a39a0869e4513b02)] -> xpath: //button[contains(text(),'Logout')]]
verify tab[[ChromeDriver: chrome on WINDOWS (1779389475f5b1b6a39a0869e4513b02)] -> xpath: //button[contains(text(),'Logout')]]
verify tab[[ChromeDriver: chrome on WINDOWS (1779389475f5b1b6a39a0869e4513b02)] -> xpath: //button[contains(text(),'Logout')]]
verify tab[[ChromeDriver: chrome on WINDOWS (1779389475f5b1b6a39a0869e4513b02)] -> xpath: //button[contains(text(),'Logout')]]
verify tab[[ChromeDriver: chrome on WINDOWS (1779389475f5b1b6a39a0869e4513b02)] -> xpath: //button[contains(text(),'Logout')]]
verify tab[[ChromeDriver: chrome on WINDOWS (1779389475f5b1b6a39a0869e4513b02)] -> xpath: //button[contains(text(),'Logout')]]
verify tab[[ChromeDriver: chrome on WINDOWS (1779389475f5b1b6a39a0869e4513b02)] -> xpath: //button[contains(text(),'Logout')]]
verify tab[[ChromeDriver: chrome on WINDOWS (1779389475f5b1b6a39a0869e4513b02)] -> xpath: //button[contains(text(),'Logout')]]
verify tab[[ChromeDriver: chrome on WINDOWS (1779389475f5b1b6a39a0869e4513b02)] -> xpath: //button[contains(text(),'Logout')]]
verify tab[[ChromeDriver: chrome on WINDOWS (1779389475f5b1b6a39a0869e4513b02)] -> xpath: //button[contains(text(),'Logout')]]
verify tab[[ChromeDriver: chrome on WINDOWS (1779389475f5b1b6a39a0869e4513b02)] -> xpath: //button[contains(text(),'Logout')]]
verify tab[[ChromeDriver: chrome on WINDOWS (1779389475f5b1b6a39a0869e4513b02)] -> xpath: //button[contains(text(),'Logout')]]
verify tab[[ChromeDriver: chrome on WINDOWS (1779389475f5b1b6a39a0869e4513b02)] -> xpath: //button[contains(text(),'Logout')]]
verify tab[[ChromeDriver: chrome on WINDOWS (1779389475f5b1b6a39a0869e4513b02)] -> xpath: //button[contains(text(),'Logout')]]
verify tab[[ChromeDriver: chrome on WINDOWS (1779389475f5b1b6a39a0869e4513b02)] -> xpath: //button[contains(text(),'Logout')]]
verify tab[[ChromeDriver: chrome on WINDOWS (1779389475f5b1b6a39a0869e4513b02)] -> xpath: //button[contains(text(),'Logout')]]
verify tab[[ChromeDriver: chrome on WINDOWS (1779389475f5b1b6a39a0869e4513b02)] -> xpath: //button[contains(text(),'Logout')]]
verify tab[[ChromeDriver: chrome on WINDOWS (1779389475f5b1b6a39a0869e4513b02)] -> xpath: //button[contains(text(),'Logout')]]
verify tab[[ChromeDriver: chrome on WINDOWS (1779389475f5b1b6a39a0869e4513b02)] -> xpath: //button[contains(text(),'Logout')]]
verify tab[[ChromeDriver: chrome on WINDOWS (1779389475f5b1b6a39a0869e4513b02)] -> xpath: //button[contains(text(),'Logout')]]
verify tab[[ChromeDriver: chrome on WINDOWS (1779389475f5b1b6a39a0869e4513b02)] -> xpath: //button[contains(text(),'Logout')]]
verify tab[[ChromeDriver: chrome on WINDOWS (1779389475f5b1b6a39a0869e4513b02)] -> xpath: //button[contains(text(),'Logout')]]
verify tab[[ChromeDriver: chrome on WINDOWS (1779389475f5b1b6a39a0869e4513b02)] -> xpath: //button[contains(text(),'Logout')]]
verify tab[[ChromeDriver: chrome on WINDOWS (1779389475f5b1b6a39a0869e4513b02)] -> xpath: //button[contains(text(),'Logout')]]
verify tab[[ChromeDriver: chrome on WINDOWS (1779389475f5b1b6a39a0869e4513b02)] -> xpath: //button[contains(text(),'Logout')]]
verify tab[[ChromeDriver: chrome on WINDOWS (1779389475f5b1b6a39a0869e4513b02)] -> xpath: //button[contains(text(),'Logout')]]
verify tab[[ChromeDriver: chrome on WINDOWS (1779389475f5b1b6a39a0869e4513b02)] -> xpath: //button[contains(text(),'Logout')]]
verify tab[[ChromeDriver: chrome on WINDOWS (1779389475f5b1b6a39a0869e4513b02)] -> xpath: //button[contains(text(),'Logout')]]
verify tab[[ChromeDriver: chrome on WINDOWS (1779389475f5b1b6a39a0869e4513b02)] -> xpath: //button[contains(text(),'Logout')]]
verify tab[[ChromeDriver: chrome on WINDOWS (1779389475f5b1b6a39a0869e4513b02)] -> xpath: //button[contains(text(),'Logout')]]
verify tab[[ChromeDriver: chrome on WINDOWS (1779389475f5b1b6a39a0869e4513b02)] -> xpath: //button[contains(text(),'Logout')]]
verify tab[[ChromeDriver: chrome on WINDOWS (1779389475f5b1b6a39a0869e4513b02)] -> xpath: //button[contains(text(),'Logout')]]
verify tab[[ChromeDriver: chrome on WINDOWS (1779389475f5b1b6a39a0869e4513b02)] -> xpath: //button[contains(text(),'Logout')]]
verify tab[[ChromeDriver: chrome on WINDOWS (1779389475f5b1b6a39a0869e4513b02)] -> xpath: //button[contains(text(),'Logout')]]
verify tab[[ChromeDriver: chrome on WINDOWS (1779389475f5b1b6a39a0869e4513b02)] -> xpath: //button[contains(text(),'Logout')]]
verify tab[[ChromeDriver: chrome on WINDOWS (1779389475f5b1b6a39a0869e4513b02)] -> xpath: //button[contains(text(),'Logout')]]
verify tab[[ChromeDriver: chrome on WINDOWS (1779389475f5b1b6a39a0869e4513b02)] -> xpath: //button[contains(text(),'Logout')]]
verify tab[[ChromeDriver: chrome on WINDOWS (1779389475f5b1b6a39a0869e4513b02)] -> xpath: //button[contains(text(),'Logout')]]
verify tab[[ChromeDriver: chrome on WINDOWS (1779389475f5b1b6a39a0869e4513b02)] -> xpath: //button[contains(text(),'Logout')]]
verify tab[[ChromeDriver: chrome on WINDOWS (1779389475f5b1b6a39a0869e4513b02)] -> xpath: //button[contains(text(),'Logout')]]
verify tab[[ChromeDriver: chrome on WINDOWS (1779389475f5b1b6a39a0869e4513b02)] -> xpath: //button[contains(text(),'Logout')]]
verify tab[[ChromeDriver: chrome on WINDOWS (1779389475f5b1b6a39a0869e4513b02)] -> xpath: //button[contains(text(),'Logout')]]
verify tab[[ChromeDriver: chrome on WINDOWS (1779389475f5b1b6a39a0869e4513b02)] -> xpath: //button[contains(text(),'Logout')]]
verify tab[[ChromeDriver: chrome on WINDOWS (1779389475f5b1b6a39a0869e4513b02)] -> xpath: //button[contains(text(),'Logout')]]
verify tab[[ChromeDriver: chrome on WINDOWS (1779389475f5b1b6a39a0869e4513b02)] -> xpath: //button[contains(text(),'Logout')]]
verify tab[[ChromeDriver: chrome on WINDOWS (1779389475f5b1b6a39a0869e4513b02)] -> xpath: //button[contains(text(),'Logout')]]
verify tab[[ChromeDriver: chrome on WINDOWS (1779389475f5b1b6a39a0869e4513b02)] -> xpath: //button[contains(text(),'Logout')]]
verify tab[[ChromeDriver: chrome on WINDOWS (1779389475f5b1b6a39a0869e4513b02)] -> xpath: //button[contains(text(),'Logout')]]
verify tab[[ChromeDriver: chrome on WINDOWS (1779389475f5b1b6a39a0869e4513b02)] -> xpath: //button[contains(text(),'Logout')]]
verify tab[[ChromeDriver: chrome on WINDOWS (1779389475f5b1b6a39a0869e4513b02)] -> xpath: //button[contains(text(),'Logout')]]
verify tab[[ChromeDriver: chrome on WINDOWS (1779389475f5b1b6a39a0869e4513b02)] -> xpath: //button[contains(text(),'Logout')]]
verify tab[[ChromeDriver: chrome on WINDOWS (1779389475f5b1b6a39a0869e4513b02)] -> xpath: //button[contains(text(),'Logout')]]
verify tab[[ChromeDriver: chrome on WINDOWS (1779389475f5b1b6a39a0869e4513b02)] -> xpath: //button[contains(text(),'Logout')]]
verify tab[[ChromeDriver: chrome on WINDOWS (1779389475f5b1b6a39a0869e4513b02)] -> xpath: //button[contains(text(),'Logout')]]
verify tab[[ChromeDriver: chrome on WINDOWS (1779389475f5b1b6a39a0869e4513b02)] -> xpath: //button[contains(text(),'Logout')]]
verify tab[[ChromeDriver: chrome on WINDOWS (1779389475f5b1b6a39a0869e4513b02)] -> xpath: //button[contains(text(),'Logout')]]
verify tab[[ChromeDriver: chrome on WINDOWS (1779389475f5b1b6a39a0869e4513b02)] -> xpath: //button[contains(text(),'Logout')]]
verify tab[[ChromeDriver: chrome on WINDOWS (1779389475f5b1b6a39a0869e4513b02)] -> xpath: //button[contains(text(),'Logout')]]
verify tab[[ChromeDriver: chrome on WINDOWS (1779389475f5b1b6a39a0869e4513b02)] -> xpath: //button[contains(text(),'Logout')]]
verify tab[[ChromeDriver: chrome on WINDOWS (1779389475f5b1b6a39a0869e4513b02)] -> xpath: //button[contains(text(),'Logout')]]
verify tab[[ChromeDriver: chrome on WINDOWS (1779389475f5b1b6a39a0869e4513b02)] -> xpath: //button[contains(text(),'Logout')]]
verify tab[[ChromeDriver: chrome on WINDOWS (1779389475f5b1b6a39a0869e4513b02)] -> xpath: //button[contains(text(),'Logout')]]
verify tab[[ChromeDriver: chrome on WINDOWS (1779389475f5b1b6a39a0869e4513b02)] -> xpath: //button[contains(text(),'Logout')]]
verify tab[[ChromeDriver: chrome on WINDOWS (1779389475f5b1b6a39a0869e4513b02)] -> xpath: //button[contains(text(),'Logout')]]
verify tab[[ChromeDriver: chrome on WINDOWS (1779389475f5b1b6a39a0869e4513b02)] -> xpath: //button[contains(text(),'Logout')]]
verify tab[[ChromeDriver: chrome on WINDOWS (1779389475f5b1b6a39a0869e4513b02)] -> xpath: //button[contains(text(),'Logout')]]
verify tab[[ChromeDriver: chrome on WINDOWS (1779389475f5b1b6a39a0869e4513b02)] -> xpath: //button[contains(text(),'Logout')]]
verify tab[[ChromeDriver: chrome on WINDOWS (1779389475f5b1b6a39a0869e4513b02)] -> xpath: //button[contains(text(),'Logout')]]
verify tab[[ChromeDriver: chrome on WINDOWS (1779389475f5b1b6a39a0869e4513b02)] -> xpath: //button[contains(text(),'Logout')]]
verify tab[[ChromeDriver: chrome on WINDOWS (1779389475f5b1b6a39a0869e4513b02)] -> xpath: //button[contains(text(),'Logout')]]
verify tab[[ChromeDriver: chrome on WINDOWS (1779389475f5b1b6a39a0869e4513b02)] -> xpath: //button[contains(text(),'Logout')]]
verify tab[[ChromeDriver: chrome on WINDOWS (1779389475f5b1b6a39a0869e4513b02)] -> xpath: //button[contains(text(),'Logout')]]
verify tab[[ChromeDriver: chrome on WINDOWS (1779389475f5b1b6a39a0869e4513b02)] -> xpath: //button[contains(text(),'Logout')]]
verify tab[[ChromeDriver: chrome on WINDOWS (1779389475f5b1b6a39a0869e4513b02)] -> xpath: //button[contains(text(),'Logout')]]
verify tab[[ChromeDriver: chrome on WINDOWS (1779389475f5b1b6a39a0869e4513b02)] -> xpath: //button[contains(text(),'Logout')]]
verify tab[[ChromeDriver: chrome on WINDOWS (1779389475f5b1b6a39a0869e4513b02)] -> xpath: //button[contains(text(),'Logout')]]
verify tab[[ChromeDriver: chrome on WINDOWS (1779389475f5b1b6a39a0869e4513b02)] -> xpath: //button[contains(text(),'Logout')]]
verify tab[[ChromeDriver: chrome on WINDOWS (1779389475f5b1b6a39a0869e4513b02)] -> xpath: //button[contains(text(),'Logout')]]
verify tab[[ChromeDriver: chrome on WINDOWS (1779389475f5b1b6a39a0869e4513b02)] -> xpath: //button[contains(text(),'Logout')]]
verify tab[[ChromeDriver: chrome on WINDOWS (1779389475f5b1b6a39a0869e4513b02)] -> xpath: //button[contains(text(),'Logout')]]
verify tab[[ChromeDriver: chrome on WINDOWS (1779389475f5b1b6a39a0869e4513b02)] -> xpath: //button[contains(text(),'Logout')]]
verify tab[[ChromeDriver: chrome on WINDOWS (1779389475f5b1b6a39a0869e4513b02)] -> xpath: //button[contains(text(),'Logout')]]
verify tab[[ChromeDriver: chrome on WINDOWS (1779389475f5b1b6a39a0869e4513b02)] -> xpath: //button[contains(text(),'Logout')]]
verify tab[[ChromeDriver: chrome on WINDOWS (1779389475f5b1b6a39a0869e4513b02)] -> xpath: //button[contains(text(),'Logout')]]
verify tab[[ChromeDriver: chrome on WINDOWS (1779389475f5b1b6a39a0869e4513b02)] -> xpath: //button[contains(text(),'Logout')]]
verify tab[[ChromeDriver: chrome on WINDOWS (1779389475f5b1b6a39a0869e4513b02)] -> xpath: //button[contains(text(),'Logout')]]
verify tab[[ChromeDriver: chrome on WINDOWS (1779389475f5b1b6a39a0869e4513b02)] -> xpath: //button[contains(text(),'Logout')]]
verify tab[[ChromeDriver: chrome on WINDOWS (1779389475f5b1b6a39a0869e4513b02)] -> xpath: //button[contains(text(),'Logout')]]
verify tab[[ChromeDriver: chrome on WINDOWS (1779389475f5b1b6a39a0869e4513b02)] -> xpath: //button[contains(text(),'Logout')]]
verify tab[[ChromeDriver: chrome on WINDOWS (1779389475f5b1b6a39a0869e4513b02)] -> xpath: //button[contains(text(),'Logout')]]
verify tab[[ChromeDriver: chrome on WINDOWS (1779389475f5b1b6a39a0869e4513b02)] -> xpath: //button[contains(text(),'Logout')]]
verify tab[[ChromeDriver: chrome on WINDOWS (1779389475f5b1b6a39a0869e4513b02)] -> xpath: //button[contains(text(),'Logout')]]
verify tab[[ChromeDriver: chrome on WINDOWS (1779389475f5b1b6a39a0869e4513b02)] -> xpath: //button[contains(text(),'Logout')]]
verify tab[[ChromeDriver: chrome on WINDOWS (1779389475f5b1b6a39a0869e4513b02)] -> xpath: //button[contains(text(),'Logout')]]
verify tab[[ChromeDriver: chrome on WINDOWS (1779389475f5b1b6a39a0869e4513b02)] -> xpath: //button[contains(text(),'Logout')]]
verify tab[[ChromeDriver: chrome on WINDOWS (1779389475f5b1b6a39a0869e4513b02)] -> xpath: //button[contains(text(),'Logout')]]
verify tab[[ChromeDriver: chrome on WINDOWS (1779389475f5b1b6a39a0869e4513b02)] -> xpath: //button[contains(text(),'Logout')]]
verify tab[[ChromeDriver: chrome on WINDOWS (1779389475f5b1b6a39a0869e4513b02)] -> xpath: //button[contains(text(),'Logout')]]
verify tab[[ChromeDriver: chrome on WINDOWS (1779389475f5b1b6a39a0869e4513b02)] -> xpath: //button[contains(text(),'Logout')]]
verify tab[[ChromeDriver: chrome on WINDOWS (1779389475f5b1b6a39a0869e4513b02)] -> xpath: //button[contains(text(),'Logout')]]
verify tab[[ChromeDriver: chrome on WINDOWS (1779389475f5b1b6a39a0869e4513b02)] -> xpath: //button[contains(text(),'Logout')]]
verify tab[[ChromeDriver: chrome on WINDOWS (1779389475f5b1b6a39a0869e4513b02)] -> xpath: //button[contains(text(),'Logout')]]
verify tab[[ChromeDriver: chrome on WINDOWS (1779389475f5b1b6a39a0869e4513b02)] -> xpath: //button[contains(text(),'Logout')]]
verify tab[[ChromeDriver: chrome on WINDOWS (1779389475f5b1b6a39a0869e4513b02)] -> xpath: //button[contains(text(),'Logout')]]
verify tab[[ChromeDriver: chrome on WINDOWS (1779389475f5b1b6a39a0869e4513b02)] -> xpath: //button[contains(text(),'Logout')]]
verify tab[[ChromeDriver: chrome on WINDOWS (1779389475f5b1b6a39a0869e4513b02)] -> xpath: //button[contains(text(),'Logout')]]
verify tab[[ChromeDriver: chrome on WINDOWS (1779389475f5b1b6a39a0869e4513b02)] -> xpath: //button[contains(text(),'Logout')]]
verify tab[[ChromeDriver: chrome on WINDOWS (1779389475f5b1b6a39a0869e4513b02)] -> xpath: //button[contains(text(),'Logout')]]
verify tab[[ChromeDriver: chrome on WINDOWS (1779389475f5b1b6a39a0869e4513b02)] -> xpath: //button[contains(text(),'Logout')]]
verify tab[[ChromeDriver: chrome on WINDOWS (1779389475f5b1b6a39a0869e4513b02)] -> xpath: //button[contains(text(),'Logout')]]
verify tab[[ChromeDriver: chrome on WINDOWS (1779389475f5b1b6a39a0869e4513b02)] -> xpath: //button[contains(text(),'Logout')]]
verify tab[[ChromeDriver: chrome on WINDOWS (1779389475f5b1b6a39a0869e4513b02)] -> xpath: //button[contains(text(),'Logout')]]
verify tab[[ChromeDriver: chrome on WINDOWS (1779389475f5b1b6a39a0869e4513b02)] -> xpath: //button[contains(text(),'Logout')]]
verify tab[[ChromeDriver: chrome on WINDOWS (1779389475f5b1b6a39a0869e4513b02)] -> xpath: //button[contains(text(),'Logout')]]
verify tab[[ChromeDriver: chrome on WINDOWS (1779389475f5b1b6a39a0869e4513b02)] -> xpath: //button[contains(text(),'Logout')]]
verify tab[[ChromeDriver: chrome on WINDOWS (1779389475f5b1b6a39a0869e4513b02)] -> xpath: //button[contains(text(),'Logout')]]
verify tab[[ChromeDriver: chrome on WINDOWS (1779389475f5b1b6a39a0869e4513b02)] -> xpath: //button[contains(text(),'Logout')]]
verify tab[[ChromeDriver: chrome on WINDOWS (1779389475f5b1b6a39a0869e4513b02)] -> xpath: //button[contains(text(),'Logout')]]
verify tab[[ChromeDriver: chrome on WINDOWS (1779389475f5b1b6a39a0869e4513b02)] -> xpath: //button[contains(text(),'Logout')]]
verify tab[[ChromeDriver: chrome on WINDOWS (1779389475f5b1b6a39a0869e4513b02)] -> xpath: //button[contains(text(),'Logout')]]
verify tab[[ChromeDriver: chrome on WINDOWS (1779389475f5b1b6a39a0869e4513b02)] -> xpath: //button[contains(text(),'Logout')]]
verify tab[[ChromeDriver: chrome on WINDOWS (1779389475f5b1b6a39a0869e4513b02)] -> xpath: //button[contains(text(),'Logout')]]
verify tab[[ChromeDriver: chrome on WINDOWS (1779389475f5b1b6a39a0869e4513b02)] -> xpath: //button[contains(text(),'Logout')]]
verify tab[[ChromeDriver: chrome on WINDOWS (1779389475f5b1b6a39a0869e4513b02)] -> xpath: //button[contains(text(),'Logout')]]
verify tab[[ChromeDriver: chrome on WINDOWS (1779389475f5b1b6a39a0869e4513b02)] -> xpath: //button[contains(text(),'Logout')]]
verify tab[[ChromeDriver: chrome on WINDOWS (1779389475f5b1b6a39a0869e4513b02)] -> xpath: //button[contains(text(),'Logout')]]
verify tab[[ChromeDriver: chrome on WINDOWS (1779389475f5b1b6a39a0869e4513b02)] -> xpath: //button[contains(text(),'Logout')]]
verify tab[[ChromeDriver: chrome on WINDOWS (1779389475f5b1b6a39a0869e4513b02)] -> xpath: //button[contains(text(),'Logout')]]
verify tab[[ChromeDriver: chrome on WINDOWS (1779389475f5b1b6a39a0869e4513b02)] -> xpath: //button[contains(text(),'Logout')]]
verify tab[[ChromeDriver: chrome on WINDOWS (1779389475f5b1b6a39a0869e4513b02)] -> xpath: //button[contains(text(),'Logout')]]
verify tab[[ChromeDriver: chrome on WINDOWS (1779389475f5b1b6a39a0869e4513b02)] -> xpath: //button[contains(text(),'Logout')]]
verify tab[[ChromeDriver: chrome on WINDOWS (1779389475f5b1b6a39a0869e4513b02)] -> xpath: //button[contains(text(),'Logout')]]
verify tab[[ChromeDriver: chrome on WINDOWS (1779389475f5b1b6a39a0869e4513b02)] -> xpath: //button[contains(text(),'Logout')]]
verify tab[[ChromeDriver: chrome on WINDOWS (1779389475f5b1b6a39a0869e4513b02)] -> xpath: //button[contains(text(),'Logout')]]
verify tab[[ChromeDriver: chrome on WINDOWS (1779389475f5b1b6a39a0869e4513b02)] -> xpath: //button[contains(text(),'Logout')]]
verify tab[[ChromeDriver: chrome on WINDOWS (1779389475f5b1b6a39a0869e4513b02)] -> xpath: //button[contains(text(),'Logout')]]
verify tab[[ChromeDriver: chrome on WINDOWS (1779389475f5b1b6a39a0869e4513b02)] -> xpath: //button[contains(text(),'Logout')]]
verify tab[[ChromeDriver: chrome on WINDOWS (1779389475f5b1b6a39a0869e4513b02)] -> xpath: //button[contains(text(),'Logout')]]
verify tab[[ChromeDriver: chrome on WINDOWS (1779389475f5b1b6a39a0869e4513b02)] -> xpath: //button[contains(text(),'Logout')]]
verify tab[[ChromeDriver: chrome on WINDOWS (1779389475f5b1b6a39a0869e4513b02)] -> xpath: //button[contains(text(),'Logout')]]
verify tab[[ChromeDriver: chrome on WINDOWS (1779389475f5b1b6a39a0869e4513b02)] -> xpath: //button[contains(text(),'Logout')]]
verify tab[[ChromeDriver: chrome on WINDOWS (1779389475f5b1b6a39a0869e4513b02)] -> xpath: //button[contains(text(),'Logout')]]
verify tab[[ChromeDriver: chrome on WINDOWS (1779389475f5b1b6a39a0869e4513b02)] -> xpath: //button[contains(text(),'Logout')]]
verify tab[[ChromeDriver: chrome on WINDOWS (1779389475f5b1b6a39a0869e4513b02)] -> xpath: //button[contains(text(),'Logout')]]
verify tab[[ChromeDriver: chrome on WINDOWS (1779389475f5b1b6a39a0869e4513b02)] -> xpath: //button[contains(text(),'Logout')]]
verify tab[[ChromeDriver: chrome on WINDOWS (1779389475f5b1b6a39a0869e4513b02)] -> xpath: //button[contains(text(),'Logout')]]
verify tab[[ChromeDriver: chrome on WINDOWS (1779389475f5b1b6a39a0869e4513b02)] -> xpath: //button[contains(text(),'Logout')]]
verify tab[[ChromeDriver: chrome on WINDOWS (1779389475f5b1b6a39a0869e4513b02)] -> xpath: //button[contains(text(),'Logout')]]
verify tab[[ChromeDriver: chrome on WINDOWS (1779389475f5b1b6a39a0869e4513b02)] -> xpath: //button[contains(text(),'Logout')]]
verify tab[[ChromeDriver: chrome on WINDOWS (1779389475f5b1b6a39a0869e4513b02)] -> xpath: //button[contains(text(),'Logout')]]
verify tab[[ChromeDriver: chrome on WINDOWS (1779389475f5b1b6a39a0869e4513b02)] -> xpath: //button[contains(text(),'Logout')]]
verify tab[[ChromeDriver: chrome on WINDOWS (1779389475f5b1b6a39a0869e4513b02)] -> xpath: //button[contains(text(),'Logout')]]
verify tab[[ChromeDriver: chrome on WINDOWS (1779389475f5b1b6a39a0869e4513b02)] -> xpath: //button[contains(text(),'Logout')]]
verify tab[[ChromeDriver: chrome on WINDOWS (1779389475f5b1b6a39a0869e4513b02)] -> xpath: //button[contains(text(),'Logout')]]
verify tab[[ChromeDriver: chrome on WINDOWS (1779389475f5b1b6a39a0869e4513b02)] -> xpath: //button[contains(text(),'Logout')]]
verify tab[[ChromeDriver: chrome on WINDOWS (1779389475f5b1b6a39a0869e4513b02)] -> xpath: //button[contains(text(),'Logout')]]
verify tab[[ChromeDriver: chrome on WINDOWS (1779389475f5b1b6a39a0869e4513b02)] -> xpath: //button[contains(text(),'Logout')]]
verify tab[[ChromeDriver: chrome on WINDOWS (1779389475f5b1b6a39a0869e4513b02)] -> xpath: //button[contains(text(),'Logout')]]
verify tab[[ChromeDriver: chrome on WINDOWS (1779389475f5b1b6a39a0869e4513b02)] -> xpath: //button[contains(text(),'Logout')]]
verify tab[[ChromeDriver: chrome on WINDOWS (1779389475f5b1b6a39a0869e4513b02)] -> xpath: //button[contains(text(),'Logout')]]
verify tab[[ChromeDriver: chrome on WINDOWS (1779389475f5b1b6a39a0869e4513b02)] -> xpath: //button[contains(text(),'Logout')]]
verify tab[[ChromeDriver: chrome on WINDOWS (1779389475f5b1b6a39a0869e4513b02)] -> xpath: //button[contains(text(),'Logout')]]
verify tab[[ChromeDriver: chrome on WINDOWS (1779389475f5b1b6a39a0869e4513b02)] -> xpath: //button[contains(text(),'Logout')]]
verify tab[[ChromeDriver: chrome on WINDOWS (1779389475f5b1b6a39a0869e4513b02)] -> xpath: //button[contains(text(),'Logout')]]
verify tab[[ChromeDriver: chrome on WINDOWS (1779389475f5b1b6a39a0869e4513b02)] -> xpath: //button[contains(text(),'Logout')]]
verify tab[[ChromeDriver: chrome on WINDOWS (1779389475f5b1b6a39a0869e4513b02)] -> xpath: //button[contains(text(),'Logout')]]
verify tab[[ChromeDriver: chrome on WINDOWS (1779389475f5b1b6a39a0869e4513b02)] -> xpath: //button[contains(text(),'Logout')]]
verify tab[[ChromeDriver: chrome on WINDOWS (1779389475f5b1b6a39a0869e4513b02)] -> xpath: //button[contains(text(),'Logout')]]
verify tab[[ChromeDriver: chrome on WINDOWS (1779389475f5b1b6a39a0869e4513b02)] -> xpath: //button[contains(text(),'Logout')]]
verify tab[[ChromeDriver: chrome on WINDOWS (1779389475f5b1b6a39a0869e4513b02)] -> xpath: //button[contains(text(),'Logout')]]
verify tab[[ChromeDriver: chrome on WINDOWS (1779389475f5b1b6a39a0869e4513b02)] -> xpath: //button[contains(text(),'Logout')]]
verify tab[[ChromeDriver: chrome on WINDOWS (1779389475f5b1b6a39a0869e4513b02)] -> xpath: //button[contains(text(),'Logout')]]
verify tab[[ChromeDriver: chrome on WINDOWS (1779389475f5b1b6a39a0869e4513b02)] -> xpath: //button[contains(text(),'Logout')]]
verify tab[[ChromeDriver: chrome on WINDOWS (1779389475f5b1b6a39a0869e4513b02)] -> xpath: //button[contains(text(),'Logout')]]
verify tab[[ChromeDriver: chrome on WINDOWS (1779389475f5b1b6a39a0869e4513b02)] -> xpath: //button[contains(text(),'Logout')]]
verify tab[[ChromeDriver: chrome on WINDOWS (1779389475f5b1b6a39a0869e4513b02)] -> xpath: //button[contains(text(),'Logout')]]
verify tab[[ChromeDriver: chrome on WINDOWS (1779389475f5b1b6a39a0869e4513b02)] -> xpath: //button[contains(text(),'Logout')]]
verify tab[[ChromeDriver: chrome on WINDOWS (1779389475f5b1b6a39a0869e4513b02)] -> xpath: //button[contains(text(),'Logout')]]
verify tab[[ChromeDriver: chrome on WINDOWS (1779389475f5b1b6a39a0869e4513b02)] -> xpath: //button[contains(text(),'Logout')]]
verify tab[[ChromeDriver: chrome on WINDOWS (1779389475f5b1b6a39a0869e4513b02)] -> xpath: //button[contains(text(),'Logout')]]
verify tab[[ChromeDriver: chrome on WINDOWS (1779389475f5b1b6a39a0869e4513b02)] -> xpath: //button[contains(text(),'Logout')]]
verify tab[[ChromeDriver: chrome on WINDOWS (1779389475f5b1b6a39a0869e4513b02)] -> xpath: //button[contains(text(),'Logout')]]
verify tab[[ChromeDriver: chrome on WINDOWS (1779389475f5b1b6a39a0869e4513b02)] -> xpath: //button[contains(text(),'Logout')]]
verify tab[[ChromeDriver: chrome on WINDOWS (1779389475f5b1b6a39a0869e4513b02)] -> xpath: //button[contains(text(),'Logout')]]
verify tab[[ChromeDriver: chrome on WINDOWS (1779389475f5b1b6a39a0869e4513b02)] -> xpath: //button[contains(text(),'Logout')]]
verify tab[[ChromeDriver: chrome on WINDOWS (1779389475f5b1b6a39a0869e4513b02)] -> xpath: //button[contains(text(),'Logout')]]
verify tab[[ChromeDriver: chrome on WINDOWS (1779389475f5b1b6a39a0869e4513b02)] -> xpath: //button[contains(text(),'Logout')]]
verify tab[[ChromeDriver: chrome on WINDOWS (1779389475f5b1b6a39a0869e4513b02)] -> xpath: //button[contains(text(),'Logout')]]
verify tab[[ChromeDriver: chrome on WINDOWS (1779389475f5b1b6a39a0869e4513b02)] -> xpath: //button[contains(text(),'Logout')]]
verify tab[[ChromeDriver: chrome on WINDOWS (1779389475f5b1b6a39a0869e4513b02)] -> xpath: //button[contains(text(),'Logout')]]
verify tab[[ChromeDriver: chrome on WINDOWS (1779389475f5b1b6a39a0869e4513b02)] -> xpath: //button[contains(text(),'Logout')]]
verify tab[[ChromeDriver: chrome on WINDOWS (1779389475f5b1b6a39a0869e4513b02)] -> xpath: //button[contains(text(),'Logout')]]
verify tab[[ChromeDriver: chrome on WINDOWS (1779389475f5b1b6a39a0869e4513b02)] -> xpath: //button[contains(text(),'Logout')]]
verify tab[[ChromeDriver: chrome on WINDOWS (1779389475f5b1b6a39a0869e4513b02)] -> xpath: //button[contains(text(),'Logout')]]
verify tab[[ChromeDriver: chrome on WINDOWS (1779389475f5b1b6a39a0869e4513b02)] -> xpath: //button[contains(text(),'Logout')]]
verify tab[[ChromeDriver: chrome on WINDOWS (1779389475f5b1b6a39a0869e4513b02)] -> xpath: //button[contains(text(),'Logout')]]
verify tab[[ChromeDriver: chrome on WINDOWS (1779389475f5b1b6a39a0869e4513b02)] -> xpath: //button[contains(text(),'Logout')]]
verify tab[[ChromeDriver: chrome on WINDOWS (1779389475f5b1b6a39a0869e4513b02)] -> xpath: //button[contains(text(),'Logout')]]
verify tab[[ChromeDriver: chrome on WINDOWS (1779389475f5b1b6a39a0869e4513b02)] -> xpath: //button[contains(text(),'Logout')]]
verify tab[[ChromeDriver: chrome on WINDOWS (1779389475f5b1b6a39a0869e4513b02)] -> xpath: //button[contains(text(),'Logout')]]
verify tab[[ChromeDriver: chrome on WINDOWS (1779389475f5b1b6a39a0869e4513b02)] -> xpath: //button[contains(text(),'Logout')]]
verify tab[[ChromeDriver: chrome on WINDOWS (1779389475f5b1b6a39a0869e4513b02)] -> xpath: //button[contains(text(),'Logout')]]
verify tab[[ChromeDriver: chrome on WINDOWS (1779389475f5b1b6a39a0869e4513b02)] -> xpath: //button[contains(text(),'Logout')]]
verify tab[[ChromeDriver: chrome on WINDOWS (1779389475f5b1b6a39a0869e4513b02)] -> xpath: //button[contains(text(),'Logout')]]
verify tab[[ChromeDriver: chrome on WINDOWS (1779389475f5b1b6a39a0869e4513b02)] -> xpath: //button[contains(text(),'Logout')]]
verify tab[[ChromeDriver: chrome on WINDOWS (1779389475f5b1b6a39a0869e4513b02)] -> xpath: //button[contains(text(),'Logout')]]
verify tab[[ChromeDriver: chrome on WINDOWS (1779389475f5b1b6a39a0869e4513b02)] -> xpath: //button[contains(text(),'Logout')]]
verify tab[[ChromeDriver: chrome on WINDOWS (1779389475f5b1b6a39a0869e4513b02)] -> xpath: //button[contains(text(),'Logout')]]
verify tab[[ChromeDriver: chrome on WINDOWS (1779389475f5b1b6a39a0869e4513b02)] -> xpath: //button[contains(text(),'Logout')]]
verify tab[[ChromeDriver: chrome on WINDOWS (1779389475f5b1b6a39a0869e4513b02)] -> xpath: //button[contains(text(),'Logout')]]
verify tab[[ChromeDriver: chrome on WINDOWS (1779389475f5b1b6a39a0869e4513b02)] -> xpath: //button[contains(text(),'Logout')]]
verify tab[[ChromeDriver: chrome on WINDOWS (1779389475f5b1b6a39a0869e4513b02)] -> xpath: //button[contains(text(),'Logout')]]
verify tab[[ChromeDriver: chrome on WINDOWS (1779389475f5b1b6a39a0869e4513b02)] -> xpath: //button[contains(text(),'Logout')]]
verify tab[[ChromeDriver: chrome on WINDOWS (1779389475f5b1b6a39a0869e4513b02)] -> xpath: //button[contains(text(),'Logout')]]
verify tab[[ChromeDriver: chrome on WINDOWS (1779389475f5b1b6a39a0869e4513b02)] -> xpath: //button[contains(text(),'Logout')]]
verify tab[[ChromeDriver: chrome on WINDOWS (1779389475f5b1b6a39a0869e4513b02)] -> xpath: //button[contains(text(),'Logout')]]
verify tab[[ChromeDriver: chrome on WINDOWS (1779389475f5b1b6a39a0869e4513b02)] -> xpath: //button[contains(text(),'Logout')]]
verify tab[[ChromeDriver: chrome on WINDOWS (1779389475f5b1b6a39a0869e4513b02)] -> xpath: //button[contains(text(),'Logout')]]
verify tab[[ChromeDriver: chrome on WINDOWS (1779389475f5b1b6a39a0869e4513b02)] -> xpath: //button[contains(text(),'Logout')]]
verify tab[[ChromeDriver: chrome on WINDOWS (1779389475f5b1b6a39a0869e4513b02)] -> xpath: //button[contains(text(),'Logout')]]
verify tab[[ChromeDriver: chrome on WINDOWS (1779389475f5b1b6a39a0869e4513b02)] -> xpath: //button[contains(text(),'Logout')]]
verify tab[[ChromeDriver: chrome on WINDOWS (1779389475f5b1b6a39a0869e4513b02)] -> xpath: //button[contains(text(),'Logout')]]
verify tab[[ChromeDriver: chrome on WINDOWS (1779389475f5b1b6a39a0869e4513b02)] -> xpath: //button[contains(text(),'Logout')]]
verify tab[[ChromeDriver: chrome on WINDOWS (1779389475f5b1b6a39a0869e4513b02)] -> xpath: //button[contains(text(),'Logout')]]
verify tab[[ChromeDriver: chrome on WINDOWS (1779389475f5b1b6a39a0869e4513b02)] -> xpath: //button[contains(text(),'Logout')]]
verify tab[[ChromeDriver: chrome on WINDOWS (1779389475f5b1b6a39a0869e4513b02)] -> xpath: //button[contains(text(),'Logout')]]
verify tab[[ChromeDriver: chrome on WINDOWS (1779389475f5b1b6a39a0869e4513b02)] -> xpath: //button[contains(text(),'Logout')]]
verify tab[[ChromeDriver: chrome on WINDOWS (1779389475f5b1b6a39a0869e4513b02)] -> xpath: //button[contains(text(),'Logout')]]
verify tab[[ChromeDriver: chrome on WINDOWS (1779389475f5b1b6a39a0869e4513b02)] -> xpath: //button[contains(text(),'Logout')]]
verify tab[[ChromeDriver: chrome on WINDOWS (1779389475f5b1b6a39a0869e4513b02)] -> xpath: //button[contains(text(),'Logout')]]
verify tab[[ChromeDriver: chrome on WINDOWS (1779389475f5b1b6a39a0869e4513b02)] -> xpath: //button[contains(text(),'Logout')]]
verify tab[[ChromeDriver: chrome on WINDOWS (1779389475f5b1b6a39a0869e4513b02)] -> xpath: //button[contains(text(),'Logout')]]
verify tab[[ChromeDriver: chrome on WINDOWS (1779389475f5b1b6a39a0869e4513b02)] -> xpath: //button[contains(text(),'Logout')]]
verify tab[[ChromeDriver: chrome on WINDOWS (1779389475f5b1b6a39a0869e4513b02)] -> xpath: //button[contains(text(),'Logout')]]
verify tab[[ChromeDriver: chrome on WINDOWS (1779389475f5b1b6a39a0869e4513b02)] -> xpath: //button[contains(text(),'Logout')]]
verify tab[[ChromeDriver: chrome on WINDOWS (1779389475f5b1b6a39a0869e4513b02)] -> xpath: //button[contains(text(),'Logout')]]
verify tab[[ChromeDriver: chrome on WINDOWS (1779389475f5b1b6a39a0869e4513b02)] -> xpath: //button[contains(text(),'Logout')]]
verify tab[[ChromeDriver: chrome on WINDOWS (1779389475f5b1b6a39a0869e4513b02)] -> xpath: //button[contains(text(),'Logout')]]
verify tab[[ChromeDriver: chrome on WINDOWS (1779389475f5b1b6a39a0869e4513b02)] -> xpath: //button[contains(text(),'Logout')]]
verify tab[[ChromeDriver: chrome on WINDOWS (1779389475f5b1b6a39a0869e4513b02)] -> xpath: //button[contains(text(),'Logout')]]
verify tab[[ChromeDriver: chrome on WINDOWS (1779389475f5b1b6a39a0869e4513b02)] -> xpath: //button[contains(text(),'Logout')]]
verify tab[[ChromeDriver: chrome on WINDOWS (1779389475f5b1b6a39a0869e4513b02)] -> xpath: //button[contains(text(),'Logout')]]
verify tab[[ChromeDriver: chrome on WINDOWS (1779389475f5b1b6a39a0869e4513b02)] -> xpath: //button[contains(text(),'Logout')]]
verify tab[[ChromeDriver: chrome on WINDOWS (1779389475f5b1b6a39a0869e4513b02)] -> xpath: //button[contains(text(),'Logout')]]
verify tab[[ChromeDriver: chrome on WINDOWS (1779389475f5b1b6a39a0869e4513b02)] -> xpath: //button[contains(text(),'Logout')]]
verify tab[[ChromeDriver: chrome on WINDOWS (1779389475f5b1b6a39a0869e4513b02)] -> xpath: //button[contains(text(),'Logout')]]
verify tab[[ChromeDriver: chrome on WINDOWS (1779389475f5b1b6a39a0869e4513b02)] -> xpath: //button[contains(text(),'Logout')]]
verify tab[[ChromeDriver: chrome on WINDOWS (1779389475f5b1b6a39a0869e4513b02)] -> xpath: //button[contains(text(),'Logout')]]
verify tab[[ChromeDriver: chrome on WINDOWS (1779389475f5b1b6a39a0869e4513b02)] -> xpath: //button[contains(text(),'Logout')]]
verify tab[[ChromeDriver: chrome on WINDOWS (1779389475f5b1b6a39a0869e4513b02)] -> xpath: //button[contains(text(),'Logout')]]
verify tab[[ChromeDriver: chrome on WINDOWS (1779389475f5b1b6a39a0869e4513b02)] -> xpath: //button[contains(text(),'Logout')]]
verify tab[[ChromeDriver: chrome on WINDOWS (1779389475f5b1b6a39a0869e4513b02)] -> xpath: //button[contains(text(),'Logout')]]
verify tab[[ChromeDriver: chrome on WINDOWS (1779389475f5b1b6a39a0869e4513b02)] -> xpath: //button[contains(text(),'Logout')]]
verify tab[[ChromeDriver: chrome on WINDOWS (1779389475f5b1b6a39a0869e4513b02)] -> xpath: //button[contains(text(),'Logout')]]
verify tab[[ChromeDriver: chrome on WINDOWS (1779389475f5b1b6a39a0869e4513b02)] -> xpath: //button[contains(text(),'Logout')]]
verify tab[[ChromeDriver: chrome on WINDOWS (1779389475f5b1b6a39a0869e4513b02)] -> xpath: //button[contains(text(),'Logout')]]
verify tab[[ChromeDriver: chrome on WINDOWS (1779389475f5b1b6a39a0869e4513b02)] -> xpath: //button[contains(text(),'Logout')]]
verify tab[[ChromeDriver: chrome on WINDOWS (1779389475f5b1b6a39a0869e4513b02)] -> xpath: //button[contains(text(),'Logout')]]
verify tab[[ChromeDriver: chrome on WINDOWS (1779389475f5b1b6a39a0869e4513b02)] -> xpath: //button[contains(text(),'Logout')]]
verify tab[[ChromeDriver: chrome on WINDOWS (1779389475f5b1b6a39a0869e4513b02)] -> xpath: //button[contains(text(),'Logout')]]
verify tab[[ChromeDriver: chrome on WINDOWS (1779389475f5b1b6a39a0869e4513b02)] -> xpath: //button[contains(text(),'Logout')]]
verify tab[[ChromeDriver: chrome on WINDOWS (1779389475f5b1b6a39a0869e4513b02)] -> xpath: //button[contains(text(),'Logout')]]
verify tab[[ChromeDriver: chrome on WINDOWS (1779389475f5b1b6a39a0869e4513b02)] -> xpath: //button[contains(text(),'Logout')]]
verify tab[[ChromeDriver: chrome on WINDOWS (1779389475f5b1b6a39a0869e4513b02)] -> xpath: //button[contains(text(),'Logout')]]
verify tab[[ChromeDriver: chrome on WINDOWS (1779389475f5b1b6a39a0869e4513b02)] -> xpath: //button[contains(text(),'Logout')]]
verify tab[[ChromeDriver: chrome on WINDOWS (1779389475f5b1b6a39a0869e4513b02)] -> xpath: //button[contains(text(),'Logout')]]
verify tab[[ChromeDriver: chrome on WINDOWS (1779389475f5b1b6a39a0869e4513b02)] -> xpath: //button[contains(text(),'Logout')]]
verify tab[[ChromeDriver: chrome on WINDOWS (1779389475f5b1b6a39a0869e4513b02)] -> xpath: //button[contains(text(),'Logout')]]
verify tab[[ChromeDriver: chrome on WINDOWS (1779389475f5b1b6a39a0869e4513b02)] -> xpath: //button[contains(text(),'Logout')]]
verify tab[[ChromeDriver: chrome on WINDOWS (1779389475f5b1b6a39a0869e4513b02)] -> xpath: //button[contains(text(),'Logout')]]
verify tab[[ChromeDriver: chrome on WINDOWS (1779389475f5b1b6a39a0869e4513b02)] -> xpath: //button[contains(text(),'Logout')]]
verify tab[[ChromeDriver: chrome on WINDOWS (1779389475f5b1b6a39a0869e4513b02)] -> xpath: //button[contains(text(),'Logout')]]
verify tab[[ChromeDriver: chrome on WINDOWS (1779389475f5b1b6a39a0869e4513b02)] -> xpath: //button[contains(text(),'Logout')]]
verify tab[[ChromeDriver: chrome on WINDOWS (1779389475f5b1b6a39a0869e4513b02)] -> xpath: //button[contains(text(),'Logout')]]
verify tab[[ChromeDriver: chrome on WINDOWS (1779389475f5b1b6a39a0869e4513b02)] -> xpath: //button[contains(text(),'Logout')]]
verify tab[[ChromeDriver: chrome on WINDOWS (1779389475f5b1b6a39a0869e4513b02)] -> xpath: //button[contains(text(),'Logout')]]
verify tab[[ChromeDriver: chrome on WINDOWS (1779389475f5b1b6a39a0869e4513b02)] -> xpath: //button[contains(text(),'Logout')]]
verify tab[[ChromeDriver: chrome on WINDOWS (1779389475f5b1b6a39a0869e4513b02)] -> xpath: //button[contains(text(),'Logout')]]
verify tab[[ChromeDriver: chrome on WINDOWS (1779389475f5b1b6a39a0869e4513b02)] -> xpath: //button[contains(text(),'Logout')]]
verify tab[[ChromeDriver: chrome on WINDOWS (1779389475f5b1b6a39a0869e4513b02)] -> xpath: //button[contains(text(),'Logout')]]
verify tab[[ChromeDriver: chrome on WINDOWS (1779389475f5b1b6a39a0869e4513b02)] -> xpath: //button[contains(text(),'Logout')]]
verify tab[[ChromeDriver: chrome on WINDOWS (1779389475f5b1b6a39a0869e4513b02)] -> xpath: //button[contains(text(),'Logout')]]
verify tab[[ChromeDriver: chrome on WINDOWS (1779389475f5b1b6a39a0869e4513b02)] -> xpath: //button[contains(text(),'Logout')]]
verify tab[[ChromeDriver: chrome on WINDOWS (1779389475f5b1b6a39a0869e4513b02)] -> xpath: //button[contains(text(),'Logout')]]
verify tab[[ChromeDriver: chrome on WINDOWS (1779389475f5b1b6a39a0869e4513b02)] -> xpath: //button[contains(text(),'Logout')]]
verify tab[[ChromeDriver: chrome on WINDOWS (1779389475f5b1b6a39a0869e4513b02)] -> xpath: //button[contains(text(),'Logout')]]
verify tab[[ChromeDriver: chrome on WINDOWS (1779389475f5b1b6a39a0869e4513b02)] -> xpath: //button[contains(text(),'Logout')]]
verify tab[[ChromeDriver: chrome on WINDOWS (1779389475f5b1b6a39a0869e4513b02)] -> xpath: //button[contains(text(),'Logout')]]
verify tab[[ChromeDriver: chrome on WINDOWS (1779389475f5b1b6a39a0869e4513b02)] -> xpath: //button[contains(text(),'Logout')]]
verify tab[[ChromeDriver: chrome on WINDOWS (1779389475f5b1b6a39a0869e4513b02)] -> xpath: //button[contains(text(),'Logout')]]
verify tab[[ChromeDriver: chrome on WINDOWS (1779389475f5b1b6a39a0869e4513b02)] -> xpath: //button[contains(text(),'Logout')]]
verify tab[[ChromeDriver: chrome on WINDOWS (1779389475f5b1b6a39a0869e4513b02)] -> xpath: //button[contains(text(),'Logout')]]
verify tab[[ChromeDriver: chrome on WINDOWS (1779389475f5b1b6a39a0869e4513b02)] -> xpath: //button[contains(text(),'Logout')]]
verify tab[[ChromeDriver: chrome on WINDOWS (1779389475f5b1b6a39a0869e4513b02)] -> xpath: //button[contains(text(),'Logout')]]
verify tab[[ChromeDriver: chrome on WINDOWS (1779389475f5b1b6a39a0869e4513b02)] -> xpath: //button[contains(text(),'Logout')]]
verify tab[[ChromeDriver: chrome on WINDOWS (1779389475f5b1b6a39a0869e4513b02)] -> xpath: //button[contains(text(),'Logout')]]
verify tab[[ChromeDriver: chrome on WINDOWS (1779389475f5b1b6a39a0869e4513b02)] -> xpath: //button[contains(text(),'Logout')]]
verify tab[[ChromeDriver: chrome on WINDOWS (1779389475f5b1b6a39a0869e4513b02)] -> xpath: //button[contains(text(),'Logout')]]
verify tab[[ChromeDriver: chrome on WINDOWS (1779389475f5b1b6a39a0869e4513b02)] -> xpath: //button[contains(text(),'Logout')]]
verify tab[[ChromeDriver: chrome on WINDOWS (1779389475f5b1b6a39a0869e4513b02)] -> xpath: //button[contains(text(),'Logout')]]
verify tab[[ChromeDriver: chrome on WINDOWS (1779389475f5b1b6a39a0869e4513b02)] -> xpath: //button[contains(text(),'Logout')]]
verify tab[[ChromeDriver: chrome on WINDOWS (1779389475f5b1b6a39a0869e4513b02)] -> xpath: //button[contains(text(),'Logout')]]
verify tab[[ChromeDriver: chrome on WINDOWS (1779389475f5b1b6a39a0869e4513b02)] -> xpath: //button[contains(text(),'Logout')]]
verify tab[[ChromeDriver: chrome on WINDOWS (1779389475f5b1b6a39a0869e4513b02)] -> xpath: //button[contains(text(),'Logout')]]
verify tab[[ChromeDriver: chrome on WINDOWS (1779389475f5b1b6a39a0869e4513b02)] -> xpath: //button[contains(text(),'Logout')]]
verify tab[[ChromeDriver: chrome on WINDOWS (1779389475f5b1b6a39a0869e4513b02)] -> xpath: //button[contains(text(),'Logout')]]
verify tab[[ChromeDriver: chrome on WINDOWS (1779389475f5b1b6a39a0869e4513b02)] -> xpath: //button[contains(text(),'Logout')]]
verify tab[[ChromeDriver: chrome on WINDOWS (1779389475f5b1b6a39a0869e4513b02)] -> xpath: //button[contains(text(),'Logout')]]
verify tab[[ChromeDriver: chrome on WINDOWS (1779389475f5b1b6a39a0869e4513b02)] -> xpath: //button[contains(text(),'Logout')]]
verify tab[[ChromeDriver: chrome on WINDOWS (1779389475f5b1b6a39a0869e4513b02)] -> xpath: //button[contains(text(),'Logout')]]
verify tab[[ChromeDriver: chrome on WINDOWS (1779389475f5b1b6a39a0869e4513b02)] -> xpath: //button[contains(text(),'Logout')]]
verify tab[[ChromeDriver: chrome on WINDOWS (1779389475f5b1b6a39a0869e4513b02)] -> xpath: //button[contains(text(),'Logout')]]
verify tab[[ChromeDriver: chrome on WINDOWS (1779389475f5b1b6a39a0869e4513b02)] -> xpath: //button[contains(text(),'Logout')]]
verify tab[[ChromeDriver: chrome on WINDOWS (1779389475f5b1b6a39a0869e4513b02)] -> xpath: //button[contains(text(),'Logout')]]
verify tab[[ChromeDriver: chrome on WINDOWS (1779389475f5b1b6a39a0869e4513b02)] -> xpath: //button[contains(text(),'Logout')]]
verify tab[[ChromeDriver: chrome on WINDOWS (1779389475f5b1b6a39a0869e4513b02)] -> xpath: //button[contains(text(),'Logout')]]
verify tab[[ChromeDriver: chrome on WINDOWS (1779389475f5b1b6a39a0869e4513b02)] -> xpath: //button[contains(text(),'Logout')]]
verify tab[[ChromeDriver: chrome on WINDOWS (1779389475f5b1b6a39a0869e4513b02)] -> xpath: //button[contains(text(),'Logout')]]
verify tab[[ChromeDriver: chrome on WINDOWS (1779389475f5b1b6a39a0869e4513b02)] -> xpath: //button[contains(text(),'Logout')]]
verify tab[[ChromeDriver: chrome on WINDOWS (1779389475f5b1b6a39a0869e4513b02)] -> xpath: //button[contains(text(),'Logout')]]
verify tab[[ChromeDriver: chrome on WINDOWS (1779389475f5b1b6a39a0869e4513b02)] -> xpath: //button[contains(text(),'Logout')]]
verify tab[[ChromeDriver: chrome on WINDOWS (1779389475f5b1b6a39a0869e4513b02)] -> xpath: //button[contains(text(),'Logout')]]
verify tab[[ChromeDriver: chrome on WINDOWS (1779389475f5b1b6a39a0869e4513b02)] -> xpath: //button[contains(text(),'Logout')]]
verify tab[[ChromeDriver: chrome on WINDOWS (1779389475f5b1b6a39a0869e4513b02)] -> xpath: //button[contains(text(),'Logout')]]
verify tab[[ChromeDriver: chrome on WINDOWS (1779389475f5b1b6a39a0869e4513b02)] -> xpath: //button[contains(text(),'Logout')]]
verify tab[[ChromeDriver: chrome on WINDOWS (1779389475f5b1b6a39a0869e4513b02)] -> xpath: //button[contains(text(),'Logout')]]
verify tab[[ChromeDriver: chrome on WINDOWS (1779389475f5b1b6a39a0869e4513b02)] -> xpath: //button[contains(text(),'Logout')]]
verify tab[[ChromeDriver: chrome on WINDOWS (1779389475f5b1b6a39a0869e4513b02)] -> xpath: //button[contains(text(),'Logout')]]
verify tab[[ChromeDriver: chrome on WINDOWS (1779389475f5b1b6a39a0869e4513b02)] -> xpath: //button[contains(text(),'Logout')]]
verify tab[[ChromeDriver: chrome on WINDOWS (1779389475f5b1b6a39a0869e4513b02)] -> xpath: //button[contains(text(),'Logout')]]
verify tab[[ChromeDriver: chrome on WINDOWS (1779389475f5b1b6a39a0869e4513b02)] -> xpath: //button[contains(text(),'Logout')]]
verify tab[[ChromeDriver: chrome on WINDOWS (1779389475f5b1b6a39a0869e4513b02)] -> xpath: //button[contains(text(),'Logout')]]
verify tab[[ChromeDriver: chrome on WINDOWS (1779389475f5b1b6a39a0869e4513b02)] -> xpath: //button[contains(text(),'Logout')]]
verify tab[[ChromeDriver: chrome on WINDOWS (1779389475f5b1b6a39a0869e4513b02)] -> xpath: //button[contains(text(),'Logout')]]
verify tab[[ChromeDriver: chrome on WINDOWS (1779389475f5b1b6a39a0869e4513b02)] -> xpath: //button[contains(text(),'Logout')]]
verify tab[[ChromeDriver: chrome on WINDOWS (1779389475f5b1b6a39a0869e4513b02)] -> xpath: //button[contains(text(),'Logout')]]
verify tab[[ChromeDriver: chrome on WINDOWS (1779389475f5b1b6a39a0869e4513b02)] -> xpath: //button[contains(text(),'Logout')]]
verify tab[[ChromeDriver: chrome on WINDOWS (1779389475f5b1b6a39a0869e4513b02)] -> xpath: //button[contains(text(),'Logout')]]
verify tab[[ChromeDriver: chrome on WINDOWS (1779389475f5b1b6a39a0869e4513b02)] -> xpath: //button[contains(text(),'Logout')]]
verify tab[[ChromeDriver: chrome on WINDOWS (1779389475f5b1b6a39a0869e4513b02)] -> xpath: //button[contains(text(),'Logout')]]
verify tab[[ChromeDriver: chrome on WINDOWS (1779389475f5b1b6a39a0869e4513b02)] -> xpath: //button[contains(text(),'Logout')]]
verify tab[[ChromeDriver: chrome on WINDOWS (1779389475f5b1b6a39a0869e4513b02)] -> xpath: //button[contains(text(),'Logout')]]
verify tab[[ChromeDriver: chrome on WINDOWS (1779389475f5b1b6a39a0869e4513b02)] -> xpath: //button[contains(text(),'Logout')]]
verify tab[[ChromeDriver: chrome on WINDOWS (1779389475f5b1b6a39a0869e4513b02)] -> xpath: //button[contains(text(),'Logout')]]
verify tab[[ChromeDriver: chrome on WINDOWS (1779389475f5b1b6a39a0869e4513b02)] -> xpath: //button[contains(text(),'Logout')]]
verify tab[[ChromeDriver: chrome on WINDOWS (1779389475f5b1b6a39a0869e4513b02)] -> xpath: //button[contains(text(),'Logout')]]
verify tab[[ChromeDriver: chrome on WINDOWS (1779389475f5b1b6a39a0869e4513b02)] -> xpath: //button[contains(text(),'Logout')]]
verify tab[[ChromeDriver: chrome on WINDOWS (1779389475f5b1b6a39a0869e4513b02)] -> xpath: //button[contains(text(),'Logout')]]
verify tab[[ChromeDriver: chrome on WINDOWS (1779389475f5b1b6a39a0869e4513b02)] -> xpath: //button[contains(text(),'Logout')]]
verify tab[[ChromeDriver: chrome on WINDOWS (1779389475f5b1b6a39a0869e4513b02)] -> xpath: //button[contains(text(),'Logout')]]
verify tab[[ChromeDriver: chrome on WINDOWS (1779389475f5b1b6a39a0869e4513b02)] -> xpath: //button[contains(text(),'Logout')]]
verify tab[[ChromeDriver: chrome on WINDOWS (1779389475f5b1b6a39a0869e4513b02)] -> xpath: //button[contains(text(),'Logout')]]
verify tab[[ChromeDriver: chrome on WINDOWS (1779389475f5b1b6a39a0869e4513b02)] -> xpath: //button[contains(text(),'Logout')]]
verify tab[[ChromeDriver: chrome on WINDOWS (1779389475f5b1b6a39a0869e4513b02)] -> xpath: //button[contains(text(),'Logout')]]
verify tab[[ChromeDriver: chrome on WINDOWS (1779389475f5b1b6a39a0869e4513b02)] -> xpath: //button[contains(text(),'Logout')]]
verify tab[[ChromeDriver: chrome on WINDOWS (1779389475f5b1b6a39a0869e4513b02)] -> xpath: //button[contains(text(),'Logout')]]
verify tab[[ChromeDriver: chrome on WINDOWS (1779389475f5b1b6a39a0869e4513b02)] -> xpath: //button[contains(text(),'Logout')]]
verify tab[[ChromeDriver: chrome on WINDOWS (1779389475f5b1b6a39a0869e4513b02)] -> xpath: //button[contains(text(),'Logout')]]
verify tab[[ChromeDriver: chrome on WINDOWS (1779389475f5b1b6a39a0869e4513b02)] -> xpath: //button[contains(text(),'Logout')]]
verify tab[[ChromeDriver: chrome on WINDOWS (1779389475f5b1b6a39a0869e4513b02)] -> xpath: //button[contains(text(),'Logout')]]
verify tab[[ChromeDriver: chrome on WINDOWS (1779389475f5b1b6a39a0869e4513b02)] -> xpath: //button[contains(text(),'Logout')]]
verify tab[[ChromeDriver: chrome on WINDOWS (1779389475f5b1b6a39a0869e4513b02)] -> xpath: //button[contains(text(),'Logout')]]
verify tab[[ChromeDriver: chrome on WINDOWS (1779389475f5b1b6a39a0869e4513b02)] -> xpath: //button[contains(text(),'Logout')]]
verify tab[[ChromeDriver: chrome on WINDOWS (1779389475f5b1b6a39a0869e4513b02)] -> xpath: //button[contains(text(),'Logout')]]
verify tab[[ChromeDriver: chrome on WINDOWS (1779389475f5b1b6a39a0869e4513b02)] -> xpath: //button[contains(text(),'Logout')]]
verify tab[[ChromeDriver: chrome on WINDOWS (1779389475f5b1b6a39a0869e4513b02)] -> xpath: //button[contains(text(),'Logout')]]
verify tab[[ChromeDriver: chrome on WINDOWS (1779389475f5b1b6a39a0869e4513b02)] -> xpath: //button[contains(text(),'Logout')]]
verify tab[[ChromeDriver: chrome on WINDOWS (1779389475f5b1b6a39a0869e4513b02)] -> xpath: //button[contains(text(),'Logout')]]
verify tab[[ChromeDriver: chrome on WINDOWS (1779389475f5b1b6a39a0869e4513b02)] -> xpath: //button[contains(text(),'Logout')]]
verify tab[[ChromeDriver: chrome on WINDOWS (1779389475f5b1b6a39a0869e4513b02)] -> xpath: //button[contains(text(),'Logout')]]
verify tab[[ChromeDriver: chrome on WINDOWS (1779389475f5b1b6a39a0869e4513b02)] -> xpath: //button[contains(text(),'Logout')]]
verify tab[[ChromeDriver: chrome on WINDOWS (1779389475f5b1b6a39a0869e4513b02)] -> xpath: //button[contains(text(),'Logout')]]
verify tab[[ChromeDriver: chrome on WINDOWS (1779389475f5b1b6a39a0869e4513b02)] -> xpath: //button[contains(text(),'Logout')]]
verify tab[[ChromeDriver: chrome on WINDOWS (1779389475f5b1b6a39a0869e4513b02)] -> xpath: //button[contains(text(),'Logout')]]
verify tab[[ChromeDriver: chrome on WINDOWS (1779389475f5b1b6a39a0869e4513b02)] -> xpath: //button[contains(text(),'Logout')]]
verify tab[[ChromeDriver: chrome on WINDOWS (1779389475f5b1b6a39a0869e4513b02)] -> xpath: //button[contains(text(),'Logout')]]
verify tab[[ChromeDriver: chrome on WINDOWS (1779389475f5b1b6a39a0869e4513b02)] -> xpath: //button[contains(text(),'Logout')]]
verify tab[[ChromeDriver: chrome on WINDOWS (1779389475f5b1b6a39a0869e4513b02)] -> xpath: //button[contains(text(),'Logout')]]
verify tab[[ChromeDriver: chrome on WINDOWS (1779389475f5b1b6a39a0869e4513b02)] -> xpath: //button[contains(text(),'Logout')]]
verify tab[[ChromeDriver: chrome on WINDOWS (1779389475f5b1b6a39a0869e4513b02)] -> xpath: //button[contains(text(),'Logout')]]
verify tab[[ChromeDriver: chrome on WINDOWS (1779389475f5b1b6a39a0869e4513b02)] -> xpath: //button[contains(text(),'Logout')]]
verify tab[[ChromeDriver: chrome on WINDOWS (1779389475f5b1b6a39a0869e4513b02)] -> xpath: //button[contains(text(),'Logout')]]
verify tab[[ChromeDriver: chrome on WINDOWS (1779389475f5b1b6a39a0869e4513b02)] -> xpath: //button[contains(text(),'Logout')]]
verify tab[[ChromeDriver: chrome on WINDOWS (1779389475f5b1b6a39a0869e4513b02)] -> xpath: //button[contains(text(),'Logout')]]
verify tab[[ChromeDriver: chrome on WINDOWS (1779389475f5b1b6a39a0869e4513b02)] -> xpath: //button[contains(text(),'Logout')]]
verify tab[[ChromeDriver: chrome on WINDOWS (1779389475f5b1b6a39a0869e4513b02)] -> xpath: //button[contains(text(),'Logout')]]
verify tab[[ChromeDriver: chrome on WINDOWS (1779389475f5b1b6a39a0869e4513b02)] -> xpath: //button[contains(text(),'Logout')]]
verify tab[[ChromeDriver: chrome on WINDOWS (1779389475f5b1b6a39a0869e4513b02)] -> xpath: //button[contains(text(),'Logout')]]
verify tab[[ChromeDriver: chrome on WINDOWS (1779389475f5b1b6a39a0869e4513b02)] -> xpath: //button[contains(text(),'Logout')]]
verify tab[[ChromeDriver: chrome on WINDOWS (1779389475f5b1b6a39a0869e4513b02)] -> xpath: //button[contains(text(),'Logout')]]
verify tab[[ChromeDriver: chrome on WINDOWS (1779389475f5b1b6a39a0869e4513b02)] -> xpath: //button[contains(text(),'Logout')]]
verify tab[[ChromeDriver: chrome on WINDOWS (1779389475f5b1b6a39a0869e4513b02)] -> xpath: //button[contains(text(),'Logout')]]
verify tab[[ChromeDriver: chrome on WINDOWS (1779389475f5b1b6a39a0869e4513b02)] -> xpath: //button[contains(text(),'Logout')]]
verify tab[[ChromeDriver: chrome on WINDOWS (1779389475f5b1b6a39a0869e4513b02)] -> xpath: //button[contains(text(),'Logout')]]
verify tab[[ChromeDriver: chrome on WINDOWS (1779389475f5b1b6a39a0869e4513b02)] -> xpath: //button[contains(text(),'Logout')]]
verify tab[[ChromeDriver: chrome on WINDOWS (1779389475f5b1b6a39a0869e4513b02)] -> xpath: //button[contains(text(),'Logout')]]
verify tab[[ChromeDriver: chrome on WINDOWS (1779389475f5b1b6a39a0869e4513b02)] -> xpath: //button[contains(text(),'Logout')]]
verify tab[[ChromeDriver: chrome on WINDOWS (1779389475f5b1b6a39a0869e4513b02)] -> xpath: //button[contains(text(),'Logout')]]
verify tab[[ChromeDriver: chrome on WINDOWS (1779389475f5b1b6a39a0869e4513b02)] -> xpath: //button[contains(text(),'Logout')]]
verify tab[[ChromeDriver: chrome on WINDOWS (1779389475f5b1b6a39a0869e4513b02)] -> xpath: //button[contains(text(),'Logout')]]
verify tab[[ChromeDriver: chrome on WINDOWS (1779389475f5b1b6a39a0869e4513b02)] -> xpath: //button[contains(text(),'Logout')]]
verify tab[[ChromeDriver: chrome on WINDOWS (1779389475f5b1b6a39a0869e4513b02)] -> xpath: //button[contains(text(),'Logout')]]
verify tab[[ChromeDriver: chrome on WINDOWS (1779389475f5b1b6a39a0869e4513b02)] -> xpath: //button[contains(text(),'Logout')]]
verify tab[[ChromeDriver: chrome on WINDOWS (1779389475f5b1b6a39a0869e4513b02)] -> xpath: //button[contains(text(),'Logout')]]
verify tab[[ChromeDriver: chrome on WINDOWS (1779389475f5b1b6a39a0869e4513b02)] -> xpath: //button[contains(text(),'Logout')]]
verify tab[[ChromeDriver: chrome on WINDOWS (1779389475f5b1b6a39a0869e4513b02)] -> xpath: //button[contains(text(),'Logout')]]
verify tab[[ChromeDriver: chrome on WINDOWS (1779389475f5b1b6a39a0869e4513b02)] -> xpath: //button[contains(text(),'Logout')]]
verify tab[[ChromeDriver: chrome on WINDOWS (1779389475f5b1b6a39a0869e4513b02)] -> xpath: //button[contains(text(),'Logout')]]
verify tab[[ChromeDriver: chrome on WINDOWS (1779389475f5b1b6a39a0869e4513b02)] -> xpath: //button[contains(text(),'Logout')]]
verify tab[[ChromeDriver: chrome on WINDOWS (1779389475f5b1b6a39a0869e4513b02)] -> xpath: //button[contains(text(),'Logout')]]
verify tab[[ChromeDriver: chrome on WINDOWS (1779389475f5b1b6a39a0869e4513b02)] -> xpath: //button[contains(text(),'Logout')]]
verify tab[[ChromeDriver: chrome on WINDOWS (1779389475f5b1b6a39a0869e4513b02)] -> xpath: //button[contains(text(),'Logout')]]
verify tab[[ChromeDriver: chrome on WINDOWS (1779389475f5b1b6a39a0869e4513b02)] -> xpath: //button[contains(text(),'Logout')]]
verify tab[[ChromeDriver: chrome on WINDOWS (1779389475f5b1b6a39a0869e4513b02)] -> xpath: //button[contains(text(),'Logout')]]
verify tab[[ChromeDriver: chrome on WINDOWS (1779389475f5b1b6a39a0869e4513b02)] -> xpath: //button[contains(text(),'Logout')]]
verify tab[[ChromeDriver: chrome on WINDOWS (1779389475f5b1b6a39a0869e4513b02)] -> xpath: //button[contains(text(),'Logout')]]
verify tab[[ChromeDriver: chrome on WINDOWS (1779389475f5b1b6a39a0869e4513b02)] -> xpath: //button[contains(text(),'Logout')]]
verify tab[[ChromeDriver: chrome on WINDOWS (1779389475f5b1b6a39a0869e4513b02)] -> xpath: //button[contains(text(),'Logout')]]
verify tab[[ChromeDriver: chrome on WINDOWS (1779389475f5b1b6a39a0869e4513b02)] -> xpath: //button[contains(text(),'Logout')]]
verify tab[[ChromeDriver: chrome on WINDOWS (1779389475f5b1b6a39a0869e4513b02)] -> xpath: //button[contains(text(),'Logout')]]
verify tab[[ChromeDriver: chrome on WINDOWS (1779389475f5b1b6a39a0869e4513b02)] -> xpath: //button[contains(text(),'Logout')]]
verify tab[[ChromeDriver: chrome on WINDOWS (1779389475f5b1b6a39a0869e4513b02)] -> xpath: //button[contains(text(),'Logout')]]
verify tab[[ChromeDriver: chrome on WINDOWS (1779389475f5b1b6a39a0869e4513b02)] -> xpath: //button[contains(text(),'Logout')]]
verify tab[[ChromeDriver: chrome on WINDOWS (1779389475f5b1b6a39a0869e4513b02)] -> xpath: //button[contains(text(),'Logout')]]
verify tab[[ChromeDriver: chrome on WINDOWS (1779389475f5b1b6a39a0869e4513b02)] -> xpath: //button[contains(text(),'Logout')]]
verify tab[[ChromeDriver: chrome on WINDOWS (1779389475f5b1b6a39a0869e4513b02)] -> xpath: //button[contains(text(),'Logout')]]
verify tab[[ChromeDriver: chrome on WINDOWS (1779389475f5b1b6a39a0869e4513b02)] -> xpath: //button[contains(text(),'Logout')]]
verify tab[[ChromeDriver: chrome on WINDOWS (1779389475f5b1b6a39a0869e4513b02)] -> xpath: //button[contains(text(),'Logout')]]
verify tab[[ChromeDriver: chrome on WINDOWS (1779389475f5b1b6a39a0869e4513b02)] -> xpath: //button[contains(text(),'Logout')]]
verify tab[[ChromeDriver: chrome on WINDOWS (1779389475f5b1b6a39a0869e4513b02)] -> xpath: //button[contains(text(),'Logout')]]
verify tab[[ChromeDriver: chrome on WINDOWS (1779389475f5b1b6a39a0869e4513b02)] -> xpath: //button[contains(text(),'Logout')]]
verify tab[[ChromeDriver: chrome on WINDOWS (1779389475f5b1b6a39a0869e4513b02)] -> xpath: //button[contains(text(),'Logout')]]
verify tab[[ChromeDriver: chrome on WINDOWS (1779389475f5b1b6a39a0869e4513b02)] -> xpath: //button[contains(text(),'Logout')]]
verify tab[[ChromeDriver: chrome on WINDOWS (1779389475f5b1b6a39a0869e4513b02)] -> xpath: //button[contains(text(),'Logout')]]
verify tab[[ChromeDriver: chrome on WINDOWS (1779389475f5b1b6a39a0869e4513b02)] -> xpath: //button[contains(text(),'Logout')]]
verify tab[[ChromeDriver: chrome on WINDOWS (1779389475f5b1b6a39a0869e4513b02)] -> xpath: //button[contains(text(),'Logout')]]
verify tab[[ChromeDriver: chrome on WINDOWS (1779389475f5b1b6a39a0869e4513b02)] -> xpath: //button[contains(text(),'Logout')]]
verify tab[[ChromeDriver: chrome on WINDOWS (1779389475f5b1b6a39a0869e4513b02)] -> xpath: //button[contains(text(),'Logout')]]
verify tab[[ChromeDriver: chrome on WINDOWS (1779389475f5b1b6a39a0869e4513b02)] -> xpath: //button[contains(text(),'Logout')]]
verify tab[[ChromeDriver: chrome on WINDOWS (1779389475f5b1b6a39a0869e4513b02)] -> xpath: //button[contains(text(),'Logout')]]
verify tab[[ChromeDriver: chrome on WINDOWS (1779389475f5b1b6a39a0869e4513b02)] -> xpath: //button[contains(text(),'Logout')]]
verify tab[[ChromeDriver: chrome on WINDOWS (1779389475f5b1b6a39a0869e4513b02)] -> xpath: //button[contains(text(),'Logout')]]
verify tab[[ChromeDriver: chrome on WINDOWS (1779389475f5b1b6a39a0869e4513b02)] -> xpath: //button[contains(text(),'Logout')]]
verify tab[[ChromeDriver: chrome on WINDOWS (1779389475f5b1b6a39a0869e4513b02)] -> xpath: //button[contains(text(),'Logout')]]
verify tab[[ChromeDriver: chrome on WINDOWS (1779389475f5b1b6a39a0869e4513b02)] -> xpath: //button[contains(text(),'Logout')]]
verify tab[[ChromeDriver: chrome on WINDOWS (1779389475f5b1b6a39a0869e4513b02)] -> xpath: //button[contains(text(),'Logout')]]
verify tab[[ChromeDriver: chrome on WINDOWS (1779389475f5b1b6a39a0869e4513b02)] -> xpath: //button[contains(text(),'Logout')]]
verify tab[[ChromeDriver: chrome on WINDOWS (1779389475f5b1b6a39a0869e4513b02)] -> xpath: //button[contains(text(),'Logout')]]
verify tab[[ChromeDriver: chrome on WINDOWS (1779389475f5b1b6a39a0869e4513b02)] -> xpath: //button[contains(text(),'Logout')]]
verify tab[[ChromeDriver: chrome on WINDOWS (1779389475f5b1b6a39a0869e4513b02)] -> xpath: //button[contains(text(),'Logout')]]
verify tab[[ChromeDriver: chrome on WINDOWS (1779389475f5b1b6a39a0869e4513b02)] -> xpath: //button[contains(text(),'Logout')]]
verify tab[[ChromeDriver: chrome on WINDOWS (1779389475f5b1b6a39a0869e4513b02)] -> xpath: //button[contains(text(),'Logout')]]
verify tab[[ChromeDriver: chrome on WINDOWS (1779389475f5b1b6a39a0869e4513b02)] -> xpath: //button[contains(text(),'Logout')]]
verify tab[[ChromeDriver: chrome on WINDOWS (1779389475f5b1b6a39a0869e4513b02)] -> xpath: //button[contains(text(),'Logout')]]
verify tab[[ChromeDriver: chrome on WINDOWS (1779389475f5b1b6a39a0869e4513b02)] -> xpath: //button[contains(text(),'Logout')]]
verify tab[[ChromeDriver: chrome on WINDOWS (1779389475f5b1b6a39a0869e4513b02)] -> xpath: //button[contains(text(),'Logout')]]
verify tab[[ChromeDriver: chrome on WINDOWS (1779389475f5b1b6a39a0869e4513b02)] -> xpath: //button[contains(text(),'Logout')]]
verify tab[[ChromeDriver: chrome on WINDOWS (1779389475f5b1b6a39a0869e4513b02)] -> xpath: //button[contains(text(),'Logout')]]
verify tab[[ChromeDriver: chrome on WINDOWS (1779389475f5b1b6a39a0869e4513b02)] -> xpath: //button[contains(text(),'Logout')]]
verify tab[[ChromeDriver: chrome on WINDOWS (1779389475f5b1b6a39a0869e4513b02)] -> xpath: //button[contains(text(),'Logout')]]
verify tab[[ChromeDriver: chrome on WINDOWS (1779389475f5b1b6a39a0869e4513b02)] -> xpath: //button[contains(text(),'Logout')]]
verify tab[[ChromeDriver: chrome on WINDOWS (1779389475f5b1b6a39a0869e4513b02)] -> xpath: //button[contains(text(),'Logout')]]
verify tab[[ChromeDriver: chrome on WINDOWS (1779389475f5b1b6a39a0869e4513b02)] -> xpath: //button[contains(text(),'Logout')]]
verify tab[[ChromeDriver: chrome on WINDOWS (1779389475f5b1b6a39a0869e4513b02)] -> xpath: //button[contains(text(),'Logout')]]
verify tab[[ChromeDriver: chrome on WINDOWS (1779389475f5b1b6a39a0869e4513b02)] -> xpath: //button[contains(text(),'Logout')]]
verify tab[[ChromeDriver: chrome on WINDOWS (1779389475f5b1b6a39a0869e4513b02)] -> xpath: //button[contains(text(),'Logout')]]
verify tab[[ChromeDriver: chrome on WINDOWS (1779389475f5b1b6a39a0869e4513b02)] -> xpath: //button[contains(text(),'Logout')]]
verify tab[[ChromeDriver: chrome on WINDOWS (1779389475f5b1b6a39a0869e4513b02)] -> xpath: //button[contains(text(),'Logout')]]
verify tab[[ChromeDriver: chrome on WINDOWS (1779389475f5b1b6a39a0869e4513b02)] -> xpath: //button[contains(text(),'Logout')]]
verify tab[[ChromeDriver: chrome on WINDOWS (1779389475f5b1b6a39a0869e4513b02)] -> xpath: //button[contains(text(),'Logout')]]
verify tab[[ChromeDriver: chrome on WINDOWS (1779389475f5b1b6a39a0869e4513b02)] -> xpath: //button[contains(text(),'Logout')]]
verify tab[[ChromeDriver: chrome on WINDOWS (1779389475f5b1b6a39a0869e4513b02)] -> xpath: //button[contains(text(),'Logout')]]
verify tab[[ChromeDriver: chrome on WINDOWS (1779389475f5b1b6a39a0869e4513b02)] -> xpath: //button[contains(text(),'Logout')]]
verify tab[[ChromeDriver: chrome on WINDOWS (1779389475f5b1b6a39a0869e4513b02)] -> xpath: //button[contains(text(),'Logout')]]
verify tab[[ChromeDriver: chrome on WINDOWS (1779389475f5b1b6a39a0869e4513b02)] -> xpath: //button[contains(text(),'Logout')]]
verify tab[[ChromeDriver: chrome on WINDOWS (1779389475f5b1b6a39a0869e4513b02)] -> xpath: //button[contains(text(),'Logout')]]
verify tab[[ChromeDriver: chrome on WINDOWS (1779389475f5b1b6a39a0869e4513b02)] -> xpath: //button[contains(text(),'Logout')]]
verify tab[[ChromeDriver: chrome on WINDOWS (1779389475f5b1b6a39a0869e4513b02)] -> xpath: //button[contains(text(),'Logout')]]
verify tab[[ChromeDriver: chrome on WINDOWS (1779389475f5b1b6a39a0869e4513b02)] -> xpath: //button[contains(text(),'Logout')]]
verify tab[[ChromeDriver: chrome on WINDOWS (1779389475f5b1b6a39a0869e4513b02)] -> xpath: //button[contains(text(),'Logout')]]
verify tab[[ChromeDriver: chrome on WINDOWS (1779389475f5b1b6a39a0869e4513b02)] -> xpath: //button[contains(text(),'Logout')]]
verify tab[[ChromeDriver: chrome on WINDOWS (1779389475f5b1b6a39a0869e4513b02)] -> xpath: //button[contains(text(),'Logout')]]
verify tab[[ChromeDriver: chrome on WINDOWS (1779389475f5b1b6a39a0869e4513b02)] -> xpath: //button[contains(text(),'Logout')]]
verify tab[[ChromeDriver: chrome on WINDOWS (1779389475f5b1b6a39a0869e4513b02)] -> xpath: //button[contains(text(),'Logout')]]
verify tab[[ChromeDriver: chrome on WINDOWS (1779389475f5b1b6a39a0869e4513b02)] -> xpath: //button[contains(text(),'Logout')]]
verify tab[[ChromeDriver: chrome on WINDOWS (1779389475f5b1b6a39a0869e4513b02)] -> xpath: //button[contains(text(),'Logout')]]
verify tab[[ChromeDriver: chrome on WINDOWS (1779389475f5b1b6a39a0869e4513b02)] -> xpath: //button[contains(text(),'Logout')]]
verify tab[[ChromeDriver: chrome on WINDOWS (1779389475f5b1b6a39a0869e4513b02)] -> xpath: //button[contains(text(),'Logout')]]
verify tab[[ChromeDriver: chrome on WINDOWS (1779389475f5b1b6a39a0869e4513b02)] -> xpath: //button[contains(text(),'Logout')]]
verify tab[[ChromeDriver: chrome on WINDOWS (1779389475f5b1b6a39a0869e4513b02)] -> xpath: //button[contains(text(),'Logout')]]
verify tab[[ChromeDriver: chrome on WINDOWS (1779389475f5b1b6a39a0869e4513b02)] -> xpath: //button[contains(text(),'Logout')]]
verify tab[[ChromeDriver: chrome on WINDOWS (1779389475f5b1b6a39a0869e4513b02)] -> xpath: //button[contains(text(),'Logout')]]
verify tab[[ChromeDriver: chrome on WINDOWS (1779389475f5b1b6a39a0869e4513b02)] -> xpath: //button[contains(text(),'Logout')]]
verify tab[[ChromeDriver: chrome on WINDOWS (1779389475f5b1b6a39a0869e4513b02)] -> xpath: //button[contains(text(),'Logout')]]
verify tab[[ChromeDriver: chrome on WINDOWS (1779389475f5b1b6a39a0869e4513b02)] -> xpath: //button[contains(text(),'Logout')]]
verify tab[[ChromeDriver: chrome on WINDOWS (1779389475f5b1b6a39a0869e4513b02)] -> xpath: //button[contains(text(),'Logout')]]
verify tab[[ChromeDriver: chrome on WINDOWS (1779389475f5b1b6a39a0869e4513b02)] -> xpath: //button[contains(text(),'Logout')]]
verify tab[[ChromeDriver: chrome on WINDOWS (1779389475f5b1b6a39a0869e4513b02)] -> xpath: //button[contains(text(),'Logout')]]
verify tab[[ChromeDriver: chrome on WINDOWS (1779389475f5b1b6a39a0869e4513b02)] -> xpath: //button[contains(text(),'Logout')]]
verify tab[[ChromeDriver: chrome on WINDOWS (1779389475f5b1b6a39a0869e4513b02)] -> xpath: //button[contains(text(),'Logout')]]
verify tab[[ChromeDriver: chrome on WINDOWS (1779389475f5b1b6a39a0869e4513b02)] -> xpath: //button[contains(text(),'Logout')]]
verify tab[[ChromeDriver: chrome on WINDOWS (1779389475f5b1b6a39a0869e4513b02)] -> xpath: //button[contains(text(),'Logout')]]
verify tab[[ChromeDriver: chrome on WINDOWS (1779389475f5b1b6a39a0869e4513b02)] -> xpath: //button[contains(text(),'Logout')]]
verify tab[[ChromeDriver: chrome on WINDOWS (1779389475f5b1b6a39a0869e4513b02)] -> xpath: //button[contains(text(),'Logout')]]
verify tab[[ChromeDriver: chrome on WINDOWS (1779389475f5b1b6a39a0869e4513b02)] -> xpath: //button[contains(text(),'Logout')]]
verify tab[[ChromeDriver: chrome on WINDOWS (1779389475f5b1b6a39a0869e4513b02)] -> xpath: //button[contains(text(),'Logout')]]
verify tab[[ChromeDriver: chrome on WINDOWS (1779389475f5b1b6a39a0869e4513b02)] -> xpath: //button[contains(text(),'Logout')]]
verify tab[[ChromeDriver: chrome on WINDOWS (1779389475f5b1b6a39a0869e4513b02)] -> xpath: //button[contains(text(),'Logout')]]
verify tab[[ChromeDriver: chrome on WINDOWS (1779389475f5b1b6a39a0869e4513b02)] -> xpath: //button[contains(text(),'Logout')]]
verify tab[[ChromeDriver: chrome on WINDOWS (1779389475f5b1b6a39a0869e4513b02)] -> xpath: //button[contains(text(),'Logout')]]
verify tab[[ChromeDriver: chrome on WINDOWS (1779389475f5b1b6a39a0869e4513b02)] -> xpath: //button[contains(text(),'Logout')]]
verify tab[[ChromeDriver: chrome on WINDOWS (1779389475f5b1b6a39a0869e4513b02)] -> xpath: //button[contains(text(),'Logout')]]
verify tab[[ChromeDriver: chrome on WINDOWS (1779389475f5b1b6a39a0869e4513b02)] -> xpath: //button[contains(text(),'Logout')]]
verify tab[[ChromeDriver: chrome on WINDOWS (1779389475f5b1b6a39a0869e4513b02)] -> xpath: //button[contains(text(),'Logout')]]
verify tab[[ChromeDriver: chrome on WINDOWS (1779389475f5b1b6a39a0869e4513b02)] -> xpath: //button[contains(text(),'Logout')]]
verify tab[[ChromeDriver: chrome on WINDOWS (1779389475f5b1b6a39a0869e4513b02)] -> xpath: //button[contains(text(),'Logout')]]
verify tab[[ChromeDriver: chrome on WINDOWS (1779389475f5b1b6a39a0869e4513b02)] -> xpath: //button[contains(text(),'Logout')]]
verify tab[[ChromeDriver: chrome on WINDOWS (1779389475f5b1b6a39a0869e4513b02)] -> xpath: //button[contains(text(),'Logout')]]
verify tab[[ChromeDriver: chrome on WINDOWS (1779389475f5b1b6a39a0869e4513b02)] -> xpath: //button[contains(text(),'Logout')]]
verify tab[[ChromeDriver: chrome on WINDOWS (1779389475f5b1b6a39a0869e4513b02)] -> xpath: //button[contains(text(),'Logout')]]
verify tab[[ChromeDriver: chrome on WINDOWS (1779389475f5b1b6a39a0869e4513b02)] -> xpath: //button[contains(text(),'Logout')]]
verify tab[[ChromeDriver: chrome on WINDOWS (1779389475f5b1b6a39a0869e4513b02)] -> xpath: //button[contains(text(),'Logout')]]
verify tab[[ChromeDriver: chrome on WINDOWS (1779389475f5b1b6a39a0869e4513b02)] -> xpath: //button[contains(text(),'Logout')]]
verify tab[[ChromeDriver: chrome on WINDOWS (1779389475f5b1b6a39a0869e4513b02)] -> xpath: //button[contains(text(),'Logout')]]
verify tab[[ChromeDriver: chrome on WINDOWS (1779389475f5b1b6a39a0869e4513b02)] -> xpath: //button[contains(text(),'Logout')]]
verify tab[[ChromeDriver: chrome on WINDOWS (1779389475f5b1b6a39a0869e4513b02)] -> xpath: //button[contains(text(),'Logout')]]
verify tab[[ChromeDriver: chrome on WINDOWS (1779389475f5b1b6a39a0869e4513b02)] -> xpath: //button[contains(text(),'Logout')]]
verify tab[[ChromeDriver: chrome on WINDOWS (1779389475f5b1b6a39a0869e4513b02)] -> xpath: //button[contains(text(),'Logout')]]
verify tab[[ChromeDriver: chrome on WINDOWS (1779389475f5b1b6a39a0869e4513b02)] -> xpath: //button[contains(text(),'Logout')]]
verify tab[[ChromeDriver: chrome on WINDOWS (1779389475f5b1b6a39a0869e4513b02)] -> xpath: //button[contains(text(),'Logout')]]
verify tab[[ChromeDriver: chrome on WINDOWS (1779389475f5b1b6a39a0869e4513b02)] -> xpath: //button[contains(text(),'Logout')]]
verify tab[[ChromeDriver: chrome on WINDOWS (1779389475f5b1b6a39a0869e4513b02)] -> xpath: //button[contains(text(),'Logout')]]
verify tab[[ChromeDriver: chrome on WINDOWS (1779389475f5b1b6a39a0869e4513b02)] -> xpath: //button[contains(text(),'Logout')]]
verify tab[[ChromeDriver: chrome on WINDOWS (1779389475f5b1b6a39a0869e4513b02)] -> xpath: //button[contains(text(),'Logout')]]
verify tab[[ChromeDriver: chrome on WINDOWS (1779389475f5b1b6a39a0869e4513b02)] -> xpath: //button[contains(text(),'Logout')]]
verify tab[[ChromeDriver: chrome on WINDOWS (1779389475f5b1b6a39a0869e4513b02)] -> xpath: //button[contains(text(),'Logout')]]
verify tab[[ChromeDriver: chrome on WINDOWS (1779389475f5b1b6a39a0869e4513b02)] -> xpath: //button[contains(text(),'Logout')]]
verify tab[[ChromeDriver: chrome on WINDOWS (1779389475f5b1b6a39a0869e4513b02)] -> xpath: //button[contains(text(),'Logout')]]
verify tab[[ChromeDriver: chrome on WINDOWS (1779389475f5b1b6a39a0869e4513b02)] -> xpath: //button[contains(text(),'Logout')]]
verify tab[[ChromeDriver: chrome on WINDOWS (1779389475f5b1b6a39a0869e4513b02)] -> xpath: //button[contains(text(),'Logout')]]
verify tab[[ChromeDriver: chrome on WINDOWS (1779389475f5b1b6a39a0869e4513b02)] -> xpath: //button[contains(text(),'Logout')]]
verify tab[[ChromeDriver: chrome on WINDOWS (1779389475f5b1b6a39a0869e4513b02)] -> xpath: //button[contains(text(),'Logout')]]
verify tab[[ChromeDriver: chrome on WINDOWS (1779389475f5b1b6a39a0869e4513b02)] -> xpath: //button[contains(text(),'Logout')]]
verify tab[[ChromeDriver: chrome on WINDOWS (1779389475f5b1b6a39a0869e4513b02)] -> xpath: //button[contains(text(),'Logout')]]
verify tab[[ChromeDriver: chrome on WINDOWS (1779389475f5b1b6a39a0869e4513b02)] -> xpath: //button[contains(text(),'Logout')]]
verify tab[[ChromeDriver: chrome on WINDOWS (1779389475f5b1b6a39a0869e4513b02)] -> xpath: //button[contains(text(),'Logout')]]
verify tab[[ChromeDriver: chrome on WINDOWS (1779389475f5b1b6a39a0869e4513b02)] -> xpath: //button[contains(text(),'Logout')]]
verify tab[[ChromeDriver: chrome on WINDOWS (1779389475f5b1b6a39a0869e4513b02)] -> xpath: //button[contains(text(),'Logout')]]
verify tab[[ChromeDriver: chrome on WINDOWS (1779389475f5b1b6a39a0869e4513b02)] -> xpath: //button[contains(text(),'Logout')]]
verify tab[[ChromeDriver: chrome on WINDOWS (1779389475f5b1b6a39a0869e4513b02)] -> xpath: //button[contains(text(),'Logout')]]
verify tab[[ChromeDriver: chrome on WINDOWS (1779389475f5b1b6a39a0869e4513b02)] -> xpath: //button[contains(text(),'Logout')]]
verify tab[[ChromeDriver: chrome on WINDOWS (1779389475f5b1b6a39a0869e4513b02)] -> xpath: //button[contains(text(),'Logout')]]
verify tab[[ChromeDriver: chrome on WINDOWS (1779389475f5b1b6a39a0869e4513b02)] -> xpath: //button[contains(text(),'Logout')]]
verify tab[[ChromeDriver: chrome on WINDOWS (1779389475f5b1b6a39a0869e4513b02)] -> xpath: //button[contains(text(),'Logout')]]
verify tab[[ChromeDriver: chrome on WINDOWS (1779389475f5b1b6a39a0869e4513b02)] -> xpath: //button[contains(text(),'Logout')]]
verify tab[[ChromeDriver: chrome on WINDOWS (1779389475f5b1b6a39a0869e4513b02)] -> xpath: //button[contains(text(),'Logout')]]
verify tab[[ChromeDriver: chrome on WINDOWS (1779389475f5b1b6a39a0869e4513b02)] -> xpath: //button[contains(text(),'Logout')]]
verify tab[[ChromeDriver: chrome on WINDOWS (1779389475f5b1b6a39a0869e4513b02)] -> xpath: //button[contains(text(),'Logout')]]
verify tab[[ChromeDriver: chrome on WINDOWS (1779389475f5b1b6a39a0869e4513b02)] -> xpath: //button[contains(text(),'Logout')]]
verify tab[[ChromeDriver: chrome on WINDOWS (1779389475f5b1b6a39a0869e4513b02)] -> xpath: //button[contains(text(),'Logout')]]
verify tab[[ChromeDriver: chrome on WINDOWS (1779389475f5b1b6a39a0869e4513b02)] -> xpath: //button[contains(text(),'Logout')]]
verify tab[[ChromeDriver: chrome on WINDOWS (1779389475f5b1b6a39a0869e4513b02)] -> xpath: //button[contains(text(),'Logout')]]
verify tab[[ChromeDriver: chrome on WINDOWS (1779389475f5b1b6a39a0869e4513b02)] -> xpath: //button[contains(text(),'Logout')]]
verify tab[[ChromeDriver: chrome on WINDOWS (1779389475f5b1b6a39a0869e4513b02)] -> xpath: //button[contains(text(),'Logout')]]
verify tab[[ChromeDriver: chrome on WINDOWS (1779389475f5b1b6a39a0869e4513b02)] -> xpath: //button[contains(text(),'Logout')]]
verify tab[[ChromeDriver: chrome on WINDOWS (1779389475f5b1b6a39a0869e4513b02)] -> xpath: //button[contains(text(),'Logout')]]
verify tab[[ChromeDriver: chrome on WINDOWS (1779389475f5b1b6a39a0869e4513b02)] -> xpath: //button[contains(text(),'Logout')]]
verify tab[[ChromeDriver: chrome on WINDOWS (1779389475f5b1b6a39a0869e4513b02)] -> xpath: //button[contains(text(),'Logout')]]
verify tab[[ChromeDriver: chrome on WINDOWS (1779389475f5b1b6a39a0869e4513b02)] -> xpath: //button[contains(text(),'Logout')]]
verify tab[[ChromeDriver: chrome on WINDOWS (1779389475f5b1b6a39a0869e4513b02)] -> xpath: //button[contains(text(),'Logout')]]
verify tab[[ChromeDriver: chrome on WINDOWS (1779389475f5b1b6a39a0869e4513b02)] -> xpath: //button[contains(text(),'Logout')]]
verify tab[[ChromeDriver: chrome on WINDOWS (1779389475f5b1b6a39a0869e4513b02)] -> xpath: //button[contains(text(),'Logout')]]
verify tab[[ChromeDriver: chrome on WINDOWS (1779389475f5b1b6a39a0869e4513b02)] -> xpath: //button[contains(text(),'Logout')]]
verify tab[[ChromeDriver: chrome on WINDOWS (1779389475f5b1b6a39a0869e4513b02)] -> xpath: //button[contains(text(),'Logout')]]
verify tab[[ChromeDriver: chrome on WINDOWS (1779389475f5b1b6a39a0869e4513b02)] -> xpath: //button[contains(text(),'Logout')]]
verify tab[[ChromeDriver: chrome on WINDOWS (1779389475f5b1b6a39a0869e4513b02)] -> xpath: //button[contains(text(),'Logout')]]
verify tab[[ChromeDriver: chrome on WINDOWS (1779389475f5b1b6a39a0869e4513b02)] -> xpath: //button[contains(text(),'Logout')]]
verify tab[[ChromeDriver: chrome on WINDOWS (1779389475f5b1b6a39a0869e4513b02)] -> xpath: //button[contains(text(),'Logout')]]
verify tab[[ChromeDriver: chrome on WINDOWS (1779389475f5b1b6a39a0869e4513b02)] -> xpath: //button[contains(text(),'Logout')]]
verify tab[[ChromeDriver: chrome on WINDOWS (1779389475f5b1b6a39a0869e4513b02)] -> xpath: //button[contains(text(),'Logout')]]
verify tab[[ChromeDriver: chrome on WINDOWS (1779389475f5b1b6a39a0869e4513b02)] -> xpath: //button[contains(text(),'Logout')]]
verify tab[[ChromeDriver: chrome on WINDOWS (1779389475f5b1b6a39a0869e4513b02)] -> xpath: //button[contains(text(),'Logout')]]
verify tab[[ChromeDriver: chrome on WINDOWS (1779389475f5b1b6a39a0869e4513b02)] -> xpath: //button[contains(text(),'Logout')]]
verify tab[[ChromeDriver: chrome on WINDOWS (1779389475f5b1b6a39a0869e4513b02)] -> xpath: //button[contains(text(),'Logout')]]
verify tab[[ChromeDriver: chrome on WINDOWS (1779389475f5b1b6a39a0869e4513b02)] -> xpath: //button[contains(text(),'Logout')]]
verify tab[[ChromeDriver: chrome on WINDOWS (1779389475f5b1b6a39a0869e4513b02)] -> xpath: //button[contains(text(),'Logout')]]
verify tab[[ChromeDriver: chrome on WINDOWS (1779389475f5b1b6a39a0869e4513b02)] -> xpath: //button[contains(text(),'Logout')]]
verify tab[[ChromeDriver: chrome on WINDOWS (1779389475f5b1b6a39a0869e4513b02)] -> xpath: //button[contains(text(),'Logout')]]
verify tab[[ChromeDriver: chrome on WINDOWS (1779389475f5b1b6a39a0869e4513b02)] -> xpath: //button[contains(text(),'Logout')]]
verify tab[[ChromeDriver: chrome on WINDOWS (1779389475f5b1b6a39a0869e4513b02)] -> xpath: //button[contains(text(),'Logout')]]
verify tab[[ChromeDriver: chrome on WINDOWS (1779389475f5b1b6a39a0869e4513b02)] -> xpath: //button[contains(text(),'Logout')]]
verify tab[[ChromeDriver: chrome on WINDOWS (1779389475f5b1b6a39a0869e4513b02)] -> xpath: //button[contains(text(),'Logout')]]
verify tab[[ChromeDriver: chrome on WINDOWS (1779389475f5b1b6a39a0869e4513b02)] -> xpath: //button[contains(text(),'Logout')]]
verify tab[[ChromeDriver: chrome on WINDOWS (1779389475f5b1b6a39a0869e4513b02)] -> xpath: //button[contains(text(),'Logout')]]
verify tab[[ChromeDriver: chrome on WINDOWS (1779389475f5b1b6a39a0869e4513b02)] -> xpath: //button[contains(text(),'Logout')]]
verify tab[[ChromeDriver: chrome on WINDOWS (1779389475f5b1b6a39a0869e4513b02)] -> xpath: //button[contains(text(),'Logout')]]
verify tab[[ChromeDriver: chrome on WINDOWS (1779389475f5b1b6a39a0869e4513b02)] -> xpath: //button[contains(text(),'Logout')]]
verify tab[[ChromeDriver: chrome on WINDOWS (1779389475f5b1b6a39a0869e4513b02)] -> xpath: //button[contains(text(),'Logout')]]
verify tab[[ChromeDriver: chrome on WINDOWS (1779389475f5b1b6a39a0869e4513b02)] -> xpath: //button[contains(text(),'Logout')]]
verify tab[[ChromeDriver: chrome on WINDOWS (1779389475f5b1b6a39a0869e4513b02)] -> xpath: //button[contains(text(),'Logout')]]
verify tab[[ChromeDriver: chrome on WINDOWS (1779389475f5b1b6a39a0869e4513b02)] -> xpath: //button[contains(text(),'Logout')]]
verify tab[[ChromeDriver: chrome on WINDOWS (1779389475f5b1b6a39a0869e4513b02)] -> xpath: //button[contains(text(),'Logout')]]
verify tab[[ChromeDriver: chrome on WINDOWS (1779389475f5b1b6a39a0869e4513b02)] -> xpath: //button[contains(text(),'Logout')]]
verify tab[[ChromeDriver: chrome on WINDOWS (1779389475f5b1b6a39a0869e4513b02)] -> xpath: //button[contains(text(),'Logout')]]
verify tab[[ChromeDriver: chrome on WINDOWS (1779389475f5b1b6a39a0869e4513b02)] -> xpath: //button[contains(text(),'Logout')]]
verify tab[[ChromeDriver: chrome on WINDOWS (1779389475f5b1b6a39a0869e4513b02)] -> xpath: //button[contains(text(),'Logout')]]
verify tab[[ChromeDriver: chrome on WINDOWS (1779389475f5b1b6a39a0869e4513b02)] -> xpath: //button[contains(text(),'Logout')]]
verify tab[[ChromeDriver: chrome on WINDOWS (1779389475f5b1b6a39a0869e4513b02)] -> xpath: //button[contains(text(),'Logout')]]
verify tab[[ChromeDriver: chrome on WINDOWS (1779389475f5b1b6a39a0869e4513b02)] -> xpath: //button[contains(text(),'Logout')]]
verify tab[[ChromeDriver: chrome on WINDOWS (1779389475f5b1b6a39a0869e4513b02)] -> xpath: //button[contains(text(),'Logout')]]
verify tab[[ChromeDriver: chrome on WINDOWS (1779389475f5b1b6a39a0869e4513b02)] -> xpath: //button[contains(text(),'Logout')]]
verify tab[[ChromeDriver: chrome on WINDOWS (1779389475f5b1b6a39a0869e4513b02)] -> xpath: //button[contains(text(),'Logout')]]
verify tab[[ChromeDriver: chrome on WINDOWS (1779389475f5b1b6a39a0869e4513b02)] -> xpath: //button[contains(text(),'Logout')]]
verify tab[[ChromeDriver: chrome on WINDOWS (1779389475f5b1b6a39a0869e4513b02)] -> xpath: //button[contains(text(),'Logout')]]
verify tab[[ChromeDriver: chrome on WINDOWS (1779389475f5b1b6a39a0869e4513b02)] -> xpath: //button[contains(text(),'Logout')]]
verify tab[[ChromeDriver: chrome on WINDOWS (1779389475f5b1b6a39a0869e4513b02)] -> xpath: //button[contains(text(),'Logout')]]
verify tab[[ChromeDriver: chrome on WINDOWS (1779389475f5b1b6a39a0869e4513b02)] -> xpath: //button[contains(text(),'Logout')]]
verify tab[[ChromeDriver: chrome on WINDOWS (1779389475f5b1b6a39a0869e4513b02)] -> xpath: //button[contains(text(),'Logout')]]
verify tab[[ChromeDriver: chrome on WINDOWS (1779389475f5b1b6a39a0869e4513b02)] -> xpath: //button[contains(text(),'Logout')]]
verify tab[[ChromeDriver: chrome on WINDOWS (1779389475f5b1b6a39a0869e4513b02)] -> xpath: //button[contains(text(),'Logout')]]
verify tab[[ChromeDriver: chrome on WINDOWS (1779389475f5b1b6a39a0869e4513b02)] -> xpath: //button[contains(text(),'Logout')]]
verify tab[[ChromeDriver: chrome on WINDOWS (1779389475f5b1b6a39a0869e4513b02)] -> xpath: //button[contains(text(),'Logout')]]
verify tab[[ChromeDriver: chrome on WINDOWS (1779389475f5b1b6a39a0869e4513b02)] -> xpath: //button[contains(text(),'Logout')]]
verify tab[[ChromeDriver: chrome on WINDOWS (1779389475f5b1b6a39a0869e4513b02)] -> xpath: //button[contains(text(),'Logout')]]
verify tab[[ChromeDriver: chrome on WINDOWS (1779389475f5b1b6a39a0869e4513b02)] -> xpath: //button[contains(text(),'Logout')]]
verify tab[[ChromeDriver: chrome on WINDOWS (1779389475f5b1b6a39a0869e4513b02)] -> xpath: //button[contains(text(),'Logout')]]
verify tab[[ChromeDriver: chrome on WINDOWS (1779389475f5b1b6a39a0869e4513b02)] -> xpath: //button[contains(text(),'Logout')]]
verify tab[[ChromeDriver: chrome on WINDOWS (1779389475f5b1b6a39a0869e4513b02)] -> xpath: //button[contains(text(),'Logout')]]
verify tab[[ChromeDriver: chrome on WINDOWS (1779389475f5b1b6a39a0869e4513b02)] -> xpath: //button[contains(text(),'Logout')]]
verify tab[[ChromeDriver: chrome on WINDOWS (1779389475f5b1b6a39a0869e4513b02)] -> xpath: //button[contains(text(),'Logout')]]
verify tab[[ChromeDriver: chrome on WINDOWS (1779389475f5b1b6a39a0869e4513b02)] -> xpath: //button[contains(text(),'Logout')]]
verify tab[[ChromeDriver: chrome on WINDOWS (1779389475f5b1b6a39a0869e4513b02)] -> xpath: //button[contains(text(),'Logout')]]
verify tab[[ChromeDriver: chrome on WINDOWS (1779389475f5b1b6a39a0869e4513b02)] -> xpath: //button[contains(text(),'Logout')]]
verify tab[[ChromeDriver: chrome on WINDOWS (1779389475f5b1b6a39a0869e4513b02)] -> xpath: //button[contains(text(),'Logout')]]
verify tab[[ChromeDriver: chrome on WINDOWS (1779389475f5b1b6a39a0869e4513b02)] -> xpath: //button[contains(text(),'Logout')]]
verify tab[[ChromeDriver: chrome on WINDOWS (1779389475f5b1b6a39a0869e4513b02)] -> xpath: //button[contains(text(),'Logout')]]
verify tab[[ChromeDriver: chrome on WINDOWS (1779389475f5b1b6a39a0869e4513b02)] -> xpath: //button[contains(text(),'Logout')]]
verify tab[[ChromeDriver: chrome on WINDOWS (1779389475f5b1b6a39a0869e4513b02)] -> xpath: //button[contains(text(),'Logout')]]
verify tab[[ChromeDriver: chrome on WINDOWS (1779389475f5b1b6a39a0869e4513b02)] -> xpath: //button[contains(text(),'Logout')]]
verify tab[[ChromeDriver: chrome on WINDOWS (1779389475f5b1b6a39a0869e4513b02)] -> xpath: //button[contains(text(),'Logout')]]
verify tab[[ChromeDriver: chrome on WINDOWS (1779389475f5b1b6a39a0869e4513b02)] -> xpath: //button[contains(text(),'Logout')]]
verify tab[[ChromeDriver: chrome on WINDOWS (1779389475f5b1b6a39a0869e4513b02)] -> xpath: //button[contains(text(),'Logout')]]
verify tab[[ChromeDriver: chrome on WINDOWS (1779389475f5b1b6a39a0869e4513b02)] -> xpath: //button[contains(text(),'Logout')]]
verify tab[[ChromeDriver: chrome on WINDOWS (1779389475f5b1b6a39a0869e4513b02)] -> xpath: //button[contains(text(),'Logout')]]
verify tab[[ChromeDriver: chrome on WINDOWS (1779389475f5b1b6a39a0869e4513b02)] -> xpath: //button[contains(text(),'Logout')]]
verify tab[[ChromeDriver: chrome on WINDOWS (1779389475f5b1b6a39a0869e4513b02)] -> xpath: //button[contains(text(),'Logout')]]
verify tab[[ChromeDriver: chrome on WINDOWS (1779389475f5b1b6a39a0869e4513b02)] -> xpath: //button[contains(text(),'Logout')]]
verify tab[[ChromeDriver: chrome on WINDOWS (1779389475f5b1b6a39a0869e4513b02)] -> xpath: //button[contains(text(),'Logout')]]
verify tab[[ChromeDriver: chrome on WINDOWS (1779389475f5b1b6a39a0869e4513b02)] -> xpath: //button[contains(text(),'Logout')]]
verify tab[[ChromeDriver: chrome on WINDOWS (1779389475f5b1b6a39a0869e4513b02)] -> xpath: //button[contains(text(),'Logout')]]
verify tab[[ChromeDriver: chrome on WINDOWS (1779389475f5b1b6a39a0869e4513b02)] -> xpath: //button[contains(text(),'Logout')]]
verify tab[[ChromeDriver: chrome on WINDOWS (1779389475f5b1b6a39a0869e4513b02)] -> xpath: //button[contains(text(),'Logout')]]
verify tab[[ChromeDriver: chrome on WINDOWS (1779389475f5b1b6a39a0869e4513b02)] -> xpath: //button[contains(text(),'Logout')]]
verify tab[[ChromeDriver: chrome on WINDOWS (1779389475f5b1b6a39a0869e4513b02)] -> xpath: //button[contains(text(),'Logout')]]
verify tab[[ChromeDriver: chrome on WINDOWS (1779389475f5b1b6a39a0869e4513b02)] -> xpath: //button[contains(text(),'Logout')]]
verify tab[[ChromeDriver: chrome on WINDOWS (1779389475f5b1b6a39a0869e4513b02)] -> xpath: //button[contains(text(),'Logout')]]
verify tab[[ChromeDriver: chrome on WINDOWS (1779389475f5b1b6a39a0869e4513b02)] -> xpath: //button[contains(text(),'Logout')]]
verify tab[[ChromeDriver: chrome on WINDOWS (1779389475f5b1b6a39a0869e4513b02)] -> xpath: //button[contains(text(),'Logout')]]
verify tab[[ChromeDriver: chrome on WINDOWS (1779389475f5b1b6a39a0869e4513b02)] -> xpath: //button[contains(text(),'Logout')]]
verify tab[[ChromeDriver: chrome on WINDOWS (1779389475f5b1b6a39a0869e4513b02)] -> xpath: //button[contains(text(),'Logout')]]
verify tab[[ChromeDriver: chrome on WINDOWS (1779389475f5b1b6a39a0869e4513b02)] -> xpath: //button[contains(text(),'Logout')]]
verify tab[[ChromeDriver: chrome on WINDOWS (1779389475f5b1b6a39a0869e4513b02)] -> xpath: //button[contains(text(),'Logout')]]
verify tab[[ChromeDriver: chrome on WINDOWS (1779389475f5b1b6a39a0869e4513b02)] -> xpath: //button[contains(text(),'Logout')]]
verify tab[[ChromeDriver: chrome on WINDOWS (1779389475f5b1b6a39a0869e4513b02)] -> xpath: //button[contains(text(),'Logout')]]
verify tab[[ChromeDriver: chrome on WINDOWS (1779389475f5b1b6a39a0869e4513b02)] -> xpath: //button[contains(text(),'Logout')]]
verify tab[[ChromeDriver: chrome on WINDOWS (1779389475f5b1b6a39a0869e4513b02)] -> xpath: //button[contains(text(),'Logout')]]
verify tab[[ChromeDriver: chrome on WINDOWS (1779389475f5b1b6a39a0869e4513b02)] -> xpath: //button[contains(text(),'Logout')]]
verify tab[[ChromeDriver: chrome on WINDOWS (1779389475f5b1b6a39a0869e4513b02)] -> xpath: //button[contains(text(),'Logout')]]
verify tab[[ChromeDriver: chrome on WINDOWS (1779389475f5b1b6a39a0869e4513b02)] -> xpath: //button[contains(text(),'Logout')]]
verify tab[[ChromeDriver: chrome on WINDOWS (1779389475f5b1b6a39a0869e4513b02)] -> xpath: //button[contains(text(),'Logout')]]
verify tab[[ChromeDriver: chrome on WINDOWS (1779389475f5b1b6a39a0869e4513b02)] -> xpath: //button[contains(text(),'Logout')]]
verify tab[[ChromeDriver: chrome on WINDOWS (1779389475f5b1b6a39a0869e4513b02)] -> xpath: //button[contains(text(),'Logout')]]
verify tab[[ChromeDriver: chrome on WINDOWS (1779389475f5b1b6a39a0869e4513b02)] -> xpath: //button[contains(text(),'Logout')]]
verify tab[[ChromeDriver: chrome on WINDOWS (1779389475f5b1b6a39a0869e4513b02)] -> xpath: //button[contains(text(),'Logout')]]
verify tab[[ChromeDriver: chrome on WINDOWS (1779389475f5b1b6a39a0869e4513b02)] -> xpath: //button[contains(text(),'Logout')]]
verify tab[[ChromeDriver: chrome on WINDOWS (1779389475f5b1b6a39a0869e4513b02)] -> xpath: //button[contains(text(),'Logout')]]
verify tab[[ChromeDriver: chrome on WINDOWS (1779389475f5b1b6a39a0869e4513b02)] -> xpath: //button[contains(text(),'Logout')]]
verify tab[[ChromeDriver: chrome on WINDOWS (1779389475f5b1b6a39a0869e4513b02)] -> xpath: //button[contains(text(),'Logout')]]
verify tab[[ChromeDriver: chrome on WINDOWS (1779389475f5b1b6a39a0869e4513b02)] -> xpath: //button[contains(text(),'Logout')]]
verify tab[[ChromeDriver: chrome on WINDOWS (1779389475f5b1b6a39a0869e4513b02)] -> xpath: //button[contains(text(),'Logout')]]
verify tab[[ChromeDriver: chrome on WINDOWS (1779389475f5b1b6a39a0869e4513b02)] -> xpath: //button[contains(text(),'Logout')]]
verify tab[[ChromeDriver: chrome on WINDOWS (1779389475f5b1b6a39a0869e4513b02)] -> xpath: //button[contains(text(),'Logout')]]
verify tab[[ChromeDriver: chrome on WINDOWS (1779389475f5b1b6a39a0869e4513b02)] -> xpath: //button[contains(text(),'Logout')]]
verify tab[[ChromeDriver: chrome on WINDOWS (1779389475f5b1b6a39a0869e4513b02)] -> xpath: //button[contains(text(),'Logout')]]
verify tab[[ChromeDriver: chrome on WINDOWS (1779389475f5b1b6a39a0869e4513b02)] -> xpath: //button[contains(text(),'Logout')]]
verify tab[[ChromeDriver: chrome on WINDOWS (1779389475f5b1b6a39a0869e4513b02)] -> xpath: //button[contains(text(),'Logout')]]
verify tab[[ChromeDriver: chrome on WINDOWS (1779389475f5b1b6a39a0869e4513b02)] -> xpath: //button[contains(text(),'Logout')]]
verify tab[[ChromeDriver: chrome on WINDOWS (1779389475f5b1b6a39a0869e4513b02)] -> xpath: //button[contains(text(),'Logout')]]
verify tab[[ChromeDriver: chrome on WINDOWS (1779389475f5b1b6a39a0869e4513b02)] -> xpath: //button[contains(text(),'Logout')]]
verify tab[[ChromeDriver: chrome on WINDOWS (1779389475f5b1b6a39a0869e4513b02)] -> xpath: //button[contains(text(),'Logout')]]
verify tab[[ChromeDriver: chrome on WINDOWS (1779389475f5b1b6a39a0869e4513b02)] -> xpath: //button[contains(text(),'Logout')]]
verify tab[[ChromeDriver: chrome on WINDOWS (1779389475f5b1b6a39a0869e4513b02)] -> xpath: //button[contains(text(),'Logout')]]
verify tab[[ChromeDriver: chrome on WINDOWS (1779389475f5b1b6a39a0869e4513b02)] -> xpath: //button[contains(text(),'Logout')]]
verify tab[[ChromeDriver: chrome on WINDOWS (1779389475f5b1b6a39a0869e4513b02)] -> xpath: //button[contains(text(),'Logout')]]
verify tab[[ChromeDriver: chrome on WINDOWS (1779389475f5b1b6a39a0869e4513b02)] -> xpath: //button[contains(text(),'Logout')]]
verify tab[[ChromeDriver: chrome on WINDOWS (1779389475f5b1b6a39a0869e4513b02)] -> xpath: //button[contains(text(),'Logout')]]
verify tab[[ChromeDriver: chrome on WINDOWS (1779389475f5b1b6a39a0869e4513b02)] -> xpath: //button[contains(text(),'Logout')]]
verify tab[[ChromeDriver: chrome on WINDOWS (1779389475f5b1b6a39a0869e4513b02)] -> xpath: //button[contains(text(),'Logout')]]
verify tab[[ChromeDriver: chrome on WINDOWS (1779389475f5b1b6a39a0869e4513b02)] -> xpath: //button[contains(text(),'Logout')]]
verify tab[[ChromeDriver: chrome on WINDOWS (1779389475f5b1b6a39a0869e4513b02)] -> xpath: //button[contains(text(),'Logout')]]
verify tab[[ChromeDriver: chrome on WINDOWS (1779389475f5b1b6a39a0869e4513b02)] -> xpath: //button[contains(text(),'Logout')]]
verify tab[[ChromeDriver: chrome on WINDOWS (1779389475f5b1b6a39a0869e4513b02)] -> xpath: //button[contains(text(),'Logout')]]
verify tab[[ChromeDriver: chrome on WINDOWS (1779389475f5b1b6a39a0869e4513b02)] -> xpath: //button[contains(text(),'Logout')]]
verify tab[[ChromeDriver: chrome on WINDOWS (1779389475f5b1b6a39a0869e4513b02)] -> xpath: //button[contains(text(),'Logout')]]
verify tab[[ChromeDriver: chrome on WINDOWS (1779389475f5b1b6a39a0869e4513b02)] -> xpath: //button[contains(text(),'Logout')]]
verify tab[[ChromeDriver: chrome on WINDOWS (1779389475f5b1b6a39a0869e4513b02)] -> xpath: //button[contains(text(),'Logout')]]
verify tab[[ChromeDriver: chrome on WINDOWS (1779389475f5b1b6a39a0869e4513b02)] -> xpath: //button[contains(text(),'Logout')]]
verify tab[[ChromeDriver: chrome on WINDOWS (1779389475f5b1b6a39a0869e4513b02)] -> xpath: //button[contains(text(),'Logout')]]
verify tab[[ChromeDriver: chrome on WINDOWS (1779389475f5b1b6a39a0869e4513b02)] -> xpath: //button[contains(text(),'Logout')]]
verify tab[[ChromeDriver: chrome on WINDOWS (1779389475f5b1b6a39a0869e4513b02)] -> xpath: //button[contains(text(),'Logout')]]
verify tab[[ChromeDriver: chrome on WINDOWS (1779389475f5b1b6a39a0869e4513b02)] -> xpath: //button[contains(text(),'Logout')]]
verify tab[[ChromeDriver: chrome on WINDOWS (1779389475f5b1b6a39a0869e4513b02)] -> xpath: //button[contains(text(),'Logout')]]
verify tab[[ChromeDriver: chrome on WINDOWS (1779389475f5b1b6a39a0869e4513b02)] -> xpath: //button[contains(text(),'Logout')]]
verify tab[[ChromeDriver: chrome on WINDOWS (1779389475f5b1b6a39a0869e4513b02)] -> xpath: //button[contains(text(),'Logout')]]
verify tab[[ChromeDriver: chrome on WINDOWS (1779389475f5b1b6a39a0869e4513b02)] -> xpath: //button[contains(text(),'Logout')]]
verify tab[[ChromeDriver: chrome on WINDOWS (1779389475f5b1b6a39a0869e4513b02)] -> xpath: //button[contains(text(),'Logout')]]
verify tab[[ChromeDriver: chrome on WINDOWS (1779389475f5b1b6a39a0869e4513b02)] -> xpath: //button[contains(text(),'Logout')]]
verify tab[[ChromeDriver: chrome on WINDOWS (1779389475f5b1b6a39a0869e4513b02)] -> xpath: //button[contains(text(),'Logout')]]
verify tab[[ChromeDriver: chrome on WINDOWS (1779389475f5b1b6a39a0869e4513b02)] -> xpath: //button[contains(text(),'Logout')]]
verify tab[[ChromeDriver: chrome on WINDOWS (1779389475f5b1b6a39a0869e4513b02)] -> xpath: //button[contains(text(),'Logout')]]
verify tab[[ChromeDriver: chrome on WINDOWS (1779389475f5b1b6a39a0869e4513b02)] -> xpath: //button[contains(text(),'Logout')]]
verify tab[[ChromeDriver: chrome on WINDOWS (1779389475f5b1b6a39a0869e4513b02)] -> xpath: //button[contains(text(),'Logout')]]
verify tab[[ChromeDriver: chrome on WINDOWS (1779389475f5b1b6a39a0869e4513b02)] -> xpath: //button[contains(text(),'Logout')]]
verify tab[[ChromeDriver: chrome on WINDOWS (1779389475f5b1b6a39a0869e4513b02)] -> xpath: //button[contains(text(),'Logout')]]
verify tab[[ChromeDriver: chrome on WINDOWS (1779389475f5b1b6a39a0869e4513b02)] -> xpath: //button[contains(text(),'Logout')]]
verify tab[[ChromeDriver: chrome on WINDOWS (1779389475f5b1b6a39a0869e4513b02)] -> xpath: //button[contains(text(),'Logout')]]
verify tab[[ChromeDriver: chrome on WINDOWS (1779389475f5b1b6a39a0869e4513b02)] -> xpath: //button[contains(text(),'Logout')]]
verify tab[[ChromeDriver: chrome on WINDOWS (1779389475f5b1b6a39a0869e4513b02)] -> xpath: //button[contains(text(),'Logout')]]
verify tab[[ChromeDriver: chrome on WINDOWS (1779389475f5b1b6a39a0869e4513b02)] -> xpath: //button[contains(text(),'Logout')]]
verify tab[[ChromeDriver: chrome on WINDOWS (1779389475f5b1b6a39a0869e4513b02)] -> xpath: //button[contains(text(),'Logout')]]
verify tab[[ChromeDriver: chrome on WINDOWS (1779389475f5b1b6a39a0869e4513b02)] -> xpath: //button[contains(text(),'Logout')]]
verify tab[[ChromeDriver: chrome on WINDOWS (1779389475f5b1b6a39a0869e4513b02)] -> xpath: //button[contains(text(),'Logout')]]
verify tab[[ChromeDriver: chrome on WINDOWS (1779389475f5b1b6a39a0869e4513b02)] -> xpath: //button[contains(text(),'Logout')]]
verify tab[[ChromeDriver: chrome on WINDOWS (1779389475f5b1b6a39a0869e4513b02)] -> xpath: //button[contains(text(),'Logout')]]
verify tab[[ChromeDriver: chrome on WINDOWS (1779389475f5b1b6a39a0869e4513b02)] -> xpath: //button[contains(text(),'Logout')]]
verify tab[[ChromeDriver: chrome on WINDOWS (1779389475f5b1b6a39a0869e4513b02)] -> xpath: //button[contains(text(),'Logout')]]
verify tab[[ChromeDriver: chrome on WINDOWS (1779389475f5b1b6a39a0869e4513b02)] -> xpath: //button[contains(text(),'Logout')]]
verify tab[[ChromeDriver: chrome on WINDOWS (1779389475f5b1b6a39a0869e4513b02)] -> xpath: //button[contains(text(),'Logout')]]
verify tab[[ChromeDriver: chrome on WINDOWS (1779389475f5b1b6a39a0869e4513b02)] -> xpath: //button[contains(text(),'Logout')]]
verify tab[[ChromeDriver: chrome on WINDOWS (1779389475f5b1b6a39a0869e4513b02)] -> xpath: //button[contains(text(),'Logout')]]
verify tab[[ChromeDriver: chrome on WINDOWS (1779389475f5b1b6a39a0869e4513b02)] -> xpath: //button[contains(text(),'Logout')]]
verify tab[[ChromeDriver: chrome on WINDOWS (1779389475f5b1b6a39a0869e4513b02)] -> xpath: //button[contains(text(),'Logout')]]
verify tab[[ChromeDriver: chrome on WINDOWS (1779389475f5b1b6a39a0869e4513b02)] -> xpath: //button[contains(text(),'Logout')]]
verify tab[[ChromeDriver: chrome on WINDOWS (1779389475f5b1b6a39a0869e4513b02)] -> xpath: //button[contains(text(),'Logout')]]
verify tab[[ChromeDriver: chrome on WINDOWS (1779389475f5b1b6a39a0869e4513b02)] -> xpath: //button[contains(text(),'Logout')]]
verify tab[[ChromeDriver: chrome on WINDOWS (1779389475f5b1b6a39a0869e4513b02)] -> xpath: //button[contains(text(),'Logout')]]
verify tab[[ChromeDriver: chrome on WINDOWS (1779389475f5b1b6a39a0869e4513b02)] -> xpath: //button[contains(text(),'Logout')]]
verify tab[[ChromeDriver: chrome on WINDOWS (1779389475f5b1b6a39a0869e4513b02)] -> xpath: //button[contains(text(),'Logout')]]
verify tab[[ChromeDriver: chrome on WINDOWS (1779389475f5b1b6a39a0869e4513b02)] -> xpath: //button[contains(text(),'Logout')]]
verify tab[[ChromeDriver: chrome on WINDOWS (1779389475f5b1b6a39a0869e4513b02)] -> xpath: //button[contains(text(),'Logout')]]
verify tab[[ChromeDriver: chrome on WINDOWS (1779389475f5b1b6a39a0869e4513b02)] -> xpath: //button[contains(text(),'Logout')]]
verify tab[[ChromeDriver: chrome on WINDOWS (1779389475f5b1b6a39a0869e4513b02)] -> xpath: //button[contains(text(),'Logout')]]
verify tab[[ChromeDriver: chrome on WINDOWS (1779389475f5b1b6a39a0869e4513b02)] -> xpath: //button[contains(text(),'Logout')]]
verify tab[[ChromeDriver: chrome on WINDOWS (1779389475f5b1b6a39a0869e4513b02)] -> xpath: //button[contains(text(),'Logout')]]
verify tab[[ChromeDriver: chrome on WINDOWS (1779389475f5b1b6a39a0869e4513b02)] -> xpath: //button[contains(text(),'Logout')]]
verify tab[[ChromeDriver: chrome on WINDOWS (1779389475f5b1b6a39a0869e4513b02)] -> xpath: //button[contains(text(),'Logout')]]
verify tab[[ChromeDriver: chrome on WINDOWS (1779389475f5b1b6a39a0869e4513b02)] -> xpath: //button[contains(text(),'Logout')]]
verify tab[[ChromeDriver: chrome on WINDOWS (1779389475f5b1b6a39a0869e4513b02)] -> xpath: //button[contains(text(),'Logout')]]
verify tab[[ChromeDriver: chrome on WINDOWS (1779389475f5b1b6a39a0869e4513b02)] -> xpath: //button[contains(text(),'Logout')]]
verify tab[[ChromeDriver: chrome on WINDOWS (1779389475f5b1b6a39a0869e4513b02)] -> xpath: //button[contains(text(),'Logout')]]
verify tab[[ChromeDriver: chrome on WINDOWS (1779389475f5b1b6a39a0869e4513b02)] -> xpath: //button[contains(text(),'Logout')]]
verify tab[[ChromeDriver: chrome on WINDOWS (1779389475f5b1b6a39a0869e4513b02)] -> xpath: //button[contains(text(),'Logout')]]
verify tab[[ChromeDriver: chrome on WINDOWS (1779389475f5b1b6a39a0869e4513b02)] -> xpath: //button[contains(text(),'Logout')]]
verify tab[[ChromeDriver: chrome on WINDOWS (1779389475f5b1b6a39a0869e4513b02)] -> xpath: //button[contains(text(),'Logout')]]
verify tab[[ChromeDriver: chrome on WINDOWS (1779389475f5b1b6a39a0869e4513b02)] -> xpath: //button[contains(text(),'Logout')]]
verify tab[[ChromeDriver: chrome on WINDOWS (1779389475f5b1b6a39a0869e4513b02)] -> xpath: //button[contains(text(),'Logout')]]
verify tab[[ChromeDriver: chrome on WINDOWS (1779389475f5b1b6a39a0869e4513b02)] -> xpath: //button[contains(text(),'Logout')]]
verify tab[[ChromeDriver: chrome on WINDOWS (1779389475f5b1b6a39a0869e4513b02)] -> xpath: //button[contains(text(),'Logout')]]
verify tab[[ChromeDriver: chrome on WINDOWS (1779389475f5b1b6a39a0869e4513b02)] -> xpath: //button[contains(text(),'Logout')]]
verify tab[[ChromeDriver: chrome on WINDOWS (1779389475f5b1b6a39a0869e4513b02)] -> xpath: //button[contains(text(),'Logout')]]
verify tab[[ChromeDriver: chrome on WINDOWS (1779389475f5b1b6a39a0869e4513b02)] -> xpath: //button[contains(text(),'Logout')]]
verify tab[[ChromeDriver: chrome on WINDOWS (1779389475f5b1b6a39a0869e4513b02)] -> xpath: //button[contains(text(),'Logout')]]
verify tab[[ChromeDriver: chrome on WINDOWS (1779389475f5b1b6a39a0869e4513b02)] -> xpath: //button[contains(text(),'Logout')]]
verify tab[[ChromeDriver: chrome on WINDOWS (1779389475f5b1b6a39a0869e4513b02)] -> xpath: //button[contains(text(),'Logout')]]
verify tab[[ChromeDriver: chrome on WINDOWS (1779389475f5b1b6a39a0869e4513b02)] -> xpath: //button[contains(text(),'Logout')]]
verify tab[[ChromeDriver: chrome on WINDOWS (1779389475f5b1b6a39a0869e4513b02)] -> xpath: //button[contains(text(),'Logout')]]
verify tab[[ChromeDriver: chrome on WINDOWS (1779389475f5b1b6a39a0869e4513b02)] -> xpath: //button[contains(text(),'Logout')]]
verify tab[[ChromeDriver: chrome on WINDOWS (1779389475f5b1b6a39a0869e4513b02)] -> xpath: //button[contains(text(),'Logout')]]
verify tab[[ChromeDriver: chrome on WINDOWS (1779389475f5b1b6a39a0869e4513b02)] -> xpath: //button[contains(text(),'Logout')]]
verify tab[[ChromeDriver: chrome on WINDOWS (1779389475f5b1b6a39a0869e4513b02)] -> xpath: //button[contains(text(),'Logout')]]
verify tab[[ChromeDriver: chrome on WINDOWS (1779389475f5b1b6a39a0869e4513b02)] -> xpath: //button[contains(text(),'Logout')]]
verify tab[[ChromeDriver: chrome on WINDOWS (1779389475f5b1b6a39a0869e4513b02)] -> xpath: //button[contains(text(),'Logout')]]
verify tab[[ChromeDriver: chrome on WINDOWS (1779389475f5b1b6a39a0869e4513b02)] -> xpath: //button[contains(text(),'Logout')]]
verify tab[[ChromeDriver: chrome on WINDOWS (1779389475f5b1b6a39a0869e4513b02)] -> xpath: //button[contains(text(),'Logout')]]
verify tab[[ChromeDriver: chrome on WINDOWS (1779389475f5b1b6a39a0869e4513b02)] -> xpath: //button[contains(text(),'Logout')]]
verify tab[[ChromeDriver: chrome on WINDOWS (1779389475f5b1b6a39a0869e4513b02)] -> xpath: //button[contains(text(),'Logout')]]
verify tab[[ChromeDriver: chrome on WINDOWS (1779389475f5b1b6a39a0869e4513b02)] -> xpath: //button[contains(text(),'Logout')]]
verify tab[[ChromeDriver: chrome on WINDOWS (1779389475f5b1b6a39a0869e4513b02)] -> xpath: //button[contains(text(),'Logout')]]
verify tab[[ChromeDriver: chrome on WINDOWS (1779389475f5b1b6a39a0869e4513b02)] -> xpath: //button[contains(text(),'Logout')]]
verify tab[[ChromeDriver: chrome on WINDOWS (1779389475f5b1b6a39a0869e4513b02)] -> xpath: //button[contains(text(),'Logout')]]
verify tab[[ChromeDriver: chrome on WINDOWS (1779389475f5b1b6a39a0869e4513b02)] -> xpath: //button[contains(text(),'Logout')]]
verify tab[[ChromeDriver: chrome on WINDOWS (1779389475f5b1b6a39a0869e4513b02)] -> xpath: //button[contains(text(),'Logout')]]
verify tab[[ChromeDriver: chrome on WINDOWS (1779389475f5b1b6a39a0869e4513b02)] -> xpath: //button[contains(text(),'Logout')]]
verify tab[[ChromeDriver: chrome on WINDOWS (1779389475f5b1b6a39a0869e4513b02)] -> xpath: //button[contains(text(),'Logout')]]
verify tab[[ChromeDriver: chrome on WINDOWS (1779389475f5b1b6a39a0869e4513b02)] -> xpath: //button[contains(text(),'Logout')]]
verify tab[[ChromeDriver: chrome on WINDOWS (1779389475f5b1b6a39a0869e4513b02)] -> xpath: //button[contains(text(),'Logout')]]
verify tab[[ChromeDriver: chrome on WINDOWS (1779389475f5b1b6a39a0869e4513b02)] -> xpath: //button[contains(text(),'Logout')]]
verify tab[[ChromeDriver: chrome on WINDOWS (1779389475f5b1b6a39a0869e4513b02)] -> xpath: //button[contains(text(),'Logout')]]
verify tab[[ChromeDriver: chrome on WINDOWS (1779389475f5b1b6a39a0869e4513b02)] -> xpath: //button[contains(text(),'Logout')]]
verify tab[[ChromeDriver: chrome on WINDOWS (1779389475f5b1b6a39a0869e4513b02)] -> xpath: //button[contains(text(),'Logout')]]
verify tab[[ChromeDriver: chrome on WINDOWS (1779389475f5b1b6a39a0869e4513b02)] -> xpath: //button[contains(text(),'Logout')]]
verify tab[[ChromeDriver: chrome on WINDOWS (1779389475f5b1b6a39a0869e4513b02)] -> xpath: //button[contains(text(),'Logout')]]
verify tab[[ChromeDriver: chrome on WINDOWS (1779389475f5b1b6a39a0869e4513b02)] -> xpath: //button[contains(text(),'Logout')]]
verify tab[[ChromeDriver: chrome on WINDOWS (1779389475f5b1b6a39a0869e4513b02)] -> xpath: //button[contains(text(),'Logout')]]
verify tab[[ChromeDriver: chrome on WINDOWS (1779389475f5b1b6a39a0869e4513b02)] -> xpath: //button[contains(text(),'Logout')]]
verify tab[[ChromeDriver: chrome on WINDOWS (1779389475f5b1b6a39a0869e4513b02)] -> xpath: //button[contains(text(),'Logout')]]
verify tab[[ChromeDriver: chrome on WINDOWS (1779389475f5b1b6a39a0869e4513b02)] -> xpath: //button[contains(text(),'Logout')]]
verify tab[[ChromeDriver: chrome on WINDOWS (1779389475f5b1b6a39a0869e4513b02)] -> xpath: //button[contains(text(),'Logout')]]
verify tab[[ChromeDriver: chrome on WINDOWS (1779389475f5b1b6a39a0869e4513b02)] -> xpath: //button[contains(text(),'Logout')]]
verify tab[[ChromeDriver: chrome on WINDOWS (1779389475f5b1b6a39a0869e4513b02)] -> xpath: //button[contains(text(),'Logout')]]
verify tab[[ChromeDriver: chrome on WINDOWS (1779389475f5b1b6a39a0869e4513b02)] -> xpath: //button[contains(text(),'Logout')]]
verify tab[[ChromeDriver: chrome on WINDOWS (1779389475f5b1b6a39a0869e4513b02)] -> xpath: //button[contains(text(),'Logout')]]
verify tab[[ChromeDriver: chrome on WINDOWS (1779389475f5b1b6a39a0869e4513b02)] -> xpath: //button[contains(text(),'Logout')]]
verify tab[[ChromeDriver: chrome on WINDOWS (1779389475f5b1b6a39a0869e4513b02)] -> xpath: //button[contains(text(),'Logout')]]
verify tab[[ChromeDriver: chrome on WINDOWS (1779389475f5b1b6a39a0869e4513b02)] -> xpath: //button[contains(text(),'Logout')]]
verify tab[[ChromeDriver: chrome on WINDOWS (1779389475f5b1b6a39a0869e4513b02)] -> xpath: //button[contains(text(),'Logout')]]
verify tab[[ChromeDriver: chrome on WINDOWS (1779389475f5b1b6a39a0869e4513b02)] -> xpath: //button[contains(text(),'Logout')]]
verify tab[[ChromeDriver: chrome on WINDOWS (1779389475f5b1b6a39a0869e4513b02)] -> xpath: //button[contains(text(),'Logout')]]
verify tab[[ChromeDriver: chrome on WINDOWS (1779389475f5b1b6a39a0869e4513b02)] -> xpath: //button[contains(text(),'Logout')]]
verify tab[[ChromeDriver: chrome on WINDOWS (1779389475f5b1b6a39a0869e4513b02)] -> xpath: //button[contains(text(),'Logout')]]
verify tab[[ChromeDriver: chrome on WINDOWS (1779389475f5b1b6a39a0869e4513b02)] -> xpath: //button[contains(text(),'Logout')]]
verify tab[[ChromeDriver: chrome on WINDOWS (1779389475f5b1b6a39a0869e4513b02)] -> xpath: //button[contains(text(),'Logout')]]
verify tab[[ChromeDriver: chrome on WINDOWS (1779389475f5b1b6a39a0869e4513b02)] -> xpath: //button[contains(text(),'Logout')]]
verify tab[[ChromeDriver: chrome on WINDOWS (1779389475f5b1b6a39a0869e4513b02)] -> xpath: //button[contains(text(),'Logout')]]
verify tab[[ChromeDriver: chrome on WINDOWS (1779389475f5b1b6a39a0869e4513b02)] -> xpath: //button[contains(text(),'Logout')]]
verify tab[[ChromeDriver: chrome on WINDOWS (1779389475f5b1b6a39a0869e4513b02)] -> xpath: //button[contains(text(),'Logout')]]
verify tab[[ChromeDriver: chrome on WINDOWS (1779389475f5b1b6a39a0869e4513b02)] -> xpath: //button[contains(text(),'Logout')]]
verify tab[[ChromeDriver: chrome on WINDOWS (1779389475f5b1b6a39a0869e4513b02)] -> xpath: //button[contains(text(),'Logout')]]
verify tab[[ChromeDriver: chrome on WINDOWS (1779389475f5b1b6a39a0869e4513b02)] -> xpath: //button[contains(text(),'Logout')]]
verify tab[[ChromeDriver: chrome on WINDOWS (1779389475f5b1b6a39a0869e4513b02)] -> xpath: //button[contains(text(),'Logout')]]
verify tab[[ChromeDriver: chrome on WINDOWS (1779389475f5b1b6a39a0869e4513b02)] -> xpath: //button[contains(text(),'Logout')]]
verify tab[[ChromeDriver: chrome on WINDOWS (1779389475f5b1b6a39a0869e4513b02)] -> xpath: //button[contains(text(),'Logout')]]
verify tab[[ChromeDriver: chrome on WINDOWS (1779389475f5b1b6a39a0869e4513b02)] -> xpath: //button[contains(text(),'Logout')]]
verify tab[[ChromeDriver: chrome on WINDOWS (1779389475f5b1b6a39a0869e4513b02)] -> xpath: //button[contains(text(),'Logout')]]
verify tab[[ChromeDriver: chrome on WINDOWS (1779389475f5b1b6a39a0869e4513b02)] -> xpath: //button[contains(text(),'Logout')]]
verify tab[[ChromeDriver: chrome on WINDOWS (1779389475f5b1b6a39a0869e4513b02)] -> xpath: //button[contains(text(),'Logout')]]
verify tab[[ChromeDriver: chrome on WINDOWS (1779389475f5b1b6a39a0869e4513b02)] -> xpath: //button[contains(text(),'Logout')]]
verify tab[[ChromeDriver: chrome on WINDOWS (1779389475f5b1b6a39a0869e4513b02)] -> xpath: //button[contains(text(),'Logout')]]
verify tab[[ChromeDriver: chrome on WINDOWS (1779389475f5b1b6a39a0869e4513b02)] -> xpath: //button[contains(text(),'Logout')]]
verify tab[[ChromeDriver: chrome on WINDOWS (1779389475f5b1b6a39a0869e4513b02)] -> xpath: //button[contains(text(),'Logout')]]
verify tab[[ChromeDriver: chrome on WINDOWS (1779389475f5b1b6a39a0869e4513b02)] -> xpath: //button[contains(text(),'Logout')]]
verify tab[[ChromeDriver: chrome on WINDOWS (1779389475f5b1b6a39a0869e4513b02)] -> xpath: //button[contains(text(),'Logout')]]
verify tab[[ChromeDriver: chrome on WINDOWS (1779389475f5b1b6a39a0869e4513b02)] -> xpath: //button[contains(text(),'Logout')]]
verify tab[[ChromeDriver: chrome on WINDOWS (1779389475f5b1b6a39a0869e4513b02)] -> xpath: //button[contains(text(),'Logout')]]
verify tab[[ChromeDriver: chrome on WINDOWS (1779389475f5b1b6a39a0869e4513b02)] -> xpath: //button[contains(text(),'Logout')]]
verify tab[[ChromeDriver: chrome on WINDOWS (1779389475f5b1b6a39a0869e4513b02)] -> xpath: //button[contains(text(),'Logout')]]
verify tab[[ChromeDriver: chrome on WINDOWS (1779389475f5b1b6a39a0869e4513b02)] -> xpath: //button[contains(text(),'Logout')]]
verify tab[[ChromeDriver: chrome on WINDOWS (1779389475f5b1b6a39a0869e4513b02)] -> xpath: //button[contains(text(),'Logout')]]
verify tab[[ChromeDriver: chrome on WINDOWS (1779389475f5b1b6a39a0869e4513b02)] -> xpath: //button[contains(text(),'Logout')]]
verify tab[[ChromeDriver: chrome on WINDOWS (1779389475f5b1b6a39a0869e4513b02)] -> xpath: //button[contains(text(),'Logout')]]
verify tab[[ChromeDriver: chrome on WINDOWS (1779389475f5b1b6a39a0869e4513b02)] -> xpath: //button[contains(text(),'Logout')]]
verify tab[[ChromeDriver: chrome on WINDOWS (1779389475f5b1b6a39a0869e4513b02)] -> xpath: //button[contains(text(),'Logout')]]
verify tab[[ChromeDriver: chrome on WINDOWS (1779389475f5b1b6a39a0869e4513b02)] -> xpath: //button[contains(text(),'Logout')]]
verify tab[[ChromeDriver: chrome on WINDOWS (1779389475f5b1b6a39a0869e4513b02)] -> xpath: //button[contains(text(),'Logout')]]
verify tab[[ChromeDriver: chrome on WINDOWS (1779389475f5b1b6a39a0869e4513b02)] -> xpath: //button[contains(text(),'Logout')]]
verify tab[[ChromeDriver: chrome on WINDOWS (1779389475f5b1b6a39a0869e4513b02)] -> xpath: //button[contains(text(),'Logout')]]
verify tab[[ChromeDriver: chrome on WINDOWS (1779389475f5b1b6a39a0869e4513b02)] -> xpath: //button[contains(text(),'Logout')]]
verify tab[[ChromeDriver: chrome on WINDOWS (1779389475f5b1b6a39a0869e4513b02)] -> xpath: //button[contains(text(),'Logout')]]
verify tab[[ChromeDriver: chrome on WINDOWS (1779389475f5b1b6a39a0869e4513b02)] -> xpath: //button[contains(text(),'Logout')]]
verify tab[[ChromeDriver: chrome on WINDOWS (1779389475f5b1b6a39a0869e4513b02)] -> xpath: //button[contains(text(),'Logout')]]
verify tab[[ChromeDriver: chrome on WINDOWS (1779389475f5b1b6a39a0869e4513b02)] -> xpath: //button[contains(text(),'Logout')]]
verify tab[[ChromeDriver: chrome on WINDOWS (1779389475f5b1b6a39a0869e4513b02)] -> xpath: //button[contains(text(),'Logout')]]
verify tab[[ChromeDriver: chrome on WINDOWS (1779389475f5b1b6a39a0869e4513b02)] -> xpath: //button[contains(text(),'Logout')]]
verify tab[[ChromeDriver: chrome on WINDOWS (1779389475f5b1b6a39a0869e4513b02)] -> xpath: //button[contains(text(),'Logout')]]
verify tab[[ChromeDriver: chrome on WINDOWS (1779389475f5b1b6a39a0869e4513b02)] -> xpath: //button[contains(text(),'Logout')]]
verify tab[[ChromeDriver: chrome on WINDOWS (1779389475f5b1b6a39a0869e4513b02)] -> xpath: //button[contains(text(),'Logout')]]
verify tab[[ChromeDriver: chrome on WINDOWS (1779389475f5b1b6a39a0869e4513b02)] -> xpath: //button[contains(text(),'Logout')]]
verify tab[[ChromeDriver: chrome on WINDOWS (1779389475f5b1b6a39a0869e4513b02)] -> xpath: //button[contains(text(),'Logout')]]
verify tab[[ChromeDriver: chrome on WINDOWS (1779389475f5b1b6a39a0869e4513b02)] -> xpath: //button[contains(text(),'Logout')]]
verify tab[[ChromeDriver: chrome on WINDOWS (1779389475f5b1b6a39a0869e4513b02)] -> xpath: //button[contains(text(),'Logout')]]
verify tab[[ChromeDriver: chrome on WINDOWS (1779389475f5b1b6a39a0869e4513b02)] -> xpath: //button[contains(text(),'Logout')]]
verify tab[[ChromeDriver: chrome on WINDOWS (1779389475f5b1b6a39a0869e4513b02)] -> xpath: //button[contains(text(),'Logout')]]
verify tab[[ChromeDriver: chrome on WINDOWS (1779389475f5b1b6a39a0869e4513b02)] -> xpath: //button[contains(text(),'Logout')]]
verify tab[[ChromeDriver: chrome on WINDOWS (1779389475f5b1b6a39a0869e4513b02)] -> xpath: //button[contains(text(),'Logout')]]
verify tab[[ChromeDriver: chrome on WINDOWS (1779389475f5b1b6a39a0869e4513b02)] -> xpath: //button[contains(text(),'Logout')]]
verify tab[[ChromeDriver: chrome on WINDOWS (1779389475f5b1b6a39a0869e4513b02)] -> xpath: //button[contains(text(),'Logout')]]
verify tab[[ChromeDriver: chrome on WINDOWS (1779389475f5b1b6a39a0869e4513b02)] -> xpath: //button[contains(text(),'Logout')]]
verify tab[[ChromeDriver: chrome on WINDOWS (1779389475f5b1b6a39a0869e4513b02)] -> xpath: //button[contains(text(),'Logout')]]
verify tab[[ChromeDriver: chrome on WINDOWS (1779389475f5b1b6a39a0869e4513b02)] -> xpath: //button[contains(text(),'Logout')]]
verify tab[[ChromeDriver: chrome on WINDOWS (1779389475f5b1b6a39a0869e4513b02)] -> xpath: //button[contains(text(),'Logout')]]
verify tab[[ChromeDriver: chrome on WINDOWS (1779389475f5b1b6a39a0869e4513b02)] -> xpath: //button[contains(text(),'Logout')]]
verify tab[[ChromeDriver: chrome on WINDOWS (1779389475f5b1b6a39a0869e4513b02)] -> xpath: //button[contains(text(),'Logout')]]
verify tab[[ChromeDriver: chrome on WINDOWS (1779389475f5b1b6a39a0869e4513b02)] -> xpath: //button[contains(text(),'Logout')]]
verify tab[[ChromeDriver: chrome on WINDOWS (1779389475f5b1b6a39a0869e4513b02)] -> xpath: //button[contains(text(),'Logout')]]
verify tab[[ChromeDriver: chrome on WINDOWS (1779389475f5b1b6a39a0869e4513b02)] -> xpath: //button[contains(text(),'Logout')]]
verify tab[[ChromeDriver: chrome on WINDOWS (1779389475f5b1b6a39a0869e4513b02)] -> xpath: //button[contains(text(),'Logout')]]
verify tab[[ChromeDriver: chrome on WINDOWS (1779389475f5b1b6a39a0869e4513b02)] -> xpath: //button[contains(text(),'Logout')]]
verify tab[[ChromeDriver: chrome on WINDOWS (1779389475f5b1b6a39a0869e4513b02)] -> xpath: //button[contains(text(),'Logout')]]
verify tab[[ChromeDriver: chrome on WINDOWS (1779389475f5b1b6a39a0869e4513b02)] -> xpath: //button[contains(text(),'Logout')]]
verify tab[[ChromeDriver: chrome on WINDOWS (1779389475f5b1b6a39a0869e4513b02)] -> xpath: //button[contains(text(),'Logout')]]
verify tab[[ChromeDriver: chrome on WINDOWS (1779389475f5b1b6a39a0869e4513b02)] -> xpath: //button[contains(text(),'Logout')]]
verify tab[[ChromeDriver: chrome on WINDOWS (1779389475f5b1b6a39a0869e4513b02)] -> xpath: //button[contains(text(),'Logout')]]
verify tab[[ChromeDriver: chrome on WINDOWS (1779389475f5b1b6a39a0869e4513b02)] -> xpath: //button[contains(text(),'Logout')]]
verify tab[[ChromeDriver: chrome on WINDOWS (1779389475f5b1b6a39a0869e4513b02)] -> xpath: //button[contains(text(),'Logout')]]
verify tab[[ChromeDriver: chrome on WINDOWS (1779389475f5b1b6a39a0869e4513b02)] -> xpath: //button[contains(text(),'Logout')]]
verify tab[[ChromeDriver: chrome on WINDOWS (1779389475f5b1b6a39a0869e4513b02)] -> xpath: //button[contains(text(),'Logout')]]
verify tab[[ChromeDriver: chrome on WINDOWS (1779389475f5b1b6a39a0869e4513b02)] -> xpath: //button[contains(text(),'Logout')]]
verify tab[[ChromeDriver: chrome on WINDOWS (1779389475f5b1b6a39a0869e4513b02)] -> xpath: //button[contains(text(),'Logout')]]
verify tab[[ChromeDriver: chrome on WINDOWS (1779389475f5b1b6a39a0869e4513b02)] -> xpath: //button[contains(text(),'Logout')]]
verify tab[[ChromeDriver: chrome on WINDOWS (1779389475f5b1b6a39a0869e4513b02)] -> xpath: //button[contains(text(),'Logout')]]
verify tab[[ChromeDriver: chrome on WINDOWS (1779389475f5b1b6a39a0869e4513b02)] -> xpath: //button[contains(text(),'Logout')]]
verify tab[[ChromeDriver: chrome on WINDOWS (1779389475f5b1b6a39a0869e4513b02)] -> xpath: //button[contains(text(),'Logout')]]
verify tab[[ChromeDriver: chrome on WINDOWS (1779389475f5b1b6a39a0869e4513b02)] -> xpath: //button[contains(text(),'Logout')]]
verify tab[[ChromeDriver: chrome on WINDOWS (1779389475f5b1b6a39a0869e4513b02)] -> xpath: //button[contains(text(),'Logout')]]
verify tab[[ChromeDriver: chrome on WINDOWS (1779389475f5b1b6a39a0869e4513b02)] -> xpath: //button[contains(text(),'Logout')]]
verify tab[[ChromeDriver: chrome on WINDOWS (1779389475f5b1b6a39a0869e4513b02)] -> xpath: //button[contains(text(),'Logout')]]
verify tab[[ChromeDriver: chrome on WINDOWS (1779389475f5b1b6a39a0869e4513b02)] -> xpath: //button[contains(text(),'Logout')]]
verify tab[[ChromeDriver: chrome on WINDOWS (1779389475f5b1b6a39a0869e4513b02)] -> xpath: //button[contains(text(),'Logout')]]
verify tab[[ChromeDriver: chrome on WINDOWS (1779389475f5b1b6a39a0869e4513b02)] -> xpath: //button[contains(text(),'Logout')]]
verify tab[[ChromeDriver: chrome on WINDOWS (1779389475f5b1b6a39a0869e4513b02)] -> xpath: //button[contains(text(),'Logout')]]
verify tab[[ChromeDriver: chrome on WINDOWS (1779389475f5b1b6a39a0869e4513b02)] -> xpath: //button[contains(text(),'Logout')]]
verify tab[[ChromeDriver: chrome on WINDOWS (1779389475f5b1b6a39a0869e4513b02)] -> xpath: //button[contains(text(),'Logout')]]
verify tab[[ChromeDriver: chrome on WINDOWS (1779389475f5b1b6a39a0869e4513b02)] -> xpath: //button[contains(text(),'Logout')]]
verify tab[[ChromeDriver: chrome on WINDOWS (1779389475f5b1b6a39a0869e4513b02)] -> xpath: //button[contains(text(),'Logout')]]
verify tab[[ChromeDriver: chrome on WINDOWS (1779389475f5b1b6a39a0869e4513b02)] -> xpath: //button[contains(text(),'Logout')]]
verify tab[[ChromeDriver: chrome on WINDOWS (1779389475f5b1b6a39a0869e4513b02)] -> xpath: //button[contains(text(),'Logout')]]
verify tab[[ChromeDriver: chrome on WINDOWS (1779389475f5b1b6a39a0869e4513b02)] -> xpath: //button[contains(text(),'Logout')]]
verify tab[[ChromeDriver: chrome on WINDOWS (1779389475f5b1b6a39a0869e4513b02)] -> xpath: //button[contains(text(),'Logout')]]
verify tab[[ChromeDriver: chrome on WINDOWS (1779389475f5b1b6a39a0869e4513b02)] -> xpath: //button[contains(text(),'Logout')]]
verify tab[[ChromeDriver: chrome on WINDOWS (1779389475f5b1b6a39a0869e4513b02)] -> xpath: //button[contains(text(),'Logout')]]
verify tab[[ChromeDriver: chrome on WINDOWS (1779389475f5b1b6a39a0869e4513b02)] -> xpath: //button[contains(text(),'Logout')]]
verify tab[[ChromeDriver: chrome on WINDOWS (1779389475f5b1b6a39a0869e4513b02)] -> xpath: //button[contains(text(),'Logout')]]
verify tab[[ChromeDriver: chrome on WINDOWS (1779389475f5b1b6a39a0869e4513b02)] -> xpath: //button[contains(text(),'Logout')]]
verify tab[[ChromeDriver: chrome on WINDOWS (1779389475f5b1b6a39a0869e4513b02)] -> xpath: //button[contains(text(),'Logout')]]
verify tab[[ChromeDriver: chrome on WINDOWS (1779389475f5b1b6a39a0869e4513b02)] -> xpath: //button[contains(text(),'Logout')]]
verify tab[[ChromeDriver: chrome on WINDOWS (1779389475f5b1b6a39a0869e4513b02)] -> xpath: //button[contains(text(),'Logout')]]
verify tab[[ChromeDriver: chrome on WINDOWS (1779389475f5b1b6a39a0869e4513b02)] -> xpath: //button[contains(text(),'Logout')]]
verify tab[[ChromeDriver: chrome on WINDOWS (1779389475f5b1b6a39a0869e4513b02)] -> xpath: //button[contains(text(),'Logout')]]
verify tab[[ChromeDriver: chrome on WINDOWS (1779389475f5b1b6a39a0869e4513b02)] -> xpath: //button[contains(text(),'Logout')]]
verify tab[[ChromeDriver: chrome on WINDOWS (1779389475f5b1b6a39a0869e4513b02)] -> xpath: //button[contains(text(),'Logout')]]
verify tab[[ChromeDriver: chrome on WINDOWS (1779389475f5b1b6a39a0869e4513b02)] -> xpath: //button[contains(text(),'Logout')]]
verify tab[[ChromeDriver: chrome on WINDOWS (1779389475f5b1b6a39a0869e4513b02)] -> xpath: //button[contains(text(),'Logout')]]
verify tab[[ChromeDriver: chrome on WINDOWS (1779389475f5b1b6a39a0869e4513b02)] -> xpath: //button[contains(text(),'Logout')]]
verify tab[[ChromeDriver: chrome on WINDOWS (1779389475f5b1b6a39a0869e4513b02)] -> xpath: //button[contains(text(),'Logout')]]
verify tab[[ChromeDriver: chrome on WINDOWS (1779389475f5b1b6a39a0869e4513b02)] -> xpath: //button[contains(text(),'Logout')]]
verify tab[[ChromeDriver: chrome on WINDOWS (1779389475f5b1b6a39a0869e4513b02)] -> xpath: //button[contains(text(),'Logout')]]
verify tab[[ChromeDriver: chrome on WINDOWS (1779389475f5b1b6a39a0869e4513b02)] -> xpath: //button[contains(text(),'Logout')]]
verify tab[[ChromeDriver: chrome on WINDOWS (1779389475f5b1b6a39a0869e4513b02)] -> xpath: //button[contains(text(),'Logout')]]
verify tab[[ChromeDriver: chrome on WINDOWS (1779389475f5b1b6a39a0869e4513b02)] -> xpath: //button[contains(text(),'Logout')]]
verify tab[[ChromeDriver: chrome on WINDOWS (1779389475f5b1b6a39a0869e4513b02)] -> xpath: //button[contains(text(),'Logout')]]
verify tab[[ChromeDriver: chrome on WINDOWS (1779389475f5b1b6a39a0869e4513b02)] -> xpath: //button[contains(text(),'Logout')]]
verify tab[[ChromeDriver: chrome on WINDOWS (1779389475f5b1b6a39a0869e4513b02)] -> xpath: //button[contains(text(),'Logout')]]
verify tab[[ChromeDriver: chrome on WINDOWS (1779389475f5b1b6a39a0869e4513b02)] -> xpath: //button[contains(text(),'Logout')]]
verify tab[[ChromeDriver: chrome on WINDOWS (1779389475f5b1b6a39a0869e4513b02)] -> xpath: //button[contains(text(),'Logout')]]
verify tab[[ChromeDriver: chrome on WINDOWS (1779389475f5b1b6a39a0869e4513b02)] -> xpath: //button[contains(text(),'Logout')]]
verify tab[[ChromeDriver: chrome on WINDOWS (1779389475f5b1b6a39a0869e4513b02)] -> xpath: //button[contains(text(),'Logout')]]
verify tab[[ChromeDriver: chrome on WINDOWS (1779389475f5b1b6a39a0869e4513b02)] -> xpath: //button[contains(text(),'Logout')]]
verify tab[[ChromeDriver: chrome on WINDOWS (1779389475f5b1b6a39a0869e4513b02)] -> xpath: //button[contains(text(),'Logout')]]
verify tab[[ChromeDriver: chrome on WINDOWS (1779389475f5b1b6a39a0869e4513b02)] -> xpath: //button[contains(text(),'Logout')]]
verify tab[[ChromeDriver: chrome on WINDOWS (1779389475f5b1b6a39a0869e4513b02)] -> xpath: //button[contains(text(),'Logout')]]
verify tab[[ChromeDriver: chrome on WINDOWS (1779389475f5b1b6a39a0869e4513b02)] -> xpath: //button[contains(text(),'Logout')]]
verify tab[[ChromeDriver: chrome on WINDOWS (1779389475f5b1b6a39a0869e4513b02)] -> xpath: //button[contains(text(),'Logout')]]
verify tab[[ChromeDriver: chrome on WINDOWS (1779389475f5b1b6a39a0869e4513b02)] -> xpath: //button[contains(text(),'Logout')]]
verify tab[[ChromeDriver: chrome on WINDOWS (1779389475f5b1b6a39a0869e4513b02)] -> xpath: //button[contains(text(),'Logout')]]
verify tab[[ChromeDriver: chrome on WINDOWS (1779389475f5b1b6a39a0869e4513b02)] -> xpath: //button[contains(text(),'Logout')]]
verify tab[[ChromeDriver: chrome on WINDOWS (1779389475f5b1b6a39a0869e4513b02)] -> xpath: //button[contains(text(),'Logout')]]
verify tab[[ChromeDriver: chrome on WINDOWS (1779389475f5b1b6a39a0869e4513b02)] -> xpath: //button[contains(text(),'Logout')]]
verify tab[[ChromeDriver: chrome on WINDOWS (1779389475f5b1b6a39a0869e4513b02)] -> xpath: //button[contains(text(),'Logout')]]
verify tab[[ChromeDriver: chrome on WINDOWS (1779389475f5b1b6a39a0869e4513b02)] -> xpath: //button[contains(text(),'Logout')]]
verify tab[[ChromeDriver: chrome on WINDOWS (1779389475f5b1b6a39a0869e4513b02)] -> xpath: //button[contains(text(),'Logout')]]
verify tab[[ChromeDriver: chrome on WINDOWS (1779389475f5b1b6a39a0869e4513b02)] -> xpath: //button[contains(text(),'Logout')]]
verify tab[[ChromeDriver: chrome on WINDOWS (1779389475f5b1b6a39a0869e4513b02)] -> xpath: //button[contains(text(),'Logout')]]
verify tab[[ChromeDriver: chrome on WINDOWS (1779389475f5b1b6a39a0869e4513b02)] -> xpath: //button[contains(text(),'Logout')]]
verify tab[[ChromeDriver: chrome on WINDOWS (1779389475f5b1b6a39a0869e4513b02)] -> xpath: //button[contains(text(),'Logout')]]
verify tab[[ChromeDriver: chrome on WINDOWS (1779389475f5b1b6a39a0869e4513b02)] -> xpath: //button[contains(text(),'Logout')]]
verify tab[[ChromeDriver: chrome on WINDOWS (1779389475f5b1b6a39a0869e4513b02)] -> xpath: //button[contains(text(),'Logout')]]
verify tab[[ChromeDriver: chrome on WINDOWS (1779389475f5b1b6a39a0869e4513b02)] -> xpath: //button[contains(text(),'Logout')]]
verify tab[[ChromeDriver: chrome on WINDOWS (1779389475f5b1b6a39a0869e4513b02)] -> xpath: //button[contains(text(),'Logout')]]
verify tab[[ChromeDriver: chrome on WINDOWS (1779389475f5b1b6a39a0869e4513b02)] -> xpath: //button[contains(text(),'Logout')]]
verify tab[[ChromeDriver: chrome on WINDOWS (1779389475f5b1b6a39a0869e4513b02)] -> xpath: //button[contains(text(),'Logout')]]
verify tab[[ChromeDriver: chrome on WINDOWS (1779389475f5b1b6a39a0869e4513b02)] -> xpath: //button[contains(text(),'Logout')]]
verify tab[[ChromeDriver: chrome on WINDOWS (1779389475f5b1b6a39a0869e4513b02)] -> xpath: //button[contains(text(),'Logout')]]
verify tab[[ChromeDriver: chrome on WINDOWS (1779389475f5b1b6a39a0869e4513b02)] -> xpath: //button[contains(text(),'Logout')]]
verify tab[[ChromeDriver: chrome on WINDOWS (1779389475f5b1b6a39a0869e4513b02)] -> xpath: //button[contains(text(),'Logout')]]
verify tab[[ChromeDriver: chrome on WINDOWS (1779389475f5b1b6a39a0869e4513b02)] -> xpath: //button[contains(text(),'Logout')]]
verify tab[[ChromeDriver: chrome on WINDOWS (1779389475f5b1b6a39a0869e4513b02)] -> xpath: //button[contains(text(),'Logout')]]
verify tab[[ChromeDriver: chrome on WINDOWS (1779389475f5b1b6a39a0869e4513b02)] -> xpath: //button[contains(text(),'Logout')]]
verify tab[[ChromeDriver: chrome on WINDOWS (1779389475f5b1b6a39a0869e4513b02)] -> xpath: //button[contains(text(),'Logout')]]
verify tab[[ChromeDriver: chrome on WINDOWS (1779389475f5b1b6a39a0869e4513b02)] -> xpath: //button[contains(text(),'Logout')]]
verify tab[[ChromeDriver: chrome on WINDOWS (1779389475f5b1b6a39a0869e4513b02)] -> xpath: //button[contains(text(),'Logout')]]
verify tab[[ChromeDriver: chrome on WINDOWS (1779389475f5b1b6a39a0869e4513b02)] -> xpath: //button[contains(text(),'Logout')]]
verify tab[[ChromeDriver: chrome on WINDOWS (1779389475f5b1b6a39a0869e4513b02)] -> xpath: //button[contains(text(),'Logout')]]
verify tab[[ChromeDriver: chrome on WINDOWS (1779389475f5b1b6a39a0869e4513b02)] -> xpath: //button[contains(text(),'Logout')]]
verify tab[[ChromeDriver: chrome on WINDOWS (1779389475f5b1b6a39a0869e4513b02)] -> xpath: //button[contains(text(),'Logout')]]
verify tab[[ChromeDriver: chrome on WINDOWS (1779389475f5b1b6a39a0869e4513b02)] -> xpath: //button[contains(text(),'Logout')]]
verify tab[[ChromeDriver: chrome on WINDOWS (1779389475f5b1b6a39a0869e4513b02)] -> xpath: //button[contains(text(),'Logout')]]
verify tab[[ChromeDriver: chrome on WINDOWS (1779389475f5b1b6a39a0869e4513b02)] -> xpath: //button[contains(text(),'Logout')]]
verify tab[[ChromeDriver: chrome on WINDOWS (1779389475f5b1b6a39a0869e4513b02)] -> xpath: //button[contains(text(),'Logout')]]
verify tab[[ChromeDriver: chrome on WINDOWS (1779389475f5b1b6a39a0869e4513b02)] -> xpath: //button[contains(text(),'Logout')]]
verify tab[[ChromeDriver: chrome on WINDOWS (1779389475f5b1b6a39a0869e4513b02)] -> xpath: //button[contains(text(),'Logout')]]
verify tab[[ChromeDriver: chrome on WINDOWS (1779389475f5b1b6a39a0869e4513b02)] -> xpath: //button[contains(text(),'Logout')]]
verify tab[[ChromeDriver: chrome on WINDOWS (1779389475f5b1b6a39a0869e4513b02)] -> xpath: //button[contains(text(),'Logout')]]
verify tab[[ChromeDriver: chrome on WINDOWS (1779389475f5b1b6a39a0869e4513b02)] -> xpath: //button[contains(text(),'Logout')]]
verify tab[[ChromeDriver: chrome on WINDOWS (1779389475f5b1b6a39a0869e4513b02)] -> xpath: //button[contains(text(),'Logout')]]
verify tab[[ChromeDriver: chrome on WINDOWS (1779389475f5b1b6a39a0869e4513b02)] -> xpath: //button[contains(text(),'Logout')]]
verify tab[[ChromeDriver: chrome on WINDOWS (1779389475f5b1b6a39a0869e4513b02)] -> xpath: //button[contains(text(),'Logout')]]
verify tab[[ChromeDriver: chrome on WINDOWS (1779389475f5b1b6a39a0869e4513b02)] -> xpath: //button[contains(text(),'Logout')]]
verify tab[[ChromeDriver: chrome on WINDOWS (1779389475f5b1b6a39a0869e4513b02)] -> xpath: //button[contains(text(),'Logout')]]
verify tab[[ChromeDriver: chrome on WINDOWS (1779389475f5b1b6a39a0869e4513b02)] -> xpath: //button[contains(text(),'Logout')]]
verify tab[[ChromeDriver: chrome on WINDOWS (1779389475f5b1b6a39a0869e4513b02)] -> xpath: //button[contains(text(),'Logout')]]
verify tab[[ChromeDriver: chrome on WINDOWS (1779389475f5b1b6a39a0869e4513b02)] -> xpath: //button[contains(text(),'Logout')]]
verify tab[[ChromeDriver: chrome on WINDOWS (1779389475f5b1b6a39a0869e4513b02)] -> xpath: //button[contains(text(),'Logout')]]
verify tab[[ChromeDriver: chrome on WINDOWS (1779389475f5b1b6a39a0869e4513b02)] -> xpath: //button[contains(text(),'Logout')]]
verify tab[[ChromeDriver: chrome on WINDOWS (1779389475f5b1b6a39a0869e4513b02)] -> xpath: //button[contains(text(),'Logout')]]
verify tab[[ChromeDriver: chrome on WINDOWS (1779389475f5b1b6a39a0869e4513b02)] -> xpath: //button[contains(text(),'Logout')]]
verify tab[[ChromeDriver: chrome on WINDOWS (1779389475f5b1b6a39a0869e4513b02)] -> xpath: //button[contains(text(),'Logout')]]
verify tab[[ChromeDriver: chrome on WINDOWS (1779389475f5b1b6a39a0869e4513b02)] -> xpath: //button[contains(text(),'Logout')]]
verify tab[[ChromeDriver: chrome on WINDOWS (1779389475f5b1b6a39a0869e4513b02)] -> xpath: //button[contains(text(),'Logout')]]
verify tab[[ChromeDriver: chrome on WINDOWS (1779389475f5b1b6a39a0869e4513b02)] -> xpath: //button[contains(text(),'Logout')]]
verify tab[[ChromeDriver: chrome on WINDOWS (1779389475f5b1b6a39a0869e4513b02)] -> xpath: //button[contains(text(),'Logout')]]
verify tab[[ChromeDriver: chrome on WINDOWS (1779389475f5b1b6a39a0869e4513b02)] -> xpath: //button[contains(text(),'Logout')]]
verify tab[[ChromeDriver: chrome on WINDOWS (1779389475f5b1b6a39a0869e4513b02)] -> xpath: //button[contains(text(),'Logout')]]
verify tab[[ChromeDriver: chrome on WINDOWS (1779389475f5b1b6a39a0869e4513b02)] -> xpath: //button[contains(text(),'Logout')]]
verify tab[[ChromeDriver: chrome on WINDOWS (1779389475f5b1b6a39a0869e4513b02)] -> xpath: //button[contains(text(),'Logout')]]
verify tab[[ChromeDriver: chrome on WINDOWS (1779389475f5b1b6a39a0869e4513b02)] -> xpath: //button[contains(text(),'Logout')]]
verify tab[[ChromeDriver: chrome on WINDOWS (1779389475f5b1b6a39a0869e4513b02)] -> xpath: //button[contains(text(),'Logout')]]
verify tab[[ChromeDriver: chrome on WINDOWS (1779389475f5b1b6a39a0869e4513b02)] -> xpath: //button[contains(text(),'Logout')]]
verify tab[[ChromeDriver: chrome on WINDOWS (1779389475f5b1b6a39a0869e4513b02)] -> xpath: //button[contains(text(),'Logout')]]
verify tab[[ChromeDriver: chrome on WINDOWS (1779389475f5b1b6a39a0869e4513b02)] -> xpath: //button[contains(text(),'Logout')]]
verify tab[[ChromeDriver: chrome on WINDOWS (1779389475f5b1b6a39a0869e4513b02)] -> xpath: //button[contains(text(),'Logout')]]
verify tab[[ChromeDriver: chrome on WINDOWS (1779389475f5b1b6a39a0869e4513b02)] -> xpath: //button[contains(text(),'Logout')]]
verify tab[[ChromeDriver: chrome on WINDOWS (1779389475f5b1b6a39a0869e4513b02)] -> xpath: //button[contains(text(),'Logout')]]
verify tab[[ChromeDriver: chrome on WINDOWS (1779389475f5b1b6a39a0869e4513b02)] -> xpath: //button[contains(text(),'Logout')]]
verify tab[[ChromeDriver: chrome on WINDOWS (1779389475f5b1b6a39a0869e4513b02)] -> xpath: //button[contains(text(),'Logout')]]
verify tab[[ChromeDriver: chrome on WINDOWS (1779389475f5b1b6a39a0869e4513b02)] -> xpath: //button[contains(text(),'Logout')]]
verify tab[[ChromeDriver: chrome on WINDOWS (1779389475f5b1b6a39a0869e4513b02)] -> xpath: //button[contains(text(),'Logout')]]
verify tab[[ChromeDriver: chrome on WINDOWS (1779389475f5b1b6a39a0869e4513b02)] -> xpath: //button[contains(text(),'Logout')]]
verify tab[[ChromeDriver: chrome on WINDOWS (1779389475f5b1b6a39a0869e4513b02)] -> xpath: //button[contains(text(),'Logout')]]
verify tab[[ChromeDriver: chrome on WINDOWS (1779389475f5b1b6a39a0869e4513b02)] -> xpath: //button[contains(text(),'Logout')]]
verify tab[[ChromeDriver: chrome on WINDOWS (1779389475f5b1b6a39a0869e4513b02)] -> xpath: //button[contains(text(),'Logout')]]
verify tab[[ChromeDriver: chrome on WINDOWS (1779389475f5b1b6a39a0869e4513b02)] -> xpath: //button[contains(text(),'Logout')]]
verify tab[[ChromeDriver: chrome on WINDOWS (1779389475f5b1b6a39a0869e4513b02)] -> xpath: //button[contains(text(),'Logout')]]
verify tab[[ChromeDriver: chrome on WINDOWS (1779389475f5b1b6a39a0869e4513b02)] -> xpath: //button[contains(text(),'Logout')]]
verify tab[[ChromeDriver: chrome on WINDOWS (1779389475f5b1b6a39a0869e4513b02)] -> xpath: //button[contains(text(),'Logout')]]
verify tab[[ChromeDriver: chrome on WINDOWS (1779389475f5b1b6a39a0869e4513b02)] -> xpath: //button[contains(text(),'Logout')]]
verify tab[[ChromeDriver: chrome on WINDOWS (1779389475f5b1b6a39a0869e4513b02)] -> xpath: //button[contains(text(),'Logout')]]
verify tab[[ChromeDriver: chrome on WINDOWS (1779389475f5b1b6a39a0869e4513b02)] -> xpath: //button[contains(text(),'Logout')]]
verify tab[[ChromeDriver: chrome on WINDOWS (1779389475f5b1b6a39a0869e4513b02)] -> xpath: //button[contains(text(),'Logout')]]
verify tab[[ChromeDriver: chrome on WINDOWS (1779389475f5b1b6a39a0869e4513b02)] -> xpath: //button[contains(text(),'Logout')]]
verify tab[[ChromeDriver: chrome on WINDOWS (1779389475f5b1b6a39a0869e4513b02)] -> xpath: //button[contains(text(),'Logout')]]
verify tab[[ChromeDriver: chrome on WINDOWS (1779389475f5b1b6a39a0869e4513b02)] -> xpath: //button[contains(text(),'Logout')]]
verify tab[[ChromeDriver: chrome on WINDOWS (1779389475f5b1b6a39a0869e4513b02)] -> xpath: //button[contains(text(),'Logout')]]
verify tab[[ChromeDriver: chrome on WINDOWS (1779389475f5b1b6a39a0869e4513b02)] -> xpath: //button[contains(text(),'Logout')]]
verify tab[[ChromeDriver: chrome on WINDOWS (1779389475f5b1b6a39a0869e4513b02)] -> xpath: //button[contains(text(),'Logout')]]
verify tab[[ChromeDriver: chrome on WINDOWS (1779389475f5b1b6a39a0869e4513b02)] -> xpath: //button[contains(text(),'Logout')]]
verify tab[[ChromeDriver: chrome on WINDOWS (1779389475f5b1b6a39a0869e4513b02)] -> xpath: //button[contains(text(),'Logout')]]
verify tab[[ChromeDriver: chrome on WINDOWS (1779389475f5b1b6a39a0869e4513b02)] -> xpath: //button[contains(text(),'Logout')]]
verify tab[[ChromeDriver: chrome on WINDOWS (1779389475f5b1b6a39a0869e4513b02)] -> xpath: //button[contains(text(),'Logout')]]
verify tab[[ChromeDriver: chrome on WINDOWS (1779389475f5b1b6a39a0869e4513b02)] -> xpath: //button[contains(text(),'Logout')]]
verify tab[[ChromeDriver: chrome on WINDOWS (1779389475f5b1b6a39a0869e4513b02)] -> xpath: //button[contains(text(),'Logout')]]
verify tab[[ChromeDriver: chrome on WINDOWS (1779389475f5b1b6a39a0869e4513b02)] -> xpath: //button[contains(text(),'Logout')]]
verify tab[[ChromeDriver: chrome on WINDOWS (1779389475f5b1b6a39a0869e4513b02)] -> xpath: //button[contains(text(),'Logout')]]
verify tab[[ChromeDriver: chrome on WINDOWS (1779389475f5b1b6a39a0869e4513b02)] -> xpath: //button[contains(text(),'Logout')]]
verify tab[[ChromeDriver: chrome on WINDOWS (1779389475f5b1b6a39a0869e4513b02)] -> xpath: //button[contains(text(),'Logout')]]
verify tab[[ChromeDriver: chrome on WINDOWS (1779389475f5b1b6a39a0869e4513b02)] -> xpath: //button[contains(text(),'Logout')]]
verify tab[[ChromeDriver: chrome on WINDOWS (1779389475f5b1b6a39a0869e4513b02)] -> xpath: //button[contains(text(),'Logout')]]
verify tab[[ChromeDriver: chrome on WINDOWS (1779389475f5b1b6a39a0869e4513b02)] -> xpath: //button[contains(text(),'Logout')]]
verify tab[[ChromeDriver: chrome on WINDOWS (1779389475f5b1b6a39a0869e4513b02)] -> xpath: //button[contains(text(),'Logout')]]
verify tab[[ChromeDriver: chrome on WINDOWS (1779389475f5b1b6a39a0869e4513b02)] -> xpath: //button[contains(text(),'Logout')]]
verify tab[[ChromeDriver: chrome on WINDOWS (1779389475f5b1b6a39a0869e4513b02)] -> xpath: //button[contains(text(),'Logout')]]
verify tab[[ChromeDriver: chrome on WINDOWS (1779389475f5b1b6a39a0869e4513b02)] -> xpath: //button[contains(text(),'Logout')]]
verify tab[[ChromeDriver: chrome on WINDOWS (1779389475f5b1b6a39a0869e4513b02)] -> xpath: //button[contains(text(),'Logout')]]
verify tab[[ChromeDriver: chrome on WINDOWS (1779389475f5b1b6a39a0869e4513b02)] -> xpath: //button[contains(text(),'Logout')]]
verify tab[[ChromeDriver: chrome on WINDOWS (1779389475f5b1b6a39a0869e4513b02)] -> xpath: //button[contains(text(),'Logout')]]
verify tab[[ChromeDriver: chrome on WINDOWS (1779389475f5b1b6a39a0869e4513b02)] -> xpath: //button[contains(text(),'Logout')]]
verify tab[[ChromeDriver: chrome on WINDOWS (1779389475f5b1b6a39a0869e4513b02)] -> xpath: //button[contains(text(),'Logout')]]
verify tab[[ChromeDriver: chrome on WINDOWS (1779389475f5b1b6a39a0869e4513b02)] -> xpath: //button[contains(text(),'Logout')]]
verify tab[[ChromeDriver: chrome on WINDOWS (1779389475f5b1b6a39a0869e4513b02)] -> xpath: //button[contains(text(),'Logout')]]
verify tab[[ChromeDriver: chrome on WINDOWS (1779389475f5b1b6a39a0869e4513b02)] -> xpath: //button[contains(text(),'Logout')]]
verify tab[[ChromeDriver: chrome on WINDOWS (1779389475f5b1b6a39a0869e4513b02)] -> xpath: //button[contains(text(),'Logout')]]
verify tab[[ChromeDriver: chrome on WINDOWS (1779389475f5b1b6a39a0869e4513b02)] -> xpath: //button[contains(text(),'Logout')]]
verify tab[[ChromeDriver: chrome on WINDOWS (1779389475f5b1b6a39a0869e4513b02)] -> xpath: //button[contains(text(),'Logout')]]
verify tab[[ChromeDriver: chrome on WINDOWS (1779389475f5b1b6a39a0869e4513b02)] -> xpath: //button[contains(text(),'Logout')]]
verify tab[[ChromeDriver: chrome on WINDOWS (1779389475f5b1b6a39a0869e4513b02)] -> xpath: //button[contains(text(),'Logout')]]
verify tab[[ChromeDriver: chrome on WINDOWS (1779389475f5b1b6a39a0869e4513b02)] -> xpath: //button[contains(text(),'Logout')]]
verify tab[[ChromeDriver: chrome on WINDOWS (1779389475f5b1b6a39a0869e4513b02)] -> xpath: //button[contains(text(),'Logout')]]
verify tab[[ChromeDriver: chrome on WINDOWS (1779389475f5b1b6a39a0869e4513b02)] -> xpath: //button[contains(text(),'Logout')]]
verify tab[[ChromeDriver: chrome on WINDOWS (1779389475f5b1b6a39a0869e4513b02)] -> xpath: //button[contains(text(),'Logout')]]
verify tab[[ChromeDriver: chrome on WINDOWS (1779389475f5b1b6a39a0869e4513b02)] -> xpath: //button[contains(text(),'Logout')]]
verify tab[[ChromeDriver: chrome on WINDOWS (1779389475f5b1b6a39a0869e4513b02)] -> xpath: //button[contains(text(),'Logout')]]
verify tab[[ChromeDriver: chrome on WINDOWS (1779389475f5b1b6a39a0869e4513b02)] -> xpath: //button[contains(text(),'Logout')]]
verify tab[[ChromeDriver: chrome on WINDOWS (1779389475f5b1b6a39a0869e4513b02)] -> xpath: //button[contains(text(),'Logout')]]
verify tab[[ChromeDriver: chrome on WINDOWS (1779389475f5b1b6a39a0869e4513b02)] -> xpath: //button[contains(text(),'Logout')]]
verify tab[[ChromeDriver: chrome on WINDOWS (1779389475f5b1b6a39a0869e4513b02)] -> xpath: //button[contains(text(),'Logout')]]
verify tab[[ChromeDriver: chrome on WINDOWS (1779389475f5b1b6a39a0869e4513b02)] -> xpath: //button[contains(text(),'Logout')]]
verify tab[[ChromeDriver: chrome on WINDOWS (1779389475f5b1b6a39a0869e4513b02)] -> xpath: //button[contains(text(),'Logout')]]
verify tab[[ChromeDriver: chrome on WINDOWS (1779389475f5b1b6a39a0869e4513b02)] -> xpath: //button[contains(text(),'Logout')]]
verify tab[[ChromeDriver: chrome on WINDOWS (1779389475f5b1b6a39a0869e4513b02)] -> xpath: //button[contains(text(),'Logout')]]
verify tab[[ChromeDriver: chrome on WINDOWS (1779389475f5b1b6a39a0869e4513b02)] -> xpath: //button[contains(text(),'Logout')]]
verify tab[[ChromeDriver: chrome on WINDOWS (1779389475f5b1b6a39a0869e4513b02)] -> xpath: //button[contains(text(),'Logout')]]
verify tab[[ChromeDriver: chrome on WINDOWS (1779389475f5b1b6a39a0869e4513b02)] -> xpath: //button[contains(text(),'Logout')]]
verify tab[[ChromeDriver: chrome on WINDOWS (1779389475f5b1b6a39a0869e4513b02)] -> xpath: //button[contains(text(),'Logout')]]
verify tab[[ChromeDriver: chrome on WINDOWS (1779389475f5b1b6a39a0869e4513b02)] -> xpath: //button[contains(text(),'Logout')]]
verify tab[[ChromeDriver: chrome on WINDOWS (1779389475f5b1b6a39a0869e4513b02)] -> xpath: //button[contains(text(),'Logout')]]
verify tab[[ChromeDriver: chrome on WINDOWS (1779389475f5b1b6a39a0869e4513b02)] -> xpath: //button[contains(text(),'Logout')]]
verify tab[[ChromeDriver: chrome on WINDOWS (1779389475f5b1b6a39a0869e4513b02)] -> xpath: //button[contains(text(),'Logout')]]
verify tab[[ChromeDriver: chrome on WINDOWS (1779389475f5b1b6a39a0869e4513b02)] -> xpath: //button[contains(text(),'Logout')]]
verify tab[[ChromeDriver: chrome on WINDOWS (1779389475f5b1b6a39a0869e4513b02)] -> xpath: //button[contains(text(),'Logout')]]
verify tab[[ChromeDriver: chrome on WINDOWS (1779389475f5b1b6a39a0869e4513b02)] -> xpath: //button[contains(text(),'Logout')]]
verify tab[[ChromeDriver: chrome on WINDOWS (1779389475f5b1b6a39a0869e4513b02)] -> xpath: //button[contains(text(),'Logout')]]
verify tab[[ChromeDriver: chrome on WINDOWS (1779389475f5b1b6a39a0869e4513b02)] -> xpath: //button[contains(text(),'Logout')]]
verify tab[[ChromeDriver: chrome on WINDOWS (1779389475f5b1b6a39a0869e4513b02)] -> xpath: //button[contains(text(),'Logout')]]
verify tab[[ChromeDriver: chrome on WINDOWS (1779389475f5b1b6a39a0869e4513b02)] -> xpath: //button[contains(text(),'Logout')]]
verify tab[[ChromeDriver: chrome on WINDOWS (1779389475f5b1b6a39a0869e4513b02)] -> xpath: //button[contains(text(),'Logout')]]
verify tab[[ChromeDriver: chrome on WINDOWS (1779389475f5b1b6a39a0869e4513b02)] -> xpath: //button[contains(text(),'Logout')]]
verify tab[[ChromeDriver: chrome on WINDOWS (1779389475f5b1b6a39a0869e4513b02)] -> xpath: //button[contains(text(),'Logout')]]
verify tab[[ChromeDriver: chrome on WINDOWS (1779389475f5b1b6a39a0869e4513b02)] -> xpath: //button[contains(text(),'Logout')]]
verify tab[[ChromeDriver: chrome on WINDOWS (1779389475f5b1b6a39a0869e4513b02)] -> xpath: //button[contains(text(),'Logout')]]
verify tab[[ChromeDriver: chrome on WINDOWS (1779389475f5b1b6a39a0869e4513b02)] -> xpath: //button[contains(text(),'Logout')]]
verify tab[[ChromeDriver: chrome on WINDOWS (1779389475f5b1b6a39a0869e4513b02)] -> xpath: //button[contains(text(),'Logout')]]
verify tab[[ChromeDriver: chrome on WINDOWS (1779389475f5b1b6a39a0869e4513b02)] -> xpath: //button[contains(text(),'Logout')]]
verify tab[[ChromeDriver: chrome on WINDOWS (1779389475f5b1b6a39a0869e4513b02)] -> xpath: //button[contains(text(),'Logout')]]
verify tab[[ChromeDriver: chrome on WINDOWS (1779389475f5b1b6a39a0869e4513b02)] -> xpath: //button[contains(text(),'Logout')]]
verify tab[[ChromeDriver: chrome on WINDOWS (1779389475f5b1b6a39a0869e4513b02)] -> xpath: //button[contains(text(),'Logout')]]
verify tab[[ChromeDriver: chrome on WINDOWS (1779389475f5b1b6a39a0869e4513b02)] -> xpath: //button[contains(text(),'Logout')]]
verify tab[[ChromeDriver: chrome on WINDOWS (1779389475f5b1b6a39a0869e4513b02)] -> xpath: //button[contains(text(),'Logout')]]
verify tab[[ChromeDriver: chrome on WINDOWS (1779389475f5b1b6a39a0869e4513b02)] -> xpath: //button[contains(text(),'Logout')]]
verify tab[[ChromeDriver: chrome on WINDOWS (1779389475f5b1b6a39a0869e4513b02)] -> xpath: //button[contains(text(),'Logout')]]
verify tab[[ChromeDriver: chrome on WINDOWS (1779389475f5b1b6a39a0869e4513b02)] -> xpath: //button[contains(text(),'Logout')]]
verify tab[[ChromeDriver: chrome on WINDOWS (1779389475f5b1b6a39a0869e4513b02)] -> xpath: //button[contains(text(),'Logout')]]
verify tab[[ChromeDriver: chrome on WINDOWS (1779389475f5b1b6a39a0869e4513b02)] -> xpath: //button[contains(text(),'Logout')]]
verify tab[[ChromeDriver: chrome on WINDOWS (1779389475f5b1b6a39a0869e4513b02)] -> xpath: //button[contains(text(),'Logout')]]
verify tab[[ChromeDriver: chrome on WINDOWS (1779389475f5b1b6a39a0869e4513b02)] -> xpath: //button[contains(text(),'Logout')]]
verify tab[[ChromeDriver: chrome on WINDOWS (1779389475f5b1b6a39a0869e4513b02)] -> xpath: //button[contains(text(),'Logout')]]
verify tab[[ChromeDriver: chrome on WINDOWS (1779389475f5b1b6a39a0869e4513b02)] -> xpath: //button[contains(text(),'Logout')]]
verify tab[[ChromeDriver: chrome on WINDOWS (1779389475f5b1b6a39a0869e4513b02)] -> xpath: //button[contains(text(),'Logout')]]
verify tab[[ChromeDriver: chrome on WINDOWS (1779389475f5b1b6a39a0869e4513b02)] -> xpath: //button[contains(text(),'Logout')]]
verify tab[[ChromeDriver: chrome on WINDOWS (1779389475f5b1b6a39a0869e4513b02)] -> xpath: //button[contains(text(),'Logout')]]
verify tab[[ChromeDriver: chrome on WINDOWS (1779389475f5b1b6a39a0869e4513b02)] -> xpath: //button[contains(text(),'Logout')]]
verify tab[[ChromeDriver: chrome on WINDOWS (1779389475f5b1b6a39a0869e4513b02)] -> xpath: //button[contains(text(),'Logout')]]
verify tab[[ChromeDriver: chrome on WINDOWS (1779389475f5b1b6a39a0869e4513b02)] -> xpath: //button[contains(text(),'Logout')]]
verify tab[[ChromeDriver: chrome on WINDOWS (1779389475f5b1b6a39a0869e4513b02)] -> xpath: //button[contains(text(),'Logout')]]
verify tab[[ChromeDriver: chrome on WINDOWS (1779389475f5b1b6a39a0869e4513b02)] -> xpath: //button[contains(text(),'Logout')]]
verify tab[[ChromeDriver: chrome on WINDOWS (1779389475f5b1b6a39a0869e4513b02)] -> xpath: //button[contains(text(),'Logout')]]
verify tab[[ChromeDriver: chrome on WINDOWS (1779389475f5b1b6a39a0869e4513b02)] -> xpath: //button[contains(text(),'Logout')]]
verify tab[[ChromeDriver: chrome on WINDOWS (1779389475f5b1b6a39a0869e4513b02)] -> xpath: //button[contains(text(),'Logout')]]
verify tab[[ChromeDriver: chrome on WINDOWS (1779389475f5b1b6a39a0869e4513b02)] -> xpath: //button[contains(text(),'Logout')]]
verify tab[[ChromeDriver: chrome on WINDOWS (1779389475f5b1b6a39a0869e4513b02)] -> xpath: //button[contains(text(),'Logout')]]
verify tab[[ChromeDriver: chrome on WINDOWS (1779389475f5b1b6a39a0869e4513b02)] -> xpath: //button[contains(text(),'Logout')]]
verify tab[[ChromeDriver: chrome on WINDOWS (1779389475f5b1b6a39a0869e4513b02)] -> xpath: //button[contains(text(),'Logout')]]
verify tab[[ChromeDriver: chrome on WINDOWS (1779389475f5b1b6a39a0869e4513b02)] -> xpath: //button[contains(text(),'Logout')]]
verify tab[[ChromeDriver: chrome on WINDOWS (1779389475f5b1b6a39a0869e4513b02)] -> xpath: //button[contains(text(),'Logout')]]
verify tab[[ChromeDriver: chrome on WINDOWS (1779389475f5b1b6a39a0869e4513b02)] -> xpath: //button[contains(text(),'Logout')]]
verify tab[[ChromeDriver: chrome on WINDOWS (1779389475f5b1b6a39a0869e4513b02)] -> xpath: //button[contains(text(),'Logout')]]
verify tab[[ChromeDriver: chrome on WINDOWS (1779389475f5b1b6a39a0869e4513b02)] -> xpath: //button[contains(text(),'Logout')]]
verify tab[[ChromeDriver: chrome on WINDOWS (1779389475f5b1b6a39a0869e4513b02)] -> xpath: //button[contains(text(),'Logout')]]
verify tab[[ChromeDriver: chrome on WINDOWS (1779389475f5b1b6a39a0869e4513b02)] -> xpath: //button[contains(text(),'Logout')]]
verify tab[[ChromeDriver: chrome on WINDOWS (1779389475f5b1b6a39a0869e4513b02)] -> xpath: //button[contains(text(),'Logout')]]
verify tab[[ChromeDriver: chrome on WINDOWS (1779389475f5b1b6a39a0869e4513b02)] -> xpath: //button[contains(text(),'Logout')]]
verify tab[[ChromeDriver: chrome on WINDOWS (1779389475f5b1b6a39a0869e4513b02)] -> xpath: //button[contains(text(),'Logout')]]
verify tab[[ChromeDriver: chrome on WINDOWS (1779389475f5b1b6a39a0869e4513b02)] -> xpath: //button[contains(text(),'Logout')]]
verify tab[[ChromeDriver: chrome on WINDOWS (1779389475f5b1b6a39a0869e4513b02)] -> xpath: //button[contains(text(),'Logout')]]
verify tab[[ChromeDriver: chrome on WINDOWS (1779389475f5b1b6a39a0869e4513b02)] -> xpath: //button[contains(text(),'Logout')]]
verify tab[[ChromeDriver: chrome on WINDOWS (1779389475f5b1b6a39a0869e4513b02)] -> xpath: //button[contains(text(),'Logout')]]
verify tab[[ChromeDriver: chrome on WINDOWS (1779389475f5b1b6a39a0869e4513b02)] -> xpath: //button[contains(text(),'Logout')]]
verify tab[[ChromeDriver: chrome on WINDOWS (1779389475f5b1b6a39a0869e4513b02)] -> xpath: //button[contains(text(),'Logout')]]
verify tab[[ChromeDriver: chrome on WINDOWS (1779389475f5b1b6a39a0869e4513b02)] -> xpath: //button[contains(text(),'Logout')]]
verify tab[[ChromeDriver: chrome on WINDOWS (1779389475f5b1b6a39a0869e4513b02)] -> xpath: //button[contains(text(),'Logout')]]
verify tab[[ChromeDriver: chrome on WINDOWS (1779389475f5b1b6a39a0869e4513b02)] -> xpath: //button[contains(text(),'Logout')]]
verify tab[[ChromeDriver: chrome on WINDOWS (1779389475f5b1b6a39a0869e4513b02)] -> xpath: //button[contains(text(),'Logout')]]
verify tab[[ChromeDriver: chrome on WINDOWS (1779389475f5b1b6a39a0869e4513b02)] -> xpath: //button[contains(text(),'Logout')]]
verify tab[[ChromeDriver: chrome on WINDOWS (1779389475f5b1b6a39a0869e4513b02)] -> xpath: //button[contains(text(),'Logout')]]
verify tab[[ChromeDriver: chrome on WINDOWS (1779389475f5b1b6a39a0869e4513b02)] -> xpath: //button[contains(text(),'Logout')]]
verify tab[[ChromeDriver: chrome on WINDOWS (1779389475f5b1b6a39a0869e4513b02)] -> xpath: //button[contains(text(),'Logout')]]
verify tab[[ChromeDriver: chrome on WINDOWS (1779389475f5b1b6a39a0869e4513b02)] -> xpath: //button[contains(text(),'Logout')]]
verify tab[[ChromeDriver: chrome on WINDOWS (1779389475f5b1b6a39a0869e4513b02)] -> xpath: //button[contains(text(),'Logout')]]
verify tab[[ChromeDriver: chrome on WINDOWS (1779389475f5b1b6a39a0869e4513b02)] -> xpath: //button[contains(text(),'Logout')]]
verify tab[[ChromeDriver: chrome on WINDOWS (1779389475f5b1b6a39a0869e4513b02)] -> xpath: //button[contains(text(),'Logout')]]
verify tab[[ChromeDriver: chrome on WINDOWS (1779389475f5b1b6a39a0869e4513b02)] -> xpath: //button[contains(text(),'Logout')]]
verify tab[[ChromeDriver: chrome on WINDOWS (1779389475f5b1b6a39a0869e4513b02)] -> xpath: //button[contains(text(),'Logout')]]
verify tab[[ChromeDriver: chrome on WINDOWS (1779389475f5b1b6a39a0869e4513b02)] -> xpath: //button[contains(text(),'Logout')]]
verify tab[[ChromeDriver: chrome on WINDOWS (1779389475f5b1b6a39a0869e4513b02)] -> xpath: //button[contains(text(),'Logout')]]
verify tab[[ChromeDriver: chrome on WINDOWS (1779389475f5b1b6a39a0869e4513b02)] -> xpath: //button[contains(text(),'Logout')]]
verify tab[[ChromeDriver: chrome on WINDOWS (1779389475f5b1b6a39a0869e4513b02)] -> xpath: //button[contains(text(),'Logout')]]
verify tab[[ChromeDriver: chrome on WINDOWS (1779389475f5b1b6a39a0869e4513b02)] -> xpath: //button[contains(text(),'Logout')]]
verify tab[[ChromeDriver: chrome on WINDOWS (1779389475f5b1b6a39a0869e4513b02)] -> xpath: //button[contains(text(),'Logout')]]
verify tab[[ChromeDriver: chrome on WINDOWS (1779389475f5b1b6a39a0869e4513b02)] -> xpath: //button[contains(text(),'Logout')]]
verify tab[[ChromeDriver: chrome on WINDOWS (1779389475f5b1b6a39a0869e4513b02)] -> xpath: //button[contains(text(),'Logout')]]
verify tab[[ChromeDriver: chrome on WINDOWS (1779389475f5b1b6a39a0869e4513b02)] -> xpath: //button[contains(text(),'Logout')]]
verify tab[[ChromeDriver: chrome on WINDOWS (1779389475f5b1b6a39a0869e4513b02)] -> xpath: //button[contains(text(),'Logout')]]
verify tab[[ChromeDriver: chrome on WINDOWS (1779389475f5b1b6a39a0869e4513b02)] -> xpath: //button[contains(text(),'Logout')]]
verify tab[[ChromeDriver: chrome on WINDOWS (1779389475f5b1b6a39a0869e4513b02)] -> xpath: //button[contains(text(),'Logout')]]
verify tab[[ChromeDriver: chrome on WINDOWS (1779389475f5b1b6a39a0869e4513b02)] -> xpath: //button[contains(text(),'Logout')]]
verify tab[[ChromeDriver: chrome on WINDOWS (1779389475f5b1b6a39a0869e4513b02)] -> xpath: //button[contains(text(),'Logout')]]
verify tab[[ChromeDriver: chrome on WINDOWS (1779389475f5b1b6a39a0869e4513b02)] -> xpath: //button[contains(text(),'Logout')]]
verify tab[[ChromeDriver: chrome on WINDOWS (1779389475f5b1b6a39a0869e4513b02)] -> xpath: //button[contains(text(),'Logout')]]
verify tab[[ChromeDriver: chrome on WINDOWS (1779389475f5b1b6a39a0869e4513b02)] -> xpath: //button[contains(text(),'Logout')]]
verify tab[[ChromeDriver: chrome on WINDOWS (1779389475f5b1b6a39a0869e4513b02)] -> xpath: //button[contains(text(),'Logout')]]
verify tab[[ChromeDriver: chrome on WINDOWS (1779389475f5b1b6a39a0869e4513b02)] -> xpath: //button[contains(text(),'Logout')]]
verify tab[[ChromeDriver: chrome on WINDOWS (1779389475f5b1b6a39a0869e4513b02)] -> xpath: //button[contains(text(),'Logout')]]
verify tab[[ChromeDriver: chrome on WINDOWS (1779389475f5b1b6a39a0869e4513b02)] -> xpath: //button[contains(text(),'Logout')]]
verify tab[[ChromeDriver: chrome on WINDOWS (1779389475f5b1b6a39a0869e4513b02)] -> xpath: //button[contains(text(),'Logout')]]
verify tab[[ChromeDriver: chrome on WINDOWS (1779389475f5b1b6a39a0869e4513b02)] -> xpath: //button[contains(text(),'Logout')]]
verify tab[[ChromeDriver: chrome on WINDOWS (1779389475f5b1b6a39a0869e4513b02)] -> xpath: //button[contains(text(),'Logout')]]
verify tab[[ChromeDriver: chrome on WINDOWS (1779389475f5b1b6a39a0869e4513b02)] -> xpath: //button[contains(text(),'Logout')]]
verify tab[[ChromeDriver: chrome on WINDOWS (1779389475f5b1b6a39a0869e4513b02)] -> xpath: //button[contains(text(),'Logout')]]
verify tab[[ChromeDriver: chrome on WINDOWS (1779389475f5b1b6a39a0869e4513b02)] -> xpath: //button[contains(text(),'Logout')]]
verify tab[[ChromeDriver: chrome on WINDOWS (1779389475f5b1b6a39a0869e4513b02)] -> xpath: //button[contains(text(),'Logout')]]
verify tab[[ChromeDriver: chrome on WINDOWS (1779389475f5b1b6a39a0869e4513b02)] -> xpath: //button[contains(text(),'Logout')]]
verify tab[[ChromeDriver: chrome on WINDOWS (1779389475f5b1b6a39a0869e4513b02)] -> xpath: //button[contains(text(),'Logout')]]
verify tab[[ChromeDriver: chrome on WINDOWS (1779389475f5b1b6a39a0869e4513b02)] -> xpath: //button[contains(text(),'Logout')]]
verify tab[[ChromeDriver: chrome on WINDOWS (1779389475f5b1b6a39a0869e4513b02)] -> xpath: //button[contains(text(),'Logout')]]
verify tab[[ChromeDriver: chrome on WINDOWS (1779389475f5b1b6a39a0869e4513b02)] -> xpath: //button[contains(text(),'Logout')]]
verify tab[[ChromeDriver: chrome on WINDOWS (1779389475f5b1b6a39a0869e4513b02)] -> xpath: //button[contains(text(),'Logout')]]
verify tab[[ChromeDriver: chrome on WINDOWS (1779389475f5b1b6a39a0869e4513b02)] -> xpath: //button[contains(text(),'Logout')]]
verify tab[[ChromeDriver: chrome on WINDOWS (1779389475f5b1b6a39a0869e4513b02)] -> xpath: //button[contains(text(),'Logout')]]
verify tab[[ChromeDriver: chrome on WINDOWS (1779389475f5b1b6a39a0869e4513b02)] -> xpath: //button[contains(text(),'Logout')]]
verify tab[[ChromeDriver: chrome on WINDOWS (1779389475f5b1b6a39a0869e4513b02)] -> xpath: //button[contains(text(),'Logout')]]
verify tab[[ChromeDriver: chrome on WINDOWS (1779389475f5b1b6a39a0869e4513b02)] -> xpath: //button[contains(text(),'Logout')]]
verify tab[[ChromeDriver: chrome on WINDOWS (1779389475f5b1b6a39a0869e4513b02)] -> xpath: //button[contains(text(),'Logout')]]
verify tab[[ChromeDriver: chrome on WINDOWS (1779389475f5b1b6a39a0869e4513b02)] -> xpath: //button[contains(text(),'Logout')]]
verify tab[[ChromeDriver: chrome on WINDOWS (1779389475f5b1b6a39a0869e4513b02)] -> xpath: //button[contains(text(),'Logout')]]
verify tab[[ChromeDriver: chrome on WINDOWS (1779389475f5b1b6a39a0869e4513b02)] -> xpath: //button[contains(text(),'Logout')]]
verify tab[[ChromeDriver: chrome on WINDOWS (1779389475f5b1b6a39a0869e4513b02)] -> xpath: //button[contains(text(),'Logout')]]
verify tab[[ChromeDriver: chrome on WINDOWS (1779389475f5b1b6a39a0869e4513b02)] -> xpath: //button[contains(text(),'Logout')]]
verify tab[[ChromeDriver: chrome on WINDOWS (1779389475f5b1b6a39a0869e4513b02)] -> xpath: //button[contains(text(),'Logout')]]
verify tab[[ChromeDriver: chrome on WINDOWS (1779389475f5b1b6a39a0869e4513b02)] -> xpath: //button[contains(text(),'Logout')]]
verify tab[[ChromeDriver: chrome on WINDOWS (1779389475f5b1b6a39a0869e4513b02)] -> xpath: //button[contains(text(),'Logout')]]
verify tab[[ChromeDriver: chrome on WINDOWS (1779389475f5b1b6a39a0869e4513b02)] -> xpath: //button[contains(text(),'Logout')]]
verify tab[[ChromeDriver: chrome on WINDOWS (1779389475f5b1b6a39a0869e4513b02)] -> xpath: //button[contains(text(),'Logout')]]
verify tab[[ChromeDriver: chrome on WINDOWS (1779389475f5b1b6a39a0869e4513b02)] -> xpath: //button[contains(text(),'Logout')]]
verify tab[[ChromeDriver: chrome on WINDOWS (1779389475f5b1b6a39a0869e4513b02)] -> xpath: //button[contains(text(),'Logout')]]
verify tab[[ChromeDriver: chrome on WINDOWS (1779389475f5b1b6a39a0869e4513b02)] -> xpath: //button[contains(text(),'Logout')]]
verify tab[[ChromeDriver: chrome on WINDOWS (1779389475f5b1b6a39a0869e4513b02)] -> xpath: //button[contains(text(),'Logout')]]
verify tab[[ChromeDriver: chrome on WINDOWS (1779389475f5b1b6a39a0869e4513b02)] -> xpath: //button[contains(text(),'Logout')]]
verify tab[[ChromeDriver: chrome on WINDOWS (1779389475f5b1b6a39a0869e4513b02)] -> xpath: //button[contains(text(),'Logout')]]
verify tab[[ChromeDriver: chrome on WINDOWS (1779389475f5b1b6a39a0869e4513b02)] -> xpath: //button[contains(text(),'Logout')]]
verify tab[[ChromeDriver: chrome on WINDOWS (1779389475f5b1b6a39a0869e4513b02)] -> xpath: //button[contains(text(),'Logout')]]
verify tab[[ChromeDriver: chrome on WINDOWS (1779389475f5b1b6a39a0869e4513b02)] -> xpath: //button[contains(text(),'Logout')]]
verify tab[[ChromeDriver: chrome on WINDOWS (1779389475f5b1b6a39a0869e4513b02)] -> xpath: //button[contains(text(),'Logout')]]
verify tab[[ChromeDriver: chrome on WINDOWS (1779389475f5b1b6a39a0869e4513b02)] -> xpath: //button[contains(text(),'Logout')]]
verify tab[[ChromeDriver: chrome on WINDOWS (1779389475f5b1b6a39a0869e4513b02)] -> xpath: //button[contains(text(),'Logout')]]
verify tab[[ChromeDriver: chrome on WINDOWS (1779389475f5b1b6a39a0869e4513b02)] -> xpath: //button[contains(text(),'Logout')]]
verify tab[[ChromeDriver: chrome on WINDOWS (1779389475f5b1b6a39a0869e4513b02)] -> xpath: //button[contains(text(),'Logout')]]
verify tab[[ChromeDriver: chrome on WINDOWS (1779389475f5b1b6a39a0869e4513b02)] -> xpath: //button[contains(text(),'Logout')]]
verify tab[[ChromeDriver: chrome on WINDOWS (1779389475f5b1b6a39a0869e4513b02)] -> xpath: //button[contains(text(),'Logout')]]
verify tab[[ChromeDriver: chrome on WINDOWS (1779389475f5b1b6a39a0869e4513b02)] -> xpath: //button[contains(text(),'Logout')]]
verify tab[[ChromeDriver: chrome on WINDOWS (1779389475f5b1b6a39a0869e4513b02)] -> xpath: //button[contains(text(),'Logout')]]
verify tab[[ChromeDriver: chrome on WINDOWS (1779389475f5b1b6a39a0869e4513b02)] -> xpath: //button[contains(text(),'Logout')]]
verify tab[[ChromeDriver: chrome on WINDOWS (1779389475f5b1b6a39a0869e4513b02)] -> xpath: //button[contains(text(),'Logout')]]
verify tab[[ChromeDriver: chrome on WINDOWS (1779389475f5b1b6a39a0869e4513b02)] -> xpath: //button[contains(text(),'Logout')]]
verify tab[[ChromeDriver: chrome on WINDOWS (1779389475f5b1b6a39a0869e4513b02)] -> xpath: //button[contains(text(),'Logout')]]
verify tab[[ChromeDriver: chrome on WINDOWS (1779389475f5b1b6a39a0869e4513b02)] -> xpath: //button[contains(text(),'Logout')]]
verify tab[[ChromeDriver: chrome on WINDOWS (1779389475f5b1b6a39a0869e4513b02)] -> xpath: //button[contains(text(),'Logout')]]
verify tab[[ChromeDriver: chrome on WINDOWS (1779389475f5b1b6a39a0869e4513b02)] -> xpath: //button[contains(text(),'Logout')]]
verify tab[[ChromeDriver: chrome on WINDOWS (1779389475f5b1b6a39a0869e4513b02)] -> xpath: //button[contains(text(),'Logout')]]
verify tab[[ChromeDriver: chrome on WINDOWS (1779389475f5b1b6a39a0869e4513b02)] -> xpath: //button[contains(text(),'Logout')]]
verify tab[[ChromeDriver: chrome on WINDOWS (1779389475f5b1b6a39a0869e4513b02)] -> xpath: //button[contains(text(),'Logout')]]
verify tab[[ChromeDriver: chrome on WINDOWS (1779389475f5b1b6a39a0869e4513b02)] -> xpath: //button[contains(text(),'Logout')]]
verify tab[[ChromeDriver: chrome on WINDOWS (1779389475f5b1b6a39a0869e4513b02)] -> xpath: //button[contains(text(),'Logout')]]
verify tab[[ChromeDriver: chrome on WINDOWS (1779389475f5b1b6a39a0869e4513b02)] -> xpath: //button[contains(text(),'Logout')]]
verify tab[[ChromeDriver: chrome on WINDOWS (1779389475f5b1b6a39a0869e4513b02)] -> xpath: //button[contains(text(),'Logout')]]
verify tab[[ChromeDriver: chrome on WINDOWS (1779389475f5b1b6a39a0869e4513b02)] -> xpath: //button[contains(text(),'Logout')]]
verify tab[[ChromeDriver: chrome on WINDOWS (1779389475f5b1b6a39a0869e4513b02)] -> xpath: //button[contains(text(),'Logout')]]
verify tab[[ChromeDriver: chrome on WINDOWS (1779389475f5b1b6a39a0869e4513b02)] -> xpath: //button[contains(text(),'Logout')]]
verify tab[[ChromeDriver: chrome on WINDOWS (1779389475f5b1b6a39a0869e4513b02)] -> xpath: //button[contains(text(),'Logout')]]
verify tab[[ChromeDriver: chrome on WINDOWS (1779389475f5b1b6a39a0869e4513b02)] -> xpath: //button[contains(text(),'Logout')]]
verify tab[[ChromeDriver: chrome on WINDOWS (1779389475f5b1b6a39a0869e4513b02)] -> xpath: //button[contains(text(),'Logout')]]
verify tab[[ChromeDriver: chrome on WINDOWS (1779389475f5b1b6a39a0869e4513b02)] -> xpath: //button[contains(text(),'Logout')]]
verify tab[[ChromeDriver: chrome on WINDOWS (1779389475f5b1b6a39a0869e4513b02)] -> xpath: //button[contains(text(),'Logout')]]
verify tab[[ChromeDriver: chrome on WINDOWS (1779389475f5b1b6a39a0869e4513b02)] -> xpath: //button[contains(text(),'Logout')]]
verify tab[[ChromeDriver: chrome on WINDOWS (1779389475f5b1b6a39a0869e4513b02)] -> xpath: //button[contains(text(),'Logout')]]
verify tab[[ChromeDriver: chrome on WINDOWS (1779389475f5b1b6a39a0869e4513b02)] -> xpath: //button[contains(text(),'Logout')]]
verify tab[[ChromeDriver: chrome on WINDOWS (1779389475f5b1b6a39a0869e4513b02)] -> xpath: //button[contains(text(),'Logout')]]
verify tab[[ChromeDriver: chrome on WINDOWS (1779389475f5b1b6a39a0869e4513b02)] -> xpath: //button[contains(text(),'Logout')]]
verify tab[[ChromeDriver: chrome on WINDOWS (1779389475f5b1b6a39a0869e4513b02)] -> xpath: //button[contains(text(),'Logout')]]
verify tab[[ChromeDriver: chrome on WINDOWS (1779389475f5b1b6a39a0869e4513b02)] -> xpath: //button[contains(text(),'Logout')]]
verify tab[[ChromeDriver: chrome on WINDOWS (1779389475f5b1b6a39a0869e4513b02)] -> xpath: //button[contains(text(),'Logout')]]
verify tab[[ChromeDriver: chrome on WINDOWS (1779389475f5b1b6a39a0869e4513b02)] -> xpath: //button[contains(text(),'Logout')]]
verify tab[[ChromeDriver: chrome on WINDOWS (1779389475f5b1b6a39a0869e4513b02)] -> xpath: //button[contains(text(),'Logout')]]
verify tab[[ChromeDriver: chrome on WINDOWS (1779389475f5b1b6a39a0869e4513b02)] -> xpath: //button[contains(text(),'Logout')]]
verify tab[[ChromeDriver: chrome on WINDOWS (1779389475f5b1b6a39a0869e4513b02)] -> xpath: //button[contains(text(),'Logout')]]
verify tab[[ChromeDriver: chrome on WINDOWS (1779389475f5b1b6a39a0869e4513b02)] -> xpath: //button[contains(text(),'Logout')]]
verify tab[[ChromeDriver: chrome on WINDOWS (1779389475f5b1b6a39a0869e4513b02)] -> xpath: //button[contains(text(),'Logout')]]
verify tab[[ChromeDriver: chrome on WINDOWS (1779389475f5b1b6a39a0869e4513b02)] -> xpath: //button[contains(text(),'Logout')]]
verify tab[[ChromeDriver: chrome on WINDOWS (1779389475f5b1b6a39a0869e4513b02)] -> xpath: //button[contains(text(),'Logout')]]
verify tab[[ChromeDriver: chrome on WINDOWS (1779389475f5b1b6a39a0869e4513b02)] -> xpath: //button[contains(text(),'Logout')]]
verify tab[[ChromeDriver: chrome on WINDOWS (1779389475f5b1b6a39a0869e4513b02)] -> xpath: //button[contains(text(),'Logout')]]
verify tab[[ChromeDriver: chrome on WINDOWS (1779389475f5b1b6a39a0869e4513b02)] -> xpath: //button[contains(text(),'Logout')]]
verify tab[[ChromeDriver: chrome on WINDOWS (1779389475f5b1b6a39a0869e4513b02)] -> xpath: //button[contains(text(),'Logout')]]
verify tab[[ChromeDriver: chrome on WINDOWS (1779389475f5b1b6a39a0869e4513b02)] -> xpath: //button[contains(text(),'Logout')]]
verify tab[[ChromeDriver: chrome on WINDOWS (1779389475f5b1b6a39a0869e4513b02)] -> xpath: //button[contains(text(),'Logout')]]
verify tab[[ChromeDriver: chrome on WINDOWS (1779389475f5b1b6a39a0869e4513b02)] -> xpath: //button[contains(text(),'Logout')]]
verify tab[[ChromeDriver: chrome on WINDOWS (1779389475f5b1b6a39a0869e4513b02)] -> xpath: //button[contains(text(),'Logout')]]
verify tab[[ChromeDriver: chrome on WINDOWS (1779389475f5b1b6a39a0869e4513b02)] -> xpath: //button[contains(text(),'Logout')]]
verify tab[[ChromeDriver: chrome on WINDOWS (1779389475f5b1b6a39a0869e4513b02)] -> xpath: //button[contains(text(),'Logout')]]
verify tab[[ChromeDriver: chrome on WINDOWS (1779389475f5b1b6a39a0869e4513b02)] -> xpath: //button[contains(text(),'Logout')]]
verify tab[[ChromeDriver: chrome on WINDOWS (1779389475f5b1b6a39a0869e4513b02)] -> xpath: //button[contains(text(),'Logout')]]
verify tab[[ChromeDriver: chrome on WINDOWS (1779389475f5b1b6a39a0869e4513b02)] -> xpath: //button[contains(text(),'Logout')]]
verify tab[[ChromeDriver: chrome on WINDOWS (1779389475f5b1b6a39a0869e4513b02)] -> xpath: //button[contains(text(),'Logout')]]
verify tab[[ChromeDriver: chrome on WINDOWS (1779389475f5b1b6a39a0869e4513b02)] -> xpath: //button[contains(text(),'Logout')]]
verify tab[[ChromeDriver: chrome on WINDOWS (1779389475f5b1b6a39a0869e4513b02)] -> xpath: //button[contains(text(),'Logout')]]
verify tab[[ChromeDriver: chrome on WINDOWS (1779389475f5b1b6a39a0869e4513b02)] -> xpath: //button[contains(text(),'Logout')]]
verify tab[[ChromeDriver: chrome on WINDOWS (1779389475f5b1b6a39a0869e4513b02)] -> xpath: //button[contains(text(),'Logout')]]
verify tab[[ChromeDriver: chrome on WINDOWS (1779389475f5b1b6a39a0869e4513b02)] -> xpath: //button[contains(text(),'Logout')]]
verify tab[[ChromeDriver: chrome on WINDOWS (1779389475f5b1b6a39a0869e4513b02)] -> xpath: //button[contains(text(),'Logout')]]
verify tab[[ChromeDriver: chrome on WINDOWS (1779389475f5b1b6a39a0869e4513b02)] -> xpath: //button[contains(text(),'Logout')]]
verify tab[[ChromeDriver: chrome on WINDOWS (1779389475f5b1b6a39a0869e4513b02)] -> xpath: //button[contains(text(),'Logout')]]
verify tab[[ChromeDriver: chrome on WINDOWS (1779389475f5b1b6a39a0869e4513b02)] -> xpath: //button[contains(text(),'Logout')]]
verify tab[[ChromeDriver: chrome on WINDOWS (1779389475f5b1b6a39a0869e4513b02)] -> xpath: //button[contains(text(),'Logout')]]
verify tab[[ChromeDriver: chrome on WINDOWS (1779389475f5b1b6a39a0869e4513b02)] -> xpath: //button[contains(text(),'Logout')]]
verify tab[[ChromeDriver: chrome on WINDOWS (1779389475f5b1b6a39a0869e4513b02)] -> xpath: //button[contains(text(),'Logout')]]
verify tab[[ChromeDriver: chrome on WINDOWS (1779389475f5b1b6a39a0869e4513b02)] -> xpath: //button[contains(text(),'Logout')]]
verify tab[[ChromeDriver: chrome on WINDOWS (1779389475f5b1b6a39a0869e4513b02)] -> xpath: //button[contains(text(),'Logout')]]
verify tab[[ChromeDriver: chrome on WINDOWS (1779389475f5b1b6a39a0869e4513b02)] -> xpath: //button[contains(text(),'Logout')]]
verify tab[[ChromeDriver: chrome on WINDOWS (1779389475f5b1b6a39a0869e4513b02)] -> xpath: //button[contains(text(),'Logout')]]
verify tab[[ChromeDriver: chrome on WINDOWS (1779389475f5b1b6a39a0869e4513b02)] -> xpath: //button[contains(text(),'Logout')]]
verify tab[[ChromeDriver: chrome on WINDOWS (1779389475f5b1b6a39a0869e4513b02)] -> xpath: //button[contains(text(),'Logout')]]
verify tab[[ChromeDriver: chrome on WINDOWS (1779389475f5b1b6a39a0869e4513b02)] -> xpath: //button[contains(text(),'Logout')]]
verify tab[[ChromeDriver: chrome on WINDOWS (1779389475f5b1b6a39a0869e4513b02)] -> xpath: //button[contains(text(),'Logout')]]
verify tab[[ChromeDriver: chrome on WINDOWS (1779389475f5b1b6a39a0869e4513b02)] -> xpath: //button[contains(text(),'Logout')]]
verify tab[[ChromeDriver: chrome on WINDOWS (1779389475f5b1b6a39a0869e4513b02)] -> xpath: //button[contains(text(),'Logout')]]
verify tab[[ChromeDriver: chrome on WINDOWS (1779389475f5b1b6a39a0869e4513b02)] -> xpath: //button[contains(text(),'Logout')]]
verify tab[[ChromeDriver: chrome on WINDOWS (1779389475f5b1b6a39a0869e4513b02)] -> xpath: //button[contains(text(),'Logout')]]
verify tab[[ChromeDriver: chrome on WINDOWS (1779389475f5b1b6a39a0869e4513b02)] -> xpath: //button[contains(text(),'Logout')]]
verify tab[[ChromeDriver: chrome on WINDOWS (1779389475f5b1b6a39a0869e4513b02)] -> xpath: //button[contains(text(),'Logout')]]
verify tab[[ChromeDriver: chrome on WINDOWS (1779389475f5b1b6a39a0869e4513b02)] -> xpath: //button[contains(text(),'Logout')]]
verify tab[[ChromeDriver: chrome on WINDOWS (1779389475f5b1b6a39a0869e4513b02)] -> xpath: //button[contains(text(),'Logout')]]
verify tab[[ChromeDriver: chrome on WINDOWS (1779389475f5b1b6a39a0869e4513b02)] -> xpath: //button[contains(text(),'Logout')]]
verify tab[[ChromeDriver: chrome on WINDOWS (1779389475f5b1b6a39a0869e4513b02)] -> xpath: //button[contains(text(),'Logout')]]
verify tab[[ChromeDriver: chrome on WINDOWS (1779389475f5b1b6a39a0869e4513b02)] -> xpath: //button[contains(text(),'Logout')]]
verify tab[[ChromeDriver: chrome on WINDOWS (1779389475f5b1b6a39a0869e4513b02)] -> xpath: //button[contains(text(),'Logout')]]
verify tab[[ChromeDriver: chrome on WINDOWS (1779389475f5b1b6a39a0869e4513b02)] -> xpath: //button[contains(text(),'Logout')]]
verify tab[[ChromeDriver: chrome on WINDOWS (1779389475f5b1b6a39a0869e4513b02)] -> xpath: //button[contains(text(),'Logout')]]
verify tab[[ChromeDriver: chrome on WINDOWS (1779389475f5b1b6a39a0869e4513b02)] -> xpath: //button[contains(text(),'Logout')]]
verify tab[[ChromeDriver: chrome on WINDOWS (1779389475f5b1b6a39a0869e4513b02)] -> xpath: //button[contains(text(),'Logout')]]
verify tab[[ChromeDriver: chrome on WINDOWS (1779389475f5b1b6a39a0869e4513b02)] -> xpath: //button[contains(text(),'Logout')]]
verify tab[[ChromeDriver: chrome on WINDOWS (1779389475f5b1b6a39a0869e4513b02)] -> xpath: //button[contains(text(),'Logout')]]
verify tab[[ChromeDriver: chrome on WINDOWS (1779389475f5b1b6a39a0869e4513b02)] -> xpath: //button[contains(text(),'Logout')]]
verify tab[[ChromeDriver: chrome on WINDOWS (1779389475f5b1b6a39a0869e4513b02)] -> xpath: //button[contains(text(),'Logout')]]
verify tab[[ChromeDriver: chrome on WINDOWS (1779389475f5b1b6a39a0869e4513b02)] -> xpath: //button[contains(text(),'Logout')]]
verify tab[[ChromeDriver: chrome on WINDOWS (1779389475f5b1b6a39a0869e4513b02)] -> xpath: //button[contains(text(),'Logout')]]
verify tab[[ChromeDriver: chrome on WINDOWS (1779389475f5b1b6a39a0869e4513b02)] -> xpath: //button[contains(text(),'Logout')]]
verify tab[[ChromeDriver: chrome on WINDOWS (1779389475f5b1b6a39a0869e4513b02)] -> xpath: //button[contains(text(),'Logout')]]
verify tab[[ChromeDriver: chrome on WINDOWS (1779389475f5b1b6a39a0869e4513b02)] -> xpath: //button[contains(text(),'Logout')]]
verify tab[[ChromeDriver: chrome on WINDOWS (1779389475f5b1b6a39a0869e4513b02)] -> xpath: //button[contains(text(),'Logout')]]
verify tab[[ChromeDriver: chrome on WINDOWS (1779389475f5b1b6a39a0869e4513b02)] -> xpath: //button[contains(text(),'Logout')]]
verify tab[[ChromeDriver: chrome on WINDOWS (1779389475f5b1b6a39a0869e4513b02)] -> xpath: //button[contains(text(),'Logout')]]
verify tab[[ChromeDriver: chrome on WINDOWS (1779389475f5b1b6a39a0869e4513b02)] -> xpath: //button[contains(text(),'Logout')]]
verify tab[[ChromeDriver: chrome on WINDOWS (1779389475f5b1b6a39a0869e4513b02)] -> xpath: //button[contains(text(),'Logout')]]
verify tab[[ChromeDriver: chrome on WINDOWS (1779389475f5b1b6a39a0869e4513b02)] -> xpath: //button[contains(text(),'Logout')]]
verify tab[[ChromeDriver: chrome on WINDOWS (1779389475f5b1b6a39a0869e4513b02)] -> xpath: //button[contains(text(),'Logout')]]
verify tab[[ChromeDriver: chrome on WINDOWS (1779389475f5b1b6a39a0869e4513b02)] -> xpath: //button[contains(text(),'Logout')]]
verify tab[[ChromeDriver: chrome on WINDOWS (1779389475f5b1b6a39a0869e4513b02)] -> xpath: //button[contains(text(),'Logout')]]
verify tab[[ChromeDriver: chrome on WINDOWS (1779389475f5b1b6a39a0869e4513b02)] -> xpath: //button[contains(text(),'Logout')]]
verify tab[[ChromeDriver: chrome on WINDOWS (1779389475f5b1b6a39a0869e4513b02)] -> xpath: //button[contains(text(),'Logout')]]
verify tab[[ChromeDriver: chrome on WINDOWS (1779389475f5b1b6a39a0869e4513b02)] -> xpath: //button[contains(text(),'Logout')]]
verify tab[[ChromeDriver: chrome on WINDOWS (1779389475f5b1b6a39a0869e4513b02)] -> xpath: //button[contains(text(),'Logout')]]
verify tab[[ChromeDriver: chrome on WINDOWS (1779389475f5b1b6a39a0869e4513b02)] -> xpath: //button[contains(text(),'Logout')]]
verify tab[[ChromeDriver: chrome on WINDOWS (1779389475f5b1b6a39a0869e4513b02)] -> xpath: //button[contains(text(),'Logout')]]
verify tab[[ChromeDriver: chrome on WINDOWS (1779389475f5b1b6a39a0869e4513b02)] -> xpath: //button[contains(text(),'Logout')]]
verify tab[[ChromeDriver: chrome on WINDOWS (1779389475f5b1b6a39a0869e4513b02)] -> xpath: //button[contains(text(),'Logout')]]
verify tab[[ChromeDriver: chrome on WINDOWS (1779389475f5b1b6a39a0869e4513b02)] -> xpath: //button[contains(text(),'Logout')]]
verify tab[[ChromeDriver: chrome on WINDOWS (1779389475f5b1b6a39a0869e4513b02)] -> xpath: //button[contains(text(),'Logout')]]
verify tab[[ChromeDriver: chrome on WINDOWS (1779389475f5b1b6a39a0869e4513b02)] -> xpath: //button[contains(text(),'Logout')]]
verify tab[[ChromeDriver: chrome on WINDOWS (1779389475f5b1b6a39a0869e4513b02)] -> xpath: //button[contains(text(),'Logout')]]
verify tab[[ChromeDriver: chrome on WINDOWS (1779389475f5b1b6a39a0869e4513b02)] -> xpath: //button[contains(text(),'Logout')]]
verify tab[[ChromeDriver: chrome on WINDOWS (1779389475f5b1b6a39a0869e4513b02)] -> xpath: //button[contains(text(),'Logout')]]
verify tab[[ChromeDriver: chrome on WINDOWS (1779389475f5b1b6a39a0869e4513b02)] -> xpath: //button[contains(text(),'Logout')]]
verify tab[[ChromeDriver: chrome on WINDOWS (1779389475f5b1b6a39a0869e4513b02)] -> xpath: //button[contains(text(),'Logout')]]
verify tab[[ChromeDriver: chrome on WINDOWS (1779389475f5b1b6a39a0869e4513b02)] -> xpath: //button[contains(text(),'Logout')]]
verify tab[[ChromeDriver: chrome on WINDOWS (1779389475f5b1b6a39a0869e4513b02)] -> xpath: //button[contains(text(),'Logout')]]
verify tab[[ChromeDriver: chrome on WINDOWS (1779389475f5b1b6a39a0869e4513b02)] -> xpath: //button[contains(text(),'Logout')]]
verify tab[[ChromeDriver: chrome on WINDOWS (1779389475f5b1b6a39a0869e4513b02)] -> xpath: //button[contains(text(),'Logout')]]
verify tab[[ChromeDriver: chrome on WINDOWS (1779389475f5b1b6a39a0869e4513b02)] -> xpath: //button[contains(text(),'Logout')]]
verify tab[[ChromeDriver: chrome on WINDOWS (1779389475f5b1b6a39a0869e4513b02)] -> xpath: //button[contains(text(),'Logout')]]
verify tab[[ChromeDriver: chrome on WINDOWS (1779389475f5b1b6a39a0869e4513b02)] -> xpath: //button[contains(text(),'Logout')]]
verify tab[[ChromeDriver: chrome on WINDOWS (1779389475f5b1b6a39a0869e4513b02)] -> xpath: //button[contains(text(),'Logout')]]
verify tab[[ChromeDriver: chrome on WINDOWS (1779389475f5b1b6a39a0869e4513b02)] -> xpath: //button[contains(text(),'Logout')]]
verify tab[[ChromeDriver: chrome on WINDOWS (1779389475f5b1b6a39a0869e4513b02)] -> xpath: //button[contains(text(),'Logout')]]
verify tab[[ChromeDriver: chrome on WINDOWS (1779389475f5b1b6a39a0869e4513b02)] -> xpath: //button[contains(text(),'Logout')]]
verify tab[[ChromeDriver: chrome on WINDOWS (1779389475f5b1b6a39a0869e4513b02)] -> xpath: //button[contains(text(),'Logout')]]
verify tab[[ChromeDriver: chrome on WINDOWS (1779389475f5b1b6a39a0869e4513b02)] -> xpath: //button[contains(text(),'Logout')]]
verify tab[[ChromeDriver: chrome on WINDOWS (1779389475f5b1b6a39a0869e4513b02)] -> xpath: //button[contains(text(),'Logout')]]
verify tab[[ChromeDriver: chrome on WINDOWS (1779389475f5b1b6a39a0869e4513b02)] -> xpath: //button[contains(text(),'Logout')]]
verify tab[[ChromeDriver: chrome on WINDOWS (1779389475f5b1b6a39a0869e4513b02)] -> xpath: //button[contains(text(),'Logout')]]
verify tab[[ChromeDriver: chrome on WINDOWS (1779389475f5b1b6a39a0869e4513b02)] -> xpath: //button[contains(text(),'Logout')]]
verify tab[[ChromeDriver: chrome on WINDOWS (1779389475f5b1b6a39a0869e4513b02)] -> xpath: //button[contains(text(),'Logout')]]
verify tab[[ChromeDriver: chrome on WINDOWS (1779389475f5b1b6a39a0869e4513b02)] -> xpath: //button[contains(text(),'Logout')]]
verify tab[[ChromeDriver: chrome on WINDOWS (1779389475f5b1b6a39a0869e4513b02)] -> xpath: //button[contains(text(),'Logout')]]
verify tab[[ChromeDriver: chrome on WINDOWS (1779389475f5b1b6a39a0869e4513b02)] -> xpath: //button[contains(text(),'Logout')]]
verify tab[[ChromeDriver: chrome on WINDOWS (1779389475f5b1b6a39a0869e4513b02)] -> xpath: //button[contains(text(),'Logout')]]
verify tab[[ChromeDriver: chrome on WINDOWS (1779389475f5b1b6a39a0869e4513b02)] -> xpath: //button[contains(text(),'Logout')]]
verify tab[[ChromeDriver: chrome on WINDOWS (1779389475f5b1b6a39a0869e4513b02)] -> xpath: //button[contains(text(),'Logout')]]
verify tab[[ChromeDriver: chrome on WINDOWS (1779389475f5b1b6a39a0869e4513b02)] -> xpath: //button[contains(text(),'Logout')]]
verify tab[[ChromeDriver: chrome on WINDOWS (1779389475f5b1b6a39a0869e4513b02)] -> xpath: //button[contains(text(),'Logout')]]
verify tab[[ChromeDriver: chrome on WINDOWS (1779389475f5b1b6a39a0869e4513b02)] -> xpath: //button[contains(text(),'Logout')]]
verify tab[[ChromeDriver: chrome on WINDOWS (1779389475f5b1b6a39a0869e4513b02)] -> xpath: //button[contains(text(),'Logout')]]
verify tab[[ChromeDriver: chrome on WINDOWS (1779389475f5b1b6a39a0869e4513b02)] -> xpath: //button[contains(text(),'Logout')]]
verify tab[[ChromeDriver: chrome on WINDOWS (1779389475f5b1b6a39a0869e4513b02)] -> xpath: //button[contains(text(),'Logout')]]
verify tab[[ChromeDriver: chrome on WINDOWS (1779389475f5b1b6a39a0869e4513b02)] -> xpath: //button[contains(text(),'Logout')]]
verify tab[[ChromeDriver: chrome on WINDOWS (1779389475f5b1b6a39a0869e4513b02)] -> xpath: //button[contains(text(),'Logout')]]
verify tab[[ChromeDriver: chrome on WINDOWS (1779389475f5b1b6a39a0869e4513b02)] -> xpath: //button[contains(text(),'Logout')]]
verify tab[[ChromeDriver: chrome on WINDOWS (1779389475f5b1b6a39a0869e4513b02)] -> xpath: //button[contains(text(),'Logout')]]
verify tab[[ChromeDriver: chrome on WINDOWS (1779389475f5b1b6a39a0869e4513b02)] -> xpath: //button[contains(text(),'Logout')]]
verify tab[[ChromeDriver: chrome on WINDOWS (1779389475f5b1b6a39a0869e4513b02)] -> xpath: //button[contains(text(),'Logout')]]
verify tab[[ChromeDriver: chrome on WINDOWS (1779389475f5b1b6a39a0869e4513b02)] -> xpath: //button[contains(text(),'Logout')]]
verify tab[[ChromeDriver: chrome on WINDOWS (1779389475f5b1b6a39a0869e4513b02)] -> xpath: //button[contains(text(),'Logout')]]
verify tab[[ChromeDriver: chrome on WINDOWS (1779389475f5b1b6a39a0869e4513b02)] -> xpath: //button[contains(text(),'Logout')]]
verify tab[[ChromeDriver: chrome on WINDOWS (1779389475f5b1b6a39a0869e4513b02)] -> xpath: //button[contains(text(),'Logout')]]
verify tab[[ChromeDriver: chrome on WINDOWS (1779389475f5b1b6a39a0869e4513b02)] -> xpath: //button[contains(text(),'Logout')]]
verify tab[[ChromeDriver: chrome on WINDOWS (1779389475f5b1b6a39a0869e4513b02)] -> xpath: //button[contains(text(),'Logout')]]
verify tab[[ChromeDriver: chrome on WINDOWS (1779389475f5b1b6a39a0869e4513b02)] -> xpath: //button[contains(text(),'Logout')]]
verify tab[[ChromeDriver: chrome on WINDOWS (1779389475f5b1b6a39a0869e4513b02)] -> xpath: //button[contains(text(),'Logout')]]
verify tab[[ChromeDriver: chrome on WINDOWS (1779389475f5b1b6a39a0869e4513b02)] -> xpath: //button[contains(text(),'Logout')]]
verify tab[[ChromeDriver: chrome on WINDOWS (1779389475f5b1b6a39a0869e4513b02)] -> xpath: //button[contains(text(),'Logout')]]
verify tab[[ChromeDriver: chrome on WINDOWS (1779389475f5b1b6a39a0869e4513b02)] -> xpath: //button[contains(text(),'Logout')]]
verify tab[[ChromeDriver: chrome on WINDOWS (1779389475f5b1b6a39a0869e4513b02)] -> xpath: //button[contains(text(),'Logout')]]
verify tab[[ChromeDriver: chrome on WINDOWS (1779389475f5b1b6a39a0869e4513b02)] -> xpath: //button[contains(text(),'Logout')]]
verify tab[[ChromeDriver: chrome on WINDOWS (1779389475f5b1b6a39a0869e4513b02)] -> xpath: //button[contains(text(),'Logout')]]
verify tab[[ChromeDriver: chrome on WINDOWS (1779389475f5b1b6a39a0869e4513b02)] -> xpath: //button[contains(text(),'Logout')]]
verify tab[[ChromeDriver: chrome on WINDOWS (1779389475f5b1b6a39a0869e4513b02)] -> xpath: //button[contains(text(),'Logout')]]
verify tab[[ChromeDriver: chrome on WINDOWS (1779389475f5b1b6a39a0869e4513b02)] -> xpath: //button[contains(text(),'Logout')]]
verify tab[[ChromeDriver: chrome on WINDOWS (1779389475f5b1b6a39a0869e4513b02)] -> xpath: //button[contains(text(),'Logout')]]
verify tab[[ChromeDriver: chrome on WINDOWS (1779389475f5b1b6a39a0869e4513b02)] -> xpath: //button[contains(text(),'Logout')]]
verify tab[[ChromeDriver: chrome on WINDOWS (1779389475f5b1b6a39a0869e4513b02)] -> xpath: //button[contains(text(),'Logout')]]
verify tab[[ChromeDriver: chrome on WINDOWS (1779389475f5b1b6a39a0869e4513b02)] -> xpath: //button[contains(text(),'Logout')]]
verify tab[[ChromeDriver: chrome on WINDOWS (1779389475f5b1b6a39a0869e4513b02)] -> xpath: //button[contains(text(),'Logout')]]
verify tab[[ChromeDriver: chrome on WINDOWS (1779389475f5b1b6a39a0869e4513b02)] -> xpath: //button[contains(text(),'Logout')]]
verify tab[[ChromeDriver: chrome on WINDOWS (1779389475f5b1b6a39a0869e4513b02)] -> xpath: //button[contains(text(),'Logout')]]
verify tab[[ChromeDriver: chrome on WINDOWS (1779389475f5b1b6a39a0869e4513b02)] -> xpath: //button[contains(text(),'Logout')]]
verify tab[[ChromeDriver: chrome on WINDOWS (1779389475f5b1b6a39a0869e4513b02)] -> xpath: //button[contains(text(),'Logout')]]
verify tab[[ChromeDriver: chrome on WINDOWS (1779389475f5b1b6a39a0869e4513b02)] -> xpath: //button[contains(text(),'Logout')]]
verify tab[[ChromeDriver: chrome on WINDOWS (1779389475f5b1b6a39a0869e4513b02)] -> xpath: //button[contains(text(),'Logout')]]
verify tab[[ChromeDriver: chrome on WINDOWS (1779389475f5b1b6a39a0869e4513b02)] -> xpath: //button[contains(text(),'Logout')]]
verify tab[[ChromeDriver: chrome on WINDOWS (1779389475f5b1b6a39a0869e4513b02)] -> xpath: //button[contains(text(),'Logout')]]
verify tab[[ChromeDriver: chrome on WINDOWS (1779389475f5b1b6a39a0869e4513b02)] -> xpath: //button[contains(text(),'Logout')]]
verify tab[[ChromeDriver: chrome on WINDOWS (1779389475f5b1b6a39a0869e4513b02)] -> xpath: //button[contains(text(),'Logout')]]
verify tab[[ChromeDriver: chrome on WINDOWS (1779389475f5b1b6a39a0869e4513b02)] -> xpath: //button[contains(text(),'Logout')]]
verify tab[[ChromeDriver: chrome on WINDOWS (1779389475f5b1b6a39a0869e4513b02)] -> xpath: //button[contains(text(),'Logout')]]
verify tab[[ChromeDriver: chrome on WINDOWS (1779389475f5b1b6a39a0869e4513b02)] -> xpath: //button[contains(text(),'Logout')]]
verify tab[[ChromeDriver: chrome on WINDOWS (1779389475f5b1b6a39a0869e4513b02)] -> xpath: //button[contains(text(),'Logout')]]
verify tab[[ChromeDriver: chrome on WINDOWS (1779389475f5b1b6a39a0869e4513b02)] -> xpath: //button[contains(text(),'Logout')]]
verify tab[[ChromeDriver: chrome on WINDOWS (1779389475f5b1b6a39a0869e4513b02)] -> xpath: //button[contains(text(),'Logout')]]
verify tab[[ChromeDriver: chrome on WINDOWS (1779389475f5b1b6a39a0869e4513b02)] -> xpath: //button[contains(text(),'Logout')]]
verify tab[[ChromeDriver: chrome on WINDOWS (1779389475f5b1b6a39a0869e4513b02)] -> xpath: //button[contains(text(),'Logout')]]
verify tab[[ChromeDriver: chrome on WINDOWS (1779389475f5b1b6a39a0869e4513b02)] -> xpath: //button[contains(text(),'Logout')]]
verify tab[[ChromeDriver: chrome on WINDOWS (1779389475f5b1b6a39a0869e4513b02)] -> xpath: //button[contains(text(),'Logout')]]
verify tab[[ChromeDriver: chrome on WINDOWS (1779389475f5b1b6a39a0869e4513b02)] -> xpath: //button[contains(text(),'Logout')]]
verify tab[[ChromeDriver: chrome on WINDOWS (1779389475f5b1b6a39a0869e4513b02)] -> xpath: //button[contains(text(),'Logout')]]
verify tab[[ChromeDriver: chrome on WINDOWS (1779389475f5b1b6a39a0869e4513b02)] -> xpath: //button[contains(text(),'Logout')]]
verify tab[[ChromeDriver: chrome on WINDOWS (1779389475f5b1b6a39a0869e4513b02)] -> xpath: //button[contains(text(),'Logout')]]
verify tab[[ChromeDriver: chrome on WINDOWS (1779389475f5b1b6a39a0869e4513b02)] -> xpath: //button[contains(text(),'Logout')]]
verify tab[[ChromeDriver: chrome on WINDOWS (1779389475f5b1b6a39a0869e4513b02)] -> xpath: //button[contains(text(),'Logout')]]
verify tab[[ChromeDriver: chrome on WINDOWS (1779389475f5b1b6a39a0869e4513b02)] -> xpath: //button[contains(text(),'Logout')]]
verify tab[[ChromeDriver: chrome on WINDOWS (1779389475f5b1b6a39a0869e4513b02)] -> xpath: //button[contains(text(),'Logout')]]
verify tab[[ChromeDriver: chrome on WINDOWS (1779389475f5b1b6a39a0869e4513b02)] -> xpath: //button[contains(text(),'Logout')]]
verify tab[[ChromeDriver: chrome on WINDOWS (1779389475f5b1b6a39a0869e4513b02)] -> xpath: //button[contains(text(),'Logout')]]
verify tab[[ChromeDriver: chrome on WINDOWS (1779389475f5b1b6a39a0869e4513b02)] -> xpath: //button[contains(text(),'Logout')]]
verify tab[[ChromeDriver: chrome on WINDOWS (1779389475f5b1b6a39a0869e4513b02)] -> xpath: //button[contains(text(),'Logout')]]
verify tab[[ChromeDriver: chrome on WINDOWS (1779389475f5b1b6a39a0869e4513b02)] -> xpath: //button[contains(text(),'Logout')]]
verify tab[[ChromeDriver: chrome on WINDOWS (1779389475f5b1b6a39a0869e4513b02)] -> xpath: //button[contains(text(),'Logout')]]
verify tab[[ChromeDriver: chrome on WINDOWS (1779389475f5b1b6a39a0869e4513b02)] -> xpath: //button[contains(text(),'Logout')]]
verify tab[[ChromeDriver: chrome on WINDOWS (1779389475f5b1b6a39a0869e4513b02)] -> xpath: //button[contains(text(),'Logout')]]
verify tab[[ChromeDriver: chrome on WINDOWS (1779389475f5b1b6a39a0869e4513b02)] -> xpath: //button[contains(text(),'Logout')]]
verify tab[[ChromeDriver: chrome on WINDOWS (1779389475f5b1b6a39a0869e4513b02)] -> xpath: //button[contains(text(),'Logout')]]
verify tab[[ChromeDriver: chrome on WINDOWS (1779389475f5b1b6a39a0869e4513b02)] -> xpath: //button[contains(text(),'Logout')]]
verify tab[[ChromeDriver: chrome on WINDOWS (1779389475f5b1b6a39a0869e4513b02)] -> xpath: //button[contains(text(),'Logout')]]
verify tab[[ChromeDriver: chrome on WINDOWS (1779389475f5b1b6a39a0869e4513b02)] -> xpath: //button[contains(text(),'Logout')]]
verify tab[[ChromeDriver: chrome on WINDOWS (1779389475f5b1b6a39a0869e4513b02)] -> xpath: //button[contains(text(),'Logout')]]
verify tab[[ChromeDriver: chrome on WINDOWS (1779389475f5b1b6a39a0869e4513b02)] -> xpath: //button[contains(text(),'Logout')]]
verify tab[[ChromeDriver: chrome on WINDOWS (1779389475f5b1b6a39a0869e4513b02)] -> xpath: //button[contains(text(),'Logout')]]
verify tab[[ChromeDriver: chrome on WINDOWS (1779389475f5b1b6a39a0869e4513b02)] -> xpath: //button[contains(text(),'Logout')]]
verify tab[[ChromeDriver: chrome on WINDOWS (1779389475f5b1b6a39a0869e4513b02)] -> xpath: //button[contains(text(),'Logout')]]
verify tab[[ChromeDriver: chrome on WINDOWS (1779389475f5b1b6a39a0869e4513b02)] -> xpath: //button[contains(text(),'Logout')]]
verify tab[[ChromeDriver: chrome on WINDOWS (1779389475f5b1b6a39a0869e4513b02)] -> xpath: //button[contains(text(),'Logout')]]
verify tab[[ChromeDriver: chrome on WINDOWS (1779389475f5b1b6a39a0869e4513b02)] -> xpath: //button[contains(text(),'Logout')]]
verify tab[[ChromeDriver: chrome on WINDOWS (1779389475f5b1b6a39a0869e4513b02)] -> xpath: //button[contains(text(),'Logout')]]
verify tab[[ChromeDriver: chrome on WINDOWS (1779389475f5b1b6a39a0869e4513b02)] -> xpath: //button[contains(text(),'Logout')]]
verify tab[[ChromeDriver: chrome on WINDOWS (1779389475f5b1b6a39a0869e4513b02)] -> xpath: //button[contains(text(),'Logout')]]
verify tab[[ChromeDriver: chrome on WINDOWS (1779389475f5b1b6a39a0869e4513b02)] -> xpath: //button[contains(text(),'Logout')]]
verify tab[[ChromeDriver: chrome on WINDOWS (1779389475f5b1b6a39a0869e4513b02)] -> xpath: //button[contains(text(),'Logout')]]
verify tab[[ChromeDriver: chrome on WINDOWS (1779389475f5b1b6a39a0869e4513b02)] -> xpath: //button[contains(text(),'Logout')]]
verify tab[[ChromeDriver: chrome on WINDOWS (1779389475f5b1b6a39a0869e4513b02)] -> xpath: //button[contains(text(),'Logout')]]
verify tab[[ChromeDriver: chrome on WINDOWS (1779389475f5b1b6a39a0869e4513b02)] -> xpath: //button[contains(text(),'Logout')]]
verify tab[[ChromeDriver: chrome on WINDOWS (1779389475f5b1b6a39a0869e4513b02)] -> xpath: //button[contains(text(),'Logout')]]
verify tab[[ChromeDriver: chrome on WINDOWS (1779389475f5b1b6a39a0869e4513b02)] -> xpath: //button[contains(text(),'Logout')]]
verify tab[[ChromeDriver: chrome on WINDOWS (1779389475f5b1b6a39a0869e4513b02)] -> xpath: //button[contains(text(),'Logout')]]
verify tab[[ChromeDriver: chrome on WINDOWS (1779389475f5b1b6a39a0869e4513b02)] -> xpath: //button[contains(text(),'Logout')]]
verify tab[[ChromeDriver: chrome on WINDOWS (1779389475f5b1b6a39a0869e4513b02)] -> xpath: //button[contains(text(),'Logout')]]
verify tab[[ChromeDriver: chrome on WINDOWS (1779389475f5b1b6a39a0869e4513b02)] -> xpath: //button[contains(text(),'Logout')]]
verify tab[[ChromeDriver: chrome on WINDOWS (1779389475f5b1b6a39a0869e4513b02)] -> xpath: //button[contains(text(),'Logout')]]
verify tab[[ChromeDriver: chrome on WINDOWS (1779389475f5b1b6a39a0869e4513b02)] -> xpath: //button[contains(text(),'Logout')]]
verify tab[[ChromeDriver: chrome on WINDOWS (1779389475f5b1b6a39a0869e4513b02)] -> xpath: //button[contains(text(),'Logout')]]
verify tab[[ChromeDriver: chrome on WINDOWS (1779389475f5b1b6a39a0869e4513b02)] -> xpath: //button[contains(text(),'Logout')]]
verify tab[[ChromeDriver: chrome on WINDOWS (1779389475f5b1b6a39a0869e4513b02)] -> xpath: //button[contains(text(),'Logout')]]
verify tab[[ChromeDriver: chrome on WINDOWS (1779389475f5b1b6a39a0869e4513b02)] -> xpath: //button[contains(text(),'Logout')]]
verify tab[[ChromeDriver: chrome on WINDOWS (1779389475f5b1b6a39a0869e4513b02)] -> xpath: //button[contains(text(),'Logout')]]
verify tab[[ChromeDriver: chrome on WINDOWS (1779389475f5b1b6a39a0869e4513b02)] -> xpath: //button[contains(text(),'Logout')]]
verify tab[[ChromeDriver: chrome on WINDOWS (1779389475f5b1b6a39a0869e4513b02)] -> xpath: //button[contains(text(),'Logout')]]
verify tab[[ChromeDriver: chrome on WINDOWS (1779389475f5b1b6a39a0869e4513b02)] -> xpath: //button[contains(text(),'Logout')]]
verify tab[[ChromeDriver: chrome on WINDOWS (1779389475f5b1b6a39a0869e4513b02)] -> xpath: //button[contains(text(),'Logout')]]
verify tab[[ChromeDriver: chrome on WINDOWS (1779389475f5b1b6a39a0869e4513b02)] -> xpath: //button[contains(text(),'Logout')]]
verify tab[[ChromeDriver: chrome on WINDOWS (1779389475f5b1b6a39a0869e4513b02)] -> xpath: //button[contains(text(),'Logout')]]
verify tab[[ChromeDriver: chrome on WINDOWS (1779389475f5b1b6a39a0869e4513b02)] -> xpath: //button[contains(text(),'Logout')]]
verify tab[[ChromeDriver: chrome on WINDOWS (1779389475f5b1b6a39a0869e4513b02)] -> xpath: //button[contains(text(),'Logout')]]
verify tab[[ChromeDriver: chrome on WINDOWS (1779389475f5b1b6a39a0869e4513b02)] -> xpath: //button[contains(text(),'Logout')]]
verify tab[[ChromeDriver: chrome on WINDOWS (1779389475f5b1b6a39a0869e4513b02)] -> xpath: //button[contains(text(),'Logout')]]
verify tab[[ChromeDriver: chrome on WINDOWS (1779389475f5b1b6a39a0869e4513b02)] -> xpath: //button[contains(text(),'Logout')]]
verify tab[[ChromeDriver: chrome on WINDOWS (1779389475f5b1b6a39a0869e4513b02)] -> xpath: //button[contains(text(),'Logout')]]
verify tab[[ChromeDriver: chrome on WINDOWS (1779389475f5b1b6a39a0869e4513b02)] -> xpath: //button[contains(text(),'Logout')]]
verify tab[[ChromeDriver: chrome on WINDOWS (1779389475f5b1b6a39a0869e4513b02)] -> xpath: //button[contains(text(),'Logout')]]
verify tab[[ChromeDriver: chrome on WINDOWS (1779389475f5b1b6a39a0869e4513b02)] -> xpath: //button[contains(text(),'Logout')]]
verify tab[[ChromeDriver: chrome on WINDOWS (1779389475f5b1b6a39a0869e4513b02)] -> xpath: //button[contains(text(),'Logout')]]
verify tab[[ChromeDriver: chrome on WINDOWS (1779389475f5b1b6a39a0869e4513b02)] -> xpath: //button[contains(text(),'Logout')]]
verify tab[[ChromeDriver: chrome on WINDOWS (1779389475f5b1b6a39a0869e4513b02)] -> xpath: //button[contains(text(),'Logout')]]
verify tab[[ChromeDriver: chrome on WINDOWS (1779389475f5b1b6a39a0869e4513b02)] -> xpath: //button[contains(text(),'Logout')]]
verify tab[[ChromeDriver: chrome on WINDOWS (1779389475f5b1b6a39a0869e4513b02)] -> xpath: //button[contains(text(),'Logout')]]
verify tab[[ChromeDriver: chrome on WINDOWS (1779389475f5b1b6a39a0869e4513b02)] -> xpath: //button[contains(text(),'Logout')]]
verify tab[[ChromeDriver: chrome on WINDOWS (1779389475f5b1b6a39a0869e4513b02)] -> xpath: //button[contains(text(),'Logout')]]
verify tab[[ChromeDriver: chrome on WINDOWS (1779389475f5b1b6a39a0869e4513b02)] -> xpath: //button[contains(text(),'Logout')]]
verify tab[[ChromeDriver: chrome on WINDOWS (1779389475f5b1b6a39a0869e4513b02)] -> xpath: //button[contains(text(),'Logout')]]
verify tab[[ChromeDriver: chrome on WINDOWS (1779389475f5b1b6a39a0869e4513b02)] -> xpath: //button[contains(text(),'Logout')]]
verify tab[[ChromeDriver: chrome on WINDOWS (1779389475f5b1b6a39a0869e4513b02)] -> xpath: //button[contains(text(),'Logout')]]
verify tab[[ChromeDriver: chrome on WINDOWS (1779389475f5b1b6a39a0869e4513b02)] -> xpath: //button[contains(text(),'Logout')]]
verify tab[[ChromeDriver: chrome on WINDOWS (1779389475f5b1b6a39a0869e4513b02)] -> xpath: //button[contains(text(),'Logout')]]
verify tab[[ChromeDriver: chrome on WINDOWS (1779389475f5b1b6a39a0869e4513b02)] -> xpath: //button[contains(text(),'Logout')]]
verify tab[[ChromeDriver: chrome on WINDOWS (1779389475f5b1b6a39a0869e4513b02)] -> xpath: //button[contains(text(),'Logout')]]
verify tab[[ChromeDriver: chrome on WINDOWS (1779389475f5b1b6a39a0869e4513b02)] -> xpath: //button[contains(text(),'Logout')]]
verify tab[[ChromeDriver: chrome on WINDOWS (1779389475f5b1b6a39a0869e4513b02)] -> xpath: //button[contains(text(),'Logout')]]
verify tab[[ChromeDriver: chrome on WINDOWS (1779389475f5b1b6a39a0869e4513b02)] -> xpath: //button[contains(text(),'Logout')]]
verify tab[[ChromeDriver: chrome on WINDOWS (1779389475f5b1b6a39a0869e4513b02)] -> xpath: //button[contains(text(),'Logout')]]
verify tab[[ChromeDriver: chrome on WINDOWS (1779389475f5b1b6a39a0869e4513b02)] -> xpath: //button[contains(text(),'Logout')]]
verify tab[[ChromeDriver: chrome on WINDOWS (1779389475f5b1b6a39a0869e4513b02)] -> xpath: //button[contains(text(),'Logout')]]
verify tab[[ChromeDriver: chrome on WINDOWS (1779389475f5b1b6a39a0869e4513b02)] -> xpath: //button[contains(text(),'Logout')]]
verify tab[[ChromeDriver: chrome on WINDOWS (1779389475f5b1b6a39a0869e4513b02)] -> xpath: //button[contains(text(),'Logout')]]
verify tab[[ChromeDriver: chrome on WINDOWS (1779389475f5b1b6a39a0869e4513b02)] -> xpath: //button[contains(text(),'Logout')]]
verify tab[[ChromeDriver: chrome on WINDOWS (1779389475f5b1b6a39a0869e4513b02)] -> xpath: //button[contains(text(),'Logout')]]
verify tab[[ChromeDriver: chrome on WINDOWS (1779389475f5b1b6a39a0869e4513b02)] -> xpath: //button[contains(text(),'Logout')]]
verify tab[[ChromeDriver: chrome on WINDOWS (1779389475f5b1b6a39a0869e4513b02)] -> xpath: //button[contains(text(),'Logout')]]
verify tab[[ChromeDriver: chrome on WINDOWS (1779389475f5b1b6a39a0869e4513b02)] -> xpath: //button[contains(text(),'Logout')]]
verify tab[[ChromeDriver: chrome on WINDOWS (1779389475f5b1b6a39a0869e4513b02)] -> xpath: //button[contains(text(),'Logout')]]
verify tab[[ChromeDriver: chrome on WINDOWS (1779389475f5b1b6a39a0869e4513b02)] -> xpath: //button[contains(text(),'Logout')]]
verify tab[[ChromeDriver: chrome on WINDOWS (1779389475f5b1b6a39a0869e4513b02)] -> xpath: //button[contains(text(),'Logout')]]
verify tab[[ChromeDriver: chrome on WINDOWS (1779389475f5b1b6a39a0869e4513b02)] -> xpath: //button[contains(text(),'Logout')]]
verify tab[[ChromeDriver: chrome on WINDOWS (1779389475f5b1b6a39a0869e4513b02)] -> xpath: //button[contains(text(),'Logout')]]
verify tab[[ChromeDriver: chrome on WINDOWS (1779389475f5b1b6a39a0869e4513b02)] -> xpath: //button[contains(text(),'Logout')]]
verify tab[[ChromeDriver: chrome on WINDOWS (1779389475f5b1b6a39a0869e4513b02)] -> xpath: //button[contains(text(),'Logout')]]
verify tab[[ChromeDriver: chrome on WINDOWS (1779389475f5b1b6a39a0869e4513b02)] -> xpath: //button[contains(text(),'Logout')]]
verify tab[[ChromeDriver: chrome on WINDOWS (1779389475f5b1b6a39a0869e4513b02)] -> xpath: //button[contains(text(),'Logout')]]
verify tab[[ChromeDriver: chrome on WINDOWS (1779389475f5b1b6a39a0869e4513b02)] -> xpath: //button[contains(text(),'Logout')]]
verify tab[[ChromeDriver: chrome on WINDOWS (1779389475f5b1b6a39a0869e4513b02)] -> xpath: //button[contains(text(),'Logout')]]
verify tab[[ChromeDriver: chrome on WINDOWS (1779389475f5b1b6a39a0869e4513b02)] -> xpath: //button[contains(text(),'Logout')]]
verify tab[[ChromeDriver: chrome on WINDOWS (1779389475f5b1b6a39a0869e4513b02)] -> xpath: //button[contains(text(),'Logout')]]
verify tab[[ChromeDriver: chrome on WINDOWS (1779389475f5b1b6a39a0869e4513b02)] -> xpath: //button[contains(text(),'Logout')]]
verify tab[[ChromeDriver: chrome on WINDOWS (1779389475f5b1b6a39a0869e4513b02)] -> xpath: //button[contains(text(),'Logout')]]
verify tab[[ChromeDriver: chrome on WINDOWS (1779389475f5b1b6a39a0869e4513b02)] -> xpath: //button[contains(text(),'Logout')]]
verify tab[[ChromeDriver: chrome on WINDOWS (1779389475f5b1b6a39a0869e4513b02)] -> xpath: //button[contains(text(),'Logout')]]
verify tab[[ChromeDriver: chrome on WINDOWS (1779389475f5b1b6a39a0869e4513b02)] -> xpath: //button[contains(text(),'Logout')]]
verify tab[[ChromeDriver: chrome on WINDOWS (1779389475f5b1b6a39a0869e4513b02)] -> xpath: //button[contains(text(),'Logout')]]
verify tab[[ChromeDriver: chrome on WINDOWS (1779389475f5b1b6a39a0869e4513b02)] -> xpath: //button[contains(text(),'Logout')]]
verify tab[[ChromeDriver: chrome on WINDOWS (1779389475f5b1b6a39a0869e4513b02)] -> xpath: //button[contains(text(),'Logout')]]
verify tab[[ChromeDriver: chrome on WINDOWS (1779389475f5b1b6a39a0869e4513b02)] -> xpath: //button[contains(text(),'Logout')]]
verify tab[[ChromeDriver: chrome on WINDOWS (1779389475f5b1b6a39a0869e4513b02)] -> xpath: //button[contains(text(),'Logout')]]
verify tab[[ChromeDriver: chrome on WINDOWS (1779389475f5b1b6a39a0869e4513b02)] -> xpath: //button[contains(text(),'Logout')]]
verify tab[[ChromeDriver: chrome on WINDOWS (1779389475f5b1b6a39a0869e4513b02)] -> xpath: //button[contains(text(),'Logout')]]
verify tab[[ChromeDriver: chrome on WINDOWS (1779389475f5b1b6a39a0869e4513b02)] -> xpath: //button[contains(text(),'Logout')]]
verify tab[[ChromeDriver: chrome on WINDOWS (1779389475f5b1b6a39a0869e4513b02)] -> xpath: //button[contains(text(),'Logout')]]
verify tab[[ChromeDriver: chrome on WINDOWS (1779389475f5b1b6a39a0869e4513b02)] -> xpath: //button[contains(text(),'Logout')]]
verify tab[[ChromeDriver: chrome on WINDOWS (1779389475f5b1b6a39a0869e4513b02)] -> xpath: //button[contains(text(),'Logout')]]
verify tab[[ChromeDriver: chrome on WINDOWS (1779389475f5b1b6a39a0869e4513b02)] -> xpath: //button[contains(text(),'Logout')]]
verify tab[[ChromeDriver: chrome on WINDOWS (1779389475f5b1b6a39a0869e4513b02)] -> xpath: //button[contains(text(),'Logout')]]
verify tab[[ChromeDriver: chrome on WINDOWS (1779389475f5b1b6a39a0869e4513b02)] -> xpath: //button[contains(text(),'Logout')]]
verify tab[[ChromeDriver: chrome on WINDOWS (1779389475f5b1b6a39a0869e4513b02)] -> xpath: //button[contains(text(),'Logout')]]
verify tab[[ChromeDriver: chrome on WINDOWS (1779389475f5b1b6a39a0869e4513b02)] -> xpath: //button[contains(text(),'Logout')]]
verify tab[[ChromeDriver: chrome on WINDOWS (1779389475f5b1b6a39a0869e4513b02)] -> xpath: //button[contains(text(),'Logout')]]
verify tab[[ChromeDriver: chrome on WINDOWS (1779389475f5b1b6a39a0869e4513b02)] -> xpath: //button[contains(text(),'Logout')]]
verify tab[[ChromeDriver: chrome on WINDOWS (1779389475f5b1b6a39a0869e4513b02)] -> xpath: //button[contains(text(),'Logout')]]
verify tab[[ChromeDriver: chrome on WINDOWS (1779389475f5b1b6a39a0869e4513b02)] -> xpath: //button[contains(text(),'Logout')]]
verify tab[[ChromeDriver: chrome on WINDOWS (1779389475f5b1b6a39a0869e4513b02)] -> xpath: //button[contains(text(),'Logout')]]
verify tab[[ChromeDriver: chrome on WINDOWS (1779389475f5b1b6a39a0869e4513b02)] -> xpath: //button[contains(text(),'Logout')]]
verify tab[[ChromeDriver: chrome on WINDOWS (1779389475f5b1b6a39a0869e4513b02)] -> xpath: //button[contains(text(),'Logout')]]
verify tab[[ChromeDriver: chrome on WINDOWS (1779389475f5b1b6a39a0869e4513b02)] -> xpath: //button[contains(text(),'Logout')]]
verify tab[[ChromeDriver: chrome on WINDOWS (1779389475f5b1b6a39a0869e4513b02)] -> xpath: //button[contains(text(),'Logout')]]
verify tab[[ChromeDriver: chrome on WINDOWS (1779389475f5b1b6a39a0869e4513b02)] -> xpath: //button[contains(text(),'Logout')]]
verify tab[[ChromeDriver: chrome on WINDOWS (1779389475f5b1b6a39a0869e4513b02)] -> xpath: //button[contains(text(),'Logout')]]
verify tab[[ChromeDriver: chrome on WINDOWS (1779389475f5b1b6a39a0869e4513b02)] -> xpath: //button[contains(text(),'Logout')]]
verify tab[[ChromeDriver: chrome on WINDOWS (1779389475f5b1b6a39a0869e4513b02)] -> xpath: //button[contains(text(),'Logout')]]
verify tab[[ChromeDriver: chrome on WINDOWS (1779389475f5b1b6a39a0869e4513b02)] -> xpath: //button[contains(text(),'Logout')]]
verify tab[[ChromeDriver: chrome on WINDOWS (1779389475f5b1b6a39a0869e4513b02)] -> xpath: //button[contains(text(),'Logout')]]
verify tab[[ChromeDriver: chrome on WINDOWS (1779389475f5b1b6a39a0869e4513b02)] -> xpath: //button[contains(text(),'Logout')]]
verify tab[[ChromeDriver: chrome on WINDOWS (1779389475f5b1b6a39a0869e4513b02)] -> xpath: //button[contains(text(),'Logout')]]
verify tab[[ChromeDriver: chrome on WINDOWS (1779389475f5b1b6a39a0869e4513b02)] -> xpath: //button[contains(text(),'Logout')]]
verify tab[[ChromeDriver: chrome on WINDOWS (1779389475f5b1b6a39a0869e4513b02)] -> xpath: //button[contains(text(),'Logout')]]
verify tab[[ChromeDriver: chrome on WINDOWS (1779389475f5b1b6a39a0869e4513b02)] -> xpath: //button[contains(text(),'Logout')]]
verify tab[[ChromeDriver: chrome on WINDOWS (1779389475f5b1b6a39a0869e4513b02)] -> xpath: //button[contains(text(),'Logout')]]
verify tab[[ChromeDriver: chrome on WINDOWS (1779389475f5b1b6a39a0869e4513b02)] -> xpath: //button[contains(text(),'Logout')]]
verify tab[[ChromeDriver: chrome on WINDOWS (1779389475f5b1b6a39a0869e4513b02)] -> xpath: //button[contains(text(),'Logout')]]
verify tab[[ChromeDriver: chrome on WINDOWS (1779389475f5b1b6a39a0869e4513b02)] -> xpath: //button[contains(text(),'Logout')]]
verify tab[[ChromeDriver: chrome on WINDOWS (1779389475f5b1b6a39a0869e4513b02)] -> xpath: //button[contains(text(),'Logout')]]
verify tab[[ChromeDriver: chrome on WINDOWS (1779389475f5b1b6a39a0869e4513b02)] -> xpath: //button[contains(text(),'Logout')]]
verify tab[[ChromeDriver: chrome on WINDOWS (1779389475f5b1b6a39a0869e4513b02)] -> xpath: //button[contains(text(),'Logout')]]
verify tab[[ChromeDriver: chrome on WINDOWS (1779389475f5b1b6a39a0869e4513b02)] -> xpath: //button[contains(text(),'Logout')]]
verify tab[[ChromeDriver: chrome on WINDOWS (1779389475f5b1b6a39a0869e4513b02)] -> xpath: //button[contains(text(),'Logout')]]
verify tab[[ChromeDriver: chrome on WINDOWS (1779389475f5b1b6a39a0869e4513b02)] -> xpath: //button[contains(text(),'Logout')]]
verify tab[[ChromeDriver: chrome on WINDOWS (1779389475f5b1b6a39a0869e4513b02)] -> xpath: //button[contains(text(),'Logout')]]
verify tab[[ChromeDriver: chrome on WINDOWS (1779389475f5b1b6a39a0869e4513b02)] -> xpath: //button[contains(text(),'Logout')]]
verify tab[[ChromeDriver: chrome on WINDOWS (1779389475f5b1b6a39a0869e4513b02)] -> xpath: //button[contains(text(),'Logout')]]
verify tab[[ChromeDriver: chrome on WINDOWS (1779389475f5b1b6a39a0869e4513b02)] -> xpath: //button[contains(text(),'Logout')]]
verify tab[[ChromeDriver: chrome on WINDOWS (1779389475f5b1b6a39a0869e4513b02)] -> xpath: //button[contains(text(),'Logout')]]
verify tab[[ChromeDriver: chrome on WINDOWS (1779389475f5b1b6a39a0869e4513b02)] -> xpath: //button[contains(text(),'Logout')]]
verify tab[[ChromeDriver: chrome on WINDOWS (1779389475f5b1b6a39a0869e4513b02)] -> xpath: //button[contains(text(),'Logout')]]
verify tab[[ChromeDriver: chrome on WINDOWS (1779389475f5b1b6a39a0869e4513b02)] -> xpath: //button[contains(text(),'Logout')]]
verify tab[[ChromeDriver: chrome on WINDOWS (1779389475f5b1b6a39a0869e4513b02)] -> xpath: //button[contains(text(),'Logout')]]
verify tab[[ChromeDriver: chrome on WINDOWS (1779389475f5b1b6a39a0869e4513b02)] -> xpath: //button[contains(text(),'Logout')]]
verify tab[[ChromeDriver: chrome on WINDOWS (1779389475f5b1b6a39a0869e4513b02)] -> xpath: //button[contains(text(),'Logout')]]
verify tab[[ChromeDriver: chrome on WINDOWS (1779389475f5b1b6a39a0869e4513b02)] -> xpath: //button[contains(text(),'Logout')]]
verify tab[[ChromeDriver: chrome on WINDOWS (1779389475f5b1b6a39a0869e4513b02)] -> xpath: //button[contains(text(),'Logout')]]
verify tab[[ChromeDriver: chrome on WINDOWS (1779389475f5b1b6a39a0869e4513b02)] -> xpath: //button[contains(text(),'Logout')]]
verify tab[[ChromeDriver: chrome on WINDOWS (1779389475f5b1b6a39a0869e4513b02)] -> xpath: //button[contains(text(),'Logout')]]
verify tab[[ChromeDriver: chrome on WINDOWS (1779389475f5b1b6a39a0869e4513b02)] -> xpath: //button[contains(text(),'Logout')]]
verify tab[[ChromeDriver: chrome on WINDOWS (1779389475f5b1b6a39a0869e4513b02)] -> xpath: //button[contains(text(),'Logout')]]
verify tab[[ChromeDriver: chrome on WINDOWS (1779389475f5b1b6a39a0869e4513b02)] -> xpath: //button[contains(text(),'Logout')]]
verify tab[[ChromeDriver: chrome on WINDOWS (1779389475f5b1b6a39a0869e4513b02)] -> xpath: //button[contains(text(),'Logout')]]
verify tab[[ChromeDriver: chrome on WINDOWS (1779389475f5b1b6a39a0869e4513b02)] -> xpath: //button[contains(text(),'Logout')]]
verify tab[[ChromeDriver: chrome on WINDOWS (1779389475f5b1b6a39a0869e4513b02)] -> xpath: //button[contains(text(),'Logout')]]
verify tab[[ChromeDriver: chrome on WINDOWS (1779389475f5b1b6a39a0869e4513b02)] -> xpath: //button[contains(text(),'Logout')]]
verify tab[[ChromeDriver: chrome on WINDOWS (1779389475f5b1b6a39a0869e4513b02)] -> xpath: //button[contains(text(),'Logout')]]
verify tab[[ChromeDriver: chrome on WINDOWS (1779389475f5b1b6a39a0869e4513b02)] -> xpath: //button[contains(text(),'Logout')]]
verify tab[[ChromeDriver: chrome on WINDOWS (1779389475f5b1b6a39a0869e4513b02)] -> xpath: //button[contains(text(),'Logout')]]
verify tab[[ChromeDriver: chrome on WINDOWS (1779389475f5b1b6a39a0869e4513b02)] -> xpath: //button[contains(text(),'Logout')]]
verify tab[[ChromeDriver: chrome on WINDOWS (1779389475f5b1b6a39a0869e4513b02)] -> xpath: //button[contains(text(),'Logout')]]
verify tab[[ChromeDriver: chrome on WINDOWS (1779389475f5b1b6a39a0869e4513b02)] -> xpath: //button[contains(text(),'Logout')]]
verify tab[[ChromeDriver: chrome on WINDOWS (1779389475f5b1b6a39a0869e4513b02)] -> xpath: //button[contains(text(),'Logout')]]
verify tab[[ChromeDriver: chrome on WINDOWS (1779389475f5b1b6a39a0869e4513b02)] -> xpath: //button[contains(text(),'Logout')]]
verify tab[[ChromeDriver: chrome on WINDOWS (1779389475f5b1b6a39a0869e4513b02)] -> xpath: //button[contains(text(),'Logout')]]
verify tab[[ChromeDriver: chrome on WINDOWS (1779389475f5b1b6a39a0869e4513b02)] -> xpath: //button[contains(text(),'Logout')]]
verify tab[[ChromeDriver: chrome on WINDOWS (1779389475f5b1b6a39a0869e4513b02)] -> xpath: //button[contains(text(),'Logout')]]
verify tab[[ChromeDriver: chrome on WINDOWS (1779389475f5b1b6a39a0869e4513b02)] -> xpath: //button[contains(text(),'Logout')]]
verify tab[[ChromeDriver: chrome on WINDOWS (1779389475f5b1b6a39a0869e4513b02)] -> xpath: //button[contains(text(),'Logout')]]
verify tab[[ChromeDriver: chrome on WINDOWS (1779389475f5b1b6a39a0869e4513b02)] -> xpath: //button[contains(text(),'Logout')]]
verify tab[[ChromeDriver: chrome on WINDOWS (1779389475f5b1b6a39a0869e4513b02)] -> xpath: //button[contains(text(),'Logout')]]
verify tab[[ChromeDriver: chrome on WINDOWS (1779389475f5b1b6a39a0869e4513b02)] -> xpath: //button[contains(text(),'Logout')]]
verify tab[[ChromeDriver: chrome on WINDOWS (1779389475f5b1b6a39a0869e4513b02)] -> xpath: //button[contains(text(),'Logout')]]
verify tab[[ChromeDriver: chrome on WINDOWS (1779389475f5b1b6a39a0869e4513b02)] -> xpath: //button[contains(text(),'Logout')]]
verify tab[[ChromeDriver: chrome on WINDOWS (1779389475f5b1b6a39a0869e4513b02)] -> xpath: //button[contains(text(),'Logout')]]
verify tab[[ChromeDriver: chrome on WINDOWS (1779389475f5b1b6a39a0869e4513b02)] -> xpath: //button[contains(text(),'Logout')]]
verify tab[[ChromeDriver: chrome on WINDOWS (1779389475f5b1b6a39a0869e4513b02)] -> xpath: //button[contains(text(),'Logout')]]
verify tab[[ChromeDriver: chrome on WINDOWS (1779389475f5b1b6a39a0869e4513b02)] -> xpath: //button[contains(text(),'Logout')]]
verify tab[[ChromeDriver: chrome on WINDOWS (1779389475f5b1b6a39a0869e4513b02)] -> xpath: //button[contains(text(),'Logout')]]
verify tab[[ChromeDriver: chrome on WINDOWS (1779389475f5b1b6a39a0869e4513b02)] -> xpath: //button[contains(text(),'Logout')]]
verify tab[[ChromeDriver: chrome on WINDOWS (1779389475f5b1b6a39a0869e4513b02)] -> xpath: //button[contains(text(),'Logout')]]
verify tab[[ChromeDriver: chrome on WINDOWS (1779389475f5b1b6a39a0869e4513b02)] -> xpath: //button[contains(text(),'Logout')]]
verify tab[[ChromeDriver: chrome on WINDOWS (1779389475f5b1b6a39a0869e4513b02)] -> xpath: //button[contains(text(),'Logout')]]
verify tab[[ChromeDriver: chrome on WINDOWS (1779389475f5b1b6a39a0869e4513b02)] -> xpath: //button[contains(text(),'Logout')]]
verify tab[[ChromeDriver: chrome on WINDOWS (1779389475f5b1b6a39a0869e4513b02)] -> xpath: //button[contains(text(),'Logout')]]
verify tab[[ChromeDriver: chrome on WINDOWS (1779389475f5b1b6a39a0869e4513b02)] -> xpath: //button[contains(text(),'Logout')]]
verify tab[[ChromeDriver: chrome on WINDOWS (1779389475f5b1b6a39a0869e4513b02)] -> xpath: //button[contains(text(),'Logout')]]
verify tab[[ChromeDriver: chrome on WINDOWS (1779389475f5b1b6a39a0869e4513b02)] -> xpath: //button[contains(text(),'Logout')]]
verify tab[[ChromeDriver: chrome on WINDOWS (1779389475f5b1b6a39a0869e4513b02)] -> xpath: //button[contains(text(),'Logout')]]
verify tab[[ChromeDriver: chrome on WINDOWS (1779389475f5b1b6a39a0869e4513b02)] -> xpath: //button[contains(text(),'Logout')]]
verify tab[[ChromeDriver: chrome on WINDOWS (1779389475f5b1b6a39a0869e4513b02)] -> xpath: //button[contains(text(),'Logout')]]
verify tab[[ChromeDriver: chrome on WINDOWS (1779389475f5b1b6a39a0869e4513b02)] -> xpath: //button[contains(text(),'Logout')]]
verify tab[[ChromeDriver: chrome on WINDOWS (1779389475f5b1b6a39a0869e4513b02)] -> xpath: //button[contains(text(),'Logout')]]
verify tab[[ChromeDriver: chrome on WINDOWS (1779389475f5b1b6a39a0869e4513b02)] -> xpath: //button[contains(text(),'Logout')]]
verify tab[[ChromeDriver: chrome on WINDOWS (1779389475f5b1b6a39a0869e4513b02)] -> xpath: //button[contains(text(),'Logout')]]
verify tab[[ChromeDriver: chrome on WINDOWS (1779389475f5b1b6a39a0869e4513b02)] -> xpath: //button[contains(text(),'Logout')]]
verify tab[[ChromeDriver: chrome on WINDOWS (1779389475f5b1b6a39a0869e4513b02)] -> xpath: //button[contains(text(),'Logout')]]
verify tab[[ChromeDriver: chrome on WINDOWS (1779389475f5b1b6a39a0869e4513b02)] -> xpath: //button[contains(text(),'Logout')]]
verify tab[[ChromeDriver: chrome on WINDOWS (1779389475f5b1b6a39a0869e4513b02)] -> xpath: //button[contains(text(),'Logout')]]
verify tab[[ChromeDriver: chrome on WINDOWS (1779389475f5b1b6a39a0869e4513b02)] -> xpath: //button[contains(text(),'Logout')]]
verify tab[[ChromeDriver: chrome on WINDOWS (1779389475f5b1b6a39a0869e4513b02)] -> xpath: //button[contains(text(),'Logout')]]
verify tab[[ChromeDriver: chrome on WINDOWS (1779389475f5b1b6a39a0869e4513b02)] -> xpath: //button[contains(text(),'Logout')]]
verify tab[[ChromeDriver: chrome on WINDOWS (1779389475f5b1b6a39a0869e4513b02)] -> xpath: //button[contains(text(),'Logout')]]
verify tab[[ChromeDriver: chrome on WINDOWS (1779389475f5b1b6a39a0869e4513b02)] -> xpath: //button[contains(text(),'Logout')]]
verify tab[[ChromeDriver: chrome on WINDOWS (1779389475f5b1b6a39a0869e4513b02)] -> xpath: //button[contains(text(),'Logout')]]
verify tab[[ChromeDriver: chrome on WINDOWS (1779389475f5b1b6a39a0869e4513b02)] -> xpath: //button[contains(text(),'Logout')]]
verify tab[[ChromeDriver: chrome on WINDOWS (1779389475f5b1b6a39a0869e4513b02)] -> xpath: //button[contains(text(),'Logout')]]
verify tab[[ChromeDriver: chrome on WINDOWS (1779389475f5b1b6a39a0869e4513b02)] -> xpath: //button[contains(text(),'Logout')]]
verify tab[[ChromeDriver: chrome on WINDOWS (1779389475f5b1b6a39a0869e4513b02)] -> xpath: //button[contains(text(),'Logout')]]
verify tab[[ChromeDriver: chrome on WINDOWS (1779389475f5b1b6a39a0869e4513b02)] -> xpath: //button[contains(text(),'Logout')]]
verify tab[[ChromeDriver: chrome on WINDOWS (1779389475f5b1b6a39a0869e4513b02)] -> xpath: //button[contains(text(),'Logout')]]
verify tab[[ChromeDriver: chrome on WINDOWS (1779389475f5b1b6a39a0869e4513b02)] -> xpath: //button[contains(text(),'Logout')]]
verify tab[[ChromeDriver: chrome on WINDOWS (1779389475f5b1b6a39a0869e4513b02)] -> xpath: //button[contains(text(),'Logout')]]
verify tab[[ChromeDriver: chrome on WINDOWS (1779389475f5b1b6a39a0869e4513b02)] -> xpath: //button[contains(text(),'Logout')]]
verify tab[[ChromeDriver: chrome on WINDOWS (1779389475f5b1b6a39a0869e4513b02)] -> xpath: //button[contains(text(),'Logout')]]
verify tab[[ChromeDriver: chrome on WINDOWS (1779389475f5b1b6a39a0869e4513b02)] -> xpath: //button[contains(text(),'Logout')]]
verify tab[[ChromeDriver: chrome on WINDOWS (1779389475f5b1b6a39a0869e4513b02)] -> xpath: //button[contains(text(),'Logout')]]
verify tab[[ChromeDriver: chrome on WINDOWS (1779389475f5b1b6a39a0869e4513b02)] -> xpath: //button[contains(text(),'Logout')]]
verify tab[[ChromeDriver: chrome on WINDOWS (1779389475f5b1b6a39a0869e4513b02)] -> xpath: //button[contains(text(),'Logout')]]
verify tab[[ChromeDriver: chrome on WINDOWS (1779389475f5b1b6a39a0869e4513b02)] -> xpath: //button[contains(text(),'Logout')]]
verify tab[[ChromeDriver: chrome on WINDOWS (1779389475f5b1b6a39a0869e4513b02)] -> xpath: //button[contains(text(),'Logout')]]
verify tab[[ChromeDriver: chrome on WINDOWS (1779389475f5b1b6a39a0869e4513b02)] -> xpath: //button[contains(text(),'Logout')]]
verify tab[[ChromeDriver: chrome on WINDOWS (1779389475f5b1b6a39a0869e4513b02)] -> xpath: //button[contains(text(),'Logout')]]
verify tab[[ChromeDriver: chrome on WINDOWS (1779389475f5b1b6a39a0869e4513b02)] -> xpath: //button[contains(text(),'Logout')]]
verify tab[[ChromeDriver: chrome on WINDOWS (1779389475f5b1b6a39a0869e4513b02)] -> xpath: //button[contains(text(),'Logout')]]
verify tab[[ChromeDriver: chrome on WINDOWS (1779389475f5b1b6a39a0869e4513b02)] -> xpath: //button[contains(text(),'Logout')]]
verify tab[[ChromeDriver: chrome on WINDOWS (1779389475f5b1b6a39a0869e4513b02)] -> xpath: //button[contains(text(),'Logout')]]
verify tab[[ChromeDriver: chrome on WINDOWS (1779389475f5b1b6a39a0869e4513b02)] -> xpath: //button[contains(text(),'Logout')]]
verify tab[[ChromeDriver: chrome on WINDOWS (1779389475f5b1b6a39a0869e4513b02)] -> xpath: //button[contains(text(),'Logout')]]
verify tab[[ChromeDriver: chrome on WINDOWS (1779389475f5b1b6a39a0869e4513b02)] -> xpath: //button[contains(text(),'Logout')]]
verify tab[[ChromeDriver: chrome on WINDOWS (1779389475f5b1b6a39a0869e4513b02)] -> xpath: //button[contains(text(),'Logout')]]
verify tab[[ChromeDriver: chrome on WINDOWS (1779389475f5b1b6a39a0869e4513b02)] -> xpath: //button[contains(text(),'Logout')]]
verify tab[[ChromeDriver: chrome on WINDOWS (1779389475f5b1b6a39a0869e4513b02)] -> xpath: //button[contains(text(),'Logout')]]
verify tab[[ChromeDriver: chrome on WINDOWS (1779389475f5b1b6a39a0869e4513b02)] -> xpath: //button[contains(text(),'Logout')]]
verify tab[[ChromeDriver: chrome on WINDOWS (1779389475f5b1b6a39a0869e4513b02)] -> xpath: //button[contains(text(),'Logout')]]
verify tab[[ChromeDriver: chrome on WINDOWS (1779389475f5b1b6a39a0869e4513b02)] -> xpath: //button[contains(text(),'Logout')]]
verify tab[[ChromeDriver: chrome on WINDOWS (1779389475f5b1b6a39a0869e4513b02)] -> xpath: //button[contains(text(),'Logout')]]
verify tab[[ChromeDriver: chrome on WINDOWS (1779389475f5b1b6a39a0869e4513b02)] -> xpath: //button[contains(text(),'Logout')]]
verify tab[[ChromeDriver: chrome on WINDOWS (1779389475f5b1b6a39a0869e4513b02)] -> xpath: //button[contains(text(),'Logout')]]
verify tab[[ChromeDriver: chrome on WINDOWS (1779389475f5b1b6a39a0869e4513b02)] -> xpath: //button[contains(text(),'Logout')]]
verify tab[[ChromeDriver: chrome on WINDOWS (1779389475f5b1b6a39a0869e4513b02)] -> xpath: //button[contains(text(),'Logout')]]
verify tab[[ChromeDriver: chrome on WINDOWS (1779389475f5b1b6a39a0869e4513b02)] -> xpath: //button[contains(text(),'Logout')]]
verify tab[[ChromeDriver: chrome on WINDOWS (1779389475f5b1b6a39a0869e4513b02)] -> xpath: //button[contains(text(),'Logout')]]
verify tab[[ChromeDriver: chrome on WINDOWS (1779389475f5b1b6a39a0869e4513b02)] -> xpath: //button[contains(text(),'Logout')]]
verify tab[[ChromeDriver: chrome on WINDOWS (1779389475f5b1b6a39a0869e4513b02)] -> xpath: //button[contains(text(),'Logout')]]
verify tab[[ChromeDriver: chrome on WINDOWS (1779389475f5b1b6a39a0869e4513b02)] -> xpath: //button[contains(text(),'Logout')]]
verify tab[[ChromeDriver: chrome on WINDOWS (1779389475f5b1b6a39a0869e4513b02)] -> xpath: //button[contains(text(),'Logout')]]
verify tab[[ChromeDriver: chrome on WINDOWS (1779389475f5b1b6a39a0869e4513b02)] -> xpath: //button[contains(text(),'Logout')]]
verify tab[[ChromeDriver: chrome on WINDOWS (1779389475f5b1b6a39a0869e4513b02)] -> xpath: //button[contains(text(),'Logout')]]
verify tab[[ChromeDriver: chrome on WINDOWS (1779389475f5b1b6a39a0869e4513b02)] -> xpath: //button[contains(text(),'Logout')]]
verify tab[[ChromeDriver: chrome on WINDOWS (1779389475f5b1b6a39a0869e4513b02)] -> xpath: //button[contains(text(),'Logout')]]
verify tab[[ChromeDriver: chrome on WINDOWS (1779389475f5b1b6a39a0869e4513b02)] -> xpath: //button[contains(text(),'Logout')]]
verify tab[[ChromeDriver: chrome on WINDOWS (1779389475f5b1b6a39a0869e4513b02)] -> xpath: //button[contains(text(),'Logout')]]
verify tab[[ChromeDriver: chrome on WINDOWS (1779389475f5b1b6a39a0869e4513b02)] -> xpath: //button[contains(text(),'Logout')]]
verify tab[[ChromeDriver: chrome on WINDOWS (1779389475f5b1b6a39a0869e4513b02)] -> xpath: //button[contains(text(),'Logout')]]
verify tab[[ChromeDriver: chrome on WINDOWS (1779389475f5b1b6a39a0869e4513b02)] -> xpath: //button[contains(text(),'Logout')]]
verify tab[[ChromeDriver: chrome on WINDOWS (1779389475f5b1b6a39a0869e4513b02)] -> xpath: //button[contains(text(),'Logout')]]
verify tab[[ChromeDriver: chrome on WINDOWS (1779389475f5b1b6a39a0869e4513b02)] -> xpath: //button[contains(text(),'Logout')]]
verify tab[[ChromeDriver: chrome on WINDOWS (1779389475f5b1b6a39a0869e4513b02)] -> xpath: //button[contains(text(),'Logout')]]
verify tab[[ChromeDriver: chrome on WINDOWS (1779389475f5b1b6a39a0869e4513b02)] -> xpath: //button[contains(text(),'Logout')]]
verify tab[[ChromeDriver: chrome on WINDOWS (1779389475f5b1b6a39a0869e4513b02)] -> xpath: //button[contains(text(),'Logout')]]
verify tab[[ChromeDriver: chrome on WINDOWS (1779389475f5b1b6a39a0869e4513b02)] -> xpath: //button[contains(text(),'Logout')]]
verify tab[[ChromeDriver: chrome on WINDOWS (1779389475f5b1b6a39a0869e4513b02)] -> xpath: //button[contains(text(),'Logout')]]
verify tab[[ChromeDriver: chrome on WINDOWS (1779389475f5b1b6a39a0869e4513b02)] -> xpath: //button[contains(text(),'Logout')]]
verify tab[[ChromeDriver: chrome on WINDOWS (1779389475f5b1b6a39a0869e4513b02)] -> xpath: //button[contains(text(),'Logout')]]
verify tab[[ChromeDriver: chrome on WINDOWS (1779389475f5b1b6a39a0869e4513b02)] -> xpath: //button[contains(text(),'Logout')]]
verify tab[[ChromeDriver: chrome on WINDOWS (1779389475f5b1b6a39a0869e4513b02)] -> xpath: //button[contains(text(),'Logout')]]
verify tab[[ChromeDriver: chrome on WINDOWS (1779389475f5b1b6a39a0869e4513b02)] -> xpath: //button[contains(text(),'Logout')]]
verify tab[[ChromeDriver: chrome on WINDOWS (1779389475f5b1b6a39a0869e4513b02)] -> xpath: //button[contains(text(),'Logout')]]
verify tab[[ChromeDriver: chrome on WINDOWS (1779389475f5b1b6a39a0869e4513b02)] -> xpath: //button[contains(text(),'Logout')]]
verify tab[[ChromeDriver: chrome on WINDOWS (1779389475f5b1b6a39a0869e4513b02)] -> xpath: //button[contains(text(),'Logout')]]
verify tab[[ChromeDriver: chrome on WINDOWS (1779389475f5b1b6a39a0869e4513b02)] -> xpath: //button[contains(text(),'Logout')]]
verify tab[[ChromeDriver: chrome on WINDOWS (1779389475f5b1b6a39a0869e4513b02)] -> xpath: //button[contains(text(),'Logout')]]
verify tab[[ChromeDriver: chrome on WINDOWS (1779389475f5b1b6a39a0869e4513b02)] -> xpath: //button[contains(text(),'Logout')]]
verify tab[[ChromeDriver: chrome on WINDOWS (1779389475f5b1b6a39a0869e4513b02)] -> xpath: //button[contains(text(),'Logout')]]
verify tab[[ChromeDriver: chrome on WINDOWS (1779389475f5b1b6a39a0869e4513b02)] -> xpath: //button[contains(text(),'Logout')]]
verify tab[[ChromeDriver: chrome on WINDOWS (1779389475f5b1b6a39a0869e4513b02)] -> xpath: //button[contains(text(),'Logout')]]
verify tab[[ChromeDriver: chrome on WINDOWS (1779389475f5b1b6a39a0869e4513b02)] -> xpath: //button[contains(text(),'Logout')]]
verify tab[[ChromeDriver: chrome on WINDOWS (1779389475f5b1b6a39a0869e4513b02)] -> xpath: //button[contains(text(),'Logout')]]
verify tab[[ChromeDriver: chrome on WINDOWS (1779389475f5b1b6a39a0869e4513b02)] -> xpath: //button[contains(text(),'Logout')]]
verify tab[[ChromeDriver: chrome on WINDOWS (1779389475f5b1b6a39a0869e4513b02)] -> xpath: //button[contains(text(),'Logout')]]
verify tab[[ChromeDriver: chrome on WINDOWS (1779389475f5b1b6a39a0869e4513b02)] -> xpath: //button[contains(text(),'Logout')]]
verify tab[[ChromeDriver: chrome on WINDOWS (1779389475f5b1b6a39a0869e4513b02)] -> xpath: //button[contains(text(),'Logout')]]
verify tab[[ChromeDriver: chrome on WINDOWS (1779389475f5b1b6a39a0869e4513b02)] -> xpath: //button[contains(text(),'Logout')]]
verify tab[[ChromeDriver: chrome on WINDOWS (1779389475f5b1b6a39a0869e4513b02)] -> xpath: //button[contains(text(),'Logout')]]
verify tab[[ChromeDriver: chrome on WINDOWS (1779389475f5b1b6a39a0869e4513b02)] -> xpath: //button[contains(text(),'Logout')]]
verify tab[[ChromeDriver: chrome on WINDOWS (1779389475f5b1b6a39a0869e4513b02)] -> xpath: //button[contains(text(),'Logout')]]
verify tab[[ChromeDriver: chrome on WINDOWS (1779389475f5b1b6a39a0869e4513b02)] -> xpath: //button[contains(text(),'Logout')]]
verify tab[[ChromeDriver: chrome on WINDOWS (1779389475f5b1b6a39a0869e4513b02)] -> xpath: //button[contains(text(),'Logout')]]
verify tab[[ChromeDriver: chrome on WINDOWS (1779389475f5b1b6a39a0869e4513b02)] -> xpath: //button[contains(text(),'Logout')]]
verify tab[[ChromeDriver: chrome on WINDOWS (1779389475f5b1b6a39a0869e4513b02)] -> xpath: //button[contains(text(),'Logout')]]
verify tab[[ChromeDriver: chrome on WINDOWS (1779389475f5b1b6a39a0869e4513b02)] -> xpath: //button[contains(text(),'Logout')]]
verify tab[[ChromeDriver: chrome on WINDOWS (1779389475f5b1b6a39a0869e4513b02)] -> xpath: //button[contains(text(),'Logout')]]
verify tab[[ChromeDriver: chrome on WINDOWS (1779389475f5b1b6a39a0869e4513b02)] -> xpath: //button[contains(text(),'Logout')]]
verify tab[[ChromeDriver: chrome on WINDOWS (1779389475f5b1b6a39a0869e4513b02)] -> xpath: //button[contains(text(),'Logout')]]
verify tab[[ChromeDriver: chrome on WINDOWS (1779389475f5b1b6a39a0869e4513b02)] -> xpath: //button[contains(text(),'Logout')]]
verify tab[[ChromeDriver: chrome on WINDOWS (1779389475f5b1b6a39a0869e4513b02)] -> xpath: //button[contains(text(),'Logout')]]
verify tab[[ChromeDriver: chrome on WINDOWS (1779389475f5b1b6a39a0869e4513b02)] -> xpath: //button[contains(text(),'Logout')]]
verify tab[[ChromeDriver: chrome on WINDOWS (1779389475f5b1b6a39a0869e4513b02)] -> xpath: //button[contains(text(),'Logout')]]
verify tab[[ChromeDriver: chrome on WINDOWS (1779389475f5b1b6a39a0869e4513b02)] -> xpath: //button[contains(text(),'Logout')]]
verify tab[[ChromeDriver: chrome on WINDOWS (1779389475f5b1b6a39a0869e4513b02)] -> xpath: //button[contains(text(),'Logout')]]
verify tab[[ChromeDriver: chrome on WINDOWS (1779389475f5b1b6a39a0869e4513b02)] -> xpath: //button[contains(text(),'Logout')]]
verify tab[[ChromeDriver: chrome on WINDOWS (1779389475f5b1b6a39a0869e4513b02)] -> xpath: //button[contains(text(),'Logout')]]
verify tab[[ChromeDriver: chrome on WINDOWS (1779389475f5b1b6a39a0869e4513b02)] -> xpath: //button[contains(text(),'Logout')]]
verify tab[[ChromeDriver: chrome on WINDOWS (1779389475f5b1b6a39a0869e4513b02)] -> xpath: //button[contains(text(),'Logout')]]
verify tab[[ChromeDriver: chrome on WINDOWS (1779389475f5b1b6a39a0869e4513b02)] -> xpath: //button[contains(text(),'Logout')]]
verify tab[[ChromeDriver: chrome on WINDOWS (1779389475f5b1b6a39a0869e4513b02)] -> xpath: //button[contains(text(),'Logout')]]
verify tab[[ChromeDriver: chrome on WINDOWS (1779389475f5b1b6a39a0869e4513b02)] -> xpath: //button[contains(text(),'Logout')]]
verify tab[[ChromeDriver: chrome on WINDOWS (1779389475f5b1b6a39a0869e4513b02)] -> xpath: //button[contains(text(),'Logout')]]
verify tab[[ChromeDriver: chrome on WINDOWS (1779389475f5b1b6a39a0869e4513b02)] -> xpath: //button[contains(text(),'Logout')]]
verify tab[[ChromeDriver: chrome on WINDOWS (1779389475f5b1b6a39a0869e4513b02)] -> xpath: //button[contains(text(),'Logout')]]
verify tab[[ChromeDriver: chrome on WINDOWS (1779389475f5b1b6a39a0869e4513b02)] -> xpath: //button[contains(text(),'Logout')]]
verify tab[[ChromeDriver: chrome on WINDOWS (1779389475f5b1b6a39a0869e4513b02)] -> xpath: //button[contains(text(),'Logout')]]
verify tab[[ChromeDriver: chrome on WINDOWS (1779389475f5b1b6a39a0869e4513b02)] -> xpath: //button[contains(text(),'Logout')]]
verify tab[[ChromeDriver: chrome on WINDOWS (1779389475f5b1b6a39a0869e4513b02)] -> xpath: //button[contains(text(),'Logout')]]
verify tab[[ChromeDriver: chrome on WINDOWS (1779389475f5b1b6a39a0869e4513b02)] -> xpath: //button[contains(text(),'Logout')]]
verify tab[[ChromeDriver: chrome on WINDOWS (1779389475f5b1b6a39a0869e4513b02)] -> xpath: //button[contains(text(),'Logout')]]
verify tab[[ChromeDriver: chrome on WINDOWS (1779389475f5b1b6a39a0869e4513b02)] -> xpath: //button[contains(text(),'Logout')]]
verify tab[[ChromeDriver: chrome on WINDOWS (1779389475f5b1b6a39a0869e4513b02)] -> xpath: //button[contains(text(),'Logout')]]
verify tab[[ChromeDriver: chrome on WINDOWS (1779389475f5b1b6a39a0869e4513b02)] -> xpath: //button[contains(text(),'Logout')]]
verify tab[[ChromeDriver: chrome on WINDOWS (1779389475f5b1b6a39a0869e4513b02)] -> xpath: //button[contains(text(),'Logout')]]
verify tab[[ChromeDriver: chrome on WINDOWS (1779389475f5b1b6a39a0869e4513b02)] -> xpath: //button[contains(text(),'Logout')]]
verify tab[[ChromeDriver: chrome on WINDOWS (1779389475f5b1b6a39a0869e4513b02)] -> xpath: //button[contains(text(),'Logout')]]
verify tab[[ChromeDriver: chrome on WINDOWS (1779389475f5b1b6a39a0869e4513b02)] -> xpath: //button[contains(text(),'Logout')]]
verify tab[[ChromeDriver: chrome on WINDOWS (1779389475f5b1b6a39a0869e4513b02)] -> xpath: //button[contains(text(),'Logout')]]
verify tab[[ChromeDriver: chrome on WINDOWS (1779389475f5b1b6a39a0869e4513b02)] -> xpath: //button[contains(text(),'Logout')]]
verify tab[[ChromeDriver: chrome on WINDOWS (1779389475f5b1b6a39a0869e4513b02)] -> xpath: //button[contains(text(),'Logout')]]
verify tab[[ChromeDriver: chrome on WINDOWS (1779389475f5b1b6a39a0869e4513b02)] -> xpath: //button[contains(text(),'Logout')]]
verify tab[[ChromeDriver: chrome on WINDOWS (1779389475f5b1b6a39a0869e4513b02)] -> xpath: //button[contains(text(),'Logout')]]
verify tab[[ChromeDriver: chrome on WINDOWS (1779389475f5b1b6a39a0869e4513b02)] -> xpath: //button[contains(text(),'Logout')]]
verify tab[[ChromeDriver: chrome on WINDOWS (1779389475f5b1b6a39a0869e4513b02)] -> xpath: //button[contains(text(),'Logout')]]
verify tab[[ChromeDriver: chrome on WINDOWS (1779389475f5b1b6a39a0869e4513b02)] -> xpath: //button[contains(text(),'Logout')]]
verify tab[[ChromeDriver: chrome on WINDOWS (1779389475f5b1b6a39a0869e4513b02)] -> xpath: //button[contains(text(),'Logout')]]
verify tab[[ChromeDriver: chrome on WINDOWS (1779389475f5b1b6a39a0869e4513b02)] -> xpath: //button[contains(text(),'Logout')]]
verify tab[[ChromeDriver: chrome on WINDOWS (1779389475f5b1b6a39a0869e4513b02)] -> xpath: //button[contains(text(),'Logout')]]
verify tab[[ChromeDriver: chrome on WINDOWS (1779389475f5b1b6a39a0869e4513b02)] -> xpath: //button[contains(text(),'Logout')]]
verify tab[[ChromeDriver: chrome on WINDOWS (1779389475f5b1b6a39a0869e4513b02)] -> xpath: //button[contains(text(),'Logout')]]
verify tab[[ChromeDriver: chrome on WINDOWS (1779389475f5b1b6a39a0869e4513b02)] -> xpath: //button[contains(text(),'Logout')]]
verify tab[[ChromeDriver: chrome on WINDOWS (1779389475f5b1b6a39a0869e4513b02)] -> xpath: //button[contains(text(),'Logout')]]
verify tab[[ChromeDriver: chrome on WINDOWS (1779389475f5b1b6a39a0869e4513b02)] -> xpath: //button[contains(text(),'Logout')]]
verify tab[[ChromeDriver: chrome on WINDOWS (1779389475f5b1b6a39a0869e4513b02)] -> xpath: //button[contains(text(),'Logout')]]
verify tab[[ChromeDriver: chrome on WINDOWS (1779389475f5b1b6a39a0869e4513b02)] -> xpath: //button[contains(text(),'Logout')]]
verify tab[[ChromeDriver: chrome on WINDOWS (1779389475f5b1b6a39a0869e4513b02)] -> xpath: //button[contains(text(),'Logout')]]
verify tab[[ChromeDriver: chrome on WINDOWS (1779389475f5b1b6a39a0869e4513b02)] -> xpath: //button[contains(text(),'Logout')]]
verify tab[[ChromeDriver: chrome on WINDOWS (1779389475f5b1b6a39a0869e4513b02)] -> xpath: //button[contains(text(),'Logout')]]
verify tab[[ChromeDriver: chrome on WINDOWS (1779389475f5b1b6a39a0869e4513b02)] -> xpath: //button[contains(text(),'Logout')]]
verify tab[[ChromeDriver: chrome on WINDOWS (1779389475f5b1b6a39a0869e4513b02)] -> xpath: //button[contains(text(),'Logout')]]
verify tab[[ChromeDriver: chrome on WINDOWS (1779389475f5b1b6a39a0869e4513b02)] -> xpath: //button[contains(text(),'Logout')]]
verify tab[[ChromeDriver: chrome on WINDOWS (1779389475f5b1b6a39a0869e4513b02)] -> xpath: //button[contains(text(),'Logout')]]
verify tab[[ChromeDriver: chrome on WINDOWS (1779389475f5b1b6a39a0869e4513b02)] -> xpath: //button[contains(text(),'Logout')]]
verify tab[[ChromeDriver: chrome on WINDOWS (1779389475f5b1b6a39a0869e4513b02)] -> xpath: //button[contains(text(),'Logout')]]
verify tab[[ChromeDriver: chrome on WINDOWS (1779389475f5b1b6a39a0869e4513b02)] -> xpath: //button[contains(text(),'Logout')]]
verify tab[[ChromeDriver: chrome on WINDOWS (1779389475f5b1b6a39a0869e4513b02)] -> xpath: //button[contains(text(),'Logout')]]
verify tab[[ChromeDriver: chrome on WINDOWS (1779389475f5b1b6a39a0869e4513b02)] -> xpath: //button[contains(text(),'Logout')]]
verify tab[[ChromeDriver: chrome on WINDOWS (1779389475f5b1b6a39a0869e4513b02)] -> xpath: //button[contains(text(),'Logout')]]
verify tab[[ChromeDriver: chrome on WINDOWS (1779389475f5b1b6a39a0869e4513b02)] -> xpath: //button[contains(text(),'Logout')]]
verify tab[[ChromeDriver: chrome on WINDOWS (1779389475f5b1b6a39a0869e4513b02)] -> xpath: //button[contains(text(),'Logout')]]
verify tab[[ChromeDriver: chrome on WINDOWS (1779389475f5b1b6a39a0869e4513b02)] -> xpath: //button[contains(text(),'Logout')]]
verify tab[[ChromeDriver: chrome on WINDOWS (1779389475f5b1b6a39a0869e4513b02)] -> xpath: //button[contains(text(),'Logout')]]
verify tab[[ChromeDriver: chrome on WINDOWS (1779389475f5b1b6a39a0869e4513b02)] -> xpath: //button[contains(text(),'Logout')]]
verify tab[[ChromeDriver: chrome on WINDOWS (1779389475f5b1b6a39a0869e4513b02)] -> xpath: //button[contains(text(),'Logout')]]
verify tab[[ChromeDriver: chrome on WINDOWS (1779389475f5b1b6a39a0869e4513b02)] -> xpath: //button[contains(text(),'Logout')]]
verify tab[[ChromeDriver: chrome on WINDOWS (1779389475f5b1b6a39a0869e4513b02)] -> xpath: //button[contains(text(),'Logout')]]
verify tab[[ChromeDriver: chrome on WINDOWS (1779389475f5b1b6a39a0869e4513b02)] -> xpath: //button[contains(text(),'Logout')]]
verify tab[[ChromeDriver: chrome on WINDOWS (1779389475f5b1b6a39a0869e4513b02)] -> xpath: //button[contains(text(),'Logout')]]
verify tab[[ChromeDriver: chrome on WINDOWS (1779389475f5b1b6a39a0869e4513b02)] -> xpath: //button[contains(text(),'Logout')]]
verify tab[[ChromeDriver: chrome on WINDOWS (1779389475f5b1b6a39a0869e4513b02)] -> xpath: //button[contains(text(),'Logout')]]
verify tab[[ChromeDriver: chrome on WINDOWS (1779389475f5b1b6a39a0869e4513b02)] -> xpath: //button[contains(text(),'Logout')]]
verify tab[[ChromeDriver: chrome on WINDOWS (1779389475f5b1b6a39a0869e4513b02)] -> xpath: //button[contains(text(),'Logout')]]
verify tab[[ChromeDriver: chrome on WINDOWS (1779389475f5b1b6a39a0869e4513b02)] -> xpath: //button[contains(text(),'Logout')]]
verify tab[[ChromeDriver: chrome on WINDOWS (1779389475f5b1b6a39a0869e4513b02)] -> xpath: //button[contains(text(),'Logout')]]
verify tab[[ChromeDriver: chrome on WINDOWS (1779389475f5b1b6a39a0869e4513b02)] -> xpath: //button[contains(text(),'Logout')]]
verify tab[[ChromeDriver: chrome on WINDOWS (1779389475f5b1b6a39a0869e4513b02)] -> xpath: //button[contains(text(),'Logout')]]
verify tab[[ChromeDriver: chrome on WINDOWS (1779389475f5b1b6a39a0869e4513b02)] -> xpath: //button[contains(text(),'Logout')]]
verify tab[[ChromeDriver: chrome on WINDOWS (1779389475f5b1b6a39a0869e4513b02)] -> xpath: //button[contains(text(),'Logout')]]
verify tab[[ChromeDriver: chrome on WINDOWS (1779389475f5b1b6a39a0869e4513b02)] -> xpath: //button[contains(text(),'Logout')]]
verify tab[[ChromeDriver: chrome on WINDOWS (1779389475f5b1b6a39a0869e4513b02)] -> xpath: //button[contains(text(),'Logout')]]
verify tab[[ChromeDriver: chrome on WINDOWS (1779389475f5b1b6a39a0869e4513b02)] -> xpath: //button[contains(text(),'Logout')]]
verify tab[[ChromeDriver: chrome on WINDOWS (1779389475f5b1b6a39a0869e4513b02)] -> xpath: //button[contains(text(),'Logout')]]
verify tab[[ChromeDriver: chrome on WINDOWS (1779389475f5b1b6a39a0869e4513b02)] -> xpath: //button[contains(text(),'Logout')]]
verify tab[[ChromeDriver: chrome on WINDOWS (1779389475f5b1b6a39a0869e4513b02)] -> xpath: //button[contains(text(),'Logout')]]
verify tab[[ChromeDriver: chrome on WINDOWS (1779389475f5b1b6a39a0869e4513b02)] -> xpath: //button[contains(text(),'Logout')]]
verify tab[[ChromeDriver: chrome on WINDOWS (1779389475f5b1b6a39a0869e4513b02)] -> xpath: //button[contains(text(),'Logout')]]
verify tab[[ChromeDriver: chrome on WINDOWS (1779389475f5b1b6a39a0869e4513b02)] -> xpath: //button[contains(text(),'Logout')]]
verify tab[[ChromeDriver: chrome on WINDOWS (1779389475f5b1b6a39a0869e4513b02)] -> xpath: //button[contains(text(),'Logout')]]
verify tab[[ChromeDriver: chrome on WINDOWS (1779389475f5b1b6a39a0869e4513b02)] -> xpath: //button[contains(text(),'Logout')]]
verify tab[[ChromeDriver: chrome on WINDOWS (1779389475f5b1b6a39a0869e4513b02)] -> xpath: //button[contains(text(),'Logout')]]
verify tab[[ChromeDriver: chrome on WINDOWS (1779389475f5b1b6a39a0869e4513b02)] -> xpath: //button[contains(text(),'Logout')]]
verify tab[[ChromeDriver: chrome on WINDOWS (1779389475f5b1b6a39a0869e4513b02)] -> xpath: //button[contains(text(),'Logout')]]
verify tab[[ChromeDriver: chrome on WINDOWS (1779389475f5b1b6a39a0869e4513b02)] -> xpath: //button[contains(text(),'Logout')]]
verify tab[[ChromeDriver: chrome on WINDOWS (1779389475f5b1b6a39a0869e4513b02)] -> xpath: //button[contains(text(),'Logout')]]
verify tab[[ChromeDriver: chrome on WINDOWS (1779389475f5b1b6a39a0869e4513b02)] -> xpath: //button[contains(text(),'Logout')]]
verify tab[[ChromeDriver: chrome on WINDOWS (1779389475f5b1b6a39a0869e4513b02)] -> xpath: //button[contains(text(),'Logout')]]
verify tab[[ChromeDriver: chrome on WINDOWS (1779389475f5b1b6a39a0869e4513b02)] -> xpath: //button[contains(text(),'Logout')]]
verify tab[[ChromeDriver: chrome on WINDOWS (1779389475f5b1b6a39a0869e4513b02)] -> xpath: //button[contains(text(),'Logout')]]
verify tab[[ChromeDriver: chrome on WINDOWS (1779389475f5b1b6a39a0869e4513b02)] -> xpath: //button[contains(text(),'Logout')]]
verify tab[[ChromeDriver: chrome on WINDOWS (1779389475f5b1b6a39a0869e4513b02)] -> xpath: //button[contains(text(),'Logout')]]
verify tab[[ChromeDriver: chrome on WINDOWS (1779389475f5b1b6a39a0869e4513b02)] -> xpath: //button[contains(text(),'Logout')]]
verify tab[[ChromeDriver: chrome on WINDOWS (1779389475f5b1b6a39a0869e4513b02)] -> xpath: //button[contains(text(),'Logout')]]
verify tab[[ChromeDriver: chrome on WINDOWS (1779389475f5b1b6a39a0869e4513b02)] -> xpath: //button[contains(text(),'Logout')]]
verify tab[[ChromeDriver: chrome on WINDOWS (1779389475f5b1b6a39a0869e4513b02)] -> xpath: //button[contains(text(),'Logout')]]
verify tab[[ChromeDriver: chrome on WINDOWS (1779389475f5b1b6a39a0869e4513b02)] -> xpath: //button[contains(text(),'Logout')]]
verify tab[[ChromeDriver: chrome on WINDOWS (1779389475f5b1b6a39a0869e4513b02)] -> xpath: //button[contains(text(),'Logout')]]
verify tab[[ChromeDriver: chrome on WINDOWS (1779389475f5b1b6a39a0869e4513b02)] -> xpath: //button[contains(text(),'Logout')]]
verify tab[[ChromeDriver: chrome on WINDOWS (1779389475f5b1b6a39a0869e4513b02)] -> xpath: //button[contains(text(),'Logout')]]
verify tab[[ChromeDriver: chrome on WINDOWS (1779389475f5b1b6a39a0869e4513b02)] -> xpath: //button[contains(text(),'Logout')]]
verify tab[[ChromeDriver: chrome on WINDOWS (1779389475f5b1b6a39a0869e4513b02)] -> xpath: //button[contains(text(),'Logout')]]
verify tab[[ChromeDriver: chrome on WINDOWS (1779389475f5b1b6a39a0869e4513b02)] -> xpath: //button[contains(text(),'Logout')]]
verify tab[[ChromeDriver: chrome on WINDOWS (1779389475f5b1b6a39a0869e4513b02)] -> xpath: //button[contains(text(),'Logout')]]
verify tab[[ChromeDriver: chrome on WINDOWS (1779389475f5b1b6a39a0869e4513b02)] -> xpath: //button[contains(text(),'Logout')]]
verify tab[[ChromeDriver: chrome on WINDOWS (1779389475f5b1b6a39a0869e4513b02)] -> xpath: //button[contains(text(),'Logout')]]
verify tab[[ChromeDriver: chrome on WINDOWS (1779389475f5b1b6a39a0869e4513b02)] -> xpath: //button[contains(text(),'Logout')]]
verify tab[[ChromeDriver: chrome on WINDOWS (1779389475f5b1b6a39a0869e4513b02)] -> xpath: //button[contains(text(),'Logout')]]
verify tab[[ChromeDriver: chrome on WINDOWS (1779389475f5b1b6a39a0869e4513b02)] -> xpath: //button[contains(text(),'Logout')]]
verify tab[[ChromeDriver: chrome on WINDOWS (1779389475f5b1b6a39a0869e4513b02)] -> xpath: //button[contains(text(),'Logout')]]
verify tab[[ChromeDriver: chrome on WINDOWS (1779389475f5b1b6a39a0869e4513b02)] -> xpath: //button[contains(text(),'Logout')]]
verify tab[[ChromeDriver: chrome on WINDOWS (1779389475f5b1b6a39a0869e4513b02)] -> xpath: //button[contains(text(),'Logout')]]
verify tab[[ChromeDriver: chrome on WINDOWS (1779389475f5b1b6a39a0869e4513b02)] -> xpath: //button[contains(text(),'Logout')]]
verify tab[[ChromeDriver: chrome on WINDOWS (1779389475f5b1b6a39a0869e4513b02)] -> xpath: //button[contains(text(),'Logout')]]
verify tab[[ChromeDriver: chrome on WINDOWS (1779389475f5b1b6a39a0869e4513b02)] -> xpath: //button[contains(text(),'Logout')]]
verify tab[[ChromeDriver: chrome on WINDOWS (1779389475f5b1b6a39a0869e4513b02)] -> xpath: //button[contains(text(),'Logout')]]
verify tab[[ChromeDriver: chrome on WINDOWS (1779389475f5b1b6a39a0869e4513b02)] -> xpath: //button[contains(text(),'Logout')]]
verify tab[[ChromeDriver: chrome on WINDOWS (1779389475f5b1b6a39a0869e4513b02)] -> xpath: //button[contains(text(),'Logout')]]
verify tab[[ChromeDriver: chrome on WINDOWS (1779389475f5b1b6a39a0869e4513b02)] -> xpath: //button[contains(text(),'Logout')]]
verify tab[[ChromeDriver: chrome on WINDOWS (1779389475f5b1b6a39a0869e4513b02)] -> xpath: //button[contains(text(),'Logout')]]
verify tab[[ChromeDriver: chrome on WINDOWS (1779389475f5b1b6a39a0869e4513b02)] -> xpath: //button[contains(text(),'Logout')]]
verify tab[[ChromeDriver: chrome on WINDOWS (1779389475f5b1b6a39a0869e4513b02)] -> xpath: //button[contains(text(),'Logout')]]
verify tab[[ChromeDriver: chrome on WINDOWS (1779389475f5b1b6a39a0869e4513b02)] -> xpath: //button[contains(text(),'Logout')]]
verify tab[[ChromeDriver: chrome on WINDOWS (1779389475f5b1b6a39a0869e4513b02)] -> xpath: //button[contains(text(),'Logout')]]
verify tab[[ChromeDriver: chrome on WINDOWS (1779389475f5b1b6a39a0869e4513b02)] -> xpath: //button[contains(text(),'Logout')]]
verify tab[[ChromeDriver: chrome on WINDOWS (1779389475f5b1b6a39a0869e4513b02)] -> xpath: //button[contains(text(),'Logout')]]
verify tab[[ChromeDriver: chrome on WINDOWS (1779389475f5b1b6a39a0869e4513b02)] -> xpath: //button[contains(text(),'Logout')]]
verify tab[[ChromeDriver: chrome on WINDOWS (1779389475f5b1b6a39a0869e4513b02)] -> xpath: //button[contains(text(),'Logout')]]
verify tab[[ChromeDriver: chrome on WINDOWS (1779389475f5b1b6a39a0869e4513b02)] -> xpath: //button[contains(text(),'Logout')]]
verify tab[[ChromeDriver: chrome on WINDOWS (1779389475f5b1b6a39a0869e4513b02)] -> xpath: //button[contains(text(),'Logout')]]
verify tab[[ChromeDriver: chrome on WINDOWS (1779389475f5b1b6a39a0869e4513b02)] -> xpath: //button[contains(text(),'Logout')]]
verify tab[[ChromeDriver: chrome on WINDOWS (1779389475f5b1b6a39a0869e4513b02)] -> xpath: //button[contains(text(),'Logout')]]
verify tab[[ChromeDriver: chrome on WINDOWS (1779389475f5b1b6a39a0869e4513b02)] -> xpath: //button[contains(text(),'Logout')]]
verify tab[[ChromeDriver: chrome on WINDOWS (1779389475f5b1b6a39a0869e4513b02)] -> xpath: //button[contains(text(),'Logout')]]
verify tab[[ChromeDriver: chrome on WINDOWS (1779389475f5b1b6a39a0869e4513b02)] -> xpath: //button[contains(text(),'Logout')]]
verify tab[[ChromeDriver: chrome on WINDOWS (1779389475f5b1b6a39a0869e4513b02)] -> xpath: //button[contains(text(),'Logout')]]
verify tab[[ChromeDriver: chrome on WINDOWS (1779389475f5b1b6a39a0869e4513b02)] -> xpath: //button[contains(text(),'Logout')]]
verify tab[[ChromeDriver: chrome on WINDOWS (1779389475f5b1b6a39a0869e4513b02)] -> xpath: //button[contains(text(),'Logout')]]
verify tab[[ChromeDriver: chrome on WINDOWS (1779389475f5b1b6a39a0869e4513b02)] -> xpath: //button[contains(text(),'Logout')]]
verify tab[[ChromeDriver: chrome on WINDOWS (1779389475f5b1b6a39a0869e4513b02)] -> xpath: //button[contains(text(),'Logout')]]
verify tab[[ChromeDriver: chrome on WINDOWS (1779389475f5b1b6a39a0869e4513b02)] -> xpath: //button[contains(text(),'Logout')]]
verify tab[[ChromeDriver: chrome on WINDOWS (1779389475f5b1b6a39a0869e4513b02)] -> xpath: //button[contains(text(),'Logout')]]
verify tab[[ChromeDriver: chrome on WINDOWS (1779389475f5b1b6a39a0869e4513b02)] -> xpath: //button[contains(text(),'Logout')]]
verify tab[[ChromeDriver: chrome on WINDOWS (1779389475f5b1b6a39a0869e4513b02)] -> xpath: //button[contains(text(),'Logout')]]
verify tab[[ChromeDriver: chrome on WINDOWS (1779389475f5b1b6a39a0869e4513b02)] -> xpath: //button[contains(text(),'Logout')]]
verify tab[[ChromeDriver: chrome on WINDOWS (1779389475f5b1b6a39a0869e4513b02)] -> xpath: //button[contains(text(),'Logout')]]
verify tab[[ChromeDriver: chrome on WINDOWS (1779389475f5b1b6a39a0869e4513b02)] -> xpath: //button[contains(text(),'Logout')]]
verify tab[[ChromeDriver: chrome on WINDOWS (1779389475f5b1b6a39a0869e4513b02)] -> xpath: //button[contains(text(),'Logout')]]
verify tab[[ChromeDriver: chrome on WINDOWS (1779389475f5b1b6a39a0869e4513b02)] -> xpath: //button[contains(text(),'Logout')]]
verify tab[[ChromeDriver: chrome on WINDOWS (1779389475f5b1b6a39a0869e4513b02)] -> xpath: //button[contains(text(),'Logout')]]
verify tab[[ChromeDriver: chrome on WINDOWS (1779389475f5b1b6a39a0869e4513b02)] -> xpath: //button[contains(text(),'Logout')]]
verify tab[[ChromeDriver: chrome on WINDOWS (1779389475f5b1b6a39a0869e4513b02)] -> xpath: //button[contains(text(),'Logout')]]
verify tab[[ChromeDriver: chrome on WINDOWS (1779389475f5b1b6a39a0869e4513b02)] -> xpath: //button[contains(text(),'Logout')]]
verify tab[[ChromeDriver: chrome on WINDOWS (1779389475f5b1b6a39a0869e4513b02)] -> xpath: //button[contains(text(),'Logout')]]
verify tab[[ChromeDriver: chrome on WINDOWS (1779389475f5b1b6a39a0869e4513b02)] -> xpath: //button[contains(text(),'Logout')]]
verify tab[[ChromeDriver: chrome on WINDOWS (1779389475f5b1b6a39a0869e4513b02)] -> xpath: //button[contains(text(),'Logout')]]
verify tab[[ChromeDriver: chrome on WINDOWS (1779389475f5b1b6a39a0869e4513b02)] -> xpath: //button[contains(text(),'Logout')]]
verify tab[[ChromeDriver: chrome on WINDOWS (1779389475f5b1b6a39a0869e4513b02)] -> xpath: //button[contains(text(),'Logout')]]
verify tab[[ChromeDriver: chrome on WINDOWS (1779389475f5b1b6a39a0869e4513b02)] -> xpath: //button[contains(text(),'Logout')]]
verify tab[[ChromeDriver: chrome on WINDOWS (1779389475f5b1b6a39a0869e4513b02)] -> xpath: //button[contains(text(),'Logout')]]
verify tab[[ChromeDriver: chrome on WINDOWS (1779389475f5b1b6a39a0869e4513b02)] -> xpath: //button[contains(text(),'Logout')]]
verify tab[[ChromeDriver: chrome on WINDOWS (1779389475f5b1b6a39a0869e4513b02)] -> xpath: //button[contains(text(),'Logout')]]
verify tab[[ChromeDriver: chrome on WINDOWS (1779389475f5b1b6a39a0869e4513b02)] -> xpath: //button[contains(text(),'Logout')]]
verify tab[[ChromeDriver: chrome on WINDOWS (1779389475f5b1b6a39a0869e4513b02)] -> xpath: //button[contains(text(),'Logout')]]
verify tab[[ChromeDriver: chrome on WINDOWS (1779389475f5b1b6a39a0869e4513b02)] -> xpath: //button[contains(text(),'Logout')]]
verify tab[[ChromeDriver: chrome on WINDOWS (1779389475f5b1b6a39a0869e4513b02)] -> xpath: //button[contains(text(),'Logout')]]
verify tab[[ChromeDriver: chrome on WINDOWS (1779389475f5b1b6a39a0869e4513b02)] -> xpath: //button[contains(text(),'Logout')]]
verify tab[[ChromeDriver: chrome on WINDOWS (1779389475f5b1b6a39a0869e4513b02)] -> xpath: //button[contains(text(),'Logout')]]
verify tab[[ChromeDriver: chrome on WINDOWS (1779389475f5b1b6a39a0869e4513b02)] -> xpath: //button[contains(text(),'Logout')]]
verify tab[[ChromeDriver: chrome on WINDOWS (1779389475f5b1b6a39a0869e4513b02)] -> xpath: //button[contains(text(),'Logout')]]
verify tab[[ChromeDriver: chrome on WINDOWS (1779389475f5b1b6a39a0869e4513b02)] -> xpath: //button[contains(text(),'Logout')]]
verify tab[[ChromeDriver: chrome on WINDOWS (1779389475f5b1b6a39a0869e4513b02)] -> xpath: //button[contains(text(),'Logout')]]
verify tab[[ChromeDriver: chrome on WINDOWS (1779389475f5b1b6a39a0869e4513b02)] -> xpath: //button[contains(text(),'Logout')]]
verify tab[[ChromeDriver: chrome on WINDOWS (1779389475f5b1b6a39a0869e4513b02)] -> xpath: //button[contains(text(),'Logout')]]
verify tab[[ChromeDriver: chrome on WINDOWS (1779389475f5b1b6a39a0869e4513b02)] -> xpath: //button[contains(text(),'Logout')]]
verify tab[[ChromeDriver: chrome on WINDOWS (1779389475f5b1b6a39a0869e4513b02)] -> xpath: //button[contains(text(),'Logout')]]
verify tab[[ChromeDriver: chrome on WINDOWS (1779389475f5b1b6a39a0869e4513b02)] -> xpath: //button[contains(text(),'Logout')]]
verify tab[[ChromeDriver: chrome on WINDOWS (1779389475f5b1b6a39a0869e4513b02)] -> xpath: //button[contains(text(),'Logout')]]
verify tab[[ChromeDriver: chrome on WINDOWS (1779389475f5b1b6a39a0869e4513b02)] -> xpath: //button[contains(text(),'Logout')]]
verify tab[[ChromeDriver: chrome on WINDOWS (1779389475f5b1b6a39a0869e4513b02)] -> xpath: //button[contains(text(),'Logout')]]
verify tab[[ChromeDriver: chrome on WINDOWS (1779389475f5b1b6a39a0869e4513b02)] -> xpath: //button[contains(text(),'Logout')]]
verify tab[[ChromeDriver: chrome on WINDOWS (1779389475f5b1b6a39a0869e4513b02)] -> xpath: //button[contains(text(),'Logout')]]
verify tab[[ChromeDriver: chrome on WINDOWS (1779389475f5b1b6a39a0869e4513b02)] -> xpath: //button[contains(text(),'Logout')]]
verify tab[[ChromeDriver: chrome on WINDOWS (1779389475f5b1b6a39a0869e4513b02)] -> xpath: //button[contains(text(),'Logout')]]
verify tab[[ChromeDriver: chrome on WINDOWS (1779389475f5b1b6a39a0869e4513b02)] -> xpath: //button[contains(text(),'Logout')]]
verify tab[[ChromeDriver: chrome on WINDOWS (1779389475f5b1b6a39a0869e4513b02)] -> xpath: //button[contains(text(),'Logout')]]
verify tab[[ChromeDriver: chrome on WINDOWS (1779389475f5b1b6a39a0869e4513b02)] -> xpath: //button[contains(text(),'Logout')]]
verify tab[[ChromeDriver: chrome on WINDOWS (1779389475f5b1b6a39a0869e4513b02)] -> xpath: //button[contains(text(),'Logout')]]
verify tab[[ChromeDriver: chrome on WINDOWS (1779389475f5b1b6a39a0869e4513b02)] -> xpath: //button[contains(text(),'Logout')]]
verify tab[[ChromeDriver: chrome on WINDOWS (1779389475f5b1b6a39a0869e4513b02)] -> xpath: //button[contains(text(),'Logout')]]
verify tab[[ChromeDriver: chrome on WINDOWS (1779389475f5b1b6a39a0869e4513b02)] -> xpath: //button[contains(text(),'Logout')]]
verify tab[[ChromeDriver: chrome on WINDOWS (1779389475f5b1b6a39a0869e4513b02)] -> xpath: //button[contains(text(),'Logout')]]
verify tab[[ChromeDriver: chrome on WINDOWS (1779389475f5b1b6a39a0869e4513b02)] -> xpath: //button[contains(text(),'Logout')]]
verify tab[[ChromeDriver: chrome on WINDOWS (1779389475f5b1b6a39a0869e4513b02)] -> xpath: //button[contains(text(),'Logout')]]
verify tab[[ChromeDriver: chrome on WINDOWS (1779389475f5b1b6a39a0869e4513b02)] -> xpath: //button[contains(text(),'Logout')]]
verify tab[[ChromeDriver: chrome on WINDOWS (1779389475f5b1b6a39a0869e4513b02)] -> xpath: //button[contains(text(),'Logout')]]
verify tab[[ChromeDriver: chrome on WINDOWS (1779389475f5b1b6a39a0869e4513b02)] -> xpath: //button[contains(text(),'Logout')]]
verify tab[[ChromeDriver: chrome on WINDOWS (1779389475f5b1b6a39a0869e4513b02)] -> xpath: //button[contains(text(),'Logout')]]
verify tab[[ChromeDriver: chrome on WINDOWS (1779389475f5b1b6a39a0869e4513b02)] -> xpath: //button[contains(text(),'Logout')]]
verify tab[[ChromeDriver: chrome on WINDOWS (1779389475f5b1b6a39a0869e4513b02)] -> xpath: //button[contains(text(),'Logout')]]
verify tab[[ChromeDriver: chrome on WINDOWS (1779389475f5b1b6a39a0869e4513b02)] -> xpath: //button[contains(text(),'Logout')]]
verify tab[[ChromeDriver: chrome on WINDOWS (1779389475f5b1b6a39a0869e4513b02)] -> xpath: //button[contains(text(),'Logout')]]
verify tab[[ChromeDriver: chrome on WINDOWS (1779389475f5b1b6a39a0869e4513b02)] -> xpath: //button[contains(text(),'Logout')]]
verify tab[[ChromeDriver: chrome on WINDOWS (1779389475f5b1b6a39a0869e4513b02)] -> xpath: //button[contains(text(),'Logout')]]
verify tab[[ChromeDriver: chrome on WINDOWS (1779389475f5b1b6a39a0869e4513b02)] -> xpath: //button[contains(text(),'Logout')]]
verify tab[[ChromeDriver: chrome on WINDOWS (1779389475f5b1b6a39a0869e4513b02)] -> xpath: //button[contains(text(),'Logout')]]
verify tab[[ChromeDriver: chrome on WINDOWS (1779389475f5b1b6a39a0869e4513b02)] -> xpath: //button[contains(text(),'Logout')]]
verify tab[[ChromeDriver: chrome on WINDOWS (1779389475f5b1b6a39a0869e4513b02)] -> xpath: //button[contains(text(),'Logout')]]
verify tab[[ChromeDriver: chrome on WINDOWS (1779389475f5b1b6a39a0869e4513b02)] -> xpath: //button[contains(text(),'Logout')]]
verify tab[[ChromeDriver: chrome on WINDOWS (1779389475f5b1b6a39a0869e4513b02)] -> xpath: //button[contains(text(),'Logout')]]
verify tab[[ChromeDriver: chrome on WINDOWS (1779389475f5b1b6a39a0869e4513b02)] -> xpath: //button[contains(text(),'Logout')]]
verify tab[[ChromeDriver: chrome on WINDOWS (1779389475f5b1b6a39a0869e4513b02)] -> xpath: //button[contains(text(),'Logout')]]
verify tab[[ChromeDriver: chrome on WINDOWS (1779389475f5b1b6a39a0869e4513b02)] -> xpath: //button[contains(text(),'Logout')]]
verify tab[[ChromeDriver: chrome on WINDOWS (1779389475f5b1b6a39a0869e4513b02)] -> xpath: //button[contains(text(),'Logout')]]
verify tab[[ChromeDriver: chrome on WINDOWS (1779389475f5b1b6a39a0869e4513b02)] -> xpath: //button[contains(text(),'Logout')]]
verify tab[[ChromeDriver: chrome on WINDOWS (1779389475f5b1b6a39a0869e4513b02)] -> xpath: //button[contains(text(),'Logout')]]
verify tab[[ChromeDriver: chrome on WINDOWS (1779389475f5b1b6a39a0869e4513b02)] -> xpath: //button[contains(text(),'Logout')]]
verify tab[[ChromeDriver: chrome on WINDOWS (1779389475f5b1b6a39a0869e4513b02)] -> xpath: //button[contains(text(),'Logout')]]
verify tab[[ChromeDriver: chrome on WINDOWS (1779389475f5b1b6a39a0869e4513b02)] -> xpath: //button[contains(text(),'Logout')]]
verify tab[[ChromeDriver: chrome on WINDOWS (1779389475f5b1b6a39a0869e4513b02)] -> xpath: //button[contains(text(),'Logout')]]
verify tab[[ChromeDriver: chrome on WINDOWS (1779389475f5b1b6a39a0869e4513b02)] -> xpath: //button[contains(text(),'Logout')]]
verify tab[[ChromeDriver: chrome on WINDOWS (1779389475f5b1b6a39a0869e4513b02)] -> xpath: //button[contains(text(),'Logout')]]
verify tab[[ChromeDriver: chrome on WINDOWS (1779389475f5b1b6a39a0869e4513b02)] -> xpath: //button[contains(text(),'Logout')]]
verify tab[[ChromeDriver: chrome on WINDOWS (1779389475f5b1b6a39a0869e4513b02)] -> xpath: //button[contains(text(),'Logout')]]
verify tab[[ChromeDriver: chrome on WINDOWS (1779389475f5b1b6a39a0869e4513b02)] -> xpath: //button[contains(text(),'Logout')]]
verify tab[[ChromeDriver: chrome on WINDOWS (1779389475f5b1b6a39a0869e4513b02)] -> xpath: //button[contains(text(),'Logout')]]
verify tab[[ChromeDriver: chrome on WINDOWS (1779389475f5b1b6a39a0869e4513b02)] -> xpath: //button[contains(text(),'Logout')]]
verify tab[[ChromeDriver: chrome on WINDOWS (1779389475f5b1b6a39a0869e4513b02)] -> xpath: //button[contains(text(),'Logout')]]
verify tab[[ChromeDriver: chrome on WINDOWS (1779389475f5b1b6a39a0869e4513b02)] -> xpath: //button[contains(text(),'Logout')]]
verify tab[[ChromeDriver: chrome on WINDOWS (1779389475f5b1b6a39a0869e4513b02)] -> xpath: //button[contains(text(),'Logout')]]
verify tab[[ChromeDriver: chrome on WINDOWS (1779389475f5b1b6a39a0869e4513b02)] -> xpath: //button[contains(text(),'Logout')]]
verify tab[[ChromeDriver: chrome on WINDOWS (1779389475f5b1b6a39a0869e4513b02)] -> xpath: //button[contains(text(),'Logout')]]
verify tab[[ChromeDriver: chrome on WINDOWS (1779389475f5b1b6a39a0869e4513b02)] -> xpath: //button[contains(text(),'Logout')]]
verify tab[[ChromeDriver: chrome on WINDOWS (1779389475f5b1b6a39a0869e4513b02)] -> xpath: //button[contains(text(),'Logout')]]
verify tab[[ChromeDriver: chrome on WINDOWS (1779389475f5b1b6a39a0869e4513b02)] -> xpath: //button[contains(text(),'Logout')]]
verify tab[[ChromeDriver: chrome on WINDOWS (1779389475f5b1b6a39a0869e4513b02)] -> xpath: //button[contains(text(),'Logout')]]
verify tab[[ChromeDriver: chrome on WINDOWS (1779389475f5b1b6a39a0869e4513b02)] -> xpath: //button[contains(text(),'Logout')]]
verify tab[[ChromeDriver: chrome on WINDOWS (1779389475f5b1b6a39a0869e4513b02)] -> xpath: //button[contains(text(),'Logout')]]
verify tab[[ChromeDriver: chrome on WINDOWS (1779389475f5b1b6a39a0869e4513b02)] -> xpath: //button[contains(text(),'Logout')]]
verify tab[[ChromeDriver: chrome on WINDOWS (1779389475f5b1b6a39a0869e4513b02)] -> xpath: //button[contains(text(),'Logout')]]
verify tab[[ChromeDriver: chrome on WINDOWS (1779389475f5b1b6a39a0869e4513b02)] -> xpath: //button[contains(text(),'Logout')]]
verify tab[[ChromeDriver: chrome on WINDOWS (1779389475f5b1b6a39a0869e4513b02)] -> xpath: //button[contains(text(),'Logout')]]
verify tab[[ChromeDriver: chrome on WINDOWS (1779389475f5b1b6a39a0869e4513b02)] -> xpath: //button[contains(text(),'Logout')]]
verify tab[[ChromeDriver: chrome on WINDOWS (1779389475f5b1b6a39a0869e4513b02)] -> xpath: //button[contains(text(),'Logout')]]
verify tab[[ChromeDriver: chrome on WINDOWS (1779389475f5b1b6a39a0869e4513b02)] -> xpath: //button[contains(text(),'Logout')]]
verify tab[[ChromeDriver: chrome on WINDOWS (1779389475f5b1b6a39a0869e4513b02)] -> xpath: //button[contains(text(),'Logout')]]
verify tab[[ChromeDriver: chrome on WINDOWS (1779389475f5b1b6a39a0869e4513b02)] -> xpath: //button[contains(text(),'Logout')]]
verify tab[[ChromeDriver: chrome on WINDOWS (1779389475f5b1b6a39a0869e4513b02)] -> xpath: //button[contains(text(),'Logout')]]
verify tab[[ChromeDriver: chrome on WINDOWS (1779389475f5b1b6a39a0869e4513b02)] -> xpath: //button[contains(text(),'Logout')]]
verify tab[[ChromeDriver: chrome on WINDOWS (1779389475f5b1b6a39a0869e4513b02)] -> xpath: //button[contains(text(),'Logout')]]
verify tab[[ChromeDriver: chrome on WINDOWS (1779389475f5b1b6a39a0869e4513b02)] -> xpath: //button[contains(text(),'Logout')]]
verify tab[[ChromeDriver: chrome on WINDOWS (1779389475f5b1b6a39a0869e4513b02)] -> xpath: //button[contains(text(),'Logout')]]
verify tab[[ChromeDriver: chrome on WINDOWS (1779389475f5b1b6a39a0869e4513b02)] -> xpath: //button[contains(text(),'Logout')]]
verify tab[[ChromeDriver: chrome on WINDOWS (1779389475f5b1b6a39a0869e4513b02)] -> xpath: //button[contains(text(),'Logout')]]
verify tab[[ChromeDriver: chrome on WINDOWS (1779389475f5b1b6a39a0869e4513b02)] -> xpath: //button[contains(text(),'Logout')]]
verify tab[[ChromeDriver: chrome on WINDOWS (1779389475f5b1b6a39a0869e4513b02)] -> xpath: //button[contains(text(),'Logout')]]
verify tab[[ChromeDriver: chrome on WINDOWS (1779389475f5b1b6a39a0869e4513b02)] -> xpath: //button[contains(text(),'Logout')]]
verify tab[[ChromeDriver: chrome on WINDOWS (1779389475f5b1b6a39a0869e4513b02)] -> xpath: //button[contains(text(),'Logout')]]
verify tab[[ChromeDriver: chrome on WINDOWS (1779389475f5b1b6a39a0869e4513b02)] -> xpath: //button[contains(text(),'Logout')]]
verify tab[[ChromeDriver: chrome on WINDOWS (1779389475f5b1b6a39a0869e4513b02)] -> xpath: //button[contains(text(),'Logout')]]
verify tab[[ChromeDriver: chrome on WINDOWS (1779389475f5b1b6a39a0869e4513b02)] -> xpath: //button[contains(text(),'Logout')]]
verify tab[[ChromeDriver: chrome on WINDOWS (1779389475f5b1b6a39a0869e4513b02)] -> xpath: //button[contains(text(),'Logout')]]
verify tab[[ChromeDriver: chrome on WINDOWS (1779389475f5b1b6a39a0869e4513b02)] -> xpath: //button[contains(text(),'Logout')]]
verify tab[[ChromeDriver: chrome on WINDOWS (1779389475f5b1b6a39a0869e4513b02)] -> xpath: //button[contains(text(),'Logout')]]
verify tab[[ChromeDriver: chrome on WINDOWS (1779389475f5b1b6a39a0869e4513b02)] -> xpath: //button[contains(text(),'Logout')]]
verify tab[[ChromeDriver: chrome on WINDOWS (1779389475f5b1b6a39a0869e4513b02)] -> xpath: //button[contains(text(),'Logout')]]
verify tab[[ChromeDriver: chrome on WINDOWS (1779389475f5b1b6a39a0869e4513b02)] -> xpath: //button[contains(text(),'Logout')]]
verify tab[[ChromeDriver: chrome on WINDOWS (1779389475f5b1b6a39a0869e4513b02)] -> xpath: //button[contains(text(),'Logout')]]
verify tab[[ChromeDriver: chrome on WINDOWS (1779389475f5b1b6a39a0869e4513b02)] -> xpath: //button[contains(text(),'Logout')]]
verify tab[[ChromeDriver: chrome on WINDOWS (1779389475f5b1b6a39a0869e4513b02)] -> xpath: //button[contains(text(),'Logout')]]
verify tab[[ChromeDriver: chrome on WINDOWS (1779389475f5b1b6a39a0869e4513b02)] -> xpath: //button[contains(text(),'Logout')]]
verify tab[[ChromeDriver: chrome on WINDOWS (1779389475f5b1b6a39a0869e4513b02)] -> xpath: //button[contains(text(),'Logout')]]
verify tab[[ChromeDriver: chrome on WINDOWS (1779389475f5b1b6a39a0869e4513b02)] -> xpath: //button[contains(text(),'Logout')]]
verify tab[[ChromeDriver: chrome on WINDOWS (1779389475f5b1b6a39a0869e4513b02)] -> xpath: //button[contains(text(),'Logout')]]
verify tab[[ChromeDriver: chrome on WINDOWS (1779389475f5b1b6a39a0869e4513b02)] -> xpath: //button[contains(text(),'Logout')]]
verify tab[[ChromeDriver: chrome on WINDOWS (1779389475f5b1b6a39a0869e4513b02)] -> xpath: //button[contains(text(),'Logout')]]
verify tab[[ChromeDriver: chrome on WINDOWS (1779389475f5b1b6a39a0869e4513b02)] -> xpath: //button[contains(text(),'Logout')]]
verify tab[[ChromeDriver: chrome on WINDOWS (1779389475f5b1b6a39a0869e4513b02)] -> xpath: //button[contains(text(),'Logout')]]
verify tab[[ChromeDriver: chrome on WINDOWS (1779389475f5b1b6a39a0869e4513b02)] -> xpath: //button[contains(text(),'Logout')]]
verify tab[[ChromeDriver: chrome on WINDOWS (1779389475f5b1b6a39a0869e4513b02)] -> xpath: //button[contains(text(),'Logout')]]
verify tab[[ChromeDriver: chrome on WINDOWS (1779389475f5b1b6a39a0869e4513b02)] -> xpath: //button[contains(text(),'Logout')]]
verify tab[[ChromeDriver: chrome on WINDOWS (1779389475f5b1b6a39a0869e4513b02)] -> xpath: //button[contains(text(),'Logout')]]
verify tab[[ChromeDriver: chrome on WINDOWS (1779389475f5b1b6a39a0869e4513b02)] -> xpath: //button[contains(text(),'Logout')]]
verify tab[[ChromeDriver: chrome on WINDOWS (1779389475f5b1b6a39a0869e4513b02)] -> xpath: //button[contains(text(),'Logout')]]
verify tab[[ChromeDriver: chrome on WINDOWS (1779389475f5b1b6a39a0869e4513b02)] -> xpath: //button[contains(text(),'Logout')]]
verify tab[[ChromeDriver: chrome on WINDOWS (1779389475f5b1b6a39a0869e4513b02)] -> xpath: //button[contains(text(),'Logout')]]
verify tab[[ChromeDriver: chrome on WINDOWS (1779389475f5b1b6a39a0869e4513b02)] -> xpath: //button[contains(text(),'Logout')]]
verify tab[[ChromeDriver: chrome on WINDOWS (1779389475f5b1b6a39a0869e4513b02)] -> xpath: //button[contains(text(),'Logout')]]
verify tab[[ChromeDriver: chrome on WINDOWS (1779389475f5b1b6a39a0869e4513b02)] -> xpath: //button[contains(text(),'Logout')]]
verify tab[[ChromeDriver: chrome on WINDOWS (1779389475f5b1b6a39a0869e4513b02)] -> xpath: //button[contains(text(),'Logout')]]
verify tab[[ChromeDriver: chrome on WINDOWS (1779389475f5b1b6a39a0869e4513b02)] -> xpath: //button[contains(text(),'Logout')]]
verify tab[[ChromeDriver: chrome on WINDOWS (1779389475f5b1b6a39a0869e4513b02)] -> xpath: //button[contains(text(),'Logout')]]
verify tab[[ChromeDriver: chrome on WINDOWS (1779389475f5b1b6a39a0869e4513b02)] -> xpath: //button[contains(text(),'Logout')]]
verify tab[[ChromeDriver: chrome on WINDOWS (1779389475f5b1b6a39a0869e4513b02)] -> xpath: //button[contains(text(),'Logout')]]
verify tab[[ChromeDriver: chrome on WINDOWS (1779389475f5b1b6a39a0869e4513b02)] -> xpath: //button[contains(text(),'Logout')]]
verify tab[[ChromeDriver: chrome on WINDOWS (1779389475f5b1b6a39a0869e4513b02)] -> xpath: //button[contains(text(),'Logout')]]
verify tab[[ChromeDriver: chrome on WINDOWS (1779389475f5b1b6a39a0869e4513b02)] -> xpath: //button[contains(text(),'Logout')]]
verify tab[[ChromeDriver: chrome on WINDOWS (1779389475f5b1b6a39a0869e4513b02)] -> xpath: //button[contains(text(),'Logout')]]
verify tab[[ChromeDriver: chrome on WINDOWS (1779389475f5b1b6a39a0869e4513b02)] -> xpath: //button[contains(text(),'Logout')]]
verify tab[[ChromeDriver: chrome on WINDOWS (1779389475f5b1b6a39a0869e4513b02)] -> xpath: //button[contains(text(),'Logout')]]
verify tab[[ChromeDriver: chrome on WINDOWS (1779389475f5b1b6a39a0869e4513b02)] -> xpath: //button[contains(text(),'Logout')]]
verify tab[[ChromeDriver: chrome on WINDOWS (1779389475f5b1b6a39a0869e4513b02)] -> xpath: //button[contains(text(),'Logout')]]
verify tab[[ChromeDriver: chrome on WINDOWS (1779389475f5b1b6a39a0869e4513b02)] -> xpath: //button[contains(text(),'Logout')]]
verify tab[[ChromeDriver: chrome on WINDOWS (1779389475f5b1b6a39a0869e4513b02)] -> xpath: //button[contains(text(),'Logout')]]
verify tab[[ChromeDriver: chrome on WINDOWS (1779389475f5b1b6a39a0869e4513b02)] -> xpath: //button[contains(text(),'Logout')]]
verify tab[[ChromeDriver: chrome on WINDOWS (1779389475f5b1b6a39a0869e4513b02)] -> xpath: //button[contains(text(),'Logout')]]
verify tab[[ChromeDriver: chrome on WINDOWS (1779389475f5b1b6a39a0869e4513b02)] -> xpath: //button[contains(text(),'Logout')]]
verify tab[[ChromeDriver: chrome on WINDOWS (1779389475f5b1b6a39a0869e4513b02)] -> xpath: //button[contains(text(),'Logout')]]
verify tab[[ChromeDriver: chrome on WINDOWS (1779389475f5b1b6a39a0869e4513b02)] -> xpath: //button[contains(text(),'Logout')]]
verify tab[[ChromeDriver: chrome on WINDOWS (1779389475f5b1b6a39a0869e4513b02)] -> xpath: //button[contains(text(),'Logout')]]
verify tab[[ChromeDriver: chrome on WINDOWS (1779389475f5b1b6a39a0869e4513b02)] -> xpath: //button[contains(text(),'Logout')]]
verify tab[[ChromeDriver: chrome on WINDOWS (1779389475f5b1b6a39a0869e4513b02)] -> xpath: //button[contains(text(),'Logout')]]
verify tab[[ChromeDriver: chrome on WINDOWS (1779389475f5b1b6a39a0869e4513b02)] -> xpath: //button[contains(text(),'Logout')]]
verify tab[[ChromeDriver: chrome on WINDOWS (1779389475f5b1b6a39a0869e4513b02)] -> xpath: //button[contains(text(),'Logout')]]
verify tab[[ChromeDriver: chrome on WINDOWS (1779389475f5b1b6a39a0869e4513b02)] -> xpath: //button[contains(text(),'Logout')]]
verify tab[[ChromeDriver: chrome on WINDOWS (1779389475f5b1b6a39a0869e4513b02)] -> xpath: //button[contains(text(),'Logout')]]
verify tab[[ChromeDriver: chrome on WINDOWS (1779389475f5b1b6a39a0869e4513b02)] -> xpath: //button[contains(text(),'Logout')]]
verify tab[[ChromeDriver: chrome on WINDOWS (1779389475f5b1b6a39a0869e4513b02)] -> xpath: //button[contains(text(),'Logout')]]
verify tab[[ChromeDriver: chrome on WINDOWS (1779389475f5b1b6a39a0869e4513b02)] -> xpath: //button[contains(text(),'Logout')]]
verify tab[[ChromeDriver: chrome on WINDOWS (1779389475f5b1b6a39a0869e4513b02)] -> xpath: //button[contains(text(),'Logout')]]
verify tab[[ChromeDriver: chrome on WINDOWS (1779389475f5b1b6a39a0869e4513b02)] -> xpath: //button[contains(text(),'Logout')]]
verify tab[[ChromeDriver: chrome on WINDOWS (1779389475f5b1b6a39a0869e4513b02)] -> xpath: //button[contains(text(),'Logout')]]
verify tab[[ChromeDriver: chrome on WINDOWS (1779389475f5b1b6a39a0869e4513b02)] -> xpath: //button[contains(text(),'Logout')]]
verify tab[[ChromeDriver: chrome on WINDOWS (1779389475f5b1b6a39a0869e4513b02)] -> xpath: //button[contains(text(),'Logout')]]
verify tab[[ChromeDriver: chrome on WINDOWS (1779389475f5b1b6a39a0869e4513b02)] -> xpath: //button[contains(text(),'Logout')]]
verify tab[[ChromeDriver: chrome on WINDOWS (1779389475f5b1b6a39a0869e4513b02)] -> xpath: //button[contains(text(),'Logout')]]
verify tab[[ChromeDriver: chrome on WINDOWS (1779389475f5b1b6a39a0869e4513b02)] -> xpath: //button[contains(text(),'Logout')]]
verify tab[[ChromeDriver: chrome on WINDOWS (1779389475f5b1b6a39a0869e4513b02)] -> xpath: //button[contains(text(),'Logout')]]
verify tab[[ChromeDriver: chrome on WINDOWS (1779389475f5b1b6a39a0869e4513b02)] -> xpath: //button[contains(text(),'Logout')]]
verify tab[[ChromeDriver: chrome on WINDOWS (1779389475f5b1b6a39a0869e4513b02)] -> xpath: //button[contains(text(),'Logout')]]
verify tab[[ChromeDriver: chrome on WINDOWS (1779389475f5b1b6a39a0869e4513b02)] -> xpath: //button[contains(text(),'Logout')]]
verify tab[[ChromeDriver: chrome on WINDOWS (1779389475f5b1b6a39a0869e4513b02)] -> xpath: //button[contains(text(),'Logout')]]
verify tab[[ChromeDriver: chrome on WINDOWS (1779389475f5b1b6a39a0869e4513b02)] -> xpath: //button[contains(text(),'Logout')]]
verify tab[[ChromeDriver: chrome on WINDOWS (1779389475f5b1b6a39a0869e4513b02)] -> xpath: //button[contains(text(),'Logout')]]
verify tab[[ChromeDriver: chrome on WINDOWS (1779389475f5b1b6a39a0869e4513b02)] -> xpath: //button[contains(text(),'Logout')]]
verify tab[[ChromeDriver: chrome on WINDOWS (1779389475f5b1b6a39a0869e4513b02)] -> xpath: //button[contains(text(),'Logout')]]
verify tab[[ChromeDriver: chrome on WINDOWS (1779389475f5b1b6a39a0869e4513b02)] -> xpath: //button[contains(text(),'Logout')]]
verify tab[[ChromeDriver: chrome on WINDOWS (1779389475f5b1b6a39a0869e4513b02)] -> xpath: //button[contains(text(),'Logout')]]
verify tab[[ChromeDriver: chrome on WINDOWS (1779389475f5b1b6a39a0869e4513b02)] -> xpath: //button[contains(text(),'Logout')]]
verify tab[[ChromeDriver: chrome on WINDOWS (1779389475f5b1b6a39a0869e4513b02)] -> xpath: //button[contains(text(),'Logout')]]
verify tab[[ChromeDriver: chrome on WINDOWS (1779389475f5b1b6a39a0869e4513b02)] -> xpath: //button[contains(text(),'Logout')]]
verify tab[[ChromeDriver: chrome on WINDOWS (1779389475f5b1b6a39a0869e4513b02)] -> xpath: //button[contains(text(),'Logout')]]
verify tab[[ChromeDriver: chrome on WINDOWS (1779389475f5b1b6a39a0869e4513b02)] -> xpath: //button[contains(text(),'Logout')]]
verify tab[[ChromeDriver: chrome on WINDOWS (1779389475f5b1b6a39a0869e4513b02)] -> xpath: //button[contains(text(),'Logout')]]
verify tab[[ChromeDriver: chrome on WINDOWS (1779389475f5b1b6a39a0869e4513b02)] -> xpath: //button[contains(text(),'Logout')]]
verify tab[[ChromeDriver: chrome on WINDOWS (1779389475f5b1b6a39a0869e4513b02)] -> xpath: //button[contains(text(),'Logout')]]
verify tab[[ChromeDriver: chrome on WINDOWS (1779389475f5b1b6a39a0869e4513b02)] -> xpath: //button[contains(text(),'Logout')]]
verify tab[[ChromeDriver: chrome on WINDOWS (1779389475f5b1b6a39a0869e4513b02)] -> xpath: //button[contains(text(),'Logout')]]
verify tab[[ChromeDriver: chrome on WINDOWS (1779389475f5b1b6a39a0869e4513b02)] -> xpath: //button[contains(text(),'Logout')]]
verify tab[[ChromeDriver: chrome on WINDOWS (1779389475f5b1b6a39a0869e4513b02)] -> xpath: //button[contains(text(),'Logout')]]
verify tab[[ChromeDriver: chrome on WINDOWS (1779389475f5b1b6a39a0869e4513b02)] -> xpath: //button[contains(text(),'Logout')]]
verify tab[[ChromeDriver: chrome on WINDOWS (1779389475f5b1b6a39a0869e4513b02)] -> xpath: //button[contains(text(),'Logout')]]
verify tab[[ChromeDriver: chrome on WINDOWS (1779389475f5b1b6a39a0869e4513b02)] -> xpath: //button[contains(text(),'Logout')]]
verify tab[[ChromeDriver: chrome on WINDOWS (1779389475f5b1b6a39a0869e4513b02)] -> xpath: //button[contains(text(),'Logout')]]
verify tab[[ChromeDriver: chrome on WINDOWS (1779389475f5b1b6a39a0869e4513b02)] -> xpath: //button[contains(text(),'Logout')]]
verify tab[[ChromeDriver: chrome on WINDOWS (1779389475f5b1b6a39a0869e4513b02)] -> xpath: //button[contains(text(),'Logout')]]
verify tab[[ChromeDriver: chrome on WINDOWS (1779389475f5b1b6a39a0869e4513b02)] -> xpath: //button[contains(text(),'Logout')]]
verify tab[[ChromeDriver: chrome on WINDOWS (1779389475f5b1b6a39a0869e4513b02)] -> xpath: //button[contains(text(),'Logout')]]
verify tab[[ChromeDriver: chrome on WINDOWS (1779389475f5b1b6a39a0869e4513b02)] -> xpath: //button[contains(text(),'Logout')]]
verify tab[[ChromeDriver: chrome on WINDOWS (1779389475f5b1b6a39a0869e4513b02)] -> xpath: //button[contains(text(),'Logout')]]
verify tab[[ChromeDriver: chrome on WINDOWS (1779389475f5b1b6a39a0869e4513b02)] -> xpath: //button[contains(text(),'Logout')]]
verify tab[[ChromeDriver: chrome on WINDOWS (1779389475f5b1b6a39a0869e4513b02)] -> xpath: //button[contains(text(),'Logout')]]
verify tab[[ChromeDriver: chrome on WINDOWS (1779389475f5b1b6a39a0869e4513b02)] -> xpath: //button[contains(text(),'Logout')]]
verify tab[[ChromeDriver: chrome on WINDOWS (1779389475f5b1b6a39a0869e4513b02)] -> xpath: //button[contains(text(),'Logout')]]
verify tab[[ChromeDriver: chrome on WINDOWS (1779389475f5b1b6a39a0869e4513b02)] -> xpath: //button[contains(text(),'Logout')]]
verify tab[[ChromeDriver: chrome on WINDOWS (1779389475f5b1b6a39a0869e4513b02)] -> xpath: //button[contains(text(),'Logout')]]
verify tab[[ChromeDriver: chrome on WINDOWS (1779389475f5b1b6a39a0869e4513b02)] -> xpath: //button[contains(text(),'Logout')]]
verify tab[[ChromeDriver: chrome on WINDOWS (1779389475f5b1b6a39a0869e4513b02)] -> xpath: //button[contains(text(),'Logout')]]
verify tab[[ChromeDriver: chrome on WINDOWS (1779389475f5b1b6a39a0869e4513b02)] -> xpath: //button[contains(text(),'Logout')]]
verify tab[[ChromeDriver: chrome on WINDOWS (1779389475f5b1b6a39a0869e4513b02)] -> xpath: //button[contains(text(),'Logout')]]
verify tab[[ChromeDriver: chrome on WINDOWS (1779389475f5b1b6a39a0869e4513b02)] -> xpath: //button[contains(text(),'Logout')]]
verify tab[[ChromeDriver: chrome on WINDOWS (1779389475f5b1b6a39a0869e4513b02)] -> xpath: //button[contains(text(),'Logout')]]
verify tab[[ChromeDriver: chrome on WINDOWS (1779389475f5b1b6a39a0869e4513b02)] -> xpath: //button[contains(text(),'Logout')]]
verify tab[[ChromeDriver: chrome on WINDOWS (1779389475f5b1b6a39a0869e4513b02)] -> xpath: //button[contains(text(),'Logout')]]
verify tab[[ChromeDriver: chrome on WINDOWS (1779389475f5b1b6a39a0869e4513b02)] -> xpath: //button[contains(text(),'Logout')]]
verify tab[[ChromeDriver: chrome on WINDOWS (1779389475f5b1b6a39a0869e4513b02)] -> xpath: //button[contains(text(),'Logout')]]
verify tab[[ChromeDriver: chrome on WINDOWS (1779389475f5b1b6a39a0869e4513b02)] -> xpath: //button[contains(text(),'Logout')]]
verify tab[[ChromeDriver: chrome on WINDOWS (1779389475f5b1b6a39a0869e4513b02)] -> xpath: //button[contains(text(),'Logout')]]
verify tab[[ChromeDriver: chrome on WINDOWS (1779389475f5b1b6a39a0869e4513b02)] -> xpath: //button[contains(text(),'Logout')]]
verify tab[[ChromeDriver: chrome on WINDOWS (1779389475f5b1b6a39a0869e4513b02)] -> xpath: //button[contains(text(),'Logout')]]
verify tab[[ChromeDriver: chrome on WINDOWS (1779389475f5b1b6a39a0869e4513b02)] -> xpath: //button[contains(text(),'Logout')]]
verify tab[[ChromeDriver: chrome on WINDOWS (1779389475f5b1b6a39a0869e4513b02)] -> xpath: //button[contains(text(),'Logout')]]
verify tab[[ChromeDriver: chrome on WINDOWS (1779389475f5b1b6a39a0869e4513b02)] -> xpath: //button[contains(text(),'Logout')]]
verify tab[[ChromeDriver: chrome on WINDOWS (1779389475f5b1b6a39a0869e4513b02)] -> xpath: //button[contains(text(),'Logout')]]
verify tab[[ChromeDriver: chrome on WINDOWS (1779389475f5b1b6a39a0869e4513b02)] -> xpath: //button[contains(text(),'Logout')]]
verify tab[[ChromeDriver: chrome on WINDOWS (1779389475f5b1b6a39a0869e4513b02)] -> xpath: //button[contains(text(),'Logout')]]
verify tab[[ChromeDriver: chrome on WINDOWS (1779389475f5b1b6a39a0869e4513b02)] -> xpath: //button[contains(text(),'Logout')]]
verify tab[[ChromeDriver: chrome on WINDOWS (1779389475f5b1b6a39a0869e4513b02)] -> xpath: //button[contains(text(),'Logout')]]
verify tab[[ChromeDriver: chrome on WINDOWS (1779389475f5b1b6a39a0869e4513b02)] -> xpath: //button[contains(text(),'Logout')]]
verify tab[[ChromeDriver: chrome on WINDOWS (1779389475f5b1b6a39a0869e4513b02)] -> xpath: //button[contains(text(),'Logout')]]
verify tab[[ChromeDriver: chrome on WINDOWS (1779389475f5b1b6a39a0869e4513b02)] -> xpath: //button[contains(text(),'Logout')]]
verify tab[[ChromeDriver: chrome on WINDOWS (1779389475f5b1b6a39a0869e4513b02)] -> xpath: //button[contains(text(),'Logout')]]
verify tab[[ChromeDriver: chrome on WINDOWS (1779389475f5b1b6a39a0869e4513b02)] -> xpath: //button[contains(text(),'Logout')]]
verify tab[[ChromeDriver: chrome on WINDOWS (1779389475f5b1b6a39a0869e4513b02)] -> xpath: //button[contains(text(),'Logout')]]
verify tab[[ChromeDriver: chrome on WINDOWS (1779389475f5b1b6a39a0869e4513b02)] -> xpath: //button[contains(text(),'Logout')]]
verify tab[[ChromeDriver: chrome on WINDOWS (1779389475f5b1b6a39a0869e4513b02)] -> xpath: //button[contains(text(),'Logout')]]
verify tab[[ChromeDriver: chrome on WINDOWS (1779389475f5b1b6a39a0869e4513b02)] -> xpath: //button[contains(text(),'Logout')]]
verify tab[[ChromeDriver: chrome on WINDOWS (1779389475f5b1b6a39a0869e4513b02)] -> xpath: //button[contains(text(),'Logout')]]
verify tab[[ChromeDriver: chrome on WINDOWS (1779389475f5b1b6a39a0869e4513b02)] -> xpath: //button[contains(text(),'Logout')]]
verify tab[[ChromeDriver: chrome on WINDOWS (1779389475f5b1b6a39a0869e4513b02)] -> xpath: //button[contains(text(),'Logout')]]
verify tab[[ChromeDriver: chrome on WINDOWS (1779389475f5b1b6a39a0869e4513b02)] -> xpath: //button[contains(text(),'Logout')]]
verify tab[[ChromeDriver: chrome on WINDOWS (1779389475f5b1b6a39a0869e4513b02)] -> xpath: //button[contains(text(),'Logout')]]
verify tab[[ChromeDriver: chrome on WINDOWS (1779389475f5b1b6a39a0869e4513b02)] -> xpath: //button[contains(text(),'Logout')]]
verify tab[[ChromeDriver: chrome on WINDOWS (1779389475f5b1b6a39a0869e4513b02)] -> xpath: //button[contains(text(),'Logout')]]
verify tab[[ChromeDriver: chrome on WINDOWS (1779389475f5b1b6a39a0869e4513b02)] -> xpath: //button[contains(text(),'Logout')]]
verify tab[[ChromeDriver: chrome on WINDOWS (1779389475f5b1b6a39a0869e4513b02)] -> xpath: //button[contains(text(),'Logout')]]
verify tab[[ChromeDriver: chrome on WINDOWS (1779389475f5b1b6a39a0869e4513b02)] -> xpath: //button[contains(text(),'Logout')]]
verify tab[[ChromeDriver: chrome on WINDOWS (1779389475f5b1b6a39a0869e4513b02)] -> xpath: //button[contains(text(),'Logout')]]
verify tab[[ChromeDriver: chrome on WINDOWS (1779389475f5b1b6a39a0869e4513b02)] -> xpath: //button[contains(text(),'Logout')]]
verify tab[[ChromeDriver: chrome on WINDOWS (1779389475f5b1b6a39a0869e4513b02)] -> xpath: //button[contains(text(),'Logout')]]
verify tab[[ChromeDriver: chrome on WINDOWS (1779389475f5b1b6a39a0869e4513b02)] -> xpath: //button[contains(text(),'Logout')]]
verify tab[[ChromeDriver: chrome on WINDOWS (1779389475f5b1b6a39a0869e4513b02)] -> xpath: //button[contains(text(),'Logout')]]
verify tab[[ChromeDriver: chrome on WINDOWS (1779389475f5b1b6a39a0869e4513b02)] -> xpath: //button[contains(text(),'Logout')]]
verify tab[[ChromeDriver: chrome on WINDOWS (1779389475f5b1b6a39a0869e4513b02)] -> xpath: //button[contains(text(),'Logout')]]
verify tab[[ChromeDriver: chrome on WINDOWS (1779389475f5b1b6a39a0869e4513b02)] -> xpath: //button[contains(text(),'Logout')]]
verify tab[[ChromeDriver: chrome on WINDOWS (1779389475f5b1b6a39a0869e4513b02)] -> xpath: //button[contains(text(),'Logout')]]
verify tab[[ChromeDriver: chrome on WINDOWS (1779389475f5b1b6a39a0869e4513b02)] -> xpath: //button[contains(text(),'Logout')]]
verify tab[[ChromeDriver: chrome on WINDOWS (1779389475f5b1b6a39a0869e4513b02)] -> xpath: //button[contains(text(),'Logout')]]
verify tab[[ChromeDriver: chrome on WINDOWS (1779389475f5b1b6a39a0869e4513b02)] -> xpath: //button[contains(text(),'Logout')]]
verify tab[[ChromeDriver: chrome on WINDOWS (1779389475f5b1b6a39a0869e4513b02)] -> xpath: //button[contains(text(),'Logout')]]
verify tab[[ChromeDriver: chrome on WINDOWS (1779389475f5b1b6a39a0869e4513b02)] -> xpath: //button[contains(text(),'Logout')]]
verify tab[[ChromeDriver: chrome on WINDOWS (1779389475f5b1b6a39a0869e4513b02)] -> xpath: //button[contains(text(),'Logout')]]
verify tab[[ChromeDriver: chrome on WINDOWS (1779389475f5b1b6a39a0869e4513b02)] -> xpath: //button[contains(text(),'Logout')]]
verify tab[[ChromeDriver: chrome on WINDOWS (1779389475f5b1b6a39a0869e4513b02)] -> xpath: //button[contains(text(),'Logout')]]
verify tab[[ChromeDriver: chrome on WINDOWS (1779389475f5b1b6a39a0869e4513b02)] -> xpath: //button[contains(text(),'Logout')]]
verify tab[[ChromeDriver: chrome on WINDOWS (1779389475f5b1b6a39a0869e4513b02)] -> xpath: //button[contains(text(),'Logout')]]
verify tab[[ChromeDriver: chrome on WINDOWS (1779389475f5b1b6a39a0869e4513b02)] -> xpath: //button[contains(text(),'Logout')]]
verify tab[[ChromeDriver: chrome on WINDOWS (1779389475f5b1b6a39a0869e4513b02)] -> xpath: //button[contains(text(),'Logout')]]
verify tab[[ChromeDriver: chrome on WINDOWS (1779389475f5b1b6a39a0869e4513b02)] -> xpath: //button[contains(text(),'Logout')]]
verify tab[[ChromeDriver: chrome on WINDOWS (1779389475f5b1b6a39a0869e4513b02)] -> xpath: //button[contains(text(),'Logout')]]
verify tab[[ChromeDriver: chrome on WINDOWS (1779389475f5b1b6a39a0869e4513b02)] -> xpath: //button[contains(text(),'Logout')]]
verify tab[[ChromeDriver: chrome on WINDOWS (1779389475f5b1b6a39a0869e4513b02)] -> xpath: //button[contains(text(),'Logout')]]
verify tab[[ChromeDriver: chrome on WINDOWS (1779389475f5b1b6a39a0869e4513b02)] -> xpath: //button[contains(text(),'Logout')]]
verify tab[[ChromeDriver: chrome on WINDOWS (1779389475f5b1b6a39a0869e4513b02)] -> xpath: //button[contains(text(),'Logout')]]
verify tab[[ChromeDriver: chrome on WINDOWS (1779389475f5b1b6a39a0869e4513b02)] -> xpath: //button[contains(text(),'Logout')]]
verify tab[[ChromeDriver: chrome on WINDOWS (1779389475f5b1b6a39a0869e4513b02)] -> xpath: //button[contains(text(),'Logout')]]
verify tab[[ChromeDriver: chrome on WINDOWS (1779389475f5b1b6a39a0869e4513b02)] -> xpath: //button[contains(text(),'Logout')]]
verify tab[[ChromeDriver: chrome on WINDOWS (1779389475f5b1b6a39a0869e4513b02)] -> xpath: //button[contains(text(),'Logout')]]
verify tab[[ChromeDriver: chrome on WINDOWS (1779389475f5b1b6a39a0869e4513b02)] -> xpath: //button[contains(text(),'Logout')]]
verify tab[[ChromeDriver: chrome on WINDOWS (1779389475f5b1b6a39a0869e4513b02)] -> xpath: //button[contains(text(),'Logout')]]
verify tab[[ChromeDriver: chrome on WINDOWS (1779389475f5b1b6a39a0869e4513b02)] -> xpath: //button[contains(text(),'Logout')]]
verify tab[[ChromeDriver: chrome on WINDOWS (1779389475f5b1b6a39a0869e4513b02)] -> xpath: //button[contains(text(),'Logout')]]
verify tab[[ChromeDriver: chrome on WINDOWS (1779389475f5b1b6a39a0869e4513b02)] -> xpath: //button[contains(text(),'Logout')]]
verify tab[[ChromeDriver: chrome on WINDOWS (1779389475f5b1b6a39a0869e4513b02)] -> xpath: //button[contains(text(),'Logout')]]
verify tab[[ChromeDriver: chrome on WINDOWS (1779389475f5b1b6a39a0869e4513b02)] -> xpath: //button[contains(text(),'Logout')]]
verify tab[[ChromeDriver: chrome on WINDOWS (1779389475f5b1b6a39a0869e4513b02)] -> xpath: //button[contains(text(),'Logout')]]
verify tab[[ChromeDriver: chrome on WINDOWS (1779389475f5b1b6a39a0869e4513b02)] -> xpath: //button[contains(text(),'Logout')]]
verify tab[[ChromeDriver: chrome on WINDOWS (1779389475f5b1b6a39a0869e4513b02)] -> xpath: //button[contains(text(),'Logout')]]
verify tab[[ChromeDriver: chrome on WINDOWS (1779389475f5b1b6a39a0869e4513b02)] -> xpath: //button[contains(text(),'Logout')]]
verify tab[[ChromeDriver: chrome on WINDOWS (1779389475f5b1b6a39a0869e4513b02)] -> xpath: //button[contains(text(),'Logout')]]
verify tab[[ChromeDriver: chrome on WINDOWS (1779389475f5b1b6a39a0869e4513b02)] -> xpath: //button[contains(text(),'Logout')]]
verify tab[[ChromeDriver: chrome on WINDOWS (1779389475f5b1b6a39a0869e4513b02)] -> xpath: //button[contains(text(),'Logout')]]
verify tab[[ChromeDriver: chrome on WINDOWS (1779389475f5b1b6a39a0869e4513b02)] -> xpath: //button[contains(text(),'Logout')]]
verify tab[[ChromeDriver: chrome on WINDOWS (1779389475f5b1b6a39a0869e4513b02)] -> xpath: //button[contains(text(),'Logout')]]
verify tab[[ChromeDriver: chrome on WINDOWS (1779389475f5b1b6a39a0869e4513b02)] -> xpath: //button[contains(text(),'Logout')]]
verify tab[[ChromeDriver: chrome on WINDOWS (1779389475f5b1b6a39a0869e4513b02)] -> xpath: //button[contains(text(),'Logout')]]
verify tab[[ChromeDriver: chrome on WINDOWS (1779389475f5b1b6a39a0869e4513b02)] -> xpath: //button[contains(text(),'Logout')]]
verify tab[[ChromeDriver: chrome on WINDOWS (1779389475f5b1b6a39a0869e4513b02)] -> xpath: //button[contains(text(),'Logout')]]
verify tab[[ChromeDriver: chrome on WINDOWS (1779389475f5b1b6a39a0869e4513b02)] -> xpath: //button[contains(text(),'Logout')]]
verify tab[[ChromeDriver: chrome on WINDOWS (1779389475f5b1b6a39a0869e4513b02)] -> xpath: //button[contains(text(),'Logout')]]
verify tab[[ChromeDriver: chrome on WINDOWS (1779389475f5b1b6a39a0869e4513b02)] -> xpath: //button[contains(text(),'Logout')]]
verify tab[[ChromeDriver: chrome on WINDOWS (1779389475f5b1b6a39a0869e4513b02)] -> xpath: //button[contains(text(),'Logout')]]
verify tab[[ChromeDriver: chrome on WINDOWS (1779389475f5b1b6a39a0869e4513b02)] -> xpath: //button[contains(text(),'Logout')]]
verify tab[[ChromeDriver: chrome on WINDOWS (1779389475f5b1b6a39a0869e4513b02)] -> xpath: //button[contains(text(),'Logout')]]
verify tab[[ChromeDriver: chrome on WINDOWS (1779389475f5b1b6a39a0869e4513b02)] -> xpath: //button[contains(text(),'Logout')]]
verify tab[[ChromeDriver: chrome on WINDOWS (1779389475f5b1b6a39a0869e4513b02)] -> xpath: //button[contains(text(),'Logout')]]
verify tab[[ChromeDriver: chrome on WINDOWS (1779389475f5b1b6a39a0869e4513b02)] -> xpath: //button[contains(text(),'Logout')]]
verify tab[[ChromeDriver: chrome on WINDOWS (1779389475f5b1b6a39a0869e4513b02)] -> xpath: //button[contains(text(),'Logout')]]
verify tab[[ChromeDriver: chrome on WINDOWS (1779389475f5b1b6a39a0869e4513b02)] -> xpath: //button[contains(text(),'Logout')]]
verify tab[[ChromeDriver: chrome on WINDOWS (1779389475f5b1b6a39a0869e4513b02)] -> xpath: //button[contains(text(),'Logout')]]
verify tab[[ChromeDriver: chrome on WINDOWS (1779389475f5b1b6a39a0869e4513b02)] -> xpath: //button[contains(text(),'Logout')]]
verify tab[[ChromeDriver: chrome on WINDOWS (1779389475f5b1b6a39a0869e4513b02)] -> xpath: //button[contains(text(),'Logout')]]
verify tab[[ChromeDriver: chrome on WINDOWS (1779389475f5b1b6a39a0869e4513b02)] -> xpath: //button[contains(text(),'Logout')]]
verify tab[[ChromeDriver: chrome on WINDOWS (1779389475f5b1b6a39a0869e4513b02)] -> xpath: //button[contains(text(),'Logout')]]
verify tab[[ChromeDriver: chrome on WINDOWS (1779389475f5b1b6a39a0869e4513b02)] -> xpath: //button[contains(text(),'Logout')]]
verify tab[[ChromeDriver: chrome on WINDOWS (1779389475f5b1b6a39a0869e4513b02)] -> xpath: //button[contains(text(),'Logout')]]
verify tab[[ChromeDriver: chrome on WINDOWS (1779389475f5b1b6a39a0869e4513b02)] -> xpath: //button[contains(text(),'Logout')]]
verify tab[[ChromeDriver: chrome on WINDOWS (1779389475f5b1b6a39a0869e4513b02)] -> xpath: //button[contains(text(),'Logout')]]
verify tab[[ChromeDriver: chrome on WINDOWS (1779389475f5b1b6a39a0869e4513b02)] -> xpath: //button[contains(text(),'Logout')]]
verify tab[[ChromeDriver: chrome on WINDOWS (1779389475f5b1b6a39a0869e4513b02)] -> xpath: //button[contains(text(),'Logout')]]
verify tab[[ChromeDriver: chrome on WINDOWS (1779389475f5b1b6a39a0869e4513b02)] -> xpath: //button[contains(text(),'Logout')]]
verify tab[[ChromeDriver: chrome on WINDOWS (1779389475f5b1b6a39a0869e4513b02)] -> xpath: //button[contains(text(),'Logout')]]
verify tab[[ChromeDriver: chrome on WINDOWS (1779389475f5b1b6a39a0869e4513b02)] -> xpath: //button[contains(text(),'Logout')]]
verify tab[[ChromeDriver: chrome on WINDOWS (1779389475f5b1b6a39a0869e4513b02)] -> xpath: //button[contains(text(),'Logout')]]
verify tab[[ChromeDriver: chrome on WINDOWS (1779389475f5b1b6a39a0869e4513b02)] -> xpath: //button[contains(text(),'Logout')]]
verify tab[[ChromeDriver: chrome on WINDOWS (1779389475f5b1b6a39a0869e4513b02)] -> xpath: //button[contains(text(),'Logout')]]
verify tab[[ChromeDriver: chrome on WINDOWS (1779389475f5b1b6a39a0869e4513b02)] -> xpath: //button[contains(text(),'Logout')]]
verify tab[[ChromeDriver: chrome on WINDOWS (1779389475f5b1b6a39a0869e4513b02)] -> xpath: //button[contains(text(),'Logout')]]
verify tab[[ChromeDriver: chrome on WINDOWS (1779389475f5b1b6a39a0869e4513b02)] -> xpath: //button[contains(text(),'Logout')]]
verify tab[[ChromeDriver: chrome on WINDOWS (1779389475f5b1b6a39a0869e4513b02)] -> xpath: //button[contains(text(),'Logout')]]
verify tab[[ChromeDriver: chrome on WINDOWS (1779389475f5b1b6a39a0869e4513b02)] -> xpath: //button[contains(text(),'Logout')]]
verify tab[[ChromeDriver: chrome on WINDOWS (1779389475f5b1b6a39a0869e4513b02)] -> xpath: //button[contains(text(),'Logout')]]
verify tab[[ChromeDriver: chrome on WINDOWS (1779389475f5b1b6a39a0869e4513b02)] -> xpath: //button[contains(text(),'Logout')]]
verify tab[[ChromeDriver: chrome on WINDOWS (1779389475f5b1b6a39a0869e4513b02)] -> xpath: //button[contains(text(),'Logout')]]
verify tab[[ChromeDriver: chrome on WINDOWS (1779389475f5b1b6a39a0869e4513b02)] -> xpath: //button[contains(text(),'Logout')]]
verify tab[[ChromeDriver: chrome on WINDOWS (1779389475f5b1b6a39a0869e4513b02)] -> xpath: //button[contains(text(),'Logout')]]
verify tab[[ChromeDriver: chrome on WINDOWS (1779389475f5b1b6a39a0869e4513b02)] -> xpath: //button[contains(text(),'Logout')]]
verify tab[[ChromeDriver: chrome on WINDOWS (1779389475f5b1b6a39a0869e4513b02)] -> xpath: //button[contains(text(),'Logout')]]
verify tab[[ChromeDriver: chrome on WINDOWS (1779389475f5b1b6a39a0869e4513b02)] -> xpath: //button[contains(text(),'Logout')]]
verify tab[[ChromeDriver: chrome on WINDOWS (1779389475f5b1b6a39a0869e4513b02)] -> xpath: //button[contains(text(),'Logout')]]
verify tab[[ChromeDriver: chrome on WINDOWS (1779389475f5b1b6a39a0869e4513b02)] -> xpath: //button[contains(text(),'Logout')]]
verify tab[[ChromeDriver: chrome on WINDOWS (1779389475f5b1b6a39a0869e4513b02)] -> xpath: //button[contains(text(),'Logout')]]
verify tab[[ChromeDriver: chrome on WINDOWS (1779389475f5b1b6a39a0869e4513b02)] -> xpath: //button[contains(text(),'Logout')]]
verify tab[[ChromeDriver: chrome on WINDOWS (1779389475f5b1b6a39a0869e4513b02)] -> xpath: //button[contains(text(),'Logout')]]
verify tab[[ChromeDriver: chrome on WINDOWS (1779389475f5b1b6a39a0869e4513b02)] -> xpath: //button[contains(text(),'Logout')]]
verify tab[[ChromeDriver: chrome on WINDOWS (1779389475f5b1b6a39a0869e4513b02)] -> xpath: //button[contains(text(),'Logout')]]
verify tab[[ChromeDriver: chrome on WINDOWS (1779389475f5b1b6a39a0869e4513b02)] -> xpath: //button[contains(text(),'Logout')]]
verify tab[[ChromeDriver: chrome on WINDOWS (1779389475f5b1b6a39a0869e4513b02)] -> xpath: //button[contains(text(),'Logout')]]
verify tab[[ChromeDriver: chrome on WINDOWS (1779389475f5b1b6a39a0869e4513b02)] -> xpath: //button[contains(text(),'Logout')]]
verify tab[[ChromeDriver: chrome on WINDOWS (1779389475f5b1b6a39a0869e4513b02)] -> xpath: //button[contains(text(),'Logout')]]
verify tab[[ChromeDriver: chrome on WINDOWS (1779389475f5b1b6a39a0869e4513b02)] -> xpath: //button[contains(text(),'Logout')]]
verify tab[[ChromeDriver: chrome on WINDOWS (1779389475f5b1b6a39a0869e4513b02)] -> xpath: //button[contains(text(),'Logout')]]
verify tab[[ChromeDriver: chrome on WINDOWS (1779389475f5b1b6a39a0869e4513b02)] -> xpath: //button[contains(text(),'Logout')]]
verify tab[[ChromeDriver: chrome on WINDOWS (1779389475f5b1b6a39a0869e4513b02)] -> xpath: //button[contains(text(),'Logout')]]
verify tab[[ChromeDriver: chrome on WINDOWS (1779389475f5b1b6a39a0869e4513b02)] -> xpath: //button[contains(text(),'Logout')]]
verify tab[[ChromeDriver: chrome on WINDOWS (1779389475f5b1b6a39a0869e4513b02)] -> xpath: //button[contains(text(),'Logout')]]
verify tab[[ChromeDriver: chrome on WINDOWS (1779389475f5b1b6a39a0869e4513b02)] -> xpath: //button[contains(text(),'Logout')]]
verify tab[[ChromeDriver: chrome on WINDOWS (1779389475f5b1b6a39a0869e4513b02)] -> xpath: //button[contains(text(),'Logout')]]
verify tab[[ChromeDriver: chrome on WINDOWS (1779389475f5b1b6a39a0869e4513b02)] -> xpath: //button[contains(text(),'Logout')]]
verify tab[[ChromeDriver: chrome on WINDOWS (1779389475f5b1b6a39a0869e4513b02)] -> xpath: //button[contains(text(),'Logout')]]
verify tab[[ChromeDriver: chrome on WINDOWS (1779389475f5b1b6a39a0869e4513b02)] -> xpath: //button[contains(text(),'Logout')]]
verify tab[[ChromeDriver: chrome on WINDOWS (1779389475f5b1b6a39a0869e4513b02)] -> xpath: //button[contains(text(),'Logout')]]
verify tab[[ChromeDriver: chrome on WINDOWS (1779389475f5b1b6a39a0869e4513b02)] -> xpath: //button[contains(text(),'Logout')]]
verify tab[[ChromeDriver: chrome on WINDOWS (1779389475f5b1b6a39a0869e4513b02)] -> xpath: //button[contains(text(),'Logout')]]
verify tab[[ChromeDriver: chrome on WINDOWS (1779389475f5b1b6a39a0869e4513b02)] -> xpath: //button[contains(text(),'Logout')]]
verify tab[[ChromeDriver: chrome on WINDOWS (1779389475f5b1b6a39a0869e4513b02)] -> xpath: //button[contains(text(),'Logout')]]
verify tab[[ChromeDriver: chrome on WINDOWS (1779389475f5b1b6a39a0869e4513b02)] -> xpath: //button[contains(text(),'Logout')]]
verify tab[[ChromeDriver: chrome on WINDOWS (1779389475f5b1b6a39a0869e4513b02)] -> xpath: //button[contains(text(),'Logout')]]
verify tab[[ChromeDriver: chrome on WINDOWS (1779389475f5b1b6a39a0869e4513b02)] -> xpath: //button[contains(text(),'Logout')]]
verify tab[[ChromeDriver: chrome on WINDOWS (1779389475f5b1b6a39a0869e4513b02)] -> xpath: //button[contains(text(),'Logout')]]
verify tab[[ChromeDriver: chrome on WINDOWS (1779389475f5b1b6a39a0869e4513b02)] -> xpath: //button[contains(text(),'Logout')]]
verify tab[[ChromeDriver: chrome on WINDOWS (1779389475f5b1b6a39a0869e4513b02)] -> xpath: //button[contains(text(),'Logout')]]
verify tab[[ChromeDriver: chrome on WINDOWS (1779389475f5b1b6a39a0869e4513b02)] -> xpath: //button[contains(text(),'Logout')]]
verify tab[[ChromeDriver: chrome on WINDOWS (1779389475f5b1b6a39a0869e4513b02)] -> xpath: //button[contains(text(),'Logout')]]
verify tab[[ChromeDriver: chrome on WINDOWS (1779389475f5b1b6a39a0869e4513b02)] -> xpath: //button[contains(text(),'Logout')]]
verify tab[[ChromeDriver: chrome on WINDOWS (1779389475f5b1b6a39a0869e4513b02)] -> xpath: //button[contains(text(),'Logout')]]
verify tab[[ChromeDriver: chrome on WINDOWS (1779389475f5b1b6a39a0869e4513b02)] -> xpath: //button[contains(text(),'Logout')]]
verify tab[[ChromeDriver: chrome on WINDOWS (1779389475f5b1b6a39a0869e4513b02)] -> xpath: //button[contains(text(),'Logout')]]
verify tab[[ChromeDriver: chrome on WINDOWS (1779389475f5b1b6a39a0869e4513b02)] -> xpath: //button[contains(text(),'Logout')]]
verify tab[[ChromeDriver: chrome on WINDOWS (1779389475f5b1b6a39a0869e4513b02)] -> xpath: //button[contains(text(),'Logout')]]
verify tab[[ChromeDriver: chrome on WINDOWS (1779389475f5b1b6a39a0869e4513b02)] -> xpath: //button[contains(text(),'Logout')]]
verify tab[[ChromeDriver: chrome on WINDOWS (1779389475f5b1b6a39a0869e4513b02)] -> xpath: //button[contains(text(),'Logout')]]
verify tab[[ChromeDriver: chrome on WINDOWS (1779389475f5b1b6a39a0869e4513b02)] -> xpath: //button[contains(text(),'Logout')]]
verify tab[[ChromeDriver: chrome on WINDOWS (1779389475f5b1b6a39a0869e4513b02)] -> xpath: //button[contains(text(),'Logout')]]
verify tab[[ChromeDriver: chrome on WINDOWS (1779389475f5b1b6a39a0869e4513b02)] -> xpath: //button[contains(text(),'Logout')]]
verify tab[[ChromeDriver: chrome on WINDOWS (1779389475f5b1b6a39a0869e4513b02)] -> xpath: //button[contains(text(),'Logout')]]
verify tab[[ChromeDriver: chrome on WINDOWS (1779389475f5b1b6a39a0869e4513b02)] -> xpath: //button[contains(text(),'Logout')]]
verify tab[[ChromeDriver: chrome on WINDOWS (1779389475f5b1b6a39a0869e4513b02)] -> xpath: //button[contains(text(),'Logout')]]
verify tab[[ChromeDriver: chrome on WINDOWS (1779389475f5b1b6a39a0869e4513b02)] -> xpath: //button[contains(text(),'Logout')]]
verify tab[[ChromeDriver: chrome on WINDOWS (1779389475f5b1b6a39a0869e4513b02)] -> xpath: //button[contains(text(),'Logout')]]
verify tab[[ChromeDriver: chrome on WINDOWS (1779389475f5b1b6a39a0869e4513b02)] -> xpath: //button[contains(text(),'Logout')]]
verify tab[[ChromeDriver: chrome on WINDOWS (1779389475f5b1b6a39a0869e4513b02)] -> xpath: //button[contains(text(),'Logout')]]
verify tab[[ChromeDriver: chrome on WINDOWS (1779389475f5b1b6a39a0869e4513b02)] -> xpath: //button[contains(text(),'Logout')]]
verify tab[[ChromeDriver: chrome on WINDOWS (1779389475f5b1b6a39a0869e4513b02)] -> xpath: //button[contains(text(),'Logout')]]
verify tab[[ChromeDriver: chrome on WINDOWS (1779389475f5b1b6a39a0869e4513b02)] -> xpath: //button[contains(text(),'Logout')]]
verify tab[[ChromeDriver: chrome on WINDOWS (1779389475f5b1b6a39a0869e4513b02)] -> xpath: //button[contains(text(),'Logout')]]
verify tab[[ChromeDriver: chrome on WINDOWS (1779389475f5b1b6a39a0869e4513b02)] -> xpath: //button[contains(text(),'Logout')]]
verify tab[[ChromeDriver: chrome on WINDOWS (1779389475f5b1b6a39a0869e4513b02)] -> xpath: //button[contains(text(),'Logout')]]
verify tab[[ChromeDriver: chrome on WINDOWS (1779389475f5b1b6a39a0869e4513b02)] -> xpath: //button[contains(text(),'Logout')]]
verify tab[[ChromeDriver: chrome on WINDOWS (1779389475f5b1b6a39a0869e4513b02)] -> xpath: //button[contains(text(),'Logout')]]
verify tab[[ChromeDriver: chrome on WINDOWS (1779389475f5b1b6a39a0869e4513b02)] -> xpath: //button[contains(text(),'Logout')]]
verify tab[[ChromeDriver: chrome on WINDOWS (1779389475f5b1b6a39a0869e4513b02)] -> xpath: //button[contains(text(),'Logout')]]
verify tab[[ChromeDriver: chrome on WINDOWS (1779389475f5b1b6a39a0869e4513b02)] -> xpath: //button[contains(text(),'Logout')]]
verify tab[[ChromeDriver: chrome on WINDOWS (1779389475f5b1b6a39a0869e4513b02)] -> xpath: //button[contains(text(),'Logout')]]
verify tab[[ChromeDriver: chrome on WINDOWS (1779389475f5b1b6a39a0869e4513b02)] -> xpath: //button[contains(text(),'Logout')]]
verify tab[[ChromeDriver: chrome on WINDOWS (1779389475f5b1b6a39a0869e4513b02)] -> xpath: //button[contains(text(),'Logout')]]
verify tab[[ChromeDriver: chrome on WINDOWS (1779389475f5b1b6a39a0869e4513b02)] -> xpath: //button[contains(text(),'Logout')]]
verify tab[[ChromeDriver: chrome on WINDOWS (1779389475f5b1b6a39a0869e4513b02)] -> xpath: //button[contains(text(),'Logout')]]
verify tab[[ChromeDriver: chrome on WINDOWS (1779389475f5b1b6a39a0869e4513b02)] -> xpath: //button[contains(text(),'Logout')]]
verify tab[[ChromeDriver: chrome on WINDOWS (1779389475f5b1b6a39a0869e4513b02)] -> xpath: //button[contains(text(),'Logout')]]
verify tab[[ChromeDriver: chrome on WINDOWS (1779389475f5b1b6a39a0869e4513b02)] -> xpath: //button[contains(text(),'Logout')]]
verify tab[[ChromeDriver: chrome on WINDOWS (1779389475f5b1b6a39a0869e4513b02)] -> xpath: //button[contains(text(),'Logout')]]
verify tab[[ChromeDriver: chrome on WINDOWS (1779389475f5b1b6a39a0869e4513b02)] -> xpath: //button[contains(text(),'Logout')]]
verify tab[[ChromeDriver: chrome on WINDOWS (1779389475f5b1b6a39a0869e4513b02)] -> xpath: //button[contains(text(),'Logout')]]
verify tab[[ChromeDriver: chrome on WINDOWS (1779389475f5b1b6a39a0869e4513b02)] -> xpath: //button[contains(text(),'Logout')]]
verify tab[[ChromeDriver: chrome on WINDOWS (1779389475f5b1b6a39a0869e4513b02)] -> xpath: //button[contains(text(),'Logout')]]
verify tab[[ChromeDriver: chrome on WINDOWS (1779389475f5b1b6a39a0869e4513b02)] -> xpath: //button[contains(text(),'Logout')]]
verify tab[[ChromeDriver: chrome on WINDOWS (1779389475f5b1b6a39a0869e4513b02)] -> xpath: //button[contains(text(),'Logout')]]
verify tab[[ChromeDriver: chrome on WINDOWS (1779389475f5b1b6a39a0869e4513b02)] -> xpath: //button[contains(text(),'Logout')]]
verify tab[[ChromeDriver: chrome on WINDOWS (1779389475f5b1b6a39a0869e4513b02)] -> xpath: //button[contains(text(),'Logout')]]
verify tab[[ChromeDriver: chrome on WINDOWS (1779389475f5b1b6a39a0869e4513b02)] -> xpath: //button[contains(text(),'Logout')]]
verify tab[[ChromeDriver: chrome on WINDOWS (1779389475f5b1b6a39a0869e4513b02)] -> xpath: //button[contains(text(),'Logout')]]
verify tab[[ChromeDriver: chrome on WINDOWS (1779389475f5b1b6a39a0869e4513b02)] -> xpath: //button[contains(text(),'Logout')]]
verify tab[[ChromeDriver: chrome on WINDOWS (1779389475f5b1b6a39a0869e4513b02)] -> xpath: //button[contains(text(),'Logout')]]
verify tab[[ChromeDriver: chrome on WINDOWS (1779389475f5b1b6a39a0869e4513b02)] -> xpath: //button[contains(text(),'Logout')]]
verify tab[[ChromeDriver: chrome on WINDOWS (1779389475f5b1b6a39a0869e4513b02)] -> xpath: //button[contains(text(),'Logout')]]
verify tab[[ChromeDriver: chrome on WINDOWS (1779389475f5b1b6a39a0869e4513b02)] -> xpath: //button[contains(text(),'Logout')]]
verify tab[[ChromeDriver: chrome on WINDOWS (1779389475f5b1b6a39a0869e4513b02)] -> xpath: //button[contains(text(),'Logout')]]
verify tab[[ChromeDriver: chrome on WINDOWS (1779389475f5b1b6a39a0869e4513b02)] -> xpath: //button[contains(text(),'Logout')]]
verify tab[[ChromeDriver: chrome on WINDOWS (1779389475f5b1b6a39a0869e4513b02)] -> xpath: //button[contains(text(),'Logout')]]
verify tab[[ChromeDriver: chrome on WINDOWS (1779389475f5b1b6a39a0869e4513b02)] -> xpath: //button[contains(text(),'Logout')]]
verify tab[[ChromeDriver: chrome on WINDOWS (1779389475f5b1b6a39a0869e4513b02)] -> xpath: //button[contains(text(),'Logout')]]
verify tab[[ChromeDriver: chrome on WINDOWS (1779389475f5b1b6a39a0869e4513b02)] -> xpath: //button[contains(text(),'Logout')]]
verify tab[[ChromeDriver: chrome on WINDOWS (1779389475f5b1b6a39a0869e4513b02)] -> xpath: //button[contains(text(),'Logout')]]
verify tab[[ChromeDriver: chrome on WINDOWS (1779389475f5b1b6a39a0869e4513b02)] -> xpath: //button[contains(text(),'Logout')]]
verify tab[[ChromeDriver: chrome on WINDOWS (1779389475f5b1b6a39a0869e4513b02)] -> xpath: //button[contains(text(),'Logout')]]
verify tab[[ChromeDriver: chrome on WINDOWS (1779389475f5b1b6a39a0869e4513b02)] -> xpath: //button[contains(text(),'Logout')]]
verify tab[[ChromeDriver: chrome on WINDOWS (1779389475f5b1b6a39a0869e4513b02)] -> xpath: //button[contains(text(),'Logout')]]
verify tab[[ChromeDriver: chrome on WINDOWS (1779389475f5b1b6a39a0869e4513b02)] -> xpath: //button[contains(text(),'Logout')]]
verify tab[[ChromeDriver: chrome on WINDOWS (1779389475f5b1b6a39a0869e4513b02)] -> xpath: //button[contains(text(),'Logout')]]
verify tab[[ChromeDriver: chrome on WINDOWS (1779389475f5b1b6a39a0869e4513b02)] -> xpath: //button[contains(text(),'Logout')]]
verify tab[[ChromeDriver: chrome on WINDOWS (1779389475f5b1b6a39a0869e4513b02)] -> xpath: //button[contains(text(),'Logout')]]
verify tab[[ChromeDriver: chrome on WINDOWS (1779389475f5b1b6a39a0869e4513b02)] -> xpath: //button[contains(text(),'Logout')]]
verify tab[[ChromeDriver: chrome on WINDOWS (1779389475f5b1b6a39a0869e4513b02)] -> xpath: //button[contains(text(),'Logout')]]
verify tab[[ChromeDriver: chrome on WINDOWS (1779389475f5b1b6a39a0869e4513b02)] -> xpath: //button[contains(text(),'Logout')]]
verify tab[[ChromeDriver: chrome on WINDOWS (1779389475f5b1b6a39a0869e4513b02)] -> xpath: //button[contains(text(),'Logout')]]
verify tab[[ChromeDriver: chrome on WINDOWS (1779389475f5b1b6a39a0869e4513b02)] -> xpath: //button[contains(text(),'Logout')]]
verify tab[[ChromeDriver: chrome on WINDOWS (1779389475f5b1b6a39a0869e4513b02)] -> xpath: //button[contains(text(),'Logout')]]
verify tab[[ChromeDriver: chrome on WINDOWS (1779389475f5b1b6a39a0869e4513b02)] -> xpath: //button[contains(text(),'Logout')]]
verify tab[[ChromeDriver: chrome on WINDOWS (1779389475f5b1b6a39a0869e4513b02)] -> xpath: //button[contains(text(),'Logout')]]
verify tab[[ChromeDriver: chrome on WINDOWS (1779389475f5b1b6a39a0869e4513b02)] -> xpath: //button[contains(text(),'Logout')]]
verify tab[[ChromeDriver: chrome on WINDOWS (1779389475f5b1b6a39a0869e4513b02)] -> xpath: //button[contains(text(),'Logout')]]
verify tab[[ChromeDriver: chrome on WINDOWS (1779389475f5b1b6a39a0869e4513b02)] -> xpath: //button[contains(text(),'Logout')]]
verify tab[[ChromeDriver: chrome on WINDOWS (1779389475f5b1b6a39a0869e4513b02)] -> xpath: //button[contains(text(),'Logout')]]
verify tab[[ChromeDriver: chrome on WINDOWS (1779389475f5b1b6a39a0869e4513b02)] -> xpath: //button[contains(text(),'Logout')]]
verify tab[[ChromeDriver: chrome on WINDOWS (1779389475f5b1b6a39a0869e4513b02)] -> xpath: //button[contains(text(),'Logout')]]
verify tab[[ChromeDriver: chrome on WINDOWS (1779389475f5b1b6a39a0869e4513b02)] -> xpath: //button[contains(text(),'Logout')]]
verify tab[[ChromeDriver: chrome on WINDOWS (1779389475f5b1b6a39a0869e4513b02)] -> xpath: //button[contains(text(),'Logout')]]
verify tab[[ChromeDriver: chrome on WINDOWS (1779389475f5b1b6a39a0869e4513b02)] -> xpath: //button[contains(text(),'Logout')]]
verify tab[[ChromeDriver: chrome on WINDOWS (1779389475f5b1b6a39a0869e4513b02)] -> xpath: //button[contains(text(),'Logout')]]
verify tab[[ChromeDriver: chrome on WINDOWS (1779389475f5b1b6a39a0869e4513b02)] -> xpath: //button[contains(text(),'Logout')]]
verify tab[[ChromeDriver: chrome on WINDOWS (1779389475f5b1b6a39a0869e4513b02)] -> xpath: //button[contains(text(),'Logout')]]
verify tab[[ChromeDriver: chrome on WINDOWS (1779389475f5b1b6a39a0869e4513b02)] -> xpath: //button[contains(text(),'Logout')]]
verify tab[[ChromeDriver: chrome on WINDOWS (1779389475f5b1b6a39a0869e4513b02)] -> xpath: //button[contains(text(),'Logout')]]
verify tab[[ChromeDriver: chrome on WINDOWS (1779389475f5b1b6a39a0869e4513b02)] -> xpath: //button[contains(text(),'Logout')]]
verify tab[[ChromeDriver: chrome on WINDOWS (1779389475f5b1b6a39a0869e4513b02)] -> xpath: //button[contains(text(),'Logout')]]
verify tab[[ChromeDriver: chrome on WINDOWS (1779389475f5b1b6a39a0869e4513b02)] -> xpath: //button[contains(text(),'Logout')]]
verify tab[[ChromeDriver: chrome on WINDOWS (1779389475f5b1b6a39a0869e4513b02)] -> xpath: //button[contains(text(),'Logout')]]
verify tab[[ChromeDriver: chrome on WINDOWS (1779389475f5b1b6a39a0869e4513b02)] -> xpath: //button[contains(text(),'Logout')]]
verify tab[[ChromeDriver: chrome on WINDOWS (1779389475f5b1b6a39a0869e4513b02)] -> xpath: //button[contains(text(),'Logout')]]
verify tab[[ChromeDriver: chrome on WINDOWS (1779389475f5b1b6a39a0869e4513b02)] -> xpath: //button[contains(text(),'Logout')]]
verify tab[[ChromeDriver: chrome on WINDOWS (1779389475f5b1b6a39a0869e4513b02)] -> xpath: //button[contains(text(),'Logout')]]
verify tab[[ChromeDriver: chrome on WINDOWS (1779389475f5b1b6a39a0869e4513b02)] -> xpath: //button[contains(text(),'Logout')]]
verify tab[[ChromeDriver: chrome on WINDOWS (1779389475f5b1b6a39a0869e4513b02)] -> xpath: //button[contains(text(),'Logout')]]
verify tab[[ChromeDriver: chrome on WINDOWS (1779389475f5b1b6a39a0869e4513b02)] -> xpath: //button[contains(text(),'Logout')]]
verify tab[[ChromeDriver: chrome on WINDOWS (1779389475f5b1b6a39a0869e4513b02)] -> xpath: //button[contains(text(),'Logout')]]
verify tab[[ChromeDriver: chrome on WINDOWS (1779389475f5b1b6a39a0869e4513b02)] -> xpath: //button[contains(text(),'Logout')]]
verify tab[[ChromeDriver: chrome on WINDOWS (1779389475f5b1b6a39a0869e4513b02)] -> xpath: //button[contains(text(),'Logout')]]
verify tab[[ChromeDriver: chrome on WINDOWS (1779389475f5b1b6a39a0869e4513b02)] -> xpath: //button[contains(text(),'Logout')]]
verify tab[[ChromeDriver: chrome on WINDOWS (1779389475f5b1b6a39a0869e4513b02)] -> xpath: //button[contains(text(),'Logout')]]
verify tab[[ChromeDriver: chrome on WINDOWS (1779389475f5b1b6a39a0869e4513b02)] -> xpath: //button[contains(text(),'Logout')]]
verify tab[[ChromeDriver: chrome on WINDOWS (1779389475f5b1b6a39a0869e4513b02)] -> xpath: //button[contains(text(),'Logout')]]
verify tab[[ChromeDriver: chrome on WINDOWS (1779389475f5b1b6a39a0869e4513b02)] -> xpath: //button[contains(text(),'Logout')]]
verify tab[[ChromeDriver: chrome on WINDOWS (1779389475f5b1b6a39a0869e4513b02)] -> xpath: //button[contains(text(),'Logout')]]
verify tab[[ChromeDriver: chrome on WINDOWS (1779389475f5b1b6a39a0869e4513b02)] -> xpath: //button[contains(text(),'Logout')]]
verify tab[[ChromeDriver: chrome on WINDOWS (1779389475f5b1b6a39a0869e4513b02)] -> xpath: //button[contains(text(),'Logout')]]
verify tab[[ChromeDriver: chrome on WINDOWS (1779389475f5b1b6a39a0869e4513b02)] -> xpath: //button[contains(text(),'Logout')]]
verify tab[[ChromeDriver: chrome on WINDOWS (1779389475f5b1b6a39a0869e4513b02)] -> xpath: //button[contains(text(),'Logout')]]
verify tab[[ChromeDriver: chrome on WINDOWS (1779389475f5b1b6a39a0869e4513b02)] -> xpath: //button[contains(text(),'Logout')]]
verify tab[[ChromeDriver: chrome on WINDOWS (1779389475f5b1b6a39a0869e4513b02)] -> xpath: //button[contains(text(),'Logout')]]
verify tab[[ChromeDriver: chrome on WINDOWS (1779389475f5b1b6a39a0869e4513b02)] -> xpath: //button[contains(text(),'Logout')]]
verify tab[[ChromeDriver: chrome on WINDOWS (1779389475f5b1b6a39a0869e4513b02)] -> xpath: //button[contains(text(),'Logout')]]
verify tab[[ChromeDriver: chrome on WINDOWS (1779389475f5b1b6a39a0869e4513b02)] -> xpath: //button[contains(text(),'Logout')]]
verify tab[[ChromeDriver: chrome on WINDOWS (1779389475f5b1b6a39a0869e4513b02)] -> xpath: //button[contains(text(),'Logout')]]
verify tab[[ChromeDriver: chrome on WINDOWS (1779389475f5b1b6a39a0869e4513b02)] -> xpath: //button[contains(text(),'Logout')]]
verify tab[[ChromeDriver: chrome on WINDOWS (1779389475f5b1b6a39a0869e4513b02)] -> xpath: //button[contains(text(),'Logout')]]
verify tab[[ChromeDriver: chrome on WINDOWS (1779389475f5b1b6a39a0869e4513b02)] -> xpath: //button[contains(text(),'Logout')]]
verify tab[[ChromeDriver: chrome on WINDOWS (1779389475f5b1b6a39a0869e4513b02)] -> xpath: //button[contains(text(),'Logout')]]
verify tab[[ChromeDriver: chrome on WINDOWS (1779389475f5b1b6a39a0869e4513b02)] -> xpath: //button[contains(text(),'Logout')]]
verify tab[[ChromeDriver: chrome on WINDOWS (1779389475f5b1b6a39a0869e4513b02)] -> xpath: //button[contains(text(),'Logout')]]
verify tab[[ChromeDriver: chrome on WINDOWS (1779389475f5b1b6a39a0869e4513b02)] -> xpath: //button[contains(text(),'Logout')]]
verify tab[[ChromeDriver: chrome on WINDOWS (1779389475f5b1b6a39a0869e4513b02)] -> xpath: //button[contains(text(),'Logout')]]
verify tab[[ChromeDriver: chrome on WINDOWS (1779389475f5b1b6a39a0869e4513b02)] -> xpath: //button[contains(text(),'Logout')]]
verify tab[[ChromeDriver: chrome on WINDOWS (1779389475f5b1b6a39a0869e4513b02)] -> xpath: //button[contains(text(),'Logout')]]
verify tab[[ChromeDriver: chrome on WINDOWS (1779389475f5b1b6a39a0869e4513b02)] -> xpath: //button[contains(text(),'Logout')]]
verify tab[[ChromeDriver: chrome on WINDOWS (1779389475f5b1b6a39a0869e4513b02)] -> xpath: //button[contains(text(),'Logout')]]
verify tab[[ChromeDriver: chrome on WINDOWS (1779389475f5b1b6a39a0869e4513b02)] -> xpath: //button[contains(text(),'Logout')]]
verify tab[[ChromeDriver: chrome on WINDOWS (1779389475f5b1b6a39a0869e4513b02)] -> xpath: //button[contains(text(),'Logout')]]
verify tab[[ChromeDriver: chrome on WINDOWS (1779389475f5b1b6a39a0869e4513b02)] -> xpath: //button[contains(text(),'Logout')]]
verify tab[[ChromeDriver: chrome on WINDOWS (1779389475f5b1b6a39a0869e4513b02)] -> xpath: //button[contains(text(),'Logout')]]
verify tab[[ChromeDriver: chrome on WINDOWS (1779389475f5b1b6a39a0869e4513b02)] -> xpath: //button[contains(text(),'Logout')]]
verify tab[[ChromeDriver: chrome on WINDOWS (1779389475f5b1b6a39a0869e4513b02)] -> xpath: //button[contains(text(),'Logout')]]
verify tab[[ChromeDriver: chrome on WINDOWS (1779389475f5b1b6a39a0869e4513b02)] -> xpath: //button[contains(text(),'Logout')]]
verify tab[[ChromeDriver: chrome on WINDOWS (1779389475f5b1b6a39a0869e4513b02)] -> xpath: //button[contains(text(),'Logout')]]
verify tab[[ChromeDriver: chrome on WINDOWS (1779389475f5b1b6a39a0869e4513b02)] -> xpath: //button[contains(text(),'Logout')]]
verify tab[[ChromeDriver: chrome on WINDOWS (1779389475f5b1b6a39a0869e4513b02)] -> xpath: //button[contains(text(),'Logout')]]
verify tab[[ChromeDriver: chrome on WINDOWS (1779389475f5b1b6a39a0869e4513b02)] -> xpath: //button[contains(text(),'Logout')]]
verify tab[[ChromeDriver: chrome on WINDOWS (1779389475f5b1b6a39a0869e4513b02)] -> xpath: //button[contains(text(),'Logout')]]
verify tab[[ChromeDriver: chrome on WINDOWS (1779389475f5b1b6a39a0869e4513b02)] -> xpath: //button[contains(text(),'Logout')]]
verify tab[[ChromeDriver: chrome on WINDOWS (1779389475f5b1b6a39a0869e4513b02)] -> xpath: //button[contains(text(),'Logout')]]
verify tab[[ChromeDriver: chrome on WINDOWS (1779389475f5b1b6a39a0869e4513b02)] -> xpath: //button[contains(text(),'Logout')]]
verify tab[[ChromeDriver: chrome on WINDOWS (1779389475f5b1b6a39a0869e4513b02)] -> xpath: //button[contains(text(),'Logout')]]
verify tab[[ChromeDriver: chrome on WINDOWS (1779389475f5b1b6a39a0869e4513b02)] -> xpath: //button[contains(text(),'Logout')]]
verify tab[[ChromeDriver: chrome on WINDOWS (1779389475f5b1b6a39a0869e4513b02)] -> xpath: //button[contains(text(),'Logout')]]
verify tab[[ChromeDriver: chrome on WINDOWS (1779389475f5b1b6a39a0869e4513b02)] -> xpath: //button[contains(text(),'Logout')]]
verify tab[[ChromeDriver: chrome on WINDOWS (1779389475f5b1b6a39a0869e4513b02)] -> xpath: //button[contains(text(),'Logout')]]
verify tab[[ChromeDriver: chrome on WINDOWS (1779389475f5b1b6a39a0869e4513b02)] -> xpath: //button[contains(text(),'Logout')]]
verify tab[[ChromeDriver: chrome on WINDOWS (1779389475f5b1b6a39a0869e4513b02)] -> xpath: //button[contains(text(),'Logout')]]
verify tab[[ChromeDriver: chrome on WINDOWS (1779389475f5b1b6a39a0869e4513b02)] -> xpath: //button[contains(text(),'Logout')]]
verify tab[[ChromeDriver: chrome on WINDOWS (1779389475f5b1b6a39a0869e4513b02)] -> xpath: //button[contains(text(),'Logout')]]
verify tab[[ChromeDriver: chrome on WINDOWS (1779389475f5b1b6a39a0869e4513b02)] -> xpath: //button[contains(text(),'Logout')]]
verify tab[[ChromeDriver: chrome on WINDOWS (1779389475f5b1b6a39a0869e4513b02)] -> xpath: //button[contains(text(),'Logout')]]
verify tab[[ChromeDriver: chrome on WINDOWS (1779389475f5b1b6a39a0869e4513b02)] -> xpath: //button[contains(text(),'Logout')]]
verify tab[[ChromeDriver: chrome on WINDOWS (1779389475f5b1b6a39a0869e4513b02)] -> xpath: //button[contains(text(),'Logout')]]
verify tab[[ChromeDriver: chrome on WINDOWS (1779389475f5b1b6a39a0869e4513b02)] -> xpath: //button[contains(text(),'Logout')]]
verify tab[[ChromeDriver: chrome on WINDOWS (1779389475f5b1b6a39a0869e4513b02)] -> xpath: //button[contains(text(),'Logout')]]
verify tab[[ChromeDriver: chrome on WINDOWS (1779389475f5b1b6a39a0869e4513b02)] -> xpath: //button[contains(text(),'Logout')]]
verify tab[[ChromeDriver: chrome on WINDOWS (1779389475f5b1b6a39a0869e4513b02)] -> xpath: //button[contains(text(),'Logout')]]
verify tab[[ChromeDriver: chrome on WINDOWS (1779389475f5b1b6a39a0869e4513b02)] -> xpath: //button[contains(text(),'Logout')]]
verify tab[[ChromeDriver: chrome on WINDOWS (1779389475f5b1b6a39a0869e4513b02)] -> xpath: //button[contains(text(),'Logout')]]
verify tab[[ChromeDriver: chrome on WINDOWS (1779389475f5b1b6a39a0869e4513b02)] -> xpath: //button[contains(text(),'Logout')]]
verify tab[[ChromeDriver: chrome on WINDOWS (1779389475f5b1b6a39a0869e4513b02)] -> xpath: //button[contains(text(),'Logout')]]
verify tab[[ChromeDriver: chrome on WINDOWS (1779389475f5b1b6a39a0869e4513b02)] -> xpath: //button[contains(text(),'Logout')]]
verify tab[[ChromeDriver: chrome on WINDOWS (1779389475f5b1b6a39a0869e4513b02)] -> xpath: //button[contains(text(),'Logout')]]
verify tab[[ChromeDriver: chrome on WINDOWS (1779389475f5b1b6a39a0869e4513b02)] -> xpath: //button[contains(text(),'Logout')]]
verify tab[[ChromeDriver: chrome on WINDOWS (1779389475f5b1b6a39a0869e4513b02)] -> xpath: //button[contains(text(),'Logout')]]
verify tab[[ChromeDriver: chrome on WINDOWS (1779389475f5b1b6a39a0869e4513b02)] -> xpath: //button[contains(text(),'Logout')]]
verify tab[[ChromeDriver: chrome on WINDOWS (1779389475f5b1b6a39a0869e4513b02)] -> xpath: //button[contains(text(),'Logout')]]
verify tab[[ChromeDriver: chrome on WINDOWS (1779389475f5b1b6a39a0869e4513b02)] -> xpath: //button[contains(text(),'Logout')]]
verify tab[[ChromeDriver: chrome on WINDOWS (1779389475f5b1b6a39a0869e4513b02)] -> xpath: //button[contains(text(),'Logout')]]
verify tab[[ChromeDriver: chrome on WINDOWS (1779389475f5b1b6a39a0869e4513b02)] -> xpath: //button[contains(text(),'Logout')]]
verify tab[[ChromeDriver: chrome on WINDOWS (1779389475f5b1b6a39a0869e4513b02)] -> xpath: //button[contains(text(),'Logout')]]
verify tab[[ChromeDriver: chrome on WINDOWS (1779389475f5b1b6a39a0869e4513b02)] -> xpath: //button[contains(text(),'Logout')]]
verify tab[[ChromeDriver: chrome on WINDOWS (1779389475f5b1b6a39a0869e4513b02)] -> xpath: //button[contains(text(),'Logout')]]
verify tab[[ChromeDriver: chrome on WINDOWS (1779389475f5b1b6a39a0869e4513b02)] -> xpath: //button[contains(text(),'Logout')]]
verify tab[[ChromeDriver: chrome on WINDOWS (1779389475f5b1b6a39a0869e4513b02)] -> xpath: //button[contains(text(),'Logout')]]
verify tab[[ChromeDriver: chrome on WINDOWS (1779389475f5b1b6a39a0869e4513b02)] -> xpath: //button[contains(text(),'Logout')]]
verify tab[[ChromeDriver: chrome on WINDOWS (1779389475f5b1b6a39a0869e4513b02)] -> xpath: //button[contains(text(),'Logout')]]
verify tab[[ChromeDriver: chrome on WINDOWS (1779389475f5b1b6a39a0869e4513b02)] -> xpath: //button[contains(text(),'Logout')]]
verify tab[[ChromeDriver: chrome on WINDOWS (1779389475f5b1b6a39a0869e4513b02)] -> xpath: //button[contains(text(),'Logout')]]
verify tab[[ChromeDriver: chrome on WINDOWS (1779389475f5b1b6a39a0869e4513b02)] -> xpath: //button[contains(text(),'Logout')]]
verify tab[[ChromeDriver: chrome on WINDOWS (1779389475f5b1b6a39a0869e4513b02)] -> xpath: //button[contains(text(),'Logout')]]
verify tab[[ChromeDriver: chrome on WINDOWS (1779389475f5b1b6a39a0869e4513b02)] -> xpath: //button[contains(text(),'Logout')]]
verify tab[[ChromeDriver: chrome on WINDOWS (1779389475f5b1b6a39a0869e4513b02)] -> xpath: //button[contains(text(),'Logout')]]
verify tab[[ChromeDriver: chrome on WINDOWS (1779389475f5b1b6a39a0869e4513b02)] -> xpath: //button[contains(text(),'Logout')]]
verify tab[[ChromeDriver: chrome on WINDOWS (1779389475f5b1b6a39a0869e4513b02)] -> xpath: //button[contains(text(),'Logout')]]
verify tab[[ChromeDriver: chrome on WINDOWS (1779389475f5b1b6a39a0869e4513b02)] -> xpath: //button[contains(text(),'Logout')]]
verify tab[[ChromeDriver: chrome on WINDOWS (1779389475f5b1b6a39a0869e4513b02)] -> xpath: //button[contains(text(),'Logout')]]
verify tab[[ChromeDriver: chrome on WINDOWS (1779389475f5b1b6a39a0869e4513b02)] -> xpath: //button[contains(text(),'Logout')]]
verify tab[[ChromeDriver: chrome on WINDOWS (1779389475f5b1b6a39a0869e4513b02)] -> xpath: //button[contains(text(),'Logout')]]
verify tab[[ChromeDriver: chrome on WINDOWS (1779389475f5b1b6a39a0869e4513b02)] -> xpath: //button[contains(text(),'Logout')]]
verify tab[[ChromeDriver: chrome on WINDOWS (1779389475f5b1b6a39a0869e4513b02)] -> xpath: //button[contains(text(),'Logout')]]
verify tab[[ChromeDriver: chrome on WINDOWS (1779389475f5b1b6a39a0869e4513b02)] -> xpath: //button[contains(text(),'Logout')]]
verify tab[[ChromeDriver: chrome on WINDOWS (1779389475f5b1b6a39a0869e4513b02)] -> xpath: //button[contains(text(),'Logout')]]
verify tab[[ChromeDriver: chrome on WINDOWS (1779389475f5b1b6a39a0869e4513b02)] -> xpath: //button[contains(text(),'Logout')]]
verify tab[[ChromeDriver: chrome on WINDOWS (1779389475f5b1b6a39a0869e4513b02)] -> xpath: //button[contains(text(),'Logout')]]
verify tab[[ChromeDriver: chrome on WINDOWS (1779389475f5b1b6a39a0869e4513b02)] -> xpath: //button[contains(text(),'Logout')]]
verify tab[[ChromeDriver: chrome on WINDOWS (1779389475f5b1b6a39a0869e4513b02)] -> xpath: //button[contains(text(),'Logout')]]
verify tab[[ChromeDriver: chrome on WINDOWS (1779389475f5b1b6a39a0869e4513b02)] -> xpath: //button[contains(text(),'Logout')]]
verify tab[[ChromeDriver: chrome on WINDOWS (1779389475f5b1b6a39a0869e4513b02)] -> xpath: //button[contains(text(),'Logout')]]
verify tab[[ChromeDriver: chrome on WINDOWS (1779389475f5b1b6a39a0869e4513b02)] -> xpath: //button[contains(text(),'Logout')]]
verify tab[[ChromeDriver: chrome on WINDOWS (1779389475f5b1b6a39a0869e4513b02)] -> xpath: //button[contains(text(),'Logout')]]
verify tab[[ChromeDriver: chrome on WINDOWS (1779389475f5b1b6a39a0869e4513b02)] -> xpath: //button[contains(text(),'Logout')]]
verify tab[[ChromeDriver: chrome on WINDOWS (1779389475f5b1b6a39a0869e4513b02)] -> xpath: //button[contains(text(),'Logout')]]
verify tab[[ChromeDriver: chrome on WINDOWS (1779389475f5b1b6a39a0869e4513b02)] -> xpath: //button[contains(text(),'Logout')]]
verify tab[[ChromeDriver: chrome on WINDOWS (1779389475f5b1b6a39a0869e4513b02)] -> xpath: //button[contains(text(),'Logout')]]
verify tab[[ChromeDriver: chrome on WINDOWS (1779389475f5b1b6a39a0869e4513b02)] -> xpath: //button[contains(text(),'Logout')]]
verify tab[[ChromeDriver: chrome on WINDOWS (1779389475f5b1b6a39a0869e4513b02)] -> xpath: //button[contains(text(),'Logout')]]
verify tab[[ChromeDriver: chrome on WINDOWS (1779389475f5b1b6a39a0869e4513b02)] -> xpath: //button[contains(text(),'Logout')]]
verify tab[[ChromeDriver: chrome on WINDOWS (1779389475f5b1b6a39a0869e4513b02)] -> xpath: //button[contains(text(),'Logout')]]
verify tab[[ChromeDriver: chrome on WINDOWS (1779389475f5b1b6a39a0869e4513b02)] -> xpath: //button[contains(text(),'Logout')]]
verify tab[[ChromeDriver: chrome on WINDOWS (1779389475f5b1b6a39a0869e4513b02)] -> xpath: //button[contains(text(),'Logout')]]
verify tab[[ChromeDriver: chrome on WINDOWS (1779389475f5b1b6a39a0869e4513b02)] -> xpath: //button[contains(text(),'Logout')]]
verify tab[[ChromeDriver: chrome on WINDOWS (1779389475f5b1b6a39a0869e4513b02)] -> xpath: //button[contains(text(),'Logout')]]
verify tab[[ChromeDriver: chrome on WINDOWS (1779389475f5b1b6a39a0869e4513b02)] -> xpath: //button[contains(text(),'Logout')]]
verify tab[[ChromeDriver: chrome on WINDOWS (1779389475f5b1b6a39a0869e4513b02)] -> xpath: //button[contains(text(),'Logout')]]
verify tab[[ChromeDriver: chrome on WINDOWS (1779389475f5b1b6a39a0869e4513b02)] -> xpath: //button[contains(text(),'Logout')]]
verify tab[[ChromeDriver: chrome on WINDOWS (1779389475f5b1b6a39a0869e4513b02)] -> xpath: //button[contains(text(),'Logout')]]
verify tab[[ChromeDriver: chrome on WINDOWS (1779389475f5b1b6a39a0869e4513b02)] -> xpath: //button[contains(text(),'Logout')]]
verify tab[[ChromeDriver: chrome on WINDOWS (1779389475f5b1b6a39a0869e4513b02)] -> xpath: //button[contains(text(),'Logout')]]
verify tab[[ChromeDriver: chrome on WINDOWS (1779389475f5b1b6a39a0869e4513b02)] -> xpath: //button[contains(text(),'Logout')]]
verify tab[[ChromeDriver: chrome on WINDOWS (1779389475f5b1b6a39a0869e4513b02)] -> xpath: //button[contains(text(),'Logout')]]
verify tab[[ChromeDriver: chrome on WINDOWS (1779389475f5b1b6a39a0869e4513b02)] -> xpath: //button[contains(text(),'Logout')]]
verify tab[[ChromeDriver: chrome on WINDOWS (1779389475f5b1b6a39a0869e4513b02)] -> xpath: //button[contains(text(),'Logout')]]
verify tab[[ChromeDriver: chrome on WINDOWS (1779389475f5b1b6a39a0869e4513b02)] -> xpath: //button[contains(text(),'Logout')]]
verify tab[[ChromeDriver: chrome on WINDOWS (1779389475f5b1b6a39a0869e4513b02)] -> xpath: //button[contains(text(),'Logout')]]
verify tab[[ChromeDriver: chrome on WINDOWS (1779389475f5b1b6a39a0869e4513b02)] -> xpath: //button[contains(text(),'Logout')]]
verify tab[[ChromeDriver: chrome on WINDOWS (1779389475f5b1b6a39a0869e4513b02)] -> xpath: //button[contains(text(),'Logout')]]
verify tab[[ChromeDriver: chrome on WINDOWS (1779389475f5b1b6a39a0869e4513b02)] -> xpath: //button[contains(text(),'Logout')]]
verify tab[[ChromeDriver: chrome on WINDOWS (1779389475f5b1b6a39a0869e4513b02)] -> xpath: //button[contains(text(),'Logout')]]
verify tab[[ChromeDriver: chrome on WINDOWS (1779389475f5b1b6a39a0869e4513b02)] -> xpath: //button[contains(text(),'Logout')]]
verify tab[[ChromeDriver: chrome on WINDOWS (1779389475f5b1b6a39a0869e4513b02)] -> xpath: //button[contains(text(),'Logout')]]
verify tab[[ChromeDriver: chrome on WINDOWS (1779389475f5b1b6a39a0869e4513b02)] -> xpath: //button[contains(text(),'Logout')]]
verify tab[[ChromeDriver: chrome on WINDOWS (1779389475f5b1b6a39a0869e4513b02)] -> xpath: //button[contains(text(),'Logout')]]
verify tab[[ChromeDriver: chrome on WINDOWS (1779389475f5b1b6a39a0869e4513b02)] -> xpath: //button[contains(text(),'Logout')]]
verify tab[[ChromeDriver: chrome on WINDOWS (1779389475f5b1b6a39a0869e4513b02)] -> xpath: //button[contains(text(),'Logout')]]
verify tab[[ChromeDriver: chrome on WINDOWS (1779389475f5b1b6a39a0869e4513b02)] -> xpath: //button[contains(text(),'Logout')]]
verify tab[[ChromeDriver: chrome on WINDOWS (1779389475f5b1b6a39a0869e4513b02)] -> xpath: //button[contains(text(),'Logout')]]
verify tab[[ChromeDriver: chrome on WINDOWS (1779389475f5b1b6a39a0869e4513b02)] -> xpath: //button[contains(text(),'Logout')]]
verify tab[[ChromeDriver: chrome on WINDOWS (1779389475f5b1b6a39a0869e4513b02)] -> xpath: //button[contains(text(),'Logout')]]
verify tab[[ChromeDriver: chrome on WINDOWS (1779389475f5b1b6a39a0869e4513b02)] -> xpath: //button[contains(text(),'Logout')]]
verify tab[[ChromeDriver: chrome on WINDOWS (1779389475f5b1b6a39a0869e4513b02)] -> xpath: //button[contains(text(),'Logout')]]
verify tab[[ChromeDriver: chrome on WINDOWS (1779389475f5b1b6a39a0869e4513b02)] -> xpath: //button[contains(text(),'Logout')]]
verify tab[[ChromeDriver: chrome on WINDOWS (1779389475f5b1b6a39a0869e4513b02)] -> xpath: //button[contains(text(),'Logout')]]
verify tab[[ChromeDriver: chrome on WINDOWS (1779389475f5b1b6a39a0869e4513b02)] -> xpath: //button[contains(text(),'Logout')]]
verify tab[[ChromeDriver: chrome on WINDOWS (1779389475f5b1b6a39a0869e4513b02)] -> xpath: //button[contains(text(),'Logout')]]
verify tab[[ChromeDriver: chrome on WINDOWS (1779389475f5b1b6a39a0869e4513b02)] -> xpath: //button[contains(text(),'Logout')]]
verify tab[[ChromeDriver: chrome on WINDOWS (1779389475f5b1b6a39a0869e4513b02)] -> xpath: //button[contains(text(),'Logout')]]
verify tab[[ChromeDriver: chrome on WINDOWS (1779389475f5b1b6a39a0869e4513b02)] -> xpath: //button[contains(text(),'Logout')]]
verify tab[[ChromeDriver: chrome on WINDOWS (1779389475f5b1b6a39a0869e4513b02)] -> xpath: //button[contains(text(),'Logout')]]
verify tab[[ChromeDriver: chrome on WINDOWS (1779389475f5b1b6a39a0869e4513b02)] -> xpath: //button[contains(text(),'Logout')]]
verify tab[[ChromeDriver: chrome on WINDOWS (1779389475f5b1b6a39a0869e4513b02)] -> xpath: //button[contains(text(),'Logout')]]
verify tab[[ChromeDriver: chrome on WINDOWS (1779389475f5b1b6a39a0869e4513b02)] -> xpath: //button[contains(text(),'Logout')]]
verify tab[[ChromeDriver: chrome on WINDOWS (1779389475f5b1b6a39a0869e4513b02)] -> xpath: //button[contains(text(),'Logout')]]
verify tab[[ChromeDriver: chrome on WINDOWS (1779389475f5b1b6a39a0869e4513b02)] -> xpath: //button[contains(text(),'Logout')]]
verify tab[[ChromeDriver: chrome on WINDOWS (1779389475f5b1b6a39a0869e4513b02)] -> xpath: //button[contains(text(),'Logout')]]
verify tab[[ChromeDriver: chrome on WINDOWS (1779389475f5b1b6a39a0869e4513b02)] -> xpath: //button[contains(text(),'Logout')]]
verify tab[[ChromeDriver: chrome on WINDOWS (1779389475f5b1b6a39a0869e4513b02)] -> xpath: //button[contains(text(),'Logout')]]
verify tab[[ChromeDriver: chrome on WINDOWS (1779389475f5b1b6a39a0869e4513b02)] -> xpath: //button[contains(text(),'Logout')]]
verify tab[[ChromeDriver: chrome on WINDOWS (1779389475f5b1b6a39a0869e4513b02)] -> xpath: //button[contains(text(),'Logout')]]
verify tab[[ChromeDriver: chrome on WINDOWS (1779389475f5b1b6a39a0869e4513b02)] -> xpath: //button[contains(text(),'Logout')]]
verify tab[[ChromeDriver: chrome on WINDOWS (1779389475f5b1b6a39a0869e4513b02)] -> xpath: //button[contains(text(),'Logout')]]
verify tab[[ChromeDriver: chrome on WINDOWS (1779389475f5b1b6a39a0869e4513b02)] -> xpath: //button[contains(text(),'Logout')]]
verify tab[[ChromeDriver: chrome on WINDOWS (1779389475f5b1b6a39a0869e4513b02)] -> xpath: //button[contains(text(),'Logout')]]
verify tab[[ChromeDriver: chrome on WINDOWS (1779389475f5b1b6a39a0869e4513b02)] -> xpath: //button[contains(text(),'Logout')]]
verify tab[[ChromeDriver: chrome on WINDOWS (1779389475f5b1b6a39a0869e4513b02)] -> xpath: //button[contains(text(),'Logout')]]
verify tab[[ChromeDriver: chrome on WINDOWS (1779389475f5b1b6a39a0869e4513b02)] -> xpath: //button[contains(text(),'Logout')]]
verify tab[[ChromeDriver: chrome on WINDOWS (1779389475f5b1b6a39a0869e4513b02)] -> xpath: //button[contains(text(),'Logout')]]
verify tab[[ChromeDriver: chrome on WINDOWS (1779389475f5b1b6a39a0869e4513b02)] -> xpath: //button[contains(text(),'Logout')]]
verify tab[[ChromeDriver: chrome on WINDOWS (1779389475f5b1b6a39a0869e4513b02)] -> xpath: //button[contains(text(),'Logout')]]
verify tab[[ChromeDriver: chrome on WINDOWS (1779389475f5b1b6a39a0869e4513b02)] -> xpath: //button[contains(text(),'Logout')]]
verify tab[[ChromeDriver: chrome on WINDOWS (1779389475f5b1b6a39a0869e4513b02)] -> xpath: //button[contains(text(),'Logout')]]
verify tab[[ChromeDriver: chrome on WINDOWS (1779389475f5b1b6a39a0869e4513b02)] -> xpath: //button[contains(text(),'Logout')]]
verify tab[[ChromeDriver: chrome on WINDOWS (1779389475f5b1b6a39a0869e4513b02)] -> xpath: //button[contains(text(),'Logout')]]
verify tab[[ChromeDriver: chrome on WINDOWS (1779389475f5b1b6a39a0869e4513b02)] -> xpath: //button[contains(text(),'Logout')]]
verify tab[[ChromeDriver: chrome on WINDOWS (1779389475f5b1b6a39a0869e4513b02)] -> xpath: //button[contains(text(),'Logout')]]
verify tab[[ChromeDriver: chrome on WINDOWS (1779389475f5b1b6a39a0869e4513b02)] -> xpath: //button[contains(text(),'Logout')]]
verify tab[[ChromeDriver: chrome on WINDOWS (1779389475f5b1b6a39a0869e4513b02)] -> xpath: //button[contains(text(),'Logout')]]
verify tab[[ChromeDriver: chrome on WINDOWS (1779389475f5b1b6a39a0869e4513b02)] -> xpath: //button[contains(text(),'Logout')]]
verify tab[[ChromeDriver: chrome on WINDOWS (1779389475f5b1b6a39a0869e4513b02)] -> xpath: //button[contains(text(),'Logout')]]
verify tab[[ChromeDriver: chrome on WINDOWS (1779389475f5b1b6a39a0869e4513b02)] -> xpath: //button[contains(text(),'Logout')]]
verify tab[[ChromeDriver: chrome on WINDOWS (1779389475f5b1b6a39a0869e4513b02)] -> xpath: //button[contains(text(),'Logout')]]
verify tab[[ChromeDriver: chrome on WINDOWS (1779389475f5b1b6a39a0869e4513b02)] -> xpath: //button[contains(text(),'Logout')]]
verify tab[[ChromeDriver: chrome on WINDOWS (1779389475f5b1b6a39a0869e4513b02)] -> xpath: //button[contains(text(),'Logout')]]
verify tab[[ChromeDriver: chrome on WINDOWS (1779389475f5b1b6a39a0869e4513b02)] -> xpath: //button[contains(text(),'Logout')]]
verify tab[[ChromeDriver: chrome on WINDOWS (1779389475f5b1b6a39a0869e4513b02)] -> xpath: //button[contains(text(),'Logout')]]
verify tab[[ChromeDriver: chrome on WINDOWS (1779389475f5b1b6a39a0869e4513b02)] -> xpath: //button[contains(text(),'Logout')]]
verify tab[[ChromeDriver: chrome on WINDOWS (1779389475f5b1b6a39a0869e4513b02)] -> xpath: //button[contains(text(),'Logout')]]
verify tab[[ChromeDriver: chrome on WINDOWS (1779389475f5b1b6a39a0869e4513b02)] -> xpath: //button[contains(text(),'Logout')]]
verify tab[[ChromeDriver: chrome on WINDOWS (1779389475f5b1b6a39a0869e4513b02)] -> xpath: //button[contains(text(),'Logout')]]
verify tab[[ChromeDriver: chrome on WINDOWS (1779389475f5b1b6a39a0869e4513b02)] -> xpath: //button[contains(text(),'Logout')]]
verify tab[[ChromeDriver: chrome on WINDOWS (1779389475f5b1b6a39a0869e4513b02)] -> xpath: //button[contains(text(),'Logout')]]
verify tab[[ChromeDriver: chrome on WINDOWS (1779389475f5b1b6a39a0869e4513b02)] -> xpath: //button[contains(text(),'Logout')]]
verify tab[[ChromeDriver: chrome on WINDOWS (1779389475f5b1b6a39a0869e4513b02)] -> xpath: //button[contains(text(),'Logout')]]
verify tab[[ChromeDriver: chrome on WINDOWS (1779389475f5b1b6a39a0869e4513b02)] -> xpath: //button[contains(text(),'Logout')]]
verify tab[[ChromeDriver: chrome on WINDOWS (1779389475f5b1b6a39a0869e4513b02)] -> xpath: //button[contains(text(),'Logout')]]
verify tab[[ChromeDriver: chrome on WINDOWS (1779389475f5b1b6a39a0869e4513b02)] -> xpath: //button[contains(text(),'Logout')]]
verify tab[[ChromeDriver: chrome on WINDOWS (1779389475f5b1b6a39a0869e4513b02)] -> xpath: //button[contains(text(),'Logout')]]
verify tab[[ChromeDriver: chrome on WINDOWS (1779389475f5b1b6a39a0869e4513b02)] -> xpath: //button[contains(text(),'Logout')]]
verify tab[[ChromeDriver: chrome on WINDOWS (1779389475f5b1b6a39a0869e4513b02)] -> xpath: //button[contains(text(),'Logout')]]
verify tab[[ChromeDriver: chrome on WINDOWS (1779389475f5b1b6a39a0869e4513b02)] -> xpath: //button[contains(text(),'Logout')]]
verify tab[[ChromeDriver: chrome on WINDOWS (1779389475f5b1b6a39a0869e4513b02)] -> xpath: //button[contains(text(),'Logout')]]
verify tab[[ChromeDriver: chrome on WINDOWS (1779389475f5b1b6a39a0869e4513b02)] -> xpath: //button[contains(text(),'Logout')]]
verify tab[[ChromeDriver: chrome on WINDOWS (1779389475f5b1b6a39a0869e4513b02)] -> xpath: //button[contains(text(),'Logout')]]
verify tab[[ChromeDriver: chrome on WINDOWS (1779389475f5b1b6a39a0869e4513b02)] -> xpath: //button[contains(text(),'Logout')]]
verify tab[[ChromeDriver: chrome on WINDOWS (1779389475f5b1b6a39a0869e4513b02)] -> xpath: //button[contains(text(),'Logout')]]
verify tab[[ChromeDriver: chrome on WINDOWS (1779389475f5b1b6a39a0869e4513b02)] -> xpath: //button[contains(text(),'Logout')]]
verify tab[[ChromeDriver: chrome on WINDOWS (1779389475f5b1b6a39a0869e4513b02)] -> xpath: //button[contains(text(),'Logout')]]
verify tab[[ChromeDriver: chrome on WINDOWS (1779389475f5b1b6a39a0869e4513b02)] -> xpath: //button[contains(text(),'Logout')]]
verify tab[[ChromeDriver: chrome on WINDOWS (1779389475f5b1b6a39a0869e4513b02)] -> xpath: //button[contains(text(),'Logout')]]
verify tab[[ChromeDriver: chrome on WINDOWS (1779389475f5b1b6a39a0869e4513b02)] -> xpath: //button[contains(text(),'Logout')]]
verify tab[[ChromeDriver: chrome on WINDOWS (1779389475f5b1b6a39a0869e4513b02)] -> xpath: //button[contains(text(),'Logout')]]
verify tab[[ChromeDriver: chrome on WINDOWS (1779389475f5b1b6a39a0869e4513b02)] -> xpath: //button[contains(text(),'Logout')]]
verify tab[[ChromeDriver: chrome on WINDOWS (1779389475f5b1b6a39a0869e4513b02)] -> xpath: //button[contains(text(),'Logout')]]
verify tab[[ChromeDriver: chrome on WINDOWS (1779389475f5b1b6a39a0869e4513b02)] -> xpath: //button[contains(text(),'Logout')]]
verify tab[[ChromeDriver: chrome on WINDOWS (1779389475f5b1b6a39a0869e4513b02)] -> xpath: //button[contains(text(),'Logout')]]
verify tab[[ChromeDriver: chrome on WINDOWS (1779389475f5b1b6a39a0869e4513b02)] -> xpath: //button[contains(text(),'Logout')]]
verify tab[[ChromeDriver: chrome on WINDOWS (1779389475f5b1b6a39a0869e4513b02)] -> xpath: //button[contains(text(),'Logout')]]
verify tab[[ChromeDriver: chrome on WINDOWS (1779389475f5b1b6a39a0869e4513b02)] -> xpath: //button[contains(text(),'Logout')]]
verify tab[[ChromeDriver: chrome on WINDOWS (1779389475f5b1b6a39a0869e4513b02)] -> xpath: //button[contains(text(),'Logout')]]
verify tab[[ChromeDriver: chrome on WINDOWS (1779389475f5b1b6a39a0869e4513b02)] -> xpath: //button[contains(text(),'Logout')]]
verify tab[[ChromeDriver: chrome on WINDOWS (1779389475f5b1b6a39a0869e4513b02)] -> xpath: //button[contains(text(),'Logout')]]
verify tab[[ChromeDriver: chrome on WINDOWS (1779389475f5b1b6a39a0869e4513b02)] -> xpath: //button[contains(text(),'Logout')]]
verify tab[[ChromeDriver: chrome on WINDOWS (1779389475f5b1b6a39a0869e4513b02)] -> xpath: //button[contains(text(),'Logout')]]
verify tab[[ChromeDriver: chrome on WINDOWS (1779389475f5b1b6a39a0869e4513b02)] -> xpath: //button[contains(text(),'Logout')]]
verify tab[[ChromeDriver: chrome on WINDOWS (1779389475f5b1b6a39a0869e4513b02)] -> xpath: //button[contains(text(),'Logout')]]
verify tab[[ChromeDriver: chrome on WINDOWS (1779389475f5b1b6a39a0869e4513b02)] -> xpath: //button[contains(text(),'Logout')]]
verify tab[[ChromeDriver: chrome on WINDOWS (1779389475f5b1b6a39a0869e4513b02)] -> xpath: //button[contains(text(),'Logout')]]
verify tab[[ChromeDriver: chrome on WINDOWS (1779389475f5b1b6a39a0869e4513b02)] -> xpath: //button[contains(text(),'Logout')]]
verify tab[[ChromeDriver: chrome on WINDOWS (1779389475f5b1b6a39a0869e4513b02)] -> xpath: //button[contains(text(),'Logout')]]
verify tab[[ChromeDriver: chrome on WINDOWS (1779389475f5b1b6a39a0869e4513b02)] -> xpath: //button[contains(text(),'Logout')]]
verify tab[[ChromeDriver: chrome on WINDOWS (1779389475f5b1b6a39a0869e4513b02)] -> xpath: //button[contains(text(),'Logout')]]
verify tab[[ChromeDriver: chrome on WINDOWS (1779389475f5b1b6a39a0869e4513b02)] -> xpath: //button[contains(text(),'Logout')]]
verify tab[[ChromeDriver: chrome on WINDOWS (1779389475f5b1b6a39a0869e4513b02)] -> xpath: //button[contains(text(),'Logout')]]
verify tab[[ChromeDriver: chrome on WINDOWS (1779389475f5b1b6a39a0869e4513b02)] -> xpath: //button[contains(text(),'Logout')]]
verify tab[[ChromeDriver: chrome on WINDOWS (1779389475f5b1b6a39a0869e4513b02)] -> xpath: //button[contains(text(),'Logout')]]
verify tab[[ChromeDriver: chrome on WINDOWS (1779389475f5b1b6a39a0869e4513b02)] -> xpath: //button[contains(text(),'Logout')]]
verify tab[[ChromeDriver: chrome on WINDOWS (1779389475f5b1b6a39a0869e4513b02)] -> xpath: //button[contains(text(),'Logout')]]
verify tab[[ChromeDriver: chrome on WINDOWS (1779389475f5b1b6a39a0869e4513b02)] -> xpath: //button[contains(text(),'Logout')]]
verify tab[[ChromeDriver: chrome on WINDOWS (1779389475f5b1b6a39a0869e4513b02)] -> xpath: //button[contains(text(),'Logout')]]
verify tab[[ChromeDriver: chrome on WINDOWS (1779389475f5b1b6a39a0869e4513b02)] -> xpath: //button[contains(text(),'Logout')]]
verify tab[[ChromeDriver: chrome on WINDOWS (1779389475f5b1b6a39a0869e4513b02)] -> xpath: //button[contains(text(),'Logout')]]
verify tab[[ChromeDriver: chrome on WINDOWS (1779389475f5b1b6a39a0869e4513b02)] -> xpath: //button[contains(text(),'Logout')]]
verify tab[[ChromeDriver: chrome on WINDOWS (1779389475f5b1b6a39a0869e4513b02)] -> xpath: //button[contains(text(),'Logout')]]
verify tab[[ChromeDriver: chrome on WINDOWS (1779389475f5b1b6a39a0869e4513b02)] -> xpath: //button[contains(text(),'Logout')]]
verify tab[[ChromeDriver: chrome on WINDOWS (1779389475f5b1b6a39a0869e4513b02)] -> xpath: //button[contains(text(),'Logout')]]
verify tab[[ChromeDriver: chrome on WINDOWS (1779389475f5b1b6a39a0869e4513b02)] -> xpath: //button[contains(text(),'Logout')]]
verify tab[[ChromeDriver: chrome on WINDOWS (1779389475f5b1b6a39a0869e4513b02)] -> xpath: //button[contains(text(),'Logout')]]
verify tab[[ChromeDriver: chrome on WINDOWS (1779389475f5b1b6a39a0869e4513b02)] -> xpath: //button[contains(text(),'Logout')]]
verify tab[[ChromeDriver: chrome on WINDOWS (1779389475f5b1b6a39a0869e4513b02)] -> xpath: //button[contains(text(),'Logout')]]
verify tab[[ChromeDriver: chrome on WINDOWS (1779389475f5b1b6a39a0869e4513b02)] -> xpath: //button[contains(text(),'Logout')]]
verify tab[[ChromeDriver: chrome on WINDOWS (1779389475f5b1b6a39a0869e4513b02)] -> xpath: //button[contains(text(),'Logout')]]
verify tab[[ChromeDriver: chrome on WINDOWS (1779389475f5b1b6a39a0869e4513b02)] -> xpath: //button[contains(text(),'Logout')]]
verify tab[[ChromeDriver: chrome on WINDOWS (1779389475f5b1b6a39a0869e4513b02)] -> xpath: //button[contains(text(),'Logout')]]
verify tab[[ChromeDriver: chrome on WINDOWS (1779389475f5b1b6a39a0869e4513b02)] -> xpath: //button[contains(text(),'Logout')]]
verify tab[[ChromeDriver: chrome on WINDOWS (1779389475f5b1b6a39a0869e4513b02)] -> xpath: //button[contains(text(),'Logout')]]
verify tab[[ChromeDriver: chrome on WINDOWS (1779389475f5b1b6a39a0869e4513b02)] -> xpath: //button[contains(text(),'Logout')]]
verify tab[[ChromeDriver: chrome on WINDOWS (1779389475f5b1b6a39a0869e4513b02)] -> xpath: //button[contains(text(),'Logout')]]
verify tab[[ChromeDriver: chrome on WINDOWS (1779389475f5b1b6a39a0869e4513b02)] -> xpath: //button[contains(text(),'Logout')]]
verify tab[[ChromeDriver: chrome on WINDOWS (1779389475f5b1b6a39a0869e4513b02)] -> xpath: //button[contains(text(),'Logout')]]
verify tab[[ChromeDriver: chrome on WINDOWS (1779389475f5b1b6a39a0869e4513b02)] -> xpath: //button[contains(text(),'Logout')]]
verify tab[[ChromeDriver: chrome on WINDOWS (1779389475f5b1b6a39a0869e4513b02)] -> xpath: //button[contains(text(),'Logout')]]
verify tab[[ChromeDriver: chrome on WINDOWS (1779389475f5b1b6a39a0869e4513b02)] -> xpath: //button[contains(text(),'Logout')]]
verify tab[[ChromeDriver: chrome on WINDOWS (1779389475f5b1b6a39a0869e4513b02)] -> xpath: //button[contains(text(),'Logout')]]
verify tab[[ChromeDriver: chrome on WINDOWS (1779389475f5b1b6a39a0869e4513b02)] -> xpath: //button[contains(text(),'Logout')]]
verify tab[[ChromeDriver: chrome on WINDOWS (1779389475f5b1b6a39a0869e4513b02)] -> xpath: //button[contains(text(),'Logout')]]
verify tab[[ChromeDriver: chrome on WINDOWS (1779389475f5b1b6a39a0869e4513b02)] -> xpath: //button[contains(text(),'Logout')]]
verify tab[[ChromeDriver: chrome on WINDOWS (1779389475f5b1b6a39a0869e4513b02)] -> xpath: //button[contains(text(),'Logout')]]
verify tab[[ChromeDriver: chrome on WINDOWS (1779389475f5b1b6a39a0869e4513b02)] -> xpath: //button[contains(text(),'Logout')]]
verify tab[[ChromeDriver: chrome on WINDOWS (1779389475f5b1b6a39a0869e4513b02)] -> xpath: //button[contains(text(),'Logout')]]
verify tab[[ChromeDriver: chrome on WINDOWS (1779389475f5b1b6a39a0869e4513b02)] -> xpath: //button[contains(text(),'Logout')]]
verify tab[[ChromeDriver: chrome on WINDOWS (1779389475f5b1b6a39a0869e4513b02)] -> xpath: //button[contains(text(),'Logout')]]
verify tab[[ChromeDriver: chrome on WINDOWS (1779389475f5b1b6a39a0869e4513b02)] -> xpath: //button[contains(text(),'Logout')]]
verify tab[[ChromeDriver: chrome on WINDOWS (1779389475f5b1b6a39a0869e4513b02)] -> xpath: //button[contains(text(),'Logout')]]
verify tab[[ChromeDriver: chrome on WINDOWS (1779389475f5b1b6a39a0869e4513b02)] -> xpath: //button[contains(text(),'Logout')]]
verify tab[[ChromeDriver: chrome on WINDOWS (1779389475f5b1b6a39a0869e4513b02)] -> xpath: //button[contains(text(),'Logout')]]
verify tab[[ChromeDriver: chrome on WINDOWS (1779389475f5b1b6a39a0869e4513b02)] -> xpath: //button[contains(text(),'Logout')]]
verify tab[[ChromeDriver: chrome on WINDOWS (1779389475f5b1b6a39a0869e4513b02)] -> xpath: //button[contains(text(),'Logout')]]
verify tab[[ChromeDriver: chrome on WINDOWS (1779389475f5b1b6a39a0869e4513b02)] -> xpath: //button[contains(text(),'Logout')]]
verify tab[[ChromeDriver: chrome on WINDOWS (1779389475f5b1b6a39a0869e4513b02)] -> xpath: //button[contains(text(),'Logout')]]
verify tab[[ChromeDriver: chrome on WINDOWS (1779389475f5b1b6a39a0869e4513b02)] -> xpath: //button[contains(text(),'Logout')]]
verify tab[[ChromeDriver: chrome on WINDOWS (1779389475f5b1b6a39a0869e4513b02)] -> xpath: //button[contains(text(),'Logout')]]
verify tab[[ChromeDriver: chrome on WINDOWS (1779389475f5b1b6a39a0869e4513b02)] -> xpath: //button[contains(text(),'Logout')]]
verify tab[[ChromeDriver: chrome on WINDOWS (1779389475f5b1b6a39a0869e4513b02)] -> xpath: //button[contains(text(),'Logout')]]
verify tab[[ChromeDriver: chrome on WINDOWS (1779389475f5b1b6a39a0869e4513b02)] -> xpath: //button[contains(text(),'Logout')]]
verify tab[[ChromeDriver: chrome on WINDOWS (1779389475f5b1b6a39a0869e4513b02)] -> xpath: //button[contains(text(),'Logout')]]
verify tab[[ChromeDriver: chrome on WINDOWS (1779389475f5b1b6a39a0869e4513b02)] -> xpath: //button[contains(text(),'Logout')]]
verify tab[[ChromeDriver: chrome on WINDOWS (1779389475f5b1b6a39a0869e4513b02)] -> xpath: //button[contains(text(),'Logout')]]
verify tab[[ChromeDriver: chrome on WINDOWS (1779389475f5b1b6a39a0869e4513b02)] -> xpath: //button[contains(text(),'Logout')]]
verify tab[[ChromeDriver: chrome on WINDOWS (1779389475f5b1b6a39a0869e4513b02)] -> xpath: //button[contains(text(),'Logout')]]
verify tab[[ChromeDriver: chrome on WINDOWS (1779389475f5b1b6a39a0869e4513b02)] -> xpath: //button[contains(text(),'Logout')]]
verify tab[[ChromeDriver: chrome on WINDOWS (1779389475f5b1b6a39a0869e4513b02)] -> xpath: //button[contains(text(),'Logout')]]
verify tab[[ChromeDriver: chrome on WINDOWS (1779389475f5b1b6a39a0869e4513b02)] -> xpath: //button[contains(text(),'Logout')]]
verify tab[[ChromeDriver: chrome on WINDOWS (1779389475f5b1b6a39a0869e4513b02)] -> xpath: //button[contains(text(),'Logout')]]
verify tab[[ChromeDriver: chrome on WINDOWS (1779389475f5b1b6a39a0869e4513b02)] -> xpath: //button[contains(text(),'Logout')]]
verify tab[[ChromeDriver: chrome on WINDOWS (1779389475f5b1b6a39a0869e4513b02)] -> xpath: //button[contains(text(),'Logout')]]
verify tab[[ChromeDriver: chrome on WINDOWS (1779389475f5b1b6a39a0869e4513b02)] -> xpath: //button[contains(text(),'Logout')]]
verify tab[[ChromeDriver: chrome on WINDOWS (1779389475f5b1b6a39a0869e4513b02)] -> xpath: //button[contains(text(),'Logout')]]
verify tab[[ChromeDriver: chrome on WINDOWS (1779389475f5b1b6a39a0869e4513b02)] -> xpath: //button[contains(text(),'Logout')]]
verify tab[[ChromeDriver: chrome on WINDOWS (1779389475f5b1b6a39a0869e4513b02)] -> xpath: //button[contains(text(),'Logout')]]
verify tab[[ChromeDriver: chrome on WINDOWS (1779389475f5b1b6a39a0869e4513b02)] -> xpath: //button[contains(text(),'Logout')]]
verify tab[[ChromeDriver: chrome on WINDOWS (1779389475f5b1b6a39a0869e4513b02)] -> xpath: //button[contains(text(),'Logout')]]
verify tab[[ChromeDriver: chrome on WINDOWS (1779389475f5b1b6a39a0869e4513b02)] -> xpath: //button[contains(text(),'Logout')]]
verify tab[[ChromeDriver: chrome on WINDOWS (1779389475f5b1b6a39a0869e4513b02)] -> xpath: //button[contains(text(),'Logout')]]
verify tab[[ChromeDriver: chrome on WINDOWS (1779389475f5b1b6a39a0869e4513b02)] -> xpath: //button[contains(text(),'Logout')]]
verify tab[[ChromeDriver: chrome on WINDOWS (1779389475f5b1b6a39a0869e4513b02)] -> xpath: //button[contains(text(),'Logout')]]
verify tab[[ChromeDriver: chrome on WINDOWS (1779389475f5b1b6a39a0869e4513b02)] -> xpath: //button[contains(text(),'Logout')]]
verify tab[[ChromeDriver: chrome on WINDOWS (1779389475f5b1b6a39a0869e4513b02)] -> xpath: //button[contains(text(),'Logout')]]
verify tab[[ChromeDriver: chrome on WINDOWS (1779389475f5b1b6a39a0869e4513b02)] -> xpath: //button[contains(text(),'Logout')]]
Click to see screenshot
<a target = "_blank" href=C:\Users\Manisha\IdeaProjects\testng-xyz-bank-project-hw-week-15/test-output/html/customerShouldLoginAndLogoutSuccessfullyTue_Dec_13_19_38_25_GMT_2022.jpg>Screenshot</a>
<br>
<br>
<a target = "_blank" href=C:\Users\Manisha\IdeaProjects\testng-xyz-bank-project-hw-week-15/test-output/html/customerShouldLoginAndLogoutSuccessfullyTue_Dec_13_19_38_25_GMT_2022.jpg><img src=C:\Users\Manisha\IdeaProjects\testng-xyz-bank-project-hw-week-15/test-output/html/customerShouldLoginAndLogoutSuccessfullyTue_Dec_13_19_38_25_GMT_2022.jpg height=200 width=200></img></a>]]>
  </system-out>
  <testcase name="bankManagerShouldAddCustomerSuccessfully" time="20.221" classname="com.bank.testsuite.BankTest"/>
  <system-out>
    <![CDATA[click on button[[ChromeDriver: chrome on WINDOWS (da664960d88ef8e941e429497dead6f6)] -> xpath: //button[contains(text(),'Bank Manager Login')]]
click on customer tab[[ChromeDriver: chrome on WINDOWS (da664960d88ef8e941e429497dead6f6)] -> xpath: //button[@class='btn btn-lg tab btn-primary']]
enter first name[[ChromeDriver: chrome on WINDOWS (da664960d88ef8e941e429497dead6f6)] -> xpath: //input[@placeholder='First Name']]
enter last name[[ChromeDriver: chrome on WINDOWS (da664960d88ef8e941e429497dead6f6)] -> xpath: //input[@placeholder='Last Name']]
click on customer tab[[ChromeDriver: chrome on WINDOWS (da664960d88ef8e941e429497dead6f6)] -> xpath: //button[@type='submit']]]]>
  </system-out>
  <testcase name="bankManagerShouldOpenAccountSuccessfully" time="4.559" classname="com.bank.testsuite.BankTest"/>
  <system-out>
    <![CDATA[click on button[[ChromeDriver: chrome on WINDOWS (f2aba77623e5afc1f8aa38478ee7b966)] -> xpath: //button[contains(text(),'Bank Manager Login')]]
click on open account[[ChromeDriver: chrome on WINDOWS (f2aba77623e5afc1f8aa38478ee7b966)] -> xpath: //button[normalize-space()='Open Account']]
search and select customer[[ChromeDriver: chrome on WINDOWS (f2aba77623e5afc1f8aa38478ee7b966)] -> id: userSelect]
select currency in pound[[ChromeDriver: chrome on WINDOWS (f2aba77623e5afc1f8aa38478ee7b966)] -> id: currency]
click on process button[[ChromeDriver: chrome on WINDOWS (f2aba77623e5afc1f8aa38478ee7b966)] -> xpath: //button[contains(text(),'Process')]]]]>
  </system-out>
  <testcase name="customerShouldDepositMoneySuccessfully" time="3.882" classname="com.bank.testsuite.BankTest">
    <error type="org.openqa.selenium.support.ui.UnexpectedTagNameException" message="Element should have been &quot;select&quot; but was &quot;option&quot;
Build info: version: &#039;4.6.0&#039;, revision: &#039;79f1c02ae20&#039;
System info: os.name: &#039;Windows 10&#039;, os.arch: &#039;amd64&#039;, os.version: &#039;10.0&#039;, java.version: &#039;1.8.0_121&#039;
Driver info: driver.version: unknown">
      <![CDATA[org.openqa.selenium.support.ui.UnexpectedTagNameException: Element should have been "select" but was "option"
Build info: version: '4.6.0', revision: '79f1c02ae20'
System info: os.name: 'Windows 10', os.arch: 'amd64', os.version: '10.0', java.version: '1.8.0_121'
Driver info: driver.version: unknown
at org.openqa.selenium.support.ui.Select.<init>(Select.java:49)
at com.bank.utility.UtilityClass.selectByVisibleTextFromDropDown(UtilityClass.java:146)
at com.bank.pages.CustomerLoginPage.selectYourNameFromDropDown(CustomerLoginPage.java:34)
at com.bank.testsuite.BankTest.customerShouldDepositMoneySuccessfully(BankTest.java:72)
at sun.reflect.NativeMethodAccessorImpl.invoke0(Native Method)
at sun.reflect.NativeMethodAccessorImpl.invoke(NativeMethodAccessorImpl.java:62)
at sun.reflect.DelegatingMethodAccessorImpl.invoke(DelegatingMethodAccessorImpl.java:43)
at java.lang.reflect.Method.invoke(Method.java:498)
at org.testng.internal.invokers.MethodInvocationHelper.invokeMethod(MethodInvocationHelper.java:135)
at org.testng.internal.invokers.TestInvoker.invokeMethod(TestInvoker.java:673)
at org.testng.internal.invokers.TestInvoker.invokeTestMethod(TestInvoker.java:220)
at org.testng.internal.invokers.MethodRunner.runInSequence(MethodRunner.java:50)
at org.testng.internal.invokers.TestInvoker$MethodInvocationAgent.invoke(TestInvoker.java:945)
at org.testng.internal.invokers.TestInvoker.invokeTestMethods(TestInvoker.java:193)
at org.testng.internal.invokers.TestMethodWorker.invokeTestMethods(TestMethodWorker.java:146)
at org.testng.internal.invokers.TestMethodWorker.run(TestMethodWorker.java:128)
at java.util.ArrayList.forEach(ArrayList.java:1249)
at org.testng.TestRunner.privateRun(TestRunner.java:808)
at org.testng.TestRunner.run(TestRunner.java:603)
at org.testng.SuiteRunner.runTest(SuiteRunner.java:429)
at org.testng.SuiteRunner.runSequentially(SuiteRunner.java:423)
at org.testng.SuiteRunner.privateRun(SuiteRunner.java:383)
at org.testng.SuiteRunner.run(SuiteRunner.java:326)
at org.testng.SuiteRunnerWorker.runSuite(SuiteRunnerWorker.java:52)
at org.testng.SuiteRunnerWorker.run(SuiteRunnerWorker.java:95)
at org.testng.TestNG.runSuitesSequentially(TestNG.java:1249)
at org.testng.TestNG.runSuitesLocally(TestNG.java:1169)
at org.testng.TestNG.runSuites(TestNG.java:1092)
at org.testng.TestNG.run(TestNG.java:1060)
at com.intellij.rt.testng.IDEARemoteTestNG.run(IDEARemoteTestNG.java:66)
at com.intellij.rt.testng.RemoteTestNGStarter.main(RemoteTestNGStarter.java:109)
]]>
    </error>
  </testcase> <!-- customerShouldDepositMoneySuccessfully -->
  <system-out>
    <![CDATA[click on customer login[[ChromeDriver: chrome on WINDOWS (e70447be6c00f41176623a875803d711)] -> xpath: //button[normalize-space()='Customer Login']]
user should click on name[[ChromeDriver: chrome on WINDOWS (e70447be6c00f41176623a875803d711)] -> xpath: //select[@id='userSelect']]
select your name[[ChromeDriver: chrome on WINDOWS (e70447be6c00f41176623a875803d711)] -> xpath: //select[@id='userSelect']/child::*]
Click to see screenshot
<a target = "_blank" href=C:\Users\Manisha\IdeaProjects\testng-xyz-bank-project-hw-week-15/test-output/html/customerShouldDepositMoneySuccessfullyTue_Dec_13_19_38_17_GMT_2022.jpg>Screenshot</a>
<br>
<br>
<a target = "_blank" href=C:\Users\Manisha\IdeaProjects\testng-xyz-bank-project-hw-week-15/test-output/html/customerShouldDepositMoneySuccessfullyTue_Dec_13_19_38_17_GMT_2022.jpg><img src=C:\Users\Manisha\IdeaProjects\testng-xyz-bank-project-hw-week-15/test-output/html/customerShouldDepositMoneySuccessfullyTue_Dec_13_19_38_17_GMT_2022.jpg height=200 width=200></img></a>]]>
  </system-out>
  <testcase name="customerShouldWithdrawMoneySuccessfully" time="3.799" classname="com.bank.testsuite.BankTest">
    <error type="org.openqa.selenium.support.ui.UnexpectedTagNameException" message="Element should have been &quot;select&quot; but was &quot;option&quot;
Build info: version: &#039;4.6.0&#039;, revision: &#039;79f1c02ae20&#039;
System info: os.name: &#039;Windows 10&#039;, os.arch: &#039;amd64&#039;, os.version: &#039;10.0&#039;, java.version: &#039;1.8.0_121&#039;
Driver info: driver.version: unknown">
      <![CDATA[org.openqa.selenium.support.ui.UnexpectedTagNameException: Element should have been "select" but was "option"
Build info: version: '4.6.0', revision: '79f1c02ae20'
System info: os.name: 'Windows 10', os.arch: 'amd64', os.version: '10.0', java.version: '1.8.0_121'
Driver info: driver.version: unknown
at org.openqa.selenium.support.ui.Select.<init>(Select.java:49)
at com.bank.utility.UtilityClass.selectByVisibleTextFromDropDown(UtilityClass.java:146)
at com.bank.pages.CustomerLoginPage.selectYourNameFromDropDown(CustomerLoginPage.java:34)
at com.bank.testsuite.BankTest.customerShouldWithdrawMoneySuccessfully(BankTest.java:86)
at sun.reflect.NativeMethodAccessorImpl.invoke0(Native Method)
at sun.reflect.NativeMethodAccessorImpl.invoke(NativeMethodAccessorImpl.java:62)
at sun.reflect.DelegatingMethodAccessorImpl.invoke(DelegatingMethodAccessorImpl.java:43)
at java.lang.reflect.Method.invoke(Method.java:498)
at org.testng.internal.invokers.MethodInvocationHelper.invokeMethod(MethodInvocationHelper.java:135)
at org.testng.internal.invokers.TestInvoker.invokeMethod(TestInvoker.java:673)
at org.testng.internal.invokers.TestInvoker.invokeTestMethod(TestInvoker.java:220)
at org.testng.internal.invokers.MethodRunner.runInSequence(MethodRunner.java:50)
at org.testng.internal.invokers.TestInvoker$MethodInvocationAgent.invoke(TestInvoker.java:945)
at org.testng.internal.invokers.TestInvoker.invokeTestMethods(TestInvoker.java:193)
at org.testng.internal.invokers.TestMethodWorker.invokeTestMethods(TestMethodWorker.java:146)
at org.testng.internal.invokers.TestMethodWorker.run(TestMethodWorker.java:128)
at java.util.ArrayList.forEach(ArrayList.java:1249)
at org.testng.TestRunner.privateRun(TestRunner.java:808)
at org.testng.TestRunner.run(TestRunner.java:603)
at org.testng.SuiteRunner.runTest(SuiteRunner.java:429)
at org.testng.SuiteRunner.runSequentially(SuiteRunner.java:423)
at org.testng.SuiteRunner.privateRun(SuiteRunner.java:383)
at org.testng.SuiteRunner.run(SuiteRunner.java:326)
at org.testng.SuiteRunnerWorker.runSuite(SuiteRunnerWorker.java:52)
at org.testng.SuiteRunnerWorker.run(SuiteRunnerWorker.java:95)
at org.testng.TestNG.runSuitesSequentially(TestNG.java:1249)
at org.testng.TestNG.runSuitesLocally(TestNG.java:1169)
at org.testng.TestNG.runSuites(TestNG.java:1092)
at org.testng.TestNG.run(TestNG.java:1060)
at com.intellij.rt.testng.IDEARemoteTestNG.run(IDEARemoteTestNG.java:66)
at com.intellij.rt.testng.RemoteTestNGStarter.main(RemoteTestNGStarter.java:109)
]]>
    </error>
  </testcase> <!-- customerShouldWithdrawMoneySuccessfully -->
  <system-out>
    <![CDATA[click on customer login[[ChromeDriver: chrome on WINDOWS (80cbdadad5d25100e76256ba5457f472)] -> xpath: //button[normalize-space()='Customer Login']]
user should click on name[[ChromeDriver: chrome on WINDOWS (80cbdadad5d25100e76256ba5457f472)] -> xpath: //select[@id='userSelect']]
select your name[[ChromeDriver: chrome on WINDOWS (80cbdadad5d25100e76256ba5457f472)] -> xpath: //select[@id='userSelect']/child::*]
Click to see screenshot
<a target = "_blank" href=C:\Users\Manisha\IdeaProjects\testng-xyz-bank-project-hw-week-15/test-output/html/customerShouldWithdrawMoneySuccessfullyTue_Dec_13_19_38_29_GMT_2022.jpg>Screenshot</a>
<br>
<br>
<a target = "_blank" href=C:\Users\Manisha\IdeaProjects\testng-xyz-bank-project-hw-week-15/test-output/html/customerShouldWithdrawMoneySuccessfullyTue_Dec_13_19_38_29_GMT_2022.jpg><img src=C:\Users\Manisha\IdeaProjects\testng-xyz-bank-project-hw-week-15/test-output/html/customerShouldWithdrawMoneySuccessfullyTue_Dec_13_19_38_29_GMT_2022.jpg height=200 width=200></img></a>]]>
  </system-out>
</testsuite> <!-- com.bank.testsuite.BankTest -->
